0,s,514
199100000,r,514
199100000,r,514
398800000,r,514
398800000,r,514
398800000,r,514
398800000,r,514
400000000,s,514
400000000,s,514
400000000,s,514
598700000,r,514
598700000,r,514
600000000,s,514
600000000,s,514
600000000,s,514
600000000,s,514
600000000,s,514
789500000,s,514
799400000,r,514
799400000,r,514
799400000,r,514
799400000,r,514
799400000,r,514
799400000,r,514
799400000,r,514
799400000,r,514
799800000,r,514
799800000,r,514
799800000,r,514
799800000,r,514
799800000,r,514
799800000,r,514
799800000,r,514
799800000,r,514
799800000,r,514
799800000,r,514
799800000,r,514
799800000,r,514
799800000,r,514
799800000,r,514
799800000,r,514
799800000,r,514
799800000,r,514
799800000,r,514
799800000,r,514
998100000,r,514
998100000,r,514
998100000,r,514
998100000,r,514
998100000,r,514
998100000,r,514
998100000,r,514
998100000,r,514
998100000,r,514
998100000,r,514
998100000,r,514
998100000,r,514
998100000,r,514
998100000,r,514
998100000,r,514
998100000,r,514
998100000,r,514
998100000,r,514
998100000,r,514
998100000,r,514
998100000,r,514
998100000,r,514
998100000,r,514
998100000,r,514
998100000,r,514
998100000,r,514
998100000,r,514
998100000,r,514
998100000,r,514
998100000,r,514
998100000,r,514
998100000,r,514
998100000,r,514
998100000,r,514
998100000,r,514
998100000,r,514
998100000,r,514
998100000,r,514
998100000,r,514
998100000,r,514
998100000,r,514
998100000,r,514
998100000,r,514
998100000,r,514
998100000,r,514
998100000,r,514
998100000,r,514
998100000,r,514
998100000,r,514
998100000,r,514
998100000,r,514
998100000,r,514
998100000,r,514
1007900000,s,514
1196400000,r,514
1196400000,r,514
1196400000,r,514
1196400000,r,514
1196400000,r,514
1196500000,r,514
1196500000,r,514
1196500000,r,514
1196500000,r,514
1196500000,r,514
1196500000,r,514
1196500000,r,514
1196500000,r,514
1196500000,r,514
1196500000,r,514
1196500000,r,514
1196500000,r,514
1196500000,r,514
1196500000,r,514
1196500000,r,514
1196500000,r,514
1196500000,r,514
1196500000,r,514
1196500000,r,514
1196500000,r,514
1196500000,r,514
1196500000,r,514
1196500000,r,514
1196500000,r,514
1196500000,r,514
1196500000,r,514
1196500000,r,514
1196500000,r,514
1196500000,r,514
1196500000,r,514
1196500000,r,514
1196500000,r,514
1196500000,r,514
1196500000,r,514
1196500000,r,514
1196500000,r,514
1196500000,r,514
1196500000,r,514
1196500000,r,514
1196500000,r,514
1196500000,r,514
1196500000,r,514
1196500000,r,514
1196500000,r,514
1196500000,r,514
1196500000,r,514
1196500000,r,514
1196500000,r,514
1196500000,r,514
1196500000,r,514
1196500000,r,514
1196500000,r,514
1196500000,r,514
1196600000,r,514
1196600000,r,514
1196600000,r,514
1196600000,r,514
1196600000,r,514
1196600000,r,514
1196600000,r,514
1196600000,r,514
1196600000,r,514
1196600000,r,514
1196600000,r,514
1196600000,r,514
1196600000,r,514
1196600000,r,514
1196600000,r,514
1196600000,r,514
1196600000,r,514
1196600000,r,514
1196600000,r,514
1196600000,r,514
1196600000,r,514
1196600000,r,514
1196700000,r,514
1196700000,r,514
1196700000,r,514
1196700000,r,514
1196700000,r,514
1196700000,r,514
1196700000,r,514
1196700000,r,514
1196700000,r,514
1196700000,r,514
1196700000,r,514
1196700000,r,514
1196700000,r,514
1196700000,r,514
1196700000,r,514
1196700000,r,514
1196700000,r,514
1196700000,r,514
1196700000,r,514
1196700000,r,514
1196700000,r,514
1196700000,r,514
1196700000,r,514
1196700000,r,514
1196700000,r,514
1196700000,r,514
1196700000,r,514
1197200000,s,514
1199000000,s,514
1199000000,s,514
1394500000,r,514
1394500000,r,514
1394500000,r,514
1394500000,r,514
1394500000,r,514
1394500000,r,514
1394500000,r,514
1394500000,r,514
1394500000,r,514
1394500000,r,514
1394500000,r,514
1394600000,r,514
1394600000,r,514
1394600000,r,514
1394600000,r,514
1394600000,r,514
1394600000,r,514
1394600000,r,514
1394600000,r,514
1394600000,r,514
1394600000,r,514
1394600000,r,514
1394600000,r,514
1394600000,r,514
1394600000,r,514
1394600000,r,514
1394600000,r,514
1394600000,r,514
1394600000,r,514
1394600000,r,514
1394600000,r,514
1394600000,r,514
1394600000,r,514
1394600000,r,514
1394600000,r,514
1394600000,r,514
1394600000,r,514
1394600000,r,514
1394600000,r,514
1394600000,r,514
1394600000,r,514
1394600000,r,514
1394600000,r,514
1394600000,r,514
1394600000,r,514
1394600000,r,514
1394600000,r,514
1394600000,r,514
1394600000,r,514
1394600000,r,514
1394600000,r,514
1394600000,r,514
1394600000,r,514
1394600000,r,514
1394600000,r,514
1394600000,r,514
1394600000,r,514
1394600000,r,514
1394600000,r,514
1394600000,r,514
1394600000,r,514
1394600000,r,514
1394600000,r,514
1394600000,r,514
1394600000,r,514
1394600000,r,514
1394600000,r,514
1394600000,r,514
1394600000,r,514
1394600000,r,514
1394600000,r,514
1394600000,r,514
1394700000,r,514
1394700000,r,514
1394700000,r,514
1394700000,r,514
1394700000,r,514
1394700000,r,514
1394700000,r,514
1394700000,r,514
1394700000,r,514
1394700000,r,514
1394700000,r,514
1394700000,r,514
1394700000,r,514
1394900000,r,514
1394900000,r,514
1394900000,r,514
1394900000,r,514
1394900000,r,514
1394900000,r,514
1394900000,r,514
1394900000,r,514
1394900000,r,514
1394900000,r,514
1394900000,r,514
1394900000,r,514
1394900000,r,514
1394900000,r,514
1394900000,r,514
1394900000,r,514
1394900000,r,514
1394900000,r,514
1394900000,r,514
1394900000,r,514
1394900000,r,514
1394900000,r,514
1394900000,r,514
1394900000,r,514
1394900000,r,514
1394900000,r,514
1394900000,r,514
1394900000,r,514
1394900000,r,514
1394900000,r,514
1394900000,r,514
1394900000,r,514
1394900000,r,514
1394900000,r,514
1394900000,r,514
1394900000,r,514
1394900000,r,514
1394900000,r,514
1394900000,r,514
1394900000,r,514
1394900000,r,514
1394900000,r,514
1394900000,r,514
1394900000,r,514
1394900000,r,514
1394900000,r,514
1394900000,r,514
1394900000,r,514
1394900000,r,514
1394900000,r,514
1394900000,r,514
1394900000,r,514
1394900000,r,514
1394900000,r,514
1394900000,r,514
1394900000,r,514
1394900000,r,514
1394900000,r,514
1394900000,r,514
1394900000,r,514
1394900000,r,514
1395100000,r,514
1395100000,r,514
1395100000,r,514
1395100000,r,514
1395100000,r,514
1395100000,r,514
1395100000,r,514
1395100000,r,514
1395100000,r,514
1395100000,r,514
1395100000,r,514
1395100000,r,514
1395100000,r,514
1395100000,r,514
1395100000,r,514
1395100000,r,514
1395100000,r,514
1395100000,r,514
1395100000,r,514
1395100000,r,514
1395100000,r,514
1395100000,r,514
1395100000,r,514
1395100000,r,514
1395100000,r,514
1395100000,r,514
1395100000,r,514
1395100000,r,514
1395100000,r,514
1395100000,r,514
1395100000,r,514
1395100000,r,514
1395100000,r,514
1395100000,r,514
1395100000,r,514
1395100000,r,514
1395100000,r,514
1395100000,r,514
1395100000,r,514
1395100000,r,514
1395100000,r,514
1395100000,r,514
1395100000,r,514
1395100000,r,514
1395100000,r,514
1395100000,r,514
1395100000,r,514
1395100000,r,514
1395100000,r,514
1395100000,r,514
1395100000,r,514
1395100000,r,514
1395100000,r,514
1395100000,r,514
1395300000,s,514
1595300000,s,514
1595300000,s,514
1595300000,s,514
1595300000,s,514
1595300000,s,514
1595300000,s,514
1595300000,s,514
1778900000,s,514
1920600000,r,514
1977100000,r,514
1978000000,s,514
2466000000,r,514
2466800000,s,514
2683900000,s,514
2782000000,s,514
2831600000,r,514
2939400000,r,514
2940200000,s,514
2980600000,r,514
2981400000,s,514
3015100000,r,514
3017600000,s,514
3017600000,s,514
3058900000,s,514
3134000000,s,514
3341800000,r,514
3387800000,r,514
3387800000,r,514
3387800000,r,514
3387800000,r,514
3387800000,r,514
3387800000,r,514
3387800000,r,514
3472800000,r,514
3472800000,r,514
3472800000,r,514
3472800000,r,514
3472800000,r,514
3476400000,s,514
3477100000,r,514
3495700000,s,514
3495700000,s,514
3566600000,r,514
3568500000,s,514
3568500000,s,514
3720000000,s,514
3784000000,s,514
3804300000,r,514
3804300000,r,514
3833600000,r,514
3834400000,s,514
3982400000,r,514
3983200000,s,514
4033900000,r,514
4035700000,s,514
4035700000,s,514
4135799999,r,514
4135799999,r,514
4135799999,r,514
4135799999,r,514
4135799999,r,514
4135799999,r,514
4135799999,r,514
4147000000,r,514
4149600000,s,514
4151200000,s,514
4171599999,r,514
4189000000,r,514
4189000000,r,514
4189000000,r,514
4189000000,r,514
4189000000,r,514
4189000000,r,514
4191900000,s,514
4223700000,r,514
4223700000,r,514
4223700000,r,514
4223700000,r,514
4223700000,r,514
4223700000,r,514
4223700000,r,514
4227999999,r,514
4227999999,r,514
4229300000,s,514
4271000000,s,514
4348900000,r,514
4348900000,r,514
4348900000,r,514
4381200000,r,514
4382000000,s,514
4448100000,r,514
4448100000,r,514
4448100000,r,514
4448100000,r,514
4448100000,r,514
4451800000,s,514
4473400000,r,514
4473800000,s,514
4563700000,r,514
4563700000,r,514
4563700000,r,514
4563700000,r,514
4563700000,r,514
4563700000,r,514
4563700000,r,514
4569400000,r,514
4569400000,r,514
4569400000,r,514
4569400000,r,514
4569400000,r,514
4650900000,r,514
4650900000,r,514
4673500000,r,514
4740400000,r,514
4740400000,r,514
4740400000,r,514
4788500000,s,514
4867100000,r,514
4867800000,s,514
4934800000,r,514
4987100000,r,514
4987700000,s,514
5269500000,r,514
5269500000,r,514
5274400000,s,514
5282500000,s,514
5311000000,r,514
5311800000,s,514
5603800000,r,514
5684300000,r,514
5684300000,r,514
5686700000,s,514
5691400000,s,514
5777200000,r,514
5783000000,s,514
5785300000,s,514
5785300000,s,514
5982600000,r,514
5983100000,s,514
6003300000,r,514
6003800000,s,514
6097200000,r,514
6111500000,r,514
6111500000,r,514
6111500000,r,514
6111500000,r,514
6111500000,r,514
6111500000,r,514
6111500000,r,514
6185600000,r,514
6189400000,r,514
6189400000,r,514
6189900000,s,514
6199500000,r,514
6199500000,r,514
6199500000,r,514
6199500000,r,514
6201500000,s,514
6203500000,s,514
6341400000,s,514
6553400000,r,514
6644400000,r,514
6644400000,r,514
6645000000,s,514
6660600000,s,514
6691800000,r,514
6692500000,s,514
6739700000,r,514
6741300000,s,514
6741300000,s,514
6782700000,s,514
6981100000,r,514
6981700000,s,514
7028800000,r,514
7053300000,r,514
7055300000,s,514
7055300000,s,514
7104400000,r,514
7104400000,r,514
7104400000,r,514
7104400000,r,514
7104400000,r,514
7104400000,r,514
7104400000,r,514
7107800000,s,514
7381500000,r,514
7381500000,r,514
7381500000,r,514
7381500000,r,514
7381500000,r,514
7381500000,r,514
7385000000,s,514
7387900000,s,514
7475900000,r,514
7476600000,s,514
7718000000,r,514
7718600000,s,514
7807400000,r,514
7819900000,r,514
7819900000,r,514
7819900000,r,514
7819900000,r,514
7819900000,r,514
7819900000,r,514
7819900000,r,514
7821700000,r,514
7821700000,r,514
7823900000,r,514
7823900000,r,514
7823900000,r,514
7823900000,r,514
7823900000,r,514
7823900000,r,514
7823900000,r,514
7823900000,r,514
7824000000,s,514
7827800000,s,514
7832500000,r,514
7832500000,r,514
7832500000,r,514
7832500000,r,514
7832500000,r,514
7832500000,r,514
7832500000,r,514
7832700000,s,514
7835100000,r,514
7835100000,r,514
7907300000,r,514
7907300000,r,514
7907300000,r,514
7907300000,r,514
7907300000,r,514
7907300000,r,514
7907300000,r,514
7911600000,r,514
7911600000,r,514
7911600000,r,514
7911600000,r,514
7911600000,r,514
7911600000,r,514
7911600000,r,514
7911600000,r,514
7911600000,r,514
7911600000,r,514
7911600000,r,514
7911600000,r,514
7911600000,r,514
7911600000,r,514
7911600000,r,514
7911600000,r,514
7911600000,r,514
7911600000,r,514
7911600000,r,514
7911600000,r,514
7911600000,r,514
7911600000,r,514
7911600000,r,514
7912000000,s,514
7912500000,r,514
7912500000,r,514
7912500000,r,514
7912500000,r,514
7915500000,r,514
7915500000,r,514
7915500000,r,514
7915500000,r,514
7915500000,r,514
7915500000,r,514
7915500000,r,514
7915500000,r,514
7921300000,r,514
7921300000,r,514
7921300000,r,514
7921300000,r,514
7921300000,r,514
7921300000,r,514
7921300000,r,514
7921300000,r,514
7924000000,r,514
7948600000,r,514
7949100000,s,514
7991100000,r,514
7991100000,r,514
7991100000,r,514
7991100000,r,514
7991100000,r,514
7991100000,r,514
7991100000,r,514
8022200000,r,514
8022200000,r,514
8022200000,r,514
8022200000,r,514
8022200000,r,514
8022200000,r,514
8022200000,r,514
8022200000,r,514
8022200000,r,514
8022200000,r,514
8022200000,r,514
8022200000,r,514
8022200000,r,514
8022200000,r,514
8022200000,r,514
8022200000,r,514
8022200000,r,514
8022200000,r,514
8022200000,r,514
8022200000,r,514
8022200000,r,514
8022200000,r,514
8022200000,r,514
8022200000,r,514
8022200000,r,514
8022200000,r,514
8022200000,r,514
8022200000,r,514
8022200000,r,514
8022200000,r,514
8022200000,r,514
8022200000,r,514
8022200000,r,514
8022200000,r,514
8022200000,r,514
8022200000,r,514
8022200000,r,514
8022200000,r,514
8022200000,r,514
8022200000,r,514
8022200000,r,514
8022200000,r,514
8022200000,r,514
8022200000,r,514
8022200000,r,514
8022200000,r,514
8022200000,r,514
8022200000,r,514
8022700000,s,514
8022700000,s,514
8031000000,r,514
8031000000,r,514
8031000000,r,514
8031000000,r,514
8031000000,r,514
8031000000,r,514
8031000000,r,514
8031000000,r,514
8031000000,r,514
8031000000,r,514
8031000000,r,514
8031000000,r,514
8031000000,r,514
8031000000,r,514
8031000000,r,514
8031000000,r,514
8031300000,s,514
8076800000,r,514
8076800000,r,514
8076800000,r,514
8076800000,r,514
8076800000,r,514
8105300000,r,514
8105300000,r,514
8105300000,r,514
8105300000,r,514
8105300000,r,514
8105300000,r,514
8105300000,r,514
8105300000,r,514
8105300000,r,514
8105300000,r,514
8105300000,r,514
8105300000,r,514
8105300000,r,514
8105300000,r,514
8105300000,r,514
8105300000,r,514
8109999999,r,514
8109999999,r,514
8109999999,r,514
8109999999,r,514
8109999999,r,514
8174200000,r,514
8174899999,s,514
8280400000,r,514
8322900000,r,514
8386799999,r,514
8386799999,r,514
8386799999,r,514
8386799999,r,514
8386799999,r,514
8386799999,r,514
8386799999,r,514
8427199999,r,514
8427199999,r,514
8427199999,r,514
8427199999,r,514
8427199999,r,514
8427199999,r,514
8427199999,r,514
8427199999,r,514
8427199999,r,514
8427199999,r,514
8427199999,r,514
8427199999,r,514
8427199999,r,514
8427199999,r,514
8427199999,r,514
8427199999,r,514
8427199999,r,514
8427199999,r,514
8483400000,r,514
8483400000,r,514
8483400000,r,514
8483400000,r,514
8483400000,r,514
8483400000,r,514
8483400000,r,514
8492100000,r,514
8492100000,r,514
8492100000,r,514
8492100000,r,514
8492100000,r,514
8492100000,r,514
8492100000,r,514
8492100000,r,514
8492400000,s,514
8495300000,r,514
8495300000,r,514
8495300000,r,514
8495300000,r,514
8495300000,r,514
8495300000,r,514
8495300000,r,514
8495300000,r,514
8495300000,r,514
8495300000,r,514
8495300000,r,514
8495300000,r,514
8495300000,r,514
8495300000,r,514
8495300000,r,514
8539400000,r,514
8539400000,r,514
8539400000,r,514
8539400000,r,514
8539400000,r,514
8539400000,r,514
8539400000,r,514
8539400000,r,514
8539400000,r,514
8539400000,r,514
8539400000,r,514
8539400000,r,514
8539400000,r,514
8539400000,r,514
8539400000,r,514
8539400000,r,514
8539400000,r,514
8539400000,r,514
8539400000,r,514
8539400000,r,514
8539400000,r,514
8539400000,r,514
8539400000,r,514
8587199999,r,514
8587199999,r,514
8587199999,r,514
8587199999,r,514
8587199999,r,514
8587199999,r,514
8587199999,r,514
8587199999,r,514
8587199999,r,514
8587199999,r,514
8587199999,r,514
8587199999,r,514
8587199999,r,514
8587199999,r,514
8587199999,r,514
8587600000,s,514
8587600000,s,514
8631200000,r,514
8631200000,r,514
8631200000,r,514
8631200000,r,514
8631200000,r,514
8631200000,r,514
8631200000,r,514
8631200000,r,514
8631200000,r,514
8631200000,r,514
8631200000,r,514
8631200000,r,514
8631200000,r,514
8631200000,r,514
8631200000,r,514
8631200000,r,514
8631200000,r,514
8631200000,r,514
8631200000,r,514
8631200000,r,514
8631200000,r,514
8631200000,r,514
8631200000,r,514
8631200000,r,514
8631200000,r,514
8631200000,r,514
8631200000,r,514
8631200000,r,514
8631200000,r,514
8631200000,r,514
8632200000,s,514
8714400000,s,514
8715000000,s,514
8719400000,s,514
8719400000,s,514
8719400000,s,514
8733200000,s,514
8735400000,s,514
8735400000,s,514
8735400000,s,514
8735400000,s,514
9073200000,r,514
9073200000,r,514
9074800000,s,514
9074800000,s,514
9076400000,s,514
9076400000,s,514
9108900000,r,514
9111200000,s,514
9111200000,s,514
9128800000,r,514
9128800000,r,514
9128800000,r,514
9130400000,s,514
9130400000,s,514
9170900000,s,514
9170900000,s,514
9170900000,s,514
9170900000,s,514
9177000000,r,514
9177000000,r,514
9177000000,r,514
9178900000,s,514
9178900000,s,514
9180800000,s,514
9180800000,s,514
9181500000,s,514
9181500000,s,514
9193200000,r,514
9193200000,r,514
9193200000,r,514
9193200000,r,514
9193200000,r,514
9193200000,r,514
9193200000,r,514
9278300000,r,514
9278300000,r,514
9278300000,r,514
9279600000,s,514
9420500000,r,514
9420500000,r,514
9420500000,r,514
9420500000,r,514
9420500000,r,514
9420500000,r,514
9420500000,r,514
9493300000,r,514
9493300000,r,514
9493300000,r,514
9497900000,r,514
9497900000,r,514
9497900000,r,514
9497900000,r,514
9497900000,r,514
9497900000,r,514
9497900000,r,514
9497900000,r,514
9501200000,s,514
9503000000,s,514
9503000000,s,514
9503000000,s,514
9503000000,s,514
9503000000,s,514
9503000000,s,514
9503000000,s,514
9503000000,s,514
9503000000,s,514
9503000000,s,514
9503000000,s,514
9503000000,s,514
9503000000,s,514
9503000000,s,514
9507200000,s,514
9507200000,s,514
9507200000,s,514
9507200000,s,514
9507200000,s,514
9507200000,s,514
9507200000,s,514
9507200000,s,514
9507200000,s,514
9507200000,s,514
9507200000,s,514
9507200000,s,514
9507200000,s,514
9507200000,s,514
9507200000,s,514
9507200000,s,514
9507200000,s,514
9507200000,s,514
9507200000,s,514
9507200000,s,514
9507200000,s,514
9507200000,s,514
9507200000,s,514
9507200000,s,514
9539300000,r,514
9539300000,r,514
9539300000,r,514
9539300000,r,514
9539300000,r,514
9539300000,r,514
9539300000,r,514
9539300000,r,514
9539300000,r,514
9539300000,r,514
9539300000,r,514
9539300000,r,514
9539300000,r,514
9543500000,s,514
9583300000,r,514
9583300000,r,514
9583300000,r,514
9583300000,r,514
9583300000,r,514
9583300000,r,514
9583300000,r,514
9583300000,r,514
9583300000,r,514
9583300000,r,514
9583300000,r,514
9583300000,r,514
9583300000,r,514
9583300000,r,514
9583300000,r,514
9583300000,r,514
9583300000,r,514
9583300000,r,514
9583300000,r,514
9583300000,r,514
9583300000,r,514
9583300000,r,514
9583300000,r,514
9583300000,r,514
9583300000,r,514
9583300000,r,514
9583300000,r,514
9583300000,r,514
9583300000,r,514
9583300000,r,514
9583300000,r,514
9583300000,r,514
9583300000,r,514
9583300000,r,514
9583300000,r,514
9583300000,r,514
9583300000,r,514
9583300000,r,514
9583300000,r,514
9583300000,r,514
9583300000,r,514
9583300000,r,514
9583300000,r,514
9583300000,r,514
9583500000,s,514
9583500000,s,514
9583500000,s,514
9583500000,s,514
9626900000,s,514
9626900000,s,514
9626900000,s,514
9626900000,s,514
9626900000,s,514
9626900000,s,514
9626900000,s,514
9626900000,s,514
9626900000,s,514
9626900000,s,514
9626900000,s,514
9626900000,s,514
9627200000,r,514
9627200000,r,514
9627200000,r,514
9627200000,r,514
9627200000,r,514
9627200000,r,514
9627600000,r,514
9627600000,r,514
9627600000,r,514
9632800000,s,514
9658800000,r,514
9658800000,r,514
9746800000,r,514
9746800000,r,514
9746800000,r,514
9781000000,r,514
9781000000,r,514
9781000000,r,514
9781000000,r,514
9781000000,r,514
9781000000,r,514
9781000000,r,514
9850200000,r,514
9850200000,r,514
9850200000,r,514
9852400000,s,514
9853600000,r,514
9855100000,s,514
9855100000,s,514
9883600000,r,514
9883600000,r,514
9883600000,r,514
9883600000,r,514
9883600000,r,514
9883600000,r,514
9883600000,r,514
9883600000,r,514
9883600000,r,514
9883600000,r,514
9883600000,r,514
9883600000,r,514
9883600000,r,514
9883600000,r,514
9886400000,r,514
9886400000,r,514
9886400000,r,514
9886400000,r,514
9886400000,r,514
9886400000,r,514
9886400000,r,514
9886400000,r,514
9886800000,r,514
9886800000,r,514
9886800000,r,514
9886800000,r,514
9886800000,r,514
9886800000,r,514
9886800000,r,514
9886800000,r,514
9899300000,r,514
9899300000,r,514
9899300000,r,514
9899300000,r,514
9899300000,r,514
9899300000,r,514
9899300000,r,514
9899300000,r,514
9899300000,r,514
9899300000,r,514
9899300000,r,514
9899300000,r,514
9899300000,r,514
9899300000,r,514
9899300000,r,514
9899300000,r,514
9899300000,r,514
9899300000,r,514
9899300000,r,514
9899300000,r,514
9899300000,r,514
9899300000,r,514
9899300000,r,514
9899300000,r,514
9899300000,r,514
9899300000,r,514
9899300000,r,514
9899300000,r,514
9899300000,r,514
9899300000,r,514
9899300000,r,514
9899300000,r,514
9899300000,r,514
9899300000,r,514
9899300000,r,514
9899300000,r,514
9899300000,r,514
9899300000,r,514
9899300000,r,514
9899300000,r,514
9899300000,r,514
9899300000,r,514
9899300000,r,514
9899300000,r,514
9899800000,s,514
9899800000,s,514
9943400000,r,514
9943400000,r,514
9943400000,r,514
9943400000,r,514
9943400000,r,514
9943400000,r,514
9943400000,r,514
9943400000,r,514
9943400000,r,514
9943400000,r,514
9943400000,r,514
9943400000,r,514
9943400000,r,514
9943400000,r,514
9943400000,r,514
9943400000,r,514
9943400000,r,514
9943400000,r,514
9943400000,r,514
9943400000,r,514
9943400000,r,514
9943400000,r,514
9943400000,r,514
9943400000,r,514
9943400000,r,514
9943400000,r,514
9943400000,r,514
9943400000,r,514
9943400000,r,514
9943400000,r,514
9943400000,r,514
9943400000,r,514
9943400000,r,514
9943400000,r,514
9943400000,r,514
9943400000,r,514
9943400000,r,514
9943400000,r,514
9943400000,r,514
9943400000,r,514
9943400000,r,514
9943400000,r,514
9943400000,r,514
9943400000,r,514
9943400000,r,514
9943400000,r,514
9943400000,r,514
9943400000,r,514
9943400000,r,514
9943400000,r,514
9943400000,r,514
9943400000,r,514
9943400000,r,514
9943400000,r,514
9943400000,r,514
9943400000,r,514
9944200000,s,514
9989100000,r,514
9989100000,r,514
9989100000,r,514
9989100000,r,514
9989100000,r,514
9989100000,r,514
9989100000,r,514
9989100000,r,514
9989100000,r,514
9989100000,r,514
9989100000,r,514
9989100000,r,514
9989100000,r,514
9989100000,r,514
9989100000,r,514
9989100000,r,514
9989100000,r,514
9989100000,r,514
9989100000,r,514
9989100000,r,514
9989100000,r,514
9989100000,r,514
9989100000,r,514
9989500000,s,514
9989500000,s,514
9991500000,r,514
9991500000,r,514
9991500000,r,514
9991500000,r,514
9991500000,r,514
9991500000,r,514
9991500000,r,514
9991500000,r,514
9992800000,r,514
9992800000,r,514
9992800000,r,514
9992800000,r,514
9992800000,r,514
9992800000,r,514
9992800000,r,514
9992800000,r,514
10015600000,r,514
10015600000,r,514
10015600000,r,514
10015600000,r,514
10015600000,r,514
10015600000,r,514
10015600000,r,514
10015600000,r,514
10015600000,r,514
10015600000,r,514
10015600000,r,514
10016100000,r,514
10016100000,r,514
10016100000,r,514
10048000000,r,514
10048000000,r,514
10048000000,r,514
10048000000,r,514
10048000000,r,514
10048000000,r,514
10048000000,r,514
10048000000,r,514
10048000000,r,514
10048000000,r,514
10048000000,r,514
10048400000,s,514
10053300000,r,514
10053300000,r,514
10053300000,r,514
10053300000,r,514
10053300000,r,514
10081700000,r,514
10081700000,r,514
10081700000,r,514
10081700000,r,514
10081700000,r,514
10081700000,r,514
10081700000,r,514
10081700000,r,514
10081700000,r,514
10081700000,r,514
10081700000,r,514
10081700000,r,514
10081700000,r,514
10081700000,r,514
10081700000,r,514
10081700000,r,514
10081700000,r,514
10081700000,r,514
10081700000,r,514
10081700000,r,514
10081700000,r,514
10081700000,r,514
10081700000,r,514
10081700000,r,514
10081700000,r,514
10081700000,r,514
10081700000,r,514
10081700000,r,514
10081700000,r,514
10081700000,r,514
10081700000,r,514
10081700000,r,514
10084700000,r,514
10084700000,r,514
10084700000,r,514
10084700000,r,514
10084700000,r,514
10084700000,r,514
10084700000,r,514
10084700000,r,514
10084700000,r,514
10084700000,r,514
10084700000,r,514
10084700000,r,514
10084700000,r,514
10084700000,r,514
10084700000,r,514
10084700000,r,514
10084700000,r,514
10084700000,r,514
10084700000,r,514
10084700000,r,514
10084700000,r,514
10084700000,r,514
10084700000,r,514
10084700000,r,514
10084700000,r,514
10084700000,r,514
10084700000,r,514
10084700000,r,514
10084700000,r,514
10084700000,r,514
10084700000,r,514
10084700000,r,514
10085000000,s,514
10085000000,s,514
10097900000,r,514
10097900000,r,514
10097900000,r,514
10097900000,r,514
10097900000,r,514
10097900000,r,514
10097900000,r,514
10097900000,r,514
10097900000,r,514
10097900000,r,514
10097900000,r,514
10097900000,r,514
10097900000,r,514
10097900000,r,514
10097900000,r,514
10097900000,r,514
10097900000,r,514
10097900000,r,514
10097900000,r,514
10097900000,r,514
10097900000,r,514
10097900000,r,514
10097900000,r,514
10097900000,r,514
10097900000,r,514
10097900000,r,514
10097900000,r,514
10097900000,r,514
10097900000,r,514
10097900000,r,514
10097900000,r,514
10097900000,r,514
10097900000,r,514
10097900000,r,514
10097900000,r,514
10097900000,r,514
10097900000,r,514
10097900000,r,514
10097900000,r,514
10097900000,r,514
10097900000,r,514
10097900000,r,514
10097900000,r,514
10097900000,r,514
10097900000,r,514
10097900000,r,514
10097900000,r,514
10097900000,r,514
10097900000,r,514
10097900000,r,514
10097900000,r,514
10097900000,r,514
10097900000,r,514
10097900000,r,514
10097900000,r,514
10097900000,r,514
10097900000,r,514
10097900000,r,514
10097900000,r,514
10097900000,r,514
10097900000,r,514
10097900000,r,514
10097900000,r,514
10097900000,r,514
10097900000,r,514
10097900000,r,514
10097900000,r,514
10097900000,r,514
10097900000,r,514
10097900000,r,514
10097900000,r,514
10097900000,r,514
10097900000,r,514
10097900000,r,514
10097900000,r,514
10097900000,r,514
10097900000,r,514
10097900000,r,514
10097900000,r,514
10097900000,r,514
10097900000,r,514
10097900000,r,514
10097900000,r,514
10097900000,r,514
10097900000,r,514
10097900000,r,514
10097900000,r,514
10097900000,r,514
10099200000,s,514
10100000000,r,514
10100000000,r,514
10100000000,r,514
10106600000,s,514
10106600000,s,514
10141600000,r,514
10141600000,r,514
10141600000,r,514
10141600000,r,514
10141600000,r,514
10141600000,r,514
10141600000,r,514
10141600000,r,514
10141600000,r,514
10141600000,r,514
10141600000,r,514
10141600000,r,514
10141600000,r,514
10141600000,r,514
10141600000,r,514
10141600000,r,514
10141600000,r,514
10141600000,r,514
10141600000,r,514
10141600000,r,514
10141600000,r,514
10141600000,r,514
10141600000,r,514
10141600000,r,514
10141600000,r,514
10141600000,r,514
10141600000,r,514
10141600000,r,514
10141600000,r,514
10141600000,r,514
10141600000,r,514
10141600000,r,514
10141600000,r,514
10141600000,r,514
10141600000,r,514
10141600000,r,514
10141600000,r,514
10141600000,r,514
10141600000,r,514
10141600000,r,514
10141600000,r,514
10141600000,r,514
10141600000,r,514
10141700000,r,514
10141700000,r,514
10141700000,r,514
10141700000,r,514
10141700000,r,514
10141700000,r,514
10141700000,r,514
10141700000,r,514
10141700000,r,514
10141700000,r,514
10141700000,r,514
10141700000,r,514
10141700000,r,514
10141700000,r,514
10141700000,r,514
10141700000,r,514
10141700000,r,514
10141700000,r,514
10141700000,r,514
10141700000,r,514
10141700000,r,514
10141700000,r,514
10141700000,r,514
10141700000,r,514
10141700000,r,514
10141700000,r,514
10141700000,r,514
10141700000,r,514
10141700000,r,514
10141700000,r,514
10141700000,r,514
10141700000,r,514
10141700000,r,514
10141700000,r,514
10141700000,r,514
10141700000,r,514
10141700000,r,514
10141700000,r,514
10141700000,r,514
10141700000,r,514
10141700000,r,514
10141700000,r,514
10141700000,r,514
10141700000,r,514
10141700000,r,514
10141700000,r,514
10141700000,r,514
10141700000,r,514
10141800000,r,514
10141800000,r,514
10141800000,r,514
10141800000,r,514
10141800000,r,514
10141800000,r,514
10141800000,r,514
10141800000,r,514
10141800000,r,514
10141800000,r,514
10141800000,r,514
10141800000,r,514
10141800000,r,514
10141800000,r,514
10141800000,r,514
10141800000,r,514
10141800000,r,514
10141800000,r,514
10141800000,r,514
10141800000,r,514
10141800000,r,514
10141800000,r,514
10141800000,r,514
10141800000,r,514
10141800000,r,514
10141800000,r,514
10141800000,r,514
10142400000,s,514
10143800000,s,514
10143800000,s,514
10187000000,r,514
10187000000,r,514
10187000000,r,514
10187000000,r,514
10187000000,r,514
10187000000,r,514
10187000000,r,514
10187000000,r,514
10187000000,r,514
10187000000,r,514
10187000000,r,514
10187000000,r,514
10187000000,r,514
10187100000,r,514
10187100000,r,514
10187100000,r,514
10187100000,r,514
10187100000,r,514
10187100000,r,514
10187100000,r,514
10187100000,r,514
10187100000,r,514
10187100000,r,514
10187100000,r,514
10187100000,r,514
10187100000,r,514
10187100000,r,514
10187100000,r,514
10187100000,r,514
10187100000,r,514
10187100000,r,514
10187100000,r,514
10187100000,r,514
10187100000,r,514
10187100000,r,514
10187100000,r,514
10187100000,r,514
10187100000,r,514
10187100000,r,514
10187100000,r,514
10187100000,r,514
10187100000,r,514
10187100000,r,514
10187100000,r,514
10187100000,r,514
10187100000,r,514
10187100000,r,514
10187100000,r,514
10187600000,s,514
10189300000,r,514
10189300000,r,514
10189300000,r,514
10189300000,r,514
10189300000,r,514
10189300000,r,514
10189300000,r,514
10189300000,r,514
10189300000,r,514
10189300000,r,514
10189300000,r,514
10189300000,r,514
10189300000,r,514
10189300000,r,514
10189300000,r,514
10189300000,r,514
10191900000,s,514
10191900000,s,514
10191900000,s,514
10191900000,s,514
10191900000,s,514
10191900000,s,514
10192200000,r,514
10192200000,r,514
10192200000,r,514
10192200000,r,514
10192200000,r,514
10192200000,r,514
10192200000,r,514
10192200000,r,514
10192200000,r,514
10192200000,r,514
10192200000,r,514
10192200000,r,514
10192200000,r,514
10195800000,s,514
10214000000,r,514
10214000000,r,514
10214000000,r,514
10214000000,r,514
10214000000,r,514
10214000000,r,514
10214000000,r,514
10214000000,r,514
10214000000,r,514
10214000000,r,514
10214000000,r,514
10214000000,r,514
10214000000,r,514
10214000000,r,514
10214000000,r,514
10214000000,r,514
10214000000,r,514
10214000000,r,514
10214000000,r,514
10214000000,r,514
10214000000,r,514
10231000000,r,514
10231000000,r,514
10231000000,r,514
10231400000,s,514
10246300000,r,514
10246300000,r,514
10246300000,r,514
10246300000,r,514
10246300000,r,514
10246300000,r,514
10246300000,r,514
10246300000,r,514
10246300000,r,514
10246300000,r,514
10246300000,r,514
10246300000,r,514
10246300000,r,514
10246300000,r,514
10246300000,r,514
10246300000,r,514
10246300000,r,514
10246300000,r,514
10246300000,r,514
10246300000,r,514
10246300000,r,514
10246300000,r,514
10246300000,r,514
10246300000,r,514
10246300000,r,514
10246300000,r,514
10246300000,r,514
10251100000,r,514
10251100000,r,514
10251100000,r,514
10251100000,r,514
10251100000,r,514
10251100000,r,514
10251100000,r,514
10251100000,r,514
10251100000,r,514
10251100000,r,514
10251100000,r,514
10280200000,r,514
10280200000,r,514
10280200000,r,514
10280200000,r,514
10280200000,r,514
10280200000,r,514
10280200000,r,514
10280200000,r,514
10280200000,r,514
10280200000,r,514
10280200000,r,514
10280200000,r,514
10280200000,r,514
10280200000,r,514
10280200000,r,514
10280200000,r,514
10280200000,r,514
10280200000,r,514
10280200000,r,514
10280200000,r,514
10280200000,r,514
10280200000,r,514
10280200000,r,514
10280200000,r,514
10280200000,r,514
10280200000,r,514
10280200000,r,514
10280200000,r,514
10280200000,r,514
10280200000,r,514
10280200000,r,514
10280200000,r,514
10280200000,r,514
10280200000,r,514
10280200000,r,514
10280200000,r,514
10280200000,r,514
10280200000,r,514
10280200000,r,514
10280200000,r,514
10280200000,r,514
10280200000,r,514
10280200000,r,514
10280200000,r,514
10280200000,r,514
10280200000,r,514
10280200000,r,514
10280200000,r,514
10280200000,r,514
10280200000,r,514
10280200000,r,514
10280200000,r,514
10280200000,r,514
10280200000,r,514
10280200000,r,514
10280200000,r,514
10280200000,r,514
10280200000,r,514
10280200000,r,514
10280200000,r,514
10280200000,r,514
10280300000,r,514
10280300000,r,514
10280300000,r,514
10280600000,s,514
10282700000,r,514
10282700000,r,514
10282700000,r,514
10282700000,r,514
10282700000,r,514
10282700000,r,514
10282700000,r,514
10282700000,r,514
10282700000,r,514
10282700000,r,514
10282700000,r,514
10282700000,r,514
10282700000,r,514
10282700000,r,514
10282700000,r,514
10282700000,r,514
10282700000,r,514
10282700000,r,514
10282700000,r,514
10282700000,r,514
10282700000,r,514
10282700000,r,514
10282700000,r,514
10282700000,r,514
10282700000,r,514
10282700000,r,514
10282700000,r,514
10282700000,r,514
10282700000,r,514
10282700000,r,514
10282700000,r,514
10282700000,r,514
10282700000,r,514
10282700000,r,514
10282700000,r,514
10282700000,r,514
10282700000,r,514
10282700000,r,514
10282700000,r,514
10282700000,r,514
10282700000,r,514
10282700000,r,514
10282700000,r,514
10282700000,r,514
10282700000,r,514
10282700000,r,514
10282700000,r,514
10282700000,r,514
10282700000,r,514
10282700000,r,514
10282700000,r,514
10282700000,r,514
10282700000,r,514
10282700000,r,514
10282700000,r,514
10282700000,r,514
10282700000,r,514
10282700000,r,514
10282700000,r,514
10282700000,r,514
10282700000,r,514
10282700000,r,514
10282700000,r,514
10282700000,r,514
10287200000,s,514
10287200000,s,514
10287200000,s,514
10287200000,s,514
10287200000,s,514
10287200000,s,514
10287200000,s,514
10287200000,s,514
10296000000,r,514
10296000000,r,514
10296000000,r,514
10296000000,r,514
10296000000,r,514
10296000000,r,514
10296000000,r,514
10296000000,r,514
10296000000,r,514
10296000000,r,514
10296000000,r,514
10296000000,r,514
10296000000,r,514
10296000000,r,514
10296000000,r,514
10296000000,r,514
10296000000,r,514
10296000000,r,514
10296000000,r,514
10296000000,r,514
10296000000,r,514
10296000000,r,514
10296000000,r,514
10296000000,r,514
10296000000,r,514
10296000000,r,514
10296000000,r,514
10296000000,r,514
10296000000,r,514
10296000000,r,514
10296000000,r,514
10296000000,r,514
10296000000,r,514
10296000000,r,514
10296000000,r,514
10296000000,r,514
10296000000,r,514
10296000000,r,514
10296000000,r,514
10296000000,r,514
10296000000,r,514
10296000000,r,514
10296000000,r,514
10296000000,r,514
10296000000,r,514
10296000000,r,514
10296000000,r,514
10296000000,r,514
10296000000,r,514
10296000000,r,514
10296000000,r,514
10296000000,r,514
10296000000,r,514
10296000000,r,514
10296000000,r,514
10296000000,r,514
10296000000,r,514
10296000000,r,514
10296000000,r,514
10296000000,r,514
10296000000,r,514
10296100000,r,514
10296100000,r,514
10296100000,r,514
10296100000,r,514
10296100000,r,514
10296100000,r,514
10296100000,r,514
10296100000,r,514
10296100000,r,514
10296100000,r,514
10296100000,r,514
10296100000,r,514
10296100000,r,514
10296100000,r,514
10296100000,r,514
10296100000,r,514
10296100000,r,514
10296100000,r,514
10296100000,r,514
10296100000,r,514
10296100000,r,514
10296100000,r,514
10296100000,r,514
10296100000,r,514
10296100000,r,514
10296100000,r,514
10296100000,r,514
10296100000,r,514
10296100000,r,514
10296100000,r,514
10296100000,r,514
10296100000,r,514
10296100000,r,514
10296100000,r,514
10296100000,r,514
10296100000,r,514
10296100000,r,514
10296100000,r,514
10296100000,r,514
10296100000,r,514
10296100000,r,514
10296100000,r,514
10296100000,r,514
10296100000,r,514
10296100000,r,514
10296100000,r,514
10296100000,r,514
10296100000,r,514
10296100000,r,514
10296100000,r,514
10296100000,r,514
10296100000,r,514
10296100000,r,514
10296100000,r,514
10296100000,r,514
10296100000,r,514
10296100000,r,514
10296100000,r,514
10296100000,r,514
10296100000,r,514
10296100000,r,514
10296200000,r,514
10296200000,r,514
10296200000,r,514
10296200000,r,514
10296200000,r,514
10296200000,r,514
10296200000,r,514
10296200000,r,514
10296200000,r,514
10296200000,r,514
10296200000,r,514
10296200000,r,514
10296200000,r,514
10296200000,r,514
10296200000,r,514
10296200000,r,514
10296200000,r,514
10296200000,r,514
10296200000,r,514
10296200000,r,514
10296200000,r,514
10296200000,r,514
10296200000,r,514
10296200000,r,514
10296200000,r,514
10296200000,r,514
10296200000,r,514
10296200000,r,514
10296200000,r,514
10296200000,r,514
10296200000,r,514
10296200000,r,514
10296200000,r,514
10296200000,r,514
10296200000,r,514
10296200000,r,514
10296200000,r,514
10296200000,r,514
10296200000,r,514
10296200000,r,514
10296200000,r,514
10296200000,r,514
10296200000,r,514
10296200000,r,514
10296200000,r,514
10296200000,r,514
10296200000,r,514
10296200000,r,514
10296200000,r,514
10296200000,r,514
10296200000,r,514
10296200000,r,514
10296200000,r,514
10296200000,r,514
10297000000,s,514
10297000000,s,514
10304600000,r,514
10304600000,r,514
10304600000,r,514
10304600000,r,514
10304600000,r,514
10304700000,s,514
10339600000,r,514
10339600000,r,514
10339600000,r,514
10339600000,r,514
10339600000,r,514
10339600000,r,514
10339600000,r,514
10339600000,r,514
10339600000,r,514
10339600000,r,514
10339600000,r,514
10339600000,r,514
10339600000,r,514
10339800000,s,514
10339800000,s,514
10339800000,s,514
10339800000,s,514
10339800000,s,514
10339800000,s,514
10339800000,s,514
10340500000,r,514
10340500000,r,514
10340500000,r,514
10340500000,r,514
10340500000,r,514
10340600000,r,514
10340600000,r,514
10340600000,r,514
10340600000,r,514
10340600000,r,514
10340600000,r,514
10340600000,r,514
10340600000,r,514
10340600000,r,514
10340600000,r,514
10340600000,r,514
10340700000,r,514
10340700000,r,514
10340700000,r,514
10340700000,r,514
10340700000,r,514
10340700000,r,514
10340700000,r,514
10340700000,r,514
10340700000,r,514
10340700000,r,514
10340700000,r,514
10340800000,s,514
10340800000,s,514
10340900000,r,514
10340900000,r,514
10340900000,r,514
10340900000,r,514
10340900000,r,514
10340900000,r,514
10340900000,r,514
10340900000,r,514
10340900000,r,514
10340900000,r,514
10340900000,r,514
10340900000,r,514
10340900000,r,514
10340900000,r,514
10340900000,r,514
10340900000,r,514
10340900000,r,514
10340900000,r,514
10340900000,r,514
10340900000,r,514
10340900000,r,514
10340900000,r,514
10340900000,r,514
10340900000,r,514
10340900000,r,514
10340900000,r,514
10340900000,r,514
10340900000,r,514
10340900000,r,514
10340900000,r,514
10340900000,r,514
10340900000,r,514
10340900000,r,514
10340900000,r,514
10340900000,r,514
10340900000,r,514
10340900000,r,514
10340900000,r,514
10340900000,r,514
10340900000,r,514
10340900000,r,514
10340900000,r,514
10340900000,r,514
10340900000,r,514
10340900000,r,514
10340900000,r,514
10340900000,r,514
10340900000,r,514
10340900000,r,514
10341300000,s,514
10355500000,r,514
10355500000,r,514
10355500000,r,514
10355500000,r,514
10355500000,r,514
10355500000,r,514
10355500000,r,514
10355500000,r,514
10355700000,s,514
10355700000,s,514
10355700000,s,514
10359400000,r,514
10359400000,r,514
10359400000,r,514
10359400000,r,514
10359400000,r,514
10359400000,r,514
10359400000,r,514
10359400000,r,514
10359600000,r,514
10359600000,r,514
10359600000,r,514
10359600000,r,514
10359600000,r,514
10359600000,r,514
10359600000,r,514
10359600000,r,514
10359700000,s,514
10384900000,s,514
10384900000,s,514
10386200000,r,514
10386200000,r,514
10386200000,r,514
10386300000,r,514
10386300000,r,514
10386300000,r,514
10386300000,r,514
10386300000,r,514
10386300000,r,514
10386300000,r,514
10386300000,r,514
10386400000,r,514
10386400000,r,514
10386400000,r,514
10386400000,r,514
10386400000,r,514
10386400000,r,514
10386400000,r,514
10386400000,r,514
10386400000,r,514
10386400000,r,514
10386400000,r,514
10386400000,r,514
10386400000,r,514
10386400000,r,514
10386400000,r,514
10386400000,r,514
10386400000,r,514
10386400000,r,514
10386400000,r,514
10386400000,r,514
10386400000,r,514
10386400000,r,514
10386400000,r,514
10386400000,r,514
10386400000,r,514
10386400000,r,514
10386400000,r,514
10386400000,r,514
10386400000,r,514
10386400000,r,514
10386400000,r,514
10386400000,r,514
10386400000,r,514
10386400000,r,514
10386400000,r,514
10386400000,r,514
10386400000,r,514
10386400000,r,514
10386400000,r,514
10386400000,r,514
10386400000,r,514
10386400000,r,514
10386400000,r,514
10386400000,r,514
10386400000,r,514
10386400000,r,514
10386400000,r,514
10386400000,r,514
10386400000,r,514
10386400000,r,514
10386400000,r,514
10386400000,r,514
10386400000,r,514
10386400000,r,514
10386400000,r,514
10386400000,r,514
10386400000,r,514
10386400000,r,514
10386400000,r,514
10386400000,r,514
10386400000,r,514
10386500000,r,514
10386500000,r,514
10386500000,r,514
10386500000,r,514
10386500000,r,514
10386500000,r,514
10386500000,r,514
10386500000,r,514
10386500000,r,514
10386500000,r,514
10386500000,r,514
10386500000,r,514
10393700000,r,514
10393700000,r,514
10393700000,r,514
10393700000,r,514
10393800000,s,514
10396100000,s,514
10396100000,s,514
10438900000,s,514
10471800000,r,514
10471800000,r,514
10471800000,r,514
10471800000,r,514
10471800000,r,514
10471800000,r,514
10471800000,r,514
10475100000,s,514
10478800000,r,514
10478800000,r,514
10478800000,r,514
10478800000,r,514
10478800000,r,514
10478800000,r,514
10478800000,r,514
10478800000,r,514
10478800000,r,514
10478800000,r,514
10478800000,r,514
10478800000,r,514
10478800000,r,514
10478800000,r,514
10478800000,r,514
10478800000,r,514
10485100000,r,514
10485100000,r,514
10485100000,r,514
10485100000,r,514
10485100000,r,514
10485100000,r,514
10485100000,r,514
10485100000,r,514
10485100000,r,514
10485100000,r,514
10485100000,r,514
10485100000,r,514
10485100000,r,514
10485100000,r,514
10485100000,r,514
10485100000,r,514
10485100000,r,514
10485100000,r,514
10485100000,r,514
10485100000,r,514
10485100000,r,514
10485100000,r,514
10485100000,r,514
10485100000,r,514
10485200000,r,514
10485200000,r,514
10485200000,r,514
10485300000,r,514
10485300000,r,514
10485300000,r,514
10485300000,r,514
10485300000,r,514
10485300000,r,514
10485300000,r,514
10485300000,r,514
10485300000,r,514
10485300000,r,514
10485300000,r,514
10485300000,r,514
10485300000,r,514
10485300000,r,514
10485300000,r,514
10485300000,r,514
10485300000,r,514
10485300000,r,514
10485300000,r,514
10485300000,r,514
10485300000,r,514
10485300000,r,514
10485300000,r,514
10485300000,r,514
10485300000,r,514
10485300000,r,514
10485300000,r,514
10485300000,r,514
10485300000,r,514
10485300000,r,514
10485300000,r,514
10485300000,r,514
10485300000,r,514
10485300000,r,514
10485300000,r,514
10486300000,s,514
10495100000,r,514
10495100000,r,514
10495100000,r,514
10495100000,r,514
10495100000,r,514
10495100000,r,514
10495100000,r,514
10495100000,r,514
10495500000,s,514
10497900000,r,514
10497900000,r,514
10497900000,r,514
10497900000,r,514
10497900000,r,514
10497900000,r,514
10497900000,r,514
10497900000,r,514
10498200000,s,514
10503600000,r,514
10503600000,r,514
10503600000,r,514
10503600000,r,514
10503600000,r,514
10503600000,r,514
10503600000,r,514
10503600000,r,514
10503600000,r,514
10503600000,r,514
10503600000,r,514
10503600000,r,514
10503600000,r,514
10503600000,r,514
10503600000,r,514
10503600000,r,514
10503600000,r,514
10503600000,r,514
10503600000,r,514
10503600000,r,514
10503600000,r,514
10503600000,r,514
10503600000,r,514
10503600000,r,514
10503600000,r,514
10503600000,r,514
10503600000,r,514
10503600000,r,514
10526900000,r,514
10526900000,r,514
10526900000,r,514
10526900000,r,514
10526900000,r,514
10526900000,r,514
10526900000,r,514
10526900000,r,514
10526900000,r,514
10526900000,r,514
10526900000,r,514
10526900000,r,514
10526900000,r,514
10526900000,r,514
10526900000,r,514
10526900000,r,514
10526900000,r,514
10526900000,r,514
10526900000,r,514
10526900000,r,514
10526900000,r,514
10526900000,r,514
10526900000,r,514
10526900000,r,514
10526900000,r,514
10526900000,r,514
10526900000,r,514
10526900000,r,514
10526900000,r,514
10526900000,r,514
10526900000,r,514
10526900000,r,514
10526900000,r,514
10526900000,r,514
10526900000,r,514
10526900000,r,514
10526900000,r,514
10526900000,r,514
10526900000,r,514
10526900000,r,514
10526900000,r,514
10526900000,r,514
10526900000,r,514
10526900000,r,514
10526900000,r,514
10526900000,r,514
10526900000,r,514
10526900000,r,514
10526900000,r,514
10526900000,r,514
10526900000,r,514
10526900000,r,514
10526900000,r,514
10526900000,r,514
10526900000,r,514
10526900000,r,514
10526900000,r,514
10526900000,r,514
10526900000,r,514
10526900000,r,514
10526900000,r,514
10527000000,r,514
10527000000,r,514
10527000000,r,514
10527000000,r,514
10527000000,r,514
10527000000,r,514
10527000000,r,514
10527000000,r,514
10527000000,r,514
10527000000,r,514
10527000000,r,514
10527000000,r,514
10527000000,r,514
10527000000,r,514
10527000000,r,514
10527000000,r,514
10527000000,r,514
10527000000,r,514
10527000000,r,514
10527000000,r,514
10527000000,r,514
10527000000,r,514
10527000000,r,514
10527000000,r,514
10527000000,r,514
10527000000,r,514
10527000000,r,514
10527000000,r,514
10527000000,r,514
10527000000,r,514
10527000000,r,514
10527000000,r,514
10527000000,r,514
10527000000,r,514
10527000000,r,514
10527000000,r,514
10527000000,r,514
10527000000,r,514
10527000000,r,514
10527000000,r,514
10527000000,r,514
10527000000,r,514
10527000000,r,514
10527000000,r,514
10527000000,r,514
10527000000,r,514
10527000000,r,514
10527000000,r,514
10527000000,r,514
10527000000,r,514
10527000000,r,514
10527000000,r,514
10527000000,r,514
10527000000,r,514
10527000000,r,514
10527000000,r,514
10527000000,r,514
10527000000,r,514
10527000000,r,514
10527000000,r,514
10527000000,r,514
10533400000,s,514
10533400000,s,514
10533400000,s,514
10538100000,r,514
10538100000,r,514
10538100000,r,514
10538100000,r,514
10538100000,r,514
10538100000,r,514
10538100000,r,514
10538100000,r,514
10538100000,r,514
10538100000,r,514
10538100000,r,514
10538100000,r,514
10538100000,r,514
10538100000,r,514
10538100000,r,514
10538100000,r,514
10538100000,r,514
10538100000,r,514
10538100000,r,514
10538100000,r,514
10538100000,r,514
10538100000,r,514
10538100000,r,514
10540200000,s,514
10547100000,r,514
10547100000,r,514
10547100000,r,514
10547100000,r,514
10547100000,r,514
10547100000,r,514
10547100000,r,514
10547100000,r,514
10578700000,r,514
10578700000,r,514
10578700000,r,514
10578700000,r,514
10578700000,r,514
10578700000,r,514
10578700000,r,514
10578700000,r,514
10579200000,s,514
10583400000,r,514
10583400000,r,514
10583400000,r,514
10583400000,r,514
10583400000,r,514
10583400000,r,514
10583400000,r,514
10583400000,r,514
10583400000,r,514
10583400000,r,514
10583400000,r,514
10583400000,r,514
10583400000,r,514
10583400000,r,514
10583400000,r,514
10583400000,r,514
10583400000,r,514
10583400000,r,514
10583400000,r,514
10583400000,r,514
10583400000,r,514
10583400000,r,514
10583400000,r,514
10583400000,r,514
10583400000,r,514
10583400000,r,514
10583400000,r,514
10583400000,r,514
10583400000,r,514
10583400000,r,514
10583400000,r,514
10583400000,r,514
10583400000,r,514
10583400000,r,514
10583400000,r,514
10583400000,r,514
10583400000,r,514
10583400000,r,514
10583400000,r,514
10583400000,r,514
10583400000,r,514
10583400000,r,514
10583400000,r,514
10583400000,r,514
10583400000,r,514
10583400000,r,514
10583400000,r,514
10583400000,r,514
10583400000,r,514
10583400000,r,514
10583400000,r,514
10583400000,r,514
10583400000,r,514
10583400000,r,514
10583400000,r,514
10583400000,r,514
10583400000,r,514
10583400000,r,514
10583400000,r,514
10583400000,r,514
10583400000,r,514
10583500000,r,514
10583500000,r,514
10583500000,r,514
10583500000,r,514
10583500000,r,514
10583500000,r,514
10583500000,r,514
10583500000,r,514
10583500000,r,514
10583500000,r,514
10583500000,r,514
10583500000,r,514
10583500000,r,514
10583500000,r,514
10583500000,r,514
10583500000,r,514
10584600000,s,514
10594700000,r,514
10594700000,r,514
10594700000,r,514
10594700000,r,514
10594700000,r,514
10594700000,r,514
10595100000,s,514
10595100000,s,514
10635100000,r,514
10635100000,r,514
10635100000,r,514
10635100000,r,514
10635100000,r,514
10635200000,r,514
10635200000,r,514
10635200000,r,514
10635300000,s,514
10635300000,s,514
10635300000,s,514
10635300000,s,514
10635300000,s,514
10635300000,s,514
10635300000,s,514
10635600000,s,514
10686100000,r,514
10686100000,r,514
10689300000,s,514
10693700000,r,514
10693800000,s,514
10693800000,s,514
10736900000,r,514
10736900000,r,514
10736900000,r,514
10736900000,r,514
10736900000,r,514
10736900000,r,514
10736900000,r,514
10737600000,s,514
10738600000,r,514
10738600000,r,514
10738600000,r,514
10738600000,r,514
10738600000,r,514
10738600000,r,514
10738600000,r,514
10738600000,r,514
10739800000,r,514
10739800000,r,514
10739800000,r,514
10739800000,r,514
10739800000,r,514
10739800000,r,514
10739800000,r,514
10744200000,r,514
10744200000,r,514
10744200000,r,514
10744200000,r,514
10744200000,r,514
10744200000,r,514
10744200000,r,514
10744200000,r,514
10744200000,r,514
10744200000,r,514
10744200000,r,514
10744200000,r,514
10744200000,r,514
10744200000,r,514
10744200000,r,514
10777500000,r,514
10777500000,r,514
10777500000,r,514
10777500000,r,514
10777500000,r,514
10777500000,r,514
10777500000,r,514
10777500000,r,514
10777500000,r,514
10777500000,r,514
10777500000,r,514
10777500000,r,514
10777500000,r,514
10777500000,r,514
10777500000,r,514
10777500000,r,514
10777500000,r,514
10777500000,r,514
10777500000,r,514
10777500000,r,514
10777500000,r,514
10777500000,r,514
10777500000,r,514
10777500000,r,514
10777500000,r,514
10777500000,r,514
10777500000,r,514
10777500000,r,514
10777500000,r,514
10777500000,r,514
10777500000,r,514
10777500000,r,514
10777500000,r,514
10777500000,r,514
10777500000,r,514
10777500000,r,514
10777500000,r,514
10777500000,r,514
10777500000,r,514
10777500000,r,514
10777500000,r,514
10777500000,r,514
10777500000,r,514
10777500000,r,514
10777500000,r,514
10777500000,r,514
10777500000,r,514
10777500000,r,514
10777500000,r,514
10777500000,r,514
10777500000,r,514
10777500000,r,514
10777500000,r,514
10777500000,r,514
10777500000,r,514
10777500000,r,514
10783300000,s,514
10794500000,r,514
10794600000,s,514
10877800000,r,514
10877800000,r,514
10877800000,r,514
10878300000,s,514
10887100000,r,514
10889700000,s,514
10889700000,s,514
10894600000,r,514
10894600000,r,514
10894600000,r,514
10894600000,r,514
10894600000,r,514
10894600000,r,514
10894600000,r,514
10894800000,s,514
10894900000,s,514
10935000000,r,514
10935000000,r,514
10935000000,r,514
10935000000,r,514
10935000000,r,514
10935000000,r,514
10935000000,r,514
10935000000,r,514
10935000000,r,514
10960200000,r,514
10961100000,s,514
10961100000,s,514
10983500000,r,514
10984200000,s,514
10992700000,r,514
10992700000,r,514
10992700000,r,514
10992800000,s,514
11039100000,s,514
11039100000,s,514
11039300000,r,514
11039300000,r,514
11039300000,r,514
11039300000,r,514
11039300000,r,514
11039300000,r,514
11039300000,r,514
11039300000,r,514
11039300000,r,514
11039300000,r,514
11039300000,r,514
11039300000,r,514
11039300000,r,514
11039300000,r,514
11039300000,r,514
11039300000,r,514
11039300000,r,514
11039300000,r,514
11039300000,r,514
11039300000,r,514
11039300000,r,514
11039300000,r,514
11039300000,r,514
11039300000,r,514
11039300000,r,514
11039300000,r,514
11039300000,r,514
11039300000,r,514
11039300000,r,514
11039300000,r,514
11039300000,r,514
11039300000,r,514
11039300000,r,514
11039300000,r,514
11039300000,r,514
11039300000,r,514
11039300000,r,514
11039300000,r,514
11039300000,r,514
11039300000,r,514
11039300000,r,514
11039300000,r,514
11039300000,r,514
11039300000,r,514
11039300000,r,514
11039300000,r,514
11039300000,r,514
11039300000,r,514
11039300000,r,514
11039300000,r,514
11039300000,r,514
11039300000,r,514
11039300000,r,514
11039300000,r,514
11039300000,r,514
11039300000,r,514
11039300000,r,514
11039300000,r,514
11039300000,r,514
11039300000,r,514
11039300000,r,514
11039400000,r,514
11039400000,r,514
11039400000,r,514
11039400000,r,514
11039400000,r,514
11039400000,r,514
11039400000,r,514
11039400000,r,514
11039400000,r,514
11039400000,r,514
11039400000,r,514
11039400000,r,514
11039400000,r,514
11039400000,r,514
11039400000,r,514
11039400000,r,514
11039400000,r,514
11039400000,r,514
11039400000,r,514
11039400000,r,514
11039400000,r,514
11039400000,r,514
11039400000,r,514
11039400000,r,514
11039400000,r,514
11039400000,r,514
11039400000,r,514
11039400000,r,514
11039400000,r,514
11039400000,r,514
11040700000,s,514
11047500000,r,514
11047500000,r,514
11047500000,r,514
11047500000,r,514
11047500000,r,514
11047500000,r,514
11047500000,r,514
11047500000,r,514
11047500000,r,514
11047500000,r,514
11047500000,r,514
11047500000,r,514
11047500000,r,514
11047500000,r,514
11047500000,r,514
11047500000,r,514
11047500000,r,514
11047500000,r,514
11047500000,r,514
11047500000,r,514
11047500000,r,514
11047500000,r,514
11047500000,r,514
11047500000,r,514
11047500000,r,514
11047500000,r,514
11047500000,r,514
11047500000,r,514
11047500000,r,514
11047500000,r,514
11047500000,r,514
11047500000,r,514
11047500000,r,514
11047500000,r,514
11047500000,r,514
11047500000,r,514
11047500000,r,514
11047500000,r,514
11047500000,r,514
11047500000,r,514
11047500000,r,514
11047500000,r,514
11047500000,r,514
11047500000,r,514
11047500000,r,514
11047500000,r,514
11047500000,r,514
11047500000,r,514
11047500000,r,514
11047500000,r,514
11047500000,r,514
11047500000,r,514
11047500000,r,514
11047500000,r,514
11047500000,r,514
11047500000,r,514
11047500000,r,514
11047500000,r,514
11047500000,r,514
11047500000,r,514
11047500000,r,514
11047600000,r,514
11047600000,r,514
11047600000,r,514
11047600000,r,514
11047600000,r,514
11047600000,r,514
11047600000,r,514
11047600000,r,514
11047600000,r,514
11047600000,r,514
11047600000,r,514
11047600000,r,514
11047600000,r,514
11047600000,r,514
11047600000,r,514
11047600000,r,514
11047600000,r,514
11047600000,r,514
11047600000,r,514
11047600000,r,514
11047600000,r,514
11047600000,r,514
11047600000,r,514
11047600000,r,514
11047600000,r,514
11047600000,r,514
11047600000,r,514
11047600000,r,514
11047600000,r,514
11047600000,r,514
11047600000,r,514
11047600000,r,514
11047600000,r,514
11047600000,r,514
11047600000,r,514
11047600000,r,514
11047600000,r,514
11047600000,r,514
11047600000,r,514
11047600000,r,514
11047600000,r,514
11047600000,r,514
11047600000,r,514
11047600000,r,514
11047600000,r,514
11047600000,r,514
11047600000,r,514
11047600000,r,514
11047600000,r,514
11047600000,r,514
11047600000,r,514
11047600000,r,514
11047600000,r,514
11047600000,r,514
11047600000,r,514
11047600000,r,514
11047600000,r,514
11047600000,r,514
11047600000,r,514
11047600000,r,514
11047600000,r,514
11047700000,r,514
11047700000,r,514
11047700000,r,514
11047700000,r,514
11047700000,r,514
11047700000,r,514
11047700000,r,514
11047700000,r,514
11047700000,r,514
11047700000,r,514
11047700000,r,514
11047700000,r,514
11047700000,r,514
11047700000,r,514
11047700000,r,514
11047700000,r,514
11047700000,r,514
11047700000,r,514
11047700000,r,514
11047700000,r,514
11047700000,r,514
11047700000,r,514
11047700000,r,514
11047700000,r,514
11047700000,r,514
11047700000,r,514
11047700000,r,514
11047700000,r,514
11047700000,r,514
11047700000,r,514
11051500000,s,514
11051500000,s,514
11051500000,s,514
11051500000,s,514
11076800000,r,514
11076800000,r,514
11076800000,r,514
11076800000,r,514
11076800000,r,514
11076800000,r,514
11076800000,r,514
11076800000,r,514
11076800000,r,514
11076800000,r,514
11076800000,r,514
11076800000,r,514
11076800000,r,514
11076800000,r,514
11076800000,r,514
11076800000,r,514
11076800000,r,514
11076800000,r,514
11076800000,r,514
11076800000,r,514
11076800000,r,514
11076800000,r,514
11076800000,r,514
11076800000,r,514
11076800000,r,514
11076800000,r,514
11076800000,r,514
11076800000,r,514
11076800000,r,514
11076800000,r,514
11076800000,r,514
11076800000,r,514
11076900000,r,514
11076900000,r,514
11076900000,r,514
11076900000,r,514
11076900000,r,514
11076900000,r,514
11076900000,r,514
11076900000,r,514
11076900000,r,514
11076900000,r,514
11076900000,r,514
11076900000,r,514
11076900000,r,514
11076900000,r,514
11076900000,r,514
11076900000,r,514
11076900000,r,514
11076900000,r,514
11076900000,r,514
11076900000,r,514
11076900000,r,514
11076900000,r,514
11076900000,r,514
11076900000,r,514
11076900000,r,514
11076900000,r,514
11076900000,r,514
11076900000,r,514
11076900000,r,514
11076900000,r,514
11076900000,r,514
11076900000,r,514
11076900000,r,514
11076900000,r,514
11076900000,r,514
11076900000,r,514
11076900000,r,514
11076900000,r,514
11076900000,r,514
11076900000,r,514
11076900000,r,514
11076900000,r,514
11076900000,r,514
11076900000,r,514
11076900000,r,514
11076900000,r,514
11076900000,r,514
11076900000,r,514
11076900000,r,514
11076900000,r,514
11076900000,r,514
11076900000,r,514
11076900000,r,514
11076900000,r,514
11076900000,r,514
11076900000,r,514
11076900000,r,514
11076900000,r,514
11076900000,r,514
11076900000,r,514
11076900000,r,514
11077000000,r,514
11077000000,r,514
11077000000,r,514
11077000000,r,514
11077000000,r,514
11077000000,r,514
11077000000,r,514
11077000000,r,514
11077000000,r,514
11077000000,r,514
11077000000,r,514
11077000000,r,514
11077000000,r,514
11077000000,r,514
11077000000,r,514
11077000000,r,514
11077000000,r,514
11077000000,r,514
11077000000,r,514
11077000000,r,514
11077000000,r,514
11077000000,r,514
11077000000,r,514
11077000000,r,514
11077000000,r,514
11077000000,r,514
11077000000,r,514
11077100000,s,514
11077100000,s,514
11077100000,s,514
11077100000,s,514
11077500000,s,514
11080100000,s,514
11080100000,s,514
11105600000,r,514
11105600000,r,514
11105600000,r,514
11105600000,r,514
11105600000,r,514
11105600000,r,514
11105600000,r,514
11106200000,s,514
11147000000,r,514
11147000000,r,514
11147000000,r,514
11147500000,s,514
11148200000,r,514
11148200000,r,514
11148200000,r,514
11148200000,r,514
11148200000,r,514
11148200000,r,514
11148200000,r,514
11151000000,r,514
11151000000,r,514
11151000000,r,514
11151000000,r,514
11151000000,r,514
11151000000,r,514
11151000000,r,514
11151000000,r,514
11151000000,r,514
11151000000,r,514
11151000000,r,514
11151000000,r,514
11151000000,r,514
11151000000,r,514
11151000000,r,514
11151900000,s,514
11151900000,s,514
11161300000,r,514
11161300000,r,514
11161300000,r,514
11161300000,r,514
11161300000,r,514
11161300000,r,514
11161300000,r,514
11161300000,r,514
11161300000,r,514
11161300000,r,514
11161300000,r,514
11161300000,r,514
11161300000,r,514
11161300000,r,514
11161300000,r,514
11161300000,r,514
11161300000,r,514
11161300000,r,514
11161300000,r,514
11161300000,r,514
11161300000,r,514
11161300000,r,514
11161300000,r,514
11161300000,r,514
11161300000,r,514
11161300000,r,514
11161300000,r,514
11161300000,r,514
11161300000,r,514
11161300000,r,514
11161300000,r,514
11161300000,r,514
11161300000,r,514
11161300000,r,514
11161300000,r,514
11161300000,r,514
11161300000,r,514
11161300000,r,514
11161300000,r,514
11161300000,r,514
11161900000,s,514
11182600000,r,514
11182600000,r,514
11182600000,r,514
11182600000,r,514
11182600000,r,514
11182600000,r,514
11182600000,r,514
11182600000,r,514
11182600000,r,514
11182600000,r,514
11182600000,r,514
11182600000,r,514
11182600000,r,514
11182600000,r,514
11182600000,r,514
11182600000,r,514
11182600000,r,514
11182600000,r,514
11182600000,r,514
11182600000,r,514
11182600000,r,514
11182600000,r,514
11182600000,r,514
11182600000,r,514
11182600000,r,514
11182600000,r,514
11182600000,r,514
11182600000,r,514
11182600000,r,514
11182600000,r,514
11182600000,r,514
11182600000,r,514
11182600000,r,514
11182600000,r,514
11182600000,r,514
11182600000,r,514
11182600000,r,514
11182600000,r,514
11182600000,r,514
11182600000,r,514
11182600000,r,514
11182600000,r,514
11182600000,r,514
11182600000,r,514
11182600000,r,514
11182600000,r,514
11182600000,r,514
11182600000,r,514
11182600000,r,514
11182600000,r,514
11182600000,r,514
11182600000,r,514
11182600000,r,514
11182700000,r,514
11182700000,r,514
11182700000,r,514
11182700000,r,514
11182700000,r,514
11182700000,r,514
11182700000,r,514
11182700000,r,514
11182700000,r,514
11182700000,r,514
11182700000,r,514
11182700000,r,514
11182700000,r,514
11182700000,r,514
11182700000,r,514
11182700000,r,514
11182700000,r,514
11182700000,r,514
11182700000,r,514
11182700000,r,514
11182700000,r,514
11182700000,r,514
11182700000,r,514
11182700000,r,514
11182700000,r,514
11182700000,r,514
11182700000,r,514
11182700000,r,514
11182700000,r,514
11182700000,r,514
11182700000,r,514
11182700000,r,514
11182700000,r,514
11182700000,r,514
11182700000,r,514
11182700000,r,514
11184400000,s,514
11184400000,s,514
11190700000,r,514
11190700000,r,514
11190700000,r,514
11190700000,r,514
11190700000,r,514
11190800000,s,514
11190800000,s,514
11204500000,r,514
11204500000,r,514
11204500000,r,514
11204500000,r,514
11204500000,r,514
11204500000,r,514
11204500000,r,514
11219300000,r,514
11219300000,r,514
11219300000,r,514
11219300000,r,514
11219300000,r,514
11219300000,r,514
11219300000,r,514
11233300000,r,514
11233300000,r,514
11233300000,r,514
11233300000,r,514
11233300000,r,514
11233300000,r,514
11233300000,r,514
11233300000,r,514
11233300000,r,514
11233300000,r,514
11233300000,r,514
11233300000,r,514
11233300000,r,514
11233300000,r,514
11233300000,r,514
11233300000,r,514
11233300000,r,514
11233300000,r,514
11233300000,r,514
11233300000,r,514
11233300000,r,514
11233300000,r,514
11233300000,r,514
11233300000,r,514
11233300000,r,514
11233300000,r,514
11233300000,r,514
11233300000,r,514
11233300000,r,514
11233300000,r,514
11233300000,r,514
11233300000,r,514
11233300000,r,514
11233300000,r,514
11233300000,r,514
11233300000,r,514
11233300000,r,514
11233300000,r,514
11233300000,r,514
11233300000,r,514
11233300000,r,514
11233300000,r,514
11233300000,r,514
11233300000,r,514
11233300000,r,514
11233300000,r,514
11233300000,r,514
11233300000,r,514
11233400000,r,514
11233400000,r,514
11233400000,r,514
11233400000,r,514
11233400000,r,514
11233400000,r,514
11233400000,r,514
11233400000,r,514
11233400000,r,514
11233400000,r,514
11233400000,r,514
11233400000,r,514
11233400000,r,514
11233400000,r,514
11233400000,r,514
11233400000,r,514
11233400000,r,514
11233400000,r,514
11233400000,r,514
11233400000,r,514
11233400000,r,514
11233400000,r,514
11233400000,r,514
11233400000,r,514
11233400000,r,514
11233400000,r,514
11233400000,r,514
11233400000,r,514
11233800000,s,514
11238600000,r,514
11238600000,r,514
11238600000,r,514
11238600000,r,514
11238600000,r,514
11238600000,r,514
11238600000,r,514
11238600000,r,514
11238700000,s,514
11252200000,r,514
11252200000,r,514
11252300000,s,514
11283200000,r,514
11283200000,r,514
11283200000,r,514
11283200000,r,514
11283200000,r,514
11283400000,s,514
11304600000,r,514
11304600000,r,514
11304600000,r,514
11304600000,r,514
11304600000,r,514
11304600000,r,514
11304600000,r,514
11304700000,s,514
11304700000,s,514
11346900000,s,514
11346900000,s,514
11384400000,r,514
11384400000,r,514
11384400000,r,514
11384400000,r,514
11384400000,r,514
11384400000,r,514
11384400000,r,514
11384400000,r,514
11386700000,s,514
11386700000,s,514
11388800000,r,514
11388800000,r,514
11388800000,r,514
11388800000,r,514
11388800000,r,514
11388800000,r,514
11388800000,r,514
11388800000,r,514
11388800000,r,514
11388800000,r,514
11388800000,r,514
11388800000,r,514
11388800000,r,514
11388800000,r,514
11388800000,r,514
11388800000,r,514
11388800000,r,514
11388800000,r,514
11388800000,r,514
11388800000,r,514
11388800000,r,514
11388800000,r,514
11388800000,r,514
11388800000,r,514
11388800000,r,514
11388800000,r,514
11388800000,r,514
11388800000,r,514
11388800000,r,514
11388800000,r,514
11388800000,r,514
11389100000,s,514
11431200000,r,514
11431200000,r,514
11431200000,r,514
11431200000,r,514
11431200000,r,514
11431200000,r,514
11431200000,r,514
11431200000,r,514
11431200000,r,514
11431200000,r,514
11431200000,r,514
11431200000,r,514
11431200000,r,514
11431200000,r,514
11431200000,r,514
11431200000,r,514
11431200000,r,514
11431200000,r,514
11431200000,r,514
11431200000,r,514
11431200000,r,514
11431200000,r,514
11431200000,r,514
11431200000,r,514
11431200000,r,514
11431200000,r,514
11431200000,r,514
11431200000,r,514
11431200000,r,514
11431200000,r,514
11431200000,r,514
11431200000,r,514
11431200000,r,514
11431200000,r,514
11431200000,r,514
11431200000,r,514
11431200000,r,514
11431200000,r,514
11431200000,r,514
11431200000,r,514
11431200000,r,514
11431200000,r,514
11431200000,r,514
11431200000,r,514
11431200000,r,514
11431200000,r,514
11431200000,r,514
11431200000,r,514
11431200000,r,514
11431200000,r,514
11431200000,r,514
11431200000,r,514
11431200000,r,514
11431200000,r,514
11431200000,r,514
11431200000,r,514
11431200000,r,514
11431200000,r,514
11431200000,r,514
11431200000,r,514
11431200000,r,514
11431700000,r,514
11431700000,r,514
11431700000,r,514
11431700000,r,514
11431700000,r,514
11431700000,r,514
11431700000,r,514
11431700000,r,514
11431700000,r,514
11431700000,r,514
11431700000,r,514
11431700000,r,514
11431700000,r,514
11431700000,r,514
11431700000,r,514
11432100000,s,514
11432400000,r,514
11432400000,r,514
11432400000,r,514
11432400000,r,514
11432400000,r,514
11432400000,r,514
11432400000,r,514
11432400000,r,514
11432400000,r,514
11432400000,r,514
11432400000,r,514
11432400000,r,514
11432400000,r,514
11432400000,r,514
11435200000,s,514
11435200000,s,514
11435200000,s,514
11436800000,r,514
11436800000,r,514
11436800000,r,514
11436800000,r,514
11436800000,r,514
11436800000,r,514
11436800000,r,514
11436800000,r,514
11436900000,r,514
11436900000,r,514
11436900000,r,514
11436900000,r,514
11436900000,r,514
11436900000,r,514
11436900000,r,514
11436900000,r,514
11436900000,r,514
11436900000,r,514
11436900000,r,514
11436900000,r,514
11436900000,r,514
11436900000,r,514
11436900000,r,514
11436900000,r,514
11436900000,r,514
11436900000,r,514
11436900000,r,514
11436900000,r,514
11436900000,r,514
11436900000,r,514
11436900000,r,514
11437200000,s,514
11439000000,s,514
11439000000,s,514
11439000000,s,514
11439000000,s,514
11450200000,r,514
11450200000,r,514
11450200000,r,514
11450200000,r,514
11450200000,r,514
11450200000,r,514
11450200000,r,514
11450200000,r,514
11450200000,r,514
11450200000,r,514
11450200000,r,514
11450200000,r,514
11450200000,r,514
11450200000,r,514
11450200000,r,514
11450200000,r,514
11450200000,r,514
11450200000,r,514
11450200000,r,514
11450200000,r,514
11450200000,r,514
11450300000,r,514
11450300000,r,514
11450300000,r,514
11450300000,r,514
11450300000,r,514
11450300000,r,514
11450300000,r,514
11450300000,r,514
11450300000,r,514
11450300000,r,514
11450300000,r,514
11450300000,r,514
11450300000,r,514
11450300000,r,514
11450300000,r,514
11450300000,r,514
11450300000,r,514
11450300000,r,514
11450300000,r,514
11450300000,r,514
11482900000,r,514
11482900000,r,514
11482900000,r,514
11482900000,r,514
11482900000,r,514
11482900000,r,514
11482900000,r,514
11482900000,r,514
11482900000,r,514
11482900000,r,514
11483300000,s,514
11500800000,r,514
11500800000,r,514
11500800000,r,514
11500800000,r,514
11500800000,r,514
11540400000,s,514
11595600000,r,514
11595600000,r,514
11595600000,r,514
11595600000,r,514
11595600000,r,514
11595600000,r,514
11595600000,r,514
11601300000,r,514
11601300000,r,514
11601300000,r,514
11601300000,r,514
11601300000,r,514
11601300000,r,514
11601300000,r,514
11601300000,r,514
11680000000,r,514
11681600000,s,514
11681600000,s,514
11685800000,r,514
11685800000,r,514
11685800000,r,514
11685800000,r,514
11685800000,r,514
11685800000,r,514
11685800000,r,514
11727500000,r,514
11738600000,r,514
11738600000,r,514
11738600000,r,514
11738600000,r,514
11738600000,r,514
11738600000,r,514
11738600000,r,514
11738600000,r,514
11738600000,r,514
11738600000,r,514
11738600000,r,514
11738600000,r,514
11738600000,r,514
11738600000,r,514
11738600000,r,514
11739000000,s,514
11779300000,r,514
11779300000,r,514
11779300000,r,514
11779300000,r,514
11779300000,r,514
11779300000,r,514
11779300000,r,514
11779300000,r,514
11779300000,r,514
11779300000,r,514
11779300000,r,514
11779300000,r,514
11779300000,r,514
11779300000,r,514
11779300000,r,514
11779300000,r,514
11779300000,r,514
11779300000,r,514
11779300000,r,514
11779300000,r,514
11779300000,r,514
11779300000,r,514
11779300000,r,514
11779300000,r,514
11779300000,r,514
11779300000,r,514
11779300000,r,514
11779300000,r,514
11779300000,r,514
11779300000,r,514
11779300000,r,514
11779300000,r,514
11779300000,r,514
11779300000,r,514
11779300000,r,514
11779300000,r,514
11779300000,r,514
11779300000,r,514
11779300000,r,514
11779300000,r,514
11779300000,r,514
11779300000,r,514
11779300000,r,514
11779300000,r,514
11779300000,r,514
11779300000,r,514
11779300000,r,514
11779300000,r,514
11779300000,r,514
11779300000,r,514
11779300000,r,514
11779300000,r,514
11779300000,r,514
11779300000,r,514
11779300000,r,514
11779300000,r,514
11779300000,r,514
11779300000,r,514
11779300000,r,514
11779300000,r,514
11779300000,r,514
11779400000,r,514
11779400000,r,514
11779400000,r,514
11779400000,r,514
11779400000,r,514
11779400000,r,514
11779400000,r,514
11779400000,r,514
11779400000,r,514
11779400000,r,514
11779400000,r,514
11779400000,r,514
11779400000,r,514
11779400000,r,514
11779400000,r,514
11779400000,r,514
11779400000,r,514
11779400000,r,514
11779400000,r,514
11779400000,r,514
11779400000,r,514
11779400000,r,514
11779400000,r,514
11779400000,r,514
11779400000,r,514
11779400000,r,514
11779400000,r,514
11779400000,r,514
11779400000,r,514
11779400000,r,514
11779400000,r,514
11779400000,r,514
11779400000,r,514
11779700000,s,514
11822900000,s,514
11822900000,s,514
11822900000,s,514
11823200000,r,514
11823200000,r,514
11823200000,r,514
11823200000,r,514
11823200000,r,514
11823200000,r,514
11823200000,r,514
11823200000,r,514
11823200000,r,514
11823200000,r,514
11823200000,r,514
11823200000,r,514
11823200000,r,514
11823200000,r,514
11823200000,r,514
11826700000,s,514
11831900000,s,514
11831900000,s,514
11847400000,r,514
11848000000,r,514
11848000000,r,514
11848000000,r,514
11848000000,r,514
11848000000,r,514
11848000000,r,514
11848000000,r,514
11848000000,r,514
11849700000,s,514
11849700000,s,514
11851600000,r,514
11851600000,r,514
11851600000,r,514
11875500000,r,514
11875500000,r,514
11875500000,r,514
11875500000,r,514
11875500000,r,514
11875500000,r,514
11875500000,r,514
11893300000,r,514
11893300000,r,514
11893300000,r,514
11899300000,s,514
11903200000,s,514
11903200000,s,514
11903200000,s,514
11959500000,r,514
11963700000,s,514
11963700000,s,514
12066400000,r,514
12068200000,s,514
12068200000,s,514
12097700000,r,514
12097700000,r,514
12097700000,r,514
12097700000,r,514
12097700000,r,514
12097700000,r,514
12097700000,r,514
12172000000,r,514
12172000000,r,514
12175300000,s,514
12259600000,r,514
12259600000,r,514
12259600000,r,514
12259600000,r,514
12259600000,r,514
12259600000,r,514
12259600000,r,514
12259600000,r,514
12260700000,s,514
12266900000,r,514
12266900000,r,514
12266900000,r,514
12266900000,r,514
12266900000,r,514
12266900000,r,514
12266900000,r,514
12266900000,r,514
12266900000,r,514
12266900000,r,514
12266900000,r,514
12266900000,r,514
12266900000,r,514
12266900000,r,514
12266900000,r,514
12266900000,r,514
12266900000,r,514
12266900000,r,514
12266900000,r,514
12266900000,r,514
12266900000,r,514
12266900000,r,514
12266900000,r,514
12266900000,r,514
12266900000,r,514
12266900000,r,514
12266900000,r,514
12266900000,r,514
12266900000,r,514
12266900000,r,514
12266900000,r,514
12267300000,s,514
12307400000,r,514
12307400000,r,514
12307400000,r,514
12307400000,r,514
12307400000,r,514
12307400000,r,514
12307400000,r,514
12307400000,r,514
12307400000,r,514
12307400000,r,514
12307400000,r,514
12307400000,r,514
12307400000,r,514
12307400000,r,514
12307400000,r,514
12307400000,r,514
12307400000,r,514
12307400000,r,514
12307400000,r,514
12307400000,r,514
12307400000,r,514
12307400000,r,514
12307400000,r,514
12307400000,r,514
12307400000,r,514
12307400000,r,514
12307400000,r,514
12307400000,r,514
12307400000,r,514
12307400000,r,514
12307400000,r,514
12307400000,r,514
12307400000,r,514
12307400000,r,514
12307400000,r,514
12307400000,r,514
12307400000,r,514
12307400000,r,514
12307400000,r,514
12307400000,r,514
12307400000,r,514
12307400000,r,514
12307400000,r,514
12307400000,r,514
12307400000,r,514
12307400000,r,514
12307400000,r,514
12307400000,r,514
12307400000,r,514
12307400000,r,514
12307400000,r,514
12307400000,r,514
12307400000,r,514
12307400000,r,514
12307400000,r,514
12308000000,s,514
12350900000,s,514
12350900000,s,514
12350900000,s,514
12351000000,r,514
12351000000,r,514
12351000000,r,514
12351000000,r,514
12351000000,r,514
12351300000,s,514
12379100000,r,514
12379100000,r,514
12395300000,s,514
12425300000,r,514
12426100000,s,514
12426100000,s,514
12466900000,s,514
12466900000,s,514
12466900000,s,514
12515200000,r,514
12515200000,r,514
12515200000,r,514
12515200000,r,514
12515200000,r,514
12515200000,r,514
12515200000,r,514
12544100000,s,514
12585400000,r,514
12585400000,r,514
12585400000,r,514
12585400000,r,514
12588700000,s,514
12618300000,r,514
12618300000,r,514
12618400000,s,514
12653600000,r,514
12653800000,s,514
12653800000,s,514
12694400000,r,514
12788400000,s,514
12791800000,r,514
12791800000,r,514
12816900000,r,514
12817200000,s,514
12898400000,r,514
12898400000,r,514
12898400000,r,514
12898900000,s,514
12939400000,r,514
12941300000,s,514
12982900000,s,514
12986800000,r,514
12987700000,s,514
13055600000,r,514
13058000000,s,514
13058000000,s,514
13098400000,r,514
13099100000,s,514
13139000000,r,514
13139000000,r,514
13139700000,s,514
13142500000,r,514
13142900000,s,514
13147000000,r,514
13147000000,r,514
13147000000,r,514
13147000000,r,514
13147000000,r,514
13147000000,r,514
13147000000,r,514
13181200000,r,514
13181200000,r,514
13218400000,r,514
13218400000,r,514
13218400000,r,514
13218400000,r,514
13218400000,r,514
13218400000,r,514
13218400000,r,514
13295900000,r,514
13295900000,r,514
13295900000,r,514
13376900000,r,514
13376900000,r,514
13376900000,r,514
13376900000,r,514
13376900000,r,514
13376900000,r,514
13376900000,r,514
13419100000,r,514
13419100000,r,514
13419100000,r,514
13419100000,r,514
13419100000,r,514
13419100000,r,514
13419100000,r,514
13419100000,r,514
13419100000,r,514
13419100000,r,514
13419100000,r,514
13419400000,s,514
13508200000,r,514
13508200000,r,514
13508200000,r,514
13508200000,r,514
13508200000,r,514
13508200000,r,514
13508200000,r,514
13512500000,r,514
13513000000,s,514
13534900000,s,514
13595500000,r,514
13595500000,r,514
13595500000,r,514
13595500000,r,514
13595500000,r,514
13595500000,r,514
13595500000,r,514
13611500000,r,514
13611500000,r,514
13611500000,r,514
13611500000,r,514
13611500000,r,514
13616500000,s,514
13619400000,s,514
13715400000,r,514
13715400000,r,514
13715400000,r,514
13716000000,s,514
13717200000,s,514
13717200000,s,514
13717200000,s,514
13784100000,s,514
13913800000,r,514
13914400000,s,514
13982700000,r,514
13983400000,s,514
14023000000,r,514
14024700000,s,514
14024700000,s,514
14125200000,r,514
14167000000,r,514
14227700000,r,514
14227700000,r,514
14227700000,r,514
14229600000,s,514
14229600000,s,514
14229600000,s,514
14271400000,r,514
14386700000,r,514
14427600000,r,514
14427600000,r,514
14427600000,r,514
14427600000,r,514
14427600000,r,514
14427600000,r,514
14427600000,r,514
14499100000,r,514
14499100000,r,514
14499100000,r,514
14502700000,s,514
14523100000,r,514
14525100000,s,514
14525100000,s,514
14654300000,r,514
14720000000,r,514
14720700000,s,514
14852400000,r,514
14852400000,r,514
14854500000,s,514
14859400000,s,514
14859400000,s,514
15022300000,r,514
15204100000,r,514
15204700000,s,514
15376900000,r,514
15505400000,r,514
15505400000,r,514
15505400000,r,514
15505400000,r,514
15505400000,r,514
15505400000,r,514
15506100000,s,514
15518500000,s,514
15914800000,r,514
15914800000,r,514
15914800000,r,514
15914800000,r,514
15914800000,r,514
15914800000,r,514
15922100000,s,514
15923500000,s,514
15977200000,r,514
15977200000,r,514
15977900000,s,514
16191400000,s,514
16195100000,s,514
16195100000,s,514
16195100000,s,514
16195100000,s,514
16195100000,s,514
16195100000,s,514
16195100000,s,514
16195100000,s,514
16195100000,s,514
16195100000,s,514
16195100000,s,514
16195100000,s,514
16195100000,s,514
16195100000,s,514
16195100000,s,514
16195200000,s,514
16199800000,s,514
16199800000,s,514
16199800000,s,514
16199800000,s,514
16199800000,s,514
16199800000,s,514
16199800000,s,514
16199800000,s,514
16210100000,s,514
16539900000,r,514
16539900000,r,514
16554600000,r,514
16554600000,r,514
16558499999,r,514
16558499999,r,514
16558499999,r,514
16558499999,r,514
16558499999,r,514
16558499999,r,514
16560099999,r,514
16560099999,r,514
16560099999,r,514
16560099999,r,514
16560099999,r,514
16569700000,r,514
16572900000,r,514
16572900000,r,514
16572900000,r,514
16572900000,r,514
16576000000,r,514
16576000000,r,514
16576000000,r,514
16576000000,r,514
16576000000,r,514
16576000000,r,514
16576000000,r,514
16576200000,s,514
16579300000,r,514
16579300000,r,514
16579300000,r,514
16584800000,r,514
16584800000,r,514
16584800000,r,514
16584800000,r,514
16584800000,r,514
16584800000,r,514
16584800000,r,514
16603600000,r,514
16603600000,r,514
16603600000,r,514
16603600000,r,514
16603600000,r,514
16603600000,r,514
16603600000,r,514
16604000000,s,514
16608000000,r,514
16643799999,r,514
16643799999,r,514
16643799999,r,514
16643799999,r,514
16643799999,r,514
16643799999,r,514
16643799999,r,514
16728000000,r,514
16728000000,r,514
16729600000,s,514
16729600000,s,514
16730699999,s,514
16730699999,s,514
16750000000,r,514
16751600000,s,514
16751600000,s,514
17184000000,r,514
17184000000,r,514
17184000000,r,514
17184000000,r,514
17184000000,r,514
17184000000,r,514
17184000000,r,514
17227200000,r,514
17227200000,r,514
17227200000,r,514
17227200000,r,514
17227200000,r,514
17227200000,r,514
17227200000,r,514
17227200000,r,514
17227200000,r,514
17227200000,r,514
17227200000,r,514
17227200000,r,514
17230800000,s,514
17235700000,s,514
17250100000,r,514
17250500000,s,514
17277100000,r,514
17277100000,r,514
17277100000,r,514
17277100000,r,514
17277100000,r,514
17277100000,r,514
17277100000,r,514
17277100000,r,514
17277100000,r,514
17280400000,s,514
17283500000,s,514
17286300000,r,514
17286300000,r,514
17392700000,r,514
17392700000,r,514
17392700000,r,514
17396100000,s,514
17399800000,s,514
17667000000,r,514
17772000000,r,514
17772000000,r,514
17772000000,r,514
17774100000,s,514
17775300000,r,514
17775300000,r,514
17776000000,s,514
17989200000,r,514
17989200000,r,514
17989200000,r,514
17989200000,r,514
18217600000,r,514
18221300000,s,514
18221300000,s,514
18333500000,r,514
18333500000,r,514
18335400000,s,514
18697200000,r,514
19173000000,r,514
19173000000,r,514
19173000000,r,514
19278100000,r,514
19278100000,r,514
19288800000,s,514
19744200000,r,514
19746200000,s,514
19746200000,s,514
20209500000,r,514
20209500000,r,514
20209500000,r,514
20209500000,r,514
20209500000,r,514
20209500000,r,514
20209500000,r,514
20314200000,r,514
20314200000,r,514
20318000000,s,514
20323500000,s,514
20764800000,r,514
20932100000,r,514
20932100000,r,514
20932100000,r,514
20932100000,r,514
20932100000,r,514
20932100000,r,514
20932100000,r,514
20935900000,r,514
20935900000,r,514
20935900000,r,514
20935900000,r,514
20935900000,r,514
20935900000,r,514
20935900000,r,514
20935900000,r,514
20960400000,r,514
20960400000,r,514
20960400000,r,514
20960400000,r,514
20960400000,r,514
21007300000,r,514
21007300000,r,514
21036800000,r,514
21036800000,r,514
21036800000,r,514
