0,s,514
200000000,r,514
200000000,r,514
400400000,r,514
400400000,r,514
400400000,r,514
400400000,r,514
402000000,s,514
402000000,s,514
402000000,s,514
601200000,r,514
601200000,r,514
602100000,s,514
602100000,s,514
602100000,s,514
602100000,s,514
602100000,s,514
778500000,s,514
800500000,r,514
800500000,r,514
801600000,r,514
801600000,r,514
801600000,r,514
801600000,r,514
801600000,r,514
801600000,r,514
801600000,r,514
801600000,r,514
801600000,r,514
801600000,r,514
801600000,r,514
801600000,r,514
801600000,r,514
801600000,r,514
801600000,r,514
801600000,r,514
801600000,r,514
801600000,r,514
801600000,r,514
801600000,r,514
801600000,r,514
801600000,r,514
801600000,r,514
801600000,r,514
1000000000,r,514
1000000000,r,514
1000000000,r,514
1000000000,r,514
1000000000,r,514
1000000000,r,514
1000000000,r,514
1000000000,r,514
1000000000,r,514
1000000000,r,514
1000000000,r,514
1000000000,r,514
1000000000,r,514
1000000000,r,514
1000000000,r,514
1000000000,r,514
1000000000,r,514
1000000000,r,514
1000000000,r,514
1000000000,r,514
1000000000,r,514
1000000000,r,514
1000000000,r,514
1000000000,r,514
1000000000,r,514
1000000000,r,514
1000000000,r,514
1000000000,r,514
1000000000,r,514
1000000000,r,514
1000000000,r,514
1000000000,r,514
1000000000,r,514
1000000000,r,514
1000000000,r,514
1000000000,r,514
1000000000,r,514
1000000000,r,514
1000000000,r,514
1000000000,r,514
1000000000,r,514
1000000000,r,514
1000000000,r,514
1000000000,r,514
1000000000,r,514
1000000000,r,514
1000000000,r,514
1000000000,r,514
1000000000,r,514
1000000000,r,514
1000000000,r,514
1000000000,r,514
1000000000,r,514
1009400000,s,514
1198300000,r,514
1198300000,r,514
1198300000,r,514
1198300000,r,514
1198300000,r,514
1198300000,r,514
1198300000,r,514
1198300000,r,514
1198300000,r,514
1198300000,r,514
1198300000,r,514
1198300000,r,514
1198300000,r,514
1198300000,r,514
1198300000,r,514
1198300000,r,514
1198300000,r,514
1198300000,r,514
1198300000,r,514
1198300000,r,514
1198300000,r,514
1198300000,r,514
1198300000,r,514
1198300000,r,514
1198300000,r,514
1198300000,r,514
1198300000,r,514
1198300000,r,514
1198300000,r,514
1198300000,r,514
1198300000,r,514
1198300000,r,514
1198300000,r,514
1198300000,r,514
1198300000,r,514
1198300000,r,514
1198300000,r,514
1198300000,r,514
1198300000,r,514
1198300000,r,514
1198300000,r,514
1198300000,r,514
1198300000,r,514
1198300000,r,514
1198300000,r,514
1198400000,r,514
1198400000,r,514
1198400000,r,514
1198400000,r,514
1198400000,r,514
1198400000,r,514
1198400000,r,514
1198400000,r,514
1198400000,r,514
1198400000,r,514
1198400000,r,514
1198400000,r,514
1198400000,r,514
1198400000,r,514
1198400000,r,514
1198400000,r,514
1198400000,r,514
1198400000,r,514
1198400000,r,514
1198400000,r,514
1198400000,r,514
1198400000,r,514
1198400000,r,514
1198400000,r,514
1198400000,r,514
1198400000,r,514
1198400000,r,514
1198400000,r,514
1198400000,r,514
1198400000,r,514
1198400000,r,514
1198400000,r,514
1198400000,r,514
1198400000,r,514
1198400000,r,514
1198400000,r,514
1198400000,r,514
1198400000,r,514
1198400000,r,514
1198400000,r,514
1198400000,r,514
1198400000,r,514
1198400000,r,514
1198400000,r,514
1198400000,r,514
1198400000,r,514
1198400000,r,514
1198400000,r,514
1198400000,r,514
1198400000,r,514
1198400000,r,514
1198400000,r,514
1198400000,r,514
1198400000,r,514
1198400000,r,514
1198400000,r,514
1198400000,r,514
1198400000,r,514
1198400000,r,514
1198400000,r,514
1198400000,r,514
1198900000,s,514
1204000000,s,514
1204000000,s,514
1397400000,r,514
1397400000,r,514
1397400000,r,514
1397400000,r,514
1397400000,r,514
1397400000,r,514
1397400000,r,514
1397400000,r,514
1397400000,r,514
1397400000,r,514
1397400000,r,514
1397400000,r,514
1397400000,r,514
1397400000,r,514
1397400000,r,514
1397400000,r,514
1397400000,r,514
1397400000,r,514
1397400000,r,514
1397400000,r,514
1397400000,r,514
1397400000,r,514
1397400000,r,514
1397400000,r,514
1397400000,r,514
1397400000,r,514
1397400000,r,514
1397400000,r,514
1397400000,r,514
1397400000,r,514
1397400000,r,514
1397400000,r,514
1397400000,r,514
1397400000,r,514
1397400000,r,514
1397400000,r,514
1397400000,r,514
1397400000,r,514
1397400000,r,514
1397400000,r,514
1397400000,r,514
1397400000,r,514
1397400000,r,514
1397400000,r,514
1397400000,r,514
1397400000,r,514
1397400000,r,514
1397400000,r,514
1397400000,r,514
1397400000,r,514
1397400000,r,514
1397800000,r,514
1397800000,r,514
1397800000,r,514
1397800000,r,514
1397800000,r,514
1397800000,r,514
1397800000,r,514
1397800000,r,514
1397800000,r,514
1397800000,r,514
1397800000,r,514
1397800000,r,514
1397800000,r,514
1397800000,r,514
1397800000,r,514
1397800000,r,514
1397800000,r,514
1397800000,r,514
1397800000,r,514
1397800000,r,514
1397800000,r,514
1397800000,r,514
1397800000,r,514
1397800000,r,514
1397800000,r,514
1397800000,r,514
1397800000,r,514
1397800000,r,514
1397800000,r,514
1397800000,r,514
1397800000,r,514
1397800000,r,514
1397800000,r,514
1397800000,r,514
1397800000,r,514
1397800000,r,514
1397800000,r,514
1397800000,r,514
1397800000,r,514
1397800000,r,514
1397800000,r,514
1397800000,r,514
1397800000,r,514
1397900000,r,514
1397900000,r,514
1397900000,r,514
1397900000,r,514
1397900000,r,514
1397900000,r,514
1397900000,r,514
1397900000,r,514
1397900000,r,514
1397900000,r,514
1397900000,r,514
1397900000,r,514
1397900000,r,514
1397900000,r,514
1397900000,r,514
1397900000,r,514
1397900000,r,514
1397900000,r,514
1397900000,r,514
1397900000,r,514
1397900000,r,514
1397900000,r,514
1397900000,r,514
1397900000,r,514
1398000000,s,514
1398400000,r,514
1398400000,r,514
1398400000,r,514
1398400000,r,514
1398400000,r,514
1398400000,r,514
1398400000,r,514
1398400000,r,514
1398400000,r,514
1398400000,r,514
1398400000,r,514
1398400000,r,514
1398400000,r,514
1398400000,r,514
1398400000,r,514
1461600000,r,514
1601600000,s,514
1601600000,s,514
1601600000,s,514
1601600000,s,514
1601600000,s,514
1603100000,s,514
1778000000,s,514
1952400000,r,514
1976800000,r,514
1977400000,s,514
2461500000,r,514
2462000000,s,514
2705100000,s,514
2749700000,r,514
2780000000,s,514
2874200000,r,514
2874800000,s,514
2982100000,r,514
2982900000,s,514
3073800000,s,514
3194000000,s,514
3249500000,r,514
3297600000,r,514
3300500000,s,514
3300500000,s,514
3429500000,r,514
3431100000,s,514
3547200000,r,514
3549800000,s,514
3549800000,s,514
3774200000,r,514
3781600000,r,514
3781600000,r,514
3781600000,r,514
3781600000,r,514
3781600000,r,514
3781600000,r,514
3781600000,r,514
3782800000,r,514
3782800000,r,514
3782800000,r,514
3782800000,r,514
3782800000,r,514
3782800000,r,514
3782800000,r,514
3795300000,s,514
3798600000,r,514
3798600000,r,514
3798600000,r,514
3798600000,r,514
3800000000,s,514
3806600000,s,514
3825900000,r,514
3825900000,r,514
3825900000,r,514
3834400000,s,514
3839900000,s,514
3894800000,r,514
3894800000,r,514
3894800000,r,514
3894800000,r,514
3905300000,s,514
3936400000,r,514
3936400000,r,514
3936400000,r,514
3936400000,r,514
3936400000,r,514
3997600000,r,514
3998400000,s,514
4005400000,r,514
4005400000,r,514
4005400000,r,514
4005400000,r,514
4009900000,s,514
4104400000,r,514
4112199999,r,514
4115100000,s,514
4115100000,s,514
4186000000,r,514
4337600000,r,514
4337600000,r,514
4337600000,r,514
4409000000,r,514
4409000000,r,514
4409000000,r,514
4409000000,r,514
4409000000,r,514
4409000000,r,514
4409000000,r,514
4411300000,s,514
4444000000,r,514
4444000000,r,514
4458800000,r,514
4458800000,r,514
4458800000,r,514
4458800000,r,514
4458800000,r,514
4458800000,r,514
4458800000,r,514
4459800000,s,514
4461700000,r,514
4461700000,r,514
4461700000,r,514
4461700000,r,514
4461700000,r,514
4463100000,s,514
4478800000,s,514
4554500000,r,514
4554500000,r,514
4554500000,r,514
4554500000,r,514
4554500000,r,514
4554500000,r,514
4690800000,r,514
4691700000,s,514
4707500000,r,514
4785200000,s,514
4803900000,r,514
4807400000,s,514
4990400000,r,514
4990400000,r,514
4991800000,s,514
5097600000,r,514
5097600000,r,514
5100700000,s,514
5141300000,r,514
5141300000,r,514
5391700000,r,514
5392300000,s,514
5551200000,r,514
5551200000,r,514
5551200000,r,514
5551200000,r,514
5551200000,r,514
5551200000,r,514
5551200000,r,514
5637700000,r,514
5638700000,s,514
5653000000,r,514
5653000000,r,514
5653000000,r,514
5653000000,r,514
5653000000,r,514
5653000000,r,514
5653000000,r,514
5658000000,r,514
5658000000,r,514
5658000000,r,514
5658000000,r,514
5658000000,r,514
5658000000,r,514
5658000000,r,514
5658000000,r,514
5660800000,r,514
5660800000,r,514
5660800000,r,514
5660800000,r,514
5660800000,r,514
5660800000,r,514
5660800000,r,514
5660800000,r,514
5662000000,r,514
5662000000,r,514
5662000000,r,514
5662000000,r,514
5662000000,r,514
5662000000,r,514
5662000000,r,514
5736900000,r,514
5736900000,r,514
5736900000,r,514
5736900000,r,514
5736900000,r,514
5736900000,r,514
5737300000,s,514
5785200000,s,514
5948000000,r,514
5984100000,r,514
5984800000,s,514
6056500000,s,514
6059400000,s,514
6059400000,s,514
6059400000,s,514
6141700000,s,514
6347600000,r,514
6349500000,s,514
6349500000,s,514
6496000000,r,514
6496000000,r,514
6496000000,r,514
6497800000,s,514
6497800000,s,514
6502200000,r,514
6502300000,s,514
6502300000,s,514
6502300000,s,514
6502300000,s,514
6542900000,s,514
6542900000,s,514
6637400000,r,514
6637400000,r,514
6637400000,r,514
6637400000,r,514
6637400000,r,514
6637400000,r,514
6637400000,r,514
6643300000,r,514
6643900000,s,514
6712100000,r,514
6712100000,r,514
6714200000,s,514
6754900000,s,514
6789700000,r,514
6789700000,r,514
6789700000,r,514
6789700000,r,514
6789700000,r,514
6789700000,r,514
6789700000,r,514
6804000000,r,514
6804000000,r,514
6805800000,s,514
6817000000,r,514
6817000000,r,514
6817000000,r,514
6817100000,s,514
6870600000,r,514
6870600000,r,514
6870600000,r,514
6870600000,r,514
6870600000,r,514
6870600000,r,514
6872600000,s,514
6882700000,r,514
6882700000,r,514
6882700000,r,514
6882700000,r,514
6882700000,r,514
6882700000,r,514
6882700000,r,514
6882800000,s,514
6894900000,r,514
6894900000,r,514
6894900000,r,514
6894900000,r,514
6894900000,r,514
6894900000,r,514
6957500000,r,514
6957500000,r,514
6959300000,s,514
7002900000,s,514
7010500000,r,514
7010500000,r,514
7010500000,r,514
7010500000,r,514
7010500000,r,514
7012800000,s,514
7054900000,s,514
7075000000,r,514
7075000000,r,514
7075000000,r,514
7075500000,s,514
7092100000,r,514
7098200000,r,514
7098200000,r,514
7098200000,r,514
7098200000,r,514
7098200000,r,514
7098200000,r,514
7098200000,r,514
7098200000,r,514
7098500000,s,514
7141500000,r,514
7141500000,r,514
7141500000,r,514
7141500000,r,514
7141500000,r,514
7141500000,r,514
7141500000,r,514
7141500000,r,514
7141500000,r,514
7141500000,r,514
7141500000,r,514
7141500000,r,514
7141500000,r,514
7141500000,r,514
7141500000,r,514
7141500000,r,514
7141500000,r,514
7141500000,r,514
7141500000,r,514
7141500000,r,514
7141500000,r,514
7141500000,r,514
7157700000,r,514
7157700000,r,514
7157700000,r,514
7157700000,r,514
7157700000,r,514
7157700000,r,514
7157700000,r,514
7158000000,s,514
7178100000,r,514
7178100000,r,514
7178100000,r,514
7178100000,r,514
7178100000,r,514
7178100000,r,514
7178100000,r,514
7178100000,r,514
7178100000,r,514
7178100000,r,514
7178100000,r,514
7178100000,r,514
7178100000,r,514
7178100000,r,514
7178100000,r,514
7178100000,r,514
7178100000,r,514
7178100000,r,514
7178100000,r,514
7178100000,r,514
7178100000,r,514
7178100000,r,514
7178100000,r,514
7178100000,r,514
7178100000,r,514
7178100000,r,514
7178100000,r,514
7178100000,r,514
7178100000,r,514
7178100000,r,514
7178100000,r,514
7178100000,r,514
7178100000,r,514
7178100000,r,514
7178100000,r,514
7178100000,r,514
7178100000,r,514
7178100000,r,514
7178100000,r,514
7178100000,r,514
7178100000,r,514
7178100000,r,514
7178100000,r,514
7178100000,r,514
7178100000,r,514
7178100000,r,514
7178100000,r,514
7178100000,r,514
7178100000,r,514
7178100000,r,514
7178100000,r,514
7178100000,r,514
7178100000,r,514
7178900000,s,514
7208800000,r,514
7208800000,r,514
7208800000,r,514
7208800000,r,514
7208800000,r,514
7208800000,r,514
7208800000,r,514
7208800000,r,514
7208800000,r,514
7208800000,r,514
7208800000,r,514
7208900000,s,514
7273500000,r,514
7273500000,r,514
7273500000,r,514
7273500000,r,514
7273500000,r,514
7273500000,r,514
7273500000,r,514
7273500000,r,514
7273500000,r,514
7273500000,r,514
7273500000,r,514
7273900000,s,514
7296500000,r,514
7296500000,r,514
7296500000,r,514
7296500000,r,514
7296500000,r,514
7296500000,r,514
7296500000,r,514
7296500000,r,514
7296500000,r,514
7296500000,r,514
7296500000,r,514
7296500000,r,514
7296500000,r,514
7296500000,r,514
7296500000,r,514
7296500000,r,514
7296600000,r,514
7296600000,r,514
7296600000,r,514
7296600000,r,514
7296600000,r,514
7296900000,s,514
7340600000,r,514
7340600000,r,514
7340600000,r,514
7340600000,r,514
7340600000,r,514
7340700000,r,514
7340700000,r,514
7340700000,r,514
7340700000,r,514
7340700000,r,514
7340700000,r,514
7340700000,r,514
7340700000,r,514
7340700000,r,514
7340700000,r,514
7340700000,r,514
7340700000,r,514
7340700000,r,514
7340700000,r,514
7340700000,r,514
7340700000,r,514
7340700000,r,514
7340700000,r,514
7340700000,r,514
7340700000,r,514
7340700000,r,514
7340700000,r,514
7340700000,r,514
7340700000,r,514
7340700000,r,514
7340700000,r,514
7340700000,r,514
7340700000,r,514
7340700000,r,514
7340700000,r,514
7340700000,r,514
7340700000,r,514
7340700000,r,514
7340700000,r,514
7340700000,r,514
7340700000,r,514
7340700000,r,514
7341200000,s,514
7356000000,r,514
7356000000,r,514
7356000000,r,514
7356000000,r,514
7356000000,r,514
7356000000,r,514
7356000000,r,514
7356000000,r,514
7356000000,r,514
7356000000,r,514
7356000000,r,514
7356000000,r,514
7356000000,r,514
7356000000,r,514
7356000000,r,514
7356000000,r,514
7356600000,r,514
7356600000,r,514
7356600000,r,514
7356600000,r,514
7356600000,r,514
7376400000,r,514
7376400000,r,514
7376400000,r,514
7376400000,r,514
7376400000,r,514
7376400000,r,514
7376400000,r,514
7376400000,r,514
7376400000,r,514
7376400000,r,514
7376400000,r,514
7376400000,r,514
7376400000,r,514
7376400000,r,514
7376400000,r,514
7376400000,r,514
7376400000,r,514
7376400000,r,514
7376400000,r,514
7376400000,r,514
7376400000,r,514
7376400000,r,514
7376400000,r,514
7376400000,r,514
7376400000,r,514
7376400000,r,514
7376400000,r,514
7376400000,r,514
7376400000,r,514
7376400000,r,514
7376400000,r,514
7376400000,r,514
7376400000,r,514
7376400000,r,514
7376400000,r,514
7376400000,r,514
7376400000,r,514
7376400000,r,514
7376400000,r,514
7376400000,r,514
7376400000,r,514
7376400000,r,514
7376400000,r,514
7376400000,r,514
7376400000,r,514
7376400000,r,514
7376400000,r,514
7376400000,r,514
7376400000,r,514
7376400000,r,514
7376400000,r,514
7376400000,r,514
7376400000,r,514
7376400000,r,514
7376400000,r,514
7376400000,r,514
7376400000,r,514
7376400000,r,514
7376400000,r,514
7376400000,r,514
7376400000,r,514
7376500000,r,514
7376500000,r,514
7376500000,r,514
7376500000,r,514
7376500000,r,514
7376500000,r,514
7376500000,r,514
7376500000,r,514
7376500000,r,514
7376500000,r,514
7376500000,r,514
7376500000,r,514
7376500000,r,514
7376500000,r,514
7376500000,r,514
7376500000,r,514
7376500000,r,514
7376500000,r,514
7376500000,r,514
7376500000,r,514
7376500000,r,514
7376500000,r,514
7376500000,r,514
7376500000,r,514
7376500000,r,514
7376500000,r,514
7376500000,r,514
7376500000,r,514
7376500000,r,514
7376500000,r,514
7376500000,r,514
7376500000,r,514
7376500000,r,514
7376500000,r,514
7376500000,r,514
7376500000,r,514
7376500000,r,514
7376500000,r,514
7376500000,r,514
7376500000,r,514
7376500000,r,514
7376500000,r,514
7376500000,r,514
7377000000,s,514
7392400000,r,514
7392400000,r,514
7392400000,r,514
7392500000,s,514
7392500000,s,514
7407200000,r,514
7407200000,r,514
7407200000,r,514
7407200000,r,514
7407200000,r,514
7407200000,r,514
7407200000,r,514
7407200000,r,514
7407200000,r,514
7407200000,r,514
7407200000,r,514
7407200000,r,514
7407200000,r,514
7407200000,r,514
7407200000,r,514
7407200000,r,514
7407200000,r,514
7407200000,r,514
7407200000,r,514
7407200000,r,514
7407200000,r,514
7407300000,s,514
7472100000,r,514
7472100000,r,514
7472100000,r,514
7472100000,r,514
7472100000,r,514
7472100000,r,514
7472100000,r,514
7472100000,r,514
7472100000,r,514
7472100000,r,514
7472100000,r,514
7472100000,r,514
7472100000,r,514
7472100000,r,514
7472100000,r,514
7472100000,r,514
7472100000,r,514
7472100000,r,514
7472100000,r,514
7472100000,r,514
7472100000,r,514
7472500000,s,514
7494600000,r,514
7494600000,r,514
7494600000,r,514
7494600000,r,514
7494600000,r,514
7494600000,r,514
7494600000,r,514
7494600000,r,514
7494600000,r,514
7494600000,r,514
7494600000,r,514
7494600000,r,514
7494600000,r,514
7494600000,r,514
7494600000,r,514
7494600000,r,514
7494600000,r,514
7494600000,r,514
7494600000,r,514
7494600000,r,514
7494600000,r,514
7494600000,r,514
7494600000,r,514
7494600000,r,514
7494600000,r,514
7494600000,r,514
7494600000,r,514
7494600000,r,514
7494600000,r,514
7494600000,r,514
7494600000,r,514
7494600000,r,514
7494600000,r,514
7494600000,r,514
7494600000,r,514
7494600000,r,514
7494600000,r,514
7494600000,r,514
7494600000,r,514
7494600000,r,514
7494600000,r,514
7494600000,r,514
7494600000,r,514
7495200000,s,514
7539200000,r,514
7539200000,r,514
7539200000,r,514
7539200000,r,514
7539200000,r,514
7539200000,r,514
7539200000,r,514
7539200000,r,514
7539200000,r,514
7539200000,r,514
7539200000,r,514
7539200000,r,514
7539200000,r,514
7539200000,r,514
7539200000,r,514
7539200000,r,514
7539200000,r,514
7539200000,r,514
7539200000,r,514
7539200000,r,514
7539200000,r,514
7539200000,r,514
7539200000,r,514
7539200000,r,514
7539200000,r,514
7539200000,r,514
7539200000,r,514
7539200000,r,514
7539200000,r,514
7539200000,r,514
7539200000,r,514
7539200000,r,514
7539200000,r,514
7539200000,r,514
7539200000,r,514
7539200000,r,514
7539200000,r,514
7539200000,r,514
7539200000,r,514
7539200000,r,514
7539200000,r,514
7539200000,r,514
7539200000,r,514
7539300000,r,514
7539300000,r,514
7539300000,r,514
7539300000,r,514
7539300000,r,514
7539300000,r,514
7539300000,r,514
7539300000,r,514
7539300000,r,514
7539300000,r,514
7539300000,r,514
7539300000,r,514
7539300000,r,514
7539300000,r,514
7539300000,r,514
7539300000,r,514
7539300000,r,514
7539300000,r,514
7539300000,r,514
7539300000,r,514
7539300000,r,514
7539300000,r,514
7539300000,r,514
7539300000,r,514
7539300000,r,514
7539300000,r,514
7539300000,r,514
7539300000,r,514
7539300000,r,514
7539300000,r,514
7539300000,r,514
7539300000,r,514
7539300000,r,514
7539300000,r,514
7539300000,r,514
7539300000,r,514
7539300000,r,514
7539300000,r,514
7539300000,r,514
7539300000,r,514
7539800000,s,514
7554500000,r,514
7554500000,r,514
7554500000,r,514
7554500000,r,514
7554500000,r,514
7554500000,r,514
7554500000,r,514
7554500000,r,514
7554500000,r,514
7554500000,r,514
7554500000,r,514
7554500000,r,514
7554500000,r,514
7554500000,r,514
7554500000,r,514
7554500000,r,514
7554500000,r,514
7554500000,r,514
7554500000,r,514
7554500000,r,514
7554500000,r,514
7554500000,r,514
7554500000,r,514
7554500000,r,514
7554500000,r,514
7554500000,r,514
7554500000,r,514
7554500000,r,514
7554500000,r,514
7554500000,r,514
7554500000,r,514
7554500000,r,514
7554700000,s,514
7554700000,s,514
7554700000,s,514
7554700000,s,514
7554700000,s,514
7554800000,r,514
7554800000,r,514
7554800000,r,514
7554800000,r,514
7554800000,r,514
7554800000,r,514
7554800000,r,514
7554800000,r,514
7554800000,r,514
7554800000,r,514
7554800000,r,514
7555400000,s,514
7559600000,s,514
7575100000,r,514
7575100000,r,514
7575100000,r,514
7575100000,r,514
7575100000,r,514
7575100000,r,514
7575100000,r,514
7575100000,r,514
7575100000,r,514
7575100000,r,514
7575100000,r,514
7575100000,r,514
7575100000,r,514
7575100000,r,514
7575100000,r,514
7575100000,r,514
7575100000,r,514
7575100000,r,514
7575100000,r,514
7575100000,r,514
7575100000,r,514
7575100000,r,514
7575100000,r,514
7575100000,r,514
7575100000,r,514
7575100000,r,514
7575100000,r,514
7575100000,r,514
7575100000,r,514
7575100000,r,514
7575100000,r,514
7575100000,r,514
7575100000,r,514
7575100000,r,514
7575100000,r,514
7575100000,r,514
7575100000,r,514
7575100000,r,514
7575100000,r,514
7575100000,r,514
7575100000,r,514
7575100000,r,514
7575100000,r,514
7575100000,r,514
7575100000,r,514
7575100000,r,514
7575100000,r,514
7575100000,r,514
7575100000,r,514
7575100000,r,514
7575100000,r,514
7575100000,r,514
7575100000,r,514
7575100000,r,514
7575100000,r,514
7575100000,r,514
7575100000,r,514
7575100000,r,514
7575100000,r,514
7575100000,r,514
7575100000,r,514
7575200000,r,514
7575200000,r,514
7575200000,r,514
7575200000,r,514
7575200000,r,514
7575200000,r,514
7575200000,r,514
7575200000,r,514
7575200000,r,514
7575200000,r,514
7575200000,r,514
7575200000,r,514
7575200000,r,514
7575200000,r,514
7575200000,r,514
7575200000,r,514
7575200000,r,514
7575200000,r,514
7575200000,r,514
7575200000,r,514
7575200000,r,514
7575200000,r,514
7575200000,r,514
7575200000,r,514
7575200000,r,514
7575200000,r,514
7575200000,r,514
7575200000,r,514
7575200000,r,514
7575200000,r,514
7575200000,r,514
7575200000,r,514
7575200000,r,514
7575200000,r,514
7575200000,r,514
7575200000,r,514
7575200000,r,514
7575200000,r,514
7575200000,r,514
7575200000,r,514
7575200000,r,514
7575200000,r,514
7575200000,r,514
7575200000,r,514
7575200000,r,514
7575200000,r,514
7575200000,r,514
7575200000,r,514
7575200000,r,514
7575200000,r,514
7575200000,r,514
7575200000,r,514
7575200000,r,514
7575200000,r,514
7575200000,r,514
7575200000,r,514
7575200000,r,514
7575200000,r,514
7575200000,r,514
7575200000,r,514
7575200000,r,514
7575300000,r,514
7575300000,r,514
7575300000,r,514
7575300000,r,514
7575300000,r,514
7575300000,r,514
7575300000,r,514
7575300000,r,514
7575300000,r,514
7575300000,r,514
7575300000,r,514
7575300000,r,514
7575300000,r,514
7575300000,r,514
7575300000,r,514
7575300000,r,514
7575300000,r,514
7575300000,r,514
7575300000,r,514
7575300000,r,514
7575300000,r,514
7575300000,r,514
7575300000,r,514
7575300000,r,514
7575300000,r,514
7575300000,r,514
7575300000,r,514
7575300000,r,514
7575300000,r,514
7575300000,r,514
7575300000,r,514
7575300000,r,514
7575300000,r,514
7575300000,r,514
7575300000,r,514
7575300000,r,514
7575300000,r,514
7575300000,r,514
7575300000,r,514
7575300000,r,514
7575300000,r,514
7575300000,r,514
7575300000,r,514
7575300000,r,514
7575300000,r,514
7575300000,r,514
7575300000,r,514
7575300000,r,514
7575300000,r,514
7575300000,r,514
7575300000,r,514
7575300000,r,514
7575300000,r,514
7575300000,r,514
7575300000,r,514
7575300000,r,514
7575300000,r,514
7575300000,r,514
7575300000,r,514
7575300000,r,514
7575300000,r,514
7575400000,r,514
7575400000,r,514
7575400000,r,514
7575400000,r,514
7575400000,r,514
7575400000,r,514
7575400000,r,514
7575400000,r,514
7575400000,r,514
7575400000,r,514
7575400000,r,514
7575400000,r,514
7575400000,r,514
7575400000,r,514
7575400000,r,514
7575400000,r,514
7575400000,r,514
7575400000,r,514
7575400000,r,514
7575400000,r,514
7575400000,r,514
7575400000,r,514
7575400000,r,514
7575400000,r,514
7579500000,s,514
7590900000,r,514
7590900000,r,514
7590900000,r,514
7590900000,r,514
7590900000,r,514
7591100000,s,514
7591100000,s,514
7591100000,s,514
7591100000,s,514
7591100000,s,514
7591100000,s,514
7591100000,s,514
7591100000,s,514
7605400000,r,514
7605400000,r,514
7605400000,r,514
7605400000,r,514
7605400000,r,514
7605400000,r,514
7605400000,r,514
7605400000,r,514
7605400000,r,514
7605400000,r,514
7605400000,r,514
7605400000,r,514
7605400000,r,514
7605400000,r,514
7605400000,r,514
7605400000,r,514
7605400000,r,514
7605400000,r,514
7605400000,r,514
7605400000,r,514
7605400000,r,514
7605400000,r,514
7605400000,r,514
7605400000,r,514
7605400000,r,514
7605400000,r,514
7605400000,r,514
7605400000,r,514
7605400000,r,514
7605400000,r,514
7605400000,r,514
7605400000,r,514
7605400000,r,514
7605400000,r,514
7605400000,r,514
7605400000,r,514
7605400000,r,514
7605400000,r,514
7605400000,r,514
7605400000,r,514
7605400000,r,514
7605400000,r,514
7605400000,r,514
7606300000,s,514
7616100000,r,514
7616100000,r,514
7616100000,r,514
7670300000,r,514
7670300000,r,514
7670300000,r,514
7670300000,r,514
7670300000,r,514
7670300000,r,514
7670300000,r,514
7670300000,r,514
7670300000,r,514
7670300000,r,514
7670300000,r,514
7670300000,r,514
7670300000,r,514
7670300000,r,514
7670300000,r,514
7670300000,r,514
7670300000,r,514
7670300000,r,514
7670300000,r,514
7670300000,r,514
7670300000,r,514
7670400000,r,514
7670400000,r,514
7670400000,r,514
7670400000,r,514
7670400000,r,514
7670400000,r,514
7670400000,r,514
7670400000,r,514
7670400000,r,514
7670400000,r,514
7670400000,r,514
7670400000,r,514
7670400000,r,514
7670400000,r,514
7670400000,r,514
7670400000,r,514
7670400000,r,514
7670400000,r,514
7670400000,r,514
7670400000,r,514
7670400000,r,514
7670700000,s,514
7692800000,r,514
7692800000,r,514
7692800000,r,514
7692800000,r,514
7692800000,r,514
7692800000,r,514
7692800000,r,514
7692800000,r,514
7692800000,r,514
7692800000,r,514
7692800000,r,514
7692900000,s,514
7693200000,r,514
7693200000,r,514
7693200000,r,514
7693200000,r,514
7693200000,r,514
7693200000,r,514
7693200000,r,514
7693200000,r,514
7693200000,r,514
7693200000,r,514
7693200000,r,514
7693200000,r,514
7693200000,r,514
7693200000,r,514
7693200000,r,514
7693200000,r,514
7693200000,r,514
7693200000,r,514
7693200000,r,514
7693200000,r,514
7693200000,r,514
7693200000,r,514
7693200000,r,514
7693200000,r,514
7693200000,r,514
7693200000,r,514
7693200000,r,514
7693200000,r,514
7693200000,r,514
7693200000,r,514
7693200000,r,514
7693200000,r,514
7693200000,r,514
7693200000,r,514
7693200000,r,514
7693200000,r,514
7693200000,r,514
7693200000,r,514
7693200000,r,514
7693200000,r,514
7693200000,r,514
7693200000,r,514
7693200000,r,514
7693200000,r,514
7693200000,r,514
7693200000,r,514
7693200000,r,514
7693200000,r,514
7693200000,r,514
7693200000,r,514
7693200000,r,514
7693200000,r,514
7693200000,r,514
7693200000,r,514
7693200000,r,514
7693200000,r,514
7693200000,r,514
7693200000,r,514
7693200000,r,514
7693200000,r,514
7693200000,r,514
7693300000,r,514
7693300000,r,514
7693300000,r,514
7693300000,r,514
7693300000,r,514
7693300000,r,514
7693300000,r,514
7693300000,r,514
7693300000,r,514
7693300000,r,514
7693300000,r,514
7693300000,r,514
7693300000,r,514
7693900000,s,514
7693900000,s,514
7693900000,s,514
7737800000,r,514
7737800000,r,514
7737800000,r,514
7737800000,r,514
7737800000,r,514
7737800000,r,514
7737800000,r,514
7737800000,r,514
7737800000,r,514
7737800000,r,514
7737800000,r,514
7737800000,r,514
7737800000,r,514
7737800000,r,514
7737800000,r,514
7737800000,r,514
7737800000,r,514
7737800000,r,514
7737800000,r,514
7737800000,r,514
7737800000,r,514
7737800000,r,514
7737800000,r,514
7737800000,r,514
7737800000,r,514
7737800000,r,514
7737800000,r,514
7737800000,r,514
7737800000,r,514
7737800000,r,514
7737800000,r,514
7737800000,r,514
7737800000,r,514
7737800000,r,514
7737800000,r,514
7737800000,r,514
7737800000,r,514
7737800000,r,514
7737800000,r,514
7737800000,r,514
7737800000,r,514
7737800000,r,514
7737800000,r,514
7737800000,r,514
7737800000,r,514
7737800000,r,514
7737800000,r,514
7737800000,r,514
7737800000,r,514
7737800000,r,514
7737800000,r,514
7737800000,r,514
7737800000,r,514
7737800000,r,514
7737800000,r,514
7737800000,r,514
7737800000,r,514
7737800000,r,514
7737800000,r,514
7737800000,r,514
7737800000,r,514
7737900000,r,514
7737900000,r,514
7737900000,r,514
7737900000,r,514
7737900000,r,514
7737900000,r,514
7737900000,r,514
7737900000,r,514
7737900000,r,514
7737900000,r,514
7737900000,r,514
7737900000,r,514
7737900000,r,514
7737900000,r,514
7737900000,r,514
7737900000,r,514
7737900000,r,514
7737900000,r,514
7737900000,r,514
7737900000,r,514
7737900000,r,514
7737900000,r,514
7737900000,r,514
7737900000,r,514
7737900000,r,514
7737900000,r,514
7737900000,r,514
7737900000,r,514
7737900000,r,514
7737900000,r,514
7737900000,r,514
7737900000,r,514
7737900000,r,514
7737900000,r,514
7737900000,r,514
7737900000,r,514
7737900000,r,514
7737900000,r,514
7737900000,r,514
7737900000,r,514
7737900000,r,514
7737900000,r,514
7737900000,r,514
7737900000,r,514
7737900000,r,514
7737900000,r,514
7737900000,r,514
7737900000,r,514
7737900000,r,514
7737900000,r,514
7737900000,r,514
7737900000,r,514
7737900000,r,514
7737900000,r,514
7737900000,r,514
7737900000,r,514
7737900000,r,514
7737900000,r,514
7737900000,r,514
7737900000,r,514
7737900000,r,514
7738000000,r,514
7738000000,r,514
7738000000,r,514
7738000000,r,514
7738000000,r,514
7738000000,r,514
7738000000,r,514
7738000000,r,514
7738000000,r,514
7738000000,r,514
7739000000,s,514
7739700000,s,514
7739700000,s,514
7743900000,s,514
7743900000,s,514
7786900000,s,514
7894200000,r,514
7894200000,r,514
7894200000,r,514
7894200000,r,514
7894200000,r,514
7894200000,r,514
7894200000,r,514
7894200000,r,514
7910600000,r,514
7910600000,r,514
7910600000,r,514
7910600000,r,514
7910600000,r,514
7910600000,r,514
7910600000,r,514
7910600000,r,514
7910600000,r,514
7910600000,r,514
7910600000,r,514
7910600000,r,514
7910600000,r,514
7910600000,r,514
7910600000,r,514
7910600000,r,514
7910600000,r,514
7910600000,r,514
7910600000,r,514
7910600000,r,514
7910600000,r,514
7910600000,r,514
7910600000,r,514
7910600000,r,514
7910600000,r,514
7910600000,r,514
7910600000,r,514
7910600000,r,514
7910600000,r,514
7910600000,r,514
7910600000,r,514
7910600000,r,514
7910600000,r,514
7910600000,r,514
7910600000,r,514
7910600000,r,514
7910600000,r,514
7910600000,r,514
7910600000,r,514
7910600000,r,514
7910600000,r,514
7910600000,r,514
7910600000,r,514
7910600000,r,514
7910600000,r,514
7910600000,r,514
7910600000,r,514
7910600000,r,514
7910600000,r,514
7910600000,r,514
7910600000,r,514
7910600000,r,514
7910600000,r,514
7910600000,r,514
7910600000,r,514
7910600000,r,514
7910600000,r,514
7910600000,r,514
7910600000,r,514
7910600000,r,514
7910600000,r,514
7910800000,r,514
7910800000,r,514
7910800000,r,514
7910800000,r,514
7910800000,r,514
7910800000,r,514
7910800000,r,514
7910800000,r,514
7910800000,r,514
7910800000,r,514
7910800000,r,514
7910800000,r,514
7910800000,r,514
7910800000,r,514
7910800000,r,514
7910800000,r,514
7910800000,r,514
7910800000,r,514
7910800000,r,514
7910800000,r,514
7910800000,r,514
7910800000,r,514
7910800000,r,514
7910800000,r,514
7910800000,r,514
7910800000,r,514
7910800000,r,514
7910800000,r,514
7910800000,r,514
7910800000,r,514
7910800000,r,514
7910800000,r,514
7910800000,r,514
7910800000,r,514
7910800000,r,514
7910800000,r,514
7910800000,r,514
7910800000,r,514
7910800000,r,514
7910800000,r,514
7910800000,r,514
7910800000,r,514
7910800000,r,514
7910800000,r,514
7910800000,r,514
7910800000,r,514
7910800000,r,514
7910800000,r,514
7910800000,r,514
7910800000,r,514
7910800000,r,514
7910800000,r,514
7910800000,r,514
7910800000,r,514
7910800000,r,514
7910800000,r,514
7910800000,r,514
7910800000,r,514
7910800000,r,514
7910800000,r,514
7910800000,r,514
7911200000,s,514
7917600000,r,514
7917600000,r,514
7917600000,r,514
7917600000,r,514
7917600000,r,514
7917600000,r,514
7917700000,s,514
7917700000,s,514
7937000000,r,514
7937000000,r,514
7937000000,r,514
7937000000,r,514
7937000000,r,514
7937000000,r,514
7937000000,r,514
7937000000,r,514
7937000000,r,514
7937000000,r,514
7937000000,r,514
7937000000,r,514
7937000000,r,514
7937000000,r,514
7937000000,r,514
7937000000,r,514
7937000000,r,514
7937000000,r,514
7937000000,r,514
7937000000,r,514
7937000000,r,514
7937100000,r,514
7937100000,r,514
7937100000,r,514
7937100000,r,514
7937100000,r,514
7937100000,r,514
7937100000,r,514
7937100000,r,514
7937100000,r,514
7937100000,r,514
7937100000,r,514
7937100000,r,514
7937100000,r,514
7937100000,r,514
7937100000,r,514
7937100000,r,514
7937100000,r,514
7937100000,r,514
7937100000,r,514
7937100000,r,514
7937100000,r,514
7937100000,r,514
7937100000,r,514
7937100000,r,514
7937100000,r,514
7937100000,r,514
7937100000,r,514
7937100000,r,514
7937100000,r,514
7937100000,r,514
7937600000,s,514
7937600000,s,514
7978300000,r,514
7978300000,r,514
7978300000,r,514
7978300000,r,514
7978300000,r,514
7978300000,r,514
7978800000,s,514
7985400000,r,514
7985400000,r,514
7985400000,r,514
7985400000,r,514
7985400000,r,514
7985400000,r,514
7985400000,r,514
7985400000,r,514
7985400000,r,514
7985400000,r,514
7985400000,r,514
7985400000,r,514
7985400000,r,514
7985400000,r,514
7985400000,r,514
7985400000,r,514
7985400000,r,514
7985400000,r,514
7985400000,r,514
7985400000,r,514
7985400000,r,514
7985400000,r,514
7985400000,r,514
7985400000,r,514
7985400000,r,514
7985400000,r,514
7985400000,r,514
7985400000,r,514
7985400000,r,514
7985400000,r,514
8029600000,r,514
8029600000,r,514
8029600000,r,514
8029600000,r,514
8029600000,r,514
8029600000,r,514
8029600000,r,514
8029600000,r,514
8029600000,r,514
8029600000,r,514
8029600000,r,514
8029600000,r,514
8029600000,r,514
8029600000,r,514
8029600000,r,514
8029600000,r,514
8029600000,r,514
8029600000,r,514
8029600000,r,514
8029600000,r,514
8029600000,r,514
8029600000,r,514
8029600000,r,514
8029600000,r,514
8029600000,r,514
8029600000,r,514
8029600000,r,514
8029600000,r,514
8029600000,r,514
8029600000,r,514
8029600000,r,514
8029600000,r,514
8029600000,r,514
8029600000,r,514
8029600000,r,514
8029600000,r,514
8029600000,r,514
8029600000,r,514
8029600000,r,514
8029600000,r,514
8029600000,r,514
8029600000,r,514
8029600000,r,514
8029900000,r,514
8029900000,r,514
8029900000,r,514
8029900000,r,514
8029900000,r,514
8029900000,r,514
8029900000,r,514
8029900000,r,514
8029900000,r,514
8029900000,r,514
8029900000,r,514
8029900000,r,514
8029900000,r,514
8029900000,r,514
8029900000,r,514
8029900000,r,514
8029900000,r,514
8029900000,r,514
8029900000,r,514
8029900000,r,514
8029900000,r,514
8029900000,r,514
8029900000,r,514
8029900000,r,514
8029900000,r,514
8029900000,r,514
8029900000,r,514
8029900000,r,514
8029900000,r,514
8029900000,r,514
8029900000,r,514
8029900000,r,514
8029900000,r,514
8029900000,r,514
8029900000,r,514
8029900000,r,514
8029900000,r,514
8029900000,r,514
8029900000,r,514
8029900000,r,514
8029900000,r,514
8029900000,r,514
8029900000,r,514
8029900000,r,514
8029900000,r,514
8029900000,r,514
8029900000,r,514
8029900000,r,514
8029900000,r,514
8029900000,r,514
8029900000,r,514
8029900000,r,514
8029900000,r,514
8029900000,r,514
8029900000,r,514
8029900000,r,514
8029900000,r,514
8029900000,r,514
8029900000,r,514
8029900000,r,514
8029900000,r,514
8029999999,r,514
8029999999,r,514
8029999999,r,514
8029999999,r,514
8029999999,r,514
8029999999,r,514
8029999999,r,514
8030200000,s,514
8053300000,r,514
8053300000,r,514
8053300000,r,514
8053300000,r,514
8053500000,s,514
8053500000,s,514
8053500000,s,514
8065899999,r,514
8065899999,r,514
8065899999,r,514
8065899999,r,514
8065899999,r,514
8065899999,r,514
8065899999,r,514
8066100000,s,514
8068199999,r,514
8068199999,r,514
8068199999,r,514
8068199999,r,514
8068199999,r,514
8068199999,r,514
8068199999,r,514
8068199999,r,514
8068199999,r,514
8068199999,r,514
8068199999,r,514
8068199999,r,514
8068199999,r,514
8068199999,r,514
8068199999,r,514
8109199999,r,514
8109199999,r,514
8109199999,r,514
8109199999,r,514
8109199999,r,514
8109199999,r,514
8109199999,r,514
8109199999,r,514
8109199999,r,514
8109199999,r,514
8109199999,r,514
8109400000,r,514
8109400000,r,514
8109400000,r,514
8109400000,r,514
8109400000,r,514
8109400000,r,514
8109400000,r,514
8109400000,r,514
8109400000,r,514
8109400000,r,514
8109400000,r,514
8109400000,r,514
8109400000,r,514
8109400000,r,514
8109400000,r,514
8109400000,r,514
8109400000,r,514
8109400000,r,514
8109400000,r,514
8109400000,r,514
8109400000,r,514
8109400000,r,514
8109400000,r,514
8109400000,r,514
8109400000,r,514
8109400000,r,514
8109400000,r,514
8109400000,r,514
8109400000,r,514
8109400000,r,514
8109400000,r,514
8109400000,r,514
8109400000,r,514
8109400000,r,514
8109400000,r,514
8109400000,r,514
8109400000,r,514
8109400000,r,514
8109400000,r,514
8109400000,r,514
8109400000,r,514
8109400000,r,514
8109400000,r,514
8109400000,r,514
8109400000,r,514
8109400000,r,514
8109400000,r,514
8109400000,r,514
8109400000,r,514
8109400000,r,514
8109400000,r,514
8109400000,r,514
8109400000,r,514
8109400000,r,514
8109400000,r,514
8109400000,r,514
8109400000,r,514
8109400000,r,514
8109400000,r,514
8109400000,r,514
8109400000,r,514
8109400000,r,514
8109400000,r,514
8109400000,r,514
8109400000,r,514
8109400000,r,514
8109400000,r,514
8109400000,r,514
8109400000,r,514
8109400000,r,514
8109400000,r,514
8109400000,r,514
8109400000,r,514
8109900000,s,514
8150900000,s,514
8150900000,s,514
8152799999,r,514
8152799999,r,514
8152799999,r,514
8152799999,r,514
8153600000,s,514
8155799999,s,514
8155799999,s,514
8202900000,r,514
8205800000,s,514
8205800000,s,514
8572100000,s,514
8573600000,r,514
8573600000,r,514
8573600000,r,514
8573600000,r,514
8573600000,r,514
8573600000,r,514
8579100000,s,514
8622900000,s,514
8622900000,s,514
8804600000,s,514
8807200000,s,514
8827300000,s,514
8867200000,r,514
8870200000,s,514
8870200000,s,514
8884600000,s,514
8886500000,s,514
8919800000,s,514
8928500000,r,514
8969900000,s,514
9037400000,r,514
9038000000,s,514
9050900000,r,514
9052800000,r,514
9052800000,r,514
9052800000,r,514
9052800000,r,514
9052800000,r,514
9052800000,r,514
9052800000,r,514
9053900000,r,514
9053900000,r,514
9053900000,r,514
9053900000,r,514
9053900000,r,514
9053900000,r,514
9053900000,r,514
9077300000,r,514
9077300000,r,514
9077300000,r,514
9077300000,r,514
9077300000,r,514
9077700000,s,514
9097000000,r,514
9099800000,s,514
9099800000,s,514
9146800000,r,514
9146800000,r,514
9146800000,r,514
9146800000,r,514
9146800000,r,514
9146800000,r,514
9146800000,r,514
9168300000,r,514
9168300000,r,514
9168300000,r,514
9168300000,r,514
9168300000,r,514
9168300000,r,514
9168300000,r,514
9168300000,r,514
9168300000,r,514
9168300000,r,514
9168300000,r,514
9168300000,r,514
9168300000,r,514
9168300000,r,514
9168300000,r,514
9168300000,r,514
9168300000,r,514
9168300000,r,514
9168300000,r,514
9168300000,r,514
9168300000,r,514
9168300000,r,514
9168300000,r,514
9168300000,r,514
9168300000,r,514
9168300000,r,514
9168300000,r,514
9168300000,r,514
9168300000,r,514
9168300000,r,514
9168300000,r,514
9168300000,r,514
9168300000,r,514
9168300000,r,514
9168300000,r,514
9168300000,r,514
9168300000,r,514
9168300000,r,514
9168300000,r,514
9168300000,r,514
9168300000,r,514
9169200000,s,514
9210300000,r,514
9210300000,r,514
9210300000,r,514
9210300000,r,514
9210300000,r,514
9210300000,r,514
9210300000,r,514
9210300000,r,514
9210300000,r,514
9210300000,r,514
9210300000,r,514
9210300000,r,514
9210300000,r,514
9210300000,r,514
9210300000,r,514
9210300000,r,514
9210400000,s,514
9210400000,s,514
9210400000,s,514
9210400000,s,514
9255900000,r,514
9255900000,r,514
9255900000,r,514
9255900000,r,514
9255900000,r,514
9255900000,r,514
9255900000,r,514
9259500000,r,514
9259500000,r,514
9262100000,s,514
9263100000,s,514
9263100000,s,514
9263100000,s,514
9263100000,s,514
9267400000,s,514
9267400000,s,514
9267400000,s,514
9267400000,s,514
9267400000,s,514
9269600000,r,514
9269600000,r,514
9269600000,r,514
9269600000,r,514
9269600000,r,514
9269600000,r,514
9269600000,r,514
9269600000,r,514
9270000000,s,514
9273600000,r,514
9273600000,r,514
9273600000,r,514
9273600000,r,514
9273600000,r,514
9273600000,r,514
9273600000,r,514
9273600000,r,514
9274000000,r,514
9274000000,r,514
9274000000,r,514
9274000000,r,514
9274000000,r,514
9274000000,r,514
9274000000,r,514
9274000000,r,514
9276300000,r,514
9276300000,r,514
9276300000,r,514
9276300000,r,514
9276300000,r,514
9276300000,r,514
9276300000,r,514
9276300000,r,514
9276300000,r,514
9276300000,r,514
9276300000,r,514
9276300000,r,514
9276300000,r,514
9276300000,r,514
9276300000,r,514
9276300000,r,514
9276300000,r,514
9276300000,r,514
9276300000,r,514
9276300000,r,514
9276300000,r,514
9276300000,r,514
9276300000,r,514
9276300000,r,514
9276300000,r,514
9276300000,r,514
9276300000,r,514
9276300000,r,514
9276300000,r,514
9276300000,r,514
9276300000,r,514
9276300000,r,514
9276300000,r,514
9276300000,r,514
9276300000,r,514
9276300000,r,514
9276300000,r,514
9276300000,r,514
9276300000,r,514
9276300000,r,514
9276300000,r,514
9276300000,r,514
9276300000,r,514
9276300000,r,514
9276300000,r,514
9276300000,r,514
9276300000,r,514
9276300000,r,514
9276300000,r,514
9276300000,r,514
9276300000,r,514
9276300000,r,514
9276300000,r,514
9276300000,r,514
9276300000,r,514
9276300000,r,514
9277000000,s,514
9298100000,r,514
9298100000,r,514
9298100000,r,514
9298100000,r,514
9298100000,r,514
9298100000,r,514
9298100000,r,514
9298100000,r,514
9298300000,r,514
9298300000,r,514
9298300000,r,514
9298300000,r,514
9298300000,r,514
9298300000,r,514
9298300000,r,514
9298300000,r,514
9298300000,s,514
9341300000,r,514
9365100000,r,514
9365100000,r,514
9365100000,r,514
9365100000,r,514
9365100000,r,514
9365100000,r,514
9365100000,r,514
9366300000,r,514
9366300000,r,514
9366300000,r,514
9366300000,r,514
9366300000,r,514
9366300000,r,514
9366300000,r,514
9366300000,r,514
9366600000,s,514
9367600000,r,514
9367600000,r,514
9367600000,r,514
9367600000,r,514
9408700000,r,514
9408700000,r,514
9408700000,r,514
9408700000,r,514
9408700000,r,514
9408700000,r,514
9408700000,r,514
9408700000,r,514
9408700000,r,514
9408700000,r,514
9412600000,s,514
9412600000,s,514
9475400000,r,514
9475400000,r,514
9477800000,s,514
9479300000,s,514
9479300000,s,514
9506000000,r,514
9506000000,r,514
9506000000,r,514
9506000000,r,514
9506000000,r,514
9543100000,r,514
9543100000,r,514
9543100000,r,514
9543100000,r,514
9545500000,s,514
9569800000,r,514
9569800000,r,514
9569800000,r,514
9569800000,r,514
9569800000,r,514
9569800000,r,514
9569800000,r,514
9570000000,s,514
9585300000,r,514
9585300000,r,514
9588300000,s,514
9594800000,r,514
9594800000,r,514
9594900000,s,514
9611000000,r,514
9611000000,r,514
9611000000,r,514
9611000000,r,514
9611000000,r,514
9611000000,r,514
9611000000,r,514
9611000000,r,514
9611000000,r,514
9611000000,r,514
9611000000,r,514
9611000000,r,514
9611000000,r,514
9611000000,r,514
9611000000,r,514
9611000000,r,514
9611000000,r,514
9611000000,r,514
9611000000,r,514
9611000000,r,514
9611000000,r,514
9611000000,r,514
9611000000,r,514
9611000000,r,514
9611000000,r,514
9611000000,r,514
9611000000,r,514
9611000000,r,514
9611000000,r,514
9611000000,r,514
9611000000,r,514
9611000000,r,514
9611000000,r,514
9611000000,r,514
9611000000,r,514
9611000000,r,514
9611000000,r,514
9611000000,r,514
9611000000,r,514
9611000000,r,514
9611000000,r,514
9611000000,r,514
9611000000,r,514
9611000000,r,514
9611000000,r,514
9611000000,r,514
9611000000,r,514
9611000000,r,514
9611000000,r,514
9611000000,r,514
9611000000,r,514
9611000000,r,514
9611000000,r,514
9611000000,r,514
9611000000,r,514
9611000000,r,514
9611000000,r,514
9611000000,r,514
9611000000,r,514
9611000000,r,514
9611000000,r,514
9611200000,r,514
9611200000,r,514
9611200000,r,514
9611200000,r,514
9611200000,r,514
9611200000,r,514
9611200000,r,514
9611200000,r,514
9611200000,r,514
9611200000,r,514
9611200000,r,514
9611200000,r,514
9611200000,r,514
9611200000,r,514
9611200000,r,514
9611200000,r,514
9611200000,r,514
9611200000,r,514
9611200000,r,514
9611200000,r,514
9611200000,r,514
9611200000,r,514
9611200000,r,514
9611200000,r,514
9611200000,r,514
9611200000,r,514
9611200000,r,514
9611200000,r,514
9611200000,r,514
9611200000,r,514
9611200000,r,514
9611200000,r,514
9611200000,r,514
9611200000,r,514
9611200000,r,514
9611200000,r,514
9611200000,r,514
9611200000,r,514
9611200000,r,514
9611200000,r,514
9611200000,r,514
9611200000,r,514
9611200000,r,514
9611200000,r,514
9611200000,r,514
9611200000,r,514
9611200000,r,514
9611200000,r,514
9611200000,r,514
9611300000,s,514
9611800000,s,514
9611800000,s,514
9653600000,r,514
9653600000,r,514
9653600000,r,514
9653600000,r,514
9653600000,r,514
9653600000,r,514
9653600000,r,514
9653600000,r,514
9653600000,r,514
9653600000,r,514
9653600000,r,514
9653600000,r,514
9653600000,r,514
9653600000,r,514
9653600000,r,514
9653600000,r,514
9653600000,r,514
9653600000,r,514
9653600000,r,514
9653600000,r,514
9653600000,r,514
9653600000,r,514
9653600000,r,514
9653600000,r,514
9653600000,r,514
9653600000,r,514
9653600000,r,514
9653600000,r,514
9653600000,r,514
9653600000,r,514
9653600000,r,514
9653600000,r,514
9653600000,r,514
9653600000,r,514
9653600000,r,514
9653600000,r,514
9653600000,r,514
9653600000,r,514
9653600000,r,514
9653600000,r,514
9653600000,r,514
9653600000,r,514
9653600000,r,514
9653600000,r,514
9653600000,r,514
9653600000,r,514
9653600000,r,514
9653600000,r,514
9653600000,r,514
9653600000,r,514
9653600000,r,514
9653600000,r,514
9653600000,r,514
9653600000,r,514
9653600000,r,514
9653600000,r,514
9653600000,r,514
9653600000,r,514
9653600000,r,514
9653600000,r,514
9653600000,r,514
9653800000,r,514
9653800000,r,514
9653800000,r,514
9653800000,r,514
9653800000,r,514
9653800000,r,514
9653800000,r,514
9653800000,r,514
9653800000,r,514
9653800000,r,514
9653800000,r,514
9653800000,r,514
9653800000,r,514
9653800000,r,514
9653800000,r,514
9653800000,r,514
9653800000,r,514
9653800000,r,514
9653800000,r,514
9653800000,r,514
9653800000,r,514
9653800000,r,514
9653800000,r,514
9653800000,r,514
9653800000,r,514
9653800000,r,514
9653800000,r,514
9653800000,r,514
9653800000,r,514
9653800000,r,514
9653800000,r,514
9653800000,r,514
9653800000,r,514
9653800000,r,514
9653800000,r,514
9653800000,r,514
9653800000,r,514
9653800000,r,514
9653800000,r,514
9653800000,r,514
9653800000,r,514
9653800000,r,514
9653800000,r,514
9653800000,r,514
9653800000,r,514
9653800000,r,514
9653800000,r,514
9653800000,r,514
9653800000,r,514
9653800000,r,514
9653800000,r,514
9653800000,r,514
9653800000,r,514
9653800000,r,514
9653800000,r,514
9653800000,r,514
9653800000,r,514
9653800000,r,514
9653800000,r,514
9653800000,r,514
9653900000,s,514
9654200000,s,514
9698800000,r,514
9698800000,r,514
9698800000,r,514
9698800000,r,514
9698900000,s,514
9698900000,s,514
9698900000,s,514
9699300000,s,514
9771400000,r,514
9771400000,r,514
9771400000,r,514
9771400000,r,514
9771400000,r,514
9771400000,r,514
9771400000,r,514
9773900000,r,514
9774000000,s,514
9778900000,s,514
9788900000,r,514
9789500000,s,514
9793500000,r,514
9793500000,r,514
9793500000,r,514
9793500000,r,514
9793500000,r,514
9793500000,r,514
9793500000,r,514
9793500000,r,514
9793500000,r,514
9793500000,r,514
9793500000,r,514
9793500000,r,514
9793500000,r,514
9793500000,r,514
9793500000,r,514
9793500000,r,514
9793500000,r,514
9793500000,r,514
9793500000,r,514
9793500000,r,514
9793500000,r,514
9793500000,r,514
9793500000,r,514
9793500000,r,514
9793500000,r,514
9793500000,r,514
9793500000,r,514
9793500000,r,514
9793500000,r,514
9793500000,r,514
9793500000,r,514
9793500000,r,514
9793500000,r,514
9793500000,r,514
9793500000,r,514
9793500000,r,514
9793500000,r,514
9793500000,r,514
9793500000,r,514
9793500000,r,514
9793500000,r,514
9793500000,r,514
9793500000,r,514
9793500000,r,514
9793500000,r,514
9793500000,r,514
9793500000,r,514
9793500000,r,514
9793500000,r,514
9793500000,r,514
9793500000,r,514
9793500000,r,514
9793500000,r,514
9793600000,r,514
9793600000,r,514
9793600000,r,514
9793600000,r,514
9793600000,r,514
9793600000,r,514
9793600000,r,514
9793600000,r,514
9793600000,r,514
9793600000,r,514
9793600000,r,514
9793600000,r,514
9793600000,r,514
9793600000,r,514
9793600000,r,514
9793600000,r,514
9793600000,r,514
9793600000,r,514
9793600000,r,514
9793600000,r,514
9793600000,r,514
9793600000,r,514
9793600000,r,514
9793600000,r,514
9793600000,r,514
9793600000,r,514
9793600000,r,514
9793600000,r,514
9793600000,r,514
9793600000,r,514
9793600000,r,514
9793600000,r,514
9793600000,r,514
9793600000,r,514
9793600000,r,514
9793600000,r,514
9793600000,r,514
9793600000,r,514
9793600000,r,514
9793600000,r,514
9793600000,r,514
9793600000,r,514
9793600000,r,514
9793600000,r,514
9793600000,r,514
9793600000,r,514
9793600000,r,514
9794700000,s,514
9808400000,r,514
9808400000,r,514
9808400000,r,514
9808400000,r,514
9808400000,r,514
9808400000,r,514
9808400000,r,514
9808400000,r,514
9808400000,r,514
9808400000,r,514
9808400000,r,514
9808800000,r,514
9808800000,r,514
9808800000,r,514
9808800000,r,514
9808800000,r,514
9808800000,r,514
9808800000,r,514
9808800000,r,514
9808800000,r,514
9808800000,r,514
9808800000,r,514
9808800000,r,514
9808800000,r,514
9808800000,r,514
9808800000,r,514
9808800000,r,514
9808800000,r,514
9808800000,r,514
9808800000,r,514
9808800000,r,514
9808800000,r,514
9808800000,r,514
9808800000,r,514
9808800000,r,514
9808800000,r,514
9808800000,r,514
9808800000,r,514
9808800000,r,514
9808800000,r,514
9808800000,r,514
9808800000,r,514
9808800000,r,514
9808800000,r,514
9808800000,r,514
9808800000,r,514
9808800000,r,514
9808800000,r,514
9808800000,r,514
9808800000,r,514
9808800000,r,514
9808800000,r,514
9808800000,r,514
9808800000,r,514
9808800000,r,514
9808800000,r,514
9808800000,r,514
9808800000,r,514
9808800000,r,514
9808800000,r,514
9808800000,r,514
9808800000,r,514
9808800000,r,514
9808800000,r,514
9808800000,r,514
9808800000,r,514
9808800000,r,514
9808800000,r,514
9808800000,r,514
9808800000,r,514
9808800000,r,514
9808800000,r,514
9808900000,r,514
9808900000,r,514
9808900000,r,514
9808900000,r,514
9808900000,r,514
9808900000,r,514
9808900000,r,514
9808900000,r,514
9808900000,r,514
9808900000,r,514
9808900000,r,514
9808900000,r,514
9808900000,r,514
9808900000,r,514
9808900000,r,514
9808900000,r,514
9808900000,r,514
9808900000,r,514
9808900000,r,514
9808900000,r,514
9808900000,r,514
9808900000,r,514
9808900000,r,514
9808900000,r,514
9808900000,r,514
9808900000,r,514
9808900000,r,514
9808900000,r,514
9808900000,r,514
9808900000,r,514
9808900000,r,514
9808900000,r,514
9808900000,r,514
9808900000,r,514
9808900000,r,514
9808900000,r,514
9808900000,r,514
9808900000,r,514
9808900000,r,514
9808900000,r,514
9808900000,r,514
9808900000,r,514
9808900000,r,514
9808900000,r,514
9808900000,r,514
9808900000,r,514
9808900000,r,514
9808900000,r,514
9808900000,r,514
9808900000,r,514
9809000000,s,514
9809000000,s,514
9809100000,r,514
9809100000,r,514
9809100000,r,514
9809100000,r,514
9809100000,r,514
9809100000,r,514
9811000000,s,514
9811100000,r,514
9811100000,r,514
9811100000,r,514
9811100000,r,514
9811100000,r,514
9811100000,r,514
9811100000,r,514
9811100000,r,514
9811100000,r,514
9811100000,r,514
9811100000,r,514
9811100000,r,514
9811100000,r,514
9811100000,r,514
9811100000,r,514
9811100000,r,514
9811100000,r,514
9811100000,r,514
9811100000,r,514
9811100000,r,514
9811100000,r,514
9811100000,r,514
9811100000,r,514
9811600000,s,514
9811600000,s,514
9811600000,s,514
9819500000,r,514
9819500000,r,514
9819500000,r,514
9819500000,r,514
9819500000,r,514
9819500000,r,514
9819500000,r,514
9819500000,r,514
9819500000,r,514
9819500000,r,514
9819500000,r,514
9819500000,r,514
9819500000,r,514
9819500000,r,514
9819500000,r,514
9819500000,r,514
9819500000,r,514
9819500000,r,514
9819500000,r,514
9819500000,r,514
9819500000,r,514
9819500000,r,514
9819500000,r,514
9819500000,r,514
9819500000,r,514
9819500000,r,514
9819500000,r,514
9819500000,r,514
9819500000,r,514
9819500000,r,514
9819500000,r,514
9819500000,r,514
9819500000,r,514
9819500000,r,514
9819500000,r,514
9819500000,r,514
9819500000,r,514
9819500000,r,514
9819500000,r,514
9819500000,r,514
9819500000,r,514
9819500000,r,514
9819500000,r,514
9819500000,r,514
9819500000,r,514
9819500000,r,514
9819500000,r,514
9819500000,r,514
9819500000,r,514
9819500000,r,514
9819500000,r,514
9819500000,r,514
9819500000,r,514
9819500000,r,514
9819500000,r,514
9819500000,r,514
9819500000,r,514
9819500000,r,514
9819500000,r,514
9819500000,r,514
9819500000,r,514
9819600000,r,514
9819600000,r,514
9819600000,r,514
9819600000,r,514
9819600000,r,514
9819600000,r,514
9819600000,r,514
9819600000,r,514
9819600000,r,514
9819600000,r,514
9819600000,r,514
9819600000,r,514
9819600000,r,514
9819600000,r,514
9819600000,r,514
9819600000,r,514
9819600000,r,514
9819600000,r,514
9819600000,r,514
9819600000,r,514
9819600000,r,514
9819600000,r,514
9819600000,r,514
9819600000,r,514
9819600000,r,514
9819600000,r,514
9819600000,r,514
9819600000,r,514
9819600000,r,514
9819600000,r,514
9819600000,r,514
9819600000,r,514
9819600000,r,514
9819600000,r,514
9819600000,r,514
9819600000,r,514
9819600000,r,514
9819600000,r,514
9819600000,r,514
9819600000,r,514
9819600000,r,514
9819600000,r,514
9819600000,r,514
9819600000,r,514
9819600000,r,514
9819600000,r,514
9819600000,r,514
9819600000,r,514
9819600000,r,514
9819600000,r,514
9819600000,r,514
9819600000,r,514
9819600000,r,514
9819600000,r,514
9819600000,r,514
9819600000,r,514
9819600000,r,514
9819600000,r,514
9819600000,r,514
9819600000,r,514
9819600000,r,514
9820000000,r,514
9820200000,s,514
9822900000,s,514
9822900000,s,514
9853700000,r,514
9853700000,r,514
9853700000,r,514
9853700000,r,514
9853700000,r,514
9853700000,r,514
9853700000,r,514
9853700000,r,514
9853700000,r,514
9853700000,r,514
9853700000,r,514
9853900000,r,514
9853900000,r,514
9853900000,r,514
9853900000,r,514
9853900000,r,514
9853900000,r,514
9853900000,r,514
9853900000,r,514
9853900000,r,514
9853900000,r,514
9853900000,r,514
9853900000,r,514
9853900000,r,514
9853900000,r,514
9853900000,r,514
9853900000,r,514
9853900000,r,514
9853900000,r,514
9853900000,r,514
9853900000,r,514
9853900000,r,514
9853900000,r,514
9853900000,r,514
9853900000,r,514
9853900000,r,514
9853900000,r,514
9853900000,r,514
9853900000,r,514
9853900000,r,514
9853900000,r,514
9853900000,r,514
9853900000,r,514
9853900000,r,514
9853900000,r,514
9853900000,r,514
9853900000,r,514
9853900000,r,514
9853900000,r,514
9853900000,r,514
9853900000,r,514
9853900000,r,514
9853900000,r,514
9853900000,r,514
9853900000,r,514
9853900000,r,514
9853900000,r,514
9853900000,r,514
9853900000,r,514
9853900000,r,514
9853900000,r,514
9853900000,r,514
9853900000,r,514
9853900000,r,514
9853900000,r,514
9853900000,r,514
9853900000,r,514
9853900000,r,514
9853900000,r,514
9853900000,r,514
9853900000,r,514
9853900000,r,514
9853900000,r,514
9853900000,r,514
9853900000,r,514
9853900000,r,514
9853900000,r,514
9853900000,r,514
9853900000,r,514
9853900000,r,514
9853900000,r,514
9853900000,r,514
9853900000,r,514
9853900000,r,514
9853900000,r,514
9853900000,r,514
9853900000,r,514
9853900000,r,514
9853900000,r,514
9853900000,r,514
9853900000,r,514
9853900000,r,514
9853900000,r,514
9853900000,r,514
9853900000,r,514
9853900000,r,514
9854200000,s,514
9854200000,s,514
9894900000,s,514
9897400000,r,514
9897400000,r,514
9897400000,r,514
9897400000,r,514
9897400000,r,514
9897400000,r,514
9897400000,r,514
9897400000,r,514
9897400000,r,514
9897400000,r,514
9897400000,r,514
9897400000,r,514
9897400000,r,514
9897400000,r,514
9897400000,r,514
9897400000,r,514
9897400000,r,514
9897400000,r,514
9897400000,r,514
9897400000,r,514
9897400000,r,514
9897400000,r,514
9897400000,r,514
9897400000,r,514
9897400000,r,514
9897400000,r,514
9897400000,r,514
9897400000,r,514
9897400000,r,514
9897400000,r,514
9897400000,r,514
9897400000,r,514
9897400000,r,514
9897400000,r,514
9897400000,r,514
9897900000,s,514
9897900000,s,514
9905900000,r,514
9905900000,r,514
9905900000,r,514
9905900000,r,514
9905900000,r,514
9905900000,r,514
9906100000,s,514
9906500000,s,514
9946800000,s,514
9946800000,s,514
9949500000,r,514
9949500000,r,514
9949500000,r,514
9949500000,r,514
9949500000,r,514
9949500000,r,514
9949500000,r,514
9949500000,r,514
9949500000,r,514
9949500000,r,514
9949500000,r,514
9949500000,r,514
9949500000,r,514
9949500000,r,514
9949500000,r,514
9950100000,s,514
9951000000,s,514
9951000000,s,514
10095100000,r,514
10095100000,r,514
10095100000,r,514
10095100000,r,514
10095100000,r,514
10095100000,r,514
10095100000,r,514
10101400000,r,514
10101400000,r,514
10101400000,r,514
10101400000,r,514
10101400000,r,514
10101400000,r,514
10101400000,r,514
10101400000,r,514
10101400000,r,514
10101400000,r,514
10101400000,r,514
10101400000,r,514
10101400000,r,514
10101400000,r,514
10101400000,r,514
10101400000,r,514
10101400000,r,514
10101400000,r,514
10101400000,r,514
10101400000,r,514
10101400000,r,514
10101400000,r,514
10101400000,r,514
10101400000,r,514
10101400000,r,514
10101400000,r,514
10101400000,r,514
10101400000,r,514
10101400000,r,514
10101400000,r,514
10103900000,r,514
10103900000,r,514
10103900000,r,514
10103900000,r,514
10103900000,r,514
10103900000,r,514
10103900000,r,514
10103900000,r,514
10104200000,s,514
10107000000,r,514
10107000000,r,514
10107000000,r,514
10107000000,r,514
10107000000,r,514
10107000000,r,514
10107000000,r,514
10107000000,r,514
10107300000,s,514
10145300000,r,514
10145300000,r,514
10145300000,r,514
10145300000,r,514
10145300000,r,514
10145300000,r,514
10145500000,s,514
10145500000,s,514
10157800000,r,514
10157800000,r,514
10157800000,r,514
10157800000,r,514
10157800000,r,514
10157800000,r,514
10157800000,r,514
10201400000,r,514
10201400000,r,514
10201400000,r,514
10204200000,s,514
10204200000,s,514
10281100000,r,514
10283600000,s,514
10283600000,s,514
10419200000,s,514
10420100000,s,514
10514500000,r,514
10514500000,r,514
10515500000,s,514
10558900000,s,514
10613900000,r,514
10613900000,r,514
10613900000,r,514
10613900000,r,514
10613900000,r,514
10613900000,r,514
10613900000,r,514
10636300000,s,514
10680700000,s,514
10688500000,r,514
10688500000,r,514
10688600000,s,514
10713000000,r,514
10713000000,r,514
10713000000,r,514
10713000000,r,514
10713000000,r,514
10713000000,r,514
10713000000,r,514
10713100000,s,514
10713100000,s,514
10713100000,s,514
10725700000,r,514
10725700000,r,514
10725700000,r,514
10725700000,r,514
10725700000,r,514
10725700000,r,514
10725700000,r,514
10725700000,r,514
10744800000,s,514
10747900000,s,514
10776300000,s,514
10801300000,r,514
10801300000,r,514
10801300000,r,514
10822500000,s,514
10881100000,r,514
10881100000,r,514
10881100000,r,514
10951800000,r,514
10954800000,s,514
10954800000,s,514
11013500000,r,514
11013500000,r,514
11013500000,r,514
11013500000,r,514
11013500000,r,514
11013500000,r,514
11013500000,r,514
11021200000,r,514
11021200000,r,514
11021200000,r,514
11021200000,r,514
11021200000,r,514
11021200000,r,514
11021200000,r,514
11021200000,r,514
11021200000,r,514
11021200000,r,514
11021200000,r,514
11021200000,r,514
11021200000,r,514
11021200000,r,514
11021200000,r,514
11021200000,r,514
11021200000,r,514
11021200000,r,514
11021200000,r,514
11021200000,r,514
11021200000,r,514
11021200000,r,514
11021200000,r,514
11042400000,r,514
11042400000,r,514
11042400000,r,514
11042400000,r,514
11042400000,r,514
11042400000,r,514
11042400000,r,514
11042400000,r,514
11042400000,r,514
11042400000,r,514
11042400000,r,514
11042400000,r,514
11042400000,r,514
11042400000,r,514
11042400000,r,514
11042400000,r,514
11042400000,r,514
11042400000,r,514
11042400000,r,514
11042400000,r,514
11042400000,r,514
11042400000,r,514
11042400000,r,514
11042400000,r,514
11042400000,r,514
11042400000,r,514
11042400000,r,514
11042400000,r,514
11042400000,r,514
11042400000,r,514
11042400000,r,514
11042400000,r,514
11042400000,r,514
11042400000,r,514
11042400000,r,514
11042400000,r,514
11042400000,r,514
11042400000,r,514
11042400000,r,514
11042400000,r,514
11042400000,r,514
11042400000,r,514
11042400000,r,514
11042400000,r,514
11042400000,r,514
11042400000,r,514
11042400000,r,514
11042400000,r,514
11042400000,r,514
11042400000,r,514
11042400000,r,514
11042400000,r,514
11042400000,r,514
11042400000,r,514
11042400000,r,514
11042400000,r,514
11042400000,r,514
11042400000,r,514
11042400000,r,514
11042400000,r,514
11042400000,r,514
11042600000,r,514
11042600000,r,514
11042600000,r,514
11042600000,r,514
11042600000,r,514
11042600000,r,514
11042600000,r,514
11042600000,r,514
11042600000,r,514
11042600000,r,514
11042600000,r,514
11042600000,r,514
11042600000,r,514
11042600000,r,514
11042600000,r,514
11042600000,r,514
11042600000,r,514
11042600000,r,514
11042600000,r,514
11042600000,r,514
11042600000,r,514
11042600000,r,514
11042600000,r,514
11042600000,r,514
11042600000,r,514
11042600000,r,514
11042600000,r,514
11042600000,r,514
11042600000,r,514
11042600000,r,514
11042600000,r,514
11042600000,r,514
11042600000,r,514
11042600000,r,514
11042600000,r,514
11042600000,r,514
11042600000,r,514
11042600000,r,514
11042600000,r,514
11042600000,r,514
11042600000,r,514
11042600000,r,514
11042600000,r,514
11042600000,r,514
11042600000,r,514
11042600000,r,514
11042600000,r,514
11042600000,r,514
11042600000,r,514
11042600000,r,514
11042600000,r,514
11042600000,r,514
11042600000,r,514
11042600000,r,514
11042600000,r,514
11042600000,r,514
11042600000,r,514
11042600000,r,514
11042600000,r,514
11042600000,r,514
11042600000,r,514
11042700000,r,514
11042700000,r,514
11042700000,r,514
11042700000,r,514
11042700000,r,514
11042700000,r,514
11044800000,s,514
11047100000,s,514
11047100000,s,514
11047100000,s,514
11047100000,s,514
11047100000,s,514
11054800000,r,514
11054800000,r,514
11054800000,r,514
11054800000,r,514
11054800000,r,514
11054800000,r,514
11054800000,r,514
11054800000,r,514
11054800000,r,514
11054800000,r,514
11054800000,r,514
11054800000,r,514
11054800000,r,514
11054800000,r,514
11054800000,r,514
11054800000,r,514
11054800000,r,514
11054800000,r,514
11054800000,r,514
11054800000,r,514
11054800000,r,514
11054800000,r,514
11054800000,r,514
11054800000,r,514
11054800000,r,514
11054800000,r,514
11054800000,r,514
11054800000,r,514
11054800000,r,514
11054800000,r,514
11054800000,r,514
11054800000,r,514
11054800000,r,514
11054800000,r,514
11054800000,r,514
11054800000,r,514
11054800000,r,514
11054800000,r,514
11054800000,r,514
11054800000,r,514
11054800000,r,514
11054800000,r,514
11054800000,r,514
11054800000,r,514
11054800000,r,514
11054800000,r,514
11054800000,r,514
11054800000,r,514
11054800000,r,514
11054800000,r,514
11054800000,r,514
11054800000,r,514
11054800000,r,514
11054800000,r,514
11054800000,r,514
11054800000,r,514
11054800000,r,514
11054800000,r,514
11054800000,r,514
11054800000,r,514
11054800000,r,514
11055000000,r,514
11055000000,r,514
11055000000,r,514
11055000000,r,514
11055000000,r,514
11055000000,r,514
11055000000,r,514
11055000000,r,514
11055000000,r,514
11055000000,r,514
11055000000,r,514
11055000000,r,514
11055000000,r,514
11055000000,r,514
11055000000,r,514
11055000000,r,514
11055000000,r,514
11055000000,r,514
11055000000,r,514
11055000000,r,514
11055000000,r,514
11055000000,r,514
11055000000,r,514
11055000000,r,514
11055000000,r,514
11055000000,r,514
11055000000,r,514
11055000000,r,514
11055000000,r,514
11055000000,r,514
11055000000,r,514
11055000000,r,514
11055000000,r,514
11055000000,r,514
11055000000,r,514
11055000000,r,514
11055000000,r,514
11055000000,r,514
11055000000,r,514
11055000000,r,514
11055000000,r,514
11055000000,r,514
11055000000,r,514
11055000000,r,514
11055000000,r,514
11055000000,r,514
11055000000,r,514
11055000000,r,514
11055000000,r,514
11055000000,r,514
11055000000,r,514
11055000000,r,514
11055000000,r,514
11055000000,r,514
11055000000,r,514
11055000000,r,514
11055000000,r,514
11055000000,r,514
11055000000,r,514
11055000000,r,514
11055000000,r,514
11055100000,r,514
11055100000,r,514
11055100000,r,514
11055100000,r,514
11055100000,r,514
11055100000,r,514
11055100000,r,514
11073300000,r,514
11073300000,r,514
11073300000,r,514
11073300000,r,514
11073300000,r,514
11073300000,r,514
11073300000,r,514
11073300000,r,514
11073300000,r,514
11073300000,r,514
11073300000,r,514
11073300000,r,514
11073300000,r,514
11073300000,r,514
11073300000,r,514
11073300000,r,514
11073300000,r,514
11073300000,r,514
11073300000,r,514
11073300000,r,514
11073300000,r,514
11073300000,r,514
11073300000,r,514
11073300000,r,514
11073300000,r,514
11073300000,r,514
11073300000,r,514
11073300000,r,514
11073300000,r,514
11073300000,r,514
11073300000,r,514
11073300000,r,514
11073300000,r,514
11073300000,r,514
11073300000,r,514
11073300000,r,514
11073300000,r,514
11073300000,r,514
11073300000,r,514
11073300000,r,514
11073300000,r,514
11073300000,r,514
11073300000,r,514
11073300000,r,514
11073300000,r,514
11073300000,r,514
11073300000,r,514
11073300000,r,514
11073300000,r,514
11073300000,r,514
11073300000,r,514
11073300000,r,514
11073300000,r,514
11073300000,r,514
11073300000,r,514
11073300000,r,514
11073300000,r,514
11073300000,r,514
11073300000,r,514
11073300000,r,514
11073300000,r,514
11073400000,r,514
11073400000,r,514
11073400000,r,514
11073400000,r,514
11073400000,r,514
11073400000,r,514
11073400000,r,514
11073400000,r,514
11073400000,r,514
11073400000,r,514
11073400000,r,514
11073400000,r,514
11073400000,r,514
11073400000,r,514
11073400000,r,514
11073400000,r,514
11073400000,r,514
11073400000,r,514
11073400000,r,514
11073400000,r,514
11073400000,r,514
11073400000,r,514
11073400000,r,514
11073400000,r,514
11073400000,r,514
11073400000,r,514
11073400000,r,514
11073400000,r,514
11073400000,r,514
11073400000,r,514
11073400000,r,514
11073400000,r,514
11073400000,r,514
11073400000,r,514
11073400000,r,514
11073400000,r,514
11073400000,r,514
11073400000,r,514
11073400000,r,514
11073400000,r,514
11073400000,r,514
11073400000,r,514
11073400000,r,514
11073400000,r,514
11073400000,r,514
11073400000,r,514
11073400000,r,514
11073400000,r,514
11073400000,r,514
11073400000,r,514
11073400000,r,514
11073400000,r,514
11073400000,r,514
11073400000,r,514
11073400000,r,514
11073400000,r,514
11073400000,r,514
11073400000,r,514
11073400000,r,514
11073400000,r,514
11073400000,r,514
11073400000,r,514
11073400000,r,514
11073400000,r,514
11073400000,r,514
11073400000,r,514
11073400000,r,514
11073400000,r,514
11073400000,r,514
11073400000,r,514
11073400000,r,514
11073400000,r,514
11073400000,r,514
11073400000,r,514
11073400000,r,514
11073400000,r,514
11073400000,r,514
11073400000,r,514
11073400000,r,514
11073400000,r,514
11073400000,r,514
11073400000,r,514
11073400000,r,514
11073400000,r,514
11073400000,r,514
11073400000,r,514
11073400000,r,514
11073400000,r,514
11073400000,r,514
11073400000,r,514
11073400000,r,514
11073400000,r,514
11073400000,r,514
11073400000,r,514
11073400000,r,514
11073400000,r,514
11073400000,r,514
11073400000,r,514
11073400000,r,514
11073400000,r,514
11073400000,r,514
11073400000,r,514
11073400000,r,514
11073400000,r,514
11073400000,r,514
11073400000,r,514
11073400000,r,514
11073400000,r,514
11073400000,r,514
11073400000,r,514
11073400000,r,514
11073400000,r,514
11073400000,r,514
11073400000,r,514
11073400000,r,514
11073400000,r,514
11073400000,r,514
11073400000,r,514
11073400000,r,514
11073400000,r,514
11073400000,r,514
11073400000,r,514
11073500000,r,514
11073500000,r,514
11073500000,r,514
11073500000,r,514
11073500000,r,514
11073500000,r,514
11073500000,r,514
11073500000,r,514
11073500000,r,514
11073500000,r,514
11073500000,r,514
11073500000,r,514
11073500000,r,514
11073500000,r,514
11073500000,r,514
11073500000,r,514
11073500000,r,514
11073500000,r,514
11073500000,r,514
11073500000,r,514
11073500000,r,514
11073500000,r,514
11073500000,r,514
11073500000,r,514
11073500000,r,514
11073500000,r,514
11073500000,r,514
11073500000,r,514
11073500000,r,514
11073500000,r,514
11073500000,r,514
11073500000,r,514
11073500000,r,514
11073500000,r,514
11073500000,r,514
11073500000,r,514
11073500000,r,514
11073500000,r,514
11073500000,r,514
11073500000,r,514
11073500000,r,514
11073500000,r,514
11073500000,r,514
11073500000,r,514
11073500000,r,514
11073500000,r,514
11073500000,r,514
11073500000,r,514
11073500000,r,514
11073500000,r,514
11073500000,r,514
11073500000,r,514
11073500000,r,514
11073500000,r,514
11073500000,r,514
11073500000,r,514
11073500000,r,514
11073500000,r,514
11073500000,r,514
11073500000,r,514
11073500000,r,514
11073500000,r,514
11073500000,r,514
11073500000,r,514
11073500000,r,514
11073500000,r,514
11073500000,r,514
11077700000,s,514
11077900000,s,514
11077900000,s,514
11091600000,s,514
11091600000,s,514
11091600000,s,514
11091600000,s,514
11091600000,s,514
11091600000,s,514
11091600000,s,514
11091600000,s,514
11114700000,r,514
11114700000,r,514
11114700000,r,514
11114700000,r,514
11114700000,r,514
11114700000,r,514
11114900000,s,514
11114900000,s,514
11114900000,s,514
11122800000,r,514
11122800000,r,514
11122800000,r,514
11122800000,r,514
11122800000,r,514
11122800000,r,514
11122800000,r,514
11122800000,r,514
11122800000,r,514
11122800000,r,514
11122800000,r,514
11122800000,r,514
11122800000,r,514
11122800000,r,514
11122800000,r,514
11122800000,r,514
11129800000,s,514
11129800000,s,514
11134900000,r,514
11134900000,r,514
11134900000,r,514
11134900000,r,514
11134900000,r,514
11134900000,r,514
11134900000,r,514
11134900000,r,514
11134900000,r,514
11134900000,r,514
11134900000,r,514
11134900000,r,514
11134900000,r,514
11134900000,r,514
11134900000,r,514
11134900000,r,514
11134900000,r,514
11134900000,r,514
11134900000,r,514
11134900000,r,514
11134900000,r,514
11134900000,r,514
11134900000,r,514
11134900000,r,514
11134900000,r,514
11134900000,r,514
11134900000,r,514
11134900000,r,514
11134900000,r,514
11134900000,r,514
11134900000,r,514
11134900000,r,514
11134900000,r,514
11134900000,r,514
11134900000,r,514
11134900000,r,514
11134900000,r,514
11134900000,r,514
11134900000,r,514
11134900000,r,514
11134900000,r,514
11134900000,r,514
11134900000,r,514
11134900000,r,514
11134900000,r,514
11134900000,r,514
11134900000,r,514
11134900000,r,514
11134900000,r,514
11134900000,r,514
11134900000,r,514
11134900000,r,514
11134900000,r,514
11134900000,r,514
11134900000,r,514
11134900000,r,514
11134900000,r,514
11134900000,r,514
11134900000,r,514
11134900000,r,514
11134900000,r,514
11135100000,r,514
11135100000,r,514
11135100000,r,514
11135100000,r,514
11135100000,r,514
11135100000,r,514
11135100000,r,514
11135100000,r,514
11135100000,r,514
11135100000,r,514
11135100000,r,514
11135100000,r,514
11135100000,r,514
11135100000,r,514
11135100000,r,514
11135100000,r,514
11135100000,r,514
11135100000,r,514
11135100000,r,514
11135100000,r,514
11135100000,r,514
11135100000,r,514
11135100000,r,514
11135100000,r,514
11135100000,r,514
11135100000,r,514
11135100000,r,514
11135100000,r,514
11135100000,r,514
11135100000,r,514
11135100000,r,514
11135100000,r,514
11135100000,r,514
11135100000,r,514
11135100000,r,514
11135100000,r,514
11135100000,r,514
11135100000,r,514
11135100000,r,514
11135100000,r,514
11135100000,r,514
11135100000,r,514
11135100000,r,514
11135100000,r,514
11135100000,r,514
11135100000,r,514
11135100000,r,514
11135100000,r,514
11135100000,r,514
11135100000,r,514
11135100000,r,514
11135100000,r,514
11135100000,r,514
11135100000,r,514
11135100000,r,514
11135100000,r,514
11135100000,r,514
11135100000,r,514
11135100000,r,514
11135100000,r,514
11135100000,r,514
11135200000,r,514
11135200000,r,514
11135200000,r,514
11135200000,r,514
11135200000,r,514
11135200000,r,514
11135200000,r,514
11135200000,r,514
11135200000,r,514
11135200000,r,514
11135200000,r,514
11135200000,r,514
11135200000,r,514
11135200000,r,514
11135200000,r,514
11135200000,r,514
11135200000,r,514
11136600000,s,514
11150900000,r,514
11150900000,r,514
11150900000,r,514
11150900000,r,514
11150900000,r,514
11150900000,r,514
11150900000,r,514
11150900000,r,514
11150900000,r,514
11150900000,r,514
11150900000,r,514
11150900000,r,514
11150900000,r,514
11150900000,r,514
11150900000,r,514
11150900000,r,514
11150900000,r,514
11150900000,r,514
11150900000,r,514
11150900000,r,514
11150900000,r,514
11150900000,r,514
11150900000,r,514
11150900000,r,514
11150900000,r,514
11150900000,r,514
11150900000,r,514
11150900000,r,514
11150900000,r,514
11150900000,r,514
11150900000,r,514
11150900000,r,514
11150900000,r,514
11150900000,r,514
11150900000,r,514
11150900000,r,514
11150900000,r,514
11150900000,r,514
11150900000,r,514
11150900000,r,514
11150900000,r,514
11150900000,r,514
11150900000,r,514
11150900000,r,514
11150900000,r,514
11150900000,r,514
11150900000,r,514
11150900000,r,514
11150900000,r,514
11150900000,r,514
11150900000,r,514
11150900000,r,514
11150900000,r,514
11150900000,r,514
11150900000,r,514
11150900000,r,514
11150900000,r,514
11150900000,r,514
11150900000,r,514
11150900000,r,514
11150900000,r,514
11151100000,r,514
11151100000,r,514
11151100000,r,514
11151100000,r,514
11151100000,r,514
11151100000,r,514
11151100000,r,514
11151100000,r,514
11151100000,r,514
11151100000,r,514
11151100000,r,514
11151100000,r,514
11151100000,r,514
11151100000,r,514
11151100000,r,514
11151100000,r,514
11151100000,r,514
11151100000,r,514
11151100000,r,514
11151100000,r,514
11151100000,r,514
11151100000,r,514
11151100000,r,514
11151100000,r,514
11151100000,r,514
11151100000,r,514
11151100000,r,514
11151100000,r,514
11151100000,r,514
11151100000,r,514
11151100000,r,514
11151100000,r,514
11151100000,r,514
11151100000,r,514
11151100000,r,514
11151100000,r,514
11151100000,r,514
11151100000,r,514
11151100000,r,514
11151100000,r,514
11151100000,r,514
11151100000,r,514
11151100000,r,514
11151100000,r,514
11151100000,r,514
11151100000,r,514
11151100000,r,514
11151100000,r,514
11151100000,r,514
11151100000,r,514
11151100000,r,514
11151100000,r,514
11151100000,r,514
11151100000,r,514
11151100000,r,514
11151100000,r,514
11151100000,r,514
11151100000,r,514
11151100000,r,514
11151100000,r,514
11151100000,r,514
11151100000,r,514
11151100000,r,514
11151100000,r,514
11151100000,r,514
11151100000,r,514
11151100000,r,514
11151100000,r,514
11151100000,r,514
11151100000,r,514
11151100000,r,514
11151100000,r,514
11151100000,r,514
11151100000,r,514
11151100000,r,514
11151100000,r,514
11151100000,r,514
11151100000,r,514
11151100000,r,514
11151100000,r,514
11151100000,r,514
11151100000,r,514
11151100000,r,514
11151100000,r,514
11151300000,s,514
11151300000,s,514
11151300000,s,514
11152000000,s,514
11153100000,r,514
11153100000,r,514
11153100000,r,514
11153100000,r,514
11153100000,r,514
11153100000,r,514
11153100000,r,514
11153100000,r,514
11153100000,r,514
11153100000,r,514
11153100000,r,514
11153100000,r,514
11153100000,r,514
11153100000,r,514
11153100000,r,514
11153100000,r,514
11153100000,r,514
11153100000,r,514
11153100000,r,514
11153100000,r,514
11153100000,r,514
11153100000,r,514
11153100000,r,514
11153100000,r,514
11153100000,r,514
11153100000,r,514
11153100000,r,514
11153100000,r,514
11153100000,r,514
11153100000,r,514
11153100000,r,514
11153100000,r,514
11153400000,r,514
11153400000,r,514
11153400000,r,514
11153400000,r,514
11153400000,r,514
11153400000,r,514
11153400000,r,514
11153400000,r,514
11153400000,r,514
11153400000,r,514
11153400000,r,514
11153400000,r,514
11153400000,r,514
11153400000,r,514
11153400000,r,514
11153400000,r,514
11153400000,r,514
11153400000,r,514
11153400000,r,514
11153400000,r,514
11153400000,r,514
11153400000,r,514
11153400000,r,514
11153400000,r,514
11153400000,r,514
11153400000,r,514
11153400000,r,514
11153400000,r,514
11159000000,s,514
11159000000,s,514
11159000000,s,514
11159000000,s,514
11159000000,s,514
11194900000,r,514
11194900000,r,514
11194900000,r,514
11194900000,r,514
11194900000,r,514
11233300000,r,514
11233300000,r,514
11233300000,r,514
11233300000,r,514
11234500000,s,514
11335100000,r,514
11335100000,r,514
11335100000,r,514
11335100000,r,514
11335100000,r,514
11335100000,r,514
11335100000,r,514
11335100000,r,514
11335100000,r,514
11335100000,r,514
11335100000,r,514
11335100000,r,514
11335100000,r,514
11335100000,r,514
11335100000,r,514
11335100000,r,514
11335100000,r,514
11335100000,r,514
11335100000,r,514
11335200000,r,514
11335200000,r,514
11335200000,r,514
11335200000,r,514
11335200000,r,514
11335200000,r,514
11335200000,r,514
11335200000,r,514
11335200000,r,514
11335200000,r,514
11335200000,r,514
11335200000,r,514
11335200000,r,514
11335200000,r,514
11335200000,r,514
11335200000,r,514
11335200000,r,514
11335200000,r,514
11335200000,r,514
11335200000,r,514
11335200000,r,514
11335200000,r,514
11335200000,r,514
11335200000,r,514
11335200000,r,514
11335200000,r,514
11336000000,s,514
11352000000,r,514
11352000000,r,514
11352000000,r,514
11352000000,r,514
11352000000,r,514
11352000000,r,514
11352000000,r,514
11352000000,r,514
11352000000,r,514
11352000000,r,514
11352000000,r,514
11352000000,r,514
11352000000,r,514
11352000000,r,514
11352000000,r,514
11352000000,r,514
11352200000,s,514
11352200000,s,514
11352200000,s,514
11370800000,r,514
11370800000,r,514
11371300000,s,514
11410700000,r,514
11410700000,r,514
11410700000,r,514
11410700000,r,514
11410700000,r,514
11410700000,r,514
11410700000,r,514
11410700000,r,514
11410700000,r,514
11410700000,r,514
11410700000,r,514
11410700000,r,514
11410700000,r,514
11410700000,r,514
11411100000,r,514
11411100000,r,514
11411100000,r,514
11411100000,r,514
11411100000,r,514
11411100000,r,514
11411100000,r,514
11411100000,r,514
11433100000,r,514
11433100000,r,514
11433100000,r,514
11433100000,r,514
11433100000,r,514
11433100000,r,514
11433100000,r,514
11433100000,r,514
11433100000,r,514
11433100000,r,514
11433100000,r,514
11433100000,r,514
11433100000,r,514
11433100000,r,514
11433100000,r,514
11433100000,r,514
11433100000,r,514
11433100000,r,514
11433100000,r,514
11433100000,r,514
11433100000,r,514
11433100000,r,514
11433100000,r,514
11433100000,r,514
11433100000,r,514
11433100000,r,514
11433100000,r,514
11433100000,r,514
11433100000,r,514
11433100000,r,514
11433100000,r,514
11433100000,r,514
11433100000,r,514
11433100000,r,514
11433100000,r,514
11434100000,s,514
11458800000,r,514
11458800000,r,514
11458800000,r,514
11458800000,r,514
11458800000,r,514
11458800000,r,514
11458800000,r,514
11458800000,r,514
11458800000,r,514
11458800000,r,514
11458800000,r,514
11458800000,r,514
11458800000,r,514
11458800000,r,514
11458800000,r,514
11458800000,r,514
11458800000,r,514
11458800000,r,514
11458800000,r,514
11458800000,r,514
11458800000,r,514
11458800000,r,514
11458800000,r,514
11458800000,r,514
11458800000,r,514
11458800000,r,514
11458800000,r,514
11458800000,r,514
11458800000,r,514
11458800000,r,514
11458800000,r,514
11458800000,r,514
11458800000,r,514
11458800000,r,514
11458800000,r,514
11458800000,r,514
11458800000,r,514
11458800000,r,514
11458800000,r,514
11458800000,r,514
11458800000,r,514
11458800000,r,514
11458800000,r,514
11458800000,r,514
11458800000,r,514
11458800000,r,514
11458800000,r,514
11458800000,r,514
11458800000,r,514
11458800000,r,514
11458800000,r,514
11458800000,r,514
11458800000,r,514
11458800000,r,514
11458800000,r,514
11458800000,r,514
11458800000,r,514
11458800000,r,514
11458800000,r,514
11458800000,r,514
11458800000,r,514
11458900000,r,514
11458900000,r,514
11458900000,r,514
11458900000,r,514
11458900000,r,514
11458900000,r,514
11458900000,r,514
11458900000,r,514
11458900000,r,514
11458900000,r,514
11458900000,r,514
11458900000,r,514
11458900000,r,514
11458900000,r,514
11458900000,r,514
11458900000,r,514
11458900000,r,514
11458900000,r,514
11458900000,r,514
11458900000,r,514
11458900000,r,514
11458900000,r,514
11458900000,r,514
11458900000,r,514
11458900000,r,514
11458900000,r,514
11458900000,r,514
11458900000,r,514
11458900000,r,514
11458900000,r,514
11458900000,r,514
11458900000,r,514
11458900000,r,514
11458900000,r,514
11458900000,r,514
11458900000,r,514
11458900000,r,514
11458900000,r,514
11458900000,r,514
11458900000,r,514
11458900000,r,514
11458900000,r,514
11458900000,r,514
11458900000,r,514
11458900000,r,514
11458900000,r,514
11458900000,r,514
11458900000,r,514
11458900000,r,514
11458900000,r,514
11458900000,r,514
11458900000,r,514
11458900000,r,514
11458900000,r,514
11458900000,r,514
11458900000,r,514
11458900000,r,514
11458900000,r,514
11458900000,r,514
11458900000,r,514
11458900000,r,514
11459000000,r,514
11459000000,r,514
11459000000,r,514
11459000000,r,514
11459000000,r,514
11459000000,r,514
11459000000,r,514
11459000000,r,514
11459000000,r,514
11459000000,r,514
11459000000,r,514
11459000000,r,514
11459000000,r,514
11459000000,r,514
11459000000,r,514
11459000000,r,514
11459000000,r,514
11459000000,r,514
11459000000,r,514
11459000000,r,514
11459000000,r,514
11459000000,r,514
11459000000,r,514
11459000000,r,514
11459000000,r,514
11459100000,s,514
11460000000,s,514
11460500000,r,514
11460500000,r,514
11460500000,r,514
11460500000,r,514
11460500000,r,514
11460500000,r,514
11460500000,r,514
11460500000,r,514
11461000000,r,514
11468700000,s,514
11468700000,s,514
11502600000,r,514
11502600000,r,514
11502600000,r,514
11502600000,r,514
11503600000,s,514
11506900000,r,514
11506900000,r,514
11506900000,r,514
11506900000,r,514
11506900000,r,514
11506900000,r,514
11506900000,r,514
11512100000,r,514
11512100000,r,514
11512100000,r,514
11512100000,r,514
11512100000,r,514
11512100000,r,514
11512100000,r,514
11512100000,r,514
11512100000,r,514
11512100000,r,514
11512100000,r,514
11512100000,r,514
11512100000,r,514
11512100000,r,514
11512100000,r,514
11512700000,s,514
11512700000,s,514
11514300000,r,514
11514300000,r,514
11514300000,r,514
11514300000,r,514
11514300000,r,514
11514300000,r,514
11514300000,r,514
11514300000,r,514
11514300000,r,514
11514300000,r,514
11514300000,r,514
11514300000,r,514
11514300000,r,514
11514300000,r,514
11514300000,r,514
11514300000,r,514
11514300000,r,514
11514300000,r,514
11514300000,r,514
11514300000,r,514
11514300000,r,514
11514300000,r,514
11514300000,r,514
11514300000,r,514
11514300000,r,514
11514300000,r,514
11514300000,r,514
11514300000,r,514
11514300000,r,514
11514300000,r,514
11514300000,r,514
11514300000,r,514
11514300000,r,514
11514300000,r,514
11514300000,r,514
11514300000,r,514
11514300000,r,514
11514300000,r,514
11514300000,r,514
11514300000,r,514
11514300000,r,514
11514300000,r,514
11514300000,r,514
11514300000,r,514
11514300000,r,514
11514300000,r,514
11514300000,r,514
11514300000,r,514
11514300000,r,514
11514300000,r,514
11514300000,r,514
11514300000,r,514
11514300000,r,514
11514300000,r,514
11514300000,r,514
11514300000,r,514
11514300000,r,514
11514300000,r,514
11514300000,r,514
11514300000,r,514
11514300000,r,514
11514400000,r,514
11514400000,r,514
11514400000,r,514
11514400000,r,514
11514400000,r,514
11514400000,r,514
11514400000,r,514
11514400000,r,514
11514400000,r,514
11514400000,r,514
11514400000,r,514
11514400000,r,514
11514400000,r,514
11514400000,r,514
11514400000,r,514
11514400000,r,514
11514400000,r,514
11514400000,r,514
11514400000,r,514
11514400000,r,514
11514400000,r,514
11514400000,r,514
11514400000,r,514
11514400000,r,514
11514400000,r,514
11514400000,r,514
11514400000,r,514
11514400000,r,514
11514400000,r,514
11514400000,r,514
11514400000,r,514
11514400000,r,514
11514400000,r,514
11514400000,r,514
11514400000,r,514
11514400000,r,514
11514400000,r,514
11514400000,r,514
11514400000,r,514
11514400000,r,514
11514400000,r,514
11514400000,r,514
11514400000,r,514
11514400000,r,514
11514400000,r,514
11514400000,r,514
11514400000,r,514
11514400000,r,514
11514400000,r,514
11514400000,r,514
11514400000,r,514
11514400000,r,514
11514400000,r,514
11514400000,r,514
11514400000,r,514
11514400000,r,514
11514400000,r,514
11514400000,r,514
11514400000,r,514
11514400000,r,514
11514400000,r,514
11514500000,r,514
11514500000,r,514
11514500000,r,514
11514500000,s,514
11514700000,r,514
11514700000,r,514
11514700000,r,514
11514700000,r,514
11514700000,r,514
11514700000,r,514
11515100000,s,514
11518500000,r,514
11518500000,r,514
11518500000,r,514
11518500000,r,514
11518500000,r,514
11518500000,r,514
11518500000,r,514
11518500000,r,514
11518500000,r,514
11518500000,r,514
11518500000,r,514
11518500000,r,514
11518500000,r,514
11518500000,r,514
11518500000,r,514
11530800000,s,514
11530800000,s,514
11530800000,s,514
11534800000,r,514
11534800000,r,514
11534800000,r,514
11534800000,r,514
11534800000,r,514
11534800000,r,514
11534800000,r,514
11534800000,r,514
11534800000,r,514
11534800000,r,514
11534800000,r,514
11534800000,r,514
11534800000,r,514
11534800000,r,514
11534800000,r,514
11534800000,r,514
11534800000,r,514
11534800000,r,514
11534800000,r,514
11534800000,r,514
11534800000,r,514
11534800000,r,514
11594500000,r,514
11594500000,r,514
11595200000,s,514
11664700000,r,514
11741800000,r,514
11742500000,s,514
11806800000,r,514
11806800000,r,514
11850800000,r,514
11850800000,r,514
11864000000,s,514
11904400000,r,514
11904500000,s,514
11947000000,s,514
11992800000,s,514
12015600000,r,514
12015700000,s,514
12058900000,s,514
12058900000,s,514
12156600000,r,514
12190800000,r,514
12190800000,r,514
12190800000,r,514
12190800000,r,514
12190800000,r,514
12190900000,r,514
12190900000,r,514
12190900000,r,514
12190900000,r,514
12190900000,r,514
12190900000,r,514
12190900000,r,514
12190900000,r,514
12190900000,r,514
12190900000,r,514
12190900000,r,514
12190900000,r,514
12190900000,r,514
12190900000,r,514
12190900000,r,514
12190900000,r,514
12190900000,r,514
12190900000,r,514
12190900000,r,514
12190900000,r,514
12190900000,r,514
12190900000,r,514
12190900000,r,514
12190900000,r,514
12190900000,r,514
12191600000,s,514
12264600000,r,514
12264600000,r,514
12264600000,r,514
12264600000,r,514
12264600000,r,514
12264600000,r,514
12265300000,s,514
12339100000,r,514
12352100000,r,514
12352100000,r,514
12357400000,r,514
12367500000,s,514
12368000000,r,514
12368000000,r,514
12368000000,r,514
12368000000,r,514
12368000000,r,514
12368000000,r,514
12368000000,r,514
12386100000,s,514
12386100000,s,514
12426900000,s,514
12426900000,s,514
12426900000,s,514
12468300000,r,514
12468300000,r,514
12472000000,r,514
12473400000,s,514
12543400000,r,514
12543400000,r,514
12657700000,r,514
12662900000,r,514
12662900000,r,514
12662900000,r,514
12662900000,r,514
12662900000,r,514
12662900000,r,514
12662900000,r,514
12664200000,s,514
12668000000,r,514
12668000000,r,514
12668000000,r,514
12668000000,r,514
12668000000,r,514
12668000000,r,514
12668000000,r,514
12668000000,r,514
12668100000,r,514
12668100000,r,514
12668100000,r,514
12668100000,r,514
12668100000,r,514
12668100000,r,514
12668100000,r,514
12668100000,r,514
12671500000,r,514
12671500000,r,514
12671500000,r,514
12671500000,r,514
12671500000,r,514
12671700000,r,514
12671700000,r,514
12671700000,r,514
12671700000,r,514
12671700000,r,514
12671700000,r,514
12671700000,r,514
12671700000,r,514
12671700000,r,514
12671700000,r,514
12671700000,r,514
12671700000,r,514
12671700000,r,514
12671700000,r,514
12672600000,s,514
12731500000,r,514
12731500000,r,514
12731500000,r,514
12731500000,r,514
12731500000,r,514
12731500000,r,514
12731500000,r,514
12732400000,s,514
12824500000,r,514
12824500000,r,514
12825000000,s,514
12866800000,s,514
12866800000,s,514
12887800000,r,514
12887800000,r,514
13006800000,r,514
13154800000,r,514
13155500000,s,514
13202900000,s,514
13202900000,s,514
13202900000,s,514
13202900000,s,514
13202900000,s,514
13269000000,r,514
13309400000,r,514
13309400000,r,514
13309400000,r,514
13309400000,r,514
13309400000,r,514
13309400000,r,514
13309400000,r,514
13309400000,r,514
13309500000,r,514
13309500000,r,514
13309500000,r,514
13309500000,r,514
13309500000,r,514
13309500000,r,514
13309500000,r,514
13309500000,r,514
13309500000,r,514
13309500000,r,514
13309500000,r,514
13309500000,r,514
13309500000,r,514
13309500000,r,514
13309500000,r,514
13309500000,r,514
13309500000,r,514
13309500000,r,514
13309500000,r,514
13309500000,r,514
13309500000,r,514
13309500000,r,514
13309500000,r,514
13309500000,r,514
13309500000,r,514
13309500000,r,514
13309500000,r,514
13309500000,r,514
13309500000,r,514
13309500000,r,514
13310800000,s,514
13404700000,r,514
13404700000,r,514
13404700000,r,514
13404700000,r,514
13404700000,r,514
13404700000,r,514
13404700000,r,514
13445300000,r,514
13446000000,s,514
13503500000,s,514
13657800000,s,514
13657800000,s,514
13657800000,s,514
13694600000,r,514
13923000000,s,514
13947000000,r,514
13947000000,r,514
13947000000,r,514
13947000000,r,514
13949300000,r,514
13949300000,r,514
13949300000,r,514
13949300000,r,514
13949300000,r,514
13949300000,r,514
13949300000,r,514
13958000000,r,514
13958000000,r,514
13958000000,r,514
13958000000,r,514
13958000000,r,514
13958000000,r,514
13958000000,r,514
13958000000,r,514
13966100000,r,514
13966100000,r,514
13966100000,r,514
13966100000,r,514
13966100000,r,514
13966100000,r,514
13966100000,r,514
13966100000,r,514
13966200000,r,514
13966200000,r,514
13966200000,r,514
13966200000,r,514
13966200000,r,514
13966200000,r,514
13966200000,r,514
13966200000,r,514
13966300000,r,514
13966300000,r,514
13966300000,r,514
13966300000,r,514
13966300000,r,514
13966300000,r,514
13966300000,r,514
13966300000,r,514
13966600000,s,514
13966700000,r,514
13966700000,r,514
13966700000,r,514
13966700000,r,514
13966700000,r,514
13966700000,r,514
13966700000,r,514
13966700000,r,514
13966800000,r,514
13966800000,r,514
13966800000,r,514
13966800000,r,514
13966800000,r,514
13966800000,r,514
13966800000,r,514
13967000000,r,514
13967000000,r,514
13967000000,r,514
13967000000,r,514
13967000000,r,514
13967000000,r,514
13967000000,r,514
13967000000,r,514
13967100000,r,514
13969700000,r,514
13969700000,r,514
13969700000,r,514
13969700000,r,514
13969700000,r,514
13969700000,r,514
13969700000,r,514
13971200000,s,514
14084100000,r,514
14084100000,r,514
14084100000,r,514
14084100000,r,514
14084100000,r,514
14084100000,r,514
14084100000,r,514
14084100000,r,514
14085000000,s,514
14158400000,r,514
14214600000,r,514
14214600000,r,514
14214600000,r,514
14224200000,r,514
14224200000,r,514
14224200000,r,514
14224200000,r,514
14224200000,r,514
14224200000,r,514
14224200000,r,514
14224200000,r,514
14265500000,r,514
14265500000,r,514
14265500000,r,514
14265500000,r,514
14265500000,r,514
14265500000,r,514
14265500000,r,514
14265500000,r,514
14265500000,r,514
14265500000,r,514
14265500000,r,514
14265500000,r,514
14265500000,r,514
14265500000,r,514
14265500000,r,514
14265500000,r,514
14265500000,r,514
14265500000,r,514
14265500000,r,514
14265500000,r,514
14265500000,r,514
14265500000,r,514
14265500000,r,514
14265500000,r,514
14265500000,r,514
14265500000,r,514
14265500000,r,514
14265500000,r,514
14265500000,r,514
14265500000,r,514
14265500000,r,514
14265500000,r,514
14265500000,r,514
14265500000,r,514
14265500000,r,514
14265500000,r,514
14265500000,r,514
14265500000,r,514
14265500000,r,514
14265500000,r,514
14265600000,r,514
14265600000,r,514
14265600000,r,514
14265600000,r,514
14265600000,r,514
14265600000,r,514
14265600000,r,514
14265600000,r,514
14265600000,r,514
14265600000,r,514
14265600000,r,514
14265600000,r,514
14265600000,r,514
14265600000,r,514
14265600000,r,514
14265600000,r,514
14265600000,r,514
14265600000,r,514
14265600000,r,514
14265600000,r,514
14265600000,r,514
14265600000,r,514
14265600000,r,514
14265600000,r,514
14265600000,r,514
14265600000,r,514
14265600000,r,514
14265600000,r,514
14265600000,r,514
14265600000,r,514
14265600000,r,514
14265600000,r,514
14265600000,r,514
14265600000,r,514
14265600000,r,514
14265600000,r,514
14265600000,r,514
14265600000,r,514
14265600000,r,514
14265600000,r,514
14265600000,r,514
14265600000,r,514
14265600000,r,514
14265600000,r,514
14265600000,r,514
14266700000,s,514
14266700000,s,514
14340600000,r,514
14340600000,r,514
14340600000,r,514
14341000000,s,514
14389100000,s,514
14537500000,s,514
14704200000,r,514
14704200000,r,514
14704200000,r,514
14704200000,r,514
14704200000,r,514
14704200000,r,514
14704200000,r,514
14705700000,r,514
14705700000,r,514
14705700000,r,514
14705700000,r,514
14705700000,r,514
14705700000,r,514
14705700000,r,514
14705700000,r,514
14716400000,r,514
14716400000,r,514
14716400000,r,514
14716400000,r,514
14716400000,r,514
14716400000,r,514
14716400000,r,514
14716400000,r,514
14718100000,r,514
14718100000,r,514
14718100000,r,514
14718100000,r,514
14718100000,r,514
14718100000,r,514
14718100000,r,514
14718100000,r,514
14718600000,r,514
14718600000,r,514
14718600000,r,514
14718600000,r,514
14718600000,r,514
14718600000,r,514
14718600000,r,514
14718600000,r,514
14718600000,r,514
14718600000,r,514
14718600000,r,514
14718600000,r,514
14718600000,r,514
14718600000,r,514
14718600000,r,514
14718600000,r,514
14718600000,r,514
14718600000,r,514
14718600000,r,514
14718600000,r,514
14718600000,r,514
14718600000,r,514
14718600000,r,514
14719200000,s,514
14721300000,r,514
14721300000,r,514
14721300000,r,514
14721300000,r,514
14721300000,r,514
14721300000,r,514
14721300000,r,514
14721300000,r,514
14721700000,s,514
14721800000,r,514
14721800000,r,514
14721800000,r,514
14721800000,r,514
14721800000,r,514
14721800000,r,514
14721800000,r,514
14724100000,r,514
14724100000,r,514
14724100000,r,514
14724100000,r,514
14724100000,r,514
14724100000,r,514
14724100000,r,514
14724100000,r,514
14725600000,r,514
14725600000,r,514
14725600000,r,514
14725600000,r,514
14725600000,r,514
14725600000,r,514
14725600000,r,514
14725600000,r,514
14725700000,r,514
14725700000,r,514
14725700000,r,514
14725700000,r,514
14725700000,r,514
14725700000,r,514
14725700000,r,514
14725700000,r,514
14725700000,r,514
14725700000,r,514
14726000000,r,514
14726000000,r,514
14726000000,r,514
14726000000,r,514
14726300000,s,514
14798700000,r,514
14798700000,r,514
14798700000,r,514
14798700000,r,514
14916200000,r,514
14918500000,s,514
14918500000,s,514
15299400000,r,514
15299400000,r,514
15299400000,r,514
15299400000,r,514
15299400000,r,514
15299400000,r,514
15299400000,r,514
15381800000,r,514
15381800000,r,514
15385700000,s,514
15677400000,r,514
15677400000,r,514
15679800000,s,514
15683600000,s,514
15683600000,s,514
15965300000,r,514
15966100000,s,514
16055299999,r,514
16144400000,r,514
16144400000,r,514
16144400000,r,514
16145399999,s,514
16258099999,s,514
16796700000,s,514
16995500000,r,514
16996500000,s,514
17274500000,r,514
17275400000,s,514
17581000000,r,514
17791500000,r,514
17794000000,s,514
17794000000,s,514
18081700000,r,514
18081700000,r,514
18081700000,r,514
18081700000,r,514
18081700000,r,514
18081700000,r,514
18081700000,r,514
18166000000,r,514
18166000000,r,514
18166000000,r,514
18171500000,s,514
18465300000,r,514
18465300000,r,514
18468400000,s,514
18756000000,r,514
18756000000,r,514
18756700000,s,514
18758000000,r,514
18758000000,r,514
18758000000,r,514
18758000000,r,514
18758000000,r,514
18758000000,r,514
18758000000,r,514
18759500000,r,514
18759500000,r,514
18759500000,r,514
18759500000,r,514
18759500000,r,514
18759500000,r,514
18759500000,r,514
18759500000,r,514
18768100000,r,514
18768100000,r,514
18768100000,r,514
18768100000,r,514
18768100000,r,514
18768100000,r,514
18768100000,r,514
18770800000,r,514
18770800000,r,514
18770800000,r,514
18770800000,r,514
18770800000,r,514
18770800000,r,514
18770800000,r,514
18770800000,r,514
18770800000,r,514
18770800000,r,514
18770800000,r,514
18770800000,r,514
18770800000,r,514
18770800000,r,514
18770800000,r,514
18773500000,r,514
18773500000,r,514
18773500000,r,514
18773500000,r,514
18773500000,r,514
18773500000,r,514
18773500000,r,514
18773500000,r,514
18773500000,r,514
18773500000,r,514
18773500000,r,514
18773500000,r,514
18773500000,r,514
18773500000,r,514
18773500000,r,514
18773700000,r,514
18773700000,r,514
18773700000,r,514
18773700000,r,514
18773700000,r,514
18773700000,r,514
18773700000,r,514
18773700000,r,514
18773700000,r,514
18773700000,r,514
18773700000,r,514
18773700000,r,514
18773700000,r,514
18773700000,r,514
18774600000,s,514
18776000000,s,514
18776800000,r,514
18776800000,r,514
18776800000,r,514
18776800000,r,514
18776800000,r,514
18776800000,r,514
18778400000,r,514
18778400000,r,514
18778400000,r,514
18778400000,r,514
18778400000,r,514
18778400000,r,514
18778400000,r,514
18852500000,r,514
18852500000,r,514
18852500000,r,514
18852500000,r,514
18852500000,r,514
18852500000,r,514
18852500000,r,514
18852900000,s,514
18860500000,s,514
23279900000,s,514
23893000000,s,514
