0,s,514
201300000,r,514
201300000,r,514
403100000,r,514
403100000,r,514
403100000,r,514
403100000,r,514
403900000,s,514
403900000,s,514
403900000,s,514
604500000,r,514
604500000,r,514
605400000,s,514
605400000,s,514
605400000,s,514
605400000,s,514
605400000,s,514
761100000,s,514
806000000,r,514
806000000,r,514
809800000,r,514
809800000,r,514
809800000,r,514
809800000,r,514
809800000,r,514
809800000,r,514
809800000,r,514
809800000,r,514
809800000,r,514
809800000,r,514
809800000,r,514
809800000,r,514
809800000,r,514
809800000,r,514
809800000,r,514
809800000,r,514
809800000,r,514
809800000,r,514
809800000,r,514
809800000,r,514
809800000,r,514
809800000,r,514
809800000,r,514
809800000,r,514
1009800000,r,514
1009800000,r,514
1009800000,r,514
1009800000,r,514
1009800000,r,514
1009800000,r,514
1009800000,r,514
1009800000,r,514
1009800000,r,514
1009800000,r,514
1009800000,r,514
1009800000,r,514
1009800000,r,514
1009800000,r,514
1009800000,r,514
1009800000,r,514
1009800000,r,514
1009800000,r,514
1009800000,r,514
1009800000,r,514
1009800000,r,514
1009800000,r,514
1009800000,r,514
1009800000,r,514
1009800000,r,514
1009800000,r,514
1009800000,r,514
1009800000,r,514
1009800000,r,514
1009800000,r,514
1009800000,r,514
1009800000,r,514
1009800000,r,514
1009800000,r,514
1009800000,r,514
1009800000,r,514
1009800000,r,514
1009800000,r,514
1009800000,r,514
1009800000,r,514
1009800000,r,514
1009800000,r,514
1009800000,r,514
1009800000,r,514
1009800000,r,514
1009800000,r,514
1009800000,r,514
1009800000,r,514
1009800000,r,514
1009800000,r,514
1009800000,r,514
1009800000,r,514
1009800000,r,514
1018699999,s,514
1210300000,r,514
1210300000,r,514
1210300000,r,514
1210300000,r,514
1210300000,r,514
1210300000,r,514
1210300000,r,514
1210300000,r,514
1210300000,r,514
1210300000,r,514
1210300000,r,514
1210300000,r,514
1210300000,r,514
1210300000,r,514
1210300000,r,514
1210300000,r,514
1210300000,r,514
1210300000,r,514
1210300000,r,514
1210300000,r,514
1210300000,r,514
1210300000,r,514
1210300000,r,514
1210300000,r,514
1210300000,r,514
1210300000,r,514
1210300000,r,514
1210300000,r,514
1210300000,r,514
1210300000,r,514
1210300000,r,514
1210300000,r,514
1210300000,r,514
1210300000,r,514
1210300000,r,514
1210300000,r,514
1210300000,r,514
1210300000,r,514
1210300000,r,514
1210300000,r,514
1210300000,r,514
1210300000,r,514
1210300000,r,514
1210300000,r,514
1210300000,r,514
1210300000,r,514
1210300000,r,514
1210300000,r,514
1210300000,r,514
1210300000,r,514
1210300000,r,514
1210300000,r,514
1210300000,r,514
1210300000,r,514
1210300000,r,514
1210300000,r,514
1210300000,r,514
1210300000,r,514
1210300000,r,514
1210300000,r,514
1210300000,r,514
1210400000,r,514
1210400000,r,514
1210400000,r,514
1210400000,r,514
1210400000,r,514
1210400000,r,514
1210400000,r,514
1210400000,r,514
1210400000,r,514
1210400000,r,514
1210400000,r,514
1210400000,r,514
1210400000,r,514
1210400000,r,514
1210400000,r,514
1210400000,r,514
1210400000,r,514
1210400000,r,514
1210400000,r,514
1210400000,r,514
1210400000,r,514
1210400000,r,514
1210400000,r,514
1210400000,r,514
1210400000,r,514
1210400000,r,514
1210400000,r,514
1210400000,r,514
1210400000,r,514
1210400000,r,514
1210400000,r,514
1210400000,r,514
1210400000,r,514
1210400000,r,514
1210400000,r,514
1210400000,r,514
1210400000,r,514
1210400000,r,514
1210400000,r,514
1210400000,r,514
1210400000,r,514
1210400000,r,514
1210400000,r,514
1210400000,r,514
1210400000,r,514
1210800000,s,514
1215500000,s,514
1215500000,s,514
1410800000,r,514
1410800000,r,514
1410800000,r,514
1410800000,r,514
1410800000,r,514
1410800000,r,514
1410800000,r,514
1410800000,r,514
1410800000,r,514
1410800000,r,514
1410800000,r,514
1410800000,r,514
1410800000,r,514
1410800000,r,514
1410800000,r,514
1410800000,r,514
1410800000,r,514
1410800000,r,514
1410800000,r,514
1410800000,r,514
1410800000,r,514
1410800000,r,514
1410800000,r,514
1410800000,r,514
1410800000,r,514
1410800000,r,514
1410800000,r,514
1411000000,r,514
1411000000,r,514
1411000000,r,514
1411000000,r,514
1411000000,r,514
1411000000,r,514
1411000000,r,514
1411000000,r,514
1411000000,r,514
1411000000,r,514
1411000000,r,514
1411000000,r,514
1411000000,r,514
1411000000,r,514
1411000000,r,514
1411000000,r,514
1411000000,r,514
1411000000,r,514
1411000000,r,514
1411000000,r,514
1411000000,r,514
1411000000,r,514
1411000000,r,514
1411000000,r,514
1411000000,r,514
1411000000,r,514
1411000000,r,514
1411000000,r,514
1411000000,r,514
1411000000,r,514
1411000000,r,514
1411000000,r,514
1411000000,r,514
1411000000,r,514
1411000000,r,514
1411000000,r,514
1411000000,r,514
1411000000,r,514
1411000000,r,514
1411000000,r,514
1411000000,r,514
1411000000,r,514
1411000000,r,514
1411000000,r,514
1411000000,r,514
1411000000,r,514
1411000000,r,514
1411000000,r,514
1411000000,r,514
1411000000,r,514
1411000000,r,514
1411000000,r,514
1411000000,r,514
1411000000,r,514
1411000000,r,514
1411000000,r,514
1411000000,r,514
1411000000,r,514
1411000000,r,514
1411000000,r,514
1411000000,r,514
1411000000,r,514
1411000000,r,514
1411000000,r,514
1411000000,r,514
1411000000,r,514
1411000000,r,514
1411000000,r,514
1411000000,r,514
1411000000,r,514
1411000000,r,514
1411000000,r,514
1411000000,r,514
1411000000,r,514
1411000000,r,514
1411000000,r,514
1411000000,r,514
1411000000,r,514
1411000000,r,514
1411000000,r,514
1411000000,r,514
1411000000,r,514
1411000000,r,514
1411000000,r,514
1411000000,r,514
1411000000,r,514
1411000000,r,514
1411000000,r,514
1411000000,r,514
1411000000,r,514
1411000000,r,514
1411000000,r,514
1411000000,r,514
1411000000,r,514
1411000000,r,514
1411000000,r,514
1411000000,r,514
1411000000,r,514
1411000000,r,514
1411000000,r,514
1411000000,r,514
1411000000,r,514
1411000000,r,514
1411000000,r,514
1411000000,r,514
1411000000,r,514
1411000000,r,514
1411000000,r,514
1411000000,r,514
1411000000,r,514
1411000000,r,514
1411000000,r,514
1411000000,r,514
1411000000,r,514
1411000000,r,514
1411000000,r,514
1411000000,r,514
1411000000,r,514
1411000000,r,514
1411000000,r,514
1411000000,r,514
1411000000,r,514
1411300000,r,514
1411300000,r,514
1411300000,r,514
1411300000,r,514
1411300000,r,514
1411300000,r,514
1411300000,r,514
1411300000,r,514
1411300000,r,514
1411300000,r,514
1411300000,r,514
1411300000,r,514
1411300000,r,514
1411300000,r,514
1411300000,r,514
1411300000,r,514
1411300000,r,514
1411300000,r,514
1411300000,r,514
1411300000,r,514
1411300000,r,514
1411300000,r,514
1411300000,r,514
1411300000,r,514
1411300000,r,514
1411300000,r,514
1411300000,r,514
1411300000,r,514
1411300000,r,514
1411300000,r,514
1411300000,r,514
1411300000,r,514
1411300000,r,514
1411300000,r,514
1411300000,r,514
1411300000,r,514
1411300000,r,514
1411300000,r,514
1411300000,r,514
1411300000,r,514
1411300000,r,514
1411300000,r,514
1411300000,r,514
1411300000,r,514
1411300000,r,514
1411300000,r,514
1411300000,r,514
1411300000,r,514
1411300000,r,514
1411300000,r,514
1411300000,r,514
1411300000,r,514
1411300000,r,514
1411300000,r,514
1411300000,r,514
1411300000,r,514
1411300000,r,514
1411300000,r,514
1411300000,r,514
1411300000,r,514
1411300000,r,514
1411400000,r,514
1411400000,r,514
1411400000,r,514
1411600000,s,514
1416100000,s,514
1416100000,s,514
1416100000,s,514
1416100000,s,514
1416100000,s,514
1416100000,s,514
1416100000,s,514
1610900000,r,514
1610900000,r,514
1610900000,r,514
1610900000,r,514
1610900000,r,514
1610900000,r,514
1610900000,r,514
1610900000,r,514
1610900000,r,514
1610900000,r,514
1610900000,r,514
1610900000,r,514
1610900000,r,514
1610900000,r,514
1610900000,r,514
1610900000,r,514
1610900000,r,514
1610900000,r,514
1610900000,r,514
1610900000,r,514
1610900000,r,514
1610900000,r,514
1610900000,r,514
1610900000,r,514
1610900000,r,514
1610900000,r,514
1610900000,r,514
1610900000,r,514
1610900000,r,514
1610900000,r,514
1610900000,r,514
1610900000,r,514
1610900000,r,514
1610900000,r,514
1610900000,r,514
1610900000,r,514
1610900000,r,514
1610900000,r,514
1610900000,r,514
1610900000,r,514
1610900000,r,514
1610900000,r,514
1610900000,r,514
1610900000,r,514
1610900000,r,514
1610900000,r,514
1610900000,r,514
1610900000,r,514
1610900000,r,514
1610900000,r,514
1610900000,r,514
1610900000,r,514
1610900000,r,514
1610900000,r,514
1610900000,r,514
1610900000,r,514
1610900000,r,514
1610900000,r,514
1610900000,r,514
1610900000,r,514
1610900000,r,514
1611100000,r,514
1611100000,r,514
1611500000,s,514
1890600000,s,514
1890600000,s,514
1905600000,s,514
2105800000,r,514
2106700000,s,514
2229600000,r,514
2735500000,r,514
2736500000,s,514
2911500000,s,514
2926000000,r,514
2926800000,s,514
3077400000,r,514
3112100000,r,514
3113000000,s,514
3319700000,r,514
3392400000,s,514
3767400000,r,514
3776200000,s,514
3776200000,s,514
3840000000,r,514
3841100000,s,514
3987100000,s,514
4027500000,s,514
4147999999,r,514
4147999999,r,514
4147999999,r,514
4147999999,r,514
4147999999,r,514
4147999999,r,514
4147999999,r,514
4172700000,r,514
4176800000,r,514
4176800000,r,514
4189700000,r,514
4190500000,s,514
4234600000,s,514
4255700000,r,514
4255700000,r,514
4255700000,r,514
4255700000,r,514
4272599999,s,514
4401000000,r,514
4402100000,s,514
4618300000,r,514
4622300000,s,514
4622300000,s,514
4726200000,r,514
4726200000,r,514
4824400000,r,514
4824400000,r,514
4824400000,r,514
4828300000,s,514
4828400000,r,514
4828400000,r,514
4828400000,r,514
4828400000,r,514
4828400000,r,514
4828400000,r,514
4853100000,r,514
4853100000,r,514
4853100000,r,514
4924200000,s,514
4959400000,r,514
4959400000,r,514
4959400000,r,514
4961800000,s,514
4973700000,r,514
4973700000,r,514
4973700000,r,514
4973800000,s,514
4986400000,r,514
4987100000,s,514
4995500000,r,514
4995500000,r,514
4995500000,r,514
5067000000,r,514
5067000000,r,514
5067000000,r,514
5067000000,r,514
5073000000,s,514
5125100000,r,514
5125900000,s,514
5202000000,r,514
5202000000,r,514
5235700000,s,514
5353500000,r,514
5353500000,r,514
5353500000,r,514
5353500000,r,514
5417800000,r,514
5456000000,r,514
5457800000,s,514
5499600000,r,514
5499600000,r,514
5499600000,r,514
5499600000,r,514
5499600000,r,514
5499600000,r,514
5499600000,r,514
5507500000,s,514
5604600000,r,514
5604600000,r,514
5604600000,r,514
5604600000,r,514
5604600000,r,514
5604600000,r,514
5620400000,r,514
5623300000,s,514
5623300000,s,514
5810400000,r,514
5928000000,s,514
5976900000,r,514
5976900000,r,514
5976900000,r,514
5976900000,r,514
5976900000,r,514
5976900000,r,514
5976900000,r,514
5985800000,s,514
6128300000,r,514
6129000000,s,514
6334500000,r,514
6335100000,s,514
6682500000,r,514
6682500000,r,514
6686700000,s,514
6875700000,r,514
6876600000,s,514
7051100000,r,514
7051800000,s,514
7157600000,r,514
7158300000,s,514
7261100000,r,514
7639800000,s,514
7651000000,s,514
7986400000,r,514
7988800000,s,514
7988800000,s,514
8009000000,r,514
8011600000,s,514
8011600000,s,514
8337300000,r,514
8337300000,r,514
8337300000,r,514
8337300000,r,514
8337300000,r,514
8337300000,r,514
8337300000,r,514
8364800000,r,514
8364800000,r,514
8364800000,r,514
8364800000,r,514
8364800000,r,514
8364800000,r,514
8364800000,r,514
8443899999,r,514
8443899999,r,514
8443899999,r,514
8443899999,r,514
8447500000,s,514
8452900000,s,514
8452900000,s,514
8473900000,r,514
8476200000,s,514
8519500000,s,514
8519500000,s,514
8790000000,r,514
8854200000,r,514
8854800000,s,514
8934000000,r,514
8934500000,s,514
8958000000,r,514
9035700000,r,514
9050100000,s,514
9064300000,r,514
9064300000,r,514
9064300000,r,514
9065200000,s,514
9385000000,s,514
9423500000,r,514
9426200000,s,514
9426200000,s,514
9781500000,r,514
9781500000,r,514
9781500000,r,514
9826600000,r,514
9826600000,r,514
9826600000,r,514
9826600000,r,514
9826600000,r,514
9826600000,r,514
9826600000,r,514
9829000000,r,514
9829000000,r,514
9829000000,r,514
9829000000,r,514
9829000000,r,514
9829000000,r,514
9829000000,r,514
9851700000,r,514
9851700000,r,514
9851700000,r,514
9851700000,r,514
9851700000,r,514
9851700000,r,514
9851700000,r,514
9886000000,r,514
9886000000,r,514
9886000000,r,514
9886000000,r,514
9891300000,s,514
9895900000,s,514
9900800000,s,514
9937200000,r,514
9937200000,r,514
9937200000,r,514
9937200000,r,514
9937200000,r,514
9937200000,r,514
9937200000,r,514
9937200000,r,514
9937200000,r,514
9937200000,r,514
9937200000,r,514
9937200000,r,514
9943500000,s,514
10204600000,r,514
10204600000,r,514
10312300000,r,514
10313600000,s,514
10360600000,s,514
10387500000,r,514
10387500000,r,514
10401400000,r,514
10405200000,r,514
10405200000,r,514
10405200000,r,514
10405200000,r,514
10405200000,r,514
10405200000,r,514
10405200000,r,514
10405200000,r,514
10405200000,r,514
10405200000,r,514
10405200000,r,514
10405200000,r,514
10405200000,r,514
10405200000,r,514
10405200000,r,514
10405600000,s,514
10427500000,r,514
10427500000,r,514
10427500000,r,514
10427500000,r,514
10427500000,r,514
10427500000,r,514
10427500000,r,514
10427500000,r,514
10427600000,s,514
10427600000,s,514
10427600000,s,514
10427600000,s,514
10427600000,s,514
10427600000,s,514
10488700000,r,514
10488700000,r,514
10488700000,r,514
10488700000,r,514
10512800000,r,514
10512800000,r,514
10512800000,r,514
10512800000,r,514
10512800000,r,514
10512800000,r,514
10512800000,r,514
10512800000,r,514
10512800000,r,514
10512800000,r,514
10512800000,r,514
10512800000,r,514
10512800000,r,514
10512800000,r,514
10512800000,r,514
10512800000,r,514
10512800000,r,514
10512800000,r,514
10512800000,r,514
10512800000,r,514
10512800000,r,514
10512800000,r,514
10512800000,r,514
10513000000,r,514
10513000000,r,514
10513000000,r,514
10513000000,r,514
10513000000,r,514
10513000000,r,514
10513000000,r,514
10513000000,r,514
10513300000,r,514
10513300000,r,514
10513300000,r,514
10513300000,r,514
10513300000,r,514
10513300000,r,514
10513300000,r,514
10513400000,r,514
10513400000,r,514
10513400000,r,514
10513400000,r,514
10513500000,s,514
10528900000,r,514
10528900000,r,514
10528900000,r,514
10528900000,r,514
10528900000,r,514
10528900000,r,514
10528900000,r,514
10528900000,r,514
10596800000,r,514
10596800000,r,514
10596800000,r,514
10596800000,r,514
10596800000,r,514
10601100000,r,514
10601100000,r,514
10605400000,r,514
10605400000,r,514
10605400000,r,514
10605400000,r,514
10605400000,r,514
10605500000,r,514
10605500000,r,514
10605500000,r,514
10605500000,r,514
10605900000,s,514
10627600000,r,514
10627600000,r,514
10627600000,r,514
10627600000,r,514
10627600000,r,514
10627600000,r,514
10627600000,r,514
10627600000,r,514
10627600000,r,514
10627600000,r,514
10627600000,r,514
10627600000,r,514
10627600000,r,514
10627600000,r,514
10627600000,r,514
10627600000,r,514
10627600000,r,514
10627600000,r,514
10627600000,r,514
10627700000,r,514
10627700000,r,514
10627700000,r,514
10627700000,r,514
10627700000,r,514
10627700000,r,514
10627700000,r,514
10627700000,r,514
10627700000,r,514
10627700000,r,514
10627700000,r,514
10627700000,r,514
10627700000,r,514
10627700000,r,514
10627700000,r,514
10627700000,r,514
10627700000,r,514
10627700000,r,514
10627700000,r,514
10627700000,r,514
10627700000,r,514
10627700000,r,514
10627700000,r,514
10627700000,r,514
10627700000,r,514
10627700000,r,514
10627700000,r,514
10627700000,r,514
10627700000,r,514
10628200000,s,514
10671500000,s,514
10672400000,r,514
10672400000,r,514
10672400000,r,514
10688600000,r,514
10688600000,r,514
10688600000,r,514
10688600000,r,514
10688600000,r,514
10688600000,r,514
10688600000,r,514
10688600000,r,514
10688600000,r,514
10688600000,r,514
10688600000,r,514
10712500000,r,514
10712500000,r,514
10712500000,r,514
10712500000,r,514
10712500000,r,514
10712500000,r,514
10712500000,r,514
10712500000,r,514
10712500000,r,514
10712500000,r,514
10712500000,r,514
10712500000,r,514
10712500000,r,514
10712500000,r,514
10712500000,r,514
10712500000,r,514
10712500000,r,514
10712500000,r,514
10712500000,r,514
10712500000,r,514
10712500000,r,514
10712500000,r,514
10712500000,r,514
10712500000,r,514
10712500000,r,514
10712500000,r,514
10731900000,r,514
10731900000,r,514
10731900000,r,514
10731900000,r,514
10731900000,r,514
10731900000,r,514
10731900000,r,514
10731900000,r,514
10732300000,s,514
10791500000,r,514
10794200000,s,514
10794200000,s,514
10847600000,r,514
10850200000,s,514
10850200000,s,514
10897500000,r,514
10897500000,r,514
10897500000,r,514
10897500000,r,514
10897500000,r,514
10900400000,s,514
10900400000,s,514
10943500000,s,514
10943500000,s,514
10943500000,s,514
10943500000,s,514
10943500000,s,514
10943500000,s,514
10943500000,s,514
10943500000,s,514
11156600000,r,514
11156600000,r,514
11156600000,r,514
11156600000,r,514
11156600000,r,514
11262400000,r,514
11262400000,r,514
11262400000,r,514
11262400000,r,514
11262400000,r,514
11264900000,r,514
11264900000,r,514
11264900000,r,514
11264900000,r,514
11264900000,r,514
11264900000,r,514
11264900000,r,514
11264900000,r,514
11280100000,s,514
11283500000,s,514
11283500000,s,514
11311200000,r,514
11311200000,r,514
11311200000,r,514
11311200000,r,514
11311200000,r,514
11311200000,r,514
11311200000,r,514
11344900000,r,514
11344900000,r,514
11344900000,r,514
11344900000,r,514
11344900000,r,514
11344900000,r,514
11346900000,s,514
11348000000,s,514
11366500000,r,514
11366500000,r,514
11366500000,r,514
11366500000,r,514
11366500000,r,514
11366500000,r,514
11366500000,r,514
11368600000,s,514
11369100000,r,514
11369100000,r,514
11369100000,r,514
11369100000,r,514
11369100000,r,514
11369100000,r,514
11369100000,r,514
11369100000,r,514
11371300000,r,514
11371300000,r,514
11371300000,r,514
11371300000,r,514
11371300000,r,514
11371300000,r,514
11371300000,r,514
11371300000,r,514
11371300000,r,514
11371300000,r,514
11371300000,r,514
11371300000,r,514
11371700000,s,514
11371700000,s,514
11371700000,s,514
11415500000,s,514
11415500000,s,514
11415500000,s,514
11415500000,s,514
11415500000,s,514
11644100000,r,514
11705300000,r,514
11706200000,s,514
11721100000,r,514
11721100000,r,514
11721100000,r,514
11721100000,r,514
11721100000,r,514
11721100000,r,514
11721100000,r,514
11743300000,r,514
11743300000,r,514
11743300000,r,514
11743300000,r,514
11743300000,r,514
11743300000,r,514
11743300000,r,514
11744200000,s,514
11751100000,r,514
11751100000,r,514
11751100000,r,514
11751100000,r,514
11751100000,r,514
11751100000,r,514
11751100000,r,514
11753000000,r,514
11753000000,r,514
11753000000,r,514
11753000000,r,514
11753000000,r,514
11753000000,r,514
11753000000,r,514
11753000000,r,514
11753000000,r,514
11753000000,r,514
11753000000,r,514
11753000000,r,514
11753000000,r,514
11772700000,r,514
11772700000,r,514
11772700000,r,514
11772700000,r,514
11772700000,r,514
11772700000,r,514
11774900000,r,514
11774900000,r,514
11774900000,r,514
11774900000,r,514
11774900000,r,514
11774900000,r,514
11777400000,r,514
11777400000,r,514
11777400000,r,514
11777400000,r,514
11777400000,r,514
11777400000,r,514
11777400000,r,514
11782600000,r,514
11782600000,r,514
11782600000,r,514
11782600000,r,514
11782600000,r,514
11782600000,r,514
11783000000,s,514
11783100000,r,514
11783100000,r,514
11783100000,r,514
11783100000,r,514
11784600000,r,514
11784600000,r,514
11784600000,r,514
11784600000,r,514
11784600000,r,514
11784600000,r,514
11784600000,r,514
11786100000,r,514
11786100000,r,514
11786100000,r,514
11786100000,r,514
11786100000,r,514
11786100000,r,514
11792600000,s,514
11815300000,r,514
11815300000,r,514
11815300000,r,514
11815300000,r,514
11815300000,r,514
11815300000,r,514
11815300000,r,514
11815300000,r,514
11815300000,r,514
11815300000,r,514
11815300000,r,514
11815300000,r,514
11815300000,r,514
11815300000,r,514
11816400000,s,514
11827600000,r,514
11827600000,r,514
11827600000,r,514
11827600000,r,514
11827600000,r,514
11827600000,r,514
11828800000,r,514
11828800000,r,514
11828800000,r,514
11828800000,r,514
11828800000,r,514
11828800000,r,514
11828800000,r,514
11828800000,r,514
11873000000,r,514
11873000000,r,514
11873000000,r,514
11873000000,r,514
11873000000,r,514
11873000000,r,514
11873000000,r,514
11873000000,r,514
11873000000,r,514
11873000000,r,514
11873000000,r,514
11873000000,r,514
11873000000,r,514
11873000000,r,514
11873000000,r,514
11873000000,r,514
11873000000,r,514
11873000000,r,514
11873000000,r,514
11873000000,r,514
11873000000,r,514
11873000000,r,514
11873000000,r,514
11873000000,r,514
11873000000,r,514
11873000000,r,514
11873000000,r,514
11873000000,r,514
11873000000,r,514
11873000000,r,514
11873000000,r,514
11873000000,r,514
11873000000,r,514
11873000000,r,514
11873000000,r,514
11873000000,r,514
11873000000,r,514
11873000000,r,514
11873000000,r,514
11873000000,r,514
11873000000,r,514
11873000000,r,514
11873000000,r,514
11873000000,r,514
11873000000,r,514
11873000000,r,514
11873000000,r,514
11873000000,r,514
11873000000,r,514
11873000000,r,514
11873000000,r,514
11873000000,r,514
11873000000,r,514
11873000000,r,514
11873000000,r,514
11873000000,r,514
11874900000,s,514
11907500000,r,514
11907500000,r,514
11907500000,r,514
11907500000,r,514
11907500000,r,514
11907500000,r,514
11907500000,r,514
11907500000,r,514
11907500000,r,514
11907500000,r,514
11907500000,r,514
11907500000,r,514
11907500000,r,514
11907500000,r,514
11907500000,r,514
11907500000,r,514
11907500000,r,514
11907500000,r,514
11907500000,r,514
11907500000,r,514
11907500000,r,514
11907500000,r,514
11907500000,r,514
11907500000,r,514
11907500000,r,514
11907500000,r,514
11907500000,r,514
11907500000,r,514
11907500000,r,514
11907500000,r,514
11907500000,r,514
11907500000,r,514
11907500000,r,514
11907500000,r,514
11907500000,r,514
11907500000,r,514
11907500000,r,514
11907500000,r,514
11907500000,r,514
11907500000,r,514
11907500000,r,514
11907500000,r,514
11907500000,r,514
11907500000,r,514
11907500000,r,514
11907500000,r,514
11907500000,r,514
11907500000,r,514
11907500000,r,514
11907500000,r,514
11907500000,r,514
11907500000,r,514
11907500000,r,514
11907500000,r,514
11907500000,r,514
11907500000,r,514
11907500000,r,514
11907500000,r,514
11907500000,r,514
11907500000,r,514
11907500000,r,514
11907600000,r,514
11907600000,r,514
11907600000,r,514
11907600000,r,514
11907600000,r,514
11907600000,r,514
11907600000,r,514
11907600000,r,514
11907600000,r,514
11907600000,r,514
11907600000,r,514
11907600000,r,514
11907600000,r,514
11907600000,r,514
11907600000,r,514
11907600000,r,514
11907600000,r,514
11907600000,r,514
11907600000,r,514
11907600000,r,514
11907600000,r,514
11907600000,r,514
11907600000,r,514
11909200000,s,514
11944100000,r,514
11944100000,r,514
11944100000,r,514
11944100000,r,514
11944100000,r,514
11944100000,r,514
11944100000,r,514
11944100000,r,514
11944100000,r,514
11944100000,r,514
11944100000,r,514
11944100000,r,514
11944100000,r,514
11944100000,r,514
11944100000,r,514
11944100000,r,514
11944100000,r,514
11944100000,r,514
11944100000,r,514
11944100000,r,514
11944100000,r,514
11944100000,r,514
11944100000,r,514
11944100000,r,514
11944100000,r,514
11944100000,r,514
11944100000,r,514
11944600000,s,514
11944600000,s,514
11944600000,s,514
11944600000,s,514
11945300000,r,514
11945300000,r,514
11945300000,r,514
11945300000,r,514
11945300000,r,514
11945300000,r,514
11945300000,r,514
11945300000,r,514
11945300000,r,514
11945300000,r,514
11945300000,r,514
11945300000,r,514
11945300000,r,514
11945300000,r,514
11945300000,r,514
11945300000,r,514
11945300000,r,514
11945300000,r,514
11945300000,r,514
11945900000,s,514
11993900000,s,514
12039500000,s,514
12079400000,r,514
12079400000,r,514
12082600000,s,514
12123600000,s,514
12158000000,r,514
12158000000,r,514
12158000000,r,514
12158000000,r,514
12158000000,r,514
12158000000,r,514
12158000000,r,514
12160300000,r,514
12160300000,r,514
12160300000,r,514
12160300000,r,514
12160300000,r,514
12160300000,r,514
12160300000,r,514
12160300000,r,514
12164200000,r,514
12164200000,r,514
12164200000,r,514
12165900000,r,514
12165900000,r,514
12165900000,r,514
12165900000,r,514
12165900000,r,514
12165900000,r,514
12165900000,r,514
12168600000,r,514
12168600000,r,514
12168600000,r,514
12168600000,r,514
12168600000,r,514
12169000000,s,514
12171000000,r,514
12171000000,r,514
12171000000,r,514
12172600000,r,514
12172600000,r,514
12172600000,r,514
12193600000,r,514
12193600000,r,514
12193600000,r,514
12193600000,r,514
12193600000,r,514
12193600000,r,514
12193600000,r,514
12193600000,r,514
12193600000,r,514
12193600000,r,514
12193600000,r,514
12193600000,r,514
12193600000,r,514
12193600000,r,514
12193600000,r,514
12200200000,s,514
12292500000,r,514
12292500000,r,514
12292500000,r,514
12292500000,r,514
12292500000,r,514
12292500000,r,514
12293500000,s,514
12302300000,r,514
12302300000,r,514
12302300000,r,514
12302300000,r,514
12302300000,r,514
12302300000,r,514
12302700000,s,514
12323700000,r,514
12323700000,r,514
12323700000,r,514
12323700000,r,514
12323700000,r,514
12323700000,r,514
12323700000,r,514
12323700000,r,514
12323700000,r,514
12323700000,r,514
12323700000,r,514
12323800000,r,514
12323800000,r,514
12323800000,r,514
12323800000,r,514
12323800000,r,514
12323800000,r,514
12323800000,r,514
12323800000,r,514
12323800000,r,514
12323800000,r,514
12323800000,r,514
12323800000,r,514
12323800000,r,514
12323800000,r,514
12323800000,r,514
12323800000,r,514
12323800000,r,514
12323800000,r,514
12323800000,r,514
12323800000,r,514
12323800000,r,514
12323800000,r,514
12323800000,r,514
12323800000,r,514
12323800000,r,514
12323800000,r,514
12323800000,r,514
12323800000,r,514
12323800000,r,514
12323800000,r,514
12323800000,r,514
12323800000,r,514
12323800000,r,514
12323800000,r,514
12323800000,r,514
12323800000,r,514
12323800000,r,514
12323800000,r,514
12323800000,r,514
12323800000,r,514
12323800000,r,514
12323800000,r,514
12323800000,r,514
12323800000,r,514
12323800000,r,514
12323800000,r,514
12323800000,r,514
12323800000,r,514
12323800000,r,514
12323800000,r,514
12323800000,r,514
12323800000,r,514
12323800000,r,514
12323800000,r,514
12323800000,r,514
12323800000,r,514
12323800000,r,514
12323800000,r,514
12323800000,r,514
12323800000,r,514
12323800000,r,514
12323800000,r,514
12323800000,r,514
12323800000,r,514
12323800000,r,514
12323800000,r,514
12323800000,r,514
12323800000,r,514
12323800000,r,514
12323800000,r,514
12323800000,r,514
12323800000,r,514
12323800000,r,514
12323800000,r,514
12324300000,s,514
12343500000,r,514
12343500000,r,514
12343500000,r,514
12343500000,r,514
12343500000,r,514
12343500000,r,514
12343500000,r,514
12343500000,r,514
12343500000,r,514
12343500000,r,514
12343500000,r,514
12343500000,r,514
12343500000,r,514
12343500000,r,514
12343500000,r,514
12343500000,r,514
12343500000,r,514
12343500000,r,514
12343500000,r,514
12343500000,r,514
12343500000,r,514
12343500000,r,514
12343500000,r,514
12343500000,r,514
12343500000,r,514
12343500000,r,514
12343500000,r,514
12343500000,r,514
12343500000,r,514
12343500000,r,514
12343500000,r,514
12343500000,r,514
12343500000,r,514
12343500000,r,514
12343500000,r,514
12343500000,r,514
12343500000,r,514
12343500000,r,514
12343500000,r,514
12343500000,r,514
12343600000,r,514
12343600000,r,514
12343600000,r,514
12343600000,r,514
12343600000,r,514
12343600000,r,514
12343600000,r,514
12343600000,r,514
12343600000,r,514
12343600000,r,514
12343600000,r,514
12343600000,r,514
12343600000,r,514
12343600000,r,514
12343600000,r,514
12343600000,r,514
12343600000,r,514
12343600000,r,514
12343600000,r,514
12343600000,r,514
12343600000,r,514
12343600000,r,514
12343600000,r,514
12343600000,r,514
12343600000,r,514
12343600000,r,514
12343600000,r,514
12343600000,r,514
12343600000,r,514
12343600000,r,514
12343600000,r,514
12343600000,r,514
12343600000,r,514
12343600000,r,514
12343600000,r,514
12343600000,r,514
12343600000,r,514
12343600000,r,514
12343600000,r,514
12343600000,r,514
12343600000,r,514
12343600000,r,514
12343600000,r,514
12343600000,r,514
12343600000,r,514
12343600000,r,514
12343600000,r,514
12343600000,r,514
12343600000,r,514
12343600000,r,514
12343600000,r,514
12343600000,r,514
12343600000,r,514
12343600000,r,514
12343600000,r,514
12343600000,r,514
12343600000,r,514
12343600000,r,514
12343600000,r,514
12343600000,r,514
12343600000,r,514
12343800000,r,514
12343800000,r,514
12343800000,r,514
12343800000,r,514
12343800000,r,514
12343800000,r,514
12343800000,r,514
12343800000,r,514
12343800000,r,514
12343800000,r,514
12343800000,r,514
12343800000,r,514
12343800000,r,514
12343800000,r,514
12343800000,r,514
12343800000,r,514
12343800000,r,514
12343800000,r,514
12343800000,r,514
12343800000,r,514
12343800000,r,514
12343800000,r,514
12343800000,r,514
12343800000,r,514
12343800000,r,514
12343900000,s,514
12344500000,s,514
12344500000,s,514
12345700000,r,514
12345700000,r,514
12345700000,r,514
12345700000,r,514
12345700000,r,514
12345700000,r,514
12347600000,r,514
12347600000,r,514
12347600000,r,514
12347900000,s,514
12347900000,s,514
12347900000,s,514
12347900000,s,514
12352400000,r,514
12352400000,r,514
12352400000,r,514
12352400000,r,514
12352400000,r,514
12352400000,r,514
12354100000,r,514
12354100000,r,514
12354100000,r,514
12354100000,r,514
12354100000,r,514
12354100000,r,514
12354100000,r,514
12354100000,r,514
12354100000,r,514
12354100000,r,514
12354100000,r,514
12354100000,r,514
12355600000,r,514
12355600000,r,514
12355600000,r,514
12355600000,r,514
12355600000,r,514
12355600000,r,514
12355600000,r,514
12355600000,r,514
12355900000,r,514
12355900000,r,514
12355900000,r,514
12355900000,r,514
12361400000,r,514
12361400000,r,514
12361400000,r,514
12361400000,r,514
12361400000,r,514
12361400000,r,514
12361400000,r,514
12361400000,r,514
12361400000,r,514
12361400000,r,514
12361400000,r,514
12361400000,r,514
12361400000,r,514
12361400000,r,514
12361400000,r,514
12368900000,r,514
12368900000,r,514
12368900000,r,514
12368900000,r,514
12368900000,r,514
12368900000,r,514
12368900000,r,514
12368900000,r,514
12368900000,r,514
12368900000,r,514
12368900000,r,514
12368900000,r,514
12369300000,s,514
12400300000,r,514
12400300000,r,514
12400300000,r,514
12400300000,r,514
12400300000,r,514
12400300000,r,514
12400300000,r,514
12400300000,r,514
12400300000,r,514
12400300000,r,514
12400300000,r,514
12400300000,r,514
12400300000,r,514
12400300000,r,514
12400300000,r,514
12400300000,r,514
12400300000,r,514
12400300000,r,514
12400300000,r,514
12400300000,r,514
12400300000,r,514
12400300000,r,514
12400300000,r,514
12400300000,r,514
12400300000,r,514
12400300000,r,514
12400300000,r,514
12400300000,r,514
12400300000,r,514
12400300000,r,514
12400300000,r,514
12400300000,r,514
12400300000,r,514
12400300000,r,514
12400300000,r,514
12400300000,r,514
12400300000,r,514
12400300000,r,514
12400300000,r,514
12400300000,r,514
12400300000,r,514
12400300000,r,514
12400300000,r,514
12400300000,r,514
12400300000,r,514
12400300000,r,514
12400300000,r,514
12400300000,r,514
12400300000,r,514
12400300000,r,514
12400300000,r,514
12400300000,r,514
12400300000,r,514
12400300000,r,514
12400300000,r,514
12400300000,r,514
12400300000,r,514
12400300000,r,514
12400300000,r,514
12400300000,r,514
12400300000,r,514
12400400000,r,514
12400400000,r,514
12400400000,r,514
12400400000,r,514
12400400000,r,514
12400400000,r,514
12400400000,r,514
12400400000,r,514
12400400000,r,514
12400400000,r,514
12400400000,r,514
12400400000,r,514
12400400000,r,514
12400400000,r,514
12400400000,r,514
12400400000,r,514
12400400000,r,514
12400400000,r,514
12400400000,r,514
12400400000,r,514
12400400000,r,514
12400400000,r,514
12400400000,r,514
12400400000,r,514
12400400000,r,514
12400400000,r,514
12400400000,r,514
12400400000,r,514
12400400000,r,514
12400400000,r,514
12400400000,r,514
12400400000,r,514
12401400000,s,514
12401400000,s,514
12403600000,s,514
12419300000,r,514
12419300000,r,514
12419300000,r,514
12419300000,r,514
12419300000,r,514
12419300000,r,514
12419300000,r,514
12419300000,r,514
12419300000,r,514
12419300000,r,514
12419300000,r,514
12419300000,r,514
12419300000,r,514
12419300000,r,514
12419300000,r,514
12419300000,r,514
12419300000,r,514
12419300000,r,514
12419300000,r,514
12419300000,r,514
12419300000,r,514
12419300000,r,514
12419300000,r,514
12419300000,r,514
12419300000,r,514
12419300000,r,514
12419300000,r,514
12419300000,r,514
12419300000,r,514
12419300000,r,514
12419300000,r,514
12419300000,r,514
12419300000,r,514
12419300000,r,514
12419300000,r,514
12419300000,r,514
12419300000,r,514
12419600000,r,514
12419600000,r,514
12419600000,r,514
12419600000,r,514
12419600000,r,514
12419600000,r,514
12419600000,r,514
12419600000,r,514
12419600000,r,514
12419600000,r,514
12419600000,r,514
12419600000,r,514
12419600000,r,514
12419600000,r,514
12419600000,r,514
12419600000,r,514
12419600000,r,514
12419600000,r,514
12419600000,r,514
12419600000,r,514
12419600000,r,514
12419600000,r,514
12419600000,r,514
12419600000,r,514
12419600000,r,514
12419600000,r,514
12419600000,r,514
12419600000,r,514
12419600000,r,514
12419600000,r,514
12419600000,r,514
12419600000,r,514
12419600000,r,514
12419600000,r,514
12419600000,r,514
12419600000,r,514
12419600000,r,514
12419600000,r,514
12419600000,r,514
12419600000,r,514
12419600000,r,514
12419600000,r,514
12419600000,r,514
12419600000,r,514
12419600000,r,514
12419600000,r,514
12419600000,r,514
12419600000,r,514
12419600000,r,514
12419600000,r,514
12419600000,r,514
12419600000,r,514
12419600000,r,514
12419600000,r,514
12419600000,r,514
12419600000,r,514
12419600000,r,514
12419600000,r,514
12419600000,r,514
12419600000,r,514
12419600000,r,514
12419700000,r,514
12419700000,r,514
12419700000,r,514
12419700000,r,514
12419700000,r,514
12419700000,r,514
12419700000,r,514
12419700000,r,514
12419700000,r,514
12419700000,r,514
12419700000,r,514
12419700000,r,514
12419700000,r,514
12419700000,r,514
12419700000,r,514
12419700000,r,514
12419700000,r,514
12419700000,r,514
12419700000,r,514
12419700000,r,514
12419700000,r,514
12419700000,r,514
12419700000,r,514
12419700000,r,514
12421100000,s,514
12463500000,s,514
12463500000,s,514
12492700000,r,514
12492700000,r,514
12492700000,r,514
12492700000,r,514
12492700000,r,514
12492700000,r,514
12492700000,r,514
12492700000,r,514
12492700000,r,514
12492700000,r,514
12492700000,r,514
12492700000,r,514
12492700000,r,514
12492700000,r,514
12492700000,r,514
12492700000,r,514
12492700000,r,514
12492700000,r,514
12492700000,r,514
12492700000,r,514
12492700000,r,514
12492700000,r,514
12492700000,r,514
12492700000,r,514
12492700000,r,514
12492700000,r,514
12492700000,r,514
12492700000,r,514
12492700000,r,514
12492700000,r,514
12492700000,r,514
12492700000,r,514
12492700000,r,514
12492700000,r,514
12492700000,r,514
12492700000,r,514
12492700000,r,514
12492700000,r,514
12492700000,r,514
12492700000,r,514
12492700000,r,514
12492700000,r,514
12492700000,r,514
12492700000,r,514
12492700000,r,514
12492700000,r,514
12492700000,r,514
12492700000,r,514
12492700000,r,514
12492700000,r,514
12492700000,r,514
12492700000,r,514
12492700000,r,514
12492700000,r,514
12492700000,r,514
12492700000,r,514
12492700000,r,514
12492700000,r,514
12492700000,r,514
12492700000,r,514
12492700000,r,514
12492800000,r,514
12492800000,r,514
12492800000,r,514
12492800000,r,514
12492800000,r,514
12492800000,r,514
12492800000,r,514
12492800000,r,514
12492800000,r,514
12492800000,r,514
12492800000,r,514
12492800000,r,514
12492800000,r,514
12492800000,r,514
12492800000,r,514
12492800000,r,514
12492800000,r,514
12492800000,r,514
12492800000,r,514
12492800000,r,514
12492800000,r,514
12492800000,r,514
12492800000,r,514
12492800000,r,514
12492800000,r,514
12492800000,r,514
12492800000,r,514
12492800000,r,514
12492800000,r,514
12492800000,r,514
12492800000,r,514
12492800000,r,514
12492800000,r,514
12492800000,r,514
12492800000,r,514
12492800000,r,514
12492800000,r,514
12492800000,r,514
12492800000,r,514
12492800000,r,514
12492800000,r,514
12492800000,r,514
12492800000,r,514
12492800000,r,514
12492800000,r,514
12492800000,r,514
12492800000,r,514
12492800000,r,514
12492800000,r,514
12492800000,r,514
12492800000,r,514
12492800000,r,514
12493700000,s,514
12496000000,s,514
12496000000,s,514
12496000000,s,514
12496000000,s,514
12535500000,r,514
12535500000,r,514
12535500000,r,514
12535500000,r,514
12535500000,r,514
12535500000,r,514
12536000000,s,514
12543900000,r,514
12543900000,r,514
12546800000,s,514
12546800000,s,514
12547600000,r,514
12552100000,s,514
12580200000,r,514
12601200000,r,514
12601200000,r,514
12601200000,r,514
12601200000,r,514
12601200000,r,514
12601200000,r,514
12601200000,r,514
12601200000,r,514
12601200000,r,514
12601200000,r,514
12601200000,r,514
12601200000,r,514
12601200000,r,514
12601200000,r,514
12601200000,r,514
12601200000,r,514
12601200000,r,514
12601200000,r,514
12601200000,r,514
12601200000,r,514
12601200000,r,514
12601200000,r,514
12601200000,r,514
12601200000,r,514
12601200000,r,514
12601200000,r,514
12601200000,r,514
12601700000,r,514
12601700000,r,514
12601700000,r,514
12601700000,r,514
12601700000,r,514
12601700000,r,514
12601700000,r,514
12601700000,r,514
12604300000,r,514
12604300000,r,514
12604300000,r,514
12604700000,s,514
12621100000,r,514
12621100000,r,514
12621100000,r,514
12621100000,r,514
12621100000,r,514
12621100000,r,514
12621100000,r,514
12621100000,r,514
12621100000,r,514
12621100000,r,514
12621100000,r,514
12621100000,r,514
12621100000,r,514
12621100000,r,514
12621100000,r,514
12621100000,r,514
12621100000,r,514
12621100000,r,514
12621100000,r,514
12621100000,r,514
12621100000,r,514
12621100000,r,514
12621100000,r,514
12621100000,r,514
12621100000,r,514
12621100000,r,514
12621100000,r,514
12621100000,r,514
12621100000,r,514
12621100000,r,514
12621100000,r,514
12621100000,r,514
12621100000,r,514
12621100000,r,514
12621100000,r,514
12621100000,r,514
12621100000,r,514
12621100000,r,514
12621100000,r,514
12621100000,r,514
12621100000,r,514
12621100000,r,514
12621100000,r,514
12621100000,r,514
12621100000,r,514
12621100000,r,514
12621100000,r,514
12621100000,r,514
12621100000,r,514
12621100000,r,514
12621100000,r,514
12621100000,r,514
12621100000,r,514
12621100000,r,514
12621100000,r,514
12621100000,r,514
12621100000,r,514
12621100000,r,514
12621100000,r,514
12621100000,r,514
12621100000,r,514
12621900000,s,514
12621900000,s,514
12663400000,r,514
12663400000,r,514
12663400000,r,514
12663400000,r,514
12663400000,r,514
12663400000,r,514
12663400000,r,514
12663400000,r,514
12663400000,r,514
12663400000,r,514
12663400000,r,514
12663400000,r,514
12668300000,s,514
12762000000,r,514
12762000000,r,514
12762000000,r,514
12762000000,r,514
12804500000,r,514
12804500000,r,514
12804500000,r,514
12804500000,r,514
12804500000,r,514
12804700000,r,514
12804700000,r,514
12804700000,r,514
12804700000,r,514
12804700000,r,514
12804700000,r,514
12804700000,r,514
12804700000,r,514
12804700000,r,514
12804700000,r,514
12804700000,r,514
12804700000,r,514
12804700000,r,514
12804700000,r,514
12804700000,r,514
12804700000,r,514
12804700000,r,514
12804700000,r,514
12804700000,r,514
12804700000,r,514
12804700000,r,514
12804700000,r,514
12804700000,r,514
12804700000,r,514
12804700000,r,514
12804700000,r,514
12804700000,r,514
12804700000,r,514
12847400000,s,514
12887600000,s,514
12887600000,s,514
12935500000,r,514
12935500000,r,514
12935500000,r,514
12935500000,r,514
12935500000,r,514
12935500000,r,514
12935500000,r,514
13042500000,r,514
13048500000,s,514
13048500000,s,514
13160700000,s,514
13162300000,s,514
13203500000,s,514
13203500000,s,514
13252700000,s,514
13252700000,s,514
13252700000,s,514
13330200000,r,514
13408800000,r,514
13452800000,r,514
13452800000,r,514
13452800000,r,514
13452800000,r,514
13452800000,r,514
13452800000,r,514
13452800000,r,514
13452800000,r,514
13452800000,r,514
13452800000,r,514
13452800000,r,514
13452800000,r,514
13452800000,r,514
13452800000,r,514
13452800000,r,514
13452800000,r,514
13452800000,r,514
13452800000,r,514
13452800000,r,514
13452800000,r,514
13452800000,r,514
13452800000,r,514
13452800000,r,514
13452800000,r,514
13452800000,r,514
13452800000,r,514
13452800000,r,514
13452800000,r,514
13452800000,r,514
13452800000,r,514
13452800000,r,514
13452800000,r,514
13452800000,r,514
13452800000,r,514
13452800000,r,514
13452800000,r,514
13452800000,r,514
13452800000,r,514
13452800000,r,514
13452800000,r,514
13452800000,r,514
13452800000,r,514
13452800000,r,514
13452800000,r,514
13452800000,r,514
13452800000,r,514
13452800000,r,514
13452800000,r,514
13452800000,r,514
13452800000,r,514
13452800000,r,514
13452800000,r,514
13452800000,r,514
13452800000,r,514
13452800000,r,514
13452800000,r,514
13452800000,r,514
13452800000,r,514
13452800000,r,514
13452800000,r,514
13452800000,r,514
13453000000,r,514
13453000000,r,514
13453000000,r,514
13453000000,r,514
13453000000,r,514
13453000000,r,514
13453000000,r,514
13453000000,r,514
13453000000,r,514
13453000000,r,514
13453000000,r,514
13453000000,r,514
13453000000,r,514
13453000000,r,514
13453000000,r,514
13453000000,r,514
13453000000,r,514
13453000000,r,514
13453000000,r,514
13453000000,r,514
13453000000,r,514
13453000000,r,514
13453000000,r,514
13453000000,r,514
13453000000,r,514
13453000000,r,514
13453000000,r,514
13453000000,r,514
13453000000,r,514
13453000000,r,514
13453000000,r,514
13456100000,r,514
13456100000,r,514
13456100000,r,514
13456100000,r,514
13456100000,r,514
13456100000,r,514
13456100000,r,514
13456100000,r,514
13456100000,r,514
13456100000,r,514
13456100000,r,514
13456100000,r,514
13456200000,s,514
13456500000,s,514
13456500000,s,514
13459000000,r,514
13459000000,r,514
13459000000,r,514
13459000000,r,514
13459000000,r,514
13459000000,r,514
13459000000,r,514
13463000000,r,514
13463000000,r,514
13463000000,r,514
13463000000,r,514
13463000000,r,514
13463000000,r,514
13463000000,r,514
13463000000,r,514
13463100000,r,514
13463100000,r,514
13463100000,r,514
13463100000,r,514
13463100000,r,514
13463100000,r,514
13463100000,r,514
13463100000,r,514
13463500000,s,514
13464700000,r,514
13464700000,r,514
13464700000,r,514
13464700000,r,514
13464700000,r,514
13469000000,r,514
13469000000,r,514
13469000000,r,514
13469000000,r,514
13469000000,r,514
13512600000,r,514
13512600000,r,514
13512600000,r,514
13512600000,r,514
13512600000,r,514
13512600000,r,514
13556500000,r,514
13556500000,r,514
13556500000,r,514
13556500000,r,514
13664900000,s,514
13664900000,s,514
13664900000,s,514
13670000000,r,514
13672100000,s,514
13672100000,s,514
13692800000,r,514
13692800000,r,514
13692800000,r,514
13705100000,s,514
13809400000,s,514
13851500000,s,514
13851500000,s,514
13851500000,s,514
13884500000,r,514
13884500000,r,514
13884500000,r,514
13884500000,r,514
13884500000,r,514
13884500000,r,514
13884500000,r,514
13884600000,s,514
13990800000,r,514
13993400000,s,514
14039500000,s,514
14096900000,r,514
14096900000,r,514
14096900000,r,514
14096900000,r,514
14096900000,r,514
14096900000,r,514
14096900000,r,514
14099800000,s,514
14143500000,s,514
14203600000,r,514
14203600000,r,514
14203600000,r,514
14203600000,r,514
14203600000,r,514
14203900000,s,514
14247600000,s,514
14251000000,r,514
14251000000,r,514
14252600000,s,514
14252600000,s,514
14295600000,s,514
14295600000,s,514
14309800000,r,514
14313100000,s,514
14313100000,s,514
14359900000,r,514
14359900000,r,514
14361600000,s,514
14361600000,s,514
14403600000,s,514
14403600000,s,514
14416200000,r,514
14526800000,r,514
14530500000,s,514
14577200000,r,514
14577200000,r,514
14629700000,r,514
14672500000,r,514
14672500000,r,514
14673400000,s,514
14716900000,r,514
14716900000,r,514
14716900000,r,514
14716900000,r,514
14716900000,r,514
14716900000,r,514
14716900000,r,514
14716900000,r,514
14716900000,r,514
14716900000,r,514
14716900000,r,514
14716900000,r,514
14716900000,r,514
14716900000,r,514
14716900000,r,514
14716900000,r,514
14719800000,s,514
14736000000,r,514
14736000000,r,514
14736000000,r,514
14736000000,r,514
14736000000,r,514
14736000000,r,514
14736100000,s,514
14736100000,s,514
14736100000,s,514
14779600000,s,514
14779600000,s,514
14813900000,r,514
14813900000,r,514
14813900000,r,514
14813900000,r,514
14813900000,r,514
14813900000,r,514
14813900000,r,514
14817100000,r,514
14818500000,s,514
14842100000,r,514
14842100000,r,514
14842100000,r,514
14842100000,r,514
14842100000,r,514
14842100000,r,514
14842200000,s,514
14844500000,r,514
14844500000,r,514
14847900000,s,514
14891500000,s,514
15126200000,r,514
15172100000,r,514
15172600000,s,514
15172900000,r,514
15172900000,r,514
15172900000,r,514
15172900000,r,514
15172900000,r,514
15172900000,r,514
15172900000,r,514
15172900000,r,514
15172900000,r,514
15172900000,r,514
15172900000,r,514
15172900000,r,514
15172900000,r,514
15172900000,r,514
15172900000,r,514
15172900000,r,514
15172900000,r,514
15172900000,r,514
15172900000,r,514
15172900000,r,514
15172900000,r,514
15172900000,r,514
15175500000,s,514
15176300000,r,514
15176300000,r,514
15176300000,r,514
15176300000,r,514
15176300000,r,514
15176300000,r,514
15176300000,r,514
15176300000,r,514
15176300000,r,514
15178400000,r,514
15182700000,r,514
15182700000,r,514
15182700000,r,514
15182700000,r,514
15182700000,r,514
15182700000,r,514
15182700000,r,514
15184000000,s,514
15185100000,r,514
15185100000,r,514
15185100000,r,514
15185100000,r,514
15187600000,s,514
15189800000,r,514
15189800000,r,514
15189800000,r,514
15189800000,r,514
15189800000,r,514
15193200000,r,514
15193200000,r,514
15193200000,r,514
15193200000,r,514
15193200000,r,514
15193200000,r,514
15193200000,r,514
15193200000,r,514
15193200000,r,514
15193200000,r,514
15197700000,r,514
15197700000,r,514
15199400000,r,514
15199400000,r,514
15199400000,r,514
15199400000,r,514
15199400000,r,514
15199400000,r,514
15201000000,r,514
15201000000,r,514
15201000000,r,514
15201000000,r,514
15201000000,r,514
15201000000,r,514
15201000000,r,514
15202900000,r,514
15202900000,r,514
15202900000,r,514
15202900000,r,514
15202900000,r,514
15203300000,s,514
15208200000,r,514
15208200000,r,514
15208200000,r,514
15208200000,r,514
15208200000,r,514
15208200000,r,514
15208200000,r,514
15208200000,r,514
15208400000,s,514
15225700000,r,514
15225700000,r,514
15225700000,r,514
15225700000,r,514
15225700000,r,514
15225700000,r,514
15225700000,r,514
15225700000,r,514
15225700000,r,514
15225700000,r,514
15225700000,r,514
15225700000,r,514
15225700000,r,514
15225700000,r,514
15225700000,r,514
15225700000,r,514
15225700000,r,514
15225700000,r,514
15225700000,r,514
15225700000,r,514
15225700000,r,514
15225700000,r,514
15225700000,r,514
15225700000,r,514
15225700000,r,514
15225700000,r,514
15225700000,r,514
15225700000,r,514
15225700000,r,514
15225700000,r,514
15225700000,r,514
15225700000,r,514
15225700000,r,514
15225700000,r,514
15225700000,r,514
15225700000,r,514
15225700000,r,514
15225700000,r,514
15225700000,r,514
15225700000,r,514
15225700000,r,514
15225700000,r,514
15225700000,r,514
15225700000,r,514
15225700000,r,514
15225700000,r,514
15225700000,r,514
15225700000,r,514
15225700000,r,514
15225700000,r,514
15225700000,r,514
15225700000,r,514
15225700000,r,514
15225700000,r,514
15225700000,r,514
15225700000,r,514
15225700000,r,514
15225700000,r,514
15225700000,r,514
15225700000,r,514
15225700000,r,514
15226000000,r,514
15226000000,r,514
15226000000,r,514
15226000000,r,514
15226000000,r,514
15226000000,r,514
15226000000,r,514
15226000000,r,514
15226000000,r,514
15226000000,r,514
15226000000,r,514
15226000000,r,514
15226000000,r,514
15226000000,r,514
15226000000,r,514
15226000000,r,514
15226000000,r,514
15226000000,r,514
15226000000,r,514
15226000000,r,514
15226000000,r,514
15226000000,r,514
15226000000,r,514
15226000000,r,514
15226000000,r,514
15226000000,r,514
15226000000,r,514
15226000000,r,514
15226000000,r,514
15226000000,r,514
15226000000,r,514
15226000000,r,514
15226000000,r,514
15226000000,r,514
15226000000,r,514
15226000000,r,514
15226000000,r,514
15226000000,r,514
15226000000,r,514
15226000000,r,514
15226000000,r,514
15226000000,r,514
15226000000,r,514
15226000000,r,514
15226000000,r,514
15226000000,r,514
15226000000,r,514
15226000000,r,514
15226000000,r,514
15226000000,r,514
15226000000,r,514
15226000000,r,514
15226000000,r,514
15226000000,r,514
15226000000,r,514
15226000000,r,514
15226000000,r,514
15226000000,r,514
15226000000,r,514
15226000000,r,514
15226000000,r,514
15226400000,s,514
15226500000,r,514
15226500000,r,514
15226500000,r,514
15228400000,s,514
15228400000,s,514
15228400000,s,514
15228800000,r,514
15228800000,r,514
15228800000,r,514
15228800000,r,514
15228800000,r,514
15228800000,r,514
15228800000,r,514
15228800000,r,514
15229500000,r,514
15229500000,r,514
15229500000,r,514
15229500000,r,514
15229500000,r,514
15229500000,r,514
15229500000,r,514
15229500000,r,514
15272800000,r,514
15272800000,r,514
15272800000,r,514
15272800000,r,514
15272800000,r,514
15272800000,r,514
15272800000,r,514
15272800000,r,514
15272800000,r,514
15272800000,r,514
15272800000,r,514
15272800000,r,514
15272800000,r,514
15272800000,r,514
15272800000,r,514
15272800000,r,514
15272800000,r,514
15272800000,r,514
15272800000,r,514
15272800000,r,514
15272800000,r,514
15272800000,r,514
15272800000,r,514
15272800000,r,514
15272800000,r,514
15272800000,r,514
15272800000,r,514
15272800000,r,514
15272800000,r,514
15272800000,r,514
15272800000,r,514
15272800000,r,514
15272800000,r,514
15272800000,r,514
15272800000,r,514
15272800000,r,514
15272800000,r,514
15272800000,r,514
15272800000,r,514
15272800000,r,514
15272800000,r,514
15272800000,r,514
15272800000,r,514
15272800000,r,514
15272800000,r,514
15272800000,r,514
15272800000,r,514
15272800000,r,514
15272800000,r,514
15272800000,r,514
15272800000,r,514
15272800000,r,514
15272800000,r,514
15272800000,r,514
15272800000,r,514
15272800000,r,514
15272800000,r,514
15272800000,r,514
15272800000,r,514
15272800000,r,514
15272800000,r,514
15273000000,r,514
15273000000,r,514
15273000000,r,514
15273000000,r,514
15273000000,r,514
15273000000,r,514
15273000000,r,514
15273000000,r,514
15273000000,r,514
15273000000,r,514
15273000000,r,514
15273000000,r,514
15273000000,r,514
15273000000,r,514
15273000000,r,514
15273000000,r,514
15273000000,r,514
15273000000,r,514
15273000000,r,514
15273000000,r,514
15273000000,r,514
15273000000,r,514
15273000000,r,514
15273000000,r,514
15273000000,r,514
15273000000,r,514
15273000000,r,514
15273000000,r,514
15273000000,r,514
15273000000,r,514
15273000000,r,514
15273000000,r,514
15273000000,r,514
15273000000,r,514
15273000000,r,514
15273000000,r,514
15273000000,r,514
15273000000,r,514
15273000000,r,514
15273000000,r,514
15273000000,r,514
15273000000,r,514
15273000000,r,514
15273000000,r,514
15273000000,r,514
15273000000,r,514
15273000000,r,514
15273000000,r,514
15273000000,r,514
15273000000,r,514
15273000000,r,514
15273000000,r,514
15273000000,r,514
15273000000,r,514
15273000000,r,514
15273000000,r,514
15275100000,s,514
15275100000,s,514
15275100000,s,514
15315600000,s,514
15315600000,s,514
15316700000,r,514
15316700000,r,514
15316700000,r,514
15316700000,r,514
15316700000,r,514
15316700000,r,514
15316700000,r,514
15316700000,r,514
15316700000,r,514
15316700000,r,514
15316700000,r,514
15316700000,r,514
15316700000,r,514
15316700000,r,514
15316700000,r,514
15316700000,r,514
15316700000,r,514
15316700000,r,514
15316700000,r,514
15316700000,r,514
15316700000,r,514
15316700000,r,514
15316700000,r,514
15316700000,r,514
15316700000,r,514
15316700000,r,514
15316700000,r,514
15316700000,r,514
15316700000,r,514
15316700000,r,514
15316700000,r,514
15316700000,r,514
15316700000,r,514
15316700000,r,514
15316700000,r,514
15316700000,r,514
15316700000,r,514
15316700000,r,514
15316700000,r,514
15316700000,r,514
15316700000,r,514
15316700000,r,514
15316700000,r,514
15316700000,r,514
15316700000,r,514
15316700000,r,514
15316700000,r,514
15316700000,r,514
15316700000,r,514
15316700000,r,514
15316700000,r,514
15316700000,r,514
15316700000,r,514
15316700000,r,514
15316700000,r,514
15316700000,r,514
15316700000,r,514
15316700000,r,514
15316700000,r,514
15316700000,r,514
15316700000,r,514
15316800000,r,514
15316800000,r,514
15316800000,r,514
15316800000,r,514
15316800000,r,514
15316800000,r,514
15316800000,r,514
15316800000,r,514
15316800000,r,514
15316800000,r,514
15316800000,r,514
15316800000,r,514
15316800000,r,514
15316800000,r,514
15316800000,r,514
15316800000,r,514
15316800000,r,514
15316800000,r,514
15316800000,r,514
15316800000,r,514
15317600000,s,514
15317600000,s,514
15317600000,s,514
15329900000,r,514
15329900000,r,514
15332700000,r,514
15332700000,r,514
15332700000,r,514
15332700000,r,514
15332700000,r,514
15332700000,r,514
15332700000,r,514
15341000000,r,514
15341000000,r,514
15341000000,r,514
15341000000,r,514
15341000000,r,514
15341000000,r,514
15341000000,r,514
15341000000,r,514
15341000000,r,514
15341000000,r,514
15341000000,r,514
15341000000,r,514
15352700000,r,514
15352700000,r,514
15352700000,r,514
15352700000,r,514
15352700000,r,514
15352700000,r,514
15363200000,r,514
15363200000,r,514
15363200000,r,514
15363200000,r,514
15363200000,r,514
15363200000,r,514
15372700000,r,514
15372700000,r,514
15372700000,r,514
15372700000,r,514
15372700000,r,514
15372700000,r,514
15372700000,r,514
15372700000,r,514
15372700000,r,514
15372700000,r,514
15372700000,r,514
15372700000,r,514
15373300000,s,514
15375500000,r,514
15375500000,r,514
15375500000,r,514
15375500000,r,514
15375500000,r,514
15375500000,r,514
15375500000,r,514
15375500000,r,514
15384800000,r,514
15384800000,r,514
15384800000,r,514
15384800000,r,514
15384800000,r,514
15384800000,r,514
15384800000,r,514
15384800000,r,514
15384800000,r,514
15384800000,r,514
15384800000,r,514
15384800000,r,514
15384800000,r,514
15384800000,r,514
15384800000,r,514
15384800000,r,514
15384800000,r,514
15384800000,r,514
15384800000,r,514
15384800000,r,514
15384800000,r,514
15384800000,r,514
15384800000,r,514
15384800000,r,514
15385200000,s,514
15387500000,r,514
15387500000,r,514
15387500000,r,514
15387500000,r,514
15387500000,r,514
15387500000,r,514
15387500000,r,514
15387500000,r,514
15387500000,r,514
15387500000,r,514
15387500000,r,514
15387500000,r,514
15387500000,r,514
15403600000,r,514
15403600000,r,514
15403600000,r,514
15403600000,r,514
15403600000,r,514
15403600000,r,514
15403600000,r,514
15403600000,r,514
15403600000,r,514
15403600000,r,514
15403600000,r,514
15403600000,r,514
15403600000,r,514
15403600000,r,514
15403600000,r,514
15403600000,r,514
15403600000,r,514
15403600000,r,514
15403600000,r,514
15403600000,r,514
15403600000,r,514
15403600000,r,514
15403600000,r,514
15403600000,r,514
15403600000,r,514
15403600000,r,514
15403600000,r,514
15403600000,r,514
15403600000,r,514
15403600000,r,514
15403600000,r,514
15403600000,r,514
15403600000,r,514
15403600000,r,514
15403600000,r,514
15403600000,r,514
15403600000,r,514
15403600000,r,514
15403600000,r,514
15403600000,r,514
15403600000,r,514
15403600000,r,514
15403600000,r,514
15403600000,r,514
15403600000,r,514
15403600000,r,514
15403600000,r,514
15403600000,r,514
15403600000,r,514
15403600000,r,514
15403600000,r,514
15403600000,r,514
15403900000,s,514
15408600000,r,514
15408600000,r,514
15408600000,r,514
15408600000,r,514
15408600000,r,514
15408600000,r,514
15408600000,r,514
15408600000,r,514
15408600000,r,514
15408600000,r,514
15408600000,r,514
15408600000,r,514
15408600000,r,514
15408600000,r,514
15408600000,s,514
15421700000,r,514
15421700000,r,514
15421700000,r,514
15421700000,r,514
15421700000,r,514
15421700000,r,514
15421700000,r,514
15421700000,r,514
15421700000,r,514
15421700000,r,514
15421700000,r,514
15421700000,r,514
15421700000,r,514
15421700000,r,514
15421700000,r,514
15421700000,r,514
15421700000,r,514
15421700000,r,514
15421700000,r,514
15421700000,r,514
15421700000,r,514
15421700000,r,514
15421700000,r,514
15421700000,r,514
15421700000,r,514
15421700000,r,514
15421700000,r,514
15421700000,r,514
15421700000,r,514
15421700000,r,514
15421700000,r,514
15421700000,r,514
15421700000,r,514
15421700000,r,514
15421700000,r,514
15421700000,r,514
15421700000,r,514
15421800000,r,514
15421800000,r,514
15421800000,r,514
15421800000,r,514
15421800000,r,514
15421800000,r,514
15421800000,r,514
15421800000,r,514
15421800000,r,514
15421800000,r,514
15421800000,r,514
15421800000,r,514
15421800000,r,514
15421800000,r,514
15421800000,r,514
15421800000,r,514
15421800000,r,514
15421800000,r,514
15421800000,r,514
15421800000,r,514
15421800000,r,514
15421800000,r,514
15421800000,r,514
15421800000,r,514
15421800000,r,514
15421800000,r,514
15421800000,r,514
15421800000,r,514
15421800000,r,514
15421800000,r,514
15421800000,r,514
15421800000,r,514
15421800000,r,514
15421800000,r,514
15421800000,r,514
15421800000,r,514
15421800000,r,514
15421800000,r,514
15421800000,r,514
15421800000,r,514
15421800000,r,514
15421800000,r,514
15421800000,r,514
15421800000,r,514
15421800000,r,514
15421800000,r,514
15421800000,r,514
15421800000,r,514
15421800000,r,514
15421800000,r,514
15421800000,r,514
15421800000,r,514
15421800000,r,514
15421800000,r,514
15421800000,r,514
15421800000,r,514
15421800000,r,514
15421800000,r,514
15421800000,r,514
15421800000,r,514
15421800000,r,514
15421900000,r,514
15421900000,r,514
15421900000,r,514
15421900000,r,514
15421900000,r,514
15421900000,r,514
15421900000,r,514
15421900000,r,514
15421900000,r,514
15421900000,r,514
15421900000,r,514
15421900000,r,514
15421900000,r,514
15421900000,r,514
15421900000,r,514
15421900000,r,514
15421900000,r,514
15421900000,r,514
15421900000,r,514
15421900000,r,514
15421900000,r,514
15421900000,r,514
15421900000,r,514
15421900000,r,514
15421900000,r,514
15421900000,r,514
15421900000,r,514
15421900000,r,514
15421900000,r,514
15421900000,r,514
15422100000,s,514
15426300000,r,514
15426300000,r,514
15426300000,r,514
15426300000,r,514
15426300000,r,514
15426300000,r,514
15426300000,r,514
15426300000,r,514
15426300000,r,514
15426300000,r,514
15426300000,r,514
15426300000,r,514
15426300000,r,514
15426300000,r,514
15426300000,r,514
15426300000,r,514
15426300000,r,514
15426300000,r,514
15426300000,r,514
15426300000,r,514
15426300000,r,514
15426300000,r,514
15426300000,r,514
15426300000,r,514
15426300000,r,514
15426300000,r,514
15426300000,r,514
15426300000,r,514
15426300000,r,514
15426300000,r,514
15426300000,r,514
15426300000,r,514
15426300000,r,514
15426300000,r,514
15426300000,r,514
15426300000,r,514
15426300000,r,514
15426300000,r,514
15426300000,r,514
15426500000,s,514
15426500000,s,514
15426500000,s,514
15426500000,s,514
15428100000,r,514
15428100000,r,514
15428100000,r,514
15428100000,r,514
15428100000,r,514
15428100000,r,514
15428100000,r,514
15428100000,r,514
15428100000,r,514
15428100000,r,514
15428100000,r,514
15428100000,r,514
15428100000,r,514
15428100000,r,514
15428100000,r,514
15428100000,r,514
15428100000,r,514
15428100000,r,514
15428100000,r,514
15428100000,r,514
15428100000,r,514
15428100000,r,514
15428100000,r,514
15428100000,r,514
15428200000,r,514
15428200000,r,514
15428200000,r,514
15428200000,r,514
15428200000,r,514
15428200000,r,514
15428200000,r,514
15428200000,r,514
15428200000,r,514
15428200000,r,514
15428200000,r,514
15428200000,r,514
15428200000,r,514
15428200000,r,514
15428400000,s,514
15432000000,s,514
15468600000,r,514
15468600000,r,514
15468600000,r,514
15468600000,r,514
15468600000,r,514
15468600000,r,514
15468600000,r,514
15468600000,r,514
15468600000,r,514
15468600000,r,514
15468600000,r,514
15468600000,r,514
15468600000,r,514
15468600000,r,514
15468600000,r,514
15468600000,r,514
15468600000,r,514
15468600000,r,514
15488000000,r,514
15488000000,r,514
15488000000,r,514
15488000000,r,514
15488000000,r,514
15488000000,r,514
15488000000,r,514
15488400000,s,514
15620300000,r,514
15620300000,r,514
15622500000,s,514
15622500000,s,514
15663500000,s,514
15663500000,s,514
15726700000,r,514
15726700000,r,514
15729200000,s,514
15729200000,s,514
15771600000,s,514
15771600000,s,514
16038100000,r,514
16038100000,r,514
16038100000,r,514
16038100000,r,514
16038100000,r,514
16038100000,r,514
16038100000,r,514
16095500000,r,514
16098199999,s,514
16099699999,s,514
16144900000,r,514
16144900000,r,514
16144900000,r,514
16144900000,r,514
16144900000,r,514
16144900000,r,514
16144900000,r,514
16148000000,r,514
16149500000,s,514
16152400000,s,514
16175500000,r,514
16175500000,r,514
16175500000,r,514
16175500000,r,514
16175500000,r,514
16175500000,r,514
16183300000,s,514
16188199999,s,514
16188199999,s,514
16203399999,r,514
16203399999,r,514
16203399999,r,514
16203399999,r,514
16203399999,r,514
16203399999,r,514
16203399999,r,514
16265600000,r,514
16265600000,r,514
16265600000,r,514
16269900000,s,514
16311499999,s,514
16311499999,s,514
16440500000,r,514
16468100000,r,514
16468100000,r,514
16468100000,r,514
16468100000,r,514
16468100000,r,514
16468100000,r,514
16468100000,r,514
16543900000,r,514
16543900000,r,514
16543900000,r,514
16546800000,r,514
16629999999,r,514
16629999999,r,514
16629999999,r,514
16629999999,r,514
16629999999,r,514
16629999999,r,514
16629999999,r,514
16672699999,r,514
16672699999,r,514
16672699999,r,514
16672699999,r,514
16672699999,r,514
16672699999,r,514
16672699999,r,514
16672699999,r,514
16672699999,r,514
16672699999,r,514
16672699999,r,514
16673400000,s,514
16690200000,s,514
16755600000,r,514
16755600000,r,514
16756100000,s,514
16757800000,r,514
16757800000,r,514
16757800000,r,514
16757800000,r,514
16757800000,r,514
16757800000,r,514
16757800000,r,514
16761199999,r,514
16761199999,r,514
16761199999,r,514
16761199999,r,514
16761199999,r,514
16761199999,r,514
16761199999,r,514
16761199999,r,514
16761199999,r,514
16761199999,r,514
16761199999,r,514
16761199999,r,514
16761199999,r,514
16761199999,r,514
16761199999,r,514
16761500000,s,514
16785400000,r,514
16785400000,r,514
16785400000,r,514
16785400000,r,514
16785400000,r,514
16785400000,r,514
16785400000,r,514
16785400000,r,514
16785400000,r,514
16785400000,r,514
16785400000,r,514
16785400000,r,514
16785400000,r,514
16785400000,r,514
16785400000,r,514
16785400000,r,514
16785400000,r,514
16785400000,r,514
16785400000,r,514
16785400000,r,514
16785400000,r,514
16785400000,r,514
16785400000,r,514
16785400000,r,514
16785400000,r,514
16785400000,r,514
16785400000,r,514
16785400000,r,514
16785400000,r,514
16785400000,r,514
16785400000,r,514
16785400000,r,514
16785400000,r,514
16785400000,r,514
16785400000,r,514
16785400000,r,514
16785400000,r,514
16785400000,r,514
16785400000,r,514
16785400000,r,514
16785400000,r,514
16785400000,r,514
16785400000,r,514
16785400000,r,514
16785400000,r,514
16785400000,r,514
16785400000,r,514
16785400000,r,514
16785400000,r,514
16785400000,r,514
16785400000,r,514
16785400000,r,514
16785400000,r,514
16785400000,r,514
16785400000,r,514
16785400000,r,514
16785599999,r,514
16785599999,r,514
16785599999,r,514
16785599999,r,514
16785599999,r,514
16785599999,r,514
16785599999,r,514
16785599999,r,514
16785599999,r,514
16785599999,r,514
16785599999,r,514
16785599999,r,514
16785599999,r,514
16785599999,r,514
16785599999,r,514
16785599999,r,514
16785599999,r,514
16785599999,r,514
16785599999,r,514
16785599999,r,514
16785599999,r,514
16785599999,r,514
16785599999,r,514
16785599999,r,514
16785599999,r,514
16785599999,r,514
16785599999,r,514
16785599999,r,514
16785599999,r,514
16785599999,r,514
16785599999,r,514
16785599999,r,514
16785599999,r,514
16785599999,r,514
16785599999,r,514
16785599999,r,514
16785599999,r,514
16785599999,r,514
16785599999,r,514
16785599999,r,514
16785599999,r,514
16785599999,r,514
16785599999,r,514
16785599999,r,514
16785599999,r,514
16785599999,r,514
16785599999,r,514
16785599999,r,514
16785599999,r,514
16785599999,r,514
16785599999,r,514
16785599999,r,514
16785599999,r,514
16785599999,r,514
16785599999,r,514
16785599999,r,514
16785599999,r,514
16785599999,r,514
16785599999,r,514
16785599999,r,514
16785599999,r,514
16785599999,r,514
16785599999,r,514
16785599999,r,514
16785599999,r,514
16785599999,r,514
16786000000,s,514
16786000000,r,514
16786000000,r,514
16786000000,r,514
16786000000,r,514
16786000000,r,514
16786000000,r,514
16787700000,s,514
16787700000,s,514
16787700000,s,514
16789400000,r,514
16789400000,r,514
16789400000,r,514
16789400000,r,514
16789400000,r,514
16789400000,r,514
16789400000,r,514
16789400000,r,514
16789800000,r,514
16789800000,r,514
16789800000,r,514
16789800000,r,514
16789800000,r,514
16789800000,r,514
16789800000,r,514
16789800000,r,514
16832899999,r,514
16832899999,r,514
16832899999,r,514
16832899999,r,514
16832899999,r,514
16832899999,r,514
16832899999,r,514
16832899999,r,514
16832899999,r,514
16832899999,r,514
16832899999,r,514
16832899999,r,514
16832899999,r,514
16832899999,r,514
16832899999,r,514
16832899999,r,514
16832899999,r,514
16832899999,r,514
16832899999,r,514
16832899999,r,514
16832899999,r,514
16832899999,r,514
16832899999,r,514
16832899999,r,514
16832899999,r,514
16832899999,r,514
16832899999,r,514
16832899999,r,514
16832899999,r,514
16832899999,r,514
16832899999,r,514
16832899999,r,514
16832899999,r,514
16832899999,r,514
16832899999,r,514
16832899999,r,514
16832899999,r,514
16832899999,r,514
16832899999,r,514
16832899999,r,514
16832899999,r,514
16832899999,r,514
16832899999,r,514
16832899999,r,514
16832899999,r,514
16832899999,r,514
16832899999,r,514
16832899999,r,514
16832899999,r,514
16832899999,r,514
16832899999,r,514
16833600000,s,514
16833600000,s,514
16873500000,r,514
16873500000,r,514
16873500000,r,514
16873500000,r,514
16876000000,s,514
16936100000,s,514
17136299999,r,514
17136900000,s,514
17176600000,r,514
17179099999,s,514
17179099999,s,514
17530400000,r,514
17530400000,r,514
17530400000,r,514
17530400000,r,514
17530400000,r,514
17530400000,r,514
17540300000,s,514
17837200000,r,514
17838400000,s,514
17852100000,s,514
17865800000,s,514
17886100000,s,514
17888000000,r,514
17889400000,s,514
17896800000,s,514
17994600000,r,514
18068300000,s,514
18227400000,r,514
18230200000,s,514
18230200000,s,514
18313200000,r,514
18313200000,r,514
18317000000,s,514
18317000000,s,514
18327400000,r,514
18331800000,r,514
18332800000,s,514
18332800000,s,514
18375600000,s,514
18375600000,s,514
18476300000,r,514
18476300000,r,514
18476300000,r,514
18479500000,r,514
18479500000,r,514
18479500000,r,514
18479500000,r,514
18479500000,r,514
18479500000,r,514
18479500000,r,514
18504400000,r,514
18504400000,r,514
18504400000,r,514
18504400000,r,514
18504400000,r,514
18504400000,r,514
18504400000,r,514
18504400000,r,514
18506000000,r,514
18506000000,r,514
18506000000,r,514
18506000000,r,514
18506000000,r,514
18506000000,r,514
18506000000,r,514
18509200000,r,514
18509200000,r,514
18509200000,r,514
18509200000,r,514
18509200000,r,514
18509200000,r,514
18509200000,r,514
18509200000,r,514
18509500000,r,514
18509500000,r,514
18509500000,r,514
18509500000,r,514
18509500000,r,514
18509500000,r,514
18509500000,r,514
18509500000,r,514
18509500000,r,514
18509500000,r,514
18509500000,r,514
18509500000,r,514
18509500000,r,514
18509500000,r,514
18509500000,r,514
18509500000,r,514
18509500000,r,514
18509500000,r,514
18509500000,r,514
18509500000,r,514
18509500000,r,514
18509500000,r,514
18509500000,r,514
18509800000,s,514
18509900000,r,514
18509900000,r,514
18509900000,r,514
18509900000,r,514
18509900000,r,514
18509900000,r,514
18509900000,r,514
18509900000,r,514
18509900000,r,514
18509900000,r,514
18509900000,r,514
18509900000,r,514
18509900000,r,514
18509900000,r,514
18509900000,r,514
18518700000,r,514
18518700000,r,514
18523400000,s,514
18537100000,r,514
18537100000,r,514
18537100000,r,514
18537100000,r,514
18537100000,r,514
18537100000,r,514
18537100000,r,514
18537100000,r,514
18537600000,s,514
18575900000,r,514
18575900000,r,514
18575900000,r,514
18575900000,r,514
18575900000,r,514
18575900000,r,514
18575900000,r,514
18575900000,r,514
18575900000,r,514
18575900000,r,514
18575900000,r,514
18575900000,r,514
18575900000,r,514
18575900000,r,514
18575900000,r,514
18575900000,r,514
18575900000,r,514
18575900000,r,514
18575900000,r,514
18575900000,r,514
18575900000,r,514
18575900000,r,514
18575900000,r,514
18575900000,r,514
18575900000,r,514
18575900000,r,514
18575900000,r,514
18575900000,r,514
18575900000,r,514
18575900000,r,514
18575900000,r,514
18575900000,r,514
18575900000,r,514
18616900000,r,514
18616900000,r,514
18616900000,r,514
18616900000,r,514
18616900000,r,514
18616900000,r,514
18616900000,r,514
18616900000,r,514
18616900000,r,514
18616900000,r,514
18616900000,r,514
18616900000,r,514
18616900000,r,514
18616900000,r,514
18616900000,r,514
18616900000,r,514
18616900000,r,514
18616900000,r,514
18616900000,r,514
18616900000,r,514
18616900000,r,514
18616900000,r,514
18616900000,r,514
18616900000,r,514
18616900000,r,514
18616900000,r,514
18616900000,r,514
18616900000,r,514
18616900000,r,514
18616900000,r,514
18616900000,r,514
18616900000,r,514
18616900000,r,514
18616900000,r,514
18616900000,r,514
18616900000,r,514
18616900000,r,514
18616900000,r,514
18616900000,r,514
18616900000,r,514
18616900000,r,514
18616900000,r,514
18616900000,r,514
18616900000,r,514
18616900000,r,514
18616900000,r,514
18616900000,r,514
18616900000,r,514
18616900000,r,514
18616900000,r,514
18616900000,r,514
18616900000,r,514
18617700000,s,514
18659500000,s,514
18659500000,s,514
18717400000,r,514
18717400000,r,514
18717400000,r,514
18717400000,r,514
18717400000,r,514
18717400000,r,514
18717400000,r,514
18717900000,s,514
18720700000,s,514
18765100000,s,514
18765100000,s,514
18765100000,s,514
18765100000,s,514
18765100000,s,514
18825300000,r,514
18825300000,r,514
18825300000,r,514
18825300000,r,514
18825300000,r,514
18825300000,r,514
18825300000,r,514
18827500000,s,514
18831500000,s,514
18831500000,s,514
18831500000,s,514
18831500000,s,514
18864600000,r,514
18864600000,r,514
18864600000,r,514
18933200000,r,514
18933200000,r,514
18933200000,r,514
18933200000,r,514
18933200000,r,514
18935200000,s,514
18975500000,s,514
18975500000,s,514
18975500000,s,514
18975500000,s,514
19085200000,r,514
19085900000,s,514
19181100000,r,514
19181100000,r,514
19182000000,s,514
19183500000,r,514
19184400000,s,514
19185500000,r,514
19185500000,r,514
19185500000,r,514
19185500000,r,514
19185500000,r,514
19185500000,r,514
19185500000,r,514
19185500000,r,514
19186800000,s,514
19203000000,r,514
19203000000,r,514
19203000000,r,514
19203000000,r,514
19203000000,r,514
19203000000,r,514
19203000000,r,514
19203000000,r,514
19203000000,r,514
19203000000,r,514
19203000000,r,514
19203000000,r,514
19203000000,r,514
19203000000,r,514
19203000000,r,514
19203000000,r,514
19203000000,r,514
19203000000,r,514
19203000000,r,514
19203000000,r,514
19203000000,r,514
19203000000,r,514
19203000000,r,514
19203000000,r,514
19203000000,r,514
19203000000,r,514
19203000000,r,514
19203000000,r,514
19203000000,r,514
19203000000,r,514
19203000000,r,514
19203000000,r,514
19203000000,r,514
19203000000,r,514
19203000000,r,514
19203000000,r,514
19203000000,r,514
19203000000,r,514
19203000000,r,514
19203000000,r,514
19203000000,r,514
19203000000,r,514
19203000000,r,514
19203000000,r,514
19203000000,r,514
19203000000,r,514
19203000000,r,514
19203000000,r,514
19203000000,r,514
19203000000,r,514
19203000000,r,514
19203000000,r,514
19203000000,r,514
19203000000,r,514
19203000000,r,514
19203000000,r,514
19203000000,r,514
19203000000,r,514
19203000000,r,514
19203000000,r,514
19203000000,r,514
19203100000,r,514
19203100000,r,514
19203100000,r,514
19203100000,r,514
19203100000,r,514
19203100000,r,514
19203100000,r,514
19203100000,r,514
19203100000,r,514
19203100000,r,514
19203100000,r,514
19203100000,r,514
19203100000,r,514
19203100000,r,514
19203100000,r,514
19203100000,r,514
19203100000,r,514
19203100000,r,514
19203100000,r,514
19203100000,r,514
19203100000,r,514
19203100000,r,514
19203100000,r,514
19203100000,r,514
19203100000,r,514
19203100000,r,514
19203100000,r,514
19203100000,r,514
19203100000,r,514
19203100000,r,514
19203100000,r,514
19203100000,r,514
19203100000,r,514
19203100000,r,514
19203100000,r,514
19203100000,r,514
19203100000,r,514
19203100000,r,514
19203100000,r,514
19203100000,r,514
19203100000,r,514
19203100000,r,514
19203100000,r,514
19203100000,r,514
19203100000,r,514
19203100000,r,514
19203100000,r,514
19203100000,r,514
19203100000,r,514
19203100000,r,514
19203100000,r,514
19203100000,r,514
19203100000,r,514
19203100000,r,514
19203100000,r,514
19203100000,r,514
19203100000,r,514
19203100000,r,514
19203100000,r,514
19203100000,r,514
19203100000,r,514
19203100000,r,514
19203100000,r,514
19203100000,r,514
19203100000,r,514
19203100000,r,514
19203100000,r,514
19203100000,r,514
19203100000,r,514
19203100000,r,514
19203100000,r,514
19203100000,r,514
19203100000,r,514
19203100000,r,514
19203100000,r,514
19203100000,r,514
19203100000,r,514
19203100000,r,514
19203100000,r,514
19203100000,r,514
19203100000,r,514
19203100000,r,514
19203100000,r,514
19203200000,s,514
19203200000,s,514
19203500000,s,514
19208500000,s,514
19208500000,s,514
19208500000,s,514
19244700000,r,514
19244700000,r,514
19244700000,r,514
19244700000,r,514
19244700000,r,514
19244800000,r,514
19244800000,r,514
19244800000,r,514
19244800000,r,514
19244800000,r,514
19244800000,r,514
19244800000,r,514
19244800000,r,514
19244800000,r,514
19244800000,r,514
19244800000,r,514
19244800000,r,514
19244800000,r,514
19244800000,r,514
19244800000,r,514
19244800000,r,514
19244800000,r,514
19244800000,r,514
19244800000,r,514
19244800000,r,514
19244800000,r,514
19244800000,r,514
19244800000,r,514
19244800000,r,514
19244900000,s,514
19244900000,s,514
19245300000,s,514
19248000000,s,514
19295500000,s,514
19295500000,s,514
19295500000,s,514
19337400000,r,514
19543200000,s,514
19708800000,r,514
19814700000,r,514
19814700000,r,514
19815400000,s,514
19901300000,r,514
19906100000,r,514
19906100000,r,514
19906100000,r,514
19906100000,r,514
19906100000,r,514
19906100000,r,514
19906100000,r,514
19906100000,r,514
19906200000,r,514
19906200000,r,514
19906200000,r,514
19906200000,r,514
19906200000,r,514
19906200000,r,514
19906200000,r,514
19906200000,r,514
19906400000,r,514
19906400000,r,514
19906400000,r,514
19906400000,r,514
19906400000,r,514
19906400000,r,514
19906400000,r,514
19906400000,r,514
19906800000,r,514
19906800000,r,514
19906800000,r,514
19906800000,r,514
19906800000,r,514
19906800000,r,514
19906800000,r,514
19906800000,r,514
19906900000,r,514
19906900000,r,514
19906900000,r,514
19906900000,r,514
19906900000,r,514
19906900000,r,514
19906900000,r,514
19907400000,r,514
19907400000,r,514
19907400000,r,514
19907400000,r,514
19907400000,r,514
19907400000,r,514
19907400000,r,514
19907500000,s,514
19920900000,r,514
19920900000,r,514
19920900000,r,514
19920900000,r,514
19920900000,r,514
20027200000,r,514
23927900000,s,514
23927900000,s,514
24331000000,r,514
24332200000,s,514
