0,s,514
198800000,r,514
198800000,r,514
400000000,r,514
400000000,r,514
400000000,r,514
400000000,r,514
401400000,s,514
401400000,s,514
401400000,s,514
604000000,r,514
604000000,r,514
605200000,s,514
605200000,s,514
605200000,s,514
605200000,s,514
605200000,s,514
759000000,s,514
802700000,r,514
802700000,r,514
805400000,r,514
805400000,r,514
805400000,r,514
805400000,r,514
805400000,r,514
805400000,r,514
805400000,r,514
805400000,r,514
805400000,r,514
805400000,r,514
805400000,r,514
805400000,r,514
805400000,r,514
805400000,r,514
805400000,r,514
805400000,r,514
805400000,r,514
805400000,r,514
805400000,r,514
805400000,r,514
805400000,r,514
805400000,r,514
805400000,r,514
805400000,r,514
1002500000,r,514
1002500000,r,514
1002500000,r,514
1002500000,r,514
1002500000,r,514
1002500000,r,514
1002500000,r,514
1002500000,r,514
1002500000,r,514
1002500000,r,514
1002500000,r,514
1002500000,r,514
1002500000,r,514
1002500000,r,514
1002500000,r,514
1002500000,r,514
1002500000,r,514
1002500000,r,514
1002500000,r,514
1002500000,r,514
1002500000,r,514
1002500000,r,514
1002500000,r,514
1002500000,r,514
1002500000,r,514
1002500000,r,514
1002500000,r,514
1002500000,r,514
1002500000,r,514
1002500000,r,514
1002500000,r,514
1002500000,r,514
1002500000,r,514
1002500000,r,514
1002500000,r,514
1002500000,r,514
1002500000,r,514
1002500000,r,514
1002500000,r,514
1002500000,r,514
1002500000,r,514
1002500000,r,514
1002500000,r,514
1002500000,r,514
1002500000,r,514
1002500000,r,514
1002500000,r,514
1002500000,r,514
1002500000,r,514
1002500000,r,514
1002500000,r,514
1002500000,r,514
1002500000,r,514
1199200000,r,514
1199200000,r,514
1199200000,r,514
1199200000,r,514
1199200000,r,514
1199200000,r,514
1199200000,r,514
1199200000,r,514
1199200000,r,514
1199200000,r,514
1199200000,r,514
1199200000,r,514
1199200000,r,514
1199200000,r,514
1199200000,r,514
1199200000,r,514
1199200000,r,514
1199200000,r,514
1199200000,r,514
1199200000,r,514
1199200000,r,514
1199200000,r,514
1199200000,r,514
1199200000,r,514
1199200000,r,514
1199200000,r,514
1199200000,r,514
1199200000,r,514
1199200000,r,514
1199200000,r,514
1199200000,r,514
1199200000,r,514
1199200000,r,514
1199200000,r,514
1199200000,r,514
1199200000,r,514
1199200000,r,514
1199200000,r,514
1199200000,r,514
1199200000,r,514
1199200000,r,514
1199200000,r,514
1199200000,r,514
1199200000,r,514
1199200000,r,514
1199200000,r,514
1199200000,r,514
1199200000,r,514
1199200000,r,514
1199200000,r,514
1199200000,r,514
1199200000,r,514
1199200000,r,514
1199200000,r,514
1199200000,r,514
1199200000,r,514
1199200000,r,514
1199200000,r,514
1199200000,r,514
1199200000,r,514
1199200000,r,514
1199300000,r,514
1199300000,r,514
1199300000,r,514
1199300000,r,514
1199300000,r,514
1199300000,r,514
1199300000,r,514
1199300000,r,514
1199300000,r,514
1199300000,r,514
1199300000,r,514
1199300000,r,514
1199300000,r,514
1199300000,r,514
1199300000,r,514
1199300000,r,514
1199300000,r,514
1199300000,r,514
1199300000,r,514
1199300000,r,514
1199300000,r,514
1199300000,r,514
1199300000,r,514
1199300000,r,514
1199300000,r,514
1199300000,r,514
1199300000,r,514
1199300000,r,514
1199300000,r,514
1199300000,r,514
1199300000,r,514
1199300000,r,514
1199300000,r,514
1199300000,r,514
1199300000,r,514
1199300000,r,514
1199300000,r,514
1199300000,r,514
1199300000,r,514
1199300000,r,514
1199300000,r,514
1199300000,r,514
1199300000,r,514
1199300000,r,514
1199300000,r,514
1343500000,s,514
1344400000,s,514
1344400000,s,514
1348900000,s,514
1397000000,r,514
1397000000,r,514
1397000000,r,514
1397000000,r,514
1397000000,r,514
1397000000,r,514
1397000000,r,514
1397000000,r,514
1397000000,r,514
1397000000,r,514
1397000000,r,514
1397000000,r,514
1397000000,r,514
1397000000,r,514
1397000000,r,514
1397000000,r,514
1397000000,r,514
1397000000,r,514
1397000000,r,514
1397000000,r,514
1397000000,r,514
1397000000,r,514
1397000000,r,514
1397000000,r,514
1397000000,r,514
1397000000,r,514
1397000000,r,514
1397000000,r,514
1397000000,r,514
1397000000,r,514
1397000000,r,514
1397000000,r,514
1397000000,r,514
1397000000,r,514
1397000000,r,514
1397000000,r,514
1397000000,r,514
1397000000,r,514
1397000000,r,514
1397000000,r,514
1397000000,r,514
1397000000,r,514
1397000000,r,514
1397000000,r,514
1397000000,r,514
1397000000,r,514
1397000000,r,514
1397000000,r,514
1397000000,r,514
1397000000,r,514
1397000000,r,514
1397000000,r,514
1397000000,r,514
1397000000,r,514
1397000000,r,514
1397000000,r,514
1397000000,r,514
1397000000,r,514
1397000000,r,514
1397000000,r,514
1397000000,r,514
1397200000,r,514
1397200000,r,514
1397200000,r,514
1397200000,r,514
1397200000,r,514
1397200000,r,514
1397200000,r,514
1397200000,r,514
1397200000,r,514
1397200000,r,514
1397200000,r,514
1397200000,r,514
1397200000,r,514
1397200000,r,514
1397200000,r,514
1397200000,r,514
1397200000,r,514
1397200000,r,514
1397200000,r,514
1397200000,r,514
1397200000,r,514
1397200000,r,514
1397200000,r,514
1397200000,r,514
1397200000,r,514
1397200000,r,514
1397200000,r,514
1397200000,r,514
1397200000,r,514
1397200000,r,514
1397200000,r,514
1397200000,r,514
1397200000,r,514
1397200000,r,514
1397200000,r,514
1397200000,r,514
1397200000,r,514
1397200000,r,514
1397200000,r,514
1397200000,r,514
1397200000,r,514
1397200000,r,514
1397200000,r,514
1397200000,r,514
1397200000,r,514
1397200000,r,514
1397200000,r,514
1397200000,r,514
1397200000,r,514
1397200000,r,514
1397200000,r,514
1397200000,r,514
1397200000,r,514
1397200000,r,514
1397200000,r,514
1397200000,r,514
1397200000,r,514
1397200000,r,514
1397200000,r,514
1397200000,r,514
1397200000,r,514
1397200000,r,514
1397200000,r,514
1397200000,r,514
1397200000,r,514
1397200000,r,514
1397200000,r,514
1397200000,r,514
1397200000,r,514
1397200000,r,514
1397200000,r,514
1397200000,r,514
1397200000,r,514
1397200000,r,514
1397200000,r,514
1397200000,r,514
1397200000,r,514
1397200000,r,514
1397200000,r,514
1397200000,r,514
1397200000,r,514
1397200000,r,514
1397200000,r,514
1397200000,r,514
1397200000,r,514
1397200000,r,514
1397200000,r,514
1397200000,r,514
1397200000,r,514
1397200000,r,514
1397200000,r,514
1397200000,r,514
1397200000,r,514
1397200000,r,514
1397200000,r,514
1397200000,r,514
1397200000,r,514
1397200000,r,514
1397200000,r,514
1397200000,r,514
1397200000,r,514
1397200000,r,514
1397200000,r,514
1397200000,r,514
1397200000,r,514
1397200000,r,514
1397200000,r,514
1397200000,r,514
1397200000,r,514
1397200000,r,514
1397200000,r,514
1397200000,r,514
1397200000,r,514
1397200000,r,514
1397200000,r,514
1397200000,r,514
1397200000,r,514
1397200000,r,514
1397200000,r,514
1397200000,r,514
1397200000,r,514
1397200000,r,514
1397300000,r,514
1397300000,r,514
1397300000,r,514
1397300000,r,514
1397300000,r,514
1397300000,r,514
1397300000,r,514
1397300000,r,514
1397300000,r,514
1397300000,r,514
1397300000,r,514
1397300000,r,514
1397300000,r,514
1397300000,r,514
1397300000,r,514
1397300000,r,514
1397300000,r,514
1397300000,r,514
1397300000,r,514
1397300000,r,514
1397300000,r,514
1397300000,r,514
1397300000,r,514
1397300000,r,514
1397300000,r,514
1397300000,r,514
1397300000,r,514
1397300000,r,514
1397300000,r,514
1397300000,r,514
1397700000,s,514
1400500000,s,514
1400500000,s,514
1400500000,s,514
1400500000,s,514
1400500000,s,514
1400500000,s,514
1400500000,s,514
1593600000,r,514
1593600000,r,514
1593600000,r,514
1593600000,r,514
1593600000,r,514
1593600000,r,514
1593600000,r,514
1593600000,r,514
1593600000,r,514
1593600000,r,514
1593600000,r,514
1593600000,r,514
1593600000,r,514
1593600000,r,514
1593600000,r,514
1593600000,r,514
1593600000,r,514
1593600000,r,514
1593600000,r,514
1593600000,r,514
1593600000,r,514
1593600000,r,514
1593600000,r,514
1593600000,r,514
1593600000,r,514
1593600000,r,514
1593600000,r,514
1593600000,r,514
1593600000,r,514
1593600000,r,514
1593600000,r,514
1593600000,r,514
1593600000,r,514
1593600000,r,514
1593600000,r,514
1593600000,r,514
1593600000,r,514
1593600000,r,514
1593600000,r,514
1593600000,r,514
1593600000,r,514
1593600000,r,514
1593600000,r,514
1593600000,r,514
1593600000,r,514
1593600000,r,514
1593600000,r,514
1593600000,r,514
1593600000,r,514
1593600000,r,514
1593600000,r,514
1593600000,r,514
1593600000,r,514
1593600000,r,514
1593600000,r,514
1593600000,r,514
1593600000,r,514
1593600000,r,514
1593600000,r,514
1593600000,r,514
1593600000,r,514
1593700000,r,514
1593700000,r,514
1593700000,r,514
1960200000,s,514
1960200000,s,514
1978300000,s,514
2180700000,r,514
2181400000,s,514
2510100000,r,514
2681800000,r,514
2682500000,s,514
2794300000,r,514
2795100000,s,514
2982200000,s,514
3155300000,r,514
3180300000,r,514
3180900000,s,514
3257400000,s,514
3418300000,r,514
3477900000,r,514
3478700000,s,514
3610700000,s,514
3737800000,s,514
3785100000,r,514
3981500000,s,514
4178700000,r,514
4180200000,s,514
4413300000,r,514
4417100000,s,514
4417100000,s,514
4514800000,s,514
4680300000,r,514
4683000000,s,514
4683000000,s,514
4940700000,r,514
4941500000,s,514
4944000000,r,514
4944700000,s,514
4980700000,s,514
5071800000,r,514
5073500000,s,514
5073500000,s,514
5178600000,r,514
5179400000,s,514
5240000000,r,514
5240000000,r,514
5240000000,r,514
5240000000,r,514
5240000000,r,514
5240000000,r,514
5283200000,r,514
5324500000,r,514
5324500000,r,514
5324500000,r,514
5324500000,r,514
5324500000,r,514
5324500000,r,514
5324500000,r,514
5324500000,r,514
5329400000,s,514
5379900000,r,514
5380700000,s,514
5405000000,r,514
5405000000,r,514
5405000000,r,514
5510600000,r,514
5510600000,r,514
5510600000,r,514
5510600000,r,514
5514800000,s,514
5556100000,s,514
5627000000,r,514
5627000000,r,514
5627000000,r,514
5627000000,r,514
5627000000,r,514
5627000000,r,514
5627000000,r,514
5638800000,r,514
5638800000,r,514
5681400000,r,514
5717200000,r,514
5717200000,r,514
5719700000,s,514
5760100000,s,514
5790300000,r,514
5790300000,r,514
5790300000,r,514
5856400000,r,514
5856400000,r,514
5856400000,r,514
5900600000,r,514
5900600000,r,514
5900600000,r,514
5900600000,r,514
5900600000,r,514
5900600000,r,514
5900600000,r,514
5900600000,r,514
5900600000,r,514
5900600000,r,514
5904400000,s,514
5904400000,s,514
5958600000,r,514
5958600000,r,514
5958600000,r,514
5958600000,r,514
5974700000,s,514
6093400000,r,514
6093400000,r,514
6093400000,r,514
6093400000,r,514
6093400000,r,514
6171800000,r,514
6172700000,s,514
6271900000,r,514
6271900000,r,514
6272500000,s,514
6437800000,r,514
6526200000,r,514
6526200000,r,514
6704000000,r,514
6864800000,r,514
6917500000,s,514
7426600000,r,514
7426600000,r,514
7426600000,r,514
7426600000,r,514
7426600000,r,514
7426600000,r,514
7426600000,r,514
7426600000,r,514
7432200000,s,514
7432200000,s,514
7432200000,s,514
7473500000,s,514
7850600000,r,514
7850600000,r,514
7850600000,r,514
7850600000,r,514
7850600000,r,514
7850600000,r,514
7850600000,r,514
7862200000,r,514
7862200000,r,514
7940400000,r,514
7940400000,r,514
7945800000,s,514
7948600000,s,514
7948600000,s,514
7964800000,r,514
8315899999,r,514
8315899999,r,514
8362299999,r,514
8481000000,r,514
8481600000,s,514
8941000000,r,514
8941000000,r,514
8941000000,r,514
8941000000,r,514
8941000000,r,514
8941000000,r,514
8941000000,r,514
8942400000,r,514
8942400000,r,514
8942400000,r,514
8942400000,r,514
8942400000,r,514
8942400000,r,514
8942400000,r,514
8952700000,r,514
8952700000,r,514
8952700000,r,514
8952700000,r,514
8952700000,r,514
8952700000,r,514
8952700000,r,514
8952700000,r,514
8954500000,r,514
9031700000,r,514
9031700000,r,514
9031700000,r,514
9031700000,r,514
9031700000,r,514
9031700000,r,514
9031700000,r,514
9031700000,r,514
9032800000,r,514
9032800000,r,514
9032800000,r,514
9032800000,r,514
9032800000,r,514
9032800000,r,514
9032800000,r,514
9032800000,r,514
9032800000,r,514
9032800000,r,514
9033600000,s,514
9034900000,r,514
9034900000,r,514
9034900000,r,514
9034900000,r,514
9034900000,r,514
9139000000,r,514
9139000000,r,514
9139000000,r,514
9139000000,r,514
9139000000,r,514
9139000000,r,514
9139000000,r,514
9139000000,r,514
9139000000,r,514
9139000000,r,514
9376100000,s,514
9376700000,s,514
9381900000,s,514
9384600000,s,514
9384600000,s,514
9384600000,s,514
9442400000,s,514
9442400000,s,514
9442400000,s,514
9444100000,s,514
9444100000,s,514
9449000000,s,514
9449000000,s,514
9449000000,s,514
9636200000,s,514
9816300000,r,514
9818900000,s,514
9818900000,s,514
9881500000,r,514
9883900000,s,514
9883900000,s,514
9893900000,r,514
9893900000,r,514
9893900000,r,514
9895800000,s,514
9895800000,s,514
9897500000,s,514
9897500000,s,514
9899000000,s,514
9899000000,s,514
9905400000,r,514
9905400000,r,514
9905400000,r,514
9905400000,r,514
9905400000,r,514
9906900000,s,514
9906900000,s,514
9908200000,r,514
9908200000,r,514
9908200000,r,514
9909600000,s,514
9909600000,s,514
9956200000,s,514
9956200000,s,514
9956200000,s,514
9956200000,s,514
9956200000,s,514
9956200000,s,514
9956200000,s,514
9956200000,s,514
9956200000,s,514
9956200000,s,514
9956200000,s,514
9956200000,s,514
9995300000,r,514
9997500000,s,514
9997500000,s,514
10199300000,r,514
10201300000,s,514
10201300000,s,514
10249700000,r,514
10249700000,r,514
10249700000,r,514
10249700000,r,514
10249700000,r,514
10249700000,r,514
10249700000,r,514
10333300000,r,514
10333300000,r,514
10333300000,r,514
10333300000,r,514
10333300000,r,514
10333300000,r,514
10333300000,r,514
10333300000,r,514
10336400000,s,514
10340100000,s,514
10376500000,r,514
10376500000,r,514
10376500000,r,514
10376500000,r,514
10376500000,r,514
10376500000,r,514
10376500000,r,514
10376500000,r,514
10376500000,r,514
10376500000,r,514
10376500000,r,514
10376500000,r,514
10376500000,r,514
10376500000,r,514
10376500000,r,514
10376500000,r,514
10376500000,r,514
10376500000,r,514
10376500000,r,514
10376500000,r,514
10376900000,s,514
10398300000,r,514
10398300000,r,514
10398300000,r,514
10398400000,r,514
10398400000,r,514
10398400000,r,514
10398400000,r,514
10398600000,s,514
10398600000,s,514
10398600000,s,514
10398600000,s,514
10398600000,s,514
10398600000,s,514
10398600000,s,514
10398600000,s,514
10398600000,s,514
10398600000,s,514
10398600000,s,514
10398600000,s,514
10398600000,s,514
10398600000,s,514
10398600000,s,514
10398600000,s,514
10398600000,s,514
10398600000,s,514
10398600000,s,514
10398600000,s,514
10398600000,s,514
10398600000,s,514
10398600000,s,514
10398600000,s,514
10398600000,s,514
10398600000,s,514
10398600000,s,514
10398600000,s,514
10398600000,s,514
10398600000,s,514
10398600000,s,514
10398600000,s,514
10398600000,s,514
10398600000,s,514
10398600000,s,514
10398600000,s,514
10398600000,s,514
10398600000,s,514
10398600000,s,514
10398600000,s,514
10398600000,s,514
10398600000,s,514
10416200000,r,514
10418100000,r,514
10418100000,r,514
10418100000,r,514
10418100000,r,514
10418100000,r,514
10418100000,r,514
10418100000,r,514
10418100000,r,514
10419000000,s,514
10422400000,s,514
10424600000,r,514
10424600000,r,514
10424600000,r,514
10424700000,s,514
10424700000,s,514
10424700000,s,514
10424700000,s,514
10424700000,s,514
10424700000,s,514
10446500000,r,514
10446500000,r,514
10446500000,r,514
10446500000,r,514
10446500000,r,514
10446500000,r,514
10446500000,r,514
10446500000,r,514
10446500000,r,514
10446500000,r,514
10446500000,r,514
10446500000,r,514
10446500000,r,514
10446500000,r,514
10446500000,r,514
10446500000,r,514
10449500000,s,514
10492100000,s,514
10529800000,r,514
10529800000,r,514
10529800000,r,514
10529800000,r,514
10529800000,r,514
10529800000,r,514
10529800000,r,514
10529800000,r,514
10529800000,r,514
10529800000,r,514
10529800000,r,514
10529800000,r,514
10529800000,r,514
10529800000,r,514
10529800000,r,514
10529800000,r,514
10533200000,s,514
10573800000,r,514
10573800000,r,514
10573800000,r,514
10573800000,r,514
10573800000,r,514
10573800000,r,514
10573800000,r,514
10573800000,r,514
10573800000,r,514
10573800000,r,514
10573800000,r,514
10573800000,r,514
10573800000,r,514
10573800000,r,514
10573800000,r,514
10573800000,r,514
10573800000,r,514
10573800000,r,514
10573800000,r,514
10573800000,r,514
10573800000,r,514
10573800000,r,514
10573800000,r,514
10573800000,r,514
10573800000,r,514
10573800000,r,514
10573800000,r,514
10573800000,r,514
10573800000,r,514
10573800000,r,514
10573800000,r,514
10573900000,s,514
10573900000,s,514
10573900000,s,514
10616000000,s,514
10616000000,s,514
10616000000,s,514
10616000000,s,514
10616000000,s,514
10616000000,s,514
10616000000,s,514
10616000000,s,514
10616000000,s,514
10616000000,s,514
10660000000,s,514
10660000000,s,514
10660000000,s,514
10660000000,s,514
10660000000,s,514
10660000000,s,514
10756000000,r,514
10756000000,r,514
10756000000,r,514
10756000000,r,514
10756000000,r,514
10756000000,r,514
10756000000,r,514
10765500000,r,514
10840800000,r,514
10840800000,r,514
10840800000,r,514
10840800000,r,514
10840800000,r,514
10840800000,r,514
10840800000,r,514
10840800000,r,514
10856900000,r,514
10856900000,r,514
10856900000,r,514
10856900000,r,514
10856900000,r,514
10856900000,r,514
10856900000,r,514
10856900000,r,514
10856900000,r,514
10856900000,r,514
10856900000,r,514
10856900000,r,514
10856900000,r,514
10856900000,r,514
10856900000,r,514
10856900000,r,514
10856900000,r,514
10856900000,r,514
10856900000,r,514
10856900000,r,514
10856900000,r,514
10856900000,r,514
10856900000,r,514
10856900000,r,514
10856900000,r,514
10856900000,r,514
10856900000,r,514
10856900000,r,514
10856900000,r,514
10856900000,r,514
10856900000,r,514
10857600000,s,514
10860600000,s,514
10900500000,r,514
10900500000,r,514
10900500000,r,514
10900500000,r,514
10901000000,r,514
10901400000,s,514
10903500000,r,514
10903500000,r,514
10903500000,r,514
10903500000,r,514
10903500000,r,514
10903500000,r,514
10903500000,r,514
10904800000,r,514
10904800000,r,514
10904800000,r,514
10904800000,r,514
10904800000,r,514
10904800000,r,514
10904800000,r,514
10904800000,r,514
10904800000,r,514
10904800000,r,514
10904800000,r,514
10904800000,r,514
10904800000,r,514
10904800000,r,514
10904800000,r,514
10949200000,r,514
10949200000,r,514
10949200000,r,514
10949200000,r,514
10949200000,r,514
10949200000,r,514
10949200000,r,514
10949200000,r,514
10949200000,r,514
10949200000,r,514
10949200000,r,514
10949200000,r,514
10949200000,r,514
10949200000,r,514
10949200000,r,514
10949200000,r,514
10949200000,r,514
10949200000,r,514
10949200000,r,514
10949200000,r,514
10949200000,r,514
10949200000,r,514
10949200000,r,514
10949200000,r,514
10949200000,r,514
10949200000,r,514
10949200000,r,514
10949200000,r,514
10949200000,r,514
10949200000,r,514
10949200000,r,514
10949200000,r,514
10949200000,r,514
10949200000,r,514
10949200000,r,514
10949200000,r,514
10949200000,r,514
10949200000,r,514
10949200000,r,514
10949200000,r,514
10949200000,r,514
10949200000,r,514
10949200000,r,514
10949200000,r,514
10949200000,r,514
10949200000,r,514
10949200000,r,514
10949200000,r,514
10949200000,r,514
10949200000,r,514
10949200000,r,514
10949200000,r,514
10949200000,r,514
10949700000,s,514
10992100000,s,514
10992100000,s,514
10992400000,r,514
10992400000,r,514
10992400000,r,514
10992400000,r,514
10992400000,r,514
10992400000,r,514
10992400000,r,514
10992400000,r,514
10992400000,r,514
10992400000,r,514
10992400000,r,514
10992400000,r,514
10992400000,r,514
10992400000,r,514
10992400000,r,514
10992400000,r,514
10992400000,r,514
10992400000,r,514
10992400000,r,514
10992400000,r,514
10992800000,s,514
11007300000,s,514
11014200000,r,514
11014200000,r,514
11014200000,r,514
11014200000,r,514
11014200000,r,514
11014200000,r,514
11014300000,s,514
11018300000,r,514
11018300000,r,514
11018300000,r,514
11018300000,r,514
11018400000,s,514
11021500000,r,514
11021500000,r,514
11021500000,r,514
11021500000,r,514
11021500000,r,514
11021500000,r,514
11021500000,r,514
11021500000,r,514
11021500000,r,514
11021500000,r,514
11021500000,r,514
11021500000,r,514
11021500000,r,514
11022200000,s,514
11028000000,r,514
11028000000,r,514
11028000000,r,514
11028000000,r,514
11028100000,s,514
11028100000,s,514
11032600000,r,514
11032600000,r,514
11032600000,r,514
11032600000,r,514
11032600000,r,514
11032600000,r,514
11032600000,r,514
11032600000,r,514
11032600000,r,514
11032600000,r,514
11032600000,r,514
11032600000,r,514
11032600000,r,514
11032600000,r,514
11032600000,r,514
11032800000,s,514
11032800000,s,514
11054800000,r,514
11054800000,r,514
11054800000,r,514
11054800000,r,514
11054800000,r,514
11054800000,r,514
11054800000,r,514
11054800000,r,514
11054800000,r,514
11054800000,r,514
11054800000,r,514
11054800000,r,514
11054800000,r,514
11054800000,r,514
11054800000,r,514
11054800000,r,514
11054800000,r,514
11054800000,r,514
11054800000,r,514
11054800000,r,514
11054800000,r,514
11054800000,r,514
11054800000,r,514
11054800000,r,514
11054900000,s,514
11055300000,s,514
11057300000,r,514
11057300000,r,514
11057300000,r,514
11057300000,r,514
11057300000,r,514
11057300000,r,514
11058700000,r,514
11058700000,r,514
11058700000,r,514
11058700000,r,514
11058700000,r,514
11058700000,r,514
11059000000,s,514
11100000000,s,514
11103600000,r,514
11103600000,r,514
11103600000,r,514
11103600000,r,514
11103600000,r,514
11103600000,r,514
11103600000,r,514
11103600000,r,514
11103600000,r,514
11103600000,r,514
11103600000,r,514
11103600000,r,514
11103600000,r,514
11103600000,r,514
11103600000,r,514
11103600000,r,514
11103600000,r,514
11103600000,r,514
11103600000,r,514
11103600000,r,514
11103600000,r,514
11103600000,r,514
11103600000,r,514
11103600000,r,514
11103600000,r,514
11103600000,r,514
11103600000,r,514
11103600000,r,514
11103600000,r,514
11103600000,r,514
11103600000,r,514
11103600000,r,514
11103600000,r,514
11103600000,r,514
11103600000,r,514
11103600000,r,514
11103600000,r,514
11103600000,r,514
11103600000,r,514
11103600000,r,514
11103600000,r,514
11103600000,r,514
11103600000,r,514
11103600000,r,514
11103600000,r,514
11103600000,r,514
11103600000,r,514
11103600000,r,514
11103600000,r,514
11103600000,r,514
11103600000,r,514
11103600000,r,514
11103600000,r,514
11103600000,r,514
11103600000,r,514
11103600000,r,514
11103600000,r,514
11103600000,r,514
11103600000,r,514
11103600000,r,514
11103600000,r,514
11103600000,r,514
11103600000,r,514
11103600000,r,514
11103600000,r,514
11103600000,r,514
11103600000,r,514
11103600000,r,514
11103600000,r,514
11103700000,s,514
11103700000,s,514
11104000000,s,514
11106000000,r,514
11106000000,r,514
11106000000,r,514
11106000000,r,514
11106000000,r,514
11106000000,r,514
11106000000,r,514
11106000000,r,514
11106000000,r,514
11106000000,r,514
11106000000,r,514
11106000000,r,514
11106000000,r,514
11106000000,r,514
11106000000,r,514
11106000000,r,514
11106000000,r,514
11106000000,r,514
11106000000,r,514
11106000000,r,514
11106000000,r,514
11106000000,r,514
11106000000,r,514
11106000000,r,514
11106000000,r,514
11106000000,r,514
11106000000,r,514
11106000000,r,514
11108700000,s,514
11108700000,s,514
11140500000,r,514
11140500000,r,514
11140500000,r,514
11145700000,r,514
11145700000,r,514
11145700000,r,514
11145700000,r,514
11145700000,r,514
11145700000,r,514
11145700000,r,514
11145700000,r,514
11145700000,r,514
11145700000,r,514
11145700000,r,514
11145800000,r,514
11145800000,r,514
11145800000,r,514
11145800000,r,514
11145800000,r,514
11145800000,r,514
11145800000,r,514
11145800000,r,514
11145800000,r,514
11145800000,r,514
11145800000,r,514
11145800000,r,514
11145800000,r,514
11145800000,r,514
11145800000,r,514
11145800000,r,514
11145800000,r,514
11145800000,r,514
11145800000,r,514
11145800000,r,514
11145800000,r,514
11145800000,r,514
11145800000,r,514
11145800000,r,514
11145800000,r,514
11145800000,r,514
11145800000,r,514
11145800000,r,514
11145800000,r,514
11145800000,r,514
11145800000,r,514
11145800000,r,514
11145900000,r,514
11145900000,r,514
11145900000,r,514
11145900000,r,514
11145900000,r,514
11145900000,r,514
11145900000,r,514
11145900000,r,514
11145900000,r,514
11145900000,r,514
11145900000,r,514
11145900000,r,514
11145900000,r,514
11145900000,r,514
11145900000,r,514
11145900000,r,514
11145900000,r,514
11145900000,r,514
11145900000,r,514
11145900000,r,514
11145900000,r,514
11145900000,r,514
11145900000,r,514
11145900000,r,514
11145900000,r,514
11145900000,r,514
11145900000,r,514
11145900000,r,514
11145900000,r,514
11145900000,r,514
11145900000,r,514
11145900000,r,514
11145900000,r,514
11145900000,r,514
11145900000,r,514
11145900000,r,514
11145900000,r,514
11145900000,r,514
11145900000,r,514
11145900000,r,514
11145900000,r,514
11145900000,r,514
11145900000,r,514
11145900000,r,514
11145900000,r,514
11145900000,r,514
11145900000,r,514
11145900000,r,514
11146500000,s,514
11148800000,s,514
11148800000,s,514
11148800000,s,514
11148800000,s,514
11148800000,s,514
11148800000,s,514
11148800000,s,514
11148800000,s,514
11151300000,r,514
11151300000,r,514
11151300000,r,514
11151300000,r,514
11151300000,r,514
11151300000,r,514
11153400000,r,514
11153400000,r,514
11153400000,r,514
11153400000,r,514
11153400000,r,514
11153400000,r,514
11188900000,r,514
11188900000,r,514
11188900000,r,514
11188900000,r,514
11188900000,r,514
11188900000,r,514
11188900000,r,514
11188900000,r,514
11188900000,r,514
11188900000,r,514
11188900000,r,514
11188900000,r,514
11188900000,r,514
11188900000,r,514
11188900000,r,514
11188900000,r,514
11189100000,r,514
11189100000,r,514
11189100000,r,514
11189100000,r,514
11189100000,r,514
11189100000,r,514
11189100000,r,514
11189100000,r,514
11189100000,r,514
11189100000,r,514
11189100000,r,514
11189100000,r,514
11189100000,r,514
11189400000,s,514
11189600000,r,514
11189600000,r,514
11189600000,r,514
11189600000,r,514
11189600000,r,514
11189600000,r,514
11189600000,r,514
11189600000,r,514
11189600000,r,514
11189600000,r,514
11189600000,r,514
11189600000,r,514
11203900000,r,514
11203900000,r,514
11203900000,r,514
11203900000,r,514
11203900000,r,514
11211300000,r,514
11211300000,r,514
11211300000,r,514
11211300000,r,514
11211300000,r,514
11211300000,r,514
11211300000,r,514
11211300000,r,514
11211300000,r,514
11211300000,r,514
11211300000,r,514
11211300000,r,514
11211300000,r,514
11211300000,r,514
11211300000,r,514
11215100000,r,514
11215100000,r,514
11215100000,r,514
11215100000,r,514
11215100000,r,514
11215100000,r,514
11215300000,s,514
11215300000,s,514
11218300000,r,514
11218300000,r,514
11218300000,r,514
11218300000,r,514
11218300000,r,514
11218300000,r,514
11218300000,r,514
11218300000,r,514
11218300000,r,514
11218300000,r,514
11218300000,r,514
11218300000,r,514
11218300000,r,514
11219500000,r,514
11219500000,r,514
11219500000,r,514
11219500000,r,514
11219500000,r,514
11224900000,r,514
11224900000,r,514
11224900000,r,514
11224900000,r,514
11224900000,r,514
11224900000,r,514
11229500000,r,514
11229500000,r,514
11229500000,r,514
11229500000,r,514
11229500000,r,514
11229500000,r,514
11229500000,r,514
11229500000,r,514
11229500000,r,514
11229500000,r,514
11229500000,r,514
11229500000,r,514
11229500000,r,514
11229500000,r,514
11229500000,r,514
11229500000,r,514
11229600000,r,514
11229600000,r,514
11229600000,r,514
11229600000,r,514
11229600000,r,514
11229600000,r,514
11229600000,r,514
11229600000,r,514
11229600000,r,514
11229600000,r,514
11229600000,r,514
11229600000,r,514
11229600000,r,514
11229600000,r,514
11229600000,r,514
11229600000,r,514
11229600000,r,514
11229600000,r,514
11229600000,r,514
11229600000,r,514
11229600000,r,514
11229600000,r,514
11229600000,r,514
11229600000,r,514
11229600000,r,514
11229600000,r,514
11229600000,r,514
11230300000,s,514
11253100000,r,514
11253100000,r,514
11253100000,r,514
11253100000,r,514
11253100000,r,514
11253100000,r,514
11253100000,r,514
11253100000,r,514
11253100000,r,514
11253100000,r,514
11253100000,r,514
11253100000,r,514
11253100000,r,514
11253100000,r,514
11253100000,r,514
11253100000,r,514
11253100000,r,514
11253100000,r,514
11253100000,r,514
11253100000,r,514
11253100000,r,514
11253100000,r,514
11253100000,r,514
11253100000,r,514
11253100000,r,514
11253100000,r,514
11253100000,r,514
11253100000,r,514
11253100000,r,514
11253100000,r,514
11253100000,r,514
11253100000,r,514
11253100000,r,514
11253100000,r,514
11253100000,r,514
11253100000,r,514
11253100000,r,514
11253100000,r,514
11253100000,r,514
11253100000,r,514
11253100000,r,514
11253100000,r,514
11253100000,r,514
11253100000,r,514
11253100000,r,514
11253100000,r,514
11253100000,r,514
11253100000,r,514
11253100000,r,514
11253100000,r,514
11253100000,r,514
11253100000,r,514
11253100000,r,514
11253200000,s,514
11254300000,r,514
11254300000,r,514
11254300000,r,514
11254300000,r,514
11254300000,r,514
11254300000,r,514
11254300000,r,514
11254300000,r,514
11254300000,r,514
11254300000,r,514
11254300000,r,514
11254300000,r,514
11254300000,r,514
11254300000,r,514
11254300000,r,514
11254300000,r,514
11254400000,s,514
11255200000,r,514
11255200000,r,514
11255200000,r,514
11255200000,r,514
11255200000,r,514
11255200000,r,514
11255200000,r,514
11255200000,r,514
11255200000,r,514
11255200000,r,514
11255200000,r,514
11255200000,r,514
11255200000,r,514
11255200000,r,514
11255200000,r,514
11255200000,r,514
11258300000,s,514
11258300000,s,514
11258300000,s,514
11258300000,s,514
11300300000,r,514
11300300000,r,514
11300300000,r,514
11300300000,r,514
11300300000,r,514
11300300000,r,514
11300300000,r,514
11300300000,r,514
11300300000,r,514
11300300000,r,514
11300300000,r,514
11300300000,r,514
11300300000,r,514
11300300000,r,514
11300300000,r,514
11300300000,r,514
11300300000,r,514
11300300000,r,514
11300300000,r,514
11300300000,r,514
11300300000,r,514
11300300000,r,514
11300300000,r,514
11300300000,r,514
11300300000,r,514
11300300000,r,514
11300300000,r,514
11300300000,r,514
11300300000,r,514
11300300000,r,514
11300300000,r,514
11300300000,r,514
11300300000,r,514
11300300000,r,514
11300300000,r,514
11300300000,r,514
11300300000,r,514
11300300000,r,514
11300300000,r,514
11300300000,r,514
11300300000,r,514
11300300000,r,514
11300300000,r,514
11300500000,r,514
11300500000,r,514
11300500000,r,514
11300500000,r,514
11300500000,r,514
11300500000,r,514
11300500000,r,514
11300500000,r,514
11300500000,r,514
11300500000,r,514
11300500000,r,514
11300500000,r,514
11300500000,r,514
11300500000,r,514
11300500000,r,514
11300500000,r,514
11300500000,r,514
11300500000,r,514
11300500000,r,514
11300500000,r,514
11300500000,r,514
11300500000,r,514
11300500000,r,514
11300500000,r,514
11300500000,r,514
11300500000,r,514
11300500000,r,514
11300500000,r,514
11300500000,r,514
11300500000,r,514
11300500000,r,514
11300500000,r,514
11300500000,r,514
11300500000,r,514
11300500000,r,514
11300500000,r,514
11300500000,r,514
11300500000,r,514
11300500000,r,514
11300500000,r,514
11300500000,r,514
11300500000,r,514
11300500000,r,514
11300500000,r,514
11300500000,r,514
11300500000,r,514
11300500000,r,514
11300500000,r,514
11300500000,r,514
11300500000,r,514
11300500000,r,514
11300500000,r,514
11300500000,r,514
11300500000,r,514
11300500000,r,514
11300500000,r,514
11300500000,r,514
11300500000,r,514
11300500000,r,514
11300600000,r,514
11300600000,r,514
11300600000,r,514
11300600000,r,514
11300600000,r,514
11300600000,r,514
11300600000,r,514
11300600000,r,514
11300600000,r,514
11300600000,r,514
11300600000,r,514
11300600000,r,514
11300600000,r,514
11300600000,r,514
11300600000,r,514
11300600000,r,514
11300600000,r,514
11300600000,r,514
11300600000,r,514
11300600000,r,514
11300600000,r,514
11300600000,r,514
11300600000,r,514
11300600000,r,514
11300600000,r,514
11300600000,r,514
11300600000,r,514
11300600000,r,514
11300600000,r,514
11300600000,r,514
11300600000,r,514
11300600000,r,514
11300600000,r,514
11300600000,r,514
11301100000,s,514
11302900000,r,514
11302900000,r,514
11302900000,r,514
11302900000,r,514
11302900000,r,514
11302900000,r,514
11302900000,r,514
11302900000,r,514
11302900000,r,514
11302900000,r,514
11302900000,r,514
11302900000,r,514
11302900000,r,514
11302900000,r,514
11302900000,r,514
11302900000,r,514
11302900000,r,514
11302900000,r,514
11302900000,r,514
11302900000,r,514
11302900000,r,514
11302900000,r,514
11302900000,r,514
11302900000,r,514
11302900000,r,514
11302900000,r,514
11302900000,r,514
11302900000,r,514
11302900000,r,514
11302900000,r,514
11302900000,r,514
11302900000,r,514
11302900000,r,514
11302900000,r,514
11302900000,r,514
11302900000,r,514
11302900000,r,514
11302900000,r,514
11302900000,r,514
11302900000,r,514
11302900000,r,514
11302900000,r,514
11302900000,r,514
11302900000,r,514
11302900000,r,514
11302900000,r,514
11302900000,r,514
11302900000,r,514
11302900000,r,514
11302900000,r,514
11302900000,r,514
11302900000,r,514
11302900000,r,514
11302900000,r,514
11302900000,r,514
11302900000,r,514
11302900000,r,514
11302900000,r,514
11302900000,r,514
11305000000,s,514
11305000000,s,514
11305000000,s,514
11305000000,s,514
11305000000,s,514
11305000000,s,514
11305000000,s,514
11342800000,r,514
11342800000,r,514
11342800000,r,514
11342800000,r,514
11342800000,r,514
11342800000,r,514
11342800000,r,514
11342800000,r,514
11342800000,r,514
11342800000,r,514
11342800000,r,514
11342800000,r,514
11342800000,r,514
11342800000,r,514
11342800000,r,514
11342800000,r,514
11342800000,r,514
11342800000,r,514
11342800000,r,514
11342800000,r,514
11342800000,r,514
11342800000,r,514
11342800000,r,514
11342800000,r,514
11342800000,r,514
11342800000,r,514
11342800000,r,514
11342800000,r,514
11342800000,r,514
11342800000,r,514
11342800000,r,514
11342800000,r,514
11342800000,r,514
11342800000,r,514
11342800000,r,514
11342800000,r,514
11342800000,r,514
11342800000,r,514
11343300000,s,514
11343500000,r,514
11343500000,r,514
11343500000,r,514
11343600000,r,514
11343600000,r,514
11343600000,r,514
11343600000,r,514
11343600000,r,514
11343600000,r,514
11343600000,r,514
11343600000,r,514
11343600000,r,514
11343600000,r,514
11343600000,r,514
11343600000,r,514
11343600000,r,514
11343600000,r,514
11343600000,r,514
11343600000,r,514
11343600000,r,514
11343600000,r,514
11343600000,r,514
11343600000,r,514
11343600000,r,514
11343600000,r,514
11343600000,r,514
11343600000,r,514
11343600000,r,514
11343600000,r,514
11343600000,r,514
11343600000,r,514
11343600000,r,514
11343600000,r,514
11343600000,r,514
11343600000,r,514
11343600000,r,514
11343600000,r,514
11343600000,r,514
11343600000,r,514
11343600000,r,514
11343700000,r,514
11343700000,r,514
11343700000,r,514
11343700000,r,514
11343700000,r,514
11343700000,r,514
11343700000,r,514
11343700000,r,514
11343700000,r,514
11343700000,r,514
11343700000,r,514
11343700000,r,514
11343700000,r,514
11343700000,r,514
11343700000,r,514
11343700000,r,514
11343700000,r,514
11343700000,r,514
11343700000,r,514
11343700000,r,514
11343700000,r,514
11343700000,r,514
11343700000,r,514
11343700000,r,514
11343700000,r,514
11343700000,r,514
11343700000,r,514
11343700000,r,514
11343700000,r,514
11343700000,r,514
11343700000,r,514
11343700000,r,514
11343700000,r,514
11343700000,r,514
11343700000,r,514
11343700000,r,514
11343700000,r,514
11343700000,r,514
11343700000,r,514
11343700000,r,514
11343700000,r,514
11343700000,r,514
11343700000,r,514
11343700000,r,514
11344500000,s,514
11344500000,s,514
11348100000,r,514
11348100000,r,514
11348100000,r,514
11348100000,r,514
11348100000,r,514
11348100000,r,514
11348400000,s,514
11388400000,s,514
11388700000,r,514
11388700000,r,514
11388700000,r,514
11388700000,r,514
11388700000,r,514
11388700000,r,514
11388700000,r,514
11388700000,r,514
11388700000,r,514
11388700000,r,514
11388700000,r,514
11388700000,r,514
11388700000,r,514
11388700000,r,514
11388700000,r,514
11388700000,r,514
11388700000,r,514
11388700000,r,514
11388700000,r,514
11388700000,r,514
11388700000,r,514
11388700000,r,514
11388700000,r,514
11388700000,r,514
11388700000,r,514
11388700000,r,514
11388700000,r,514
11388700000,r,514
11388700000,r,514
11388700000,r,514
11388700000,r,514
11388700000,r,514
11388700000,r,514
11388700000,r,514
11388700000,r,514
11392400000,s,514
11392400000,s,514
11392400000,s,514
11393600000,r,514
11393600000,r,514
11393600000,r,514
11393600000,r,514
11393600000,r,514
11393600000,r,514
11400600000,r,514
11400600000,r,514
11400600000,r,514
11400600000,r,514
11400600000,r,514
11400600000,r,514
11400600000,r,514
11400600000,r,514
11400800000,r,514
11400800000,r,514
11400800000,r,514
11400800000,r,514
11406700000,r,514
11406700000,r,514
11406700000,r,514
11406700000,r,514
11406700000,r,514
11406700000,r,514
11411100000,r,514
11411100000,r,514
11411100000,r,514
11411100000,r,514
11411100000,r,514
11411100000,r,514
11411100000,r,514
11411300000,s,514
11412600000,r,514
11412600000,r,514
11412600000,r,514
11412600000,r,514
11412600000,r,514
11412600000,r,514
11412600000,r,514
11412600000,r,514
11412600000,r,514
11412600000,r,514
11412600000,r,514
11412600000,r,514
11412600000,r,514
11412600000,r,514
11412600000,r,514
11427200000,r,514
11427200000,r,514
11427200000,r,514
11427200000,r,514
11427200000,r,514
11427200000,r,514
11427200000,r,514
11427200000,r,514
11427200000,r,514
11427200000,r,514
11427200000,r,514
11427200000,r,514
11427200000,r,514
11427200000,r,514
11427200000,r,514
11427200000,r,514
11427200000,r,514
11427200000,r,514
11427200000,r,514
11427200000,r,514
11427200000,r,514
11427200000,r,514
11427200000,r,514
11427200000,r,514
11427200000,r,514
11427200000,r,514
11427200000,r,514
11427200000,r,514
11427200000,r,514
11427200000,r,514
11427200000,r,514
11427200000,r,514
11427200000,r,514
11427200000,r,514
11427200000,r,514
11427200000,r,514
11427200000,r,514
11427200000,r,514
11427200000,r,514
11427200000,r,514
11427200000,r,514
11427200000,r,514
11427200000,r,514
11427200000,r,514
11427200000,r,514
11427200000,r,514
11427200000,r,514
11427200000,r,514
11427200000,r,514
11427200000,r,514
11427200000,r,514
11427200000,r,514
11427200000,r,514
11427200000,r,514
11427200000,r,514
11427600000,s,514
11450300000,r,514
11450300000,r,514
11450300000,r,514
11450300000,r,514
11450300000,r,514
11450300000,r,514
11450300000,r,514
11450300000,r,514
11450300000,r,514
11450300000,r,514
11450300000,r,514
11450300000,r,514
11450300000,r,514
11450300000,r,514
11450300000,r,514
11450300000,r,514
11450300000,r,514
11450300000,r,514
11450300000,r,514
11450300000,r,514
11450300000,r,514
11450300000,r,514
11450300000,r,514
11450300000,r,514
11450300000,r,514
11450300000,r,514
11450300000,r,514
11450300000,r,514
11450300000,r,514
11450300000,r,514
11450300000,r,514
11450300000,r,514
11450400000,s,514
11451500000,r,514
11451500000,r,514
11451500000,r,514
11451500000,r,514
11451500000,r,514
11451500000,r,514
11451600000,s,514
11456900000,r,514
11456900000,r,514
11456900000,r,514
11456900000,r,514
11456900000,r,514
11456900000,r,514
11498600000,r,514
11498600000,r,514
11498600000,r,514
11498600000,r,514
11498600000,r,514
11498600000,r,514
11498600000,r,514
11498600000,r,514
11498600000,r,514
11498600000,r,514
11498600000,r,514
11498600000,r,514
11498600000,r,514
11498600000,r,514
11498600000,r,514
11498600000,r,514
11498600000,r,514
11498600000,r,514
11498600000,r,514
11498600000,r,514
11498600000,r,514
11498600000,r,514
11498600000,r,514
11498600000,r,514
11498600000,r,514
11498600000,r,514
11498600000,r,514
11498600000,r,514
11498600000,r,514
11498600000,r,514
11498600000,r,514
11498600000,r,514
11498600000,r,514
11498600000,r,514
11498600000,r,514
11498600000,r,514
11498600000,r,514
11498600000,r,514
11498600000,r,514
11498600000,r,514
11498600000,r,514
11498600000,r,514
11498600000,r,514
11498600000,r,514
11498600000,r,514
11498600000,r,514
11498600000,r,514
11498600000,r,514
11498600000,r,514
11498600000,r,514
11498600000,r,514
11498600000,r,514
11498600000,r,514
11498600000,r,514
11498600000,r,514
11498600000,r,514
11498600000,r,514
11498600000,r,514
11498600000,r,514
11498600000,r,514
11498600000,r,514
11498700000,r,514
11498700000,r,514
11498700000,r,514
11498700000,r,514
11498700000,r,514
11498700000,r,514
11498700000,r,514
11498700000,r,514
11498700000,r,514
11498700000,r,514
11498700000,r,514
11498700000,r,514
11498700000,r,514
11498700000,r,514
11498700000,r,514
11498700000,r,514
11498700000,r,514
11498700000,r,514
11498700000,r,514
11498700000,r,514
11498700000,r,514
11498700000,r,514
11498700000,r,514
11498700000,r,514
11498700000,r,514
11498700000,r,514
11498700000,r,514
11498700000,r,514
11498700000,r,514
11498700000,r,514
11498700000,r,514
11498700000,r,514
11498700000,r,514
11498700000,r,514
11498700000,r,514
11499000000,s,514
11502200000,r,514
11502200000,r,514
11502200000,r,514
11502200000,r,514
11502200000,r,514
11502200000,r,514
11502200000,r,514
11502200000,r,514
11502300000,s,514
11502300000,s,514
11502300000,s,514
11502300000,s,514
11502300000,s,514
11540100000,r,514
11540100000,r,514
11540100000,r,514
11540100000,r,514
11540100000,r,514
11540100000,r,514
11540100000,r,514
11540100000,r,514
11540100000,r,514
11540100000,r,514
11540100000,r,514
11540100000,r,514
11540100000,r,514
11540100000,r,514
11540100000,r,514
11540100000,r,514
11540100000,r,514
11540100000,r,514
11540100000,r,514
11540100000,r,514
11540100000,r,514
11540100000,r,514
11540100000,r,514
11540100000,r,514
11540100000,r,514
11540100000,r,514
11540100000,r,514
11540100000,r,514
11540100000,r,514
11540100000,r,514
11540100000,r,514
11540100000,r,514
11540100000,r,514
11540100000,r,514
11540100000,r,514
11540100000,r,514
11540100000,r,514
11540200000,s,514
11541400000,r,514
11541400000,r,514
11541400000,r,514
11541400000,r,514
11541400000,r,514
11541400000,r,514
11541400000,r,514
11541400000,r,514
11541400000,r,514
11541400000,r,514
11541400000,r,514
11541400000,r,514
11541400000,r,514
11541400000,r,514
11541400000,r,514
11541400000,r,514
11541400000,r,514
11541400000,r,514
11541400000,r,514
11541400000,r,514
11541400000,r,514
11541400000,r,514
11541400000,r,514
11541400000,r,514
11541400000,r,514
11541400000,r,514
11541400000,r,514
11541400000,r,514
11541400000,r,514
11541400000,r,514
11541400000,r,514
11541400000,r,514
11541400000,r,514
11541400000,r,514
11541400000,r,514
11541400000,r,514
11541400000,r,514
11541400000,r,514
11541400000,r,514
11541400000,r,514
11541400000,r,514
11541400000,r,514
11541400000,r,514
11541500000,r,514
11541500000,r,514
11541500000,r,514
11541500000,r,514
11541500000,r,514
11541500000,r,514
11541500000,r,514
11541500000,r,514
11541500000,r,514
11541500000,r,514
11541500000,r,514
11541500000,r,514
11541500000,r,514
11541500000,r,514
11541500000,r,514
11541500000,r,514
11541500000,r,514
11541500000,r,514
11541500000,r,514
11541500000,r,514
11541500000,r,514
11541500000,r,514
11541500000,r,514
11541500000,r,514
11541500000,r,514
11541500000,r,514
11541500000,r,514
11541500000,r,514
11541500000,r,514
11541500000,r,514
11541500000,r,514
11541500000,r,514
11541500000,r,514
11541500000,r,514
11541500000,r,514
11541500000,r,514
11541500000,r,514
11541500000,r,514
11541500000,r,514
11541500000,r,514
11541500000,r,514
11541500000,r,514
11541500000,r,514
11541500000,r,514
11541500000,r,514
11541500000,r,514
11541500000,r,514
11541500000,r,514
11541500000,r,514
11541500000,r,514
11541500000,r,514
11541500000,r,514
11541600000,s,514
11542100000,s,514
11545000000,r,514
11545000000,r,514
11545000000,r,514
11545000000,r,514
11545000000,r,514
11545000000,r,514
11545000000,r,514
11545000000,r,514
11545100000,s,514
11585500000,r,514
11585500000,r,514
11585500000,r,514
11585500000,r,514
11585500000,r,514
11585500000,r,514
11585500000,r,514
11585500000,r,514
11585500000,r,514
11585500000,r,514
11585500000,r,514
11585500000,r,514
11585500000,r,514
11585500000,r,514
11585500000,r,514
11585500000,r,514
11585500000,r,514
11585500000,r,514
11585500000,r,514
11585500000,r,514
11585500000,r,514
11585500000,r,514
11585500000,r,514
11585500000,r,514
11585500000,r,514
11585500000,r,514
11585500000,r,514
11585500000,r,514
11585500000,r,514
11585500000,r,514
11585500000,r,514
11585500000,r,514
11585500000,r,514
11585500000,r,514
11585500000,r,514
11585700000,s,514
11589100000,r,514
11589100000,r,514
11589100000,r,514
11589100000,r,514
11589100000,r,514
11589100000,r,514
11589100000,r,514
11589100000,r,514
11589200000,s,514
11589200000,s,514
11608400000,r,514
11608400000,r,514
11608400000,r,514
11608400000,r,514
11608400000,r,514
11608400000,r,514
11608400000,r,514
11608600000,s,514
11624700000,r,514
11624700000,r,514
11624700000,r,514
11624700000,r,514
11624700000,r,514
11624700000,r,514
11624700000,r,514
11624700000,r,514
11624700000,r,514
11624700000,r,514
11624700000,r,514
11624700000,r,514
11624700000,r,514
11624700000,r,514
11624700000,r,514
11624700000,r,514
11624700000,r,514
11624700000,r,514
11624700000,r,514
11624800000,r,514
11624800000,r,514
11624800000,r,514
11624800000,r,514
11624800000,r,514
11624800000,r,514
11624800000,r,514
11624800000,r,514
11624800000,r,514
11624800000,r,514
11624800000,r,514
11624800000,r,514
11624800000,r,514
11624800000,r,514
11624800000,r,514
11624800000,r,514
11624800000,r,514
11624800000,r,514
11624800000,r,514
11624800000,r,514
11624800000,r,514
11624800000,r,514
11624800000,r,514
11624800000,r,514
11624800000,r,514
11624800000,r,514
11624900000,s,514
11624900000,s,514
11625200000,s,514
11649200000,r,514
11649200000,r,514
11649200000,r,514
11649200000,r,514
11649200000,r,514
11649200000,r,514
11649200000,r,514
11649200000,r,514
11649200000,r,514
11649200000,r,514
11649200000,r,514
11649200000,r,514
11649200000,r,514
11649200000,r,514
11649200000,r,514
11649200000,r,514
11649200000,r,514
11649200000,r,514
11649200000,r,514
11649200000,r,514
11649200000,r,514
11649200000,r,514
11649200000,r,514
11649200000,r,514
11649200000,r,514
11649200000,r,514
11649200000,r,514
11649200000,r,514
11649200000,r,514
11649200000,r,514
11649200000,r,514
11649200000,r,514
11649200000,r,514
11649200000,r,514
11649200000,r,514
11649200000,r,514
11649200000,r,514
11649200000,r,514
11649200000,r,514
11649200000,r,514
11649300000,r,514
11649300000,r,514
11649300000,r,514
11649300000,r,514
11649300000,r,514
11649300000,r,514
11649300000,r,514
11649300000,r,514
11649300000,r,514
11649300000,r,514
11649300000,r,514
11649300000,r,514
11649300000,r,514
11649300000,r,514
11649300000,r,514
11649300000,r,514
11649300000,r,514
11649300000,r,514
11649300000,r,514
11649300000,r,514
11649300000,r,514
11649300000,r,514
11649300000,r,514
11649300000,r,514
11649300000,r,514
11649300000,r,514
11649300000,r,514
11649300000,r,514
11649300000,r,514
11649300000,r,514
11649300000,r,514
11649300000,r,514
11649300000,r,514
11649300000,r,514
11649300000,r,514
11649300000,r,514
11649300000,r,514
11649300000,r,514
11649300000,r,514
11649300000,r,514
11649300000,r,514
11649300000,r,514
11649300000,r,514
11649300000,r,514
11649300000,r,514
11649300000,r,514
11649300000,r,514
11649300000,r,514
11649300000,r,514
11649300000,r,514
11649300000,r,514
11649300000,r,514
11649300000,r,514
11649300000,r,514
11649700000,s,514
11692100000,s,514
11692100000,s,514
11692600000,r,514
11692600000,r,514
11692600000,r,514
11692700000,r,514
11692700000,r,514
11692700000,r,514
11692700000,r,514
11692700000,r,514
11692700000,r,514
11692700000,r,514
11692700000,r,514
11692700000,r,514
11692700000,r,514
11692700000,r,514
11692700000,r,514
11692700000,r,514
11692700000,r,514
11692700000,r,514
11692700000,r,514
11692700000,r,514
11692700000,r,514
11692700000,r,514
11692700000,r,514
11692700000,r,514
11692700000,r,514
11692700000,r,514
11692700000,r,514
11692700000,r,514
11692700000,r,514
11692700000,r,514
11692700000,r,514
11692700000,r,514
11692700000,r,514
11692700000,r,514
11692700000,r,514
11692700000,r,514
11692700000,r,514
11692700000,r,514
11692700000,r,514
11692700000,r,514
11692700000,r,514
11692700000,r,514
11692700000,r,514
11692700000,r,514
11692700000,r,514
11692700000,r,514
11692700000,r,514
11692700000,r,514
11692700000,r,514
11692700000,r,514
11692700000,r,514
11692700000,r,514
11692700000,r,514
11692700000,r,514
11692700000,r,514
11692700000,r,514
11693100000,s,514
11696600000,s,514
11698500000,r,514
11698500000,r,514
11698500000,r,514
11698500000,r,514
11698500000,r,514
11698500000,r,514
11698500000,r,514
11702400000,r,514
11702400000,r,514
11702400000,r,514
11702400000,r,514
11702400000,r,514
11702400000,r,514
11702400000,r,514
11702400000,r,514
11702400000,r,514
11702400000,r,514
11702400000,r,514
11702400000,r,514
11702400000,r,514
11702400000,r,514
11702400000,r,514
11702700000,s,514
11744000000,r,514
11744000000,r,514
11744000000,r,514
11744000000,r,514
11744000000,r,514
11744000000,r,514
11744000000,r,514
11744000000,r,514
11744000000,r,514
11744000000,r,514
11744000000,r,514
11744000000,r,514
11744000000,r,514
11744000000,r,514
11744000000,r,514
11744000000,r,514
11744000000,r,514
11744000000,r,514
11744000000,r,514
11744000000,r,514
11744000000,r,514
11744000000,r,514
11744000000,r,514
11744000000,r,514
11744000000,r,514
11744000000,r,514
11744000000,r,514
11744000000,r,514
11744000000,r,514
11744000000,r,514
11744000000,r,514
11744000000,r,514
11744000000,r,514
11744000000,r,514
11744000000,r,514
11744000000,r,514
11744000000,r,514
11744000000,r,514
11744000000,r,514
11744000000,r,514
11744000000,r,514
11744000000,r,514
11744000000,r,514
11744000000,r,514
11744000000,r,514
11744000000,r,514
11744000000,r,514
11744000000,r,514
11744000000,r,514
11744000000,r,514
11744000000,r,514
11744000000,r,514
11744000000,r,514
11744000000,r,514
11744000000,r,514
11744000000,r,514
11744000000,r,514
11744000000,r,514
11744000000,r,514
11744000000,r,514
11744000000,r,514
11744100000,r,514
11744100000,r,514
11744100000,r,514
11744100000,r,514
11744100000,r,514
11744100000,r,514
11744100000,r,514
11744100000,r,514
11744100000,r,514
11744100000,r,514
11744100000,r,514
11744500000,s,514
11782300000,r,514
11782300000,r,514
11782300000,r,514
11782600000,s,514
11792000000,r,514
11792000000,r,514
11792000000,r,514
11792000000,r,514
11792000000,r,514
11792000000,r,514
11792000000,r,514
11792000000,r,514
11792000000,r,514
11792000000,r,514
11792000000,r,514
11792000000,r,514
11792000000,r,514
11792000000,r,514
11792000000,r,514
11801900000,s,514
11805400000,r,514
11805400000,r,514
11805400000,r,514
11805400000,r,514
11805400000,r,514
11805400000,r,514
11805400000,r,514
11805400000,r,514
11805400000,r,514
11805400000,r,514
11805400000,r,514
11805400000,r,514
11805400000,r,514
11805400000,r,514
11805400000,r,514
11805400000,r,514
11805400000,r,514
11805400000,r,514
11805400000,r,514
11805400000,r,514
11805400000,r,514
11805400000,r,514
11805400000,r,514
11805400000,r,514
11805400000,r,514
11805400000,r,514
11805400000,r,514
11805400000,r,514
11805400000,r,514
11805900000,s,514
11840600000,r,514
11841100000,s,514
11881300000,r,514
11881300000,r,514
11881300000,r,514
11881300000,r,514
11881300000,r,514
11881300000,r,514
11881300000,r,514
11881300000,r,514
11881600000,s,514
11888600000,r,514
11888600000,r,514
11888600000,r,514
11888600000,r,514
11888600000,r,514
11888600000,r,514
11888600000,r,514
11888600000,r,514
11888600000,r,514
11888600000,r,514
11888600000,r,514
11888600000,r,514
11888600000,r,514
11888600000,r,514
11888600000,r,514
11888600000,r,514
11888700000,r,514
11888700000,r,514
11888700000,r,514
11888700000,r,514
11888700000,r,514
11888700000,r,514
11888700000,r,514
11888700000,r,514
11888700000,r,514
11888700000,r,514
11888700000,r,514
11888700000,r,514
11888700000,r,514
11888700000,r,514
11888700000,r,514
11888700000,r,514
11888700000,r,514
11900900000,r,514
11900900000,r,514
11900900000,r,514
11900900000,r,514
11900900000,r,514
11900900000,r,514
11900900000,r,514
11900900000,r,514
11941500000,r,514
11941500000,r,514
11941500000,r,514
11941500000,r,514
11941500000,r,514
11941500000,r,514
11941500000,r,514
11941500000,r,514
11941500000,r,514
11941500000,r,514
11941500000,r,514
11941500000,r,514
11941500000,r,514
11941500000,r,514
11941500000,r,514
11941500000,r,514
11941500000,r,514
11941500000,r,514
11941500000,r,514
11941500000,r,514
11941500000,r,514
11941500000,r,514
11941500000,r,514
11941500000,r,514
11941500000,r,514
11941500000,r,514
11941500000,r,514
11941600000,r,514
11941600000,r,514
11941600000,r,514
11941600000,r,514
11941600000,r,514
11941600000,r,514
11941600000,r,514
11941600000,r,514
11941600000,r,514
11941600000,r,514
11941600000,r,514
11941600000,r,514
11941600000,r,514
11941600000,r,514
11941600000,r,514
11941600000,r,514
11941600000,r,514
11941600000,r,514
11941600000,r,514
11941600000,r,514
11941600000,r,514
11941800000,r,514
11941800000,r,514
11941800000,r,514
11941800000,r,514
11941800000,r,514
11941800000,r,514
11941800000,r,514
11941800000,r,514
11941800000,r,514
11941800000,r,514
11941800000,r,514
11941800000,r,514
11941800000,r,514
11941800000,r,514
11941800000,r,514
11941800000,r,514
11941800000,r,514
11941800000,r,514
11941800000,r,514
11941800000,r,514
11941800000,r,514
11941900000,r,514
11941900000,r,514
11941900000,r,514
11941900000,r,514
11941900000,r,514
11941900000,r,514
11941900000,r,514
11941900000,r,514
11941900000,r,514
11941900000,r,514
11941900000,r,514
11941900000,r,514
11941900000,r,514
11941900000,r,514
11941900000,r,514
11941900000,r,514
11941900000,r,514
11941900000,r,514
11941900000,r,514
11941900000,r,514
11941900000,r,514
11941900000,r,514
11941900000,r,514
11941900000,r,514
11941900000,r,514
11941900000,r,514
11941900000,r,514
11941900000,r,514
11942100000,s,514
11942100000,s,514
11979900000,r,514
11979900000,r,514
11979900000,r,514
11980000000,s,514
12009100000,r,514
12009100000,r,514
12009100000,r,514
12009100000,r,514
12009100000,r,514
12009100000,r,514
12009100000,r,514
12009100000,r,514
12009200000,s,514
12038100000,r,514
12038100000,r,514
12038100000,r,514
12038100000,r,514
12038100000,r,514
12038100000,r,514
12038100000,r,514
12038100000,r,514
12038100000,r,514
12038100000,r,514
12038100000,r,514
12038100000,r,514
12038100000,r,514
12038100000,r,514
12038100000,r,514
12038100000,r,514
12038100000,r,514
12038100000,r,514
12038100000,r,514
12038100000,r,514
12038100000,r,514
12038100000,r,514
12038100000,r,514
12038100000,r,514
12038100000,r,514
12038100000,r,514
12038100000,r,514
12038100000,r,514
12038100000,r,514
12038100000,r,514
12038100000,r,514
12038100000,r,514
12038100000,r,514
12038100000,r,514
12038100000,r,514
12038100000,r,514
12038100000,r,514
12038100000,r,514
12038100000,r,514
12038100000,r,514
12038100000,r,514
12038100000,r,514
12038100000,r,514
12038100000,r,514
12038100000,r,514
12038100000,r,514
12038100000,r,514
12038100000,r,514
12038100000,r,514
12038100000,r,514
12038100000,r,514
12038100000,r,514
12038100000,r,514
12038100000,r,514
12038100000,r,514
12038100000,r,514
12038100000,r,514
12038100000,r,514
12038100000,r,514
12038100000,r,514
12038100000,r,514
12038200000,r,514
12038200000,r,514
12038200000,r,514
12038200000,r,514
12038200000,r,514
12038200000,r,514
12038200000,r,514
12038200000,r,514
12038200000,r,514
12038200000,r,514
12038200000,r,514
12038200000,r,514
12038200000,r,514
12038200000,r,514
12038200000,r,514
12038200000,r,514
12038200000,r,514
12038200000,r,514
12038200000,r,514
12038200000,r,514
12038200000,r,514
12038200000,r,514
12038200000,r,514
12038200000,r,514
12038200000,r,514
12038200000,r,514
12038200000,r,514
12038500000,s,514
12079000000,r,514
12079000000,r,514
12079000000,r,514
12079000000,r,514
12079000000,r,514
12079000000,r,514
12079000000,r,514
12079000000,r,514
12079000000,r,514
12079000000,r,514
12079000000,r,514
12079000000,r,514
12079000000,r,514
12079000000,r,514
12079000000,r,514
12079000000,r,514
12079000000,r,514
12079000000,r,514
12079000000,r,514
12079000000,r,514
12079000000,r,514
12079000000,r,514
12079000000,r,514
12079000000,r,514
12079000000,r,514
12079000000,r,514
12079000000,r,514
12079000000,r,514
12079000000,r,514
12079000000,r,514
12079000000,r,514
12079000000,r,514
12079000000,r,514
12079000000,r,514
12079000000,r,514
12079000000,r,514
12079000000,r,514
12079000000,r,514
12079000000,r,514
12079000000,r,514
12079000000,r,514
12079000000,r,514
12079000000,r,514
12079000000,r,514
12079000000,r,514
12079000000,r,514
12079000000,r,514
12079000000,r,514
12079000000,r,514
12079000000,r,514
12079000000,r,514
12079000000,r,514
12079000000,r,514
12079000000,r,514
12079000000,r,514
12079000000,r,514
12079000000,r,514
12079000000,r,514
12079000000,r,514
12079000000,r,514
12079000000,r,514
12079100000,r,514
12079100000,r,514
12079100000,r,514
12079100000,r,514
12079100000,r,514
12079200000,s,514
12079200000,s,514
12079200000,s,514
12079200000,s,514
12079700000,s,514
12079700000,s,514
12120000000,s,514
12120400000,r,514
12120400000,r,514
12146600000,r,514
12146600000,r,514
12176800000,r,514
12244600000,s,514
12288000000,s,514
12288000000,s,514
12288000000,s,514
12288000000,s,514
12288000000,s,514
12288000000,s,514
12288000000,s,514
12288000000,s,514
12481700000,r,514
12481700000,r,514
12481700000,r,514
12481700000,r,514
12659000000,r,514
12661000000,s,514
12661000000,s,514
12811200000,r,514
12813100000,s,514
12813100000,s,514
12818200000,r,514
12819800000,s,514
12819800000,s,514
12854200000,r,514
12854200000,r,514
12854200000,r,514
12854200000,r,514
12856100000,s,514
12856100000,s,514
12900100000,s,514
12900100000,s,514
12900100000,s,514
12900100000,s,514
12900100000,s,514
12900100000,s,514
12900100000,s,514
12900100000,s,514
12944000000,r,514
12945700000,s,514
12945700000,s,514
13035900000,r,514
13035900000,r,514
13035900000,r,514
13035900000,r,514
13035900000,r,514
13043700000,r,514
13043700000,r,514
13043700000,r,514
13043700000,r,514
13043700000,r,514
13043700000,r,514
13046700000,r,514
13046700000,r,514
13046700000,r,514
13046700000,r,514
13046700000,r,514
13046700000,r,514
13046700000,r,514
13048600000,r,514
13050100000,s,514
13051700000,s,514
13056600000,r,514
13056600000,r,514
13056600000,r,514
13056600000,r,514
13056600000,r,514
13056600000,r,514
13056600000,r,514
13056600000,r,514
13056600000,r,514
13056600000,r,514
13056600000,r,514
13056600000,r,514
13056600000,r,514
13062100000,r,514
13062100000,r,514
13062100000,r,514
13062100000,r,514
13062100000,r,514
13062800000,s,514
13069100000,r,514
13069100000,r,514
13069100000,r,514
13069100000,r,514
13069100000,r,514
13069100000,r,514
13075500000,r,514
13075500000,r,514
13075500000,r,514
13075500000,r,514
13075500000,r,514
13075500000,r,514
13076000000,s,514
13125600000,r,514
13125600000,r,514
13215000000,r,514
13217600000,s,514
13217600000,s,514
13246900000,r,514
13246900000,r,514
13246900000,r,514
13246900000,r,514
13246900000,r,514
13246900000,r,514
13246900000,r,514
13246900000,r,514
13246900000,r,514
13305200000,r,514
13305200000,r,514
13309300000,s,514
13312900000,s,514
13348800000,r,514
13348800000,r,514
13348800000,r,514
13348800000,r,514
13348800000,r,514
13348800000,r,514
13348800000,r,514
13348800000,r,514
13348800000,r,514
13348800000,r,514
13348800000,r,514
13348800000,r,514
13348800000,r,514
13348800000,r,514
13348800000,r,514
13348800000,r,514
13348800000,r,514
13348800000,r,514
13348800000,r,514
13348800000,r,514
13348800000,r,514
13348800000,r,514
13348800000,r,514
13348800000,r,514
13348800000,r,514
13348800000,r,514
13348800000,r,514
13348800000,r,514
13348800000,r,514
13348800000,r,514
13348800000,r,514
13348800000,r,514
13348800000,r,514
13348800000,r,514
13349700000,s,514
13392400000,s,514
13392400000,s,514
13392400000,s,514
13392900000,r,514
13392900000,r,514
13392900000,r,514
13392900000,r,514
13392900000,r,514
13392900000,r,514
13392900000,r,514
13392900000,r,514
13392900000,r,514
13392900000,r,514
13392900000,r,514
13392900000,r,514
13396100000,r,514
13396100000,r,514
13396100000,r,514
13396100000,r,514
13396100000,r,514
13396100000,r,514
13396100000,r,514
13398200000,r,514
13398200000,r,514
13404000000,r,514
13414000000,s,514
13456100000,s,514
13456100000,s,514
13456100000,s,514
13456100000,s,514
13456100000,s,514
13456100000,s,514
13504600000,r,514
13569000000,r,514
13569000000,r,514
13569000000,r,514
13569000000,r,514
13569000000,r,514
13569000000,r,514
13569000000,r,514
13589300000,r,514
13589300000,r,514
13589300000,r,514
13589300000,r,514
13589300000,r,514
13589300000,r,514
13595700000,s,514
13601700000,s,514
13610900000,r,514
13610900000,r,514
13610900000,r,514
13610900000,r,514
13611000000,s,514
13652000000,s,514
13652000000,s,514
13652000000,s,514
13722100000,r,514
13842700000,r,514
13842700000,r,514
13842700000,r,514
13842700000,r,514
13842700000,r,514
13842700000,r,514
13842700000,r,514
13849000000,r,514
13855800000,r,514
13855800000,r,514
13861800000,s,514
13862000000,r,514
13863600000,s,514
13904100000,s,514
13904100000,s,514
13904100000,s,514
13904100000,s,514
13951400000,r,514
13992300000,r,514
13992300000,r,514
14042900000,r,514
14042900000,r,514
14042900000,r,514
14042900000,r,514
14042900000,r,514
14042900000,r,514
14042900000,r,514
14043800000,s,514
14071600000,r,514
14080500000,r,514
14080500000,r,514
14080500000,r,514
14080500000,r,514
14080500000,r,514
14080500000,r,514
14080500000,r,514
14124500000,r,514
14168600000,r,514
14168600000,r,514
14168600000,r,514
14168600000,r,514
14168600000,r,514
14192000000,r,514
14192000000,r,514
14192000000,r,514
14192000000,r,514
14192000000,r,514
14192000000,r,514
14192000000,r,514
14232400000,r,514
14232400000,r,514
14232400000,r,514
14232400000,r,514
14235500000,s,514
14280100000,s,514
14318600000,r,514
14319100000,s,514
14417100000,s,514
14472500000,r,514
14476900000,r,514
14476900000,r,514
14477600000,s,514
14561900000,r,514
14561900000,r,514
14561900000,r,514
14561900000,r,514
14561900000,r,514
14561900000,r,514
14561900000,r,514
14561900000,r,514
14562700000,s,514
14605000000,r,514
14605000000,r,514
14605000000,r,514
14605000000,r,514
14605000000,r,514
14605000000,r,514
14605000000,r,514
14605000000,r,514
14605000000,r,514
14605000000,r,514
14605000000,r,514
14605000000,r,514
14605000000,r,514
14629000000,s,514
14651500000,r,514
14651500000,r,514
14651500000,r,514
14651500000,r,514
14651500000,r,514
14653100000,s,514
14696100000,s,514
14744000000,r,514
14759400000,r,514
14759400000,r,514
14759400000,r,514
14759400000,r,514
14759400000,r,514
14759400000,r,514
14759400000,r,514
14800600000,r,514
14800600000,r,514
14800600000,r,514
14800600000,r,514
14800600000,r,514
14800600000,r,514
14800600000,r,514
14800600000,r,514
14800600000,r,514
14800600000,r,514
14800600000,r,514
14800600000,r,514
14800600000,r,514
14800600000,r,514
14800600000,r,514
14800600000,r,514
14800600000,r,514
14800600000,r,514
14800600000,r,514
14800600000,r,514
14800600000,r,514
14800600000,r,514
14800600000,r,514
14800600000,r,514
14800600000,r,514
14800600000,r,514
14800600000,r,514
14800600000,r,514
14800600000,r,514
14800600000,r,514
14800600000,r,514
14800600000,r,514
14800600000,r,514
14800600000,r,514
14800600000,r,514
14800600000,r,514
14800600000,r,514
14800600000,r,514
14800600000,r,514
14800600000,r,514
14802100000,s,514
14802100000,s,514
14825700000,r,514
14825700000,r,514
14825700000,r,514
14825700000,r,514
14825700000,r,514
14825700000,r,514
14825700000,r,514
14825700000,r,514
14825700000,r,514
14825700000,r,514
14825700000,r,514
14825700000,r,514
14825700000,r,514
14825700000,r,514
14825700000,r,514
14825700000,r,514
14825700000,r,514
14825700000,r,514
14825700000,r,514
14825700000,r,514
14825700000,r,514
14825700000,r,514
14825700000,r,514
14825700000,r,514
14825700000,r,514
14825700000,r,514
14825700000,r,514
14825700000,r,514
14825700000,r,514
14825700000,r,514
14825700000,r,514
14825700000,r,514
14825700000,r,514
14825900000,r,514
14825900000,r,514
14825900000,r,514
14825900000,r,514
14825900000,r,514
14825900000,r,514
14825900000,r,514
14825900000,r,514
14826100000,s,514
14827200000,s,514
14828300000,r,514
14847300000,r,514
14847300000,r,514
14847300000,r,514
14897600000,r,514
14897600000,r,514
14897600000,r,514
14897600000,r,514
14897600000,r,514
14897600000,r,514
14912300000,r,514
14912300000,r,514
14912300000,r,514
14930000000,r,514
14930000000,r,514
14930000000,r,514
14930000000,r,514
14930000000,r,514
14930000000,r,514
14934300000,r,514
14934300000,r,514
14934300000,r,514
14934300000,r,514
14934300000,r,514
14934300000,r,514
14977700000,r,514
14977700000,r,514
14977700000,r,514
14977700000,r,514
14977700000,r,514
14977700000,r,514
14977700000,r,514
14977700000,r,514
14977700000,r,514
14977700000,r,514
14977700000,r,514
14977700000,r,514
14977700000,r,514
14977700000,r,514
14977700000,r,514
14977700000,r,514
14977700000,r,514
14977700000,r,514
14977700000,r,514
14977700000,r,514
14977700000,r,514
14977700000,r,514
14977700000,r,514
14978600000,s,514
15000000000,r,514
15000000000,r,514
15000000000,r,514
15000000000,r,514
15000000000,r,514
15000000000,r,514
15000000000,r,514
15000000000,r,514
15000000000,r,514
15000000000,r,514
15000000000,r,514
15000000000,r,514
15000000000,r,514
15000000000,r,514
15000000000,r,514
15000000000,r,514
15000000000,r,514
15000600000,s,514
15037300000,r,514
15037300000,r,514
15037300000,r,514
15037300000,r,514
15037300000,r,514
15077400000,r,514
15077400000,r,514
15077400000,r,514
15077400000,r,514
15077400000,r,514
15077400000,r,514
15077400000,r,514
15077400000,r,514
15077400000,r,514
15077400000,r,514
15077400000,r,514
15077400000,r,514
15077400000,r,514
15077400000,r,514
15077400000,r,514
15077400000,r,514
15077400000,r,514
15077400000,r,514
15077400000,r,514
15077400000,r,514
15077400000,r,514
15077400000,r,514
15077400000,r,514
15077400000,r,514
15077400000,r,514
15077400000,r,514
15077400000,r,514
15077400000,r,514
15077400000,r,514
15077400000,r,514
15077400000,r,514
15077400000,r,514
15077400000,r,514
15077400000,r,514
15077400000,r,514
15077400000,r,514
15077400000,r,514
15077400000,r,514
15077400000,r,514
15077400000,r,514
15077400000,r,514
15077400000,r,514
15077400000,r,514
15077400000,r,514
15077400000,r,514
15077400000,r,514
15077400000,r,514
15077400000,r,514
15077400000,r,514
15077400000,r,514
15077400000,r,514
15077400000,r,514
15078300000,s,514
15121000000,r,514
15121000000,r,514
15121000000,r,514
15121000000,r,514
15121000000,r,514
15121000000,r,514
15121000000,r,514
15121000000,r,514
15121500000,s,514
15132300000,r,514
15132300000,r,514
15132300000,r,514
15132300000,r,514
15132300000,r,514
15132300000,r,514
15132300000,r,514
15134100000,r,514
15134100000,r,514
15134100000,r,514
15134100000,r,514
15134100000,r,514
15134100000,r,514
15134100000,r,514
15177600000,r,514
15177600000,r,514
15177600000,r,514
15177600000,r,514
15177600000,r,514
15177600000,r,514
15177600000,r,514
15177600000,r,514
15177600000,r,514
15177600000,r,514
15177600000,r,514
15177600000,r,514
15177600000,r,514
15177600000,r,514
15177600000,r,514
15177600000,r,514
15177600000,r,514
15177600000,r,514
15177600000,r,514
15177600000,r,514
15177600000,r,514
15177600000,r,514
15177600000,r,514
15177600000,r,514
15177600000,r,514
15177600000,r,514
15177600000,r,514
15177600000,r,514
15177600000,r,514
15177600000,r,514
15177600000,r,514
15177600000,r,514
15177600000,r,514
15177600000,r,514
15177600000,r,514
15177600000,r,514
15177600000,r,514
15177600000,r,514
15177600000,r,514
15177600000,r,514
15177600000,r,514
15178400000,s,514
15197500000,r,514
15197500000,r,514
15197500000,r,514
15197500000,r,514
15197500000,r,514
15197500000,r,514
15197500000,r,514
15197500000,r,514
15197500000,r,514
15197500000,r,514
15197500000,r,514
15197500000,r,514
15197500000,r,514
15197500000,r,514
15197500000,r,514
15197500000,r,514
15197500000,r,514
15197700000,s,514
15202200000,r,514
15202200000,r,514
15202200000,r,514
15202200000,r,514
15202200000,r,514
15202200000,r,514
15221200000,r,514
15221200000,r,514
15221200000,r,514
15221200000,r,514
15221700000,s,514
15255900000,r,514
15255900000,r,514
15255900000,r,514
15255900000,r,514
15255900000,r,514
15255900000,r,514
15256000000,s,514
15256000000,s,514
15268100000,r,514
15268100000,r,514
15268100000,r,514
15268100000,r,514
15268100000,r,514
15268100000,r,514
15268200000,s,514
15268200000,s,514
15268200000,s,514
15309000000,r,514
15309000000,r,514
15309000000,r,514
15309000000,r,514
15309000000,r,514
15309000000,r,514
15309000000,r,514
15336000000,s,514
15348900000,r,514
15348900000,r,514
15348900000,r,514
15348900000,r,514
15348900000,r,514
15348900000,r,514
15348900000,r,514
15390300000,r,514
15390300000,r,514
15390300000,r,514
15390300000,r,514
15390300000,r,514
15390300000,r,514
15390300000,r,514
15390300000,r,514
15398700000,r,514
15398700000,r,514
15398700000,r,514
15398700000,r,514
15398700000,r,514
15398700000,r,514
15398700000,r,514
15398700000,r,514
15398700000,r,514
15398700000,r,514
15398700000,r,514
15398700000,r,514
15398700000,r,514
15398700000,r,514
15398700000,r,514
15398700000,r,514
15399300000,s,514
15418600000,r,514
15418600000,r,514
15418600000,r,514
15418600000,r,514
15418600000,r,514
15418600000,r,514
15418600000,r,514
15418600000,r,514
15418600000,r,514
15418600000,r,514
15418600000,r,514
15418600000,r,514
15418600000,r,514
15418600000,r,514
15418600000,r,514
15418600000,r,514
15418600000,r,514
15418600000,r,514
15418600000,r,514
15418600000,r,514
15418600000,r,514
15418600000,r,514
15418600000,r,514
15418600000,r,514
15418600000,r,514
15418600000,r,514
15418600000,r,514
15418600000,r,514
15418600000,r,514
15418600000,r,514
15418600000,r,514
15418600000,r,514
15418600000,r,514
15418600000,r,514
15418600000,r,514
15418600000,r,514
15418600000,r,514
15418600000,r,514
15418600000,r,514
15418600000,r,514
15418600000,r,514
15419400000,s,514
15452900000,r,514
15452900000,r,514
15452900000,r,514
15452900000,r,514
15452900000,r,514
15452900000,r,514
15452900000,r,514
15452900000,r,514
15452900000,r,514
15452900000,r,514
15452900000,r,514
15452900000,r,514
15452900000,r,514
15452900000,r,514
15452900000,r,514
15452900000,r,514
15452900000,r,514
15452900000,r,514
15452900000,r,514
15452900000,r,514
15452900000,r,514
15452900000,r,514
15452900000,r,514
15452900000,r,514
15452900000,r,514
15452900000,r,514
15452900000,r,514
15452900000,r,514
15452900000,r,514
15452900000,r,514
15452900000,r,514
15452900000,r,514
15452900000,r,514
15452900000,r,514
15452900000,r,514
15452900000,r,514
15452900000,r,514
15452900000,r,514
15452900000,r,514
15452900000,r,514
15452900000,r,514
15452900000,r,514
15452900000,r,514
15452900000,r,514
15452900000,r,514
15452900000,r,514
15452900000,r,514
15452900000,r,514
15452900000,r,514
15452900000,r,514
15452900000,r,514
15452900000,r,514
15452900000,r,514
15452900000,r,514
15452900000,r,514
15452900000,r,514
15452900000,r,514
15452900000,r,514
15452900000,r,514
15452900000,r,514
15452900000,r,514
15453000000,r,514
15453000000,r,514
15453000000,r,514
15453000000,r,514
15453000000,r,514
15453000000,r,514
15453000000,r,514
15453000000,r,514
15454300000,s,514
15454300000,s,514
15454300000,s,514
15468000000,r,514
15468000000,r,514
15468000000,r,514
15468000000,r,514
15468000000,r,514
15468000000,r,514
15468000000,r,514
15468000000,r,514
15468000000,r,514
15468000000,r,514
15468000000,r,514
15468000000,r,514
15468000000,r,514
15468000000,r,514
15468000000,r,514
15468000000,r,514
15468000000,r,514
15508700000,r,514
15508700000,r,514
15508700000,r,514
15508700000,r,514
15508700000,r,514
15508700000,r,514
15520300000,r,514
15520300000,r,514
15520300000,r,514
15520300000,r,514
15520300000,r,514
15520300000,r,514
15520300000,r,514
15520800000,s,514
15536000000,r,514
15545600000,r,514
15545600000,r,514
15545600000,r,514
15545600000,r,514
15623800000,r,514
15623800000,r,514
15623800000,r,514
15623800000,r,514
15651600000,r,514
15651600000,r,514
15651600000,r,514
15651600000,r,514
15651600000,r,514
15705200000,r,514
15705200000,r,514
15705200000,r,514
15705200000,r,514
15705200000,r,514
15705200000,r,514
15720100000,r,514
15720100000,r,514
15720100000,r,514
15720100000,r,514
15720100000,r,514
15720100000,r,514
15720100000,r,514
15720100000,r,514
15720100000,r,514
15720100000,r,514
15720100000,r,514
15720100000,r,514
15720100000,r,514
15720600000,s,514
15762600000,r,514
15762600000,r,514
15762600000,r,514
15762600000,r,514
15762600000,r,514
15762600000,r,514
15762600000,r,514
15762600000,r,514
15762600000,r,514
15762600000,r,514
15762600000,r,514
15762600000,r,514
15762600000,r,514
15762600000,r,514
15762600000,r,514
15762600000,r,514
15762600000,r,514
15762600000,r,514
15762600000,r,514
15762600000,r,514
15762600000,r,514
15762600000,r,514
15762600000,r,514
15762600000,r,514
15762600000,r,514
15762600000,r,514
15762600000,r,514
15762600000,r,514
15762600000,r,514
15762600000,r,514
15762600000,r,514
15762600000,r,514
15762600000,r,514
15762600000,r,514
15762600000,r,514
15762600000,r,514
15762600000,r,514
15762600000,r,514
15762600000,r,514
15762600000,r,514
15762600000,r,514
15762600000,r,514
15762600000,r,514
15762600000,r,514
15762600000,r,514
15762600000,r,514
15762600000,r,514
15762600000,r,514
15762600000,r,514
15762600000,r,514
15762600000,r,514
15762600000,r,514
15762600000,r,514
15762600000,r,514
15762600000,r,514
15762600000,r,514
15762600000,r,514
15762600000,r,514
15762600000,r,514
15762600000,r,514
15762600000,r,514
15762700000,r,514
15762700000,r,514
15762700000,r,514
15762700000,r,514
15762700000,r,514
15762700000,r,514
15762700000,r,514
15762700000,r,514
15762700000,r,514
15762700000,r,514
15762700000,r,514
15762700000,r,514
15762700000,r,514
15762700000,r,514
15762700000,r,514
15763500000,s,514
15763500000,s,514
15804300000,s,514
15804300000,s,514
15804300000,s,514
15804500000,r,514
15804500000,r,514
15804500000,r,514
15804500000,r,514
15804500000,r,514
15804500000,r,514
15804500000,r,514
15804500000,r,514
15804500000,r,514
15804500000,r,514
15804500000,r,514
15804500000,r,514
15804500000,r,514
15804500000,r,514
15804500000,r,514
15804500000,r,514
15804500000,r,514
15804500000,r,514
15804500000,r,514
15804500000,r,514
15804500000,r,514
15804500000,r,514
15804500000,r,514
15804500000,r,514
15804500000,r,514
15804500000,r,514
15804500000,r,514
15804500000,r,514
15804500000,r,514
15804500000,r,514
15804500000,r,514
15804500000,r,514
15804500000,r,514
15804500000,r,514
15805300000,s,514
15842700000,r,514
15842700000,r,514
15842700000,r,514
15842700000,r,514
15842700000,r,514
15842700000,r,514
15842700000,r,514
15844800000,r,514
15844800000,r,514
15844800000,r,514
15844800000,r,514
15844800000,r,514
15844800000,r,514
15844800000,r,514
15844800000,r,514
15844800000,r,514
15844800000,r,514
15844800000,r,514
15844800000,r,514
15844800000,r,514
15844800000,r,514
15844800000,r,514
15888500000,r,514
15888500000,r,514
15888500000,r,514
15888500000,r,514
15888500000,r,514
15888500000,r,514
15888500000,r,514
15888500000,r,514
15888500000,r,514
15888500000,r,514
15888500000,r,514
15888500000,r,514
15888500000,r,514
15888500000,r,514
15888500000,r,514
15888500000,r,514
15888600000,r,514
15888600000,r,514
15888600000,r,514
15888600000,r,514
15888600000,r,514
15888600000,r,514
15888600000,r,514
15888600000,r,514
15888600000,r,514
15888600000,r,514
15888600000,r,514
15888600000,r,514
15888600000,r,514
15888600000,r,514
15888600000,r,514
15888600000,r,514
15888600000,r,514
15888600000,r,514
15888600000,r,514
15888600000,r,514
15888600000,r,514
15888600000,r,514
15888600000,r,514
15888600000,r,514
15888600000,r,514
15888600000,r,514
15888600000,r,514
15888600000,r,514
15888600000,r,514
15889400000,s,514
15917900000,r,514
15917900000,r,514
15917900000,r,514
15917900000,r,514
15917900000,r,514
15917900000,r,514
15917900000,r,514
15917900000,r,514
15917900000,r,514
15917900000,r,514
15917900000,r,514
15917900000,r,514
15917900000,r,514
15917900000,r,514
15917900000,r,514
15917900000,r,514
15917900000,r,514
15917900000,r,514
15917900000,r,514
15917900000,r,514
15923300000,s,514
15957600000,r,514
15957600000,r,514
15957600000,r,514
15957600000,r,514
15957600000,r,514
15957600000,r,514
15957600000,r,514
15957600000,r,514
15960500000,r,514
15960500000,r,514
15973100000,r,514
15973100000,r,514
15973100000,r,514
15973100000,r,514
15973100000,r,514
15973100000,r,514
15973100000,r,514
15992400000,r,514
15992400000,r,514
15992400000,r,514
15992400000,r,514
15992400000,r,514
15992400000,r,514
15992800000,s,514
15997200000,r,514
15997200000,r,514
15997200000,r,514
15997200000,r,514
15997200000,r,514
15997200000,r,514
15997200000,r,514
15997200000,r,514
15997200000,r,514
15997200000,r,514
15997200000,r,514
15997200000,r,514
15997200000,r,514
15997200000,r,514
15997200000,r,514
16010200000,s,514
16050899999,r,514
16050899999,r,514
16050899999,r,514
16050899999,r,514
16050899999,r,514
16050899999,r,514
16051600000,s,514
16087399999,r,514
16087399999,r,514
16087399999,r,514
16087399999,r,514
16087399999,r,514
16087399999,r,514
16087399999,r,514
16087399999,r,514
16087399999,r,514
16087399999,r,514
16087399999,r,514
16087399999,r,514
16087399999,r,514
16087399999,r,514
16087399999,r,514
16087399999,r,514
16087399999,r,514
16087399999,r,514
16087399999,r,514
16087399999,r,514
16087399999,r,514
16087399999,r,514
16087399999,r,514
16087399999,r,514
16087399999,r,514
16087399999,r,514
16087399999,r,514
16087399999,r,514
16087399999,r,514
16088400000,r,514
16088400000,r,514
16088400000,r,514
16088400000,r,514
16088400000,r,514
16088400000,r,514
16088400000,r,514
16088400000,r,514
16088400000,r,514
16088400000,r,514
16088400000,r,514
16088400000,r,514
16159300000,s,514
16159300000,s,514
16287199999,r,514
16287199999,r,514
16287199999,r,514
16287199999,r,514
16287199999,r,514
16287199999,r,514
16287199999,r,514
16287700000,s,514
16329400000,r,514
16329400000,r,514
16329400000,r,514
16329400000,r,514
16329400000,r,514
16329400000,r,514
16329400000,r,514
16329400000,r,514
16329400000,r,514
16329400000,r,514
16329400000,r,514
16329400000,r,514
16329400000,r,514
16329400000,r,514
16329400000,r,514
16329400000,r,514
16329500000,r,514
16329500000,r,514
16329500000,r,514
16329500000,r,514
16329500000,r,514
16329500000,r,514
16329500000,r,514
16329500000,r,514
16329500000,r,514
16329500000,r,514
16329500000,r,514
16329500000,r,514
16329500000,r,514
16329500000,r,514
16329500000,r,514
16329500000,r,514
16329500000,r,514
16329500000,r,514
16329500000,r,514
16329500000,r,514
16329500000,r,514
16329500000,r,514
16329500000,r,514
16329500000,r,514
16329500000,r,514
16329500000,r,514
16329500000,r,514
16329500000,r,514
16329500000,r,514
16329500000,r,514
16329500000,r,514
16329500000,r,514
16329500000,r,514
16329500000,r,514
16329500000,r,514
16329500000,r,514
16329500000,r,514
16329500000,r,514
16329500000,r,514
16329500000,r,514
16329500000,r,514
16329500000,r,514
16329500000,r,514
16329500000,r,514
16329500000,r,514
16329500000,r,514
16329500000,r,514
16329500000,r,514
16329500000,r,514
16329500000,r,514
16329500000,r,514
16329500000,r,514
16329500000,r,514
16329500000,r,514
16329500000,r,514
16329500000,r,514
16329500000,r,514
16329500000,r,514
16329500000,r,514
16329500000,r,514
16329500000,r,514
16329600000,r,514
16329600000,r,514
16329600000,r,514
16329600000,r,514
16329600000,r,514
16329600000,r,514
16329600000,r,514
16329600000,r,514
16329600000,r,514
16329600000,r,514
16329600000,r,514
16329600000,r,514
16329600000,r,514
16329600000,r,514
16329600000,r,514
16329999999,s,514
16356200000,r,514
16356200000,r,514
16356200000,r,514
16356200000,r,514
16356200000,r,514
16356200000,r,514
16356200000,r,514
16356200000,r,514
16356200000,r,514
16356200000,r,514
16356200000,r,514
16356200000,r,514
16356200000,r,514
16356200000,r,514
16356200000,r,514
16356200000,r,514
16356200000,r,514
16356200000,r,514
16356200000,r,514
16356200000,r,514
16356200000,r,514
16356200000,r,514
16356200000,r,514
16356200000,r,514
16356200000,r,514
16356200000,r,514
16356200000,r,514
16356200000,r,514
16356200000,r,514
16356200000,r,514
16356200000,r,514
16356200000,r,514
16356200000,r,514
16356200000,r,514
16356200000,r,514
16356200000,r,514
16356200000,r,514
16356200000,r,514
16356200000,r,514
16356200000,r,514
16356200000,r,514
16356200000,r,514
16356200000,r,514
16356200000,r,514
16356200000,r,514
16356200000,r,514
16356200000,r,514
16356200000,r,514
16356200000,r,514
16356200000,r,514
16356200000,r,514
16356200000,r,514
16356200000,r,514
16356200000,r,514
16356200000,r,514
16356200000,r,514
16356200000,r,514
16356200000,r,514
16356200000,r,514
16356300000,r,514
16356300000,r,514
16356400000,s,514
16356400000,s,514
16357000000,s,514
16361000000,r,514
16361000000,r,514
16361000000,r,514
16361000000,r,514
16361000000,r,514
16361000000,r,514
16376600000,r,514
16376600000,r,514
16376600000,r,514
16376600000,r,514
16376600000,r,514
16376600000,r,514
16463800000,r,514
16466400000,r,514
16466400000,r,514
16466400000,r,514
16466400000,r,514
16466400000,r,514
16466400000,r,514
16484300000,r,514
16484300000,r,514
16484300000,r,514
16484300000,r,514
16484300000,r,514
16484300000,r,514
16484300000,r,514
16484700000,s,514
16556000000,r,514
16556000000,r,514
16556000000,r,514
16556000000,r,514
16556000000,r,514
16556000000,r,514
16556000000,r,514
16596400000,r,514
16596400000,r,514
16597600000,r,514
16597600000,r,514
16597600000,r,514
16597600000,r,514
16597600000,r,514
16597600000,r,514
16597600000,r,514
16597900000,s,514
16640899999,r,514
16640899999,r,514
16640899999,r,514
16640899999,r,514
16640899999,r,514
16640899999,r,514
16640899999,r,514
16640899999,r,514
16640899999,r,514
16640899999,r,514
16640899999,r,514
16640899999,r,514
16640899999,r,514
16640899999,r,514
16640899999,r,514
16640899999,r,514
16640899999,r,514
16640899999,r,514
16640899999,r,514
16640899999,r,514
16640899999,r,514
16640899999,r,514
16640899999,r,514
16640899999,r,514
16640899999,r,514
16640899999,r,514
16640899999,r,514
16640899999,r,514
16640899999,r,514
16640899999,r,514
16640899999,r,514
16640899999,r,514
16640899999,r,514
16640899999,r,514
16640899999,r,514
16640899999,r,514
16640899999,r,514
16640899999,r,514
16640899999,r,514
16640899999,r,514
16640899999,r,514
16640899999,r,514
16640899999,r,514
16640899999,r,514
16640899999,r,514
16640899999,r,514
16640899999,r,514
16640899999,r,514
16640899999,r,514
16640899999,r,514
16640899999,r,514
16640899999,r,514
16640899999,r,514
16640899999,r,514
16640899999,r,514
16640899999,r,514
16640899999,r,514
16640899999,r,514
16640899999,r,514
16640899999,r,514
16640899999,r,514
16640999999,r,514
16640999999,r,514
16640999999,r,514
16640999999,r,514
16640999999,r,514
16640999999,r,514
16640999999,r,514
16640999999,r,514
16640999999,r,514
16640999999,r,514
16640999999,r,514
16640999999,r,514
16640999999,r,514
16640999999,r,514
16640999999,r,514
16640999999,r,514
16640999999,r,514
16640999999,r,514
16640999999,r,514
16640999999,r,514
16640999999,r,514
16640999999,r,514
16640999999,r,514
16640999999,r,514
16640999999,r,514
16640999999,r,514
16640999999,r,514
16640999999,r,514
16640999999,r,514
16640999999,r,514
16640999999,r,514
16640999999,r,514
16640999999,r,514
16640999999,r,514
16640999999,r,514
16640999999,r,514
16640999999,r,514
16640999999,r,514
16640999999,r,514
16640999999,r,514
16640999999,r,514
16640999999,r,514
16641600000,s,514
16641600000,s,514
16681600000,r,514
16681600000,r,514
16681600000,r,514
16681600000,r,514
16681600000,r,514
16681600000,r,514
16681600000,r,514
16681600000,r,514
16681600000,r,514
16681600000,r,514
16681600000,r,514
16681600000,r,514
16681600000,r,514
16681600000,r,514
16681600000,r,514
16681600000,r,514
16681600000,r,514
16681700000,s,514
16681999999,s,514
16728100000,s,514
16728100000,s,514
16728100000,s,514
16728100000,s,514
16728100000,s,514
16728100000,s,514
16728100000,s,514
16728100000,s,514
16745200000,r,514
16745200000,r,514
16745200000,r,514
16745200000,r,514
16745200000,r,514
16745400000,s,514
16745400000,s,514
16745400000,s,514
16745400000,s,514
16782900000,s,514
16782900000,s,514
16784900000,s,514
16799399999,s,514
16840000000,s,514
16840000000,s,514
16985000000,s,514
17033800000,r,514
17161999999,r,514
17161999999,r,514
17161999999,r,514
17161999999,r,514
17161999999,r,514
17161999999,r,514
17167300000,r,514
17167300000,r,514
17167300000,r,514
17167300000,r,514
17167300000,r,514
17167300000,r,514
17167300000,r,514
17170300000,r,514
17170300000,r,514
17170300000,r,514
17170300000,r,514
17170300000,r,514
17170300000,r,514
17170300000,r,514
17170300000,r,514
17170800000,r,514
17170800000,r,514
17170800000,r,514
17170800000,r,514
17170800000,r,514
17170800000,r,514
17170800000,r,514
17170800000,r,514
17174600000,r,514
17174600000,r,514
17174600000,r,514
17174600000,r,514
17174600000,r,514
17174600000,r,514
17174600000,r,514
17176700000,r,514
17176700000,r,514
17176700000,r,514
17176700000,r,514
17176700000,r,514
17176700000,r,514
17176700000,r,514
17176700000,r,514
17176700000,r,514
17176700000,r,514
17176700000,r,514
17176700000,r,514
17176700000,r,514
17176700000,r,514
17178700000,r,514
17178700000,r,514
17178700000,r,514
17178700000,r,514
17178700000,r,514
17178700000,r,514
17178700000,r,514
17178700000,r,514
17181500000,r,514
17181500000,r,514
17181500000,r,514
17181500000,r,514
17181500000,r,514
17181500000,r,514
17181500000,r,514
17181500000,r,514
17182100000,r,514
17182100000,r,514
17182100000,r,514
17182100000,r,514
17182100000,r,514
17182100000,r,514
17182100000,r,514
17182100000,r,514
17182100000,r,514
17182100000,r,514
17182100000,r,514
17182100000,r,514
17182100000,r,514
17182100000,r,514
17182100000,r,514
17182100000,r,514
17182100000,r,514
17182100000,r,514
17182100000,r,514
17182100000,r,514
17182100000,r,514
17182100000,r,514
17182100000,r,514
17192500000,r,514
17192500000,r,514
17192500000,r,514
17192500000,r,514
17192500000,r,514
17192500000,r,514
17192500000,r,514
17192500000,r,514
17192500000,r,514
17192500000,r,514
17192500000,r,514
17192500000,r,514
17192500000,r,514
17192500000,r,514
17192500000,r,514
17192500000,r,514
17193800000,r,514
17193800000,r,514
17193800000,r,514
17193800000,r,514
17193800000,r,514
17193800000,r,514
17193800000,r,514
17193800000,r,514
17193800000,r,514
17193800000,r,514
17193800000,r,514
17193800000,r,514
17193800000,r,514
17193800000,r,514
17193800000,r,514
17193800000,r,514
17193800000,r,514
17193800000,r,514
17193800000,r,514
17193800000,r,514
17193800000,r,514
17193800000,r,514
17193800000,r,514
17193800000,r,514
17193800000,r,514
17193800000,r,514
17193800000,r,514
17193800000,r,514
17193800000,r,514
17193800000,r,514
17193800000,r,514
17193800000,r,514
17193800000,r,514
17193800000,r,514
17193800000,r,514
17193800000,r,514
17193800000,r,514
17193800000,r,514
17193800000,r,514
17193800000,r,514
17193800000,r,514
17193800000,r,514
17193800000,r,514
17193800000,r,514
17193800000,r,514
17193800000,r,514
17193800000,r,514
17193800000,r,514
17193800000,r,514
17193800000,r,514
17193800000,r,514
17193800000,r,514
17193800000,r,514
17193800000,r,514
17193800000,r,514
17193800000,r,514
17193800000,r,514
17193800000,r,514
17193800000,r,514
17193800000,r,514
17193800000,r,514
17193900000,r,514
17193900000,r,514
17193900000,r,514
17193900000,r,514
17193900000,r,514
17193900000,r,514
17193900000,r,514
17193900000,r,514
17193900000,r,514
17193900000,r,514
17193900000,r,514
17193900000,r,514
17193900000,r,514
17193900000,r,514
17193900000,r,514
17193900000,r,514
17193900000,r,514
17193900000,r,514
17193900000,r,514
17193900000,r,514
17193900000,r,514
17193900000,r,514
17193900000,r,514
17193900000,r,514
17193900000,r,514
17193900000,r,514
17193900000,r,514
17193900000,r,514
17193900000,r,514
17193900000,r,514
17193900000,r,514
17193900000,r,514
17193900000,r,514
17193900000,r,514
17193900000,r,514
17193900000,r,514
17193900000,r,514
17193900000,r,514
17193900000,r,514
17193900000,r,514
17193900000,r,514
17193900000,r,514
17193900000,r,514
17193900000,r,514
17193900000,r,514
17193900000,r,514
17193900000,r,514
17193900000,r,514
17193900000,r,514
17193900000,r,514
17193900000,r,514
17193900000,r,514
17193900000,r,514
17193900000,r,514
17193900000,r,514
17193900000,r,514
17193900000,r,514
17193900000,r,514
17193900000,r,514
17193900000,r,514
17193900000,r,514
17193900000,r,514
17193900000,r,514
17193900000,r,514
17193900000,r,514
17193900000,r,514
17193900000,r,514
17193900000,r,514
17193900000,r,514
17193900000,r,514
17193900000,r,514
17193900000,r,514
17193900000,r,514
17193900000,r,514
