0,s,514
200300000,r,514
200300000,r,514
400700000,r,514
400700000,r,514
400700000,r,514
400700000,r,514
402300000,s,514
402300000,s,514
402300000,s,514
601600000,r,514
601600000,r,514
602300000,s,514
602300000,s,514
602300000,s,514
602300000,s,514
602300000,s,514
775000000,s,514
801600000,r,514
801600000,r,514
802600000,r,514
802600000,r,514
802600000,r,514
802600000,r,514
802600000,r,514
802600000,r,514
802600000,r,514
802600000,r,514
802600000,r,514
802600000,r,514
802600000,r,514
802600000,r,514
802600000,r,514
802600000,r,514
802600000,r,514
802600000,r,514
802600000,r,514
802600000,r,514
802600000,r,514
802600000,r,514
802600000,r,514
802600000,r,514
802600000,r,514
802600000,r,514
1001500000,r,514
1001500000,r,514
1001500000,r,514
1001500000,r,514
1001500000,r,514
1001500000,r,514
1001500000,r,514
1001500000,r,514
1001500000,r,514
1001500000,r,514
1001500000,r,514
1001500000,r,514
1001500000,r,514
1001500000,r,514
1001500000,r,514
1001500000,r,514
1001500000,r,514
1001500000,r,514
1001500000,r,514
1001500000,r,514
1001500000,r,514
1001500000,r,514
1001500000,r,514
1001500000,r,514
1001500000,r,514
1001500000,r,514
1001500000,r,514
1001500000,r,514
1001500000,r,514
1001500000,r,514
1001500000,r,514
1001500000,r,514
1001500000,r,514
1001500000,r,514
1001500000,r,514
1001500000,r,514
1001500000,r,514
1001500000,r,514
1001500000,r,514
1001500000,r,514
1001500000,r,514
1001500000,r,514
1001500000,r,514
1001500000,r,514
1001500000,r,514
1001500000,r,514
1001500000,r,514
1001500000,r,514
1001500000,r,514
1001500000,r,514
1001500000,r,514
1001500000,r,514
1001500000,r,514
1014799999,s,514
1200600000,r,514
1200600000,r,514
1200600000,r,514
1200600000,r,514
1200600000,r,514
1200600000,r,514
1200600000,r,514
1200600000,r,514
1200600000,r,514
1200600000,r,514
1200600000,r,514
1200600000,r,514
1200600000,r,514
1200600000,r,514
1200600000,r,514
1200600000,r,514
1200600000,r,514
1200600000,r,514
1200600000,r,514
1200600000,r,514
1200600000,r,514
1200600000,r,514
1200600000,r,514
1200600000,r,514
1200600000,r,514
1200600000,r,514
1200600000,r,514
1200600000,r,514
1200600000,r,514
1200600000,r,514
1200600000,r,514
1200600000,r,514
1200600000,r,514
1200600000,r,514
1200600000,r,514
1200600000,r,514
1200600000,r,514
1200600000,r,514
1200600000,r,514
1200600000,r,514
1200600000,r,514
1200600000,r,514
1200600000,r,514
1200600000,r,514
1200600000,r,514
1200600000,r,514
1200600000,r,514
1200600000,r,514
1200600000,r,514
1200600000,r,514
1200600000,r,514
1200600000,r,514
1200600000,r,514
1200600000,r,514
1200600000,r,514
1200600000,r,514
1200600000,r,514
1200600000,r,514
1200600000,r,514
1200600000,r,514
1200600000,r,514
1200800000,r,514
1200800000,r,514
1200800000,r,514
1200800000,r,514
1200800000,r,514
1200800000,r,514
1200800000,r,514
1200800000,r,514
1200800000,r,514
1200800000,r,514
1200800000,r,514
1200800000,r,514
1200800000,r,514
1200800000,r,514
1200800000,r,514
1200800000,r,514
1200800000,r,514
1200800000,r,514
1200800000,r,514
1200800000,r,514
1200800000,r,514
1200800000,r,514
1200800000,r,514
1200800000,r,514
1200800000,r,514
1200800000,r,514
1200800000,r,514
1200800000,r,514
1200800000,r,514
1200800000,r,514
1200800000,r,514
1200800000,r,514
1200800000,r,514
1200800000,r,514
1200800000,r,514
1200800000,r,514
1200800000,r,514
1200800000,r,514
1200800000,r,514
1200800000,r,514
1200800000,r,514
1200800000,r,514
1200800000,r,514
1200800000,r,514
1200800000,r,514
1201100000,s,514
1202500000,s,514
1202500000,s,514
1399400000,r,514
1399400000,r,514
1399400000,r,514
1399400000,r,514
1399400000,r,514
1399400000,r,514
1399400000,r,514
1399400000,r,514
1399400000,r,514
1399400000,r,514
1399400000,r,514
1399400000,r,514
1399400000,r,514
1399400000,r,514
1399400000,r,514
1399400000,r,514
1399400000,r,514
1399400000,r,514
1399400000,r,514
1399400000,r,514
1399400000,r,514
1399400000,r,514
1399400000,r,514
1399400000,r,514
1399400000,r,514
1399400000,r,514
1399400000,r,514
1399400000,r,514
1399400000,r,514
1399400000,r,514
1399400000,r,514
1399400000,r,514
1399400000,r,514
1399400000,r,514
1399400000,r,514
1399400000,r,514
1399400000,r,514
1399400000,r,514
1399400000,r,514
1399400000,r,514
1399400000,r,514
1399400000,r,514
1399400000,r,514
1399400000,r,514
1399400000,r,514
1399400000,r,514
1399400000,r,514
1399400000,r,514
1399400000,r,514
1399400000,r,514
1399400000,r,514
1399400000,r,514
1399400000,r,514
1399400000,r,514
1399400000,r,514
1399400000,r,514
1399400000,r,514
1399400000,r,514
1399400000,r,514
1399400000,r,514
1399400000,r,514
1399500000,r,514
1399500000,r,514
1399500000,r,514
1399500000,r,514
1399500000,r,514
1399500000,r,514
1399500000,r,514
1399500000,r,514
1399500000,r,514
1399500000,r,514
1399500000,r,514
1399500000,r,514
1399500000,r,514
1399500000,r,514
1399500000,r,514
1399500000,r,514
1399500000,r,514
1399500000,r,514
1399500000,r,514
1399500000,r,514
1399500000,r,514
1399500000,r,514
1399500000,r,514
1399500000,r,514
1399500000,r,514
1399500000,r,514
1399500000,r,514
1399500000,r,514
1399500000,r,514
1399500000,r,514
1399500000,r,514
1399500000,r,514
1399500000,r,514
1399500000,r,514
1399500000,r,514
1399500000,r,514
1399500000,r,514
1399500000,r,514
1399500000,r,514
1399500000,r,514
1399500000,r,514
1399500000,r,514
1399500000,r,514
1399500000,r,514
1399500000,r,514
1399500000,r,514
1399500000,r,514
1399500000,r,514
1399500000,r,514
1399500000,r,514
1399500000,r,514
1399500000,r,514
1399500000,r,514
1399500000,r,514
1399500000,r,514
1399500000,r,514
1399500000,r,514
1399500000,r,514
1399500000,r,514
1399500000,r,514
1399500000,r,514
1399600000,r,514
1399600000,r,514
1399600000,r,514
1399600000,r,514
1399600000,r,514
1399600000,r,514
1399600000,r,514
1399600000,r,514
1399600000,r,514
1399600000,r,514
1399600000,r,514
1399900000,s,514
1660500000,s,514
1660500000,s,514
1660500000,s,514
1660500000,s,514
1660500000,s,514
1660500000,s,514
1775600000,s,514
1958900000,r,514
1975300000,r,514
1975900000,s,514
2275600000,r,514
2276500000,s,514
2502900000,r,514
2504100000,s,514
2582000000,r,514
2775600000,s,514
2778500000,s,514
2840400000,r,514
2977600000,r,514
2978700000,s,514
3169900000,s,514
3302700000,r,514
3303700000,s,514
3359400000,s,514
3656500000,r,514
3659100000,s,514
3659100000,s,514
3682800000,r,514
3811200000,s,514
3954100000,r,514
3954100000,r,514
3954100000,r,514
3961300000,r,514
3961300000,r,514
3961300000,r,514
4017400000,r,514
4018200000,s,514
4051900000,r,514
4051900000,r,514
4051900000,r,514
4051900000,r,514
4059500000,s,514
4128199999,r,514
4131599999,s,514
4131599999,s,514
4320600000,r,514
4321700000,s,514
4345500000,s,514
4356300000,r,514
4357400000,s,514
4358600000,r,514
4358600000,r,514
4358600000,r,514
4358600000,r,514
4358600000,r,514
4358600000,r,514
4358600000,r,514
4446800000,r,514
4446800000,r,514
4446800000,r,514
4446800000,r,514
4446800000,r,514
4480900000,r,514
4480900000,r,514
4480900000,r,514
4480900000,r,514
4480900000,r,514
4480900000,r,514
4480900000,r,514
4497800000,r,514
4497800000,r,514
4497800000,r,514
4501600000,s,514
4566900000,r,514
4566900000,r,514
4566900000,r,514
4566900000,r,514
4573600000,s,514
4769500000,r,514
4782000000,s,514
4798700000,r,514
4800700000,s,514
4800700000,s,514
4842400000,r,514
4842400000,r,514
4842400000,r,514
4842400000,r,514
4842400000,r,514
4842400000,r,514
4842400000,r,514
4842400000,r,514
4842400000,r,514
4893100000,r,514
4893100000,r,514
4893100000,r,514
4896900000,s,514
4905300000,s,514
4913300000,r,514
4913300000,r,514
4980700000,r,514
4980700000,r,514
4980700000,r,514
4983600000,s,514
4984500000,r,514
4985100000,s,514
5201300000,r,514
5242200000,r,514
5242200000,r,514
5242200000,r,514
5242200000,r,514
5242200000,r,514
5242200000,r,514
5242200000,r,514
5247500000,s,514
5299300000,r,514
5299900000,s,514
5306800000,r,514
5306800000,r,514
5306800000,r,514
5392700000,r,514
5392700000,r,514
5594200000,r,514
5595000000,s,514
5661800000,r,514
5780600000,s,514
5937500000,r,514
5937500000,r,514
5939800000,s,514
5942500000,s,514
5979800000,r,514
5980800000,s,514
6014300000,s,514
6379500000,r,514
6380100000,s,514
6537100000,r,514
6651900000,r,514
6651900000,r,514
6651900000,r,514
6651900000,r,514
6703200000,r,514
6704600000,s,514
6859600000,s,514
7006400000,r,514
7221400000,r,514
7223400000,s,514
7223400000,s,514
7317000000,r,514
7318700000,s,514
7318700000,s,514
7585000000,r,514
7585000000,r,514
7585000000,r,514
7585000000,r,514
7585000000,r,514
7585000000,r,514
7585000000,r,514
7614700000,r,514
7614700000,r,514
7614700000,r,514
7691900000,r,514
7694600000,s,514
7701300000,r,514
7701300000,r,514
7701300000,r,514
7701300000,r,514
7701300000,r,514
7701300000,r,514
7701300000,r,514
7705200000,r,514
7706800000,s,514
7710600000,s,514
7710600000,s,514
8000299999,r,514
8042600000,r,514
8042600000,r,514
8044600000,s,514
8046500000,s,514
8094500000,r,514
8094500000,r,514
8095000000,s,514
8107200000,s,514
8414999999,r,514
8414999999,r,514
8415500000,s,514
8525600000,r,514
8527300000,s,514
8527300000,s,514
8539800000,r,514
8539800000,r,514
8539800000,r,514
8539800000,r,514
8539800000,r,514
8539800000,r,514
8539800000,r,514
8580600000,r,514
8580600000,r,514
8580600000,r,514
8580600000,r,514
8580600000,r,514
8580600000,r,514
8580600000,r,514
8582800000,r,514
8582800000,r,514
8582800000,r,514
8582800000,r,514
8582800000,r,514
8582800000,r,514
8582800000,r,514
8582800000,r,514
8643300000,r,514
8643300000,r,514
8643300000,r,514
8643300000,r,514
8643300000,r,514
8643300000,r,514
8643300000,r,514
8643300000,r,514
8646700000,r,514
8646700000,r,514
8646700000,r,514
8646700000,r,514
8646700000,r,514
8646700000,r,514
8646700000,r,514
8646700000,r,514
8646900000,r,514
8646900000,r,514
8646900000,r,514
8646900000,r,514
8646900000,r,514
8646900000,r,514
8646900000,r,514
8646900000,r,514
8647300000,s,514
8647400000,r,514
8647400000,r,514
8647400000,r,514
8749700000,r,514
8749700000,r,514
8749700000,r,514
8836700000,r,514
8836700000,r,514
8836700000,r,514
8836700000,r,514
8836700000,r,514
8836700000,r,514
8836700000,r,514
8841500000,s,514
8852600000,s,514
8871600000,s,514
8913600000,s,514
8913600000,s,514
8913600000,s,514
8913600000,s,514
9153600000,r,514
9153600000,r,514
9154400000,s,514
9226100000,r,514
9226100000,r,514
9226100000,r,514
9226100000,r,514
9226100000,r,514
9226100000,r,514
9226100000,r,514
9227900000,r,514
9227900000,r,514
9227900000,r,514
9227900000,r,514
9227900000,r,514
9227900000,r,514
9227900000,r,514
9257600000,r,514
9257600000,r,514
9257600000,r,514
9257600000,r,514
9257600000,r,514
9257600000,r,514
9262100000,r,514
9262100000,r,514
9262100000,r,514
9262100000,r,514
9262100000,r,514
9262100000,r,514
9262100000,r,514
9262100000,r,514
9262100000,r,514
9262100000,r,514
9262100000,r,514
9262100000,r,514
9262100000,r,514
9262100000,r,514
9265500000,s,514
9285500000,r,514
9285500000,r,514
9285500000,r,514
9285500000,r,514
9285500000,r,514
9285500000,r,514
9285500000,r,514
9286300000,r,514
9286300000,r,514
9286300000,r,514
9286300000,r,514
9286300000,r,514
9286300000,r,514
9286300000,r,514
9286300000,r,514
9286500000,r,514
9286500000,r,514
9286500000,r,514
9286500000,r,514
9286500000,r,514
9286500000,r,514
9286500000,r,514
9286700000,s,514
9329600000,r,514
9329600000,r,514
9329600000,r,514
9329600000,r,514
9329600000,r,514
9329600000,r,514
9329600000,r,514
9329600000,r,514
9329900000,s,514
9331100000,r,514
9331100000,r,514
9331100000,r,514
9331100000,r,514
9331100000,r,514
9331100000,r,514
9331100000,r,514
9331100000,r,514
9331200000,r,514
9331200000,r,514
9331200000,r,514
9334100000,r,514
9334100000,r,514
9334100000,r,514
9334100000,r,514
9334100000,r,514
9334100000,r,514
9334100000,r,514
9334100000,r,514
9334200000,r,514
9334200000,r,514
9334200000,r,514
9334200000,r,514
9334200000,r,514
9334200000,r,514
9334200000,r,514
9334200000,r,514
9334500000,r,514
9334500000,r,514
9334500000,r,514
9334500000,r,514
9334500000,r,514
9334500000,r,514
9334500000,r,514
9362200000,r,514
9362200000,r,514
9362200000,r,514
9362200000,r,514
9362200000,r,514
9406200000,r,514
9406200000,r,514
9406200000,r,514
9406200000,r,514
9406200000,r,514
9406200000,r,514
9406200000,r,514
9406200000,r,514
9406200000,r,514
9406200000,r,514
9406200000,r,514
9406200000,r,514
9406200000,r,514
9406200000,r,514
9406200000,r,514
9406200000,r,514
9406500000,s,514
9424700000,r,514
9424700000,r,514
9424700000,r,514
9424700000,r,514
9424700000,r,514
9424700000,r,514
9424700000,r,514
9424700000,r,514
9424700000,r,514
9424700000,r,514
9424700000,r,514
9427000000,r,514
9427000000,r,514
9427000000,r,514
9427000000,r,514
9427000000,r,514
9427000000,r,514
9427000000,r,514
9427000000,r,514
9427000000,r,514
9427000000,r,514
9427000000,r,514
9427000000,r,514
9427000000,r,514
9427000000,r,514
9427000000,r,514
9427000000,r,514
9427600000,s,514
9450200000,r,514
9450200000,r,514
9450200000,r,514
9456200000,r,514
9456200000,r,514
9456200000,r,514
9456200000,r,514
9456200000,r,514
9456200000,r,514
9456200000,r,514
9456200000,r,514
9456200000,r,514
9456200000,r,514
9456200000,r,514
9456200000,r,514
9456200000,r,514
9456200000,r,514
9456200000,r,514
9456200000,r,514
9460700000,r,514
9460700000,r,514
9460700000,r,514
9460700000,r,514
9460700000,r,514
9460700000,r,514
9460700000,r,514
9460700000,r,514
9460700000,r,514
9460700000,r,514
9460700000,r,514
9460700000,r,514
9460700000,r,514
9460700000,r,514
9460700000,r,514
9460700000,r,514
9460700000,r,514
9460700000,r,514
9460700000,r,514
9460700000,r,514
9460700000,r,514
9460700000,r,514
9460700000,r,514
9460700000,r,514
9460700000,r,514
9460700000,r,514
9460700000,r,514
9460700000,r,514
9460700000,r,514
9460700000,r,514
9460700000,r,514
9460700000,r,514
9461000000,s,514
9464200000,r,514
9464200000,r,514
9464200000,r,514
9464200000,r,514
9464200000,r,514
9482100000,r,514
9482100000,r,514
9482100000,r,514
9482100000,r,514
9482100000,r,514
9482100000,r,514
9482100000,r,514
9482100000,r,514
9482100000,r,514
9482100000,r,514
9482100000,r,514
9491900000,r,514
9491900000,r,514
9491900000,r,514
9491900000,r,514
9491900000,r,514
9491900000,r,514
9491900000,r,514
9491900000,r,514
9491900000,r,514
9491900000,r,514
9491900000,r,514
9491900000,r,514
9491900000,r,514
9491900000,r,514
9491900000,r,514
9491900000,r,514
9491900000,r,514
9491900000,r,514
9491900000,r,514
9491900000,r,514
9491900000,r,514
9491900000,r,514
9491900000,r,514
9491900000,r,514
9491900000,r,514
9491900000,r,514
9491900000,r,514
9491900000,r,514
9491900000,r,514
9491900000,r,514
9491900000,r,514
9491900000,r,514
9491900000,r,514
9491900000,r,514
9491900000,r,514
9491900000,r,514
9491900000,r,514
9492300000,s,514
9528600000,r,514
9528600000,r,514
9528600000,r,514
9528600000,r,514
9528600000,r,514
9528600000,r,514
9528600000,r,514
9528600000,r,514
9528600000,r,514
9528600000,r,514
9528600000,r,514
9528600000,r,514
9528600000,r,514
9528600000,r,514
9528600000,r,514
9528600000,r,514
9528600000,r,514
9528600000,r,514
9528600000,r,514
9528600000,r,514
9528600000,r,514
9529200000,s,514
9529700000,r,514
9529700000,r,514
9529700000,r,514
9529700000,r,514
9529700000,r,514
9529700000,r,514
9529700000,r,514
9529700000,r,514
9529700000,r,514
9529700000,r,514
9529700000,r,514
9529700000,r,514
9529700000,r,514
9529700000,r,514
9529700000,r,514
9529700000,r,514
9529700000,r,514
9529700000,r,514
9529700000,r,514
9529700000,r,514
9529700000,r,514
9529700000,r,514
9529700000,r,514
9529700000,r,514
9529700000,r,514
9529700000,r,514
9529700000,r,514
9532700000,r,514
9532700000,r,514
9532700000,r,514
9532700000,r,514
9532700000,r,514
9532700000,r,514
9532700000,r,514
9532700000,r,514
9532700000,r,514
9532700000,r,514
9532700000,r,514
9532700000,r,514
9532700000,r,514
9532700000,r,514
9532700000,r,514
9532700000,r,514
9532700000,r,514
9532700000,r,514
9532700000,r,514
9532700000,r,514
9532700000,r,514
9532700000,r,514
9532700000,r,514
9532700000,r,514
9532800000,r,514
9532800000,r,514
9532800000,r,514
9532800000,r,514
9532800000,r,514
9532800000,r,514
9532800000,r,514
9532800000,r,514
9532800000,r,514
9532800000,r,514
9532800000,r,514
9532800000,r,514
9532800000,r,514
9532800000,r,514
9532800000,r,514
9532800000,r,514
9534300000,s,514
9534300000,s,514
9534300000,s,514
9538100000,r,514
9538100000,r,514
9538100000,r,514
9560900000,r,514
9560900000,r,514
9560900000,r,514
9560900000,r,514
9560900000,r,514
9560900000,r,514
9560900000,r,514
9560900000,r,514
9560900000,r,514
9560900000,r,514
9560900000,r,514
9560900000,r,514
9560900000,r,514
9560900000,r,514
9560900000,r,514
9560900000,r,514
9604800000,r,514
9604800000,r,514
9604800000,r,514
9604800000,r,514
9604800000,r,514
9604800000,r,514
9604800000,r,514
9604800000,r,514
9604800000,r,514
9604800000,r,514
9604800000,r,514
9604800000,r,514
9604800000,r,514
9604800000,r,514
9604800000,r,514
9604800000,r,514
9604800000,r,514
9604800000,r,514
9604800000,r,514
9604800000,r,514
9604800000,r,514
9604800000,r,514
9604800000,r,514
9604800000,r,514
9604800000,r,514
9604800000,r,514
9604800000,r,514
9604800000,r,514
9604800000,r,514
9604800000,r,514
9604800000,r,514
9604800000,r,514
9623300000,r,514
9623300000,r,514
9623300000,r,514
9623300000,r,514
9623300000,r,514
9623300000,r,514
9623300000,r,514
9623300000,r,514
9623300000,r,514
9623300000,r,514
9623300000,r,514
9623300000,r,514
9623300000,r,514
9623300000,r,514
9623300000,r,514
9623300000,r,514
9623300000,r,514
9623300000,r,514
9623300000,r,514
9623300000,r,514
9623300000,r,514
9623700000,s,514
9625500000,r,514
9625500000,r,514
9625500000,r,514
9625500000,r,514
9625500000,r,514
9625500000,r,514
9625500000,r,514
9625500000,r,514
9625500000,r,514
9625500000,r,514
9625500000,r,514
9625700000,r,514
9625700000,r,514
9625700000,r,514
9625700000,r,514
9625700000,r,514
9625700000,r,514
9625700000,r,514
9625700000,r,514
9625700000,r,514
9625700000,r,514
9625700000,r,514
9625800000,r,514
9625800000,r,514
9625800000,r,514
9625800000,r,514
9625800000,r,514
9625800000,r,514
9625800000,r,514
9625800000,r,514
9625800000,r,514
9625800000,r,514
9625800000,r,514
9625800000,s,514
9654800000,r,514
9654800000,r,514
9654800000,r,514
9654800000,r,514
9654800000,r,514
9654800000,r,514
9654800000,r,514
9654800000,r,514
9654800000,r,514
9654800000,r,514
9654800000,r,514
9654800000,r,514
9654800000,r,514
9654800000,r,514
9654800000,r,514
9654800000,r,514
9654800000,r,514
9654800000,r,514
9654800000,r,514
9654800000,r,514
9654800000,r,514
9654900000,r,514
9654900000,r,514
9654900000,r,514
9654900000,r,514
9654900000,r,514
9654900000,r,514
9654900000,r,514
9654900000,r,514
9654900000,r,514
9654900000,r,514
9654900000,r,514
9654900000,r,514
9654900000,r,514
9654900000,r,514
9654900000,r,514
9654900000,r,514
9655600000,s,514
9659500000,r,514
9659500000,r,514
9659500000,r,514
9659500000,r,514
9659500000,r,514
9659500000,r,514
9659500000,r,514
9659500000,r,514
9659500000,r,514
9659500000,r,514
9659500000,r,514
9659500000,r,514
9659500000,r,514
9659500000,r,514
9659500000,r,514
9659500000,r,514
9659500000,r,514
9659500000,r,514
9659500000,r,514
9659500000,r,514
9659500000,r,514
9659500000,r,514
9659500000,r,514
9659500000,r,514
9659500000,r,514
9659500000,r,514
9659500000,r,514
9659500000,r,514
9659500000,r,514
9659500000,r,514
9659500000,r,514
9659500000,r,514
9659500000,r,514
9659500000,r,514
9659500000,r,514
9659500000,r,514
9659500000,r,514
9659500000,r,514
9659500000,r,514
9659500000,r,514
9659500000,r,514
9659500000,r,514
9659500000,r,514
9659600000,r,514
9659600000,r,514
9659600000,r,514
9659600000,r,514
9659600000,r,514
9659600000,r,514
9659600000,r,514
9659600000,r,514
9659600000,r,514
9659600000,r,514
9659600000,r,514
9659600000,r,514
9659600000,r,514
9659600000,r,514
9659600000,r,514
9659600000,r,514
9659600000,r,514
9659600000,r,514
9659600000,r,514
9659600000,r,514
9659600000,r,514
9659900000,s,514
9662700000,r,514
9662700000,r,514
9662700000,r,514
9662700000,r,514
9662700000,r,514
9662700000,r,514
9662700000,r,514
9662700000,r,514
9662700000,r,514
9662700000,r,514
9662700000,r,514
9662800000,s,514
9680800000,r,514
9680800000,r,514
9680800000,r,514
9680800000,r,514
9680800000,r,514
9680800000,r,514
9680800000,r,514
9680800000,r,514
9680800000,r,514
9680800000,r,514
9680800000,r,514
9680800000,r,514
9680800000,r,514
9680800000,r,514
9680800000,r,514
9680800000,r,514
9680800000,r,514
9680800000,r,514
9680800000,r,514
9681300000,s,514
9691000000,r,514
9691000000,r,514
9691000000,r,514
9691000000,r,514
9691000000,r,514
9691000000,r,514
9691000000,r,514
9691000000,r,514
9691000000,r,514
9691000000,r,514
9691000000,r,514
9691000000,r,514
9691000000,r,514
9691000000,r,514
9691000000,r,514
9691000000,r,514
9691000000,r,514
9691000000,r,514
9691000000,r,514
9691000000,r,514
9691000000,r,514
9691000000,r,514
9691300000,r,514
9691300000,r,514
9691300000,r,514
9691300000,r,514
9691300000,r,514
9691300000,r,514
9691300000,r,514
9691300000,r,514
9691300000,r,514
9691300000,r,514
9691300000,r,514
9691300000,r,514
9691300000,r,514
9691300000,r,514
9691300000,r,514
9691300000,r,514
9691700000,s,514
9728600000,r,514
9728600000,r,514
9728600000,r,514
9728600000,r,514
9728600000,r,514
9728600000,r,514
9728600000,r,514
9728600000,r,514
9728600000,r,514
9728600000,r,514
9728600000,r,514
9728600000,r,514
9728600000,r,514
9728600000,r,514
9728600000,r,514
9728600000,r,514
9728600000,r,514
9728600000,r,514
9728600000,r,514
9728600000,r,514
9728600000,r,514
9728600000,r,514
9728600000,r,514
9728600000,r,514
9728600000,r,514
9728600000,r,514
9728600000,r,514
9728600000,r,514
9728600000,r,514
9728600000,r,514
9728600000,r,514
9728600000,r,514
9728600000,r,514
9728600000,r,514
9728600000,r,514
9728600000,r,514
9728600000,r,514
9728600000,r,514
9728600000,r,514
9728600000,r,514
9728600000,r,514
9728600000,r,514
9728600000,r,514
9728600000,r,514
9728600000,r,514
9728600000,r,514
9728600000,r,514
9728600000,r,514
9728600000,r,514
9728600000,r,514
9728600000,r,514
9728600000,r,514
9728600000,r,514
9728600000,r,514
9728600000,r,514
9728600000,r,514
9728600000,r,514
9728600000,r,514
9728600000,r,514
9728600000,r,514
9728600000,r,514
9728700000,r,514
9728700000,r,514
9728700000,r,514
9728700000,r,514
9728700000,r,514
9728700000,r,514
9728700000,r,514
9728700000,r,514
9728700000,r,514
9728700000,r,514
9728700000,r,514
9728700000,r,514
9728700000,r,514
9728700000,r,514
9728800000,s,514
9729700000,s,514
9733000000,r,514
9733000000,r,514
9733000000,r,514
9733000000,r,514
9774000000,r,514
9774000000,r,514
9774000000,r,514
9774000000,r,514
9774000000,r,514
9774000000,r,514
9774000000,r,514
9774000000,r,514
9774000000,r,514
9774000000,r,514
9774000000,r,514
9774600000,s,514
9787900000,r,514
9787900000,r,514
9787900000,r,514
9787900000,r,514
9787900000,r,514
9787900000,r,514
9787900000,r,514
9788300000,s,514
9828500000,r,514
9828500000,r,514
9828500000,r,514
9828500000,r,514
9828500000,r,514
9828500000,r,514
9828500000,r,514
9854600000,r,514
9854600000,r,514
9854600000,r,514
9854600000,r,514
9854600000,r,514
9854600000,r,514
9854600000,r,514
9854600000,r,514
9859800000,r,514
9859800000,r,514
9859800000,r,514
9860000000,r,514
9860000000,r,514
9860000000,r,514
9860000000,r,514
9860000000,r,514
9861900000,r,514
9861900000,r,514
9861900000,r,514
9861900000,r,514
9861900000,r,514
9861900000,r,514
9861900000,r,514
9861900000,r,514
9861900000,r,514
9861900000,r,514
9861900000,r,514
9861900000,r,514
9861900000,r,514
9861900000,r,514
9863200000,r,514
9863200000,r,514
9863200000,r,514
9863200000,r,514
9863200000,r,514
9863200000,r,514
9863200000,r,514
9863200000,r,514
9891700000,r,514
9927700000,r,514
9927700000,r,514
9927700000,r,514
9928300000,s,514
9930000000,r,514
9930000000,r,514
9930000000,r,514
9930000000,r,514
9930000000,r,514
9930000000,r,514
9930000000,r,514
9970400000,r,514
9970400000,r,514
9970400000,r,514
9970400000,r,514
9970400000,r,514
9970400000,r,514
9970400000,r,514
9970400000,r,514
9970400000,r,514
9970400000,r,514
9970400000,r,514
9970400000,r,514
9970400000,r,514
9970400000,r,514
9970400000,r,514
9970400000,r,514
9970400000,r,514
9970400000,r,514
9970400000,r,514
9970400000,r,514
9970400000,r,514
9970400000,r,514
9970400000,r,514
9970400000,r,514
9970400000,r,514
9970400000,r,514
9970400000,r,514
9970400000,r,514
9970400000,r,514
9970400000,r,514
9970400000,r,514
9970400000,r,514
9970400000,r,514
9970400000,r,514
9970400000,r,514
9970400000,r,514
9970400000,r,514
9970400000,r,514
9970400000,r,514
9970400000,r,514
9970400000,r,514
9970400000,r,514
9970400000,r,514
9970400000,r,514
9970400000,r,514
9970400000,r,514
9970400000,r,514
9970400000,r,514
9970400000,r,514
9970400000,r,514
9970400000,r,514
9970400000,r,514
9970400000,r,514
9971700000,s,514
9973300000,r,514
9973300000,r,514
9973300000,r,514
9973300000,r,514
9973300000,r,514
9973300000,r,514
9973300000,r,514
9973300000,r,514
9973300000,r,514
9973300000,r,514
9973300000,r,514
9973300000,r,514
9973300000,r,514
9973300000,r,514
9973300000,r,514
9973700000,s,514
9997500000,r,514
9997500000,r,514
9997500000,r,514
9997500000,r,514
9997500000,r,514
9997500000,r,514
9997500000,r,514
9997500000,r,514
9999300000,r,514
10003600000,r,514
10003600000,r,514
10003600000,r,514
10003600000,r,514
10003600000,r,514
10003600000,r,514
10003600000,r,514
10005800000,r,514
10005800000,r,514
10005800000,r,514
10005800000,r,514
10005800000,r,514
10005800000,r,514
10005800000,r,514
10006200000,s,514
10046500000,r,514
10046500000,r,514
10046500000,r,514
10046500000,r,514
10046500000,r,514
10046500000,r,514
10046500000,r,514
10046500000,r,514
10046500000,r,514
10046500000,r,514
10046500000,r,514
10046500000,r,514
10046500000,r,514
10046500000,r,514
10046500000,r,514
10046500000,r,514
10046500000,r,514
10046500000,r,514
10046500000,r,514
10046500000,r,514
10046500000,r,514
10046500000,r,514
10046500000,r,514
10046500000,r,514
10046500000,r,514
10046500000,r,514
10046500000,r,514
10046500000,r,514
10046500000,r,514
10046500000,r,514
10046500000,r,514
10046500000,r,514
10046500000,r,514
10046500000,r,514
10046500000,r,514
10046500000,r,514
10046500000,r,514
10046500000,r,514
10046500000,r,514
10046500000,r,514
10046500000,r,514
10046500000,r,514
10046500000,r,514
10046500000,r,514
10046500000,r,514
10046500000,r,514
10046500000,r,514
10046500000,r,514
10048100000,s,514
10048100000,s,514
10090600000,r,514
10090600000,r,514
10090600000,r,514
10090600000,r,514
10090600000,r,514
10090600000,r,514
10090600000,r,514
10090600000,r,514
10090600000,r,514
10090600000,r,514
10090600000,r,514
10090600000,r,514
10090600000,r,514
10090600000,r,514
10090600000,r,514
10090600000,r,514
10090600000,r,514
10090600000,r,514
10090600000,r,514
10090600000,r,514
10090600000,r,514
10090600000,r,514
10090600000,r,514
10090600000,r,514
10090600000,r,514
10090600000,r,514
10090600000,r,514
10090600000,r,514
10090600000,r,514
10090600000,r,514
10090600000,r,514
10090600000,r,514
10090600000,r,514
10090600000,r,514
10090600000,r,514
10090600000,r,514
10090600000,r,514
10090600000,r,514
10090600000,r,514
10090600000,r,514
10090600000,r,514
10090600000,r,514
10090600000,r,514
10090600000,r,514
10090600000,r,514
10090600000,r,514
10090600000,r,514
10090600000,r,514
10090600000,r,514
10090600000,r,514
10090600000,r,514
10090600000,r,514
10091800000,s,514
10127300000,r,514
10127300000,r,514
10127300000,r,514
10127300000,r,514
10127300000,r,514
10127300000,r,514
10127300000,r,514
10127300000,r,514
10127300000,r,514
10127300000,r,514
10127300000,r,514
10127300000,r,514
10127300000,r,514
10127300000,r,514
10127300000,r,514
10127300000,r,514
10127300000,r,514
10127300000,r,514
10127300000,r,514
10127300000,r,514
10127300000,r,514
10127300000,r,514
10127300000,r,514
10127300000,r,514
10127300000,r,514
10127300000,r,514
10127300000,r,514
10127300000,r,514
10127300000,r,514
10127300000,r,514
10127300000,r,514
10127300000,r,514
10127300000,r,514
10127300000,r,514
10127300000,r,514
10127300000,r,514
10127300000,r,514
10127300000,r,514
10127300000,r,514
10127300000,r,514
10127300000,r,514
10127300000,r,514
10127300000,r,514
10127300000,r,514
10127300000,r,514
10127300000,r,514
10127300000,r,514
10127300000,r,514
10127300000,r,514
10127300000,r,514
10127300000,r,514
10127300000,r,514
10127300000,r,514
10127300000,r,514
10127300000,r,514
10127300000,r,514
10127300000,r,514
10127300000,r,514
10127300000,r,514
10127300000,r,514
10127300000,r,514
10127500000,r,514
10127500000,r,514
10127500000,r,514
10127500000,r,514
10127500000,r,514
10127500000,r,514
10129100000,s,514
10169600000,s,514
10170800000,r,514
10170800000,r,514
10170800000,r,514
10170800000,r,514
10170800000,r,514
10170800000,r,514
10170800000,r,514
10170800000,r,514
10170800000,r,514
10170800000,r,514
10170800000,r,514
10170800000,r,514
10170800000,r,514
10170800000,r,514
10170800000,r,514
10170800000,r,514
10170800000,r,514
10170800000,r,514
10170800000,r,514
10170800000,r,514
10170800000,r,514
10170800000,r,514
10170800000,r,514
10170800000,r,514
10170800000,r,514
10170800000,r,514
10170800000,r,514
10170800000,r,514
10170800000,r,514
10170800000,r,514
10170800000,r,514
10170800000,r,514
10170800000,r,514
10170800000,r,514
10170800000,r,514
10170800000,r,514
10170800000,r,514
10170800000,r,514
10170800000,r,514
10170800000,r,514
10170800000,r,514
10170800000,r,514
10170800000,r,514
10170800000,r,514
10170800000,r,514
10170800000,r,514
10170800000,r,514
10170800000,r,514
10170800000,r,514
10170800000,r,514
10170800000,r,514
10170800000,r,514
10170800000,r,514
10170800000,r,514
10170800000,r,514
10170800000,r,514
10170800000,r,514
10170800000,r,514
10170800000,r,514
10170800000,r,514
10170800000,r,514
10170900000,r,514
10170900000,r,514
10170900000,r,514
10170900000,r,514
10170900000,r,514
10170900000,r,514
10170900000,r,514
10170900000,r,514
10170900000,r,514
10170900000,r,514
10170900000,r,514
10172600000,s,514
10172600000,s,514
10175600000,r,514
10175600000,r,514
10175600000,r,514
10175600000,r,514
10175600000,r,514
10175600000,r,514
10175600000,r,514
10176100000,s,514
10205200000,r,514
10205200000,r,514
10205200000,r,514
10205200000,r,514
10205200000,r,514
10205200000,r,514
10205200000,r,514
10205200000,r,514
10205200000,r,514
10205200000,r,514
10205200000,r,514
10205200000,r,514
10205200000,r,514
10205200000,r,514
10205200000,r,514
10205200000,r,514
10205200000,r,514
10205200000,r,514
10205200000,r,514
10205200000,r,514
10205200000,r,514
10205200000,r,514
10205200000,r,514
10205200000,r,514
10205200000,r,514
10205200000,r,514
10205200000,r,514
10205200000,r,514
10205200000,r,514
10205200000,r,514
10205200000,r,514
10205200000,r,514
10205200000,r,514
10205200000,r,514
10205200000,r,514
10205200000,r,514
10205200000,r,514
10205200000,r,514
10205200000,r,514
10205200000,r,514
10205200000,r,514
10205200000,r,514
10205200000,r,514
10205200000,r,514
10205200000,r,514
10205200000,r,514
10205200000,r,514
10205200000,r,514
10205200000,r,514
10205200000,r,514
10205200000,r,514
10205200000,r,514
10205200000,r,514
10205200000,r,514
10205200000,r,514
10205200000,r,514
10205200000,r,514
10205200000,r,514
10205200000,r,514
10205200000,r,514
10205200000,r,514
10205300000,r,514
10205300000,r,514
10205300000,r,514
10205300000,r,514
10205300000,r,514
10205300000,r,514
10205300000,r,514
10206800000,s,514
10246300000,r,514
10246300000,r,514
10246300000,r,514
10246300000,r,514
10246300000,r,514
10246300000,r,514
10246300000,r,514
10246300000,r,514
10246300000,r,514
10246300000,r,514
10246300000,r,514
10246300000,r,514
10246300000,r,514
10246300000,r,514
10246300000,r,514
10248000000,s,514
10267700000,r,514
10267700000,r,514
10267700000,r,514
10267700000,r,514
10267700000,r,514
10267700000,r,514
10267700000,r,514
10268500000,r,514
10269100000,s,514
10271200000,r,514
10271200000,r,514
10271200000,r,514
10271200000,r,514
10271200000,r,514
10271300000,r,514
10279800000,r,514
10279800000,r,514
10279800000,r,514
10279800000,r,514
10279800000,r,514
10279800000,r,514
10279800000,r,514
10290500000,r,514
10290500000,r,514
10290500000,r,514
10290500000,r,514
10290500000,r,514
10290500000,r,514
10290500000,r,514
10290500000,r,514
10290500000,r,514
10290500000,r,514
10290500000,r,514
10290500000,r,514
10290500000,r,514
10290500000,r,514
10290500000,r,514
10290500000,r,514
10290500000,r,514
10290500000,r,514
10290500000,r,514
10290500000,r,514
10290500000,r,514
10328100000,r,514
10328100000,r,514
10328100000,r,514
10328100000,r,514
10328100000,r,514
10328100000,r,514
10328100000,r,514
10328100000,r,514
10328100000,r,514
10332100000,r,514
10332100000,r,514
10340900000,r,514
10340900000,r,514
10340900000,r,514
10340900000,r,514
10340900000,r,514
10341100000,s,514
10342000000,r,514
10342000000,r,514
10342000000,r,514
10342000000,r,514
10342000000,r,514
10342000000,r,514
10342000000,r,514
10343100000,r,514
10343100000,r,514
10343100000,r,514
10343100000,r,514
10343100000,r,514
10343100000,r,514
10343100000,r,514
10368700000,r,514
10368700000,r,514
10368700000,r,514
10368700000,r,514
10368700000,r,514
10368700000,r,514
10368700000,r,514
10368700000,r,514
10371300000,r,514
10371300000,r,514
10371300000,r,514
10371300000,r,514
10371300000,r,514
10371300000,r,514
10371300000,r,514
10371300000,r,514
10371300000,r,514
10371300000,r,514
10371300000,r,514
10371300000,r,514
10371300000,r,514
10371300000,r,514
10371300000,r,514
10371300000,r,514
10371700000,s,514
10384900000,r,514
10384900000,r,514
10384900000,r,514
10385100000,r,514
10385100000,r,514
10385100000,r,514
10385100000,r,514
10385100000,r,514
10406400000,r,514
10406400000,r,514
10406400000,r,514
10406400000,r,514
10406400000,r,514
10406400000,r,514
10406400000,r,514
10406400000,r,514
10406400000,r,514
10406400000,r,514
10406400000,r,514
10406400000,r,514
10406400000,r,514
10406400000,r,514
10406400000,r,514
10406400000,r,514
10406400000,r,514
10406400000,r,514
10406400000,r,514
10406400000,r,514
10406400000,r,514
10407100000,s,514
10446300000,r,514
10446300000,r,514
10446300000,r,514
10446300000,r,514
10446300000,r,514
10446300000,r,514
10446300000,r,514
10446300000,r,514
10446300000,r,514
10446300000,r,514
10446300000,r,514
10446300000,r,514
10446300000,r,514
10446300000,r,514
10446300000,r,514
10446300000,r,514
10446300000,r,514
10446300000,r,514
10446300000,r,514
10446300000,r,514
10446300000,r,514
10446300000,r,514
10446300000,r,514
10446300000,r,514
10446300000,r,514
10446300000,r,514
10446300000,r,514
10446300000,r,514
10446300000,r,514
10446300000,r,514
10446300000,r,514
10446300000,r,514
10446300000,r,514
10446300000,r,514
10446300000,r,514
10446300000,r,514
10446300000,r,514
10446300000,r,514
10446300000,r,514
10446300000,r,514
10446300000,r,514
10446300000,r,514
10446300000,r,514
10446300000,r,514
10446300000,r,514
10446300000,r,514
10446300000,r,514
10446300000,r,514
10446900000,s,514
10465300000,r,514
10465300000,r,514
10465300000,r,514
10465300000,r,514
10465300000,r,514
10465300000,r,514
10465300000,r,514
10465300000,r,514
10465300000,r,514
10465300000,r,514
10465300000,r,514
10465300000,r,514
10465300000,r,514
10465300000,r,514
10465300000,r,514
10465300000,r,514
10465300000,r,514
10465300000,r,514
10465300000,r,514
10465300000,r,514
10465300000,r,514
10465300000,r,514
10465300000,r,514
10465800000,s,514
10491700000,r,514
10491700000,r,514
10491700000,r,514
10491700000,r,514
10491700000,r,514
10491700000,r,514
10491700000,r,514
10491700000,r,514
10534300000,r,514
10534300000,r,514
10534300000,r,514
10534300000,r,514
10534300000,r,514
10534300000,r,514
10534300000,r,514
10534300000,r,514
10534300000,r,514
10534300000,r,514
10534300000,r,514
10534300000,r,514
10534300000,r,514
10534300000,r,514
10534300000,r,514
10534300000,r,514
10534300000,r,514
10534300000,r,514
10534300000,r,514
10534300000,r,514
10534300000,r,514
10534300000,r,514
10534300000,r,514
10534300000,r,514
10534300000,r,514
10534300000,r,514
10534300000,r,514
10534300000,r,514
10534300000,r,514
10534300000,r,514
10534300000,r,514
10534300000,r,514
10534300000,r,514
10534300000,r,514
10534300000,r,514
10534300000,r,514
10534300000,r,514
10534300000,r,514
10534300000,r,514
10534800000,s,514
10539900000,r,514
10539900000,r,514
10539900000,r,514
10539900000,r,514
10539900000,r,514
10539900000,r,514
10539900000,r,514
10539900000,r,514
10539900000,r,514
10539900000,r,514
10539900000,r,514
10539900000,r,514
10539900000,r,514
10539900000,r,514
10539900000,r,514
10540300000,s,514
10571500000,r,514
10571500000,r,514
10571500000,r,514
10571500000,r,514
10571500000,r,514
10571500000,r,514
10571500000,r,514
10571500000,r,514
10571500000,r,514
10571500000,r,514
10571500000,r,514
10571500000,r,514
10571500000,r,514
10571500000,r,514
10571500000,r,514
10571500000,r,514
10571500000,r,514
10571500000,r,514
10571500000,r,514
10571500000,r,514
10571500000,r,514
10571500000,r,514
10571500000,r,514
10571500000,r,514
10571500000,r,514
10571500000,r,514
10571500000,r,514
10571500000,r,514
10571500000,r,514
10571500000,r,514
10571500000,r,514
10571500000,r,514
10571500000,r,514
10571500000,r,514
10571500000,r,514
10571500000,r,514
10571500000,r,514
10571500000,r,514
10571500000,r,514
10571500000,r,514
10571500000,r,514
10571500000,r,514
10571500000,r,514
10571500000,r,514
10571500000,r,514
10571500000,r,514
10571500000,r,514
10571500000,r,514
10571500000,r,514
10571500000,r,514
10571500000,r,514
10571500000,r,514
10571500000,r,514
10571500000,r,514
10571500000,r,514
10571500000,r,514
10571500000,r,514
10571500000,r,514
10571500000,r,514
10571500000,r,514
10571500000,r,514
10571600000,r,514
10571600000,r,514
10571600000,r,514
10571600000,r,514
10571600000,r,514
10571600000,r,514
10571600000,r,514
10571600000,r,514
10571600000,r,514
10571600000,r,514
10571600000,r,514
10571600000,r,514
10571600000,r,514
10571600000,r,514
10571600000,r,514
10571600000,r,514
10571600000,r,514
10571600000,r,514
10571600000,r,514
10571600000,r,514
10571600000,r,514
10571600000,r,514
10571600000,r,514
10571600000,r,514
10571600000,r,514
10571600000,r,514
10571600000,r,514
10571600000,r,514
10571600000,r,514
10571600000,r,514
10572100000,s,514
10605900000,r,514
10605900000,r,514
10605900000,r,514
10605900000,r,514
10605900000,r,514
10605900000,r,514
10605900000,r,514
10605900000,r,514
10605900000,r,514
10605900000,r,514
10605900000,r,514
10605900000,r,514
10605900000,r,514
10605900000,r,514
10605900000,r,514
10605900000,r,514
10605900000,r,514
10605900000,r,514
10605900000,r,514
10605900000,r,514
10605900000,r,514
10605900000,r,514
10605900000,r,514
10605900000,r,514
10605900000,r,514
10605900000,r,514
10605900000,r,514
10605900000,r,514
10605900000,r,514
10605900000,r,514
10605900000,r,514
10605900000,r,514
10605900000,r,514
10605900000,r,514
10605900000,r,514
10605900000,r,514
10605900000,r,514
10605900000,r,514
10605900000,r,514
10605900000,r,514
10605900000,r,514
10605900000,r,514
10605900000,r,514
10605900000,r,514
10605900000,r,514
10606100000,s,514
10645800000,r,514
10645800000,r,514
10645800000,r,514
10645800000,r,514
10645800000,r,514
10645800000,r,514
10645900000,s,514
10645900000,s,514
10678400000,r,514
10678400000,r,514
10678400000,r,514
10678400000,r,514
10678400000,r,514
10678400000,r,514
10678400000,r,514
10678500000,s,514
10723200000,r,514
10723200000,r,514
10723200000,r,514
10723200000,r,514
10723200000,r,514
10723200000,r,514
10723200000,r,514
10723200000,r,514
10723200000,r,514
10723200000,r,514
10723200000,r,514
10723200000,r,514
10723200000,r,514
10723200000,r,514
10723200000,r,514
10723200000,r,514
10723200000,r,514
10723200000,r,514
10723200000,r,514
10723200000,r,514
10723200000,r,514
10723200000,r,514
10723200000,r,514
10723200000,r,514
10723200000,r,514
10723200000,r,514
10723200000,r,514
10723200000,r,514
10723200000,r,514
10723200000,r,514
10723200000,r,514
10723200000,r,514
10723200000,r,514
10723200000,r,514
10723200000,r,514
10723200000,r,514
10723200000,r,514
10723200000,r,514
10723200000,r,514
10723200000,r,514
10723200000,r,514
10723200000,r,514
10723200000,r,514
10723200000,r,514
10723200000,r,514
10723200000,r,514
10723200000,r,514
10723200000,r,514
10723200000,r,514
10723200000,r,514
10723200000,r,514
10723200000,r,514
10723200000,r,514
10723200000,r,514
10723200000,r,514
10723200000,r,514
10723200000,r,514
10723200000,r,514
10723200000,r,514
10723200000,r,514
10723200000,r,514
10723300000,r,514
10723300000,r,514
10723300000,r,514
10723300000,r,514
10723300000,r,514
10723300000,r,514
10723300000,r,514
10723300000,r,514
10723300000,r,514
10723300000,r,514
10723300000,r,514
10723300000,r,514
10723300000,r,514
10723300000,r,514
10723300000,r,514
10723300000,r,514
10723300000,r,514
10723300000,r,514
10723300000,r,514
10723300000,r,514
10723300000,r,514
10723300000,r,514
10723300000,r,514
10723300000,r,514
10723300000,r,514
10724200000,s,514
10724300000,r,514
10724300000,r,514
10724300000,r,514
10724300000,r,514
10725700000,s,514
10725700000,s,514
10736100000,r,514
10736100000,r,514
10736100000,r,514
10736100000,r,514
10736100000,r,514
10736100000,r,514
10736100000,r,514
10739400000,r,514
10739400000,r,514
10739400000,r,514
10739400000,r,514
10739400000,r,514
10739400000,r,514
10739400000,r,514
10739400000,r,514
10740700000,r,514
10740700000,r,514
10740700000,r,514
10740700000,r,514
10740700000,r,514
10740700000,r,514
10740700000,r,514
10740700000,r,514
10740700000,r,514
10740700000,r,514
10740700000,r,514
10740700000,r,514
10740700000,r,514
10740700000,r,514
10740700000,r,514
10741600000,r,514
10741600000,r,514
10741600000,r,514
10741600000,r,514
10741600000,r,514
10741600000,r,514
10741600000,r,514
10744200000,r,514
10744200000,r,514
10744200000,r,514
10744200000,r,514
10744200000,r,514
10744200000,r,514
10832300000,r,514
10832300000,r,514
10832300000,r,514
10832300000,r,514
10832300000,r,514
10832300000,r,514
10832600000,s,514
10844900000,r,514
10844900000,r,514
10844900000,r,514
10844900000,r,514
10844900000,r,514
10844900000,r,514
10844900000,r,514
10844900000,r,514
10844900000,r,514
10844900000,r,514
10844900000,r,514
10844900000,r,514
10844900000,r,514
10844900000,r,514
10844900000,r,514
10844900000,r,514
10844900000,r,514
10844900000,r,514
10844900000,r,514
10844900000,r,514
10844900000,r,514
10844900000,r,514
10844900000,r,514
10844900000,r,514
10844900000,r,514
10844900000,r,514
10844900000,r,514
10844900000,r,514
10844900000,r,514
10844900000,r,514
10844900000,r,514
10844900000,r,514
10844900000,r,514
10844900000,r,514
10844900000,r,514
10844900000,r,514
10844900000,r,514
10844900000,r,514
10844900000,r,514
10844900000,r,514
10844900000,r,514
10845400000,s,514
10877600000,r,514
10877600000,r,514
10877600000,r,514
10877600000,r,514
10877600000,r,514
10877600000,r,514
10877600000,r,514
10877600000,r,514
10877600000,r,514
10877600000,r,514
10877600000,r,514
10877600000,r,514
10877600000,r,514
10877600000,r,514
10877600000,r,514
10878000000,s,514
10918200000,r,514
10918200000,r,514
10918200000,r,514
10918200000,r,514
10918200000,r,514
10918200000,r,514
10918200000,r,514
10918200000,r,514
10918200000,r,514
10918200000,r,514
10918200000,r,514
10918200000,r,514
10918200000,r,514
10918200000,r,514
10918200000,r,514
10918200000,r,514
10918200000,r,514
10918200000,r,514
10918200000,r,514
10918200000,r,514
10918200000,r,514
10918200000,r,514
10918200000,r,514
10918200000,r,514
10918200000,r,514
10918200000,r,514
10918200000,r,514
10918200000,r,514
10918200000,r,514
10918200000,r,514
10918200000,r,514
10918200000,r,514
10918200000,r,514
10918200000,r,514
10918200000,r,514
10918200000,r,514
10918200000,r,514
10922400000,r,514
10922400000,r,514
10922400000,r,514
10922800000,s,514
10929200000,r,514
10929200000,r,514
10929200000,r,514
10929200000,r,514
10929200000,r,514
10929200000,r,514
10929200000,r,514
10950100000,r,514
10950100000,r,514
10950100000,r,514
10950100000,r,514
10950100000,r,514
10950100000,r,514
10950100000,r,514
10950100000,r,514
10951700000,r,514
10951700000,r,514
10951700000,r,514
10951700000,r,514
10951700000,r,514
10951700000,r,514
10951700000,r,514
10954300000,r,514
10954300000,r,514
10954300000,r,514
10954300000,r,514
10954300000,r,514
10954300000,r,514
10954300000,r,514
10954300000,r,514
10954300000,r,514
10954300000,r,514
10954300000,r,514
10954300000,r,514
10954300000,r,514
10954300000,r,514
10954300000,r,514
10954700000,s,514
10994300000,r,514
10994300000,r,514
10994300000,r,514
10994300000,r,514
10994300000,r,514
10994300000,r,514
10994300000,r,514
10994300000,r,514
10994300000,r,514
10994300000,r,514
10994300000,r,514
10994300000,r,514
10994300000,r,514
10994300000,r,514
10994300000,r,514
10994300000,r,514
10994300000,r,514
10994300000,r,514
10994300000,r,514
10994300000,r,514
10994300000,r,514
10994300000,r,514
10994300000,r,514
10994300000,r,514
10994300000,r,514
10994300000,r,514
10994300000,r,514
10994300000,r,514
10994300000,r,514
10994300000,r,514
10994300000,r,514
10995600000,s,514
11031800000,r,514
11031800000,r,514
11031800000,r,514
11031800000,r,514
11031800000,r,514
11031800000,r,514
11031800000,r,514
11031800000,r,514
11031800000,r,514
11031800000,r,514
11031800000,r,514
11031800000,r,514
11031800000,r,514
11031800000,r,514
11031800000,r,514
11031800000,r,514
11031800000,r,514
11031800000,r,514
11031800000,r,514
11031800000,r,514
11031800000,r,514
11031800000,r,514
11031800000,r,514
11031800000,r,514
11031800000,r,514
11031800000,r,514
11031800000,r,514
11031800000,r,514
11031800000,r,514
11031800000,r,514
11031800000,r,514
11031800000,r,514
11031800000,r,514
11031800000,r,514
11031800000,r,514
11031800000,r,514
11031800000,r,514
11031800000,r,514
11031800000,r,514
11031800000,r,514
11031800000,r,514
11031800000,r,514
11031800000,r,514
11031800000,r,514
11031800000,r,514
11032500000,s,514
11045500000,r,514
11045500000,r,514
11045500000,r,514
11045500000,r,514
11045500000,r,514
11045500000,r,514
11045500000,r,514
11045500000,r,514
11045500000,r,514
11045500000,r,514
11045500000,r,514
11045500000,r,514
11045500000,r,514
11045500000,r,514
11045500000,r,514
11045500000,r,514
11045500000,r,514
11045500000,r,514
11045500000,r,514
11045500000,r,514
11045500000,r,514
11045500000,r,514
11045500000,r,514
11045500000,r,514
11045500000,r,514
11045500000,r,514
11045500000,r,514
11045500000,r,514
11045500000,r,514
11045500000,r,514
11045500000,r,514
11045500000,r,514
11045500000,r,514
11045500000,r,514
11045500000,r,514
11045500000,r,514
11045500000,r,514
11045500000,r,514
11045500000,r,514
11045500000,r,514
11045500000,r,514
11045500000,r,514
11045500000,r,514
11045500000,r,514
11045500000,r,514
11047100000,s,514
11063200000,r,514
11063200000,r,514
11063200000,r,514
11063200000,r,514
11063200000,r,514
11063200000,r,514
11063200000,r,514
11063300000,s,514
11064700000,r,514
11064700000,r,514
11070700000,r,514
11070700000,r,514
11070700000,r,514
11070700000,r,514
11070700000,r,514
11070700000,r,514
11070700000,r,514
11070700000,r,514
11071400000,r,514
11071400000,r,514
11071400000,r,514
11071400000,r,514
11071400000,r,514
11071400000,r,514
11071400000,r,514
11071400000,r,514
11077000000,r,514
11077000000,r,514
11077000000,r,514
11077000000,r,514
11077000000,r,514
11077000000,r,514
11077000000,r,514
11077000000,r,514
11077000000,r,514
11077000000,r,514
11077000000,r,514
11077000000,r,514
11077000000,r,514
11077000000,r,514
11077000000,r,514
11077000000,r,514
11077000000,r,514
11077000000,r,514
11077000000,r,514
11077000000,r,514
11077000000,r,514
11077000000,r,514
11077000000,r,514
11077000000,r,514
11077000000,r,514
11077500000,s,514
11118100000,r,514
11118100000,r,514
11118100000,r,514
11118100000,r,514
11118100000,r,514
11118100000,r,514
11118100000,r,514
11118100000,r,514
11173800000,r,514
11173800000,r,514
11173800000,r,514
11173800000,r,514
11173800000,r,514
11173800000,r,514
11173800000,r,514
11175100000,r,514
11182400000,s,514
11225600000,s,514
11409100000,s,514
11463300000,s,514
11539100000,r,514
11539100000,r,514
11539100000,r,514
11539100000,r,514
11539100000,r,514
11539100000,r,514
11539100000,r,514
11539100000,r,514
11539100000,r,514
11539100000,r,514
11539100000,r,514
11539100000,r,514
11539100000,r,514
11539100000,r,514
11539500000,s,514
11572900000,r,514
11572900000,r,514
11572900000,r,514
11572900000,r,514
11572900000,r,514
11572900000,r,514
11572900000,r,514
11572900000,r,514
11573300000,s,514
11574300000,r,514
11574300000,r,514
11574300000,r,514
11574300000,r,514
11574300000,r,514
11574300000,r,514
11574300000,r,514
11579100000,r,514
11579100000,r,514
11579100000,r,514
11579100000,r,514
11579100000,r,514
11579100000,r,514
11579100000,r,514
11579100000,r,514
11579300000,r,514
11579300000,r,514
11579300000,r,514
11579300000,r,514
11579300000,r,514
11579300000,r,514
11579300000,r,514
11579300000,r,514
11579300000,r,514
11579300000,r,514
11579300000,r,514
11579300000,r,514
11579300000,r,514
11579300000,r,514
11579300000,r,514
11579300000,r,514
11602400000,r,514
11607100000,r,514
11607100000,r,514
11607100000,r,514
11607100000,r,514
11607100000,r,514
11607100000,r,514
11607100000,r,514
11642700000,r,514
11642700000,r,514
11642700000,r,514
11642700000,r,514
11642700000,r,514
11642700000,r,514
11642700000,r,514
11642700000,r,514
11643000000,s,514
11662200000,s,514
11662200000,s,514
11662200000,s,514
11662200000,s,514
11662200000,s,514
11733000000,s,514
11733000000,s,514
11733000000,s,514
11733000000,s,514
11733000000,s,514
11733000000,s,514
11733000000,s,514
11733000000,s,514
11734900000,r,514
11734900000,r,514
11734900000,r,514
11735000000,s,514
11735000000,s,514
11735000000,s,514
11735000000,s,514
11738900000,r,514
11746600000,r,514
11746600000,r,514
11746600000,r,514
11746600000,r,514
11746600000,r,514
11746600000,r,514
11746600000,r,514
11751700000,r,514
11767600000,s,514
11772600000,s,514
11850700000,r,514
11852500000,s,514
11852500000,s,514
11894700000,r,514
11894700000,r,514
11894700000,r,514
11894700000,r,514
11894700000,r,514
11894700000,r,514
11894700000,r,514
11894700000,r,514
11931900000,r,514
11931900000,r,514
11931900000,r,514
11931900000,r,514
11931900000,r,514
11931900000,r,514
11931900000,r,514
11931900000,r,514
11931900000,r,514
11931900000,r,514
11931900000,r,514
11931900000,r,514
11931900000,r,514
11931900000,r,514
11931900000,r,514
11932400000,s,514
11954300000,r,514
11954300000,r,514
11954300000,r,514
11954300000,r,514
11954300000,r,514
11954300000,r,514
11954300000,r,514
11966500000,r,514
11966500000,r,514
11966500000,r,514
11966500000,r,514
11966500000,r,514
11966500000,r,514
11966500000,r,514
11966500000,r,514
11967000000,s,514
12080700000,r,514
12122200000,r,514
12122200000,r,514
12122200000,r,514
12122200000,r,514
12122200000,r,514
12122200000,r,514
12122200000,r,514
12122200000,r,514
12122200000,r,514
12122200000,r,514
12122200000,r,514
12122200000,r,514
12122200000,r,514
12122200000,r,514
12122200000,r,514
12122200000,r,514
12122200000,r,514
12122200000,r,514
12122200000,r,514
12122200000,r,514
12122200000,r,514
12122200000,r,514
12122200000,r,514
12122200000,r,514
12122200000,r,514
12122200000,r,514
12122200000,r,514
12122200000,r,514
12122200000,r,514
12122200000,r,514
12122200000,r,514
12122200000,r,514
12122400000,r,514
12122400000,r,514
12122400000,r,514
12122400000,r,514
12122400000,r,514
12122400000,r,514
12122400000,r,514
12122400000,r,514
12122400000,r,514
12122400000,r,514
12122400000,r,514
12122400000,r,514
12122400000,r,514
12122400000,r,514
12122400000,r,514
12122400000,r,514
12122400000,r,514
12122400000,r,514
12122400000,r,514
12122400000,r,514
12122400000,r,514
12122400000,r,514
12122400000,r,514
12122400000,r,514
12122400000,r,514
12122400000,r,514
12122400000,r,514
12122400000,r,514
12122400000,r,514
12122400000,r,514
12122400000,r,514
12122400000,r,514
12122400000,r,514
12122400000,r,514
12122400000,r,514
12122400000,r,514
12122400000,r,514
12122400000,r,514
12122400000,r,514
12122400000,r,514
12122400000,r,514
12122400000,r,514
12122400000,r,514
12122400000,r,514
12122400000,r,514
12122400000,r,514
12122400000,r,514
12122400000,r,514
12122400000,r,514
12122400000,r,514
12122400000,r,514
12122400000,r,514
12122400000,r,514
12122400000,r,514
12122400000,r,514
12122400000,r,514
12122400000,r,514
12122400000,r,514
12122400000,r,514
12122400000,r,514
12122400000,r,514
12122400000,r,514
12122400000,r,514
12122400000,r,514
12122400000,r,514
12122400000,r,514
12122400000,r,514
12122400000,r,514
12123600000,s,514
12141500000,r,514
12141500000,r,514
12141500000,r,514
12141500000,r,514
12141500000,r,514
12141500000,r,514
12141500000,r,514
12141700000,s,514
12141700000,s,514
12142100000,r,514
12142100000,r,514
12142100000,r,514
12142100000,r,514
12142100000,r,514
12142100000,r,514
12142100000,r,514
12142100000,r,514
12142200000,r,514
12142200000,r,514
12142200000,r,514
12142200000,r,514
12142200000,r,514
12142200000,r,514
12142200000,r,514
12146900000,r,514
12146900000,r,514
12146900000,r,514
12146900000,r,514
12146900000,r,514
12146900000,r,514
12146900000,r,514
12146900000,r,514
12146900000,r,514
12146900000,r,514
12146900000,r,514
12146900000,r,514
12146900000,r,514
12146900000,r,514
12146900000,r,514
12165800000,r,514
12165800000,r,514
12165800000,r,514
12165800000,r,514
12165800000,r,514
12165800000,r,514
12165800000,r,514
12165800000,r,514
12165800000,r,514
12165800000,r,514
12165800000,r,514
12165800000,r,514
12165800000,r,514
12165800000,r,514
12165800000,r,514
12165800000,r,514
12165800000,r,514
12165800000,r,514
12165800000,r,514
12165800000,r,514
12165800000,r,514
12165800000,r,514
12165800000,r,514
12165800000,r,514
12165800000,r,514
12165800000,r,514
12166300000,s,514
12206500000,r,514
12206500000,r,514
12206500000,r,514
12206500000,r,514
12206500000,r,514
12206500000,r,514
12206500000,r,514
12206500000,r,514
12206500000,r,514
12206500000,r,514
12206500000,r,514
12206500000,r,514
12206500000,r,514
12206500000,r,514
12206500000,r,514
12206500000,r,514
12206500000,r,514
12206500000,r,514
12206500000,r,514
12206500000,r,514
12206500000,r,514
12206500000,r,514
12206500000,r,514
12206500000,r,514
12206500000,r,514
12206500000,r,514
12206500000,r,514
12206500000,r,514
12206500000,r,514
12206500000,r,514
12206500000,r,514
12206500000,r,514
12206500000,r,514
12206500000,r,514
12206500000,r,514
12206500000,r,514
12206500000,r,514
12206500000,r,514
12206500000,r,514
12206500000,r,514
12206500000,r,514
12206500000,r,514
12206500000,r,514
12206500000,r,514
12206500000,r,514
12206500000,r,514
12206500000,r,514
12206500000,r,514
12206500000,r,514
12206500000,r,514
12206500000,r,514
12206500000,r,514
12206500000,r,514
12206500000,r,514
12206500000,r,514
12206500000,r,514
12206500000,r,514
12206500000,r,514
12206500000,r,514
12206500000,r,514
12206500000,r,514
12206600000,r,514
12206600000,r,514
12206600000,r,514
12206600000,r,514
12206600000,r,514
12206600000,r,514
12206600000,r,514
12206600000,r,514
12206600000,r,514
12206600000,r,514
12206600000,r,514
12206600000,r,514
12206600000,r,514
12206600000,r,514
12206600000,r,514
12206600000,r,514
12206600000,r,514
12206600000,r,514
12206600000,r,514
12206600000,r,514
12206600000,r,514
12206600000,r,514
12206600000,r,514
12208100000,s,514
12253500000,r,514
12253500000,r,514
12253500000,r,514
12253500000,r,514
12253500000,r,514
12253500000,r,514
12253500000,r,514
12253500000,r,514
12253500000,r,514
12253500000,r,514
12253500000,r,514
12253500000,r,514
12253500000,r,514
12253500000,r,514
12253500000,r,514
12253500000,r,514
12253500000,r,514
12253500000,r,514
12253500000,r,514
12253500000,r,514
12253500000,r,514
12253500000,r,514
12253500000,r,514
12253500000,r,514
12253500000,r,514
12253500000,r,514
12253500000,r,514
12253500000,r,514
12253500000,r,514
12253500000,r,514
12253500000,r,514
12253500000,r,514
12253500000,r,514
12253500000,r,514
12253500000,r,514
12253500000,r,514
12253500000,r,514
12253500000,r,514
12253500000,r,514
12253500000,r,514
12253500000,r,514
12253500000,r,514
12253500000,r,514
12253500000,r,514
12253500000,r,514
12253500000,r,514
12253500000,r,514
12253500000,r,514
12253500000,r,514
12253500000,r,514
12253500000,r,514
12253500000,r,514
12253500000,r,514
12253500000,r,514
12253500000,r,514
12253500000,r,514
12253500000,r,514
12253500000,r,514
12253500000,r,514
12253500000,r,514
12253500000,r,514
12253600000,r,514
12253600000,r,514
12253600000,r,514
12253600000,r,514
12253600000,r,514
12253600000,r,514
12253600000,r,514
12253600000,r,514
12253600000,r,514
12253600000,r,514
12253600000,r,514
12253600000,r,514
12253600000,r,514
12253600000,r,514
12253600000,r,514
12253600000,r,514
12253600000,r,514
12253600000,r,514
12253600000,r,514
12253600000,r,514
12253600000,r,514
12253600000,r,514
12253600000,r,514
12253600000,r,514
12253600000,r,514
12253600000,r,514
12253600000,r,514
12253600000,r,514
12253600000,r,514
12253600000,r,514
12253600000,r,514
12253600000,r,514
12253600000,r,514
12253600000,r,514
12253600000,r,514
12253600000,r,514
12253600000,r,514
12253600000,r,514
12253600000,r,514
12253600000,r,514
12253600000,r,514
12253600000,r,514
12253600000,r,514
12253600000,r,514
12253600000,r,514
12253600000,r,514
12253600000,r,514
12253600000,r,514
12253600000,r,514
12253600000,r,514
12253700000,s,514
12253700000,s,514
12256100000,s,514
12258500000,s,514
12258500000,s,514
12294100000,r,514
12294100000,r,514
12294100000,r,514
12294100000,r,514
12294100000,r,514
12294300000,r,514
12294300000,r,514
12294300000,r,514
12294300000,r,514
12294300000,r,514
12294300000,r,514
12294300000,r,514
12294300000,r,514
12294300000,r,514
12294300000,r,514
12294300000,r,514
12294300000,r,514
12294300000,r,514
12294300000,r,514
12294300000,r,514
12294300000,r,514
12294300000,r,514
12294300000,r,514
12294300000,r,514
12294300000,r,514
12294300000,r,514
12294300000,r,514
12294300000,r,514
12294300000,r,514
12294300000,r,514
12294300000,r,514
12294300000,r,514
12294300000,r,514
12294300000,r,514
12294300000,r,514
12294300000,r,514
12294300000,r,514
12294300000,r,514
12294300000,r,514
12294300000,r,514
12294400000,r,514
12294400000,r,514
12294400000,r,514
12294400000,r,514
12294400000,r,514
12294400000,r,514
12294400000,r,514
12294400000,r,514
12294400000,r,514
12294400000,r,514
12294400000,r,514
12294400000,r,514
12294400000,r,514
12294400000,r,514
12294400000,r,514
12294400000,r,514
12294400000,r,514
12294400000,r,514
12294400000,r,514
12294400000,r,514
12294400000,r,514
12294400000,r,514
12294400000,r,514
12294400000,r,514
12294400000,r,514
12294400000,r,514
12294400000,r,514
12294400000,r,514
12294400000,r,514
12294400000,r,514
12294400000,r,514
12294400000,r,514
12294400000,r,514
12294400000,r,514
12294400000,r,514
12294400000,r,514
12294900000,s,514
12297700000,s,514
12297700000,s,514
12306600000,r,514
12306600000,r,514
12306600000,r,514
12306600000,r,514
12306600000,r,514
12313800000,s,514
12427500000,r,514
12427500000,r,514
12427500000,r,514
12427500000,r,514
12427500000,r,514
12427500000,r,514
12427500000,r,514
12452800000,r,514
12452800000,r,514
12452800000,r,514
12452800000,r,514
12452800000,r,514
12452800000,r,514
12452800000,r,514
12452800000,r,514
12452800000,r,514
12452800000,r,514
12452800000,r,514
12452800000,r,514
12452800000,r,514
12452800000,r,514
12452800000,r,514
12452800000,r,514
12452800000,r,514
12452800000,r,514
12452800000,r,514
12452800000,r,514
12452800000,r,514
12452800000,r,514
12452800000,r,514
12452800000,r,514
12452800000,r,514
12452800000,r,514
12452800000,r,514
12452800000,r,514
12452800000,r,514
12452800000,r,514
12453200000,s,514
12462500000,r,514
12462500000,r,514
12462500000,r,514
12462500000,r,514
12462500000,r,514
12462500000,r,514
12462500000,r,514
12493900000,r,514
12493900000,r,514
12493900000,r,514
12493900000,r,514
12493900000,r,514
12493900000,r,514
12493900000,r,514
12493900000,r,514
12493900000,r,514
12493900000,r,514
12493900000,r,514
12493900000,r,514
12493900000,r,514
12493900000,r,514
12493900000,r,514
12493900000,r,514
12493900000,r,514
12493900000,r,514
12493900000,r,514
12493900000,r,514
12493900000,r,514
12493900000,r,514
12493900000,r,514
12493900000,r,514
12493900000,r,514
12493900000,r,514
12493900000,r,514
12493900000,r,514
12493900000,r,514
12493900000,r,514
12493900000,r,514
12493900000,r,514
12493900000,r,514
12493900000,r,514
12493900000,r,514
12493900000,r,514
12493900000,r,514
12493900000,r,514
12493900000,r,514
12493900000,r,514
12493900000,r,514
12493900000,r,514
12493900000,r,514
12493900000,r,514
12493900000,r,514
12493900000,r,514
12493900000,r,514
12494300000,s,514
12563300000,r,514
12563300000,r,514
12563300000,r,514
12563300000,r,514
12563300000,r,514
12563300000,r,514
12563700000,s,514
12606600000,r,514
12606600000,r,514
12606600000,r,514
12606600000,r,514
12606600000,r,514
12606600000,r,514
12606600000,r,514
12606600000,r,514
12606600000,r,514
12606600000,r,514
12606600000,r,514
12606600000,r,514
12606600000,r,514
12606600000,r,514
12606600000,r,514
12606600000,r,514
12606600000,r,514
12606600000,r,514
12606600000,r,514
12606600000,r,514
12606600000,r,514
12606600000,r,514
12606600000,r,514
12606600000,r,514
12606600000,r,514
12606600000,r,514
12606600000,r,514
12606600000,r,514
12606600000,r,514
12606600000,r,514
12606600000,r,514
12606600000,r,514
12606600000,r,514
12606600000,r,514
12606600000,r,514
12606600000,r,514
12606600000,r,514
12606600000,r,514
12606600000,r,514
12606600000,r,514
12606600000,r,514
12606600000,r,514
12606600000,r,514
12606600000,r,514
12606600000,r,514
12606600000,r,514
12606600000,r,514
12606600000,r,514
12606600000,r,514
12606600000,r,514
12606600000,r,514
12606600000,r,514
12606600000,r,514
12606600000,r,514
12606600000,r,514
12606600000,r,514
12606600000,r,514
12606600000,r,514
12606600000,r,514
12606600000,r,514
12606600000,r,514
12606700000,r,514
12606700000,r,514
12606700000,r,514
12606700000,r,514
12606700000,r,514
12606700000,r,514
12606700000,r,514
12606700000,r,514
12606700000,r,514
12606700000,r,514
12607000000,s,514
12620200000,r,514
12620300000,s,514
12621900000,r,514
12621900000,r,514
12621900000,r,514
12621900000,r,514
12621900000,r,514
12621900000,r,514
12621900000,r,514
12621900000,r,514
12622000000,r,514
12622000000,r,514
12622000000,r,514
12622000000,r,514
12622000000,r,514
12622000000,r,514
12622000000,r,514
12622000000,r,514
12652000000,r,514
12652000000,r,514
12652000000,r,514
12652000000,r,514
12652000000,r,514
12652000000,r,514
12652000000,r,514
12664400000,r,514
12664400000,r,514
12664400000,r,514
12664400000,r,514
12664400000,r,514
12664400000,r,514
12664400000,r,514
12664600000,s,514
12668100000,r,514
12668100000,r,514
12670300000,r,514
12670300000,r,514
12670300000,r,514
12670300000,r,514
12670300000,r,514
12670300000,r,514
12670300000,r,514
12670300000,r,514
12693100000,r,514
12693100000,r,514
12693100000,r,514
12693100000,r,514
12693100000,r,514
12693100000,r,514
12693100000,r,514
12693100000,r,514
12693100000,r,514
12693100000,r,514
12693100000,r,514
12693100000,r,514
12693100000,r,514
12693400000,s,514
12734300000,r,514
12734300000,r,514
12734300000,r,514
12734300000,r,514
12734300000,r,514
12734300000,r,514
12734300000,r,514
12734300000,r,514
12734300000,r,514
12734300000,r,514
12734300000,r,514
12734300000,r,514
12734300000,r,514
12734300000,r,514
12734300000,r,514
12734300000,r,514
12734300000,r,514
12734300000,r,514
12734300000,r,514
12734300000,r,514
12734300000,r,514
12734300000,r,514
12734300000,r,514
12734300000,r,514
12734300000,r,514
12734300000,r,514
12734300000,r,514
12734300000,r,514
12734300000,r,514
12734300000,r,514
12734300000,r,514
12734300000,r,514
12734300000,r,514
12734300000,r,514
12734300000,r,514
12734900000,s,514
12771600000,r,514
12771600000,r,514
12773300000,s,514
12813500000,s,514
12813500000,s,514
13198200000,r,514
13198900000,s,514
13254300000,r,514
13304000000,r,514
13304000000,r,514
13304000000,r,514
13304000000,r,514
13304000000,r,514
13304000000,r,514
13325200000,s,514
13798600000,r,514
13800700000,s,514
13800700000,s,514
14151400000,r,514
14151400000,r,514
14151400000,r,514
14151400000,r,514
14151400000,r,514
14151400000,r,514
14151400000,r,514
14156800000,s,514
14158300000,s,514
14158300000,s,514
14501900000,r,514
14502500000,s,514
14613600000,r,514
14613600000,r,514
14613600000,r,514
14613600000,r,514
14613600000,r,514
14613600000,r,514
14613600000,r,514
14615200000,r,514
14615200000,r,514
14615200000,r,514
14615200000,r,514
14615200000,r,514
14615200000,r,514
14615200000,r,514
14615200000,r,514
14667900000,r,514
14667900000,r,514
14667900000,r,514
14667900000,r,514
14667900000,r,514
14667900000,r,514
14667900000,r,514
14670900000,r,514
14673300000,r,514
14673300000,r,514
14673300000,r,514
14673300000,r,514
14673300000,r,514
14673300000,r,514
14673300000,r,514
14675000000,r,514
14675000000,r,514
14675000000,r,514
14675000000,r,514
14675000000,r,514
14675000000,r,514
14675000000,r,514
14675000000,r,514
14675000000,r,514
14675000000,r,514
14675000000,r,514
14675000000,r,514
14675000000,r,514
14675000000,r,514
14675000000,r,514
14675000000,r,514
14675300000,s,514
14677600000,s,514
14678200000,r,514
14678200000,r,514
14678200000,r,514
14678200000,r,514
14678200000,r,514
14678200000,r,514
14678200000,r,514
14678200000,r,514
14678500000,r,514
14678500000,r,514
14678500000,r,514
14678500000,r,514
14678500000,r,514
14678500000,r,514
14678500000,r,514
14718900000,r,514
14718900000,r,514
14718900000,r,514
14718900000,r,514
14718900000,r,514
14718900000,r,514
14718900000,r,514
14718900000,r,514
14718900000,r,514
14718900000,r,514
14718900000,r,514
14718900000,r,514
14718900000,r,514
14718900000,r,514
14718900000,r,514
14718900000,r,514
14718900000,r,514
14718900000,r,514
14718900000,r,514
14718900000,r,514
14718900000,r,514
14718900000,r,514
14718900000,r,514
14718900000,r,514
14718900000,r,514
14718900000,r,514
14718900000,r,514
14718900000,r,514
14718900000,r,514
14718900000,r,514
14719400000,s,514
14762200000,r,514
14762200000,r,514
14762200000,r,514
14762200000,r,514
14762200000,r,514
14762200000,r,514
14762200000,r,514
14762200000,r,514
14762200000,r,514
14762200000,r,514
14762200000,r,514
14762200000,r,514
14762200000,r,514
14762200000,r,514
14806300000,r,514
14806300000,r,514
14806300000,r,514
14806300000,r,514
14806300000,r,514
14806300000,r,514
14806300000,r,514
14806300000,r,514
14806300000,r,514
14806300000,r,514
14806300000,r,514
14806300000,r,514
14806300000,r,514
14806300000,r,514
14806300000,r,514
14806300000,r,514
14806300000,r,514
14806300000,r,514
14806300000,r,514
14806300000,r,514
14806300000,r,514
14806300000,r,514
14806300000,r,514
14806300000,r,514
14806300000,r,514
14806300000,r,514
14806300000,r,514
14806300000,r,514
14806300000,r,514
14946700000,s,514
14949700000,s,514
14951600000,s,514
15302600000,r,514
15302600000,r,514
15302600000,r,514
15302600000,r,514
15302600000,r,514
15302600000,r,514
15302600000,r,514
15303000000,s,514
15306000000,r,514
15306000000,r,514
15306000000,r,514
15306000000,r,514
15306000000,r,514
15306000000,r,514
15306000000,r,514
15334500000,r,514
15334500000,r,514
15334500000,r,514
15334500000,r,514
15334500000,r,514
15334500000,r,514
15334500000,r,514
15334500000,r,514
15338700000,r,514
15338700000,r,514
15338700000,r,514
15338700000,r,514
15338700000,r,514
15338700000,r,514
15338700000,r,514
15338700000,r,514
15338700000,r,514
15338700000,r,514
15338700000,r,514
15338700000,r,514
15338700000,r,514
15338700000,r,514
15338700000,r,514
15339200000,s,514
15341500000,r,514
15341500000,r,514
15341500000,r,514
15341500000,r,514
15341500000,r,514
15341500000,r,514
15341500000,r,514
15341500000,r,514
15358500000,r,514
15358500000,r,514
15358500000,r,514
15358500000,r,514
15358500000,r,514
15358500000,r,514
15358500000,r,514
15387600000,r,514
15387600000,r,514
15387600000,r,514
15387600000,r,514
15387600000,r,514
15387600000,r,514
15387600000,r,514
15404700000,r,514
15404700000,r,514
15404700000,r,514
15404700000,r,514
15404700000,r,514
15404700000,r,514
15404700000,r,514
15406900000,r,514
15409300000,s,514
15409300000,s,514
15871700000,r,514
15871700000,r,514
15871700000,r,514
15871700000,r,514
15871700000,r,514
15871700000,r,514
15871700000,r,514
15876100000,s,514
15878900000,s,514
15878900000,s,514
15982400000,s,514
15986500000,s,514
15990200000,s,514
15990200000,s,514
15990200000,s,514
15990200000,s,514
15990200000,s,514
15990200000,s,514
15990200000,s,514
15990200000,s,514
15990200000,s,514
15990200000,s,514
15990200000,s,514
15990200000,s,514
15990200000,s,514
15990200000,s,514
15990200000,s,514
15992000000,s,514
16225600000,r,514
16226000000,s,514
16337599999,r,514
16364600000,r,514
16364600000,r,514
16366499999,s,514
16366499999,s,514
16368500000,r,514
16441299999,r,514
16441299999,r,514
16441299999,r,514
16446900000,r,514
16446900000,r,514
16453100000,s,514
16464400000,s,514
16465599999,s,514
16544899999,r,514
16544899999,r,514
16670600000,r,514
16672500000,s,514
16672500000,s,514
16775700000,r,514
16775700000,r,514
16775700000,r,514
16775700000,r,514
16775700000,r,514
16775700000,r,514
16775700000,r,514
16782200000,r,514
16783999999,s,514
16786800000,s,514
16821300000,r,514
16821300000,r,514
16821300000,r,514
16821300000,r,514
16821300000,r,514
16821300000,r,514
16821300000,r,514
16862500000,r,514
16862500000,r,514
16862500000,r,514
16862500000,r,514
16862500000,r,514
16862500000,r,514
16862500000,r,514
16862500000,r,514
16862500000,r,514
16862500000,r,514
16862500000,r,514
16862500000,r,514
16862500000,r,514
16862500000,r,514
16862500000,r,514
16862500000,r,514
16863100000,s,514
16863100000,s,514
16863100000,s,514
16863100000,s,514
16926300000,r,514
16926300000,r,514
16926300000,r,514
16926300000,r,514
16926300000,r,514
16926300000,r,514
16926300000,r,514
16983300000,r,514
16983899999,s,514
17086700000,r,514
17086700000,r,514
17086700000,r,514
17086700000,r,514
17086700000,r,514
17086700000,r,514
17086700000,r,514
17088100000,r,514
17090800000,s,514
17193900000,r,514
17193900000,r,514
17194600000,s,514
17234300000,r,514
17234300000,r,514
17234300000,r,514
17234300000,r,514
17234300000,r,514
17234300000,r,514
17234300000,r,514
17234300000,r,514
17234300000,r,514
17234300000,r,514
17234300000,r,514
17234300000,r,514
17234300000,r,514
17234300000,r,514
17234300000,r,514
17234300000,r,514
17234300000,r,514
17234300000,r,514
17234300000,r,514
17234300000,r,514
17234300000,r,514
17234300000,r,514
17234400000,s,514
17234400000,s,514
17286300000,r,514
17287200000,s,514
17294900000,r,514
17294900000,r,514
17294900000,r,514
17294900000,r,514
17294900000,r,514
17294900000,r,514
17294900000,r,514
17294900000,r,514
17295100000,r,514
17295100000,r,514
17295100000,r,514
17295100000,r,514
17295100000,r,514
17295100000,r,514
17295100000,r,514
17295100000,r,514
17338500000,r,514
17338500000,r,514
17338500000,r,514
17338500000,r,514
17338500000,r,514
17338500000,r,514
17338500000,r,514
17338500000,r,514
17338500000,r,514
17338500000,r,514
17338500000,r,514
17338500000,r,514
17338500000,r,514
17338500000,r,514
17338500000,r,514
17338500000,r,514
17338500000,r,514
17338500000,r,514
17338500000,r,514
17343300000,s,514
17343300000,s,514
17431300000,r,514
17539600000,r,514
17539600000,r,514
17541400000,s,514
17545500000,s,514
17545500000,s,514
17545500000,s,514
17545500000,s,514
17625900000,r,514
17673500000,r,514
17726300000,r,514
17726800000,s,514
17782600000,s,514
17784800000,r,514
17785300000,s,514
17785300000,s,514
17825600000,s,514
17832300000,r,514
17895600000,r,514
17895600000,r,514
17900600000,s,514
17900600000,s,514
17900600000,s,514
17900600000,s,514
17900600000,s,514
17900600000,s,514
17953200000,r,514
17981800000,r,514
17983000000,s,514
18006000000,r,514
18030700000,r,514
18122500000,r,514
18123000000,s,514
18249000000,r,514
18353700000,r,514
18546000000,r,514
18546800000,s,514
18734100000,r,514
18735600000,s,514
18800000000,s,514
18997700000,r,514
18999200000,r,514
19000200000,s,514
19002500000,s,514
19002500000,s,514
19088800000,r,514
19293200000,r,514
19294000000,s,514
19473200000,r,514
19473200000,r,514
19473200000,r,514
19473200000,r,514
19473200000,r,514
19473200000,r,514
19473200000,r,514
19476300000,s,514
19477600000,s,514
19622800000,r,514
