0,s,514
153091907,r,514
154043912,s,514
306915998,r,514
307219982,s,514
459959983,r,514
459977865,r,514
460793972,s,514
613970041,r,514
614500999,s,514
790196895,r,514
790901899,s,514
1511018037,r,514
1893929958,s,514
2162240028,r,514
2162471055,s,514
2469467878,r,514
2638867855,r,514
2648699998,s,514
2911373853,r,514
2911556959,s,514
3085551023,r,514
3177479982,r,514
3177549839,r,514
3177585840,r,514
3255046844,r,514
3257250070,s,514
3258010864,s,514
3522368907,r,514
3820481061,r,514
3820818901,r,514
3820859909,r,514
3821456909,r,514
3831794023,r,514
3831841945,r,514
3831877946,r,514
3831938982,r,514
3853476047,r,514
3853533029,r,514
3949907064,r,514
3949961900,r,514
3950295925,r,514
3950356960,r,514
3950392961,r,514
3950428009,r,514
3950610876,s,514
3951040983,r,514
3951046943,r,514
3958791971,s,514
3961436986,r,514
3961452007,r,514
3961519956,r,514
3961521863,r,514
3961559057,r,514
3961562871,r,514
3972982883,s,514
3983124017,r,514
3983139991,r,514
3983206033,r,514
3983207941,r,514
3983427047,s,514
3985714912,s,514
3992998838,r,514
3993006944,r,514
4079504013,r,514
4079520940,r,514
4079575061,r,514
4079577922,r,514
4079807043,r,514
4079810857,r,514
4079877853,r,514
4079880952,r,514
4079926013,r,514
4079927921,r,514
4080093860,s,514
4080236911,r,514
4080240964,r,514
4080605030,r,514
4080610036,r,514
4080638885,r,514
4080679893,r,514
4090901851,r,514
4090911865,r,514
4090963840,r,514
4090965986,r,514
4091032981,r,514
4091043949,r,514
4091086864,r,514
4091089963,r,514
4091132879,r,514
4091135025,r,514
4091207981,r,514
4091209888,r,514
4095921993,s,514
4112792015,r,514
4112815856,r,514
4112890958,r,514
4112894058,r,514
4112948894,r,514
4112951040,r,514
4112987041,r,514
4112988948,r,514
4113230943,s,514
4122730970,r,514
4122750043,r,514
4122813940,r,514
4252179861,r,514
4252459049,s,514
4252585887,s,514
4413384914,r,514
4413717031,s,514
4592205047,r,514
4592428922,r,514
4592458963,r,514
4623537063,r,514
4656673908,r,514
4656690835,r,514
4656748056,r,514
4656750917,r,514
4658727884,s,514
4721852064,r,514
4724303960,s,514
4724516868,s,514
4724570989,s,514
4847812891,r,514
4847830057,r,514
4847882032,r,514
4854227066,r,514
4987726926,r,514
4989712953,s,514
5032809972,r,514
5038774013,r,514
5038996934,r,514
5039209842,r,514
5039232969,r,514
5039469957,r,514
5039720058,r,514
5039725065,r,514
5039763927,r,514
5040094852,r,514
5040135860,r,514
5040138959,r,514
5040364980,r,514
5040369987,r,514
5040407896,r,514
5040410995,r,514
5040452003,r,514
5040454864,r,514
5040583848,s,514
5041254043,r,514
5041259050,r,514
5041297912,r,514
5050575017,r,514
5050626039,r,514
5053221940,r,514
5053249835,r,514
5053318023,s,514
5054234981,r,514
5054239988,r,514
5054292917,r,514
5054703950,r,514
5054726839,r,514
5055172920,r,514
5055814981,r,514
5055819988,r,514
5055857896,r,514
5057945013,r,514
5057977914,r,514
5071167945,r,514
5071229934,r,514
5071233987,r,514
5071411848,s,514
5071456909,r,514
5071459054,r,514
5071460008,r,514
5072180032,r,514
5072224855,r,514
5072227954,r,514
5072291851,r,514
5072340011,r,514
5168226957,r,514
5173317909,s,514
5173392057,s,514
5173429012,s,514
5173516988,s,514
5276772975,s,514
5303340911,r,514
5363390922,s,514
5368453979,r,514
5368463039,r,514
5368519067,r,514
5368520975,r,514
5368564844,r,514
5378257036,s,514
5387876033,r,514
5387888908,r,514
5387940883,r,514
5388094902,r,514
5388521909,r,514
5388526916,r,514
5388566970,r,514
5388777017,r,514
5388819932,r,514
5388823032,r,514
5388934850,s,514
5389032840,r,514
5389099836,s,514
5389323949,r,514
5389328956,r,514
5389407873,r,514
5389411926,r,514
5389581918,r,514
5389585971,r,514
5389610052,r,514
5400068998,r,514
5400105953,r,514
5400277853,r,514
5400625944,r,514
5400630950,r,514
5400864839,r,514
5400869846,r,514
5401228904,r,514
5401233911,r,514
5401275873,r,514
5419584035,r,514
5419638872,r,514
5419643878,r,514
5419827938,s,514
5419939994,r,514
5419945001,r,514
5419983863,r,514
5420052051,r,514
5420071840,r,514
5420366048,r,514
5420533895,r,514
5420538902,r,514
5420578002,r,514
5420831918,r,514
5420855998,r,514
5421033859,r,514
5421128988,r,514
5421133041,r,514
5421267986,r,514
5421272039,r,514
5421355962,r,514
5421412944,s,514
5446678876,r,514
5446693897,r,514
5446748018,r,514
5446750879,r,514
5446902036,s,514
5447530031,r,514
5447535037,r,514
5448029994,r,514
5448034048,r,514
5448071956,r,514
5448350906,r,514
5448394060,r,514
5448397874,r,514
5451772928,r,514
5451777935,r,514
5451817035,r,514
5452154874,r,514
5452199935,r,514
5452203035,r,514
5452568054,r,514
5452573060,r,514
5452611923,r,514
5452686071,s,514
5452839851,r,514
5452844858,r,514
5452883005,r,514
5453052997,r,514
5453080892,r,514
5453084945,r,514
5453588962,r,514
5453826904,r,514
5453960895,r,514
5453965902,r,514
5454120874,r,514
5454125881,r,514
5454284906,r,514
5454288959,r,514
5454336881,r,514
5464030981,r,514
5464077949,r,514
5464082002,r,514
5464220047,s,514
5464362859,r,514
5464365959,r,514
5464405059,r,514
5464501857,s,514
5464541912,r,514
5464545011,r,514
5472869873,r,514
5472883939,r,514
5498375892,r,514
5498393058,r,514
5498476982,r,514
5498479843,r,514
5498515844,r,514
5498517990,r,514
5498551845,r,514
5498553991,r,514
5498587846,r,514
5498589992,r,514
5517474889,r,514
5517490863,r,514
5517571926,r,514
5517575025,r,514
5517617940,r,514
5517740964,s,514
5517812013,r,514
5518373966,r,514
5518401861,r,514
5518405914,r,514
5518426895,r,514
5518429994,r,514
5518450975,r,514
5518453836,r,514
5518471956,r,514
5518473863,r,514
5518620967,r,514
5518624067,r,514
5518662929,r,514
5518666028,r,514
5518699884,r,514
5518847942,s,514
5518974065,r,514
5518976926,r,514
5519090890,r,514
5519094944,r,514
5519217014,r,514
5519221067,r,514
5519259929,r,514
5519345045,r,514
5519366025,r,514
5519464015,r,514
5519512891,r,514
5519515991,r,514
5519605875,s,514
5519645929,r,514
5519647836,r,514
5529661893,r,514
5529706001,r,514
5529760837,r,514
5529763937,r,514
5529823064,r,514
5529825925,r,514
5530001878,r,514
5530004978,r,514
5530043840,r,514
5530114889,r,514
5530153036,r,514
5530155897,r,514
5530308961,r,514
5530313014,r,514
5530364990,r,514
5530570030,r,514
5530611991,r,514
5530614852,r,514
5530678033,r,514
5530680894,r,514
5530717849,r,514
5536872863,s,514
5549206972,r,514
5549222946,r,514
5549279928,r,514
5549283027,r,514
5549350976,r,514
5549352884,r,514
5549391031,r,514
5549392938,r,514
5549425840,r,514
5549427986,r,514
5549485921,r,514
5549489021,r,514
5549604892,r,514
5549607992,r,514
5549645900,r,514
5549648046,r,514
5549787044,s,514
5549903869,r,514
5549907922,r,514
5550024032,r,514
5550027847,r,514
5550065040,r,514
5550112009,r,514
5550132036,r,514
5550176858,s,514
5550516843,s,514
5550606966,s,514
5612380027,s,514
5627274990,r,514
5627290964,r,514
5627346038,r,514
5627348899,r,514
5627382993,r,514
5627388000,r,514
5627605915,s,514
5627651929,r,514
5627653837,r,514
5628082036,r,514
5628222942,r,514
5628250837,r,514
5628350973,r,514
5628389835,r,514
5628392934,r,514
5630060911,s,514
5637984991,r,514
5637992858,r,514
5638043880,r,514
5638764858,r,514
5638808965,r,514
5638812065,r,514
5638870954,r,514
5638872861,r,514
5638908863,r,514
5638911008,r,514
5638952016,r,514
5639045000,s,514
5639091014,r,514
5639092922,r,514
5639093875,r,514
5639155864,r,514
5639258861,r,514
5639262914,r,514
5639349937,s,514
5639389991,r,514
5639392852,r,514
5649515867,r,514
5649531841,r,514
5649872064,r,514
5650362014,r,514
5650385856,r,514
5650590896,r,514
5650631904,r,514
5650635004,r,514
5650673866,r,514
5650720834,r,514
5650758981,r,514
5650846004,s,514
5650933027,r,514
5650936841,r,514
5651067972,r,514
5651180982,r,514
5651340007,r,514
5651345968,r,514
5651448011,r,514
5651607036,r,514
5651669979,r,514
5651672840,r,514
5658786058,r,514
5658796072,r,514
5658884048,r,514
5659029006,r,514
5659055948,r,514
5659060001,r,514
5659131050,s,514
5659276962,s,514
5659384965,r,514
5659409046,r,514
5659446954,r,514
5659479856,r,514
5659708023,r,514
5659785032,r,514
5679723978,r,514
5690778017,r,514
5723217010,r,514
5723957061,s,514
5809150934,r,514
5809367895,s,514
5837170839,r,514
5837188959,r,514
5837224960,r,514
5839663982,s,514
5845496892,r,514
5845509052,r,514
5845545053,r,514
5851511001,s,514
5854086875,s,514
5893085002,r,514
5905586004,s,514
5906404972,s,514
5906719923,s,514
5915874958,r,514
5938694953,r,514
5941510915,s,514
5986055850,r,514
5986367940,r,514
5986453056,r,514
5986456871,r,514
5986495971,r,514
5986497879,r,514
5986835956,r,514
5986839056,r,514
5986876964,r,514
5987200021,r,514
5987238883,r,514
5987241029,r,514
5987432003,r,514
5987434864,r,514
5987473011,r,514
5993636846,s,514
5996901988,r,514
5996906995,r,514
5996947050,r,514
5996949911,r,514
5997082948,s,514
6017086029,r,514
6068709850,r,514
6129224061,r,514
6129390954,r,514
6129591941,r,514
6130136966,r,514
6130380868,r,514
6130574941,r,514
6130615949,r,514
6130792856,r,514
6130832910,r,514
6131033897,r,514
6131399869,r,514
6131403923,r,514
6131440877,r,514
6131860971,r,514
6131882905,r,514
6132336854,r,514
6132763862,r,514
6132767915,r,514
6133180856,r,514
6133682012,r,514
6133702993,r,514
6134446859,r,514
6134469032,r,514
6134568929,s,514
6134815931,r,514
6134819984,r,514
6134857892,r,514
6134986877,s,514
6135127067,r,514
6135130882,r,514
6135166883,r,514
6135244846,r,514
6135432958,r,514
6135437965,r,514
6135633945,r,514
6135638952,r,514
6135725021,r,514
6135897874,r,514
6135921001,r,514
6135988950,s,514
6136076927,r,514
6136078834,r,514
6136170864,r,514
6136174917,r,514
6136194944,r,514
6136229991,s,514
6136359930,r,514
6136363983,r,514
6136486053,r,514
6136489868,r,514
6136847019,r,514
6136852025,r,514
6136889934,r,514
6136936903,r,514
6136957883,r,514
6137052059,r,514
6137074947,r,514
6137078046,r,514
6137533903,r,514
6137539863,r,514
6137578964,r,514
6137681961,r,514
6137825965,r,514
6137830972,r,514
6137909889,r,514
6137912034,r,514
6137959957,r,514
6138077020,r,514
6138288974,s,514
6159668922,r,514
6159685850,r,514
6161551952,r,514
6161557912,r,514
6161578893,r,514
6162059068,r,514
6162126064,r,514
6162258863,r,514
6162281990,r,514
6162399053,r,514
6162420988,r,514
6162493944,s,514
6162554025,r,514
6162556886,r,514
6162557840,r,514
6162663936,s,514
6163053989,r,514
6163058042,r,514
6163096904,r,514
6165205001,r,514
6165226936,r,514
6165746927,r,514
6166532993,r,514
6166538953,r,514
6166580915,r,514
6166869878,r,514
6166918993,r,514
6166921854,r,514
6166960000,r,514
6166961908,r,514
6167037010,r,514
6167104005,r,514
6167141914,r,514
6167180061,r,514
6167327880,s,514
6167471885,r,514
6167476892,r,514
6167515039,r,514
6167855978,r,514
6167897939,r,514
6167901039,r,514
6168283939,r,514
6168460845,r,514
6168524980,r,514
6168526887,r,514
6168527841,r,514
6168590068,r,514
6169256925,r,514
6169409036,r,514
6169450998,r,514
6169452905,r,514
6169512987,r,514
6169515848,r,514
6169559001,r,514
6169561862,r,514
6169595956,r,514
6169695854,s,514
6169785976,s,514
6169873952,r,514
6169874906,r,514
6169874906,r,514
6170017957,r,514
6170057058,r,514
6170099020,r,514
6170232057,r,514
6170393943,r,514
6170433998,r,514
6170436859,r,514
6170498847,r,514
6170501947,r,514
6170542001,r,514
6170543909,r,514
6170578002,r,514
6170685052,r,514
6170948982,r,514
6170954942,r,514
6170992851,r,514
6170995950,r,514
6171053886,r,514
6171056985,r,514
6171548843,s,514
6176159858,r,514
6176169872,r,514
6189130067,r,514
6189137935,r,514
6189188003,r,514
6189338922,s,514
6189409971,s,514
6197913885,r,514
6197922945,r,514
6200237989,s,514
6204735994,s,514
6254755020,s,514
6327401876,r,514
6332103967,s,514
6353616952,s,514
6355984926,s,514
6401283025,s,514
6413203001,r,514
6413424015,r,514
6413473844,r,514
6437759876,s,514
6447964906,r,514
6456944942,r,514
6479083061,r,514
6479095935,r,514
6479151010,r,514
6479286909,s,514
6481786966,r,514
6481792926,r,514
6481839895,r,514
6482084035,r,514
6482445001,r,514
6482450008,r,514
6482491016,r,514
6482492923,r,514
6482558012,r,514
6482560873,r,514
6482596874,r,514
6482599973,r,514
6482656002,r,514
6482830047,r,514
6482905864,r,514
6482976913,r,514
6483016014,r,514
6483082056,r,514
6483124017,r,514
6483126878,r,514
6483162879,r,514
6483428001,r,514
6483475923,r,514
6483731985,r,514
6483752012,r,514
6483938932,r,514
6483976840,r,514
6484098911,r,514
6484137058,r,514
6484139919,r,514
6484376907,r,514
6484380006,r,514
6484417915,r,514
6484767913,r,514
6485069036,r,514
6485071897,r,514
6485108852,r,514
6486906051,s,514
6487171888,s,514
6487314939,s,514
6489924907,r,514
6510422945,r,514
6510470867,r,514
6528432846,r,514
6528544902,r,514
6528774023,r,514
6528800964,r,514
6539674997,r,514
6543395996,r,514
6561523914,s,514
6586894035,r,514
6644994974,s,514
6645076990,s,514
6645447015,s,514
6656456947,s,514
6678287982,s,514
6716548919,r,514
6751317024,r,514
6763414859,r,514
6763664960,s,514
6763834953,s,514
6763960838,s,514
6774013996,s,514
6781530857,r,514
6845993995,r,514
6857074022,r,514
6857089996,r,514
6857188940,r,514
6857532024,r,514
6858036994,r,514
6858041048,r,514
6858079910,r,514
6858422994,r,514
6858443021,r,514
6858712911,r,514
6859045982,r,514
6859050035,r,514
6859127998,r,514
6859411001,r,514
6859431028,r,514
6859433889,r,514
6859854936,r,514
6859858989,r,514
6859920024,r,514
6859922885,r,514
6859958887,r,514
6860035896,r,514
6860358953,r,514
6860424995,r,514
6860462903,r,514
6860852956,r,514
6860890865,r,514
6860893964,r,514
6860961914,r,514
6862534999,s,514
6862850904,s,514
6865196943,s,514
6865257024,s,514
6865295886,s,514
6865378856,s,514
6865417957,s,514
6866309881,s,514
6887096881,r,514
6887111902,r,514
6888879060,r,514
6888885021,r,514
6888927936,r,514
6889539957,r,514
6889590024,r,514
6889592885,r,514
6889878034,r,514
6889880895,r,514
6889917850,r,514
6890210866,r,514
6890583038,r,514
6890706062,s,514
6890805006,r,514
6890809059,r,514
6891172885,r,514
6891177892,r,514
6891216039,r,514
6891288042,r,514
6891309022,r,514
6891579866,r,514
6891629934,r,514
6891631841,r,514
6891789913,r,514
6891793966,r,514
6891873836,r,514
6892078876,r,514
6892120838,r,514
6892122983,r,514
6898406028,s,514
6901792049,r,514
6901798963,r,514
6901840925,r,514
6901947021,s,514
6902220010,r,514
6902225017,r,514
6902251958,r,514
6922168970,r,514
6933640956,s,514
6975774049,r,514
7067780971,r,514
7067993879,s,514
7068140983,s,514
7068238019,r,514
7068240880,r,514
7068291902,r,514
7068361997,r,514
7068384885,r,514
7068475008,s,514
7068733930,r,514
7068739891,r,514
7068778991,r,514
7068985939,r,514
7069139003,r,514
7069196939,r,514
7069237947,r,514
7069450855,r,514
7069475889,r,514
7069546937,r,514
7070019006,r,514
7070024013,r,514
7070168018,r,514
7070172071,r,514
7070209980,r,514
7070545911,r,514
7070571899,r,514
7070574998,r,514
7070713043,r,514
7070718050,r,514
7070755958,r,514
7070966005,r,514
7071084022,r,514
7071086883,r,514
7071191072,r,514
7071194887,r,514
7071231842,r,514
7071429967,r,514
7071467876,r,514
7071532964,r,514
7071570873,r,514
7071810960,r,514
7071848869,r,514
7071851968,r,514
7071969985,r,514
7071974039,r,514
7072052001,r,514
7074430942,s,514
7074636936,s,514
7095849037,r,514
7095865011,r,514
7095903873,r,514
7099742889,r,514
7099804878,r,514
7099809885,r,514
7099993944,r,514
7099997043,r,514
7100054979,r,514
7100193977,r,514
7100215911,r,514
7100370883,r,514
7100396871,r,514
7100399971,r,514
7100828886,r,514
7100833892,r,514
7100872039,r,514
7101306915,r,514
7101346969,r,514
7101382970,r,514
7101603031,r,514
7101605892,r,514
7101681947,r,514
7101809024,r,514
7101848840,r,514
7101850986,r,514
7102367877,r,514
7102371931,r,514
7102408885,r,514
7102613925,r,514
7102635860,r,514
7102706909,r,514
7103059053,r,514
7103153944,r,514
7103175878,r,514
7103360891,r,514
7103384971,r,514
7103446006,r,514
7103507995,s,514
7103558063,r,514
7103760957,r,514
7103801012,r,514
7103802919,r,514
7103950977,r,514
7103953838,r,514
7103996038,s,514
7104117870,s,514
7104254007,r,514
7104258060,r,514
7104294061,r,514
7104346990,r,514
7104384899,r,514
7104454040,r,514
7104596853,r,514
7104599952,r,514
7104636907,r,514
7104694843,r,514
7104791879,s,514
7105484008,r,514
7106142044,s,514
7107895851,s,514
7110614061,s,514
7117219924,s,514
7127860069,r,514
7127876043,r,514
7131229877,r,514
7131244897,r,514
7131280899,r,514
7131721973,r,514
7131743907,r,514
7131844043,r,514
7131883859,r,514
7131886005,r,514
7131927013,r,514
7132093906,r,514
7132317066,r,514
7132320880,r,514
7132516860,r,514
7132861852,r,514
7132883071,r,514
7133054971,r,514
7133094072,r,514
7133095979,r,514
7133136987,r,514
7133363962,r,514
7133384943,r,514
7133544921,r,514
7133795022,r,514
7133940935,r,514
7133980035,r,514
7134069919,r,514
7134213924,r,514
7134217023,r,514
7134371995,r,514
7134376049,r,514
7134413003,r,514
7134539842,r,514
7134579896,r,514
7134582042,r,514
7134734869,r,514
7134737968,r,514
7134826898,r,514
7134901046,s,514
7134984016,r,514
7134986877,r,514
7134986877,r,514
7135043859,r,514
7135046005,r,514
7135184049,s,514
7135401010,r,514
7135405063,r,514
7135442018,r,514
7135443925,r,514
7135639905,r,514
7135643959,r,514
7135663032,r,514
7135664939,r,514
7135679960,r,514
7135746955,r,514
7135769844,r,514
7135797023,s,514
7135834932,r,514
7135838031,r,514
7135958909,r,514
7135964870,r,514
7136090040,r,514
7136213064,r,514
7136265993,r,514
7136268854,r,514
7136719942,s,514
7136839866,s,514
7159898996,r,514
7159914970,r,514
7159970045,r,514
7160058021,r,514
7160097837,r,514
7160099983,r,514
7163570880,r,514
7163580894,r,514
7163610935,r,514
7163790941,r,514
7163810968,r,514
7163897991,r,514
7164079904,r,514
7164083957,r,514
7164126873,r,514
7164228916,r,514
7164293050,r,514
7164295911,r,514
7164379835,r,514
7164382934,r,514
7164463043,r,514
7164901971,r,514
7164960861,r,514
7164963960,r,514
7164998054,r,514
7165259838,r,514
7165298938,r,514
7165300846,r,514
7165838003,r,514
7165879011,r,514
7166285037,r,514
7166408061,s,514
7166609048,r,514
7166612863,r,514
7166650056,r,514
7166838884,s,514
7166975021,s,514
7167124986,r,514
7167129039,r,514
7167232990,r,514
7167378902,r,514
7167464971,s,514
7167554855,r,514
7167557001,r,514
7167643070,r,514
7167644977,r,514
7167665958,r,514
7167814970,r,514
7167835950,r,514
7167927980,r,514
7167948961,r,514
7168051004,r,514
7168052911,r,514
7168164014,r,514
7168205022,r,514
7168206930,r,514
7168315887,r,514
7168319940,r,514
7168356895,r,514
7168437957,s,514
7168554067,r,514
7168556928,r,514
7168596029,r,514
7169072866,r,514
7169112920,r,514
7169115066,r,514
7169178962,r,514
7169182062,r,514
7169221878,r,514
7169224023,r,514
7169308900,r,514
7169312000,r,514
7169348955,r,514
7169350862,r,514
7169391870,r,514
7169394969,r,514
7169559955,r,514
7169563055,r,514
7174538850,s,514
7174670934,s,514
7191582918,r,514
7191624879,r,514
7191686868,r,514
7191689968,r,514
7191732883,r,514
7191735029,r,514
7195735931,r,514
7195740938,r,514
7195783853,r,514
7195831060,r,514
7196182966,r,514
7196186065,r,514
7196344852,r,514
7196348905,r,514
7196521043,r,514
7196524858,r,514
7196677923,r,514
7196681976,r,514
7196718931,r,514
7196846008,r,514
7196884870,r,514
7196887016,r,514
7197110891,r,514
7197113990,r,514
7197150945,r,514
7197387933,r,514
7197425842,r,514
7197428941,r,514
7197715997,r,514
7197718858,r,514
7197756052,r,514
7198350906,r,514
7198390007,r,514
7198391914,r,514
7198652029,s,514
7198855876,r,514
7198859930,r,514
7198888063,r,514
7198973894,s,514
7199307918,r,514
7199312925,r,514
7199351072,r,514
7199434995,s,514
7199589014,r,514
7199594020,r,514
7199631929,r,514
7199851989,r,514
7199893951,r,514
7199897050,r,514
7200475931,r,514
7200481891,r,514
7200506925,r,514
7200917959,r,514
7200960874,r,514
7200963974,r,514
7201171875,r,514
7201176881,r,514
7201216936,r,514
7201351881,r,514
7201393842,r,514
7201396942,r,514
7201472043,r,514
7201534986,s,514
7201652050,r,514
7201655864,r,514
7201977968,r,514
7201982021,r,514
7202019929,r,514
7202317953,r,514
7202368974,r,514
7202371835,r,514
7202461957,r,514
7202465057,r,514
7202502965,r,514
7202877044,r,514
7203201055,r,514
7203204870,r,514
7203451871,r,514
7203464984,r,514
7203502893,r,514
7203593015,r,514
7203630924,r,514
7203866958,r,514
7203906059,r,514
7203984975,r,514
7204032897,r,514
7204035997,r,514
7207319974,s,514
7207473039,s,514
7223592042,r,514
7223607063,r,514
7223662853,r,514
7224078893,r,514
7224102020,r,514
7224599838,r,514
7224638938,r,514
7224642038,r,514
7224673986,r,514
7228076934,r,514
7228129863,r,514
7228132963,r,514
7228489875,r,514
7228492975,r,514
7228533983,r,514
7228781938,r,514
7228821039,r,514
7228823900,r,514
7229219913,r,514
7229223966,r,514
7229264974,r,514
7229554891,r,514
7229575872,r,514
7229660034,r,514
7230033874,r,514
7230037927,r,514
7230115890,r,514
7230186939,s,514
7230452060,r,514
7230455875,r,514
7230494022,r,514
7230717897,r,514
7230758905,r,514
7230761051,r,514
7230974912,s,514
7231015920,r,514
7231314897,r,514
7231338024,r,514
7231343030,s,514
7231359004,r,514
7231858968,r,514
7231879949,r,514
7232333898,r,514
7232360839,r,514
7232363939,r,514
7233012914,r,514
7233017921,r,514
7233228921,r,514
7233573913,r,514
7233609914,r,514
7234178066,r,514
7234202861,r,514
7235026836,r,514
7235175848,r,514
7235178947,r,514
7235846996,r,514
7235915899,r,514
7235955953,r,514
7236599922,r,514
7237125873,s,514
7239428043,s,514
7243655920,s,514
7283302068,r,514
7283473014,s,514
7284034013,r,514
7284098863,r,514
7284270048,r,514
7284273862,r,514
7284749984,r,514
7284754037,r,514
7284792900,r,514
7285084962,r,514
7285125970,r,514
7285152912,r,514
7285188913,r,514
7285337924,r,514
7285376071,r,514
7285722970,r,514
7285762071,r,514
7285764932,r,514
7285874843,r,514
7285878896,r,514
7285919904,r,514
7286032915,s,514
7286387920,r,514
7286416053,r,514
7286454916,r,514
7286458015,r,514
7286514997,r,514
7286517858,r,514
7286665916,r,514
7286820888,r,514
7286931037,r,514
7287032842,r,514
7287055015,r,514
7287109851,s,514
7287169933,r,514
7287669897,r,514
7287698030,r,514
7287700891,r,514
7288079023,r,514
7288084030,r,514
7288121938,r,514
7288320064,r,514
7288411855,s,514
7288480043,r,514
7288482904,r,514
7291888952,r,514
7291905879,r,514
7291960000,r,514
7291962862,r,514
7292067050,r,514
7292069911,r,514
7292109966,r,514
7292177915,r,514
7292367935,r,514
7292371988,r,514
7292446851,s,514
7292536973,r,514
7292539834,r,514
7292921066,r,514
7292925834,r,514
7292973995,r,514
7293112039,r,514
7293153047,r,514
7293155908,r,514
7293555021,r,514
7293648958,r,514
7293670892,r,514
7293709039,s,514
7293932914,r,514
7293936967,r,514
7294079065,r,514
7294082880,r,514
7294105052,r,514
7294107913,r,514
7294338941,r,514
7294343948,r,514
7294446945,r,514
7294450998,r,514
7294869899,r,514
7294874906,r,514
7294914007,r,514
7295632839,r,514
7295675039,r,514
7295676946,r,514
7295735836,r,514
7295737981,r,514
7295773983,r,514
7295892953,s,514
7315180063,r,514
7315194845,r,514
7315253973,r,514
7322664022,r,514
7322819948,s,514
7322872877,r,514
7322875976,r,514
7323173999,r,514
7323179006,r,514
7323431015,r,514
7323588848,r,514
7323716878,r,514
7323720932,r,514
7323956012,r,514
7323961019,r,514
7324151992,r,514
7324156999,r,514
7324178934,r,514
7324293851,r,514
7324425935,r,514
7324429035,r,514
7324466943,r,514
7324766874,r,514
7324805974,r,514
7324807882,r,514
7324866056,r,514
7324868917,r,514
7324975013,r,514
7325033903,s,514
7325159072,r,514
7325162887,r,514
7325274944,r,514
7333590030,r,514
7333652973,r,514
7333657026,r,514
7333796024,r,514
7343677043,r,514
7343728065,r,514
7349381923,r,514
7349415063,r,514
7349524974,s,514
7349565982,r,514
7350589990,s,514
7350884914,r,514
7350890874,r,514
7351052045,r,514
7351057052,r,514
7351096868,r,514
7351165056,s,514
7352349996,r,514
7352355957,r,514
7352382898,r,514
7352638959,r,514
7352679967,r,514
7352681875,r,514
7352905988,r,514
7352910041,r,514
7352949857,r,514
7353168964,s,514
7353911876,r,514
7353916883,r,514
7353965997,r,514
7354059934,r,514
7354496955,r,514
7354500055,r,514
7354537963,r,514
7354653835,r,514
7354675054,r,514
7354768037,r,514
7354946851,r,514
7354950904,r,514
7355036020,r,514
7356368064,r,514
7356407880,r,514
7356410980,r,514
7356812000,r,514
7356816053,r,514
7356853008,r,514
7357200860,r,514
7357239961,r,514
7357336997,r,514
7357374906,r,514
7357378005,r,514
7357512950,r,514
7357516050,r,514
7357553958,r,514
7357627868,r,514
7358495950,s,514
7358711957,r,514
7358716011,r,514
7358875989,r,514
7358934879,s,514
7359304904,r,514
7359310865,r,514
7359333038,r,514
7359441041,r,514
7359482049,r,514
7359483957,r,514
7359629869,r,514
7359633922,r,514
7359747886,r,514
7360939025,r,514
7360965013,r,514
7361240863,r,514
7364456892,r,514
7364672899,r,514
7364693880,r,514
7365916013,r,514
7365957021,r,514
7365959882,r,514
7366447925,r,514
7366452932,r,514
7366543054,s,514
7366729021,r,514
7366904020,r,514
7366926908,r,514
7367243051,r,514
7367266893,r,514
7367341041,r,514
7367362976,r,514
7367523908,r,514
7367564916,r,514
7367567062,r,514
7368461847,s,514
7369284868,s,514
7369333028,s,514
7374593019,r,514
7374599933,r,514
7374659061,r,514
7375773906,r,514
7386189937,r,514
7386195898,r,514
7386237859,r,514
7388149976,r,514
7388282060,r,514
7388284921,r,514
7388323068,r,514
7388324975,r,514
7388480901,r,514
7388484001,r,514
7388613939,r,514
7388617038,r,514
7388653993,r,514
7388655900,r,514
7388862848,r,514
7389170885,r,514
7389191865,r,514
7389317035,r,514
7389354944,r,514
7389356851,r,514
7389458894,r,514
7389461994,r,514
7389579057,r,514
7389582872,r,514
7389623880,r,514
7389626026,r,514
7389724969,r,514
7389849901,r,514
7389976024,r,514
7389978885,r,514
7390114068,r,514
7390140056,r,514
7390177011,r,514
7390229940,r,514
7390282869,r,514
7390285968,r,514
7390370845,r,514
7390435934,s,514
7390600919,s,514
7390823841,s,514
7405048847,r,514
7405889987,r,514
7405933856,r,514
7405936956,r,514
7406293869,r,514
7406296968,r,514
7406352043,r,514
7406379938,r,514
7406417846,r,514
7410034894,r,514
7410075902,r,514
7410078048,r,514
7410748004,s,514
7410894870,s,514
7411010026,r,514
7411013841,r,514
7411051988,r,514
7412205934,r,514
7412252902,r,514
7412256002,r,514
7413110017,r,514
7413748025,r,514
7413791894,r,514
7413794994,r,514
7414056062,r,514
7414059877,r,514
7414826869,r,514
7415320873,r,514
7415483951,r,514
7415953874,r,514
7416127920,s,514
7416269063,r,514
7416272878,r,514
7416960954,r,514
7417716026,r,514
7417742013,r,514
7418361902,r,514
7418401956,r,514
7418405056,r,514
7418802976,r,514
7419013023,r,514
7419055938,r,514
7419059038,r,514
7419165849,r,514
7419169902,r,514
7419206857,r,514
7419286012,r,514
7419476032,r,514
7419479846,r,514
7419515848,r,514
7419615983,r,514
7419654846,r,514
7419842004,r,514
7420342922,r,514
7420346975,r,514
7420650005,r,514
7421061992,r,514
7421083927,r,514
7421499967,r,514
7421519994,r,514
7421615839,r,514
7421941995,r,514
7421946048,r,514
7421983003,r,514
7422492980,r,514
7422533035,r,514
7422535896,r,514
7422570943,r,514
7422742843,s,514
7422843933,s,514
7422904968,r,514
7422908067,r,514
7422909021,r,514
7423146963,s,514
7423233032,r,514
7423236846,r,514
7423277854,r,514
7423405885,r,514
7423444986,r,514
7423447847,r,514
7423788070,r,514
7423792839,r,514
7423832893,r,514
7424015045,r,514
7424042940,r,514
7424046039,r,514
7424180984,r,514
7424183845,r,514
7424221992,r,514
7424288034,s,514
7424371957,r,514
7424373865,r,514
7424375057,r,514
7424470901,s,514
7449375867,r,514
7449532032,r,514
7449569940,r,514
7450931072,r,514
7450980901,r,514
7450984954,r,514
7451570034,r,514
7451575040,r,514
7451596975,r,514
7451920986,r,514
7451963901,r,514
7451968908,r,514
7452237844,r,514
7452242851,r,514
7452446937,r,514
7452450990,r,514
7452564001,r,514
7452566862,r,514
7452897071,r,514
7452900886,r,514
7452940940,r,514
7453064918,r,514
7453103065,r,514
7453166961,r,514
7453378915,r,514
7453382968,r,514
7453430891,r,514
7453650951,r,514
7453675985,r,514
7458550930,s,514
7473300933,r,514
7473562955,r,514
7473630905,r,514
7474056005,r,514
7474091053,r,514
7474225044,r,514
7474267959,r,514
7474271059,r,514
7474452972,r,514
7474457025,r,514
7474494934,r,514
7474612951,r,514
7474650859,r,514
7474653959,r,514
7477298974,r,514
7477303028,r,514
7477340936,r,514
7477429866,r,514
7477468967,r,514
7477470874,r,514
7477597951,r,514
7477601051,r,514
7477638006,r,514
7477813959,r,514
7477855920,r,514
7477859020,r,514
7478448867,r,514
7478453874,r,514
7478476047,r,514
7478477954,r,514
7478497028,r,514
7478499889,r,514
7482480049,s,514
7482600927,s,514
7482967853,s,514
7483430862,r,514
7483435869,r,514
7483485937,r,514
7483839988,r,514
7483883857,r,514
7483886003,r,514
7484112024,r,514
7484115839,r,514
7484155893,r,514
7484251976,s,514
7484333038,r,514
7484333038,r,514
7484365940,r,514
7484456062,r,514
7484475851,r,514
7484889984,r,514
7484912872,r,514
7494334936,r,514
7506182909,r,514
7506191015,r,514
7506265878,r,514
7506268978,r,514
7506326913,r,514
7506448984,r,514
7506847858,r,514
7506851911,r,514
7506945848,r,514
7507351875,r,514
7507380962,r,514
7507462024,r,514
7507555007,r,514
7507560968,r,514
7507730007,r,514
7507734060,r,514
7507770061,r,514
7508193016,r,514
7508409976,r,514
7508448839,r,514
7508702993,r,514
7509052991,r,514
7509114027,r,514
7509115934,r,514
7514042854,s,514
7515321016,r,514
7515326023,r,514
7515368938,r,514
7515437841,r,514
7515522956,s,514
7528950929,r,514
7528955936,r,514
7528996944,r,514
7529084920,s,514
7529522895,r,514
7529528856,r,514
7529618978,s,514
7529818058,r,514
7530020952,r,514
7530045986,r,514
7530146837,r,514
7530498981,r,514
7530727863,r,514
7530752897,r,514
7530984878,r,514
7531286954,r,514
7531291961,r,514
7531332015,r,514
7531391859,r,514
7531430959,r,514
7531434059,r,514
7531534910,r,514
7531538009,r,514
7531678915,r,514
7531682014,r,514
7531719923,r,514
7531823873,r,514
7531846046,r,514
7531931877,r,514
7531951904,r,514
7532872915,r,514
7532914876,r,514
7532917022,r,514
7533185005,r,514
7533283948,r,514
7542566061,r,514
7542571067,r,514
7542613029,r,514
7542614936,r,514
7542675971,r,514
7542679071,r,514
7542899847,r,514
7542968988,s,514
7543035984,r,514
7543232917,s,514
7543354034,r,514
7543356895,r,514
7543396949,r,514
7543642997,r,514
7543668031,r,514
7543737888,s,514
7543791055,r,514
7543793916,r,514
7543794870,r,514
7544070005,r,514
7544111967,r,514
7544115066,r,514
7544365882,r,514
7544486045,r,514
7544508934,r,514
7544668912,r,514
7544698953,r,514
7544702053,r,514
7544954061,r,514
7544957876,r,514
7544996023,r,514
7545242071,r,514
7545287847,r,514
7545290946,r,514
7545539855,r,514
7545544862,r,514
7545583009,r,514
7545861005,s,514
7547579050,s,514
7553149938,r,514
7553153991,r,514
7553192853,r,514
7554028987,r,514
7560833930,r,514
7560838937,r,514
7561053037,r,514
7561447858,r,514
7561476945,r,514
7561634063,r,514
7561671972,r,514
7561675071,r,514
7562303066,r,514
7562407970,r,514
7562444925,r,514
7562448024,r,514
7562480926,r,514
7562484025,r,514
7562516927,r,514
7562640905,r,514
7562681913,r,514
7562774896,r,514
7562932968,r,514
7562936067,r,514
7563346862,r,514
7563350915,r,514
7563417911,r,514
7563483953,r,514
7563780069,r,514
7563783884,r,514
7563820838,r,514
7563910961,r,514
7563950061,r,514
7563951969,r,514
7564241886,r,514
7564244985,r,514
7564286947,r,514
7564378976,r,514
7564417839,r,514
7564420938,r,514
7564657926,r,514
7564661979,r,514
7564699888,r,514
7565482854,r,514
7565522909,r,514
7565526008,r,514
7567216873,s,514
7567365884,s,514
7567642927,s,514
7583895921,s,514
7586488008,r,514
7586669921,r,514
7586788892,s,514
7586807012,r,514
7586808919,r,514
7587019920,r,514
7587024927,r,514
7587049961,r,514
7587431907,r,514
7587473869,r,514
7587476015,r,514
7587575912,s,514
7587663888,r,514
7587664842,r,514
7587934017,r,514
7588096857,r,514
7588124036,r,514
7588127851,r,514
7588583946,r,514
7588588953,r,514
7588628053,r,514
7588889837,r,514
7588930845,r,514
7588933944,r,514
7589946031,r,514
7589951038,r,514
7589988946,r,514
7590268850,r,514
7590291023,r,514
7590425014,r,514
7590502023,s,514
7590565919,r,514
7590568065,r,514
7590569019,r,514
7590821027,r,514
7590842008,r,514
7590999841,r,514
7595242977,r,514
7595250844,r,514
7595290899,r,514
7600506067,r,514
7600546836,r,514
7600756883,r,514
7600841045,s,514
7600940942,r,514
7600942850,r,514
7600980043,r,514
7601045846,r,514
7601067066,r,514
7601175069,r,514
7601212978,r,514
7601215839,r,514
7601582050,r,514
7601585865,r,514
7601608991,r,514
7601827859,r,514
7602071046,r,514
7602076053,r,514
7602200984,r,514
7602205991,r,514
7602320909,r,514
7602414846,r,514
7602441072,r,514
7602442979,r,514
7603101968,r,514
7603106975,r,514
7603145837,r,514
7603213071,s,514
7603497982,r,514
7603630065,r,514
7603670835,r,514
7603672981,r,514
7603734016,r,514
7603736877,r,514
7603775978,r,514
7603909015,r,514
7603930950,r,514
7604341030,r,514
7604379892,r,514
7604382991,r,514
7610370874,r,514
7611050844,r,514
7611094951,r,514
7611096858,r,514
7611263036,r,514
7611265897,r,514
7611361980,s,514
7618640899,r,514
7618646860,r,514
7618831872,r,514
7619065999,r,514
7619107961,r,514
7619109869,r,514
7619170904,r,514
7619174003,r,514
7619214057,r,514
7619417905,r,514
7619439840,r,514
7619529962,r,514
7619567871,s,514
7619845867,r,514
7619850873,r,514
7619968891,r,514
7620126962,r,514
7620167016,r,514
7620208978,r,514
7620491027,r,514
7620494842,r,514
7620533943,r,514
7620609998,r,514
7620648860,r,514
7620651006,r,514
7620801925,r,514
7620806932,r,514
7620893001,r,514
7622238874,r,514
7622283935,r,514
7622287034,r,514
7622488975,r,514
7622493982,r,514
7622514009,r,514
7622516870,r,514
7622660875,r,514
7622868061,r,514
7622889995,r,514
7622946023,s,514
7623888015,r,514
7629938840,r,514
7629963874,r,514
7632556915,r,514
7632600069,r,514
7632603883,r,514
7632665872,r,514
7632668972,r,514
7632704973,r,514
7632829904,r,514
7632870912,r,514
7632873058,r,514
7633269071,r,514
7633272886,r,514
7633312940,r,514
7633816957,r,514
7633857965,r,514
7633861064,r,514
7633897066,r,514
7633899927,r,514
7633959054,r,514
7634067058,r,514
7634115934,r,514
7634119033,r,514
7634279966,r,514
7634283065,r,514
7634333848,s,514
7634388923,r,514
7634680032,r,514
7634764909,s,514
7634806871,r,514
7634809970,r,514
7635143995,r,514
7635149002,r,514
7635186910,r,514
7635251998,s,514
7664197921,r,514
7664213895,r,514
7664270877,r,514
7691716909,r,514
7691772937,r,514
7691776037,r,514
7691920042,r,514
7692008018,s,514
7692354917,r,514
7692359924,r,514
7692399978,r,514
7692456960,r,514
7692997932,r,514
7693002939,r,514
7693042993,r,514
7694218873,r,514
7694242954,r,514
7694525003,r,514
7694612026,s,514
7694732904,r,514
7694733858,r,514
7694772958,r,514
7694911003,r,514
7694932937,r,514
7695127964,r,514
7695284843,r,514
7695289850,r,514
7695421934,r,514
7695683002,r,514
7695706844,r,514
7695790052,r,514
7695885896,s,514
7696084976,r,514
7696089982,r,514
7696127891,r,514
7696277856,r,514
7696303844,r,514
7696305990,r,514
7696728944,s,514
7702607870,r,514
7702614068,r,514
7702695846,r,514
7702970981,r,514
7703014850,r,514
7703017950,r,514
7703418016,r,514
7703423976,r,514
7703474044,r,514
7703553915,s,514
7703618049,r,514
7703619956,r,514
7703714847,r,514
7703718900,r,514
7704213857,r,514
7704218864,r,514
7704262971,r,514
7704264879,r,514
7704325914,r,514
7704329013,r,514
7704437971,r,514
7704483032,s,514
7704762935,r,514
7704767942,r,514
7704805850,r,514
7704957008,r,514
7704990863,r,514
7705076932,r,514
7705229997,r,514
7705235004,r,514
7705276966,r,514
7705486059,r,514
7705528974,r,514
7705530881,r,514
7705854892,r,514
7705859899,r,514
7705899000,r,514
7705901861,r,514
7705958843,r,514
7705961942,r,514
7706271886,r,514
7706275939,r,514
7706312894,r,514
7720444917,r,514
7720613956,r,514
7720619916,r,514
7720659971,r,514
7720758914,s,514
7720871925,r,514
7720876932,r,514
7721020936,r,514
7721035957,r,514
7721138000,r,514
7722980976,r,514
7723031044,r,514
7723033905,r,514
7723302841,r,514
7723306894,r,514
7723578929,r,514
7723583936,r,514
7723603963,r,514
7723971843,r,514
7724107980,r,514
7724112987,r,514
7724200963,r,514
7724205017,r,514
7724225997,r,514
7724300861,s,514
7724385976,r,514
7724386930,r,514
7724387884,r,514
7724443912,r,514
7724649906,r,514
7724653959,r,514
7724920988,r,514
7724925994,r,514
7724945068,r,514
7725071907,r,514
7725092887,r,514
7725192070,r,514
7731880903,r,514
7731893062,r,514
7731945991,r,514
7731948852,r,514
7742560863,r,514
7742572069,r,514
7742605924,r,514
7742795944,s,514
7743191957,r,514
7743197917,r,514
7743362903,r,514
7743366956,r,514
7743406057,r,514
7743654012,r,514
7743696928,r,514
7743700027,r,514
7743758916,r,514
7743845939,s,514
7743959903,r,514
7743963956,r,514
7744058847,r,514
7744061946,r,514
7744102001,r,514
7744230031,r,514
7744402885,r,514
7744407892,r,514
7744473934,s,514
7744693040,r,514
7744698047,r,514
7744869947,r,514
7744874000,r,514
7745166063,r,514
7745171070,r,514
7745262861,r,514
7745265960,r,514
7745378971,r,514
7745383024,r,514
7745733976,r,514
7745738983,r,514
7745779037,r,514
7745883941,r,514
7745923042,r,514
7745925903,r,514
7746078014,r,514
7746083021,r,514
7746104955,r,514
7753357887,r,514
7764075994,r,514
7764759063,r,514
7764793872,r,514
7764855861,s,514
7764922857,r,514
7765101909,r,514
7765133857,r,514
7765405893,r,514
7765428066,r,514
7765928983,r,514
7765954971,r,514
7765956878,r,514
7766029834,s,514
7766240835,r,514
7766245841,r,514
7766298055,r,514
7766800880,r,514
7766842842,r,514
7766845941,r,514
7767170906,r,514
7767174959,r,514
7767214059,r,514
7767439842,r,514
7767667055,r,514
7767670869,r,514
7767721891,r,514
7767724037,r,514
7767757892,r,514
7767818927,r,514
7767839908,r,514
7767921924,r,514
7768116950,r,514
7768121004,r,514
7768157958,r,514
7768185853,s,514
7768417835,r,514
7768791913,r,514
7768813848,r,514
7768966913,r,514
7769006967,r,514
7769008874,r,514
7776265859,r,514
7776365995,s,514
7776946067,r,514
7776950836,r,514
7776993036,r,514
7777046918,s,514
7777226924,r,514
7777231931,r,514
7777273893,r,514
7777472019,r,514
7777514934,r,514
7777518033,r,514
7777652978,r,514
7777657985,r,514
7777682065,r,514
7778131961,r,514
7778172969,r,514
7778176069,r,514
7778566837,r,514
7778571844,r,514
7778609991,r,514
7778949022,r,514
7778990030,r,514
7778992891,r,514
7779052972,r,514
7779056072,r,514
7779091835,r,514
7779160022,s,514
7779202938,r,514
7779204845,r,514
7779206037,r,514
7780699968,s,514
7781007051,r,514
7781012058,r,514
7781092882,r,514
7781213998,r,514
7781422853,r,514
7781426906,r,514
7785116910,r,514
7785121917,r,514
7785165071,r,514
7785233020,s,514
7787274837,r,514
7800094842,r,514
7800421953,r,514
7800430059,r,514
7800478935,r,514
7800482034,r,514
7800519943,r,514
7800521850,r,514
7800629854,s,514
7801050901,r,514
7801056861,r,514
7801077842,r,514
7801475048,r,514
7801517963,r,514
7801521062,r,514
7801579952,r,514
7801581859,r,514
7801619052,r,514
7801717996,s,514
7802001953,r,514
7802006959,r,514
7802046060,r,514
7802165985,r,514
7802423000,r,514
7802428007,r,514
7802679061,r,514
7802682876,r,514
7802721023,r,514
7802995920,r,514
7803036928,r,514
7803040027,r,514
7803114891,r,514
7803117990,r,514
7803153991,r,514
7803349971,r,514
7803537845,r,514
7803540945,r,514
7803714990,r,514
7803719043,r,514
7803740978,r,514
7804779052,s,514
7813067913,r,514
7813681840,r,514
7814424037,r,514
7814435005,r,514
7814487934,r,514
7814713954,r,514
7814759969,r,514
7814761877,r,514
7815114021,s,514
7815155982,r,514
7815160036,r,514
7815310001,s,514
7815496921,r,514
7815501928,r,514
7815538883,r,514
7815649032,r,514
7815940856,r,514
7815944910,r,514
7816226005,r,514
7816231012,r,514
7816277980,r,514
7816711902,r,514
7816736936,r,514
7816738843,r,514
7816756963,r,514
7817546844,r,514
7817587852,r,514
7817590951,r,514
7817702054,r,514
7817705869,r,514
7817724943,r,514
7817728042,r,514
7817806959,r,514
7817811012,r,514
7818157911,s,514
7818210840,r,514
7818213939,r,514
7818214893,r,514
7818273067,r,514
7818358898,r,514
7818361997,r,514
7818496942,r,514
7818583965,r,514
7818716049,r,514
7818719863,r,514
7818758964,r,514
7818784952,r,514
7819056034,r,514
7819058895,r,514
7819097995,r,514
7819318056,s,514
7819437980,s,514
7832233905,r,514
7832239866,r,514
7832284927,r,514
7832532882,r,514
7832637071,r,514
7832640886,r,514
7833231925,r,514
7833236932,r,514
7833278894,r,514
7833590984,r,514
7833641052,r,514
7833643913,r,514
7833762884,r,514
7833765029,r,514
7833831071,r,514
7834285974,r,514
7834338903,r,514
7834342002,r,514
7834465026,r,514
7834466934,r,514
7834539890,r,514
7834710836,r,514
7834753036,r,514
7834754943,r,514
7834861040,r,514
7834863901,r,514
7834900856,r,514
7834998846,s,514
7835089921,r,514
7835092067,r,514
7835129022,r,514
7851053953,r,514
7883008003,r,514
7883167028,s,514
7883692979,r,514
7883698940,r,514
7883744955,r,514
7883995056,r,514
7884031057,r,514
7884091854,r,514
7884132862,r,514
7884240865,r,514
7884429931,r,514
7884433984,r,514
7884471893,r,514
7884696006,s,514
7884767055,r,514
7884769916,r,514
7884770870,r,514
7885197877,r,514
7885241031,r,514
7885244846,r,514
7885292053,r,514
7885294914,r,514
7885391950,r,514
7885758876,r,514
7885802984,r,514
7885805845,r,514
7886191844,r,514
7886196851,r,514
7886308908,s,514
7886368989,r,514
7886371850,r,514
7886492967,r,514
7886497020,r,514
7886612892,r,514
7886617898,r,514
7886640071,r,514
7886739015,r,514
7886759996,r,514
7886958837,r,514
7894162893,r,514
7896362066,s,514
7899271011,r,514
7899277925,r,514
7900194883,r,514
7900198936,r,514
7900238037,r,514
7900295972,r,514
7900333881,r,514
7900336980,r,514
7900558948,r,514
7900562047,r,514
7900637865,r,514
7900784015,r,514
7900951862,r,514
7900955915,r,514
7901182889,r,514
7901449918,r,514
7901489019,r,514
7901491880,r,514
7901628017,r,514
7901632070,r,514
7901748895,r,514
7901984930,r,514
7902034044,r,514
7902148008,r,514
7902278900,r,514
7902282953,r,514
7902334928,r,514
7902437925,s,514
7902698040,r,514
7902701854,r,514
7902740001,r,514
7902946949,r,514
7902969837,r,514
7903153896,r,514
7903221845,s,514
7903284072,r,514
7903286933,r,514
7903287887,r,514
7909653902,r,514
7909702062,r,514
7909705877,r,514
7911202907,r,514
7911792993,r,514
7911836862,r,514
7911839962,r,514
7911902904,r,514
7911906003,r,514
7911947011,r,514
7912003993,s,514
7912132024,s,514
7915292978,r,514
7915297985,r,514
7915338993,r,514
7915571928,r,514
7915611982,r,514
7915613889,r,514
7915951967,r,514
7915956974,r,514
7915986061,r,514
7916290998,r,514
7916313886,r,514
7916316032,r,514
7916617870,r,514
7916622877,r,514
7916661977,r,514
7916942834,r,514
7916967868,r,514
7916971921,r,514
7917057037,s,514
7917289972,r,514
7917294979,r,514
7917333841,r,514
7917672872,r,514
7917716026,r,514
7917718887,r,514
7917777061,r,514
7917779922,r,514
7917880058,r,514
7921357870,r,514
7921411037,r,514
7921413898,r,514
7921525955,s,514
7921922922,r,514
7921927928,r,514
7922266006,r,514
7922327995,s,514
7922446966,r,514
7922448873,r,514
7926193952,r,514
7926295042,r,514
7926329851,r,514
7931668996,r,514
7932168960,r,514
7932174921,r,514
7932710886,r,514
7932715892,r,514
7932826042,r,514
7933470964,r,514
7933538913,r,514
7933542013,r,514
7933650016,s,514
7933977842,r,514
7933982849,r,514
7934022903,r,514
7934063911,r,514
7935205936,r,514
7935211896,r,514
7935255050,r,514
7935739040,r,514
7935781002,r,514
7935783863,r,514
7936233043,r,514
7936235904,r,514
7936322927,r,514
7946588039,r,514
7946635007,r,514
7946637868,r,514
7946790933,s,514
7948006868,r,514
7948011875,r,514
7948142051,r,514
7948658943,r,514
7948699951,r,514
7948701858,r,514
7948890924,r,514
7949342966,r,514
7949383974,r,514
7949386835,r,514
7949471950,s,514
7949732065,r,514
7949737071,r,514
7950186967,r,514
7958150863,r,514
7958201885,r,514
7958458900,r,514
7958500862,r,514
7958503961,r,514
7961753845,r,514
7961834907,s,514
7962306976,r,514
7962311983,r,514
7962445020,r,514
7962978839,r,514
7963022947,r,514
7963024854,r,514
7963263988,r,514
7963268995,r,514
7963309049,r,514
7963557004,r,514
7963598966,r,514
7963602066,r,514
7963923931,r,514
7964135885,r,514
7964159965,r,514
7964402914,r,514
7964434862,r,514
7964437961,r,514
7965281963,r,514
7965286970,r,514
7965375900,r,514
7965378999,r,514
7968716859,r,514
7968723058,r,514
7968824863,r,514
7975753068,r,514
7975803852,r,514
7975808858,r,514
7975826978,r,514
7975959062,s,514
7976969957,r,514
7976976871,r,514
7977016925,r,514
7977090835,s,514
7977169990,r,514
7977272033,r,514
7977293968,r,514
7977581024,r,514
7977930068,r,514
7977934837,r,514
7977972984,r,514
7978026866,r,514
7978049039,r,514
7978245973,r,514
7978599071,r,514
7978603839,r,514
7978641986,r,514
7978925943,r,514
7979012012,s,514
7979130983,r,514
7979135036,r,514
7979413986,r,514
7981459856,r,514
7981499910,r,514
7981541872,r,514
7981698989,r,514
7981703042,r,514
7981806993,r,514
7981994867,r,514
7982017040,r,514
7982020854,r,514
7982125997,r,514
7982159852,s,514
7987534046,r,514
7987541913,r,514
7987585067,r,514
7990666866,r,514
7990690946,r,514
7990772962,r,514
7990856885,s,514
7990999937,r,514
7991003990,r,514
7991232872,r,514
7991236925,r,514
7991261959,r,514
7991378068,r,514
7991416931,r,514
7991420984,r,514
7991621017,r,514
7991626977,r,514
7991649866,r,514
7991881847,r,514
7991922855,r,514
7991926908,r,514
7993290901,r,514
7993296861,r,514
7993335962,r,514
7993888854,r,514
7993978023,r,514
7993981838,r,514
7994108915,r,514
7994286060,r,514
7994308948,r,514
7994459867,r,514
7994499921,r,514
7994502067,r,514
7994596958,s,514
7995198011,r,514
7995203018,r,514
7995225906,r,514
7995444059,r,514
7995565891,r,514
7995570898,r,514
7995632886,s,514
7996073007,r,514
7996077060,r,514
7996165037,r,514
7996294975,r,514
7997413873,r,514
7997655868,r,514
7997696876,r,514
7997699975,r,514
7997784852,s,514
7997843980,r,514
7997846841,r,514
7997932910,r,514
8010530948,r,514
8010575056,r,514
8010578870,r,514
8010663032,r,514
8011374950,r,514
8012270927,r,514
8012455940,r,514
8012480020,r,514
8012802839,r,514
8012843847,r,514
8012846946,r,514
8012904882,r,514
8013202905,r,514
8013244867,r,514
8013252019,r,514
8013365030,r,514
8013367891,r,514
8013406038,r,514
8024173021,r,514
8024208068,r,514
8024276971,r,514
8024581909,r,514
8025414943,r,514
8025456905,r,514
8062427997,r,514
8062492847,r,514
8062497854,r,514
8062680959,s,514
8062916040,r,514
8062922000,r,514
8062960863,r,514
8063331842,r,514
8063374996,r,514
8063377857,r,514
8063534021,r,514
8063634872,r,514
8063704013,s,514
8063763856,r,514
8063766956,r,514
8065760850,r,514
8065767049,r,514
8065809011,r,514
8084012031,r,514
8084059953,r,514
8084063053,r,514
8084105968,r,514
8084210872,s,514
8084640979,r,514
8084645986,r,514
8084686994,r,514
8084748029,r,514
8084750890,r,514
8085020065,r,514
8085063934,r,514
8085067033,r,514
8085187911,r,514
8085191965,r,514
8085275888,r,514
8085373878,r,514
8085814952,r,514
8085819959,r,514
8086097955,r,514
8097905874,r,514
8097960948,r,514
8097965002,r,514
8098002910,r,514
8098535060,r,514
8098556995,r,514
8098616838,s,514
8098923921,r,514
8099036931,r,514
8099060058,r,514
8099230051,r,514
8099586963,r,514
8099591970,r,514
8099855899,r,514
8099859952,r,514
8099897861,r,514
8099959850,s,514
8100173950,r,514
8100178003,r,514
8100199937,r,514
8109410047,r,514
8109443902,r,514
8109447002,r,514
8131338834,r,514
8131353855,r,514
8141770839,r,514
8141905069,s,514
8193665027,r,514
8271463871,r,514
8275264978,s,514
8291275978,s,514
8610390901,r,514
8610566854,s,514
8658493995,r,514
8658506870,r,514
8658901929,r,514
8658978939,s,514
8659339904,r,514
8659343957,r,514
8659859895,r,514
8659864902,r,514
8659903049,r,514
8660151958,r,514
8660192966,r,514
8660196065,r,514
8689061880,r,514
8689274072,r,514
8740690946,r,514
8753005981,s,514
8799921989,r,514
8799939870,r,514
8799994945,r,514
8870251894,r,514
8872200012,s,514
8873048067,s,514
9048457860,r,514
9218009948,r,514
9263411998,r,514
9263424873,r,514
9263488054,r,514
9263797998,r,514
9263803005,r,514
9263851881,r,514
9263854026,r,514
9263896942,r,514
9264024019,r,514
9264196872,s,514
9264319896,r,514
9264324903,r,514
9264418840,r,514
9264726877,r,514
9264767885,r,514
9264770030,r,514
9264904975,r,514
9264907836,r,514
9265011072,s,514
9265058994,r,514
9265163898,r,514
9265203952,r,514
9265254020,r,514
9265421867,r,514
9265425920,r,514
9265606880,r,514
9265846967,r,514
9266021966,r,514
9266026973,r,514
9266065835,r,514
9271640062,r,514
9271666049,r,514
9271757841,r,514
9272526979,r,514
9272531986,r,514
9272569894,r,514
9273025035,r,514
9273066997,r,514
9273155927,s,514
9273200988,r,514
9274366855,r,514
9274406909,r,514
9274781942,r,514
9274821996,r,514
9295260906,r,514
9295325040,r,514
9295328855,r,514
9295601844,r,514
9295606851,r,514
9295655965,r,514
9295659065,r,514
9295738935,r,514
9295862913,s,514
9347493886,r,514
9356503963,s,514
9356575965,s,514
9358289957,s,514
9358350992,s,514
9365295886,s,514
9497077941,s,514
9497171878,s,514
9564367055,r,514
9665462970,r,514
9665511846,r,514
9665531873,r,514
9665696859,s,514
9693665027,r,514
9694598913,s,514
9697017908,r,514
9697025060,r,514
9697068929,r,514
9823096990,r,514
9843915939,s,514
9843994855,s,514
9844039916,s,514
9844120025,s,514
9952725887,r,514
10082386970,r,514
10082857847,s,514
10212763071,r,514
10212936878,s,514
10359719991,r,514
10421669960,r,514
10421686887,r,514
10421741962,r,514
10422193050,s,514
10422246933,s,514
10508305072,r,514
10508322000,r,514
10508517026,s,514
10532908916,r,514
10534150838,s,514
10535544872,s,514
10803705930,r,514
10832820892,s,514
10832911014,s,514
10832948923,s,514
10836729049,r,514
10891913890,s,514
10962844848,r,514
10964199066,s,514
11092388868,r,514
11203354835,r,514
11203403949,r,514
11203433036,r,514
11203449964,r,514
11203474998,r,514
11215220928,r,514
11215290069,r,514
11215329885,r,514
11215465068,r,514
11215468883,r,514
11215505838,r,514
11216037988,r,514
11221807956,r,514
11235291004,r,514
11235302925,r,514
11236150980,r,514
11236155033,r,514
11236228942,r,514
11236230850,r,514
11236284017,r,514
11236393928,s,514
11351336956,r,514
11351485967,s,514
11351901054,s,514
11351948022,s,514
11373746871,s,514
11481971025,r,514
11650537014,r,514
11658944845,s,514
11751733064,r,514
11751749038,r,514
11786736965,s,514
11788938999,r,514
11918886899,r,514
12104630947,r,514
