0,s,514
261233091,r,514
261476039,s,514
523073911,r,514
523092031,r,514
523094892,r,514
637623071,r,514
640803098,s,514
643795967,s,514
648597002,s,514
902393102,r,514
1127754926,r,514
1133100032,s,514
1133244991,s,514
1415781974,r,514
1545185089,r,514
1545240879,r,514
1569637060,r,514
1684093952,r,514
1686923980,s,514
1687547922,s,514
1948317050,r,514
2140767097,r,514
2140831947,r,514
2140871047,r,514
2255531072,r,514
2258470058,s,514
2264698028,s,514
2520579099,r,514
2520766973,s,514
2635690927,r,514
2635869026,s,514
2782041072,r,514
2782058954,r,514
2782063007,r,514
2896636009,r,514
2899488925,s,514
2926557064,r,514
2926572084,r,514
2995641946,r,514
2999217033,r,514
2999285936,r,514
2999293088,r,514
2999294042,r,514
2999294996,r,514
3002938032,s,514
3009643077,s,514
3009708881,s,514
3014379024,r,514
3014396905,r,514
3042022943,r,514
3042037963,r,514
3042041063,r,514
3042254924,s,514
3053422927,s,514
3055684089,s,514
3097342967,r,514
3097368955,r,514
3113810062,r,514
3113835096,r,514
3113903045,r,514
3113904953,r,514
3113905906,r,514
3113918066,r,514
3113919019,r,514
3114021062,r,514
3114192008,s,514
3126914978,r,514
3126940011,r,514
3126980066,r,514
3128902912,r,514
3143712043,r,514
3143727064,r,514
3143729925,r,514
3143730878,r,514
3153258085,s,514
3156631946,r,514
3156646966,r,514
3156742095,r,514
3195440053,r,514
3195513963,r,514
3195518970,r,514
3195760011,s,514
3212095022,r,514
3212110996,r,514
3212112903,r,514
3212114095,r,514
3228462934,r,514
3228480100,r,514
3228538990,r,514
3230396032,s,514
3243740081,r,514
3323935031,r,514
3323961973,r,514
3323965072,r,514
3337630987,r,514
3337645053,r,514
3337704896,r,514
3337783098,r,514
3337795972,r,514
3337799072,r,514
3337913990,r,514
3337925910,r,514
3338087081,r,514
3338089942,r,514
3338092088,r,514
3338093042,r,514
3338186025,r,514
3338187932,r,514
3338187932,r,514
3338339090,s,514
3338624954,s,514
3358368873,r,514
3370490074,r,514
3370507001,r,514
3370510101,r,514
3370511054,r,514
3370512008,r,514
3370512962,r,514
3384285926,r,514
3384300947,r,514
3384365081,r,514
3384367942,r,514
3384368896,r,514
3384370088,r,514
3384371042,r,514
3384371995,r,514
3384445905,r,514
3384448051,r,514
3384449005,r,514
3384592056,r,514
3384593963,r,514
3384815931,r,514
3384818077,r,514
3384819984,r,514
3384927034,r,514
3384931087,r,514
3385155916,s,514
3392148971,r,514
3392153978,r,514
3392198085,r,514
3398026943,s,514
3417223930,r,514
3417237997,r,514
3417299032,r,514
3417301893,r,514
3417303085,r,514
3417304039,r,514
3422857046,r,514
3422863006,r,514
3430669069,r,514
3438551902,r,514
3438623905,r,514
3438637018,r,514
3438637971,r,514
3438638925,r,514
3438639879,r,514
3438792943,s,514
3468641996,r,514
3472964048,r,514
3478062868,s,514
3479022979,s,514
3479456901,s,514
3479888916,s,514
3480329990,s,514
3480661869,s,514
3587709903,r,514
3593127012,s,514
3593723058,s,514
3637996912,r,514
3638014078,r,514
3638016939,r,514
3638019084,r,514
3638029098,r,514
3638030052,r,514
3638122081,r,514
3638124942,r,514
3638125896,r,514
3638500928,r,514
3638504028,r,514
3638576984,r,514
3638750076,r,514
3638752937,r,514
3638813972,r,514
3638911008,r,514
3638913869,r,514
3638915061,r,514
3639122962,r,514
3639127016,r,514
3639127969,r,514
3639219999,r,514
3639221906,r,514
3639224052,r,514
3639422893,r,514
3639425992,r,514
3639426946,r,514
3640115022,r,514
3640119075,r,514
3640120983,r,514
3640121936,r,514
3640122890,r,514
3640124082,r,514
3640337944,s,514
3640558958,s,514
3640753030,s,514
3668199062,s,514
3668277978,s,514
3671669006,s,514
3694676876,r,514
3694694995,r,514
3694698095,r,514
3696446895,r,514
3701802968,s,514
3702250003,r,514
3762449026,r,514
3762460947,r,514
3789145946,r,514
3817041873,r,514
3821388006,s,514
3821531057,s,514
3833122968,s,514
3931717872,r,514
3935863018,s,514
3936017036,s,514
3954747915,r,514
3954763889,r,514
3954766035,r,514
3958158016,s,514
3958326101,s,514
3962167978,r,514
3964155912,r,514
3964159965,r,514
3964161872,r,514
3964163064,r,514
3964267015,r,514
3964431047,s,514
3964854002,r,514
3964935064,r,514
3964977025,r,514
3964979887,r,514
3964981079,r,514
3964982032,r,514
3965089082,r,514
3965090990,r,514
3965091943,r,514
3965223073,r,514
3965225934,r,514
3965228080,r,514
3965347051,r,514
3965349912,r,514
3965502977,r,514
3965504884,r,514
3965506076,r,514
3965679883,r,514
3965847015,r,514
3965849876,r,514
3965852022,r,514
3965852975,r,514
3965945005,r,514
3965946912,r,514
3966049909,r,514
3966052055,r,514
3966053009,r,514
3966054916,r,514
3966055870,r,514
3966057062,r,514
3966118097,r,514
3966120004,r,514
3966120958,r,514
3966121912,r,514
3966260910,s,514
3966389894,s,514
3966727972,s,514
3985583066,s,514
3993000984,s,514
3993297100,s,514
3993512868,s,514
3993721961,s,514
3993777036,s,514
4001514911,r,514
4001520872,r,514
4001523017,r,514
4001760959,r,514
4001762866,r,514
4001885890,r,514
4010577917,r,514
4010583877,r,514
4010626077,r,514
4010628938,r,514
4010629892,r,514
4010865926,r,514
4010869979,r,514
4010910987,r,514
4050795078,r,514
4053076982,s,514
4059864997,r,514
4059870958,r,514
4107084989,r,514
4107100963,r,514
4113023042,s,514
4155179977,r,514
4155205011,r,514
4158384084,s,514
4165351867,r,514
4238002061,r,514
4238013029,r,514
4238015890,r,514
4238017082,r,514
4238018035,r,514
4238019943,r,514
4238121986,r,514
4238298892,r,514
4238302946,r,514
4238303899,r,514
4238305091,r,514
4238306045,r,514
4238440990,r,514
4238444089,r,514
4238445997,r,514
4241524934,s,514
4247794866,s,514
4267978906,s,514
4282962083,s,514
4283256053,s,514
4283308982,s,514
4283551931,s,514
4283603906,s,514
4284708976,r,514
4284713029,r,514
4284714937,r,514
4287960052,s,514
4288012981,s,514
4290986061,s,514
4295799016,s,514
4295845985,s,514
4308815002,r,514
4317960023,s,514
4318579912,s,514
4334124088,r,514
4334129095,r,514
4337610006,r,514
4337846994,r,514
4337852001,r,514
4338056087,r,514
4338068962,r,514
4338116884,r,514
4338366985,r,514
4338371038,r,514
4338371992,r,514
4338615894,r,514
4338619947,r,514
4338620901,r,514
4339132070,r,514
4339375019,r,514
4339377880,r,514
4339526891,r,514
4339561939,r,514
4339673995,r,514
4339936017,s,514
4339973926,r,514
4339977025,r,514
4340043067,r,514
4340139865,r,514
4340143918,r,514
4340254068,r,514
4340425968,r,514
4340450048,r,514
4340668916,r,514
4340691089,r,514
4340760946,r,514
4341073989,r,514
4341078042,r,514
4341079950,r,514
4341156005,r,514
4341216087,s,514
4341333866,r,514
4341336011,r,514
4341391086,r,514
4341659069,r,514
4341664075,r,514
4341705083,r,514
4341773033,r,514
4341775894,r,514
4341904878,r,514
4342074871,r,514
4342077970,r,514
4342079877,r,514
4342154979,r,514
4342365026,r,514
4342367887,r,514
4348123073,s,514
4349205017,s,514
4358057975,s,514
4358115911,s,514
4423645973,r,514
4437824964,r,514
4437834024,r,514
4437836885,r,514
4437970876,r,514
4437973976,r,514
4437975883,r,514
4438095092,r,514
4438098907,r,514
4438298940,s,514
4438410043,r,514
4438559055,r,514
4438598871,r,514
4438668966,r,514
4439167022,r,514
4439172029,r,514
4439214944,r,514
4439310073,r,514
4439313888,r,514
4439554929,r,514
4439872980,r,514
4439919948,r,514
4440083026,r,514
4440466880,r,514
4440469980,r,514
4440653085,r,514
4441410064,r,514
4441412925,r,514
4441415071,r,514
4441416025,r,514
4441545963,r,514
4441547870,r,514
4441694021,r,514
4441696882,r,514
4441699028,r,514
4444046020,s,514
4484482049,r,514
4484499931,r,514
4484708070,r,514
4530711889,r,514
4530725955,r,514
4538151979,r,514
4543150901,s,514
4628355026,r,514
4628374099,r,514
4638406038,r,514
4638421058,r,514
4638480901,r,514
4638484001,r,514
4638484954,r,514
4638485908,r,514
4639746904,r,514
4639751911,r,514
4639810085,r,514
4639821052,r,514
4639822959,r,514
4639896869,r,514
4639899015,r,514
4640111923,r,514
4640115976,r,514
4640263080,r,514
4640265941,r,514
4640388011,r,514
4640574932,r,514
4640618085,r,514
4640620946,r,514
4640747070,s,514
4640780925,r,514
4641071081,r,514
4641169071,r,514
4641171932,r,514
4641402959,r,514
4641531944,r,514
4652859926,r,514
4705722093,r,514
4737451076,r,514
4737498998,r,514
4737741947,r,514
4737746000,r,514
4738095045,r,514
4738336086,r,514
4738341093,r,514
4738501071,r,514
4738638877,s,514
4739250898,r,514
4739255905,r,514
4739341020,r,514
4739468097,r,514
4739511966,r,514
4739813089,r,514
4739856004,r,514
4739858865,r,514
4739860057,r,514
4739932060,r,514
4739933967,r,514
4739934921,r,514
4740505933,r,514
4740510940,r,514
4740551948,r,514
4740777015,r,514
4740820884,r,514
4740823984,r,514
4741232872,r,514
4741237878,r,514
4741278886,r,514
4741386890,r,514
4741407871,r,514
4741455078,s,514
4767549037,r,514
4834836959,r,514
4839116096,r,514
4839122056,r,514
4839144945,r,514
4839147090,r,514
4839148044,r,514
4839507102,r,514
4839510917,r,514
4839513063,r,514
4840198993,r,514
4840203046,r,514
4840204000,r,514
4840344905,r,514
4840442895,r,514
4840445995,r,514
4840446949,r,514
4840763092,r,514
4840766906,r,514
4840939998,r,514
4840943098,r,514
4841017007,r,514
4848227977,s,514
4848457098,s,514
4882216930,r,514
4886324882,r,514
4932952880,r,514
4932966947,r,514
4938791036,r,514
4938796997,r,514
4938848018,r,514
4938849925,r,514
4939177036,r,514
4939181089,r,514
4940181016,r,514
4940185070,r,514
4940186023,r,514
4940320014,r,514
4940322875,r,514
4940325021,r,514
4941000938,r,514
4941004991,r,514
4941047906,r,514
4941050052,r,514
4941051959,r,514
4941381931,r,514
4948322057,s,514
4979579925,r,514
4979595899,r,514
4979598999,r,514
4996893882,r,514
5038026094,r,514
5038038015,r,514
5038039922,r,514
5038042068,r,514
5038043022,r,514
5038043975,r,514
5038223981,r,514
5038234949,r,514
5038235902,r,514
5038441896,s,514
5038923025,r,514
5038928031,r,514
5038969993,r,514
5039128065,r,514
5039273023,r,514
5039277076,r,514
5039278030,r,514
5039278984,r,514
5039280891,r,514
5040229082,r,514
5040234088,r,514
5040256023,r,514
5040258884,r,514
5040771007,r,514
5040776014,r,514
5041233062,r,514
5041238069,r,514
5041311025,r,514
5084414005,r,514
5111439943,r,514
5135998964,r,514
5139981031,r,514
5139986038,r,514
5139988899,r,514
5139991045,r,514
5139991998,r,514
5139992952,r,514
5141745090,r,514
5141751050,r,514
5141849040,r,514
5141850948,r,514
5141851902,r,514
5141854047,r,514
5142601966,r,514
5142606973,r,514
5142637968,r,514
5186280012,r,514
5186414003,s,514
5226094007,r,514
5237812995,r,514
5237950086,r,514
5237952947,r,514
5237955093,r,514
5238034963,r,514
5238036870,r,514
5238036870,r,514
5238945007,r,514
5238950967,r,514
5239038944,r,514
5239041090,r,514
5239042997,r,514
5239103078,r,514
5239423036,r,514
5239465951,r,514
5239469051,r,514
5239470005,r,514
5239588975,s,514
5239858865,r,514
5239863872,r,514
5239917039,r,514
5240408897,r,514
5240455865,r,514
5240458965,r,514
5241263866,r,514
5241268873,r,514
5241394042,r,514
5270852088,r,514
5336272001,r,514
5337859869,r,514
5338166952,r,514
5338171005,r,514
5338171958,r,514
5338172912,r,514
5338173866,r,514
5338175058,r,514
5338176012,r,514
5338176965,r,514
5338326931,s,514
5338953971,r,514
5339032888,s,514
5339282035,r,514
5339287042,r,514
5339288949,r,514
5339289903,r,514
5339390993,r,514
5339392900,r,514
5339524984,s,514
5339869022,r,514
5339874029,r,514
5339917898,r,514
5340059995,r,514
5340085029,r,514
5340158939,r,514
5340553045,r,514
5342289924,r,514
5342314004,r,514
5342969894,r,514
5342993974,r,514
5343065977,r,514
5382613897,r,514
5437957048,r,514
5437969923,r,514
5437973022,r,514
5437973976,r,514
5437974929,r,514
5437977075,r,514
5438097953,r,514
5438100099,r,514
5438328981,s,514
5438433885,r,514
5438436031,r,514
5438436985,r,514
5438508033,r,514
5438566923,r,514
5438657045,r,514
5438898086,r,514
5438919067,r,514
5439011096,r,514
5439013957,r,514
5439015865,r,514
5439166069,r,514
5439168930,r,514
5439171075,r,514
5439172029,r,514
5439172983,r,514
5439424991,s,514
5455333948,r,514
5466850042,r,514
5535809993,r,514
5537332057,r,514
5537376880,r,514
5537472009,r,514
5537474870,r,514
5537476062,r,514
5537556886,r,514
5537559032,r,514
5537667036,r,514
5537668943,r,514
5538722038,r,514
5538727998,r,514
5538836002,r,514
5538839101,r,514
5538840055,r,514
5538841009,r,514
5538980960,r,514
5538982868,r,514
5538984060,r,514
5539155960,s,514
5539382934,r,514
5539387941,r,514
5539409875,r,514
5549056053,r,514
5549114942,r,514
5549118995,r,514
5569746971,r,514
5633987903,r,514
5634003877,r,514
5684448003,r,514
6307786941,s,514
6377386093,s,514
6377948045,s,514
6419337034,s,514
6419425964,s,514
6419971942,s,514
6638000011,r,514
6738832950,r,514
6738890886,r,514
6738921880,r,514
6738940954,r,514
6739094018,r,514
6739207029,s,514
6739264011,s,514
6740058898,r,514
6740249872,r,514
6740254879,r,514
6752600908,r,514
6785243988,r,514
6785312891,r,514
6785316944,r,514
6836751937,r,514
6836771011,r,514
6836813926,r,514
6836817979,r,514
6836818933,r,514
6836993932,r,514
6836997032,r,514
6836997985,r,514
6837030887,r,514
6837148904,r,514
6837296962,r,514
6837310075,r,514
6883430004,r,514
6883446931,r,514
6883508920,r,514
6883512973,r,514
6883513927,r,514
6899758100,r,514
6940488100,r,514
6940536022,r,514
6940901041,r,514
6941026926,s,514
7053656101,r,514
7138525962,r,514
7138556003,r,514
7153348922,r,514
7153367042,r,514
7153421878,r,514
7236118078,r,514
7239975929,s,514
7247659921,r,514
7250128984,s,514
7255855083,s,514
7538954973,r,514
7543044090,s,514
7737552881,r,514
7891611099,r,514
7891855001,s,514
8174367904,r,514
8175486087,s,514
8420445919,s,514
8471942901,r,514
8471960067,r,514
8471963882,r,514
8518310070,r,514
8518326997,r,514
8518382072,r,514
8538327932,s,514
8569983959,r,514
8570003986,r,514
8573975086,s,514
8586283922,r,514
8586977005,s,514
8587387084,s,514
8818341016,r,514
8818518877,s,514
8955952882,r,514
8956142902,s,514
9060868978,r,514
9060889959,r,514
9060893058,r,514
9061136007,s,514
9070847988,r,514
9105926990,r,514
9105993986,r,514
9105998992,r,514
9185445070,r,514
9190808057,r,514
9290981054,r,514
9290998935,r,514
9291002035,r,514
9299592018,s,514
9305366992,r,514
9309755086,s,514
9313736915,s,514
9313819885,s,514
9349483966,r,514
9349502086,r,514
9396656036,r,514
9399995088,s,514
9428745031,r,514
9430608987,s,514
9453118085,r,514
9453132867,r,514
9543058872,r,514
9543294906,r,514
9545665025,s,514
9658120870,r,514
9658307075,s,514
9772561073,r,514
9863836050,r,514
9864469051,s,514
9864882946,s,514
9875241041,s,514
9876941919,s,514
9887290000,r,514
9888361930,s,514
10001950025,r,514
10116766929,r,514
10153997898,r,514
10154066085,r,514
10154073000,r,514
10156171083,s,514
10268505096,r,514
10268754959,s,514
10270680904,s,514
10430722951,r,514
10438189029,r,514
10438198089,r,514
10438200950,r,514
10438201904,r,514
10438204050,r,514
10485415935,r,514
10485442876,r,514
10485480070,r,514
10536285877,r,514
10536303997,r,514
10536520004,s,514
10552674055,r,514
10707603931,r,514
10708894968,s,514
10734649896,r,514
10734667062,r,514
10822154045,r,514
10983742952,r,514
10985835075,s,514
10986109972,s,514
11038007021,r,514
11038022041,r,514
11038024902,r,514
11038026094,r,514
11038028001,r,514
11039310932,r,514
11039315938,r,514
11039367914,r,514
11084727048,r,514
11084762096,r,514
11084764003,r,514
11084765911,r,514
11084766864,r,514
11084832906,r,514
11084917068,r,514
11084918975,r,514
11085022926,r,514
11085025072,r,514
11085026979,r,514
11085114955,r,514
11085373878,s,514
11098336935,r,514
11136380910,r,514
11136460065,r,514
11136465072,r,514
11136466026,r,514
11136476039,r,514
11136476993,r,514
11136477947,r,514
11136478900,r,514
11136586904,r,514
11136589050,r,514
11136704921,r,514
11136707067,r,514
11136708021,r,514
11136950969,s,514
11137862920,r,514
11137876987,r,514
11137981891,s,514
11182755947,r,514
11182774066,r,514
11182828903,r,514
11182832956,r,514
11182833910,r,514
11215413093,r,514
11234531879,r,514
11234598875,r,514
11318738937,r,514
11329959869,r,514
11423367977,s,514
11444494962,r,514
11493316888,s,514
11493669986,s,514
11601572036,r,514
11896748065,r,514
11896979093,s,514
12011275053,r,514
12011468887,s,514
12160187959,r,514
12160204887,r,514
12160207986,r,514
12274734020,r,514
12276673078,s,514
12276920080,s,514
12372952938,r,514
12372973918,r,514
12391587019,r,514
12506263017,r,514
12509748935,s,514
12509969949,s,514
12624582052,r,514
12671175956,r,514
12739166021,r,514
12751307010,s,514
12761255025,s,514
12769717931,s,514
12778132915,s,514
12778193950,s,514
12782202959,s,514
12853715896,r,514
12887130022,r,514
12887202978,r,514
12887207031,r,514
12887207984,r,514
12887209892,r,514
12888032913,r,514
12888252019,r,514
12888294935,r,514
12934344053,r,514
12934365987,r,514
12934369087,r,514
12934370040,r,514
12934371948,r,514
12934372901,r,514
12934504032,r,514
12934505939,r,514
12934557914,r,514
12934560060,r,514
12934815883,s,514
12934956073,s,514
13001863002,r,514
13019001007,r,514
13078634023,r,514
13114923000,r,514
13115000009,r,514
13115006923,r,514
13116513967,r,514
13150719881,r,514
13150780916,r,514
13151237964,r,514
13151341915,r,514
13151345014,r,514
13151345968,r,514
13151347875,r,514
13151521921,r,514
13151534080,r,514
13151566028,r,514
13151568889,r,514
13151819944,r,514
13151823043,r,514
13151998043,s,514
13152726888,s,514
13153129100,s,514
13169945001,r,514
13169970989,r,514
13169972896,r,514
13169974088,r,514
13169975042,r,514
13170217990,s,514
13197161912,r,514
13197172880,r,514
13197226047,r,514
13198167085,r,514
13198272943,r,514
13198276042,r,514
13198276996,r,514
13198277950,r,514
13198278904,r,514
13198616981,r,514
13198622942,r,514
13198673009,r,514
13198675870,r,514
13198677063,r,514
13198678016,r,514
13198745966,r,514
13198747873,r,514
13198894023,s,514
13231146097,r,514
13232668876,s,514
13244642972,r,514
13244661092,r,514
13358996868,r,514
13359590053,s,514
13360011100,s,514
13519262075,r,514
13519280910,r,514
13523473024,r,514
13525433063,s,514
13534785985,r,514
13534802913,r,514
13534919023,r,514
13536879062,s,514
13567226886,r,514
13567251920,r,514
13634088993,r,514
13800529956,r,514
13800767898,s,514
13914998054,r,514
13915175914,s,514
13916934967,r,514
13916939973,r,514
13963432073,r,514
14015187978,r,514
14029991865,r,514
14031046867,s,514
14063535928,r,514
14063554048,r,514
14144495964,r,514
14276570081,r,514
14276588916,r,514
14276592016,r,514
14279741048,s,514
14281166076,s,514
14306185007,r,514
14306202888,r,514
14306205034,r,514
14307317972,r,514
14307322979,r,514
14307373046,r,514
14309053897,s,514
14311551094,r,514
14320235967,r,514
14320245027,r,514
14320247888,r,514
14320410013,s,514
14322932004,r,514
14322937011,r,514
14322937965,r,514
14322939872,r,514
14352604866,r,514
14352619886,r,514
14352676868,r,514
14352679967,r,514
14352680921,r,514
14352684021,r,514
14352684974,r,514
14352931022,s,514
14353772878,r,514
14353779077,r,514
14353821992,r,514
14404236078,r,514
14428592920,s,514
14434957981,r,514
14601655960,r,514
14707511901,r,514
14707529068,r,514
14707531929,r,514
14716068983,r,514
14753644943,r,514
14753660917,r,514
14830668926,r,514
14831120967,s,514
14895108938,s,514
14895870924,s,514
14897011995,s,514
15093124866,r,514
15093141078,r,514
15093146085,r,514
15093147039,r,514
15093147993,r,514
15093148946,r,514
15093149900,r,514
15093151092,r,514
15093152046,r,514
15139756918,r,514
15139777898,r,514
15139822959,r,514
15139826059,r,514
15139975071,r,514
15139977932,r,514
15139980077,r,514
15140074968,r,514
15140078067,r,514
15140311956,s,514
15191407918,r,514
15191426992,r,514
15191462993,r,514
15191633939,s,514
15207396030,r,514
15274981975,r,514
15361721038,r,514
15515522956,r,514
15545655965,s,514
15569948911,s,514
15629489898,s,514
15786933898,s,514
15787016868,s,514
15787523031,s,514
15821100950,r,514
15821119070,r,514
15821122884,r,514
15821629047,s,514
15923538923,r,514
15923557043,r,514
15923559904,r,514
15923569917,r,514
15923570871,r,514
15923573017,r,514
15923711061,r,514
15923713922,r,514
15935664892,r,514
15970139026,r,514
15970278024,r,514
15970282077,r,514
15970283985,r,514
15970284938,r,514
15970285892,r,514
15970287084,r,514
15970288038,r,514
15970289945,r,514
16022163868,r,514
16022181987,r,514
16022227048,r,514
16022229909,r,514
16022232055,r,514
16022342920,r,514
16022562980,r,514
16022567033,r,514
16022681951,r,514
16022684097,r,514
16022685051,r,514
16022929906,r,514
16022933960,r,514
16022934913,r,514
16022944927,r,514
16022947073,r,514
16023155927,s,514
16023228883,r,514
16050294876,r,514
16068542957,r,514
16068559885,r,514
16068562984,r,514
16068564891,r,514
16068566083,r,514
16068604946,r,514
16068607091,r,514
16068733930,r,514
16068856000,r,514
16068859100,r,514
16068907022,r,514
16068909883,r,514
16069097042,r,514
16069098949,r,514
16069099903,r,514
16069321870,r,514
16069508075,r,514
16069511890,r,514
16069513082,r,514
16069514036,r,514
16069624900,r,514
16069627046,r,514
16114944934,r,514
16114963054,r,514
16115024089,r,514
16120040893,r,514
16120089054,r,514
16120091915,r,514
16120301961,r,514
16120306015,r,514
16120421886,r,514
16120424985,r,514
16120455026,r,514
16120456934,r,514
16120533943,r,514
16120537042,r,514
16120713949,r,514
16120718002,r,514
16120761871,r,514
16120764017,r,514
16120948076,r,514
16120950937,r,514
16120953083,r,514
16121069908,r,514
16121073007,r,514
16121074914,r,514
16121140956,r,514
16121143102,r,514
16121265888,r,514
16121269941,r,514
16121309995,r,514
16121500968,s,514
16164959907,r,514
16166804075,r,514
16166929006,r,514
16166939973,r,514
16166944026,r,514
16166946887,r,514
16166949033,r,514
16166951894,r,514
16166954040,r,514
16167099952,r,514
16167104959,r,514
16167105913,r,514
16167109012,r,514
16167623996,r,514
16167632102,r,514
16167635917,r,514
16167644023,r,514
16167645931,r,514
16167649030,r,514
16167650938,r,514
16167653083,r,514
16167654991,r,514
16167658090,r,514
16168082952,r,514
16168089866,r,514
16168093919,r,514
16168097019,r,514
16168099880,r,514
16168102026,r,514
16168103933,r,514
16168106079,r,514
16168108940,r,514
16168183088,r,514
16168189048,r,514
16168190956,r,514
16168359041,r,514
16168364048,r,514
16170192003,s,514
16208127975,r,514
16208144903,r,514
16208204031,r,514
16213346004,r,514
16213413000,r,514
16213419914,r,514
16213423013,r,514
16213950872,r,514
16213957071,r,514
16213958025,r,514
16213959932,r,514
16213962078,r,514
16213963031,r,514
16214097023,r,514
16214101076,r,514
16214103937,r,514
16214104890,r,514
16214107036,r,514
16214107990,r,514
16214364051,r,514
16214369058,r,514
16214370966,r,514
16218590974,r,514
16218604087,r,514
16218708038,r,514
16218713998,r,514
16218717098,r,514
16218719005,r,514
16218721866,r,514
16218724012,r,514
16218726873,r,514
16218896865,r,514
16218901872,r,514
16218988895,r,514
16219261884,r,514
16219270944,r,514
16219273090,r,514
16219614028,r,514
16219621896,r,514
16219624042,r,514
16219626903,r,514
16219630002,r,514
16219631910,r,514
16219907045,r,514
16219913959,r,514
16219917058,r,514
16219919919,r,514
16220189094,s,514
16254566907,r,514
16254580974,r,514
16254641056,r,514
16259798049,r,514
16259871959,r,514
16259878873,r,514
16259881973,r,514
16259885072,r,514
16259886980,r,514
16259890079,r,514
16260153055,r,514
16260158061,r,514
16260159015,r,514
16260160923,r,514
16260626077,r,514
16260634899,r,514
16260643959,r,514
16260647058,r,514
16261023998,r,514
16261029005,r,514
16261030912,r,514
16261031866,r,514
16261034965,r,514
16261036872,r,514
16261039018,r,514
16261040926,r,514
16261497020,s,514
16265089988,r,514
16265103101,r,514
16265218019,r,514
16265223979,r,514
16265227079,r,514
16265229940,r,514
16265233039,r,514
16265234947,r,514
16265238046,r,514
16265240907,r,514
16265330076,r,514
16265336036,r,514
16265338897,r,514
16265707016,r,514
16265712022,r,514
16265713930,r,514
16265716075,r,514
16265717983,r,514
16265719890,r,514
16265721082,r,514
16265722990,r,514
16265794038,r,514
16265796899,r,514
16265982866,r,514
16266376972,r,514
16266381978,r,514
16266383886,r,514
16266386032,r,514
16266387939,r,514
16266388893,r,514
16266391038,r,514
16266391992,r,514
16266393899,r,514
16266395092,r,514
16266396999,r,514
16267396926,s,514
16268326044,s,514
16271363019,s,514
16272022008,s,514
16279414892,r,514
16300999879,r,514
16301059007,r,514
16301064014,r,514
16306344986,r,514
16306350946,r,514
16306351900,r,514
16306353092,r,514
16306354045,r,514
16306423902,r,514
16306591033,r,514
16306740045,r,514
16306742906,r,514
16306744098,r,514
16306819915,r,514
16306823015,r,514
16306981086,r,514
16306983947,r,514
16306984901,r,514
16306986093,r,514
16307070970,r,514
16307081937,r,514
16307251930,r,514
16307255029,r,514
16307255983,r,514
16307394981,r,514
16307396888,r,514
16307558059,r,514
16307560920,r,514
16307664871,r,514
16307988882,s,514
16308209896,s,514
16386070966,s,514
16394176960,r,514
16394358873,s,514
16394505977,s,514
16541697978,r,514
16541718006,r,514
16541720867,r,514
16639934062,r,514
16639961957,r,514
16656140089,r,514
16656764030,s,514
16740791082,r,514
16740813970,r,514
16771883010,r,514
16879549026,r,514
16879571914,r,514
16879576921,r,514
16936429023,r,514
16939364910,s,514
16940072059,s,514
17035724878,r,514
17035741090,r,514
17051054954,r,514
17173584938,r,514
17175539016,s,514
17175780057,s,514
17205656051,r,514
17205817937,s,514
17357940912,r,514
17357958078,r,514
17357960939,r,514
17357963085,r,514
17357964038,r,514
17357964992,r,514
17358119010,r,514
17358237028,r,514
17358248949,r,514
17358251094,r,514
17358337879,r,514
17358340978,r,514
17358341932,r,514
17358344078,r,514
17358345031,r,514
17358345985,r,514
17359448909,r,514
17359591960,r,514
17359638929,r,514
17359700918,s,514
17359900951,r,514
17359904050,r,514
17359946966,r,514
17359950065,r,514
17360087871,s,514
17360168933,r,514
17360171079,r,514
17360172033,r,514
17360260963,r,514
17360262870,r,514
17360264062,r,514
17360368013,r,514
17360369920,r,514
17360722065,r,514
17360728025,r,514
17360769987,r,514
17360771894,r,514
17360805988,r,514
17360807895,r,514
17360809087,r,514
17360810041,r,514
17360930919,r,514
17360994100,s,514
17361039876,r,514
17361042976,r,514
17361109018,r,514
17361110925,r,514
17361274957,r,514
17361279964,r,514
17361438036,r,514
17361442089,r,514
17361480951,r,514
17361536026,r,514
17361538887,r,514
17361662864,r,514
17361767053,r,514
17361788988,r,514
17361955881,r,514
17361958980,r,514
17361959934,r,514
17362119913,r,514
17362122058,r,514
17362263917,r,514
17362267017,r,514
17362441062,r,514
17362443924,r,514
17362546920,r,514
17362549066,r,514
17362662077,r,514
17362664938,r,514
17362665891,r,514
17362710952,r,514
17362874984,r,514
17362878084,r,514
17362879991,r,514
17362972021,r,514
17362974882,r,514
17362976074,r,514
17363094091,r,514
17363096952,r,514
17368041038,s,514
17368561029,s,514
17371165990,s,514
17404110908,r,514
17404128074,r,514
17404130935,r,514
17404131889,r,514
17404134035,r,514
17404145956,r,514
17404300928,r,514
17404304027,r,514
17404304981,r,514
17404314041,r,514
17404413938,r,514
17404416084,r,514
17404417038,r,514
17404541969,r,514
17404545068,r,514
17404641866,r,514
17404644012,r,514
17404721021,r,514
17404723882,r,514
17404865980,r,514
17404867887,r,514
17404936075,r,514
17404937028,r,514
17405044078,r,514
17405045986,r,514
17405154943,r,514
17405157089,r,514
17405221939,r,514
17405224084,r,514
17405277013,r,514
17405467987,s,514
17405611038,s,514
17406219959,r,514
17406224012,r,514
17406316995,r,514
17406612873,r,514
17406615018,r,514
17406708002,r,514
17406797885,s,514
17406945943,r,514
17406949996,r,514
17407031059,r,514
17407032012,r,514
17407177925,r,514
17407181978,r,514
17407449960,r,514
17407454967,r,514
17407901048,r,514
17407905101,r,514
17478070974,r,514
17478609085,s,514
17592518091,r,514
17617938995,r,514
17707176923,r,514
17737981081,s,514
17798522949,s,514
17853941917,r,514
17853957891,r,514
17853960990,r,514
17859704017,s,514
17860143899,s,514
17895678997,s,514
17907759904,s,514
17908456087,s,514
18060226917,r,514
18060407877,s,514
18161104917,r,514
18161122083,r,514
18161134004,r,514
18161359071,r,514
18161360979,r,514
18161361932,r,514
18161432027,r,514
18161434888,r,514
18161606073,r,514
18161730051,r,514
18161733865,r,514
18161772012,s,514
18161895036,r,514
18161897897,r,514
18162024021,r,514
18162025928,r,514
18162111997,s,514
18162348032,r,514
18162350893,r,514
18162519931,r,514
18162523031,r,514
18162523984,r,514
18162524938,r,514
18162525892,r,514
18162527084,r,514
18162528038,r,514
18162529945,r,514
18162530899,r,514
18162615060,s,514
18162939071,s,514
18174865961,r,514
18206990003,r,514
18207056999,r,514
18290901899,r,514
18322144985,r,514
18322953939,s,514
18323055028,s,514
18436645984,r,514
18436816930,s,514
18501890897,r,514
18501908063,r,514
18501910924,r,514
18505446910,s,514
18505589008,s,514
18551233053,r,514
18555182933,r,514
18587043047,r,514
18587061882,r,514
18587065935,r,514
18589344978,s,514
18591041088,s,514
18665873050,r,514
18780690908,r,514
18782665967,s,514
18787072897,s,514
18797698974,r,514
18797703981,r,514
18798551082,r,514
18873893976,r,514
18878618955,s,514
18897546052,r,514
18927459955,r,514
18927470922,r,514
18927473068,r,514
18929375886,r,514
18929382085,r,514
18929430961,r,514
18929538011,s,514
18931926965,s,514
18994625091,r,514
18994641065,r,514
18994642972,r,514
18994854927,s,514
19003262043,s,514
19003576040,s,514
19012393951,r,514
19014632940,s,514
19014865875,s,514
19127091884,r,514
19214716911,r,514
19241766929,r,514
19304131031,r,514
19304147005,r,514
19304151058,r,514
19350600004,r,514
19356374979,r,514
19359505891,r,514
19359513998,r,514
19359586954,r,514
19359589099,r,514
19359590053,r,514
19359591007,r,514
19359795093,r,514
19359798908,r,514
19359884023,r,514
19359885931,r,514
19360106945,r,514
19360110998,r,514
19360213995,r,514
19360648870,r,514
19360653877,r,514
19360656023,r,514
19360656976,r,514
19360657930,r,514
19360802888,r,514
19360805988,r,514
19360903978,r,514
19360907077,r,514
19360908031,r,514
19361017942,r,514
19361020088,r,514
19361135959,r,514
19361137867,r,514
19361139059,r,514
19361140966,r,514
19363871097,s,514
19364017009,s,514
19397065877,r,514
19397080898,r,514
19397136926,r,514
19459228992,s,514
19471034050,r,514
19498727083,r,514
19611165046,r,514
19613117933,r,514
19628182888,s,514
19657589912,s,514
19657687902,s,514
19917676925,r,514
19917706012,r,514
19917711019,r,514
19917713880,r,514
19917716026,r,514
19917718887,r,514
19919097900,r,514
19919111967,r,514
19919168949,r,514
19919543027,r,514
19919595956,r,514
19919601917,r,514
19919605016,r,514
19919606924,r,514
19919609069,r,514
19919610977,r,514
19919615030,r,514
19919617891,r,514
19919620037,r,514
19919621944,r,514
19919784069,r,514
19919995069,r,514
19920002937,r,514
19920338869,r,514
19920343875,r,514
19920345068,r,514
19920346975,r,514
19920348882,r,514
19920351028,r,514
19920351982,r,514
19920475006,r,514
19920479059,r,514
19920736074,r,514
19920742988,r,514
19920746088,r,514
19920748949,r,514
19920751094,r,514
19920753002,r,514
19920754909,r,514
19920757055,r,514
19920759916,r,514
19920885086,r,514
19920892000,r,514
19920895099,r,514
19921595096,s,514
19924300909,s,514
19924897909,s,514
19964117050,r,514
19964153051,r,514
19964190006,r,514
19964192867,r,514
19964194059,r,514
19964195013,r,514
19964534044,r,514
19964539051,r,514
19964607000,r,514
19964610099,r,514
19964812994,s,514
19965051889,r,514
19965055942,r,514
19965116977,r,514
19965430021,r,514
19965435981,r,514
19965568065,r,514
19965708971,r,514
19965853929,r,514
19966026067,r,514
19966068983,r,514
19966072082,r,514
19966145038,r,514
19966357946,r,514
19966399908,r,514
19966403007,r,514
19966479063,r,514
19966481924,r,514
19966482877,r,514
19966634988,r,514
19966639041,r,514
19966681957,s,514
19966717004,r,514
19966767072,s,514
19966978073,r,514
19966983079,r,514
19967272043,r,514
19967276096,r,514
19967514991,r,514
19967519044,r,514
19967652082,r,514
19967742919,r,514
19967765092,r,514
19967863082,r,514
19967875003,r,514
19967922925,r,514
19968075037,r,514
19968080043,r,514
19968187093,r,514
19968307018,r,514
19968329906,r,514
19968414068,r,514
19968614101,r,514
19968617916,r,514
19968657016,r,514
19968743085,r,514
19968744993,r,514
19968745946,r,514
19968807935,r,514
19968811035,r,514
19968908071,r,514
19968910932,r,514
19968955040,r,514
19969023942,r,514
19969057083,s,514
19969234943,r,514
19969300985,s,514
19969335079,r,514
19969336986,r,514
19969336986,r,514
19969422102,r,514
19969424963,r,514
19969542980,r,514
19969546079,r,514
19969547033,r,514
19969680070,r,514
19969682931,r,514
19969683885,r,514
19969686031,r,514
19969897985,s,514
20010865926,r,514
20010879039,r,514
20010982036,r,514
20010984897,r,514
20010987043,r,514
20010987997,r,514
20010991096,r,514
20010993003,r,514
20011051893,r,514
20015930891,r,514
20015937089,r,514
20015980958,r,514
20015982866,r,514
20015984058,r,514
20015985012,r,514
20016283989,r,514
20016287088,r,514
20016288995,r,514
20016433954,r,514
20016436100,r,514
20016437053,r,514
20016536951,r,514
20016539096,r,514
20016540050,r,514
20016661882,r,514
20016664028,r,514
20016664981,r,514
20016767978,s,514
20017574071,r,514
20017642974,s,514
20017759084,r,514
20017824888,r,514
20017828941,r,514
20017831087,r,514
20017832040,r,514
20017920017,r,514
20017992973,s,514
20018074989,r,514
20018079042,r,514
20018393039,r,514
20018398046,r,514
20018505096,r,514
20018805027,r,514
20018830061,r,514
20018832922,r,514
20019572019,r,514
20019576072,r,514
20019624948,r,514
20020108938,r,514
20020140886,r,514
20020143985,r,514
20020642995,r,514
20020812988,r,514
20020922899,r,514
20020925998,r,514
20020926952,r,514
20020927906,r,514
20020929098,r,514
20021075964,r,514
20021079063,r,514
20021080017,r,514
20021121025,s,514
20021153926,r,514
20021156072,r,514
20021157026,r,514
20021198034,r,514
20021338939,r,514
20021342992,r,514
20021343946,r,514
20021419048,r,514
20021420955,r,514
20021466970,r,514
20021935939,s,514
20032023906,r,514
20032166004,s,514
20057746887,r,514
20057761907,r,514
20131239891,r,514
20132862091,s,514
20172501087,r,514
20213198900,r,514
20213209867,r,514
20213213920,r,514
20213542938,r,514
20213547945,r,514
20213769912,r,514
20213773965,r,514
20213840007,r,514
20213842868,r,514
20213844060,r,514
20213934898,r,514
20214010000,r,514
20214011907,r,514
20214013099,r,514
20230534076,r,514
20230550050,r,514
20230606079,r,514
20230928897,r,514
20230932951,r,514
20231190919,r,514
20231195926,r,514
20231245994,r,514
20231381893,r,514
20231384992,r,514
20231482029,r,514
20231564045,s,514
20231608867,r,514
20231611967,r,514
20231910944,r,514
20231915950,r,514
20232069015,r,514
20232073068,r,514
20232074022,r,514
20232214927,s,514
20260093927,r,514
20260109901,r,514
20260113000,r,514
20275152921,r,514
20275167942,r,514
20275301933,r,514
20275305032,r,514
20275305986,r,514
20275306940,r,514
20275307893,r,514
20275409936,r,514
20275412082,r,514
20275635004,r,514
20275821924,s,514
20275870084,r,514
20275871992,r,514
20276010990,r,514
20276016950,r,514
20276017904,r,514
20276423931,r,514
20276427030,r,514
20276465892,r,514
20276468038,r,514
20276686906,r,514
20276690959,r,514
20276691913,r,514
20277072906,r,514
20277076959,r,514
20277117013,r,514
20277262926,r,514
20277282953,r,514
20277286052,r,514
20277287006,r,514
20277287960,r,514
20277288913,r,514
20277289867,r,514
20277291059,r,514
20277314901,s,514
20277478933,r,514
20277482032,r,514
20277482986,r,514
20277556896,r,514
20277682066,s,514
20278460979,r,514
20278465986,r,514
20278673887,r,514
20278775930,r,514
20279007911,r,514
20279011964,r,514
20279079914,s,514
20279258012,r,514
20279262065,r,514
20279321909,r,514
20279324054,r,514
20279325008,r,514
20279404878,r,514
20279574871,r,514
20279615879,r,514
20279618978,r,514
20279989004,r,514
20279994010,r,514
20280032873,r,514
20280035018,r,514
20280036926,r,514
20280037879,r,514
20280039072,r,514
20280041933,r,514
20280287027,r,514
20280291080,r,514
20280292034,r,514
20280292987,r,514
20280293941,r,514
20280294895,r,514
20280296087,r,514
20280297040,r,514
20280364990,r,514
20280369043,r,514
20280518055,r,514
20280520916,r,514
20280523061,r,514
20280989885,s,514
20287036895,r,514
20287132978,s,514
20312696933,r,514
20312714099,r,514
20312716960,r,514
20312717914,r,514
20312720060,r,514
20312862873,r,514
20313157081,r,514
20313160896,r,514
20313162088,r,514
20313248872,r,514
20313251018,r,514
20313335895,s,514
20313486099,r,514
20313735961,r,514
20313824892,r,514
20313827991,r,514
20321459054,r,514
20321469068,r,514
20321516990,r,514
20321624040,r,514
20321790933,r,514
20321897983,r,514
20321938991,r,514
20321942091,r,514
20321943044,r,514
20321943998,r,514
20321944952,r,514
20322082042,r,514
20322084903,r,514
20322084903,r,514
20322086095,r,514
20322247028,r,514
20322249889,r,514
20322295904,r,514
20322299003,r,514
20322397947,r,514
20322401046,r,514
20322512865,r,514
20322516918,r,514
20322557926,s,514
20322611093,r,514
20322742939,r,514
20322746038,r,514
20322782039,r,514
20322956085,r,514
20323268890,s,514
20401788950,r,514
20401952981,s,514
20411273002,r,514
20411289930,r,514
20411293029,r,514
20411293983,r,514
20411294937,r,514
20411295890,r,514
20411315918,r,514
20411319971,r,514
20411545038,r,514
20411549091,r,514
20411550045,r,514
20411551952,r,514
20411653041,r,514
20411654949,r,514
20411731958,r,514
20411733865,r,514
20412056922,r,514
20412061929,r,514
20412111997,r,514
20412115097,r,514
