0,s,514
112286806,r,514
113318920,s,514
232399940,r,514
233237981,s,514
365003824,r,514
365842819,s,514
1493217945,s,514
2493152856,s,514
10510262966,s,514
10510352850,s,514
10531680822,r,514
10636611938,s,514
10668975830,r,514
10669562816,s,514
10777277946,r,514
10778337955,s,514
10847243785,r,514
10847994804,s,514
10916256904,r,514
10916514873,s,514
11049751997,r,514
11051592826,s,514
11053997993,r,514
11054079771,r,514
11054832935,s,514
11192912817,r,514
11194480896,s,514
11337817907,r,514
11338867902,s,514
11485874891,r,514
13493637800,s,514
14002367973,r,514
14484555959,r,514
14493694782,s,514
14493754863,s,514
15604739904,r,514
20569082975,r,514
21515049934,s,514
21626076936,s,514
21642645835,s,514
21751645803,r,514
21753157854,s,514
21771081924,r,514
21772557973,s,514
21878098964,r,514
21879331827,s,514
21900868892,r,514
21901663780,s,514
22004206895,r,514
22004235982,r,514
22004801988,s,514
22029574871,r,514
22029605865,r,514
22030212879,s,514
22130093812,r,514
22130690813,s,514
22158931970,r,514
22159668922,s,514
22267111778,r,514
22268169879,s,514
22370597839,r,514
22371663808,s,514
22419715881,r,514
22677754879,r,514
22678587913,s,514
25215141773,r,514
25493004798,s,514
25503524780,r,514
25506036996,r,514
25506085872,r,514
25506098985,r,514
25506162881,r,514
25506190776,r,514
25576669931,r,514
25576721906,r,514
25576730966,r,514
25631111860,r,514
25631143808,r,514
25649507999,r,514
25649541854,r,514
25700722932,r,514
25700876951,r,514
25700915813,r,514
25700951814,r,514
25701370954,r,514
25701414823,r,514
25722362995,r,514
25722436904,r,514
25722454786,r,514
25758696794,r,514
25758936882,s,514
25794950962,r,514
25795050859,r,514
25795114994,r,514
25805970907,r,514
25806110858,r,514
25806133985,r,514
25811325788,s,514
25814999818,s,514
25820555925,s,514
25867522001,r,514
25867549896,r,514
25867570877,r,514
25886176824,r,514
25886475801,s,514
25906355857,r,514
25906925916,r,514
25906941890,r,514
25907254934,r,514
25907301902,r,514
25907339811,r,514
25940277814,r,514
25940307855,r,514
25940323829,r,514
26013744831,r,514
26014110803,s,514
26015381813,r,514
26015424966,s,514
26015431881,r,514
26015440940,r,514
26016000986,r,514
26016034841,r,514
26016063928,r,514
26016102790,r,514
26016158819,r,514
26079299926,r,514
26079341888,r,514
26079375982,r,514
26080000877,r,514
26094893932,r,514
26094925880,r,514
26094956874,r,514
26119181871,r,514
26119197845,r,514
26119222879,r,514
26119792938,r,514
26119825840,r,514
26120048999,s,514
26120088815,r,514
26120140790,r,514
26120166778,r,514
26141373872,r,514
26142953872,s,514
26191719770,r,514
26191740989,r,514
26191759824,r,514
26217503786,r,514
26217714786,r,514
26217785835,r,514
26218500852,r,514
26218531847,r,514
26218576908,r,514
26218619823,r,514
26218667984,r,514
26218719005,r,514
26223194837,s,514
26268822908,r,514
26269125938,s,514
26312514782,s,514
26316351890,r,514
26316380977,r,514
26316435813,r,514
26316476821,r,514
26316817998,r,514
26316845893,r,514
26317148923,r,514
26317207813,r,514
26317232847,r,514
26361422777,r,514
26361446857,r,514
26361456871,r,514
26397069931,r,514
26419682979,r,514
26419721841,r,514
26419765949,r,514
26419814825,r,514
26419855833,r,514
26419905901,r,514
26419946909,r,514
26419987916,r,514
26420022964,r,514
26434352874,r,514
26434394836,r,514
26434454917,r,514
26476521968,s,514
26507255792,r,514
26507288932,r,514
26507322788,r,514
26523841857,r,514
26524199962,r,514
26524225950,r,514
26524488925,r,514
26524553775,r,514
26524584770,r,514
26547266960,r,514
26580407857,r,514
26580450773,r,514
26580479860,r,514
26622267961,r,514
26622296810,r,514
26622321844,r,514
26622626781,r,514
26622654914,r,514
26622687816,r,514
26622912883,s,514
26666857004,r,514
26666887998,r,514
26674814939,r,514
26682508945,s,514
26720868825,r,514
26720901966,r,514
26720928907,r,514
26720955848,r,514
26720979929,r,514
26721008777,r,514
26721033811,r,514
26721765995,s,514
26721775770,s,514
26758987903,r,514
26759021997,s,514
26759043932,r,514
26759070873,r,514
26759097814,r,514
26810148954,r,514
26817310810,r,514
26817343950,r,514
26817369937,r,514
26817403793,r,514
26817443847,r,514
26817532777,r,514
26817564964,r,514
26817604780,r,514
26852921962,r,514
26853026866,r,514
26853056907,r,514
26910436868,r,514
26918926954,r,514
26918944835,r,514
26918978929,r,514
26918995857,r,514
26919022798,r,514
26919064998,r,514
26919353961,s,514
26926210880,r,514
26926234960,r,514
26944968938,r,514
27017264843,r,514
27017290830,r,514
27017323970,r,514
27017351865,r,514
27017387867,r,514
27017423868,r,514
27017442941,r,514
27083093881,r,514
27083134889,s,514
27083141803,r,514
27083162784,r,514
27110520839,r,514
27114146947,s,514
27135986805,r,514
27136078834,r,514
27136182785,r,514
27137529850,r,514
27137789964,r,514
27140415906,s,514
27185176849,r,514
27185218811,r,514
27185262918,r,514
27214590787,r,514
27214625835,s,514
27235021829,r,514
27235673904,r,514
27235902786,r,514
27235939979,r,514
27236046791,r,514
27236055851,r,514
27236059904,r,514
27236528873,s,514
27237272977,s,514
27237562894,s,514
27237975835,s,514
27242326974,r,514
27283988952,r,514
27284022808,r,514
27284055948,r,514
27339235782,r,514
27339259862,r,514
27339291811,r,514
27339787960,r,514
27339826822,r,514
27339857816,r,514
27339948892,r,514
27339993953,r,514
27340031862,r,514
27357194900,r,514
27357235908,s,514
27357242822,r,514
27357248783,r,514
27408805847,r,514
27441279888,r,514
27441315889,r,514
27441339969,r,514
27442394971,r,514
27442428827,r,514
27442459821,r,514
27442744970,r,514
27442778825,r,514
27442804813,r,514
27504080772,r,514
27504118919,s,514
27504125833,r,514
27504133939,r,514
27545527935,r,514
27545554876,r,514
27545571804,r,514
27545598983,r,514
27546042919,r,514
27546066999,r,514
27546684980,r,514
27546714782,r,514
27546738863,r,514
27568757772,r,514
27577085971,r,514
27577111959,r,514
27577147960,r,514
27646574974,r,514
27646608829,s,514
27646615982,r,514
27646623849,r,514
27647011995,r,514
27647046804,r,514
27647085905,r,514
27647139787,r,514
27647188901,r,514
27647230863,r,514
27696310997,r,514
27701287984,r,514
27701327800,r,514
27701334953,r,514
27744340896,r,514
27744437933,r,514
27744500875,r,514
27745056867,r,514
27745096921,r,514
27745117902,r,514
27745142936,r,514
27745178937,r,514
27745203971,r,514
27774348974,r,514
27774381876,s,514
27774391889,r,514
27774402856,r,514
27828810930,r,514
27846921920,r,514
27846958875,r,514
27846980810,r,514
27881294965,r,514
27881324768,r,514
27881345987,r,514
27881358861,r,514
27881396770,r,514
27940505981,s,514
27941799879,r,514
27941850900,r,514
27941874980,r,514
27941904783,r,514
27953133821,r,514
27953169822,r,514
27953195810,r,514
27974404811,r,514
27977913856,r,514
27977948904,r,514
27977979898,r,514
27978098869,r,514
27978142976,r,514
28050561904,r,514
28050682783,r,514
28050768852,r,514
28068238973,s,514
28069353818,r,514
28077662944,r,514
28077694892,r,514
28077711820,r,514
28078016996,r,514
28078051805,r,514
28078079938,r,514
28078113794,r,514
28078182935,r,514
28101981878,r,514
28141458988,r,514
28141494989,r,514
28141522884,r,514
28182438850,r,514
28182466983,r,514
28182486772,r,514
28182513952,r,514
28182538986,r,514
28182572841,r,514
28182681798,r,514
28182723999,r,514
28182758808,r,514
28214131832,r,514
28214162826,s,514
28214168787,r,514
28214182853,r,514
28268974781,r,514
28293681860,r,514
28293717861,r,514
28293769836,r,514
28294631004,r,514
28294659853,r,514
28294678926,r,514
28294708967,r,514
28294737815,r,514
28296118974,s,514
28296128988,s,514
28296250820,s,514
28335034847,r,514
28335092783,r,514
28335126876,r,514
28363087892,r,514
28363121986,s,514
28412361860,r,514
28412392854,r,514
28412416935,r,514
28412445783,r,514
28412472963,r,514
28412506818,r,514
28412559986,r,514
28412583828,r,514
28414681911,r,514
28414732933,r,514
28414770841,r,514
28414779901,r,514
28421107769,r,514
28521941900,r,514
28522053003,s,514
28522108793,r,514
28522125005,r,514
28523097991,r,514
28523132801,r,514
28523158788,r,514
28523172855,r,514
28523211956,r,514
28523242950,r,514
28570532798,r,514
28570564985,r,514
28570600986,r,514
28586484909,r,514
28630322933,r,514
28630365848,r,514
28630393981,r,514
28630479812,r,514
28630512952,r,514
28630559921,r,514
28631066799,r,514
28631100893,r,514
28631141901,r,514
28681370973,r,514
28681402921,r,514
28681408882,r,514
28713999986,r,514
28733831882,r,514
28733864784,r,514
28733916997,r,514
28734224796,r,514
28734252929,r,514
28734276771,r,514
28734304904,r,514
28734335899,r,514
28734770774,s,514
28780728817,r,514
28780869960,r,514
28780945777,r,514
28816914796,r,514
28838548898,r,514
28838670969,r,514
28838690996,r,514
28838830947,r,514
28838863849,r,514
28838900804,r,514
28839414835,r,514
28839443922,r,514
28839471817,r,514
28841614961,r,514
28889597892,r,514
28889686822,s,514
28889695882,r,514
28889701843,r,514
28942299842,r,514
28942335844,r,514
28942356824,r,514
28942797899,r,514
28942836999,r,514
28942880868,r,514
28942907810,r,514
28942943811,r,514
28942962884,r,514
28969025850,r,514
29001255989,r,514
29001284837,r,514
29001298904,r,514
29043272972,r,514
29043313980,s,514
29043320894,r,514
29043326854,r,514
29043438911,r,514
29043499946,r,514
29043522834,r,514
29043703794,r,514
29043748855,r,514
29043788909,r,514
29050333976,s,514
29102682828,r,514
29102713823,r,514
29102719783,r,514
29128831863,r,514
29138235807,r,514
29138269901,r,514
29138274908,r,514
29138821840,r,514
29138855934,r,514
29138893842,r,514
29138911962,r,514
29138938903,r,514
29175554990,r,514
29175679922,s,514
29175706863,r,514
29175727844,r,514
29215829849,r,514
29235444784,r,514
29235482931,r,514
29235525846,r,514
29235762834,r,514
29235809803,r,514
29235834837,r,514
29235908985,r,514
29236038923,r,514
29236063957,r,514
29265632867,r,514
29288569927,r,514
29288603782,r,514
29288630962,r,514
29334484815,r,514
29334510803,r,514
29334601879,r,514
29334780931,r,514
29334860801,r,514
29334912776,r,514
29335047960,r,514
29335073947,r,514
29335121870,r,514
29376580953,r,514
29376632928,r,514
29376672983,r,514
29416037797,r,514
29416378974,s,514
29430401802,r,514
29430430889,r,514
29430458784,r,514
29430485963,r,514
29430525779,r,514
29430561780,r,514
29430614948,r,514
29430645942,r,514
29430671930,r,514
29485299825,r,514
29485325813,r,514
29485346794,r,514
29527899980,r,514
29528006792,r,514
29528057813,r,514
29528066873,r,514
29528076887,r,514
29528085947,r,514
29528383970,r,514
29528421878,r,514
29528439998,r,514
29543560981,r,514
29558380842,r,514
29558418989,s,514
29558425903,r,514
29558497905,r,514
29630098819,r,514
29630130767,r,514
29630148887,r,514
29630266904,r,514
29630300998,r,514
29630331993,r,514
29630690813,r,514
29630732774,r,514
29630750894,r,514
29632097959,s,514
29632509946,s,514
29671130895,r,514
29677189827,r,514
29677237987,r,514
29677262783,r,514
29724640846,s,514
29735017776,r,514
29735050916,r,514
29735082864,r,514
29735331773,r,514
29735367775,r,514
29735418796,r,514
29735696792,r,514
29735736846,r,514
29735778808,r,514
29750305891,r,514
29750385999,r,514
29750420808,r,514
29805029869,r,514
29833348989,r,514
29833387851,r,514
29833412885,r,514
29834122896,r,514
29834167003,r,514
29834200859,r,514
29834772825,r,514
29834809780,r,514
29834846973,r,514
29852334976,s,514
29906019926,r,514
29906059980,r,514
29906081914,r,514
29933235883,r,514
29933270931,r,514
29933314800,r,514
29933355808,r,514
29933712005,r,514
29933743000,r,514
29933768987,r,514
29933798790,r,514
29933834791,r,514
29960987806,r,514
29979115963,r,514
29979271888,r,514
29979294776,r,514
29979875803,s,514
30033225774,r,514
30033319950,r,514
30033326864,r,514
30033623933,r,514
30033667802,r,514
30033693790,r,514
30033782959,r,514
30033807992,r,514
30033834934,r,514
30038669824,s,514
30053601980,r,514
30053629875,r,514
30053636789,r,514
30053967952,s,514
30106611967,r,514
30107684850,s,514
30126457929,r,514
30126487970,r,514
30126527786,r,514
30139191865,r,514
30139225959,r,514
30139259815,r,514
30204876899,r,514
30204939842,r,514
30204958915,r,514
30209726810,s,514
30211274862,r,514
30211350917,r,514
30211360931,r,514
30211394786,r,514
30235291957,r,514
30235320806,s,514
30244109869,r,514
30244132995,r,514
30244161844,r,514
30244946956,r,514
30244997978,r,514
30298846960,r,514
30298895835,r,514
30298939943,r,514
30298988819,r,514
30316516876,r,514
30316541910,r,514
30316583871,r,514
30363413810,r,514
30389936924,r,514
30390034914,r,514
30415828943,r,514
30415875911,r,514
30467365980,r,514
30467615842,r,514
30467655897,r,514
30467781782,s,514
30467971801,r,514
30468034982,r,514
30468077898,r,514
30483198881,r,514
30483234882,r,514
30483242988,r,514
30488726854,r,514
30488754987,r,514
30488790988,r,514
30491141796,r,514
30564429998,r,514
30564457893,r,514
30564491987,r,514
30564630985,r,514
30564668893,r,514
30576059818,r,514
30576130867,r,514
30576169967,r,514
30576176881,r,514
30601427793,r,514
30601458787,s,514
30601484775,r,514
30601511001,r,514
30618581771,r,514
30661572933,r,514
30661655902,r,514
30661668777,r,514
30661720991,r,514
30661748886,r,514
30705110788,r,514
30705149889,r,514
30705171823,r,514
30705176830,r,514
30721286773,r,514
30721324920,r,514
30721374988,r,514
30758055925,r,514
30758097887,r,514
30758118867,r,514
30758299827,r,514
30758318901,r,514
30758717775,s,514
30782516002,r,514
30793937921,r,514
30793970823,r,514
30793988943,r,514
30866433858,r,514
30866535902,r,514
30866599798,r,514
30881531953,r,514
30881574869,r,514
30881599903,r,514
30881789922,r,514
30881844997,r,514
30881886005,r,514
30921378850,r,514
30930960893,r,514
30930999994,r,514
30931029796,r,514
30953895807,r,514
30953927993,r,514
30953944921,r,514
30954174995,s,514
30989692926,r,514
30989721775,r,514
30989739894,r,514
30990069866,r,514
30990108966,r,514
30990162849,r,514
31024118900,r,514
31024149894,r,514
31024182796,r,514
31058416843,r,514
31062269926,r,514
31062353849,r,514
31062365770,r,514
31096809864,r,514
31096840858,r,514
31096858978,r,514
31096886873,r,514
31096914768,r,514
31097441911,s,514
31155426979,r,514
31155461788,r,514
31155498981,r,514
31165212869,r,514
31185872793,r,514
31207268953,r,514
31207293987,r,514
31207311868,r,514
31207360982,r,514
31207389831,r,514
31207422971,r,514
31207441806,r,514
31207468986,r,514
31238852977,r,514
31238973856,s,514
31238998889,r,514
31239015817,r,514
31258649826,r,514
31307711839,r,514
31307805776,r,514
31307817935,r,514
31308390855,r,514
31308422803,r,514
31308453798,r,514
31308499813,r,514
31308513879,r,514
31313484907,r,514
31331130981,r,514
31331152916,r,514
31331206798,r,514
31404507875,s,514
31410957813,r,514
31410992860,r,514
31411027908,r,514
31411104917,r,514
31411149978,r,514
31411190986,r,514
31411367893,r,514
31411429882,r,514
31411448955,r,514
31439962863,r,514
31440007925,r,514
31440035820,r,514
31440974950,r,514
31513048887,r,514
31513077974,r,514
31513088941,r,514
31516970872,r,514
31516997814,r,514
31517014980,r,514
31517644882,r,514
31517667770,r,514
31517682790,r,514
31567454814,s,514
31568437814,r,514
31585947990,r,514
31585985899,r,514
31585991859,r,514
31623586893,r,514
31623628854,r,514
31623654842,r,514
31623954772,r,514
31623990774,r,514
31624017953,r,514
31624359846,r,514
31624386787,r,514
31624429941,r,514
31668274879,s,514
31680837869,r,514
31680938959,r,514
31680951833,r,514
31713450908,r,514
31713482856,s,514
31748685836,r,514
31748712778,r,514
31748721838,r,514
31748785972,r,514
31748825788,r,514
31748842954,r,514
31748878002,r,514
31748898983,r,514
31748930931,r,514
31753534793,r,514
31753555774,r,514
31753574848,r,514
31840999841,r,514
31841361999,s,514
31865300893,r,514
31865394830,r,514
31865431785,r,514
31879657983,r,514
31879693985,r,514
31879716873,r,514
31879943847,r,514
31879971981,r,514
31937739849,r,514
31937824964,r,514
31937880992,r,514
31968886852,r,514
31990097999,r,514
31990216970,s,514
31990273952,r,514
31990292787,r,514
31990306854,r,514
31990311861,r,514
31990317821,r,514
32010322809,r,514
32010348796,r,514
32010365963,r,514
32083163976,r,514
32083193779,r,514
32096289873,r,514
32156588792,s,514
32327624797,r,514
32437515974,r,514
32437561988,r,514
32455307960,r,514
32492932796,s,514
32492963790,s,514
32520351886,s,514
32582916975,r,514
32668479919,s,514
32710539817,r,514
32710568904,s,514
32721061945,r,514
32838674783,r,514
32842428922,s,514
33119471788,r,514
33129661798,r,514
33129690885,r,514
33129710912,r,514
33129928827,r,514
33129994869,r,514
33202401876,r,514
33202434778,r,514
33202471971,r,514
33213751792,r,514
33214032888,s,514
33257319927,r,514
33275180816,r,514
33275222778,r,514
33306636810,r,514
33341552972,s,514
33342860937,s,514
33343302965,r,514
33343342781,r,514
33343601942,r,514
33344088792,r,514
33344111919,r,514
33347951889,r,514
33347981929,r,514
33348066806,r,514
33357753992,s,514
33359721899,s,514
33402884960,r,514
33420511961,r,514
33470838785,s,514
33548089981,r,514
33674862861,s,514
33674986839,s,514
33714507818,r,514
33715575933,s,514
33802815914,s,514
33919240951,r,514
34073442935,s,514
34073563814,s,514
34086448907,r,514
34201101779,s,514
34250479936,r,514
34328761815,s,514
34349815845,s,514
34454518795,r,514
34477728843,s,514
34478564977,r,514
34551390886,r,514
34605843782,r,514
34606392860,s,514
34701873779,r,514
34702795982,r,514
34702835798,r,514
34702876806,r,514
34703204870,r,514
34703264951,r,514
34703308820,r,514
34703705787,s,514
34703730821,r,514
34703782796,r,514
34734206914,r,514
34734248876,s,514
34765603780,r,514
34802631855,r,514
34802666902,r,514
34802731990,r,514
34802737951,r,514
34803171873,r,514
34803203821,r,514
34803279876,r,514
34803359985,r,514
34803398847,r,514
34846892833,r,514
34846933841,r,514
34846978902,r,514
34861879825,r,514
34861912965,s,514
34921590805,r,514
34935140848,r,514
34935169935,r,514
34935194969,r,514
34989678859,r,514
35035244941,r,514
35035337925,r,514
35040714979,s,514
35069440841,r,514
35070874929,r,514
35070902824,r,514
35070937871,r,514
35070961952,r,514
35070988893,r,514
35071048975,r,514
35071089983,r,514
35071123838,r,514
35142131805,r,514
35147940874,s,514
35154593944,r,514
35180917978,r,514
35180947780,s,514
35180958986,r,514
35180983781,r,514
35181293964,r,514
35181345939,r,514
35181434869,r,514
35181501865,r,514
35181527853,r,514
35181566953,r,514
35214709997,r,514
35214764833,r,514
35214866876,r,514
35280860900,s,514
35290403842,r,514
35290435791,r,514
35290462970,r,514
35290480852,r,514
35290788888,r,514
35290829896,r,514
35308515787,r,514
35322911977,r,514
35322937965,r,514
35395242929,r,514
35395608902,s,514
35434847831,r,514
35435746908,s,514
35436129808,r,514
35517140865,r,514
35576504945,s,514
35589719772,r,514
35590077877,s,514
35602483987,r,514
35742690801,r,514
35742722988,r,514
35743582963,s,514
35806533813,r,514
35815582990,s,514
35818347930,s,514
35820707798,s,514
35897478818,r,514
35899031877,s,514
35945204973,r,514
35945239782,s,514
36072821855,r,514
36093371868,r,514
36094234943,s,514
36111470937,r,514
36224408865,r,514
36226054906,s,514
36238442897,r,514
36328330993,r,514
36329243898,s,514
36348834991,s,514
36366246938,r,514
36366284847,s,514
36422568798,r,514
36502098798,r,514
36510267972,s,514
36521258831,s,514
36586555004,r,514
36641989946,r,514
36642036914,s,514
36714911937,r,514
36714939832,r,514
36714958906,r,514
36750501871,r,514
36930506944,r,514
36945830822,r,514
36946157932,r,514
36946183919,r,514
37017914772,r,514
37017947912,r,514
37017954826,r,514
37058410882,r,514
37094997882,r,514
37142473936,s,514
37145322799,r,514
37159008979,r,514
37159614801,r,514
37159645795,r,514
37159679889,r,514
37159708976,r,514
37159736871,r,514
37167208910,r,514
37167228937,r,514
37167255878,r,514
37186178922,r,514
37258787870,r,514
37258814811,r,514
37258826971,r,514
37270309925,s,514
37313825845,r,514
37322726965,r,514
37322872877,r,514
37398382902,s,514
37424546957,r,514
37424570798,r,514
37450370788,r,514
37564646005,s,514
37577901840,r,514
37705643892,r,514
37884343862,r,514
38016510963,r,514
38096061945,r,514
38098486900,r,514
38107227802,s,514
38272484779,s,514
38420335769,r,514
38460181951,r,514
38698464870,r,514
38698814868,s,514
38788909912,r,514
38929989814,s,514
38934759855,r,514
38941617965,r,514
38942193985,s,514
39094703912,s,514
39098567962,r,514
39196693897,r,514
39218125820,r,514
39226015806,r,514
39353593826,r,514
39387492895,r,514
39481046915,r,514
39493441820,s,514
39494670867,r,514
39494878768,s,514
39608509779,r,514
39949312925,r,514
40076745986,r,514
40077389001,s,514
40104408979,s,514
40205080986,s,514
40493454933,s,514
40550105810,r,514
41084533929,r,514
41203864812,s,514
41212093830,r,514
41233248949,s,514
41331623792,s,514
41339656829,r,514
41506557941,r,514
41634069919,r,514
41637474775,s,514
41761630773,r,514
41765067815,s,514
41892742872,r,514
41922426939,r,514
41922462940,r,514
41923200845,s,514
41962806940,r,514
41978664875,s,514
42049952983,r,514
42088591814,s,514
42216551780,r,514
42216984987,s,514
42344757795,r,514
42344882965,s,514
42346301794,s,514
42472501993,r,514
42472632885,s,514
42505125999,r,514
42582069873,r,514
42582108974,r,514
42582150936,r,514
42582179784,r,514
42600170850,r,514
42600194931,s,514
42633595943,r,514
42633630991,r,514
42633635997,r,514
42654634952,r,514
42654687881,r,514
42682456970,r,514
42727192878,r,514
42727235794,r,514
42727274894,r,514
42727695941,r,514
42738268852,r,514
42738386869,r,514
42738402843,r,514
42762625932,r,514
42762653827,r,514
42762672901,r,514
42800639867,r,514
42800669908,r,514
42855157852,r,514
42855921983,s,514
42943656921,s,514
42943667888,s,514
42982958793,r,514
43006104946,r,514
43006135940,s,514
43006145000,r,514
43006149768,r,514
43007664918,r,514
43007677793,r,514
43007689952,r,514
43007823944,r,514
43007852792,r,514
43007879972,r,514
43078892946,r,514
43079011917,r,514
43079086780,r,514
43113855838,r,514
43113886833,r,514
43113902807,r,514
43113926887,r,514
43114602804,r,514
43114658832,r,514
43114697933,r,514
43114751815,r,514
43114793777,r,514
43133677959,r,514
43133708953,s,514
43151894807,r,514
43151932001,r,514
43151950836,r,514
43224027872,r,514
43224113941,r,514
43224132776,r,514
43224476814,r,514
43224517822,r,514
43224536895,r,514
43224918842,r,514
43224959850,r,514
43225050926,r,514
43225068807,r,514
43225116968,r,514
43225152969,r,514
43261915922,r,514
43261952877,s,514
43333515882,r,514
43333546876,r,514
43333602905,r,514
43333954811,r,514
43333969831,r,514
43334003925,r,514
43334008932,r,514
43334051847,r,514
43334090948,r,514
43334867954,r,514
43334896802,r,514
43334924936,r,514
43389642000,r,514
43389668941,s,514
43407817840,r,514
43407852888,r,514
43407880783,r,514
43441909790,r,514
43441936969,r,514
43441978931,r,514
43442175865,r,514
43442201852,r,514
43452219963,r,514
43452337980,r,514
43452380895,r,514
43452423811,r,514
43480958938,r,514
43480988979,r,514
43481007814,r,514
43517682790,r,514
43517708778,s,514
43551599979,r,514
43551626920,r,514
43551655769,r,514
43551770925,r,514
43551805973,r,514
43590713977,r,514
43590817928,r,514
43590888977,r,514
43643095970,r,514
43645287990,r,514
43664026975,r,514
43664059877,r,514
43664105892,r,514
43671159982,r,514
43671195983,r,514
43671214819,r,514
43671393871,r,514
43671423912,r,514
43671499967,s,514
43736119985,r,514
43736162900,r,514
43736208915,r,514
43736252784,r,514
43737317800,r,514
43737341880,r,514
43737369775,r,514
43772717952,r,514
43782480955,r,514
43782588005,r,514
43782629966,r,514
43782641887,r,514
43782647848,r,514
43810036897,r,514
43810063839,s,514
43810074806,r,514
43810085773,r,514
43829401969,r,514
43900190830,r,514
43901968002,r,514
43901990890,r,514
43902050972,r,514
43904000997,r,514
43904023885,r,514
43904053926,r,514
43921751976,r,514
43921864986,r,514
43921928882,r,514
43976291894,r,514
43976323843,s,514
43976336002,r,514
44027795791,r,514
44077454805,s,514
44140466928,s,514
44145023822,s,514
44155346870,r,514
44158466815,r,514
44230939865,r,514
44231742858,s,514
44285919904,r,514
44285959005,s,514
44309284925,s,514
44337388992,s,514
44413667917,r,514
44413694858,s,514
44541694879,r,514
44541726827,s,514
44558945894,r,514
44558975935,r,514
44558991909,r,514
44559031963,r,514
44559056997,r,514
44559107780,r,514
44588595867,s,514
44631135940,r,514
44631172895,r,514
44631177902,r,514
44669369936,r,514
44669401884,s,514
44700622797,r,514
44700709819,r,514
44704270839,r,514
44753419876,s,514
44797329902,r,514
44797426939,s,514
44925030946,r,514
44951671838,s,514
44951820850,s,514
45040608882,r,514
45040630817,r,514
45040675878,r,514
45079572916,r,514
45079599857,s,514
45207422971,r,514
45248370885,s,514
45300213813,r,514
45337397813,r,514
45337433815,r,514
45337440967,r,514
45338837862,r,514
45338887929,r,514
45338923931,r,514
45338931798,r,514
45338940858,r,514
45357724905,s,514
45362827777,s,514
45374497890,r,514
45407241821,r,514
45407272815,s,514
45407281875,r,514
45407287836,r,514
45435397863,r,514
45435429811,r,514
45435454845,r,514
45436048984,r,514
45436075925,r,514
45436101913,r,514
45436129808,r,514
45436155796,r,514
45502023935,r,514
45502045869,r,514
45502064943,r,514
45534905910,r,514
45535206794,s,514
45553968906,r,514
45553989887,r,514
45554391861,r,514
45554467916,r,514
45554495811,r,514
45599502801,r,514
45599521875,r,514
45599540948,r,514
45626893997,s,514
45662434816,r,514
45700593948,s,514
45709156990,r,514
45709183931,r,514
45709214925,r,514
45826499939,r,514
45851127862,s,514
45893871784,r,514
45893907785,s,514
45894296884,r,514
45894323825,r,514
45894351005,r,514
45894384861,r,514
45894437789,r,514
45894465923,r,514
45931655883,r,514
45931678772,r,514
45931711912,r,514
45954442977,r,514
45967158794,r,514
45967195987,r,514
45967238903,r,514
46003180980,r,514
46003212928,r,514
46003232955,r,514
46003493785,r,514
46003557920,r,514
46003836870,s,514
46039989948,r,514
46040020942,s,514
46040031909,r,514
46040037870,r,514
46055055856,r,514
46082054853,r,514
46109342813,r,514
46109377861,r,514
46109437942,r,514
46109607935,r,514
46109658956,r,514
46109714984,r,514
46127783775,r,514
46127883911,r,514
46167412996,s,514
46185359001,r,514
46205800771,r,514
46205974817,r,514
46206005811,r,514
46206034898,r,514
46206374883,r,514
46206400871,r,514
46209610939,r,514
46242131948,s,514
46273870945,r,514
46273924827,r,514
46273932933,r,514
46307428836,r,514
46307456970,s,514
46307468891,r,514
46307501792,r,514
46307529926,r,514
46307557821,r,514
46307589769,r,514
46307838916,r,514
46307883977,r,514
46307910919,r,514
46346723794,r,514
46346749782,r,514
46346765995,r,514
46369944810,r,514
46405804872,r,514
46405832767,r,514
46405872821,r,514
46406216859,r,514
46406265974,r,514
46406313896,r,514
46406365871,r,514
46406406879,r,514
46406452894,r,514
46457149982,r,514
46457178831,s,514
46457196950,r,514
46457228899,r,514
46497607946,r,514
46508481979,r,514
46508517980,r,514
46508527994,r,514
46508554935,r,514
46508583784,r,514
46508614778,r,514
46508647918,r,514
46508665800,r,514
46556171894,r,514
46556199789,r,514
46556220769,r,514
46576476812,r,514
46610757827,r,514
46610786914,s,514
46610807895,r,514
46610813856,r,514
46612375974,r,514
46612409830,r,514
46612904787,r,514
46612940788,r,514
46612968921,r,514
46636050939,r,514
46649216890,r,514
46649244785,r,514
46649249792,r,514
46714276790,r,514
46714317798,r,514
46714347839,r,514
46714919805,r,514
46714953899,r,514
46714991807,r,514
46715001821,r,514
46715034961,r,514
46715065002,r,514
46741837978,r,514
46741867780,s,514
46741883993,r,514
46741888999,r,514
46763867855,r,514
46812097787,r,514
46812115907,r,514
46812124967,r,514
46812506914,r,514
46812544822,r,514
46812579870,r,514
46813167810,r,514
46813192844,r,514
46814806938,r,514
46814837932,r,514
46814859867,r,514
46854416847,r,514
46925439834,r,514
46925470829,s,514
46925483942,r,514
46925491809,r,514
46934612989,r,514
46992444992,s,514
46993531942,s,514
47020114898,r,514
47027414798,s,514
47039719820,r,514
47045643806,s,514
47081275939,s,514
47106632947,r,514
47106670856,s,514
47112377882,r,514
47194219827,r,514
47197533845,s,514
47225378990,r,514
47234164953,r,514
47234192848,s,514
47235849857,s,514
47253413915,s,514
47256709814,s,514
47269979953,r,514
47282574892,r,514
47292632818,s,514
47307471990,s,514
47317837953,r,514
47335085868,s,514
47361751794,r,514
47361778974,s,514
47409180879,r,514
47409271955,r,514
47409297943,r,514
47409884929,r,514
47409912824,r,514
47409940004,r,514
47410682916,r,514
47410708904,r,514
47410749912,r,514
47463802814,r,514
47463835954,r,514
47463852882,r,514
47463868856,r,514
47489409923,r,514
47489436864,s,514
47492886781,s,514
47536698818,r,514
47536731004,r,514
47606993913,r,514
47609553813,r,514
47609588861,r,514
47617510795,r,514
47617784977,s,514
47745019912,r,514
47773747921,r,514
47773891925,r,514
47800519943,r,514
47800925970,r,514
47800943851,r,514
47800995826,r,514
47801023960,r,514
47801050901,r,514
47833220005,r,514
47833249807,r,514
47833267927,r,514
47845060825,s,514
47845568895,s,514
47846549987,r,514
47846612930,r,514
47846626997,r,514
47847632885,s,514
47847642898,s,514
47901326894,r,514
47910432815,r,514
47910456895,r,514
47910489797,r,514
47910594940,r,514
47910638809,r,514
47926048994,r,514
47926086902,r,514
47926128864,r,514
47926165819,r,514
47957216978,r,514
47957244873,r,514
47957281827,r,514
47973174810,s,514
48014838933,r,514
48014869928,r,514
48014919996,r,514
48015466928,r,514
48015510797,r,514
48015722990,r,514
48015739917,r,514
48015778780,r,514
48016901969,s,514
48030900001,r,514
48030929803,r,514
48030959844,r,514
48037898778,r,514
48095796823,s,514
48095810890,s,514
48114569902,r,514
48114599943,s,514
48114974975,r,514
48115000963,r,514
48115381956,r,514
48115481853,r,514
48115508794,r,514
48115972995,r,514
48116011858,r,514
48116029977,r,514
48165477991,r,514
48166721820,s,514
48187248945,r,514
48187286853,r,514
48187325000,r,514
48211703777,r,514
48211746931,r,514
48211753845,r,514
48212307930,r,514
48212351799,r,514
48212397813,r,514
48212730884,r,514
48212749958,r,514
48280489921,s,514
48283520937,r,514
48283551931,r,514
48283569812,r,514
48294789791,r,514
48313167810,r,514
48313521862,r,514
48313545942,r,514
48314265966,r,514
48314294815,r,514
48314330816,r,514
48314951896,r,514
48314979791,r,514
48315002918,r,514
48359451770,s,514
48368564844,r,514
48368618965,r,514
48368653774,r,514
48422416925,r,514
48422456979,s,514
48459615945,r,514
48460476875,r,514
48461177825,r,514
48461228847,r,514
48461239814,r,514
48461700916,r,514
48461725950,r,514
48461753845,r,514
48473604917,r,514
48473719835,r,514
48473739862,r,514
48546181917,r,514
48546209812,r,514
48550169944,r,514
48550199985,s,514
48578330993,r,514
48578714847,r,514
48578750848,r,514
48578791856,r,514
48578913927,r,514
48578962802,r,514
48578998804,r,514
48623340845,r,514
48623378992,r,514
48623424768,r,514
48640819788,r,514
48677763938,r,514
48713392972,r,514
48716984987,r,514
48717035770,r,514
48717045784,r,514
48717251777,r,514
48717597961,r,514
48717625856,r,514
48717653989,r,514
48733263969,r,514
48733290910,r,514
48733342886,r,514
48789178848,r,514
48789208889,r,514
48805299997,r,514
48838866949,r,514
48838895797,r,514
48838937997,r,514
48838980913,r,514
48839002847,r,514
48839050769,r,514
48839076995,r,514
48839458942,s,514
48865759849,r,514
48865781784,r,514
48865801811,r,514
48901349782,r,514
48901380777,r,514
48933062791,r,514
48953072786,s,514
48953121900,s,514
48988617897,r,514
48988648891,s,514
48988657951,r,514
48988666772,r,514
48989256858,r,514
48989429950,r,514
48989458799,r,514
48989484787,r,514
49060549974,r,514
49060691833,r,514
49060731887,r,514
49060763835,r,514
49094685792,r,514
49094756841,r,514
49095224857,r,514
49095272779,r,514
49095279932,r,514
49095634937,r,514
49095680952,r,514
49095721960,r,514
49099867820,s,514
49133769989,r,514
49133798837,s,514
49133810997,r,514
49133828878,r,514
49163000822,r,514
49172422885,r,514
49188236951,r,514
49226475000,r,514
49239200830,r,514
49239687919,r,514
49239719867,r,514
49239737987,r,514
49239881992,r,514
49239908933,r,514
49239935874,r,514
49266408920,r,514
49266441822,r,514
49266454935,r,514
49266483783,r,514
49266695976,s,514
49267467975,s,514
49301655769,s,514
49312034845,r,514
49312137842,r,514
49315809965,r,514
49352011919,r,514
49352047920,r,514
49352053880,r,514
49352333784,r,514
49352368831,r,514
49352395772,r,514
49352535963,r,514
49352568864,r,514
49352608919,r,514
49395191907,s,514
49422791957,r,514
49422852993,r,514
49422861814,r,514
49465316772,r,514
49465361833,r,514
49465388774,r,514
49465646982,r,514
49465691804,r,514
49465757846,r,514
49479440927,r,514
49495698928,r,514
49495806932,r,514
49495826959,r,514
49568710804,r,514
49568738937,s,514
49568749904,r,514
49585723877,r,514
49585821867,r,514
49585859775,r,514
49585876941,r,514
49586073875,r,514
49586103916,r,514
49606990814,r,514
49641768932,r,514
49641810894,r,514
49641843795,r,514
49703150987,r,514
49703178882,s,514
49703189849,r,514
49703215837,r,514
49704778909,r,514
49704817771,r,514
49704857826,r,514
49704899787,r,514
49704943895,r,514
49704992771,r,514
49713025808,s,514
49722322940,r,514
49722359895,r,514
49722386837,r,514
49733366966,s,514
49769302845,r,514
49769739866,s,514
49795103788,r,514
49795132875,r,514
49816573858,r,514
49817209005,r,514
49817228794,r,514
49817253828,r,514
49817279815,r,514
49817305803,r,514
49837707996,s,514
49840850830,s,514
49848324775,s,514
49863780975,r,514
49863810777,r,514
49863820791,r,514
49867845773,r,514
49867933988,r,514
49867980003,r,514
49897782802,r,514
49925270795,r,514
49925298929,r,514
49925331831,r,514
49925369978,r,514
49925398826,r,514
49940732002,r,514
49940768003,r,514
49940809965,r,514
49963196992,r,514
49968559980,s,514
50013659954,r,514
50013762950,r,514
50013775825,r,514
50025278806,r,514
50048746824,r,514
50048777818,r,514
50048783779,r,514
50049133777,r,514
50049191951,r,514
50050373792,r,514
50050395965,r,514
50050431966,r,514
50054106950,r,514
50054134845,r,514
50054155826,r,514
50095315933,r,514
50098848819,s,514
50136518955,s,514
50157900810,r,514
50157953977,r,514
50157993793,r,514
50159116983,r,514
50159151792,r,514
50159357786,r,514
50159410953,r,514
50159429788,r,514
50159813880,r,514
50159869909,r,514
50159911871,r,514
50170485973,s,514
50176254987,r,514
50176920890,s,514
50204156875,s,514
50264355897,r,514
50298157930,s,514
50304607868,r,514
50337208986,r,514
50381342887,r,514
50410259962,r,514
50410310983,r,514
50464784860,r,514
50464812994,s,514
50487877845,r,514
50487905979,r,514
50487946987,r,514
50498776912,r,514
50498893976,r,514
50504261970,r,514
50504291772,r,514
50504309892,r,514
50504516840,r,514
50571596860,r,514
50571645975,r,514
50571691989,r,514
50592482805,r,514
50592510938,s,514
50596633911,r,514
50596716880,r,514
50596727848,r,514
50596740961,r,514
50596769809,r,514
50633587837,r,514
50633609771,r,514
50633639812,r,514
50633659839,r,514
50665545940,r,514
50665645837,r,514
50665699958,r,514
50700120925,r,514
50700250864,r,514
50700270891,r,514
50700399875,r,514
50700414896,r,514
50700785875,r,514
50700838804,r,514
50700847864,r,514
50702123880,s,514
50714465856,s,514
50720740795,r,514
50720767974,s,514
50727271795,s,514
50738827943,r,514
50738850832,r,514
50738866806,r,514
50813164949,r,514
50815218925,r,514
50815255880,r,514
50815495967,r,514
50815525770,r,514
50815578937,r,514
50838338851,s,514
50848563909,r,514
50848598003,s,514
50885991811,r,514
50886023998,r,514
50886041879,r,514
50970161914,r,514
50970203876,r,514
50970231771,r,514
50976166963,r,514
50976287841,s,514
50978019952,r,514
50978075981,r,514
50978080987,r,514
50978084802,r,514
50978115797,r,514
50979957819,s,514
50991021871,r,514
50991103887,r,514
50991136789,r,514
50991171836,r,514
51049912929,r,514
51049939870,r,514
51049975872,r,514
51085960865,r,514
51086019992,r,514
51086058855,r,514
51086376905,r,514
51086450815,r,514
51104238987,r,514
51104263782,s,514
51127738952,r,514
51127785921,r,514
51127843856,r,514
51158299922,r,514
51186210870,r,514
51186728954,s,514
51220905780,r,514
51220932960,r,514
51220943927,r,514
51232212781,r,514
51232238769,s,514
51248047828,s,514
51253736972,r,514
51253754854,r,514
51293159961,r,514
51294013977,r,514
51294037818,r,514
51294071912,r,514
51294107914,r,514
51294125795,r,514
51313755989,r,514
51313870906,r,514
51313952922,r,514
51326841831,r,514
51326887846,r,514
51326892852,r,514
51348507881,s,514
51349469900,s,514
51349935770,s,514
51350525856,s,514
51350568771,s,514
51359941005,r,514
51359973907,s,514
51402384996,r,514
51402493953,r,514
51402506828,r,514
51402511835,r,514
51402519941,r,514
51406330823,r,514
51406371831,r,514
51406417846,r,514
51406450986,r,514
51473437786,r,514
51473564863,r,514
51473644971,r,514
51487481832,r,514
51487506866,s,514
51545926809,r,514
51545956850,r,514
51615229845,r,514
51690929889,s,514
51691046953,s,514
51698255777,r,514
51698274850,r,514
51698292970,r,514
51730929851,r,514
51730952978,r,514
51730976820,r,514
51731086969,r,514
51731151819,r,514
51731191873,r,514
51758090972,r,514
51758114814,r,514
51758149862,r,514
51759697914,s,514
51782510995,r,514
51782786846,s,514
51790191888,s,514
51803629875,r,514
51803727865,r,514
51818596839,s,514
51833353996,r,514
51833423852,r,514
51833470821,r,514
51833716869,r,514
51833759784,r,514
51833795785,r,514
51852949857,s,514
51891645908,r,514
51891674995,r,514
51891700983,r,514
51910937786,r,514
51946346998,s,514
51946448802,r,514
51946498870,r,514
51946537971,r,514
51946823835,r,514
51946846962,r,514
51946865797,r,514
51947438001,r,514
51947467804,r,514
51947892904,r,514
51947936773,r,514
51947975873,r,514
51964579820,r,514
51964602947,r,514
51964622974,r,514
51965747833,s,514
51971879959,s,514
51971891880,s,514
52037562847,r,514
52065671920,r,514
52065715789,r,514
52065747976,r,514
52066070795,r,514
52066130876,r,514
52066170930,r,514
52066907882,r,514
52066979885,r,514
52067007780,r,514
52073956966,r,514
52073982000,s,514
52082673788,r,514
52082696914,r,514
52110301971,r,514
52177237987,r,514
52177266836,r,514
52177300930,r,514
52177941799,r,514
52177958965,r,514
52177988767,r,514
52178015947,r,514
52178041935,r,514
52178139925,r,514
52178166866,r,514
52178197860,r,514
52178203821,s,514
52183302879,r,514
52202143907,r,514
52202161788,s,514
52289768934,r,514
52289794921,r,514
52289831876,r,514
52289982795,r,514
52290010929,r,514
52290402889,r,514
52290445804,r,514
52290492773,r,514
52329814910,r,514
52329837799,s,514
52362139940,r,514
52362174987,r,514
52380080938,r,514
52405488967,r,514
52406364917,r,514
52407242775,r,514
52407583952,r,514
52407612800,r,514
52407767772,r,514
52407805919,r,514
52407846927,r,514
52434975862,r,514
52435022831,r,514
52435068845,r,514
52447991848,r,514
52457835912,r,514
52457845926,s,514
52507424831,r,514
52552941799,r,514
52552985906,r,514
52553872823,r,514
52553906917,r,514
52553942918,r,514
52554177999,r,514
52554261922,r,514
52554288864,r,514
52565821886,r,514
52565837860,r,514
52565865993,r,514
52579970836,r,514
52585582971,r,514
52658806800,r,514
52658834934,r,514
52658851862,r,514
52658869981,r,514
52659358978,s,514
52661099910,r,514
52661137819,r,514
52661156892,r,514
52661983966,r,514
52662025928,r,514
52662043809,r,514
52713094949,r,514
52731553793,r,514
52760596990,r,514
52760624885,r,514
52760646820,r,514
52761318922,r,514
52761336803,r,514
52761847972,r,514
52761882782,r,514
52761912822,r,514
52833402872,r,514
52833432912,r,514
52833464860,r,514
52840618848,r,514
52840853929,s,514
52884263992,r,514
52884288787,r,514
52884324789,r,514
52884351968,r,514
52884727001,r,514
52885349988,r,514
52885376930,r,514
52885402917,r,514
52886233806,s,514
52924790859,r,514
52924812793,r,514
52924827814,r,514
52953924894,r,514
52968058824,r,514
53011785984,s,514
53024602890,r,514
53026092767,r,514
53026140928,r,514
53026176929,r,514
53026204824,r,514
53026365995,r,514
53026421785,r,514
53026448965,r,514
53026777982,r,514
53026807785,r,514
53026826858,r,514
53027435779,s,514
53027443885,s,514
53027562856,s,514
53027566909,s,514
53027682781,s,514
53046923875,r,514
53052756786,s,514
53095553875,r,514
53119899988,r,514
53132020950,r,514
53132061958,r,514
53132104873,r,514
53132153987,r,514
53132316827,r,514
53132390976,r,514
53132497787,r,514
53155250787,s,514
53177996873,r,514
53178013801,r,514
53178036928,r,514
53192816972,r,514
53192839860,r,514
53237089872,r,514
53247335910,r,514
53266212940,r,514
53266230821,r,514
53266234874,r,514
53339138984,r,514
53339158773,r,514
53339178800,r,514
53339213848,r,514
53374792814,r,514
53449343919,r,514
53516229867,r,514
53516382932,r,514
53516416788,r,514
53516448974,r,514
53522047996,r,514
53522065877,r,514
53550544977,r,514
53678040981,r,514
53680107832,r,514
53805550813,r,514
53884481906,r,514
53884512901,r,514
53884532928,r,514
53890718936,r,514
53890733003,r,514
53890743970,r,514
53933213949,r,514
53957003831,r,514
53957027912,r,514
53957035780,r,514
53976069927,r,514
53976094961,r,514
53976110935,r,514
53976161003,r,514
53976183891,r,514
53976212978,r,514
53976366996,s,514
53976417779,r,514
53976455926,r,514
53976473808,r,514
54029616832,r,514
54029646873,r,514
54029664993,r,514
54060767889,r,514
54073594808,r,514
54073612928,r,514
54073620796,r,514
54073826789,r,514
54073837995,r,514
54073857784,r,514
54102792978,r,514
54102870941,r,514
54148530960,s,514
54149614810,r,514
54174856901,r,514
54174935817,r,514
54188720941,r,514
54358024835,r,514
54489265918,r,514
54654523849,r,514
54773638963,r,514
54773664951,r,514
54810712814,r,514
54839255809,s,514
54839412927,s,514
54845222950,s,514
54845438003,s,514
54846854925,s,514
54847091913,s,514
54848820924,s,514
54848968982,s,514
54849214792,s,514
54849468946,s,514
54858616828,r,514
54967074871,s,514
54967079877,s,514
55059277772,s,514
55064902782,s,514
55073812961,s,514
55073822975,s,514
55078497886,r,514
55095261812,s,514
55178429842,s,514
55206069946,r,514
55260502815,s,514
55286597967,s,514
55345883846,s,514
55370576858,r,514
55388672828,s,514
55395846843,r,514
55395927906,r,514
55420066833,r,514
55420195817,r,514
55420305967,r,514
55420331001,r,514
55420810937,r,514
55420847892,r,514
55420862913,r,514
55468605995,r,514
55468637943,r,514
55468661785,r,514
55509345769,r,514
55516447782,r,514
55516474962,s,514
55523965835,r,514
55523990869,r,514
55524015903,r,514
55524390935,r,514
55524433851,r,514
55524465799,r,514
55524646997,r,514
55524664878,r,514
55547035932,r,514
55547171831,r,514
55547194004,r,514
55600652933,r,514
55620257854,r,514
55620296001,r,514
55620339870,r,514
55620384931,r,514
55620423793,r,514
55620473861,r,514
55620580911,r,514
55620623827,r,514
55620649814,r,514
55643973827,r,514
55644259929,s,514
55692420005,r,514
55692447900,r,514
55692465782,r,514
55693219900,r,514
55693249940,r,514
55693275928,r,514
55721923828,r,514
55721959829,r,514
55721997976,r,514
55722198963,r,514
55722244978,r,514
55722294807,r,514
55771932840,r,514
55771958828,s,514
55785170793,r,514
55785213947,r,514
55785240888,r,514
55794126987,r,514
55794270992,r,514
55794296979,r,514
55824750900,r,514
55824773788,r,514
55824793815,r,514
55824838876,r,514
55824870824,r,514
55824916839,r,514
55825303793,s,514
55866694927,r,514
55866817951,r,514
55866835832,r,514
55899634838,r,514
55899661779,s,514
55929232835,r,514
55929266929,r,514
55929290771,r,514
55929339885,r,514
55929387807,r,514
55929429769,r,514
55929470777,r,514
55929515838,r,514
55950637817,r,514
55950667858,r,514
55950694799,r,514
55970643997,r,514
56004599809,s,514
56024962902,r,514
56025000810,r,514
56025044918,r,514
56025099992,r,514
56025149822,r,514
56025199890,r,514
56025533914,r,514
56025569915,r,514
56027561903,r,514
56027589798,s,514
56043318986,r,514
56043341875,r,514
56043410778,r,514
56120969772,r,514
56120999813,r,514
56121017932,r,514
56121288776,r,514
56121341943,r,514
56121554851,r,514
56121601820,r,514
56121619939,r,514
56121655941,r,514
56138938903,r,514
56138985872,r,514
56138992786,r,514
56155246973,r,514
56155276775,s,514
56212960958,r,514
56212987899,r,514
56213006973,r,514
56216146946,r,514
56216196775,r,514
56216224908,r,514
56216438770,r,514
56216470956,r,514
56216533899,r,514
56282718896,r,514
56284760952,r,514
56284792900,r,514
56284814834,r,514
56357442855,r,514
56357467889,r,514
56357482910,r,514
56361141920,r,514
56361182928,r,514
56361224889,r,514
56361638784,r,514
56361685991,r,514
56361719846,r,514
56362245798,s,514
56362353801,s,514
56380531787,r,514
56380595922,r,514
56380620002,r,514
56412330865,r,514
56416684866,s,514
56416698932,s,514
56430126905,r,514
56430159807,r,514
56430165767,r,514
56439858913,r,514
56439888954,r,514
56439934968,r,514
56439977884,r,514
56440022945,r,514
56473716974,r,514
56473751783,r,514
56473794937,r,514
56473828792,r,514
56490106821,s,514
56493445873,s,514
56503291845,r,514
56503324985,r,514
56503342866,r,514
56505007982,s,514
56533738851,r,514
56533765792,r,514
56533776998,r,514
56534090995,r,514
56534115791,r,514
56534142971,r,514
56544414997,r,514
56606568813,r,514
56606598854,r,514
56606630802,r,514
56632744789,s,514
56637135982,r,514
56637166976,r,514
56637200832,r,514
56637228965,r,514
56637265920,r,514
56637304782,r,514
56637326002,r,514
56637351989,r,514
56637378931,r,514
56671920776,r,514
56675969839,s,514
56677516937,s,514
56687034845,s,514
56687047958,s,514
56691038847,r,514
56691067934,r,514
56691095829,r,514
56691945791,s,514
56691954851,s,514
56695677995,s,514
56713608980,s,514
56713622808,s,514
56716125965,s,514
56730719804,r,514
56730747938,r,514
56730781793,r,514
56730879783,r,514
56730908870,r,514
56730939865,r,514
56731182813,r,514
56731210947,r,514
56731237888,r,514
56758348941,s,514
56764227867,r,514
56764253854,s,514
56764261961,r,514
56764265775,r,514
56790035963,s,514
56799479961,r,514
56830637931,r,514
56830677986,r,514
56830719947,r,514
56830878973,s,514
56831545829,r,514
56831618785,r,514
56831657886,r,514
56831983804,r,514
56832036972,r,514
56832066774,r,514
56837076902,r,514
56837094783,r,514
56837116003,r,514
56865114927,s,514
56891761779,s,514
56933201789,r,514
56933227777,r,514
56933255910,r,514
56933872938,r,514
56934085845,r,514
56934141874,r,514
56934545993,r,514
56934574842,r,514
56934600830,r,514
56958129882,r,514
56995685815,r,514
56995715856,r,514
56995756864,r,514
57032386779,r,514
57032413959,s,514
57032424926,r,514
57032429933,r,514
57032747983,r,514
57032813787,r,514
57032830953,r,514
57033363819,r,514
57033392906,r,514
57033422946,r,514
57068574905,r,514
57068614959,r,514
57068643808,r,514
57085609912,r,514
57131230831,r,514
57131254911,r,514
57131286859,r,514
57131400823,r,514
57131436824,r,514
57131466865,r,514
57131850004,r,514
57131886005,r,514
57131918907,r,514
57133395910,s,514
57141569852,r,514
57141600847,r,514
57141653776,r,514
57212466955,s,514
57213136911,r,514
57230674982,r,514
57230700969,r,514
57230738878,r,514
57231751918,r,514
57231778860,r,514
57231820821,r,514
57231869936,r,514
57231897831,r,514
57231944799,r,514
57299999952,r,514
57300027847,r,514
57300047874,r,514
57331643819,r,514
57331668853,r,514
57331693887,r,514
57331723928,r,514
57332132816,r,514
57332184791,r,514
57332190990,r,514
57332199811,r,514
57332215786,r,514
57340636968,r,514
57340660810,s,514
57395328998,r,514
57395371913,r,514
57395406961,r,514
57430288791,r,514
57430322885,r,514
57430370807,r,514
57430799961,r,514
57430922985,r,514
57430951833,r,514
57431619882,r,514
57431644916,r,514
57431674003,r,514
57468066930,r,514
57468099832,r,514
57468147993,r,514
57468621969,r,514
57468632936,s,514
57528181791,r,514
57528211832,r,514
57528236866,r,514
57528268814,r,514
57528294801,r,514
57528346777,r,514
57528725862,r,514
57528759002,r,514
57528775930,r,514
57541673898,r,514
57541711807,r,514
57541772842,r,514
57596478939,r,514
57597204923,s,514
57622313976,r,514
57622345924,r,514
57622373819,r,514
57622641801,r,514
57622667789,r,514
57622697830,r,514
57622880935,r,514
57622897863,r,514
57622926950,r,514
57657915830,r,514
57657939910,r,514
57657964944,r,514
57722389936,r,514
57722414970,r,514
57722447872,r,514
57722490787,r,514
57722746849,r,514
57722814798,r,514
57724030971,r,514
57724090814,r,514
57724123001,r,514
57724792003,r,514
57724803924,s,514
57731006860,r,514
57731034994,r,514
57731074810,r,514
57790670871,s,514
57818879842,r,514
57818908929,r,514
57818920850,r,514
57819040775,r,514
57819072961,r,514
57819089889,r,514
57819501876,r,514
57819518804,r,514
57819569826,r,514
57820944786,s,514
57841140985,r,514
57841171979,r,514
57841184854,r,514
57850021839,s,514
57852578878,r,514
57852617979,s,514
57913786888,r,514
57913822889,r,514
57913828849,r,514
57917669773,r,514
57917689800,r,514
57917703867,r,514
57918402910,r,514
57918425798,r,514
57918429851,r,514
57980516910,r,514
57980535984,s,514
57986162900,r,514
57986183881,r,514
57986187934,r,514
57989799976,r,514
57989818811,r,514
57989839792,r,514
57999898910,s,514
58009563922,s,514
58016102790,r,514
58016124963,r,514
58016155004,r,514
58016324996,r,514
58016350984,r,514
58016378879,r,514
58017010927,s,514
58042421817,s,514
58079319953,r,514
58079345941,r,514
58079358816,r,514
58094710826,r,514
58094808816,r,514
58094852924,r,514
58095701932,s,514
58108560800,r,514
58108589887,s,514
58151004791,r,514
58151032924,r,514
58151043891,r,514
58151320934,r,514
58151386976,r,514
58161196947,r,514
58161222934,r,514
58161243915,r,514
58171507835,r,514
58234195947,r,514
58234228849,r,514
58234236955,r,514
58236573934,r,514
58236592769,s,514
58252309799,r,514
58252331972,r,514
58253846883,r,514
58253861904,r,514
58253887891,r,514
58290516853,r,514
58290549993,r,514
58290559768,r,514
58290579795,r,514
58310311794,r,514
58310347795,r,514
58310397863,r,514
58341220855,r,514
58341247797,r,514
58341276884,r,514
58341308832,r,514
58341334819,r,514
58341662883,s,514
58364491939,r,514
58364517927,s,514
58382229805,r,514
58382260799,r,514
58382270813,r,514
58413549900,r,514
58413570880,r,514
58413589954,r,514
58436371803,r,514
58436500787,r,514
58436522960,r,514
58436532974,r,514
58436550855,r,514
58436557769,r,514
58470011949,r,514
58470043897,r,514
58470063924,r,514
58486562967,r,514
58486595869,r,514
58486642837,r,514
58492664814,r,514
58533229827,r,514
58533281803,r,514
58533309936,r,514
58533344984,r,514
58533369779,r,514
58534081935,s,514
58534233808,s,514
58562649965,r,514
58562681913,r,514
58562690973,r,514
58562709808,r,514
58605133771,r,514
58605169773,r,514
58605217933,r,514
58658393859,r,514
58661815881,s,514
58849598884,s,514
58852283000,r,514
58859614849,r,514
58859645843,r,514
58868958950,r,514
58868987798,r,514
58869018793,r,514
58874673843,r,514
58874699831,r,514
58874736785,r,514
58880074977,r,514
58880101919,r,514
58880111932,r,514
58920081853,s,514
58924050808,r,514
58924093961,r,514
58924111843,r,514
58958481788,s,514
58958525896,s,514
58977139949,s,514
58987109899,r,514
58997859001,r,514
58997891902,r,514
59018932819,r,514
59070866823,r,514
59070894002,r,514
59112604856,r,514
59112908840,s,514
59113132000,r,514
59113159894,r,514
59113273859,r,514
59113315820,r,514
59113350868,r,514
59125360965,r,514
59143910884,r,514
59144013881,r,514
59144030809,r,514
59208887815,r,514
59208998918,r,514
59209073782,r,514
59209089994,r,514
59209096908,r,514
59209105968,r,514
59209508895,r,514
59209541797,r,514
59209559917,r,514
59217116832,r,514
59217228889,r,514
59217306852,r,514
59252914905,r,514
59252942800,s,514
59313703775,r,514
59313730001,r,514
59313739776,r,514
59347244978,r,514
59347270965,r,514
59347301960,r,514
59350340843,r,514
59350381851,r,514
59350410938,r,514
59350776910,r,514
59350809812,r,514
59375083923,r,514
59375137805,r,514
59375156879,r,514
59380711793,r,514
59380738973,s,514
59436014890,r,514
59436627864,r,514
59436662912,r,514
59436866998,r,514
59436896801,r,514
59436923980,r,514
59437174797,r,514
59437224865,r,514
59437271833,r,514
59467706918,r,514
59467866897,r,514
59467894792,r,514
59497834920,r,514
59508436918,r,514
59508475780,s,514
59570534944,r,514
59570565938,r,514
59635979890,r,514
59693324804,r,514
59693346977,r,514
59693377971,r,514
59766041994,r,514
59766070842,r,514
59802478790,r,514
59807621955,s,514
59827294826,s,514
59879243850,s,514
59934548854,r,514
59952554941,r,514
59952586889,s,514
59952596902,r,514
59990598917,r,514
60025254964,r,514
60025294780,r,514
60080209970,r,514
60080511808,s,514
60098471880,r,514
60098500967,r,514
60098522901,r,514
60196131944,s,514
60208548784,r,514
60208693981,s,514
60265975952,r,514
60266005992,r,514
60290227890,r,514
60291015863,r,514
60291073799,r,514
60291907787,r,514
60291981935,r,514
60291996002,r,514
60321550846,r,514
60321581840,r,514
60321616888,r,514
60321788787,r,514
60336314916,r,514
60362736940,r,514
60362768888,r,514
60384633779,r,514
60385170936,r,514
60385197877,r,514
60385321855,r,514
60385375976,r,514
60385406971,r,514
60457329988,r,514
60457362890,r,514
60457397937,r,514
60481343984,r,514
60481388807,r,514
60481396913,r,514
60481433868,r,514
60481852769,r,514
60481876850,r,514
60482760906,r,514
60482789993,r,514
60482811927,r,514
60483078002,s,514
60483116865,r,514
60483165979,r,514
60483195781,r,514
60490298986,r,514
60491304874,s,514
60542428970,r,514
60542467832,r,514
60542473793,r,514
60588204860,r,514
60588238954,r,514
60588261842,r,514
60588855981,r,514
60588892936,r,514
60588919878,r,514
60588957786,r,514
60588975906,r,514
60614893913,r,514
60614924907,s,514
60614934921,r,514
60614979982,r,514
60617823839,r,514
60683914899,r,514
60683940887,r,514
60683977842,r,514
60685345888,r,514
60685386896,r,514
60685429811,r,514
60685847997,r,514
60685879945,r,514
60685934782,r,514
60691174984,s,514
60729138851,r,514
60729179859,r,514
60729191780,r,514
60742570877,s,514
60764383792,s,514
60782444000,r,514
60783757925,r,514
60784331798,r,514
60784367799,r,514
60784526825,r,514
60784568786,r,514
60785489797,r,514
60785513877,r,514
60785542964,r,514
60815744876,r,514
60815772771,r,514
60815786838,r,514
60829123973,s,514
60870313882,s,514
60873040914,r,514
60885900974,r,514
60886579990,r,514
60887264967,r,514
60887309789,r,514
60887356996,r,514
60887391805,r,514
60887873888,r,514
60887908935,r,514
60887925863,r,514
60911167860,r,514
60933716774,r,514
60933750867,r,514
60933807849,r,514
60947869777,s,514
60952942848,s,514
60983312845,r,514
60984206914,r,514
60984232902,r,514
60986109972,r,514
60986134767,r,514
60986174821,r,514
60986192941,r,514
60986218929,r,514
61030156850,r,514
61030185937,s,514
61030197858,r,514
61030225992,r,514
61058904886,r,514
61061416864,r,514
61103315830,r,514
61116284847,r,514
61117131948,r,514
61117162942,r,514
61117192983,r,514
61117970943,r,514
61117989778,r,514
61118014812,r,514
61119447946,s,514
61150946855,r,514
61150977850,r,514
61150985002,r,514
61151017904,r,514
61176387786,r,514
61176414966,s,514
61188936948,r,514
61255035877,r,514
61255065918,r,514
61255098819,r,514
61256192922,r,514
61256230831,r,514
61256271839,r,514
61256330966,r,514
61326931953,r,514
61326959848,s,514
61326982975,r,514
61326996803,r,514
61347956895,s,514
61348686933,r,514
61348718881,r,514
61350260973,r,514
61350293874,r,514
61350311994,r,514
61350339889,r,514
61350568771,r,514
61350602865,r,514
61350638866,r,514
61354434967,r,514
61400048971,r,514
61400164842,r,514
61400183916,r,514
61443439960,r,514
61444117784,r,514
61444865942,s,514
61445056915,r,514
61445113897,r,514
61445155859,r,514
61445209980,r,514
61445492982,r,514
61445525884,r,514
61445552825,r,514
61475832939,s,514
61481863975,r,514
61507043838,r,514
61507082939,r,514
61527493000,r,514
61539897918,r,514
61539919853,r,514
61540597915,r,514
61540622949,r,514
61540656805,r,514
61540763855,r,514
61540823936,r,514
61540855884,r,514
61600408792,r,514
61600449800,r,514
61600456953,r,514
61622012853,r,514
61622058868,s,514
61634586811,r,514
61637974977,r,514
61638006925,r,514
61638349771,r,514
61638374805,r,514
61638409853,r,514
61638717889,r,514
61638762950,r,514
61638794899,r,514
61677156925,r,514
61677190780,r,514
61677202940,r,514
61736253976,r,514
61736305952,r,514
61736335992,r,514
61737127780,r,514
61737168788,r,514
61737199783,r,514
61737465858,r,514
61737506866,r,514
61737545967,r,514
61765484809,r,514
61789260864,r,514
61789288997,r,514
61789305925,r,514
61797418832,s,514
61797584772,s,514
61838323831,r,514
61838347911,r,514
61838358879,r,514
61839260816,r,514
61839295864,r,514
61839312791,r,514
61839379787,r,514
61839424848,r,514
61839477777,r,514
61892963886,r,514
61897346973,s,514
61901238918,r,514
61901278972,r,514
61901327848,r,514
61919599771,s,514
61920796871,s,514
61925085783,s,514
61929592847,s,514
61934099912,s,514
61934111833,s,514
61937892913,s,514
61941939830,s,514
61950915813,r,514
61950955867,r,514
61950993776,r,514
61951033830,r,514
61951073885,r,514
61951252937,r,514
61951291799,r,514
61951322794,r,514
61955920934,s,514
61955931901,s,514
61958235979,s,514
61973858833,r,514
61973888874,r,514
61973917961,r,514
62023452997,r,514
62025250911,r,514
62054988861,r,514
62055122852,s,514
62055162906,r,514
62055845975,r,514
62056442976,r,514
62056471824,r,514
62056501865,r,514
62056528806,r,514
62056544780,r,514
62109527826,r,514
62109831810,r,514
62109877824,r,514
62115999937,r,514
62152777910,r,514
62159331798,r,514
62159368991,r,514
62160120964,r,514
62160505771,r,514
62160546779,r,514
62160889864,r,514
62160924911,r,514
62160963773,r,514
62188676834,r,514
62188707828,s,514
62188725948,r,514
62188767910,r,514
62257919788,r,514
62257951974,r,514
62258004903,r,514
62258035898,r,514
62259016990,r,514
62259034872,r,514
62259411811,r,514
62259437799,r,514
62259521961,r,514
62259596824,r,514
62259636879,r,514
62259704828,r,514
62261779785,r,514
62261816978,r,514
62261858940,r,514
62286838769,r,514
62352548837,s,514
62355987787,r,514
62356070995,r,514
62356083869,r,514
62356795787,r,514
62356831789,r,514
62356989860,r,514
62357008934,r,514
62357034921,r,514
62392568826,s,514
62393399000,r,514
62393435955,r,514
62393478870,r,514
62393633842,s,514
62407744884,r,514
62414406776,r,514
62466055870,r,514
62466084957,r,514
62466099977,r,514
62466943979,r,514
62466971874,r,514
62467290878,r,514
62467320919,r,514
62467372894,r,514
62480397939,s,514
62480580806,r,514
62480622768,r,514
62480656862,r,514
62541917800,r,514
62558796882,r,514
62559274911,r,514
62559305906,r,514
62559385776,r,514
62559428930,r,514
62560298919,r,514
62560312986,r,514
62560353994,r,514
62629489898,r,514
62629520893,s,514
62629534959,r,514
62629541873,r,514
62629604816,r,514
62630851984,s,514
62631467819,s,514
62631892919,r,514
62653215885,r,514
62653332948,r,514
62653380870,r,514
62653806924,r,514
62653881788,r,514
62654754877,r,514
62654791832,r,514
62654826879,r,514
62669643878,r,514
62704459905,r,514
62704495906,r,514
62704540967,r,514
62748275995,r,514
62749086856,r,514
62749152898,r,514
62750053882,r,514
62750095844,r,514
62750564813,r,514
62750590801,r,514
62750619888,r,514
62758820772,s,514
62797082901,r,514
62797906875,r,514
62797938823,r,514
62797969818,r,514
62798635959,s,514
62886793851,s,514
62890158891,r,514
62891324996,r,514
62891350984,r,514
62892309904,r,514
62892350912,r,514
62892390966,r,514
62892680883,r,514
62892753839,r,514
62892795801,r,514
62905308961,r,514
62905347824,r,514
62905355930,r,514
62921935796,s,514
62925449848,r,514
62978712797,r,514
63004942894,r,514
63004979848,r,514
63005232811,r,514
63005255937,r,514
63005309820,r,514
63005463838,s,514
63005555868,r,514
63005584001,r,514
63005836963,s,514
63014921903,s,514
63026297807,r,514
63026386976,r,514
63026424884,r,514
63026440858,r,514
63051471948,r,514
63088000774,s,514
63090553998,r,514
63122196912,r,514
63122230768,r,514
63122238874,r,514
63122273922,r,514
63122295856,r,514
63122315883,r,514
63122366905,r,514
63124873876,r,514
63124910831,r,514
63124952793,r,514
63184485912,s,514
63195538997,s,514
63219252824,r,514
63219299793,r,514
63219563961,r,514
63219602823,r,514
63219658851,r,514
63220532894,r,514
63220569849,r,514
63220608949,r,514
63220649004,r,514
63249636888,r,514
63285786867,r,514
63285830974,r,514
63285869836,r,514
63315489769,r,514
63315518856,s,514
63315557956,r,514
63315596818,r,514
63316383838,r,514
63316413879,r,514
63316455841,r,514
63316606998,r,514
63316651821,r,514
63316682815,r,514
63358534812,r,514
63358565807,r,514
63358589887,r,514
63413319826,r,514
63415606975,r,514
63415642976,r,514
63416260004,r,514
63416292905,r,514
63416311979,r,514
63416975975,r,514
63417022943,r,514
63417069912,r,514
63430933952,r,514
63430966854,r,514
63430987834,r,514
63480464935,s,514
63514132976,r,514
63514164924,r,514
63514171838,r,514
63514495849,r,514
63514521837,r,514
63514550924,r,514
63514657974,r,514
63514691829,r,514
63514709949,r,514
63541026830,r,514
63580402851,r,514
63580428838,r,514
63580440998,r,514
63608431816,s,514
63608568906,r,514
63608596801,r,514
63608622789,r,514
63609709978,r,514
63609749794,r,514
63609791994,r,514
63610308885,r,514
63610357999,r,514
63610409975,r,514
63653116941,r,514
63653148889,r,514
63668532848,r,514
63704427003,r,514
63704452991,r,514
63704457998,r,514
63705492973,r,514
63705537796,r,514
63705590963,r,514
63706371784,r,514
63706405878,r,514
63706450939,r,514
63765565872,r,514
63765597820,s,514
63765611887,r,514
63765639782,r,514
63796131849,r,514
63802666902,s,514
63802840948,r,514
63802877903,r,514
63803820848,r,514
63804514884,r,514
63804554939,r,514
63804587841,r,514
63804620981,r,514
63804655790,r,514
63863220930,r,514
63863248825,r,514
63863252878,r,514
63882759809,r,514
63883285999,s,514
63903970003,r,514
63904000997,s,514
63904011964,r,514
63904914856,r,514
63905245780,r,514
63905326843,r,514
63905597925,r,514
63905630827,r,514
63905657768,r,514
63930568933,r,514
63955370903,r,514
63955394983,r,514
63955410003,r,514
64008164882,r,514
64008196830,r,514
64008231878,r,514
64008637905,r,514
64008673906,r,514
64008729934,r,514
64009306907,r,514
64009342908,r,514
64009367942,r,514
64009717941,r,514
64009776830,r,514
64009789943,r,514
64027803897,r,514
64027836799,r,514
64058150768,r,514
64058182001,s,514
64104758977,r,514
64104944944,r,514
64104981899,r,514
64105086803,r,514
64105142831,r,514
64105170965,r,514
64106086969,r,514
64106117963,r,514
64106137991,r,514
64107117891,s,514
64160813808,r,514
64160847902,r,514
64160859823,r,514
64178105831,r,514
64186414957,r,514
64186575889,s,514
64204099893,r,514
64204128980,r,514
64204174995,r,514
64204778909,r,514
64204799890,r,514
64204827785,r,514
64204858779,r,514
64204892873,r,514
64250778913,r,514
64250816822,r,514
64250848770,r,514
64298352003,r,514
64299454927,r,514
64299488782,r,514
64299518823,r,514
64300514936,r,514
64300539970,r,514
64300567865,r,514
64300594806,r,514
64300626993,r,514
64314141988,r,514
64314176797,s,514
64353421926,r,514
64353452920,r,514
64353479862,r,514
64361797809,r,514
64441929817,r,514
64442090988,r,514
64442120790,r,514
64442141771,r,514
64442158937,r,514
64442916870,r,514
64442960977,r,514
64443000793,r,514
64445655822,r,514
64445686817,r,514
64445703983,r,514
64445733785,r,514
64451437950,s,514
64545576810,r,514
64546066999,r,514
64546105861,r,514
64546471834,r,514
64546498775,r,514
64546721935,s,514
64547525882,r,514
64547549962,r,514
64547586917,r,514
64569692850,r,514
64585277795,r,514
64585311889,s,514
64585325002,r,514
64585373878,r,514
64612142801,s,514
64650364875,r,514
64651131868,r,514
64651186943,r,514
64651947975,r,514
64651974916,r,514
64652011871,r,514
64652606964,r,514
64652644872,r,514
64652650833,r,514
64658130884,r,514
64658153772,r,514
64658180952,r,514
64697200775,r,514
64705568790,s,514
64705582857,s,514
64740107774,s,514
64747621774,r,514
64792399883,r,514
64792442798,r,514
64793193817,r,514
64793224811,r,514
64793580770,r,514
64793609857,r,514
64793657779,r,514
64821096897,r,514
64821131944,r,514
64821173906,r,514
64821926832,r,514
64824759960,r,514
64893505811,r,514
64893547773,s,514
64928785800,r,514
64928882837,r,514
64928898811,r,514
64928919792,r,514
64929479837,r,514
64929515838,r,514
64929560899,r,514
64952314853,r,514
64979993820,r,514
64980017900,r,514
64980094909,r,514
65027095794,r,514
65027126789,s,514
65027859926,r,514
65028165817,r,514
65028189897,r,514
65028222799,r,514
65028787851,r,514
65028814792,r,514
65035948991,s,514
65041358947,s,514
65045852899,s,514
65079913854,r,514
65097911834,r,514
65097947835,r,514
65097967863,r,514
65123144865,s,514
65127070903,r,514
65127158880,r,514
65127172946,r,514
65127178907,r,514
65127198934,r,514
65127213954,r,514
65127223968,r,514
65127227783,r,514
65127258777,r,514
65128297805,s,514
65164186954,s,514
65185452938,r,514
65185482978,r,514
65185488939,r,514
65225351810,r,514
65233870983,r,514
65233905792,r,514
65233912944,r,514
65234212875,r,514
65234263896,r,514
65234291791,r,514
65234575986,r,514
65234616994,r,514
65278437852,r,514
65278469800,r,514
65278497934,r,514
65322468996,r,514
65322492837,s,514
65328593969,s,514
65340300798,r,514
65340331792,r,514
65340351819,r,514
65344828844,s,514
65361442804,r,514
65389609813,r,514
65389647960,r,514
65445107936,r,514
65445194959,r,514
65445789813,r,514
65445818901,r,514
65445840835,r,514
65446649789,s,514
65456252813,s,514
65487123966,r,514
65487174987,r,514
65487216949,r,514
65495185852,s,514
65517166853,r,514
65547326803,r,514
65582783937,r,514
65582817792,r,514
65582821846,r,514
65644772767,r,514
65718170881,r,514
65719025850,r,514
65719049930,r,514
65719734907,r,514
65719782829,r,514
65719819784,r,514
65773355960,r,514
65773384809,r,514
65773401975,r,514
65799516916,s,514
65799633979,s,514
65810512781,r,514
65819025993,r,514
65819063901,r,514
65819072961,r,514
65819195985,r,514
65819240808,r,514
65819274902,r,514
65819462776,r,514
65819493770,r,514
65845937967,r,514
65845999956,r,514
65846007823,r,514
65895080804,r,514
65918537855,r,514
65918576955,r,514
65918599844,r,514
65921461820,r,514
65921487808,r,514
65921539783,r,514
65921726942,r,514
65921761989,r,514
65921795845,r,514
65927259922,s,514
65946475982,r,514
65991138935,r,514
65991267919,r,514
65991283893,r,514
66030094862,r,514
66030125856,r,514
66030164957,r,514
66030203819,r,514
66030238866,r,514
66030275821,r,514
66030333995,r,514
66030360937,r,514
66030396938,r,514
66064977884,s,514
66072963953,r,514
66072991848,s,514
66072997808,r,514
66073004960,r,514
66114442825,r,514
66128905773,r,514
66128941774,r,514
66128946781,r,514
66129185914,r,514
66129266977,r,514
66129294872,r,514
66129947900,r,514
66130005836,r,514
66130014896,r,514
66146026849,r,514
66146052837,r,514
66146071910,r,514
66200588941,s,514
66229444980,r,514
66229474782,r,514
66229513883,r,514
66229557990,r,514
66229834795,r,514
66229861974,r,514
66229893922,r,514
66229923963,r,514
66229954957,r,514
66256440877,r,514
66257492780,r,514
66257586956,r,514
66257609844,r,514
66278079986,s,514
66329214811,r,514
66329338789,s,514
66329352855,r,514
66329367876,r,514
66329621791,r,514
66329665899,r,514
66329734802,r,514
66329924821,r,514
66329941988,r,514
66329973936,r,514
66330752849,r,514
66330782890,r,514
66330799818,r,514
66384045839,r,514
66403029918,r,514
66403052806,r,514
66403079986,r,514
66425495862,r,514
66425532817,r,514
66425588846,r,514
66425637960,r,514
66425687789,r,514
66425729989,r,514
66492550849,r,514
66492578983,s,514
66492589950,r,514
66492604970,r,514
66498367786,r,514
66498393773,r,514
66498420953,r,514
66511719942,r,514
66522713899,r,514
66522735834,r,514
66522747993,r,514
66522782802,r,514
66522813797,r,514
66570814847,r,514
66570841789,r,514
66570859909,r,514
66585186004,r,514
66617637872,r,514
66617662906,r,514
66617679834,r,514
66618337869,r,514
66618442773,r,514
66618485927,r,514
66618522882,r,514
66618542909,r,514
66618552923,s,514
66639257907,r,514
66639285802,s,514
66657862901,r,514
66657943964,r,514
66657975912,r,514
66716333866,r,514
66716363906,r,514
66716388940,r,514
66716982841,r,514
66717039823,r,514
66717074871,r,514
66717113971,r,514
66717159986,r,514
66717202901,r,514
66752489805,r,514
66752521991,r,514
66752538919,r,514
66767013788,r,514
66767040967,s,514
66815893888,r,514
66815917968,r,514
66815932989,r,514
66815966844,r,514
66815984964,r,514
66816028833,r,514
66816379785,r,514
66816404819,r,514
66816443920,r,514
66862103939,r,514
66862132787,r,514
66862170934,r,514
66894667863,r,514
66894697904,s,514
66922468900,r,514
66922608852,r,514
66922631979,r,514
66922689914,r,514
66922707796,r,514
66922735929,r,514
66922919988,r,514
66922952890,r,514
66922960996,r,514
66977243900,r,514
66977271795,r,514
66977290868,r,514
67022576808,r,514
67027206897,r,514
67027244806,r,514
67027283906,r,514
67027658939,r,514
67027693986,r,514
67027728796,r,514
67028565883,r,514
67028591871,r,514
67028809785,s,514
67086577892,r,514
67086604833,r,514
67086625814,r,514
67119303941,r,514
67122290849,r,514
67122316837,r,514
67122345924,r,514
67122442960,r,514
67122488975,r,514
67122530937,r,514
67122875928,r,514
67122905969,r,514
67122934818,r,514
67150479793,r,514
67159265995,r,514
67159281969,s,514
67159293890,r,514
67159305810,r,514
67217086792,r,514
67217147827,r,514
67217178821,r,514
67217517852,r,514
67217570781,r,514
67217575788,r,514
67217695951,r,514
67217740774,r,514
67217782974,r,514
67232062816,r,514
67232151985,r,514
67232193946,r,514
67233651876,s,514
67260764837,s,514
67263614893,s,514
67278023958,r,514
67281208992,s,514
67281220912,s,514
67288245916,s,514
67288260936,s,514
67292635917,s,514
67305186986,r,514
67305349826,s,514
67305370807,r,514
67305397987,r,514
67321773767,s,514
67324302911,s,514
67339336872,s,514
67350814819,r,514
67350842952,r,514
67350852966,r,514
67351353883,r,514
67351377963,r,514
67351396799,r,514
67397058963,r,514
67397196769,r,514
67397217989,r,514
67409343957,r,514
67417603969,r,514
67417635917,r,514
67417672872,r,514
67434555769,s,514
67448309898,r,514
67448336839,r,514
67448354959,r,514
67448962926,r,514
67449006795,r,514
67489749908,r,514
67489777803,r,514
67489813804,r,514
67489833831,r,514
67493716955,r,514
67493734836,r,514
67493755817,r,514
67536997795,r,514
67545578002,r,514
67545599937,r,514
67545634985,r,514
67548638820,r,514
67548669815,r,514
67548703908,r,514
67566113948,r,514
67566138982,s,514
67566146850,r,514
67582377910,r,514
67643375873,r,514
67643408775,r,514
67643413782,r,514
67643925905,r,514
67643954992,r,514
67643990993,r,514
67644352912,r,514
67644393920,r,514
67654831886,r,514
67654937982,r,514
67654955864,r,514
67654961824,r,514
67664522886,r,514
67727237939,r,514
67727262973,s,514
67727274894,r,514
67727328777,r,514
67739474773,r,514
67739495992,r,514
67739521980,r,514
67739729881,r,514
67739764928,r,514
67739825964,r,514
67768614768,r,514
67768646001,r,514
67768687963,r,514
67788864851,s,514
67800388813,r,514
67800417900,r,514
67800435781,r,514
67830563783,r,514
67839712858,s,514
67862836837,s,514
67873189926,r,514
67873225927,s,514
67873230934,r,514
67904237985,s,514
67958050966,r,514
67985698938,r,514
67985867977,r,514
67985885858,r,514
68000755786,s,514
68073477983,r,514
68073507785,r,514
68073536872,r,514
68074030876,r,514
68074063777,r,514
68074100971,r,514
68075048923,s,514
68075512886,s,514
68110036850,r,514
68110064983,r,514
68110367775,r,514
68110545873,s,514
68113227844,r,514
68146141767,r,514
68146174907,s,514
68146185874,r,514
68146191835,r,514
68168820858,r,514
68168905973,r,514
68169036865,r,514
68169375896,r,514
68169431924,r,514
68208574771,r,514
68208606958,r,514
68208651781,r,514
68208698987,r,514
68219024896,r,514
68219070911,r,514
68219098806,r,514
68264889001,r,514
68264916896,r,514
68264954805,r,514
68265759944,r,514
68265783786,r,514
68265817880,r,514
68266538858,r,514
68266572952,r,514
68266611814,r,514
68273772954,r,514
68273795843,s,514
68291586875,r,514
68291613817,r,514
68360114812,r,514
68361285924,r,514
68361312866,r,514
68361343860,r,514
68362113952,r,514
68362130880,r,514
68362903833,r,514
68362939834,r,514
68362990856,r,514
68364265918,r,514
68364291906,r,514
68364318847,r,514
68401556968,r,514
68401637792,s,514
68455312967,r,514
68455335855,r,514
68455372810,r,514
68456229925,r,514
68456264972,r,514
68456304788,r,514
68456973791,r,514
68457041978,r,514
68457066774,r,514
68473111867,r,514
68473141908,r,514
68489412784,s,514
68529311895,r,514
68529356956,s,514
68549656868,r,514
68551112890,r,514
68551142931,r,514
68552059888,r,514
68552099943,r,514
68552139997,r,514
68552175998,r,514
68552207946,r,514
68552237987,r,514
68622097969,r,514
68622131824,r,514
68622149944,r,514
68644879818,r,514
68644913911,r,514
68644933939,r,514
68644966840,r,514
68645566940,s,514
68645628929,r,514
68645658969,r,514
68656921863,r,514
68657014846,s,514
68695186853,r,514
68695218801,r,514
68695261001,r,514
68698907852,s,514
68768231868,r,514
68785065889,r,514
68785095930,s,514
68829714775,r,514
68829748868,r,514
68829778909,r,514
68829796791,r,514
68829823970,r,514
68829856872,r,514
68840606927,r,514
68840631961,r,514
68840654850,r,514
68912549972,r,514
68912583828,s,514
68932244777,r,514
68932353973,r,514
68932372808,r,514
68933721780,r,514
68933772802,r,514
68933811903,r,514
68934342861,r,514
68934381961,r,514
68934390783,r,514
68993993997,r,514
68994131803,r,514
68994213819,r,514
69040599823,r,514
69040627956,s,514
69083601951,r,514
69083627939,r,514
69083657980,r,514
69168398857,r,514
69168790817,s,514
69169830799,s,514
69185432910,s,514
69201116800,r,514
69201701879,r,514
69201734781,r,514
69201766967,r,514
69273849964,r,514
69273945808,r,514
69296323776,r,514
69296353817,s,514
69346499919,r,514
69346529960,r,514
69346566915,r,514
69424494981,r,514
69425439834,s,514
69492692947,s,514
69552953958,r,514
69554027795,s,514
69643321991,r,514
69643389940,r,514
69643399000,r,514
69681911945,r,514
69681944847,s,514
69698673963,s,514
69711006879,r,514
69711042881,r,514
69711063861,r,514
69711405992,s,514
69711414814,s,514
69711468935,r,514
69711520910,r,514
69711531877,r,514
69721952915,s,514
69721965789,s,514
69727312803,s,514
69732991933,s,514
69743873834,s,514
69743887901,s,514
69748057842,s,514
69754991769,r,514
69755015850,r,514
69755028963,r,514
69764864921,s,514
69801481962,s,514
69809595823,r,514
69809632778,s,514
69813825845,r,514
69813850879,r,514
69813871860,r,514
69813907861,r,514
69813942909,r,514
69813974857,r,514
69814292907,r,514
69814322948,r,514
69865335941,r,514
69865377903,r,514
69865425825,r,514
69886591911,r,514
69911211967,r,514
69911240816,r,514
69911269903,r,514
69911641836,r,514
69911706924,r,514
69911735773,r,514
69937269926,r,514
69937298774,s,514
69945481777,r,514
69945528984,r,514
70006186962,r,514
70006217002,r,514
70006259918,r,514
70006906986,r,514
70006979942,r,514
70007010936,r,514
70052241802,r,514
70052266836,r,514
70052286863,r,514
70064996004,r,514
70065020799,s,514
70102352857,r,514
70102385997,r,514
70102396965,r,514
70137765884,r,514
70137874841,r,514
70137945890,r,514
70192867994,r,514
70192893981,s,514
70199775934,r,514
70199813842,r,514
70199845790,r,514
70199883937,r,514
70199922800,r,514
70199965000,r,514
70200262785,r,514
70200288772,r,514
70200320005,r,514
70205850839,s,514
70237941980,r,514
70237981796,r,514
70238025903,r,514
70238341808,s,514
70291149854,s,514
70295131921,r,514
70295181989,r,514
70295221805,r,514
70295343875,r,514
70295408964,r,514
70295457840,r,514
70295537948,r,514
70295567989,r,514
70295602798,r,514
70310635805,r,514
70310657978,r,514
70310675859,r,514
70320823907,r,514
70320850849,s,514
70377388000,r,514
70383095979,r,514
70383126974,r,514
70383165836,r,514
70395007848,r,514
70395164966,r,514
70395184993,r,514
70395190954,r,514
70395206928,r,514
70395213842,r,514
70448728799,r,514
70448762893,s,514
70466725826,r,514
70466825962,r,514
70466841936,r,514
70496417999,r,514
70496451854,r,514
70496494770,r,514
70496788978,r,514
70496805906,r,514
70496837854,r,514
70496870994,r,514
70496898889,r,514
70496933937,r,514
70539474964,r,514
70539506912,r,514
70539526939,r,514
70576695919,r,514
70593365907,r,514
70593457937,r,514
70593472003,r,514
70593770980,r,514
70593805789,r,514
70593834877,r,514
70594278812,s,514
70594730854,r,514
70594779968,r,514
70594819784,r,514
70612228870,r,514
70612261772,r,514
70612288951,r,514
70684986829,r,514
70685028791,r,514
70685091972,r,514
70693457841,r,514
70694352865,r,514
70694368839,r,514
70694983005,r,514
70694990873,r,514
70695019960,r,514
70704198837,r,514
70757385969,r,514
70757415771,s,514
70757429838,r,514
70757434845,r,514
70784205913,s,514
70789906978,r,514
70789933919,r,514
70789972782,r,514
70790152788,r,514
70790187835,r,514
70790229797,r,514
70790802002,r,514
70790842771,r,514
70790854930,s,514
70791304826,r,514
70791329860,r,514
70791370868,r,514
70791417837,r,514
70791471004,r,514
70791488885,r,514
70831700801,r,514
70894523859,r,514
70894606828,s,514
70895653963,r,514
70895687818,r,514
70895715951,r,514
70895747900,r,514
70895774841,r,514
70895933866,r,514
70895968914,r,514
70896002769,r,514
70961893796,r,514
70986595869,r,514
70998588800,r,514
70999478817,r,514
70999493837,r,514
70999545812,r,514
71059524774,r,514
71059555769,s,514
71059571981,r,514
71094529867,r,514
71125980854,r,514
71132123947,r,514
71228447914,s,514
71259687900,r,514
71331906795,s,514
71355949878,s,514
71373775959,r,514
71374228954,r,514
71374272823,r,514
71374318838,r,514
71374441862,r,514
71374467849,r,514
71403813839,s,514
71428848981,r,514
71428873777,r,514
71428900957,r,514
71434555769,r,514
71474482774,r,514
71474537849,r,514
71474575996,r,514
71485590934,s,514
71485601902,s,514
71524492979,s,514
71532723903,r,514
71532761812,r,514
71532797813,r,514
71598527908,r,514
71605396986,r,514
71605421781,r,514
71726262807,r,514
71727005004,s,514
71792900800,s,514
71854031801,r,514
71908467769,s,514
72018466949,r,514
72146178960,r,514
72201124906,s,514
72201243877,s,514
72273748874,r,514
72367981910,r,514
72368012905,r,514
72368025779,r,514
72368557930,s,514
72385147810,r,514
72385181903,r,514
72385196924,r,514
72438533783,r,514
72460381984,r,514
72460417985,r,514
72460428953,r,514
72526567935,s,514
72572494983,s,514
72588399887,r,514
72700804948,s,514
72713148832,r,514
72754428863,r,514
72882032871,r,514
72934592962,s,514
73009580850,r,514
73148567915,s,514
73156099796,r,514
73204863786,s,514
73214525938,r,514
73276121854,s,514
73280348777,r,514
73280902862,s,514
73403867960,r,514
73403902769,s,514
73413158893,r,514
73413182973,r,514
73413220882,r,514
73413275957,r,514
73413315773,r,514
73413373947,r,514
73413692951,r,514
73413710832,r,514
73486102819,r,514
73531690836,r,514
73531714916,s,514
73563732862,r,514
73563754797,r,514
73614344835,r,514
73614797830,r,514
73614833831,r,514
73614863872,r,514
73615379810,r,514
73615403890,r,514
73636490821,r,514
73636513948,r,514
73636531829,r,514
73659591913,r,514
73659609794,s,514
73715518951,r,514
73715542793,r,514
73715553998,r,514
73716497898,r,514
73716516971,r,514
73716554880,r,514
73716914892,r,514
73716932773,r,514
73745405912,r,514
73745438814,r,514
73745444774,r,514
73785155773,s,514
73787460804,r,514
73787491798,s,514
73799245834,s,514
73864793777,r,514
73864816904,r,514
73864826917,r,514
73872700929,r,514
73872713804,r,514
73872724771,r,514
73872870922,r,514
73872911930,r,514
73872949838,r,514
73884243965,r,514
73884263992,r,514
73884308815,r,514
73884474992,s,514
73915268898,r,514
73915296793,s,514
73944562912,r,514
73944590807,r,514
73944595813,r,514
73977168798,r,514
73977192878,r,514
73977209806,r,514
73978242874,r,514
73978268861,r,514
73978315830,r,514
73978348970,r,514
73978390932,r,514
74042851924,r,514
74049266815,r,514
74049297809,r,514
74049303770,r,514
74150327920,r,514
74150444984,r,514
74150489807,r,514
74150664806,s,514
74175140857,r,514
74175251960,r,514
74175318956,r,514
74175330877,r,514
74175335884,r,514
74175354957,r,514
74176738977,r,514
74205936908,r,514
74205967903,r,514
74205973863,r,514
74247290849,r,514
74247317791,r,514
74247336864,r,514
74333601951,r,514
74334442853,s,514
74352178812,r,514
74352205991,r,514
74403272867,r,514
74406948804,s,514
74461804866,r,514
74476003885,r,514
74476040840,s,514
74476046800,r,514
74500730991,r,514
74573309898,r,514
74573323965,r,514
74603608846,r,514
74603699922,r,514
74603715896,s,514
74675956964,r,514
74675980806,r,514
74731418848,r,514
74771855831,r,514
74771893978,r,514
74796525001,r,514
74796567916,r,514
74796594858,r,514
74797249794,r,514
74797278881,r,514
74797307968,r,514
74830268859,r,514
74830288887,r,514
74830305814,r,514
74830326795,r,514
74830756902,s,514
74844647884,r,514
74844664812,r,514
74898481845,r,514
74917477846,r,514
74917504787,r,514
74917521953,r,514
75029322862,r,514
75029342889,r,514
75030143976,s,514
75045010805,r,514
75210581779,r,514
75338281869,r,514
75339465856,s,514
75339607954,r,514
75340085983,s,514
75467076778,r,514
75467112779,s,514
75569379806,r,514
75569401979,r,514
75569408893,r,514
75569782972,r,514
75569794893,r,514
75569804906,r,514
75594657897,r,514
75594888925,s,514
75641349792,r,514
75641375780,r,514
75641388893,r,514
75664910793,r,514
75664932966,r,514
75664966821,r,514
75665402889,r,514
75665443897,r,514
75665476799,r,514
75722203970,r,514
75724385976,s,514
75733428001,r,514
75733462810,s,514
75733467817,r,514
75753295898,r,514
75825788974,r,514
