0,s,514
238646030,r,514
238863945,s,514
476738929,r,514
476757049,r,514
476819992,r,514
512118101,r,514
512197017,r,514
512202024,r,514
629377126,r,514
631663084,s,514
632513046,s,514
725256919,s,514
860976934,r,514
1502370119,r,514
1502437114,r,514
1502483129,r,514
1518640041,r,514
1526448011,r,514
1526494026,r,514
1533955097,r,514
1534024953,r,514
1540326118,r,514
1554635047,r,514
1554817914,s,514
1558344125,s,514
1565267086,s,514
1652168035,r,514
1655426979,r,514
1655434131,r,514
1655475139,r,514
1655478000,r,514
1655538082,r,514
1655540943,r,514
1655712127,s,514
1671549081,r,514
1671561956,r,514
1679247140,r,514
1679255008,r,514
1679300069,r,514
1679301977,r,514
1686702013,r,514
1686712980,r,514
1686758995,r,514
1686762094,r,514
1693269968,r,514
1693275928,r,514
1707479953,r,514
1707554101,r,514
1808291912,r,514
1808310985,r,514
1808365106,r,514
1808367967,r,514
1808438062,r,514
1808440923,r,514
1808478116,r,514
1808480978,r,514
1808540105,r,514
1808542966,r,514
1808584928,r,514
1808588027,r,514
1808808088,s,514
1824422121,r,514
1824434041,r,514
1824496984,r,514
1824500083,r,514
1832026004,r,514
1832036018,r,514
1832093000,r,514
1832096099,r,514
1832129955,r,514
1832132101,r,514
1832170963,r,514
1832174062,r,514
1832410097,s,514
1832552909,s,514
1839427948,r,514
1839437961,r,514
1839512109,r,514
1839515924,r,514
1839553117,r,514
1839555025,r,514
1842785120,s,514
1846136093,r,514
1846183061,r,514
1846245050,r,514
1846247911,r,514
1846283912,r,514
1846286058,r,514
1860431909,r,514
1860449075,r,514
1860501050,r,514
1860558986,r,514
1961535930,r,514
1961553096,r,514
1961614131,r,514
1961617946,r,514
1961719036,r,514
1961723089,r,514
1961822986,r,514
1961826086,r,514
1961869001,r,514
1961873054,r,514
1961926937,r,514
1961930036,r,514
1961974143,r,514
1961977005,r,514
1962021112,r,514
1962023019,r,514
1962069034,r,514
1962072134,r,514
1962105989,r,514
1962109088,r,514
1962110042,r,514
1962110996,r,514
1962315082,s,514
1962625980,s,514
1962775945,s,514
1977095127,r,514
1977159976,r,514
1977216005,r,514
1977220058,r,514
1977255105,r,514
1977257013,r,514
1977291107,r,514
1977293014,r,514
1984802961,r,514
1984821081,r,514
1984874963,r,514
1984878063,r,514
1985193014,s,514
1985309123,s,514
2224875926,r,514
2277032136,r,514
2277231931,s,514
2419615030,r,514
2419631958,r,514
2430238008,r,514
2452815055,r,514
2454674005,r,514
2454679965,r,514
2454720020,r,514
2456519126,s,514
2489943027,r,514
2511438131,r,514
2511503934,r,514
2511508941,r,514
2514006137,s,514
2514231920,s,514
2514276981,s,514
2524873018,r,514
2605572938,r,514
2607491970,s,514
2608231067,s,514
2758520126,r,514
2830901145,r,514
2830968141,r,514
2830972909,r,514
2831164121,r,514
2831166982,r,514
2831187963,r,514
2836874961,r,514
2836880922,r,514
2836920976,r,514
2837048053,r,514
2837049961,r,514
2837165117,s,514
2865361928,r,514
2865380048,r,514
2866013050,r,514
2866019010,r,514
2866040945,r,514
2866043090,r,514
2866159915,r,514
2866163969,r,514
2866200923,r,514
2866203069,r,514
2866236925,r,514
2866240978,r,514
2866394996,s,514
2901087999,r,514
2901104927,r,514
2901170015,r,514
2901299953,r,514
2901348114,r,514
2901350021,r,514
2901667118,r,514
2901672124,r,514
2901700973,r,514
2901942968,r,514
2902316093,r,514
2902321100,r,514
2902369976,r,514
2902446985,s,514
2902542114,r,514
2902544975,r,514
2902765989,r,514
2907382965,r,514
2907410144,r,514
2907500982,r,514
2907540082,r,514
2907542943,r,514
2948820114,r,514
2948833942,r,514
2948894977,r,514
2950824022,r,514
2950865983,r,514
2950869083,r,514
2950902938,r,514
2951081991,s,514
2952814102,r,514
2952819108,r,514
2952861070,r,514
2953457117,r,514
2953500986,r,514
2953504085,r,514
2953603029,s,514
2954206943,r,514
2954210996,r,514
2954234123,r,514
2955018043,r,514
2955057144,r,514
2955060005,r,514
2956171989,r,514
2956176042,r,514
2956213951,r,514
2970987081,r,514
2971040010,r,514
2971044063,r,514
2982074975,r,514
2982090950,r,514
2982128143,r,514
2982578992,r,514
2982622146,r,514
2982625007,r,514
2982870101,r,514
2982872962,r,514
2982912063,r,514
2983274936,r,514
2983314991,r,514
2983317136,r,514
2983515977,r,514
2983519077,r,514
2983556985,r,514
2984095096,r,514
2984138965,r,514
2984142065,r,514
2986228942,s,514
2986462116,s,514
3006428003,r,514
3006443023,r,514
3006497144,r,514
3017225027,r,514
3017308950,r,514
3017313003,r,514
3017358064,r,514
3017359972,r,514
3017394065,r,514
3017626047,r,514
3017807006,r,514
3017810106,r,514
3017846107,r,514
3017987966,r,514
3018018007,r,514
3018019914,r,514
3018037080,r,514
3018158912,r,514
3018310070,r,514
3018312931,r,514
3018350124,r,514
3018352985,r,514
3018430948,s,514
3018489122,r,514
3018491983,r,514
3032824039,s,514
3032896995,s,514
3032967090,s,514
3033035993,s,514
3041746139,r,514
3041757106,r,514
3041813135,r,514
3041815996,r,514
3049271106,s,514
3052401065,r,514
3052407979,r,514
3052453041,r,514
3052525997,r,514
3052567958,r,514
3052570104,r,514
3052901029,r,514
3052905082,r,514
3052942991,r,514
3053154945,r,514
3053184032,r,514
3053187131,r,514
3053203105,r,514
3053205013,r,514
3053225994,r,514
3053230047,r,514
3053259134,r,514
3053261041,r,514
3053411006,r,514
3053415060,r,514
3053416013,r,514
3062699079,s,514
3062901020,s,514
3076894998,r,514
3076910972,r,514
3076973915,r,514
3088076114,r,514
3088169097,r,514
3088172912,r,514
3088211059,r,514
3088213920,r,514
3088284015,r,514
3088287115,r,514
3088324069,r,514
3088472127,r,514
3088513135,r,514
3088515043,r,514
3088577985,r,514
3088581085,r,514
3088630914,r,514
3088659048,r,514
3088696002,r,514
3088699102,r,514
3088740110,r,514
3088798999,r,514
3088860988,r,514
3088865041,r,514
3088866949,r,514
3088869094,r,514
3088912963,r,514
3092759132,s,514
3092952013,s,514
3104130983,r,514
3111395120,s,514
3111901044,s,514
3112297058,s,514
3112698078,s,514
3114541053,r,514
3114552974,r,514
3114603996,r,514
3123953104,r,514
3123997926,r,514
3124001026,r,514
3124957084,r,514
3124963045,r,514
3125004053,r,514
3125677108,r,514
3125721931,r,514
3125725030,r,514
3125833988,s,514
3126339912,r,514
3126344919,r,514
3126387119,r,514
3126889944,r,514
3126934051,r,514
3126935958,r,514
3127969980,r,514
3127977132,r,514
3128019094,r,514
3128515958,r,514
3128588914,r,514
3128592014,r,514
3128987073,r,514
3128992080,r,514
3129029989,r,514
3129241943,r,514
3129266977,r,514
3129271030,r,514
3129360914,s,514
3147879123,r,514
3147891998,r,514
3147925138,r,514
3160064935,r,514
3160121917,r,514
3160125970,r,514
3160166025,r,514
3160167932,r,514
3160202026,r,514
3160203933,r,514
3160254955,r,514
3160258054,r,514
3160293102,r,514
3160295963,r,514
3160329103,r,514
3160331010,r,514
3160392999,r,514
3160396099,r,514
3160443067,r,514
3160454988,r,514
3160498142,r,514
3160650968,s,514
3160879135,r,514
3160882949,r,514
3160885095,r,514
3160887002,r,514
3160887956,r,514
3160890102,r,514
3160941123,r,514
3160943031,r,514
3160979986,r,514
3161129951,r,514
3161133050,r,514
3161139011,r,514
3161140918,r,514
3161267995,s,514
3195219993,r,514
3195236921,r,514
3195294141,r,514
3195297002,r,514
3195369005,r,514
3195372104,r,514
3195414066,r,514
3195416927,r,514
3195451021,r,514
3195590019,s,514
3196082115,r,514
3196087121,r,514
3196128129,r,514
3196130990,r,514
3196171045,r,514
3196217060,r,514
3196254014,r,514
3196255922,r,514
3196289062,r,514
3196357965,s,514
3196408987,r,514
3196411132,r,514
3196412086,r,514
3196548938,r,514
3196571111,r,514
3196686029,r,514
3196708917,r,514
3196788072,r,514
3196810007,r,514
3196846961,s,514
3197168111,r,514
3197173118,r,514
3197211980,r,514
3197480916,r,514
3197520971,r,514
3197524070,r,514
3197587013,r,514
3197590112,r,514
3197629928,r,514
3210777997,s,514
3230556011,r,514
3230654001,r,514
3230710029,r,514
3230713129,r,514
3230787992,r,514
3230791091,r,514
3230992078,r,514
3230996131,r,514
3231014966,r,514
3231051921,s,514
3231277942,r,514
3231282949,r,514
3231322050,r,514
3231535911,r,514
3231579065,r,514
3231580972,r,514
3231679916,s,514
3231893062,r,514
3232372999,r,514
3232408046,r,514
3232949018,r,514
3233011007,r,514
3233073949,r,514
3233483076,r,514
3233488082,r,514
3233528137,r,514
3233596086,s,514
3233897924,r,514
3233921051,r,514
3233959913,r,514
3233962059,r,514
3234647035,r,514
3234652996,r,514
3234694004,r,514
3235016107,r,514
3235059976,r,514
3235063076,r,514
3235316038,r,514
3235321044,r,514
3235360145,r,514
3235502004,r,514
3235772132,r,514
3235777139,r,514
3265402078,r,514
3265543937,s,514
3267583131,s,514
3298747062,r,514
3298847913,r,514
3298896074,r,514
3298897981,r,514
3299197912,s,514
3299335002,r,514
3299489021,s,514
3299974918,r,514
3300056934,r,514
3300096988,r,514
3300099134,r,514
3300193071,r,514
3300195932,r,514
3300244092,r,514
3300341129,s,514
3300414085,s,514
3301218032,r,514
3301223993,r,514
3301264047,r,514
3301738977,r,514
3301784038,r,514
3301821947,r,514
3302030086,r,514
3302035093,r,514
3302182912,r,514
3302742004,r,514
3302788019,r,514
3302789926,r,514
3302993059,r,514
3303792953,r,514
3303817987,r,514
3304153919,r,514
3304197072,r,514
3304199934,r,514
3340063095,r,514
3340078115,r,514
3340147972,r,514
3340296983,s,514
3340451955,r,514
3340456008,r,514
3340496063,r,514
3340708017,s,514
3341402053,r,514
3341849088,r,514
3341892004,r,514
3341895103,r,514
3342210054,r,514
3342216014,r,514
3342471122,r,514
3342711925,r,514
3343109130,r,514
3343114137,r,514
3343498945,r,514
3343505144,r,514
3343544006,r,514
3343610048,s,514
3344403028,r,514
3344408988,r,514
3344613075,r,514
3345466136,r,514
3345492124,r,514
3345494985,r,514
3345909118,r,514
3345915079,r,514
3345956087,r,514
3346447944,r,514
3346491098,r,514
3346493959,r,514
3346703052,r,514
3346708059,r,514
3346729040,r,514
3347085952,r,514
3347127914,r,514
3347131013,r,514
3347190141,r,514
3347193002,r,514
3347227096,r,514
3347229003,r,514
3347270965,r,514
3347341060,s,514
3347376108,r,514
3347443103,r,514
3347465038,r,514
3347469091,r,514
3347546100,r,514
3347548961,r,514
3347582101,r,514
3347584009,r,514
3374794960,r,514
3374808073,r,514
3376961946,r,514
3376968145,r,514
3377180099,r,514
3377265930,s,514
3377351045,s,514
3378533124,r,514
3378932952,r,514
3378957986,r,514
3378961086,r,514
3379349946,r,514
3379354000,r,514
3379389047,r,514
3381498098,r,514
3381655931,r,514
3381659030,r,514
3381736040,r,514
3382277965,r,514
3382297992,r,514
3382300138,r,514
3382441043,s,514
3382619142,s,514
3383132934,s,514
3383183956,s,514
3384279966,r,514
3384284973,r,514
3384325981,r,514
3399539947,r,514
3399605035,r,514
3399609088,r,514
3399661064,r,514
3400347948,s,514
3400444030,r,514
3400448083,r,514
3400494098,r,514
3400496959,r,514
3400536060,r,514
3400537967,r,514
3400607109,s,514
3401195049,r,514
3401200056,r,514
3401221036,r,514
3413650989,r,514
3413703918,r,514
3413953065,r,514
3414046049,r,514
3414048910,r,514
3414067983,r,514
3419796943,r,514
3419836997,r,514
3419839143,r,514
3420577049,r,514
3424021005,r,514
3424051046,r,514
3424118995,r,514
3424685955,r,514
3424689054,r,514
3424724102,r,514
3425014972,r,514
3425050973,r,514
3425053119,r,514
3425662040,r,514
3425665140,r,514
3425750017,r,514
3425944089,s,514
3426244974,s,514
3434960126,r,514
3434971094,r,514
3435019969,r,514
3435492992,r,514
3435513973,r,514
3435754060,r,514
3436532020,r,514
3436895132,r,514
3436918020,r,514
3436919927,r,514
3437186002,r,514
3437190055,r,514
3437228918,r,514
3442621946,s,514
3448810100,r,514
3448816061,r,514
3448858022,r,514
3449373006,r,514
3449410915,r,514
3455294132,r,514
3455424070,r,514
3455433130,r,514
3458854913,r,514
3458864927,r,514
3458997011,r,514
3459005117,r,514
3459125995,r,514
3459466934,r,514
3459583997,r,514
3459589958,r,514
3460165977,r,514
3460175037,r,514
3460286140,r,514
3460292100,r,514
3460570096,s,514
3460741043,r,514
3460744142,r,514
3460886955,r,514
3471513986,r,514
3471580028,r,514
3471584081,r,514
3472695112,r,514
3472703933,r,514
3472754001,r,514
3474122047,r,514
3474709987,r,514
3474715948,r,514
3475454092,r,514
3475534915,s,514
3476047039,r,514
3476052999,r,514
3484946966,r,514
3484957933,r,514
3484987020,r,514
3485517978,r,514
3485574007,r,514
3485577106,r,514
3493880033,r,514
3493897914,r,514
3493937969,r,514
3493942022,r,514
3494147062,r,514
3494151115,r,514
3494199037,r,514
3494666099,r,514
3494736909,r,514
3494853019,r,514
3495338916,r,514
3495343923,r,514
3495371103,r,514
3495916128,s,514
3496153116,r,514
3496160030,r,514
3496189117,r,514
3496259927,s,514
3505728960,r,514
3505736112,r,514
3505764007,r,514
3506627082,r,514
3506678104,r,514
3506988048,r,514
3507261037,r,514
3507266044,r,514
3507620096,r,514
3507909059,r,514
3507936000,r,514
3508162021,r,514
3517414093,r,514
3517425060,r,514
3517530918,r,514
3517534971,r,514
3519396066,r,514
3519402980,r,514
3519432067,r,514
3519510984,s,514
3525556087,r,514
3525563955,r,514
3525617122,r,514
3529004096,r,514
3529041051,r,514
3529431104,r,514
3529458999,r,514
3529631137,r,514
3530372142,r,514
3530376911,r,514
3530426025,r,514
3530987977,r,514
3531039953,r,514
3531043052,r,514
3532103061,r,514
3532109022,r,514
3532218933,s,514
3535459041,s,514
3542962074,r,514
3543165922,s,514
3546200990,r,514
3546208143,r,514
3546251058,r,514
3546360015,s,514
3553617954,r,514
3553625106,r,514
3553668022,r,514
3554489135,s,514
3557790040,r,514
3557796001,r,514
3557842969,r,514
3563081979,r,514
3563132047,r,514
3563135147,r,514
3565592050,r,514
3565598964,r,514
3565623998,r,514
3565804004,r,514
3565848112,r,514
3565850973,r,514
3570394992,r,514
3570400953,r,514
3570442914,r,514
3573173046,r,514
3573311090,s,514
3602193117,r,514
3602209091,r,514
3616333007,r,514
3618422985,r,514
3618475914,r,514
3618479967,r,514
3619372129,r,514
3619378089,r,514
3619420051,r,514
3620903968,r,514
3620948076,r,514
3620950937,r,514
3659934043,r,514
3659950017,r,514
3660012006,r,514
3660015106,r,514
3660069942,r,514
3660072088,r,514
3660114049,r,514
3660115957,r,514
3660166978,r,514
3660170078,r,514
3660202980,r,514
3660304069,r,514
3660350084,r,514
3660351991,r,514
3660402059,r,514
3660531044,s,514
3660622119,r,514
3660624027,r,514
3660624027,r,514
3660748958,r,514
3660788059,r,514
3660892009,s,514
3660954952,r,514
3661174058,r,514
3661217927,r,514
3661221027,r,514
3661255121,r,514
3661257982,r,514
3661291122,r,514
3661293029,r,514
3661324977,r,514
3661327123,r,514
3661438941,r,514
3661441087,r,514
3661474943,r,514
3661477088,r,514
3661510944,r,514
3661513090,r,514
3661546945,r,514
3661557912,r,514
3661592006,r,514
3661593914,r,514
3661777019,s,514
3662837982,r,514
3662843942,r,514
3662887096,r,514
3662889957,r,514
3663326978,s,514
3663367033,r,514
3666872978,r,514
3666923046,r,514
3666927099,r,514
3667060136,r,514
3668959140,r,514
3669002056,r,514
3669004917,r,514
3669085979,s,514
3671869993,s,514
3673532962,s,514
3673670053,s,514
3685601949,r,514
3685612916,r,514
3685723066,r,514
3688153028,s,514
3688478946,r,514
3688485145,r,514
3691796064,r,514
3691801071,r,514
3691846132,r,514
3694453001,r,514
3694498062,r,514
3694500923,r,514
3696253061,r,514
3696260929,r,514
3696313142,r,514
3696316003,r,514
3696352958,r,514
3699677944,r,514
3699728012,r,514
3699732065,r,514
3699933052,s,514
3702336072,r,514
3702341079,r,514
3702389955,r,514
3704319953,r,514
3704365968,r,514
3704369068,r,514
3720636129,r,514
3720648050,r,514
3720690011,r,514
3720693111,r,514
3720787048,r,514
3720789909,r,514
3720971107,s,514
3721056938,s,514
3726683139,r,514
3726691007,r,514
3726737022,r,514
3726808071,r,514
3726850986,r,514
3726853132,r,514
3726994037,s,514
3734391927,s,514
3754890918,r,514
3768692970,r,514
3768760919,r,514
3768765926,r,514
3769134044,r,514
3769140005,r,514
3769458055,r,514
3769463062,r,514
3769500970,r,514
3769786119,r,514
3769809007,r,514
3769812107,r,514
3770085096,r,514
3770090103,r,514
3770127058,r,514
3770236968,r,514
3770386934,s,514
3770424127,r,514
3770426034,r,514
3770426988,r,514
3770427942,r,514
3770476102,r,514
3770478010,r,514
3770658016,r,514
3770662069,r,514
3770787000,r,514
3770791053,r,514
3770808935,r,514
3770896911,r,514
3771775960,r,514
3771780967,r,514
3771803140,r,514
3771875143,s,514
3772712945,r,514
3772717952,r,514
3772762060,r,514
3794079065,r,514
3794126987,r,514
3794131040,r,514
3794148921,r,514
3794858932,r,514
3794883966,r,514
3796911954,s,514
3797073125,s,514
3797110080,r,514
3797111988,r,514
3797112941,r,514
3802290916,r,514
3802336931,r,514
3802340030,r,514
3842912912,r,514
3842930078,r,514
3842983961,r,514
3842988014,r,514
3843040943,r,514
3843043088,r,514
3843078136,r,514
3843233108,r,514
3843280076,r,514
3843337059,r,514
3843357086,r,514
3843464136,r,514
3843502044,r,514
3843505144,r,514
3843577146,r,514
3843686103,s,514
3843745946,r,514
3843748092,r,514
3843852043,r,514
3843995094,r,514
3844017982,r,514
3844021081,r,514
3844037055,r,514
3844038963,r,514
3844053983,r,514
3844056129,r,514
3844209909,r,514
3844213008,r,514
3844249010,r,514
3844584941,s,514
3867635965,r,514
3867651939,r,514
3867707967,r,514
3872611999,r,514
3872666120,r,514
3872671127,r,514
3872856140,r,514
3872859954,r,514
3872920989,r,514
3873062133,s,514
3876047134,r,514
3876059055,r,514
3876105070,r,514
3879638910,r,514
3879673004,r,514
3879677057,r,514
3903465986,r,514
3903481960,r,514
3903522014,r,514
3907701015,r,514
3907747983,r,514
3907751083,r,514
3911083936,r,514
3911087989,r,514
3911127090,r,514
3911221027,s,514
3911831140,s,514
3912122964,s,514
3912872076,r,514
3912877082,r,514
3912918090,r,514
3912992954,r,514
3913032054,r,514
3913034915,r,514
3913073062,r,514
3913267135,s,514
3921203136,r,514
3932599067,s,514
3951290130,r,514
3951457977,r,514
3952398061,r,514
3953598976,r,514
3955832004,r,514
3956553936,r,514
3956593036,r,514
3956596136,r,514
3956954002,r,514
3957633018,r,514
3957674026,r,514
3957677125,r,514
3957998037,r,514
3958324909,r,514
3958620071,r,514
3958622932,r,514
3958661079,r,514
3974875926,r,514
3974923133,r,514
3975224971,r,514
3977859973,s,514
3978061914,r,514
3978066921,r,514
3978107929,r,514
3981498003,r,514
3981523036,r,514
3981681108,r,514
3982582092,r,514
3982586145,r,514
3982605934,r,514
3985650062,r,514
3985692977,r,514
3985696077,r,514
3985769033,r,514
3985772132,r,514
3985805988,r,514
4007601022,r,514
4007653951,r,514
4007658004,r,514
4012532949,s,514
4012676000,s,514
4047007083,r,514
4048003911,r,514
4073844909,r,514
4101414918,r,514
4101490974,r,514
4101495027,r,514
4251546144,r,514
4251563072,r,514
4251619100,r,514
4251841068,s,514
4253972053,r,514
4369534969,s,514
4420719146,s,514
4448640108,s,514
4448758125,s,514
4452533960,r,514
4454719066,s,514
4481941938,s,514
4522958993,r,514
4522977113,r,514
4544023990,r,514
4557958126,r,514
4605373144,r,514
4611624002,s,514
4613950014,s,514
4657979965,r,514
4662517070,s,514
4720225095,r,514
4732542991,r,514
4732862949,r,514
4732867956,r,514
4732916116,r,514
4732918024,r,514
4732988119,r,514
4732990980,r,514
4733309030,s,514
4739443063,r,514
4739452123,r,514
4739499092,r,514
4739695072,r,514
4739737987,r,514
4739741086,r,514
4739923954,s,514
4740517139,r,514
4740522146,r,514
4740541934,r,514
4756087064,s,514
4767173051,r,514
4767516136,r,514
4767569065,r,514
4767571926,r,514
4768100976,r,514
4768105030,r,514
4768152952,r,514
4768190145,r,514
4768208026,r,514
4768209934,r,514
4774270057,s,514
4920439958,r,514
4935199022,s,514
4935286998,s,514
4950644969,r,514
4950660943,r,514
4951477050,r,514
4951857090,r,514
4985041141,r,514
4985054016,r,514
4985114097,r,514
5020241975,r,514
5020288944,r,514
5079869985,r,514
5088359117,r,514
5089052915,s,514
5089388132,s,514
5092570066,s,514
5240629911,r,514
5242423057,r,514
5242459058,r,514
5242707967,r,514
5242753028,r,514
5242756128,r,514
5243071079,r,514
5243075132,r,514
5243243932,r,514
5243247032,r,514
5243335008,r,514
5243338108,r,514
5244216918,r,514
5244220018,r,514
5244256019,r,514
5245548963,r,514
5246122121,s,514
5276013135,r,514
5276027917,r,514
5277297019,r,514
5277302980,r,514
5277343988,r,514
5277444124,s,514
5277759075,r,514
5277765035,r,514
5277786970,r,514
5348729133,r,514
5348942995,r,514
5348946094,r,514
5349247932,r,514
5349251031,r,514
5349282026,r,514
5349491119,s,514
5350043058,r,514
5350045919,r,514
5350085973,r,514
5350639104,r,514
5350664138,r,514
5350739002,s,514
5350804090,r,514
5350940942,r,514
5350965023,r,514
5383304119,r,514
5383355140,r,514
5383360147,r,514
5428612947,r,514
5428828954,s,514
5468796014,r,514
5570770978,r,514
5570790052,r,514
5581223964,r,514
5605716943,r,514
5639487981,r,514
5639506101,r,514
5639559984,r,514
5639599084,r,514
5639626979,r,514
5639630079,r,514
5639936923,r,514
5640141963,r,514
5640161037,r,514
5642919063,s,514
5647427082,r,514
5647432088,r,514
5647475957,r,514
5650224924,s,514
5673949956,r,514
5674593925,r,514
5674646139,r,514
5674649953,r,514
5675867080,r,514
5675872087,r,514
5675914049,r,514
5675916910,r,514
5675952911,r,514
5675955057,r,514
5755976915,r,514
5755993127,r,514
5756048917,r,514
5756176948,s,514
5756305933,s,514
5756582975,s,514
5758189916,r,514
5805284023,s,514
5812402963,r,514
5950703144,r,514
5958107948,s,514
6007447004,r,514
6007662057,s,514
6114550113,r,514
6182590007,r,514
6183125972,s,514
6183182001,s,514
6185704946,r,514
6186114072,r,514
6299272060,s,514
6307073116,s,514
6307676076,s,514
6314038038,r,514
6319821119,s,514
6336193084,r,514
6533599138,r,514
6533615112,r,514
6533679008,r,514
6540709018,r,514
6540717124,r,514
6540799140,r,514
6544879913,r,514
6544887065,r,514
6545148134,r,514
6549730062,r,514
6549740076,r,514
6549797058,r,514
6568980932,r,514
6568998098,r,514
6569054126,r,514
6571926116,r,514
6571932077,r,514
6572014093,r,514
6576614141,r,514
6576630115,r,514
6576667070,r,514
6576882123,s,514
6579765081,r,514
6579769134,r,514
6579899072,r,514
6580132007,s,514
6580178022,s,514
6588228940,r,514
6588238954,r,514
6588287115,r,514
6591997146,r,514
6603753089,r,514
6603764057,r,514
6685169935,r,514
6685362100,s,514
6685492992,s,514
6686170101,r,514
6686247110,s,514
6694952964,s,514
6724920034,s,514
6908725023,r,514
6929449081,r,514
6929522991,r,514
6948132991,r,514
7017076015,r,514
7017424106,s,514
7079971075,r,514
7079988956,r,514
7083184957,r,514
7092661142,r,514
7092744112,r,514
7092747926,r,514
7092786073,r,514
7114570140,r,514
7121670007,s,514
7132981061,s,514
7239396095,r,514
7240500926,r,514
7245393991,r,514
7261400938,r,514
7261439085,r,514
7261558055,s,514
7262138128,s,514
7274589061,r,514
7274600982,r,514
7274651050,r,514
7274652957,r,514
7373688936,r,514
7373932123,s,514
7414036989,r,514
7416052103,s,514
7416110038,s,514
7501605987,r,514
7512553930,s,514
7569181919,r,514
7583631038,r,514
7646652936,r,514
7698487997,r,514
7722487926,r,514
7774743080,r,514
7775705099,s,514
7775766134,s,514
7775834083,s,514
7775877952,s,514
7775922060,s,514
7775957107,s,514
7791042089,r,514
7791054964,r,514
7791104078,r,514
7791522979,r,514
7791759967,r,514
7791764020,r,514
7861057043,r,514
7861073017,r,514
7861134052,r,514
7861136913,r,514
7861180067,r,514
7861182928,r,514
7861411094,r,514
7861474037,s,514
7914670944,r,514
7989972114,s,514
7991959095,s,514
8024423122,s,514
8024516105,s,514
8024553060,s,514
8024616956,s,514
8165604114,s,514
8174212932,s,514
8174683094,s,514
8444178104,r,514
8444246053,r,514
8444283008,r,514
8444437980,s,514
8479093074,r,514
8479108095,r,514
8479162931,r,514
8479166030,r,514
8479202032,r,514
8479206085,r,514
8514097929,r,514
8514115095,r,514
8514172077,r,514
8514174938,r,514
8514358997,r,514
8522547006,s,514
8555083036,s,514
8564504146,r,514
8564707040,s,514
8564849138,s,514
8596669912,r,514
8627794981,r,514
8749360084,r,514
8847765922,r,514
8847836971,r,514
8848076105,s,514
8929321050,r,514
8929340124,r,514
8951797962,r,514
8951813936,r,514
8959635019,r,514
8964225053,r,514
8964278936,r,514
8985337018,r,514
8985408067,r,514
8987349987,s,514
8997206926,r,514
9004472970,r,514
9004539012,r,514
9015813112,s,514
9015893936,s,514
9015929937,s,514
9015999078,s,514
9016046047,s,514
9016096115,s,514
9016137123,s,514
9016189098,s,514
9016222953,s,514
9016278028,s,514
9016313076,s,514
9083280086,r,514
9083297967,r,514
9083348989,r,514
9085389137,s,514
9086277961,s,514
9107691049,r,514
9116797924,r,514
9116851091,r,514
9116855144,r,514
9119627952,s,514
9119919061,s,514
9309524059,r,514
9491935014,r,514
9613862991,r,514
9648863077,r,514
9683891057,r,514
9684647083,r,514
9684848070,s,514
9684889078,s,514
9684922933,s,514
9684987068,s,514
9685024023,s,514
9714750051,s,514
9837502002,r,514
10058980941,r,514
10059065103,r,514
10059113979,r,514
10059313058,s,514
10059715032,s,514
10099213123,r,514
10211478948,r,514
10432155132,r,514
10453829050,r,514
10453895092,r,514
10463453054,s,514
10467711925,r,514
10467726945,r,514
10606605052,r,514
11545059919,r,514
11725352048,s,514
11731526136,s,514
11956443071,r,514
11982892036,r,514
12098215103,r,514
12100871086,r,514
12101457119,r,514
12101517915,r,514
12109133958,r,514
12120687961,r,514
12133283138,r,514
12261946916,r,514
13463364124,s,514
