0,r,514
1196880102,s,514
1239246129,s,514
1637226104,r,514
1637446165,s,514
3138190031,r,514
3177036046,r,514
3317918062,r,514
3317996025,r,514
3318037033,r,514
3320199966,s,514
3322123050,s,514
3349075078,s,514
3740205049,r,514
3936954021,r,514
3943607091,s,514
4094158172,r,514
4094341993,s,514
4300016164,r,514
4300034046,r,514
5582965135,r,514
5582983970,r,514
5722491979,r,514
5722509145,r,514
5741145133,r,514
5743076086,s,514
5743654966,s,514
6166599988,r,514
6238810062,s,514
6304407119,s,514
6368246078,r,514
6368322134,r,514
6368992090,r,514
6369151115,r,514
6369184970,r,514
6369372129,r,514
6369477033,r,514
6382421970,r,514
6382471084,r,514
6415501117,s,514
6430308103,s,514
6432314157,s,514
6525808095,r,514
6540611982,r,514
6540668964,r,514
6540673971,r,514
6541058063,r,514
6541187047,r,514
6541304111,r,514
6541409015,s,514
6541496038,r,514
6541607141,s,514
6541731119,r,514
6541736125,r,514
6541766166,r,514
6541877031,r,514
6683360099,r,514
6683380126,r,514
6698186159,r,514
6698201179,r,514
6698518037,r,514
6698523044,r,514
6698564052,r,514
6699084043,r,514
6699223995,r,514
6699339151,r,514
6699390172,r,514
6713214159,r,514
6713278055,r,514
6713361978,r,514
6713593006,r,514
6713629961,r,514
6713809967,r,514
6713943004,s,514
6740554094,r,514
6740585088,r,514
6840624094,r,514
6856477022,r,514
7016455173,r,514
7016659975,s,514
7174452066,r,514
7174695014,s,514
7174839973,s,514
7502226114,r,514
7502244949,r,514
7502302169,r,514
7711467027,r,514
7713931083,s,514
7715516090,s,514
7726088047,r,514
7726101160,r,514
7726155042,r,514
7871500968,r,514
7873566150,s,514
7883560180,s,514
7922829151,r,514
7937735080,r,514
7937803030,r,514
8029366970,r,514
8030717134,s,514
8038935184,s,514
8048053979,s,514
8187678098,r,514
8319761037,r,514
8350099086,r,514
8511823177,r,514
8512058973,s,514
8673290014,r,514
8880494117,r,514
8880768060,s,514
9036195039,r,514
9037775039,r,514
9039100170,s,514
9039152145,s,514
9039189100,s,514
9229547023,r,514
9229563951,r,514
9477550029,r,514
9477578163,r,514
9477836132,r,514
9478152990,r,514
9478252172,r,514
9478816032,r,514
9493519067,r,514
9493544101,r,514
9493617057,r,514
9516988039,r,514
9517042160,r,514
9517138957,r,514
9517249107,r,514
9517374992,r,514
9517501115,r,514
9517668962,r,514
9517672061,r,514
9517800092,s,514
9517941951,r,514
9518202066,r,514
9518906116,r,514
9543617963,r,514
9635154962,r,514
9635408163,r,514
9635442018,r,514
9635794162,r,514
9635821104,r,514
9644296169,r,514
9644401073,r,514
9645245075,r,514
9645367145,r,514
9650962114,r,514
9651007175,r,514
9651019096,r,514
9651160955,s,514
9674611091,r,514
9674630165,r,514
9674705028,r,514
9675943136,r,514
9676059961,r,514
9676064014,r,514
9676181077,s,514
9676589965,r,514
9676701068,r,514
9676854133,r,514
9676949977,r,514
9677041053,r,514
9677163124,r,514
9677338123,r,514
9688385963,r,514
9688457965,r,514
9688462018,r,514
9701195955,r,514
9701207160,r,514
9701248168,r,514
9793025016,r,514
9793051958,r,514
9793136119,r,514
9793138980,r,514
9793187141,r,514
9793358087,r,514
9793456077,r,514
9793531179,s,514
9803073167,r,514
9803081989,r,514
9803241968,r,514
9803401947,r,514
9803517103,r,514
9803521156,r,514
9808269977,r,514
9808341979,r,514
9810698986,r,514
9832367181,r,514
9832426071,r,514
9832430124,r,514
9832602977,r,514
9832642078,r,514
9832739114,s,514
9832786083,r,514
9832935094,s,514
9833412170,r,514
9833476066,r,514
9833501100,r,514
9833930015,r,514
9834122180,r,514
9834125995,r,514
9834218025,r,514
9834275960,r,514
9834467172,r,514
9834722995,r,514
9834860086,r,514
9835041046,r,514
9835163116,r,514
9835167169,r,514
9835301160,r,514
9845851182,r,514
9845924139,r,514
9845987081,r,514
9859446048,r,514
9859475135,r,514
9859544038,r,514
9859694957,s,514
9859806060,r,514
9899480104,r,514
9899557113,r,514
9950456142,r,514
9950469970,r,514
9950611114,r,514
9950839042,r,514
9950853109,r,514
9950901985,r,514
9951009988,r,514
9951122045,r,514
9951277017,r,514
9961027145,r,514
9961100101,r,514
9961194038,r,514
9961282968,s,514
9961783170,r,514
9961879014,r,514
9962038040,r,514
9962042093,r,514
9962133169,s,514
9962241172,r,514
9962329149,r,514
9965805053,r,514
9965888977,r,514
9966017961,r,514
9966086149,r,514
9966529130,r,514
9966534137,r,514
9989753007,r,514
9989763975,r,514
9989807128,r,514
9989962100,r,514
9990064144,r,514
9990175962,r,514
9990293979,r,514
9990395069,r,514
9990514993,r,514
9991039037,r,514
9991141080,s,514
9991208076,r,514
9991212129,r,514
9991235017,r,514
9991419076,r,514
9991549015,r,514
9991705179,r,514
9991829156,r,514
9991945028,r,514
9992057085,r,514
9992167949,r,514
9992279052,r,514
9992377996,r,514
9992489099,r,514
9992589950,r,514
9992752075,r,514
9992822170,s,514
9992913007,r,514
9992917060,r,514
9993074178,r,514
9993189096,r,514
9993303060,r,514
10003633976,r,514
10003700017,r,514
10003704071,r,514
10003849029,s,514
10003942966,r,514
10003947973,r,514
10004076004,r,514
10017225027,r,514
10017282962,r,514
10017459154,r,514
10017508983,r,514
10017713069,r,514
10017745018,r,514
10057919025,r,514
10057934045,r,514
10057976007,r,514
10107915163,r,514
10107932090,r,514
10108443021,s,514
10108503103,s,514
10294021129,s,514
10314612150,s,514
10759641170,r,514
10759679079,r,514
10759736061,r,514
10759739160,r,514
10759842157,r,514
10777081012,r,514
10777153968,r,514
10777158021,r,514
10777333974,r,514
10777423143,r,514
10777639150,r,514
10777687072,r,514
10881077051,r,514
10881095171,r,514
10881154060,r,514
10881252050,r,514
10881417989,s,514
10881549119,s,514
10882898092,r,514
10883586168,r,514
10883669138,r,514
10883919954,s,514
10884068012,r,514
10884072065,r,514
10884118080,r,514
10884211063,r,514
10884283065,s,514
10884320974,r,514
10884438037,r,514
10884577989,r,514
10884750127,r,514
10884843111,r,514
10884941101,r,514
10896535158,r,514
10896551132,r,514
10918370008,r,514
11052989006,r,514
11053017139,r,514
11068062067,r,514
11075668096,r,514
11458114147,r,514
11458194017,r,514
11458233118,r,514
11615777015,r,514
11617766141,s,514
11618352174,s,514
12001729011,r,514
12216099977,r,514
12216163158,r,514
12229691982,s,514
12260363102,s,514
12274126052,s,514
12367021083,s,514
12457501173,s,514
12489387989,s,514
12634003162,r,514
12634027957,r,514
12634093999,r,514
12634211063,s,514
12634772062,s,514
12635200977,s,514
12644009113,s,514
12791078090,r,514
12791104078,r,514
12791149139,r,514
12791152954,r,514
12791378021,s,514
12791444063,r,514
12791526079,r,514
12791682958,r,514
12802749157,r,514
12948426008,r,514
12949265956,s,514
13161062002,r,514
13161089181,r,514
13161143064,r,514
13161226034,r,514
13161446094,s,514
13161638021,s,514
13161817073,s,514
13161959171,s,514
13176028966,r,514
13187635183,r,514
13187718153,r,514
13187721967,r,514
13187885046,s,514
13188009023,r,514
13293885946,r,514
13337013006,s,514
13345102071,r,514
13346712112,r,514
13503391981,r,514
13505398988,s,514
13506036043,s,514
13660859108,r,514
13662080049,s,514
13715723991,r,514
13715739965,r,514
13730232000,r,514
13833399057,r,514
13833415985,r,514
13834412097,r,514
13843563079,s,514
13843888998,s,514
13899976015,r,514
13900002956,r,514
13900068044,r,514
13901103019,r,514
13901159048,r,514
13901162147,r,514
13902544975,s,514
13911539077,s,514
13912937164,s,514
13992720127,r,514
14062587022,r,514
14170046091,r,514
14170325040,s,514
14172269105,s,514
14172908067,s,514
14267117977,r,514
14267138004,r,514
14267276048,r,514
14267431020,r,514
14267475128,r,514
14267790079,r,514
14267930030,r,514
14267997026,r,514
14276440143,r,514
14276602029,r,514
14276680946,r,514
14282715082,r,514
14292945146,r,514
14327748060,r,514
14327816963,r,514
14329781055,s,514
14330374956,s,514
14350764036,r,514
14445290088,r,514
14445319175,r,514
14445394039,r,514
14445701122,r,514
14445868015,r,514
14445873022,r,514
14445992946,s,514
14453601121,r,514
14453760147,r,514
14453864097,r,514
14453998088,r,514
14454107999,r,514
14456218957,s,514
14456644058,s,514
14470342159,r,514
14470355987,r,514
14603137970,r,514
14604458093,s,514
14777542114,r,514
14777570962,r,514
14777639150,r,514
14790912151,r,514
14799901962,r,514
14848567962,r,514
14850384950,r,514
14851358175,r,514
14851511001,r,514
14852313995,s,514
14856863021,s,514
14867105007,r,514
14867120027,r,514
14867203950,r,514
14867290973,r,514
14888208150,r,514
14888224124,r,514
14888306140,r,514
14888837099,r,514
14888919115,r,514
14889024019,r,514
14889332056,r,514
14934935092,r,514
14935044050,r,514
14935078144,r,514
14935207128,r,514
14957401990,r,514
14957429170,r,514
14957487106,r,514
14957625150,s,514
15008038044,r,514
15008058071,r,514
15008115053,r,514
15008962154,r,514
15009081125,r,514
15009142160,s,514
15009194135,r,514
15024551153,r,514
15024616956,r,514
15024667978,r,514
15025001049,r,514
15025068998,r,514
15025212049,r,514
15045745134,r,514
15045811176,r,514
15045816183,r,514
15046007156,s,514
15047234058,r,514
15047327041,r,514
15047363996,r,514
15047585010,r,514
15047655105,r,514
15047733068,r,514
15127485990,r,514
15127505064,r,514
15128314971,r,514
15128425121,r,514
15128523111,r,514
15128630161,r,514
15128757953,r,514
15137957096,r,514
15138022184,r,514
15138026952,r,514
15138133049,r,514
15157302141,r,514
15157376050,r,514
15166674137,r,514
15166716098,r,514
15166720151,r,514
15175738096,s,514
15324011087,r,514
15324211120,s,514
15391096115,r,514
15391124963,r,514
15427296161,r,514
15427320957,r,514
15466482162,s,514
15476336956,s,514
15487488985,r,514
15487504005,r,514
15503849983,s,514
15513993024,s,514
15521448135,r,514
15531484127,s,514
15543591022,s,514
15550896167,s,514
15680017948,r,514
15865839958,r,514
15895051002,r,514
15913190126,r,514
16039837122,r,514
16041700124,r,514
16041896104,s,514
16042016983,s,514
16042040109,r,514
16042191982,r,514
16042557954,r,514
16042695999,r,514
16042719125,s,514
16042757988,r,514
16042915105,r,514
16043010950,r,514
16043190002,s,514
16043298006,r,514
16043404102,r,514
16043599128,r,514
16053301095,r,514
16061630010,r,514
16061645984,r,514
16062250137,r,514
16062369108,s,514
16075361967,r,514
16080224990,r,514
16080232143,r,514
16080331087,r,514
16080474138,r,514
16080598115,r,514
16080722093,r,514
16080934047,r,514
16080938100,r,514
16081060171,r,514
16081209182,r,514
16081364154,r,514
16081525087,r,514
16081595182,r,514
16081882000,r,514
16081905126,r,514
16081959009,r,514
16082157135,r,514
16082273006,r,514
16082411050,r,514
16082638978,r,514
16082750082,s,514
16082870960,s,514
16116448164,r,514
16116463184,r,514
16223838090,r,514
16223855972,r,514
16223895072,r,514
16224008083,r,514
16224138021,r,514
16224246978,r,514
16224374055,r,514
16224493026,r,514
16224668026,r,514
16224671125,r,514
16224797964,r,514
16224924087,r,514
16225012064,r,514
16225130081,r,514
16225270032,r,514
16225363969,r,514
16225505113,r,514
16225880146,s,514
16226459026,s,514
16227333068,r,514
16227557182,r,514
16227583169,r,514
16230831146,r,514
16230931043,r,514
16231039047,r,514
16238628149,r,514
16238834142,s,514
16238897085,r,514
16238899946,r,514
16238901138,r,514
16238979101,s,514
16239056110,r,514
16239104986,s,514
16239159107,r,514
16239247083,r,514
16239432096,r,514
16239568948,r,514
16239694118,r,514
16239784002,r,514
16239890098,r,514
16239990949,r,514
16240076065,s,514
16240123987,r,514
16240229129,r,514
16240375995,r,514
16240491151,r,514
16240628957,r,514
16240720987,r,514
16241350174,r,514
16241420030,s,514
16241466045,r,514
16241585016,r,514
16241703033,r,514
16241846084,r,514
16241990089,r,514
16242110014,r,514
16242220163,r,514
16242345094,r,514
16242441177,r,514
16242807149,r,514
16242913961,r,514
16243844032,r,514
16273929119,r,514
16273986101,r,514
16273993969,r,514
16382627964,r,514
16382645130,r,514
16382694959,r,514
16382909059,r,514
16383239984,r,514
16383244037,r,514
16383363008,r,514
16383509159,r,514
16383532047,r,514
16383648157,r,514
16383783101,r,514
16383913040,r,514
16384045124,r,514
16384088993,r,514
16384171962,s,514
16384237051,r,514
16384328126,r,514
16384458065,r,514
16384587049,r,514
16384698152,r,514
16384842157,r,514
16384906053,s,514
16385009050,r,514
16385060071,r,514
16385207176,r,514
16385300159,r,514
16385414123,r,514
16385540962,r,514
16385815143,s,514
16385933160,r,514
16386075019,r,514
16386244058,r,514
16388221025,r,514
16388308048,r,514
16388455152,r,514
16388549089,r,514
16388656139,r,514
16388777017,r,514
16393709182,s,514
16396430015,r,514
16396437168,r,514
16396547079,r,514
16396687030,r,514
16396947145,r,514
16396952152,r,514
16397099018,r,514
16397104024,r,514
16397227048,r,514
16397300005,s,514
16397362947,r,514
16397474050,r,514
16397624015,r,514
16397722005,r,514
16397874116,r,514
16397981166,r,514
16398159027,r,514
16398164033,r,514
16398319959,r,514
16398440122,r,514
16398574113,r,514
16398903131,r,514
16399021148,r,514
16399163961,r,514
16399388074,r,514
16399520158,r,514
16399631023,r,514
16399669170,s,514
16399801969,r,514
16399883985,s,514
16399944067,r,514
16400074958,r,514
16400257110,r,514
16400261163,r,514
16400439977,r,514
16400521993,r,514
16400634050,r,514
16400762081,r,514
16400887966,r,514
16400998115,r,514
16401116132,r,514
16401219129,r,514
16401343107,r,514
16401479959,r,514
16401600122,r,514
16401731014,r,514
16401843070,r,514
16431435108,r,514
16431499004,r,514
16431668043,s,514
16431807994,r,514
16431811094,r,514
16431837081,r,514
16431941032,r,514
16544049024,r,514
16544065952,r,514
16544123172,r,514
16544203996,r,514
16544322967,r,514
16544497966,r,514
16544646024,r,514
16544852972,r,514
16544878006,r,514
16546144962,r,514
16546319007,r,514
16546323060,r,514
16546447038,r,514
16546942949,r,514
16547055006,r,514
16547178030,r,514
16547214984,r,514
16547407150,r,514
16547449111,r,514
16547688960,s,514
16547871112,s,514
16574568033,r,514
16574587106,r,514
16574635982,r,514
16574639082,r,514
16574666023,r,514
16574668168,r,514
16574769973,r,514
16574773073,r,514
16574798107,r,514
16574800968,r,514
16574826955,r,514
16574829101,r,514
16574865102,r,514
16575030088,r,514
16575155019,r,514
16575330972,r,514
16575503110,r,514
16575711011,r,514
16575849056,r,514
16576017141,r,514
16576042175,r,514
16576135158,r,514
16576634168,r,514
16576637983,r,514
16576833009,r,514
16576918125,r,514
16577039003,r,514
16577042102,r,514
16577104091,s,514
16577232122,r,514
16577330112,s,514
16577373027,r,514
16577504158,r,514
16577620029,r,514
16577713012,r,514
16577856063,r,514
16579172134,s,514
16587213039,r,514
16587223052,r,514
16587318182,r,514
16600108146,s,514
16608067035,s,514
16643430948,r,514
16658221006,r,514
16658239126,r,514
16704776048,r,514
16704926967,s,514
16744043111,r,514
16744055986,r,514
16747125148,r,514
16747248172,r,514
16747462987,r,514
16747466087,r,514
16747684955,r,514
16747820138,r,514
16748157024,r,514
16748306989,r,514
16748362064,r,514
16748512029,r,514
16748640060,r,514
16748826026,r,514
16748919010,r,514
16749070167,r,514
16749164104,r,514
16749291181,r,514
16749396085,r,514
16749500036,r,514
16749644041,r,514
16749766111,r,514
16750056028,r,514
16750059127,r,514
16750061035,r,514
16750271081,r,514
16750333070,r,514
16750483989,r,514
16750687122,r,514
16750691175,r,514
16750826120,r,514
16751950979,s,514
16752098083,s,514
16753143072,r,514
16753149032,r,514
16753223180,r,514
16753406047,r,514
16753488063,r,514
16753643035,r,514
16753748178,r,514
16754074096,r,514
16754119157,r,514
16754122018,r,514
16754213094,r,514
16754351139,r,514
16759835004,s,514
16760895967,r,514
16761012077,r,514
16761082172,r,514
16777064085,s,514
16787729978,r,514
16787737131,r,514
16787866115,r,514
16787912130,s,514
16801587104,r,514
16801599025,r,514
16866220951,r,514
16873635053,s,514
16966957092,r,514
16966974973,r,514
17021120071,r,514
17023421049,r,514
17036865949,s,514
17037114143,s,514
17072293996,r,514
17168686151,r,514
17173635006,s,514
17173700094,s,514
17180823087,r,514
17182170152,s,514
17182764053,s,514
17243925094,s,514
17339895010,r,514
17500380992,r,514
17527750015,r,514
17527765035,r,514
17542644023,r,514
17542734146,r,514
17542768955,r,514
17655051946,r,514
17655068159,r,514
17655132055,r,514
17669291973,r,514
17669301986,r,514
17687381982,r,514
17690626144,s,514
17690840005,s,514
17693542957,r,514
17707756042,r,514
17778956174,s,514
17779047966,s,514
17779093027,s,514
17857203960,r,514
17874518156,s,514
18000449180,r,514
18000468969,r,514
18000509023,r,514
18000724077,s,514
18032561063,r,514
18190530061,r,514
18264512062,r,514
18264528989,r,514
18264585971,r,514
18264952182,r,514
18265064001,r,514
18265166997,r,514
18267416954,s,514
18273846149,s,514
18273921966,s,514
18276335001,r,514
18342607975,r,514
18342633009,r,514
18399369955,r,514
18399887085,s,514
18520555019,s,514
18527002096,s,514
18626255035,r,514
18626459121,s,514
18800609111,r,514
18823345184,r,514
18971806049,r,514
18972157955,r,514
18972262144,r,514
18972378015,r,514
18972496032,r,514
18972576141,s,514
18972625017,r,514
18980885028,r,514
18985821962,r,514
19143186092,r,514
19340140104,r,514
19429109096,r,514
19429474115,r,514
19429556131,r,514
19443298101,r,514
19443351984,r,514
19444153070,s,514
19498481988,r,514
19501330137,s,514
19501979112,s,514
19527132034,s,514
19691212177,r,514
19691622018,s,514
19997627019,r,514
19998176097,s,514
20079290151,r,514
20201900959,r,514
20245085001,s,514
20260271072,r,514
20404864072,r,514
20423199176,s,514
20527173996,s,514
20599779129,r,514
20599794149,r,514
20599851131,r,514
20599975109,s,514
20602269172,s,514
20737425088,s,514
20774850130,r,514
20776759147,s,514
20804975986,s,514
20805066108,s,514
20932451009,r,514
20943698167,s,514
21111763954,s,514
21111860990,s,514
21159876108,r,514
21160078048,s,514
21198498964,r,514
21198524951,r,514
21198575019,r,514
21198693037,r,514
21198845148,r,514
21212872982,r,514
21212949037,r,514
21212953090,r,514
21273966074,s,514
21323462963,r,514
21323477983,r,514
21406478166,r,514
21406627178,s,514
21416517019,r,514
21416532993,r,514
21416591167,r,514
21416677951,r,514
21416741132,r,514
21416913986,r,514
21417039156,r,514
21417044162,r,514
21417354106,r,514
21417358160,r,514
21417701959,r,514
21417705059,r,514
21459383010,r,514
21459411144,r,514
21459467172,r,514
21459568977,r,514
21459802150,r,514
21460014104,r,514
21460057973,r,514
21460471153,r,514
21460613966,r,514
21460618019,r,514
21460750103,s,514
21460803031,r,514
21460968017,r,514
21461058139,r,514
21461150169,r,514
21461245060,r,514
21461402177,r,514
21496520996,r,514
21496536970,r,514
21496756076,s,514
21584566116,r,514
21593985080,s,514
21670408010,r,514
21670425176,r,514
21684466123,r,514
21711822032,r,514
21711883068,r,514
21712748050,r,514
21712886095,r,514
21712890148,r,514
21713701009,r,514
21713705062,r,514
21713791132,r,514
21714007139,r,514
21714130163,r,514
21714231014,r,514
21723783016,s,514
21726300954,r,514
21726416111,r,514
21726442098,r,514
21727367162,s,514
21727658987,s,514
21748752117,s,514
21751938104,r,514
21765938997,s,514
21839243173,r,514
21839261055,r,514
21853155136,r,514
21924465179,r,514
21924925088,s,514
21967408180,s,514
22065658092,r,514
22096102953,r,514
22104742050,s,514
22114866018,r,514
22115046024,s,514
22134018182,r,514
22134112119,r,514
22134216070,r,514
22134219169,r,514
22134613037,s,514
22135133028,r,514
22135138988,r,514
22135287046,r,514
22135509014,r,514
22135581970,r,514
22135667085,s,514
22135728120,r,514
22136191129,r,514
22136279106,r,514
22136373043,r,514
22136814117,r,514
22136952161,r,514
22137037992,r,514
22143677949,s,514
22147907018,r,514
22147922039,r,514
22148003101,r,514
22204951047,r,514
22205151081,r,514
22205154180,r,514
22242840051,s,514
22273136138,r,514
22433309078,r,514
22433581113,s,514
22527044057,r,514
22527065038,r,514
22583142042,r,514
22583630085,s,514
22591779947,r,514
22628561973,s,514
22723184108,r,514
22723203182,r,514
22748942136,r,514
22748959064,r,514
22753476142,r,514
22779685020,s,514
22779790163,s,514
22795696973,s,514
22798964023,s,514
22820656061,r,514
22820671081,r,514
22840552091,r,514
22840634107,r,514
22840715169,r,514
22875040054,r,514
22875111103,r,514
22911564111,r,514
22926028013,r,514
22936273098,s,514
23068930149,r,514
23076570987,s,514
23083717107,s,514
23086379051,r,514
23213233947,r,514
23213253021,r,514
23213309049,r,514
23214162111,r,514
23214252948,r,514
23214257001,r,514
23215146064,r,514
23215357065,r,514
23215409994,r,514
23215480089,r,514
23215867996,s,514
23216469049,r,514
23216539144,r,514
23216609954,r,514
23216655015,s,514
23216788053,r,514
23216876030,r,514
23217013120,r,514
23217173099,r,514
23217256069,r,514
23217302084,r,514
23218199968,r,514
23218294143,r,514
23218414068,r,514
23218580961,r,514
23218863010,r,514
23218866109,r,514
23219437122,r,514
23219567060,r,514
23219670057,r,514
23219810009,r,514
23219922065,r,514
23220015049,r,514
23220142126,r,514
23220275163,r,514
23220405101,r,514
23220499992,r,514
23220642089,r,514
23220777988,r,514
23221093177,r,514
23221096038,r,514
23221096992,r,514
23221308946,r,514
23221395969,r,514
23221516132,r,514
23224101066,s,514
23229805946,r,514
23230282068,r,514
23230375051,r,514
23230489015,r,514
23230594158,s,514
23232548952,r,514
23232614994,r,514
23232706069,r,514
23233005046,r,514
23233096122,r,514
23233253955,r,514
23233787059,r,514
23233791112,r,514
23234049081,s,514
23235654115,r,514
23235754013,r,514
23235867977,r,514
23235986948,r,514
23236485958,r,514
23236579179,r,514
23236758947,r,514
23236907959,r,514
23236948967,r,514
23237221002,r,514
23237558126,r,514
23237656116,r,514
23237790107,r,514
23237941026,r,514
23238059997,r,514
23238178968,r,514
23238322973,r,514
23238420963,r,514
23238542079,r,514
23243834972,s,514
23255042076,r,514
23255421161,r,514
23255704164,r,514
23255851030,r,514
23255977153,r,514
23256157159,r,514
23256268024,r,514
23256391048,r,514
23256564140,r,514
23256757021,r,514
23256813049,r,514
23256930112,r,514
23257016181,r,514
23257178068,r,514
23257472038,r,514
23257475137,r,514
23257600069,r,514
23257763147,r,514
23260502100,s,514
23299221038,s,514
23328720092,r,514
23328741073,r,514
23376314163,r,514
23376332044,r,514
23376384973,r,514
23377753019,r,514
23377798080,r,514
23377801179,r,514
23377902984,r,514
23378067016,r,514
23378108024,r,514
23378343105,r,514
23378456115,r,514
23378532171,s,514
23378595113,r,514
23378718137,r,514
23379242181,r,514
23379327058,r,514
23379491090,r,514
23379603147,r,514
23379887104,r,514
23380176067,r,514
23380313158,r,514
23380443096,r,514
23380870103,r,514
23380995035,r,514
23381144046,r,514
23381225109,r,514
23381247043,r,514
23382447958,r,514
23382580995,r,514
23382646083,s,514
23382755041,r,514
23382759094,r,514
23382924079,r,514
23382987022,s,514
23383054018,r,514
23383165121,r,514
23383265018,r,514
23383417129,r,514
23384193182,r,514
23384299993,r,514
23384790182,r,514
23384794950,r,514
23384814024,r,514
23385360956,r,514
23385473966,r,514
23385616064,r,514
23385744094,r,514
23385854005,r,514
23385959148,r,514
23386095047,r,514
23386209011,r,514
23386305093,r,514
23386435031,r,514
23386502027,s,514
23386924982,r,514
23387041091,r,514
23387170076,r,514
23387330055,r,514
23387447118,r,514
23387567043,r,514
23392848014,r,514
23392857074,r,514
23393175125,s,514
23393634080,r,514
23393715143,r,514
23394299984,r,514
23394304990,r,514
23394394159,r,514
23394519090,r,514
23394602060,r,514
23394741058,r,514
23394849062,r,514
23394962072,r,514
23395215988,s,514
23395364999,r,514
23395467996,r,514
23395610094,r,514
23395678043,s,514
23397189140,r,514
23397314071,r,514
23398245096,r,514
23398345947,r,514
23398463964,r,514
23398944139,r,514
23399069070,r,514
23399993181,r,514
23400104045,r,514
23400230169,r,514
23400500059,r,514
23400654077,r,514
23400694131,r,514
23400812149,r,514
23400938034,r,514
23401076078,r,514
23401183128,r,514
23402138948,r,514
23402142047,r,514
23403851032,s,514
23562067031,r,514
23586085081,s,514
23594218969,r,514
23594668149,r,514
23594714164,r,514
23594915151,r,514
23595159053,r,514
23595164060,r,514
23595360040,r,514
23595486164,r,514
23595541954,r,514
23595623016,r,514
23595710992,r,514
23595859050,r,514
23595963954,r,514
23596096038,r,514
23596230983,r,514
23596366167,r,514
23596470117,r,514
23596629142,r,514
23596662998,r,514
23596825122,s,514
23596937179,r,514
23596940994,r,514
23597108125,r,514
23597157955,s,514
23597207069,r,514
23597306013,r,514
23597481012,r,514
23597537994,r,514
23597664117,r,514
23597761154,r,514
23597905159,r,514
23598011016,r,514
23598129987,r,514
23598255157,r,514
23600506067,r,514
23600627183,r,514
23600774049,r,514
23600878000,r,514
23601994991,s,514
23610186100,r,514
23610206127,r,514
23610265970,r,514
23610342025,r,514
23610741138,r,514
23610819101,s,514
23610924005,r,514
23611171960,r,514
23611195087,r,514
23611318111,r,514
23668145179,r,514
23668162107,r,514
23753407001,r,514
23753962039,s,514
23783019065,r,514
23783034086,r,514
23783100128,r,514
23783220052,r,514
23783298015,r,514
23783401966,r,514
23783595085,r,514
23783663988,s,514
23783701181,r,514
23783823013,r,514
23783943176,s,514
23784206152,r,514
23784327983,r,514
23784434080,s,514
23784474134,r,514
23784629106,r,514
23784756183,r,514
23784759998,r,514
23785010099,r,514
23785015106,r,514
23785173177,r,514
23785428047,r,514
23785552024,r,514
23785674095,r,514
23785787105,r,514
23785879135,r,514
23786028146,r,514
23786147117,r,514
23786270141,r,514
23786412000,s,514
23786612987,r,514
23786617994,r,514
23786772012,r,514
23786776065,r,514
23787337064,r,514
23787531137,r,514
23787556171,r,514
23787657976,r,514
23787680149,r,514
23787815094,r,514
23787899017,r,514
23788450002,r,514
23788545131,r,514
23788702011,r,514
23788814067,r,514
23788925170,r,514
23789067030,r,514
23789111137,r,514
23789298057,r,514
23789391040,r,514
23789530038,r,514
23789638996,r,514
23789742946,r,514
23789874076,r,514
23790004968,r,514
23790141105,r,514
23790287017,r,514
23790289163,r,514
23790472984,r,514
23790580987,r,514
23790745973,r,514
23790845155,r,514
23791355133,r,514
23791465997,r,514
23791609048,r,514
23791712045,r,514
23791833162,r,514
23791948080,r,514
23792083025,r,514
23792183160,r,514
23792325019,r,514
23792428016,r,514
23792585134,r,514
23792703151,r,514
23793085098,r,514
23793192148,r,514
23793403148,s,514
23793473005,r,514
23793475151,r,514
23793601036,r,514
23793604135,r,514
23793712139,s,514
23793814182,r,514
23793816089,r,514
23794047117,r,514
23794356107,r,514
23794360160,r,514
23794504165,r,514
23794615030,r,514
23794739007,r,514
23794840097,r,514
23794948101,r,514
23794973135,s,514
23795096159,r,514
23795205116,r,514
23795351982,s,514
23795459985,s,514
23795700073,r,514
23795820951,r,514
23795995950,r,514
23797985076,r,514
23798019170,r,514
23798151969,r,514
23798702955,r,514
23798854112,r,514
23798956155,r,514
23799105167,r,514
23799416065,r,514
23799460172,r,514
23800493001,r,514
23800539016,r,514
23800734996,r,514
23801174163,r,514
23801463127,r,514
23801522016,r,514
23801745176,r,514
23802081108,r,514
23802184104,r,514
23802344083,r,514
23803673982,s,514
23820712089,r,514
23821014165,r,514
23821069002,r,514
23821197986,s,514
23830157995,r,514
23830165147,r,514
23830276966,r,514
23926079034,r,514
23941040039,r,514
23941107988,r,514
23941368103,r,514
23941419124,r,514
23941423177,r,514
23941468954,r,514
23941471099,r,514
23941640138,r,514
23941643953,r,514
23941874027,r,514
23942069053,s,514
23942234993,s,514
23942342042,r,514
23942474126,r,514
23942554950,r,514
23942685127,r,514
23942784071,r,514
23942896127,r,514
23943014144,r,514
23943113088,r,514
23943262100,r,514
23943746089,r,514
23943863153,r,514
23943989992,r,514
23944219112,s,514
23944257974,r,514
23944343090,r,514
23944499015,r,514
23944749116,r,514
23944772005,r,514
23945928096,r,514
23950939178,r,514
23951019048,r,514
23978585004,r,514
23978610038,r,514
23984004020,r,514
24108078956,r,514
24122854948,r,514
24196196079,r,514
24196222066,r,514
24196309089,r,514
24198477029,s,514
24199152946,s,514
24277794122,r,514
24277821064,r,514
24277858972,r,514
24277994155,s,514
24279821157,r,514
24311959028,r,514
24312402963,s,514
24366662979,r,514
24366680145,r,514
24374298095,s,514
24437314987,r,514
24437458992,s,514
24519469976,r,514
24598608017,r,514
24601564168,s,514
24602507114,s,514
24756174087,r,514
24803871154,s,514
24910746097,r,514
24915922164,r,514
24916085958,s,514
24927898168,r,514
24927911996,r,514
25021939039,s,514
25073114156,r,514
25169659137,s,514
25276242971,s,514
25282780170,s,514
25314682960,r,514
25314758062,r,514
25316045045,r,514
25316154956,r,514
25318094015,r,514
25318138122,r,514
25318227052,r,514
25318765163,r,514
25318838119,r,514
25318989038,r,514
25319758176,r,514
25319905042,r,514
25319947004,r,514
25320063114,r,514
25320533990,r,514
25320564985,r,514
25321259975,r,514
25321346998,r,514
25321457147,r,514
25321650028,r,514
25321693182,r,514
25321758985,s,514
25321846962,r,514
25321967124,r,514
25322232961,r,514
25322273016,r,514
25322335004,r,514
25324711084,r,514
25324798107,r,514
25324928998,r,514
25334489107,r,514
25334517002,r,514
25334594011,r,514
25334815025,s,514
25473999977,r,514
25484781980,r,514
25484956979,s,514
25627005100,r,514
25627032041,r,514
25627086162,r,514
25631580114,r,514
25677762985,r,514
25679713010,s,514
25680370092,s,514
25788736105,r,514
25789124012,s,514
25820335149,r,514
25836586952,r,514
25947654962,r,514
25948053121,s,514
26105182170,r,514
26105398178,s,514
26241618156,s,514
26262675046,r,514
26420519113,r,514
26422996997,r,514
26423357009,r,514
26427268028,r,514
26427796125,r,514
26427942037,r,514
26427975177,r,514
26428202152,r,514
26428333044,r,514
26428336143,r,514
26435338974,s,514
26435726165,s,514
26440942049,r,514
26440955162,r,514
26441002130,r,514
26506844997,r,514
26506864070,r,514
26506919145,r,514
26507096052,r,514
26507214069,r,514
26507334947,r,514
26507502079,r,514
26523277044,r,514
26523369073,r,514
26523374080,r,514
26523575067,s,514
26568629980,r,514
26568648099,r,514
26568889141,r,514
26578629970,r,514
26580240011,r,514
26614434957,r,514
26614496946,r,514
26614766120,r,514
26614892005,r,514
26615031957,r,514
26628630161,r,514
26628654003,r,514
26628688097,r,514
26633664131,s,514
26644170999,s,514
26648509025,r,514
26648517131,r,514
26648628950,r,514
26648883104,r,514
26649046182,r,514
26649049043,r,514
26649207115,r,514
26649314165,r,514
26649506092,r,514
26649613142,r,514
26649718046,r,514
26649801969,r,514
26649971962,r,514
26650341987,r,514
26650381088,r,514
26650495052,r,514
26650541067,r,514
26650544166,r,514
26655838012,s,514
26662462949,r,514
26662476062,r,514
26662554979,r,514
26688102960,r,514
26688312053,r,514
26688317060,r,514
26695934057,r,514
26695958137,r,514
26696732997,r,514
26740911006,r,514
26740929126,r,514
26740988969,r,514
26741168022,s,514
26771651029,r,514
26786286115,r,514
26914913177,r,514
26914940118,r,514
26929265976,r,514
26933007001,s,514
26974841117,s,514
27116302967,r,514
27119269132,s,514
27119915008,s,514
27127139091,r,514
27278561115,r,514
27278856039,s,514
27279459953,s,514
27279886007,s,514
27288012027,s,514
27530861139,r,514
27530879020,r,514
27531320095,s,514
27703377008,r,514
27755367994,r,514
27755586147,s,514
27813430070,r,514
27813446044,r,514
27822858095,r,514
27827476978,r,514
27827537059,r,514
27882825136,r,514
27900413990,r,514
28052558183,r,514
28058483123,r,514
28059110164,s,514
28059524059,s,514
28216695070,r,514
28219613075,s,514
28224095106,s,514
28224627018,r,514
28316434145,s,514
28388339996,r,514
28442166090,r,514
28584293127,r,514
28631729126,s,514
28744166135,r,514
28744420051,s,514
28933907985,r,514
29023887157,r,514
29060944080,r,514
29061262130,s,514
29074213981,s,514
29084529161,s,514
29132534027,r,514
29322839021,r,514
29322884082,r,514
29322946071,r,514
29338530063,r,514
29338593959,r,514
29340559005,s,514
29341143131,s,514
29353213071,r,514
29398462057,r,514
29400449991,s,514
29401122093,s,514
29570881128,r,514
29570899009,r,514
29570964098,r,514
29761438131,r,514
29908385038,r,514
29908533096,r,514
29908651113,r,514
29908655166,r,514
29908816099,s,514
29908864975,r,514
29909024000,s,514
29911921978,s,514
29917616128,s,514
29924163103,r,514
29924183130,r,514
29924339056,r,514
29945466041,r,514
29945548057,r,514
29945552110,r,514
29950212955,r,514
29950384140,s,514
29950570106,r,514
29950663089,r,514
29950876951,r,514
29951014041,r,514
29951069116,r,514
29951148033,r,514
29951260089,r,514
29951419115,r,514
29951512098,s,514
29959522008,r,514
29959541082,r,514
29976438045,r,514
29976463079,r,514
29976547956,r,514
30004564046,r,514
30005023002,s,514
30125377178,r,514
30151553154,r,514
30167958021,r,514
30246646165,s,514
30325618028,r,514
30337077140,s,514
30353898048,s,514
30370162963,r,514
30498844146,r,514
30530155181,r,514
30532197952,s,514
30620866060,r,514
30636301994,r,514
30636350154,r,514
30669825077,r,514
30669878959,r,514
30685878038,r,514
30687230110,r,514
30687620163,s,514
30701601028,r,514
30701615095,r,514
30701670169,r,514
30703319072,s,514
30715065956,r,514
30715079069,r,514
30715160131,r,514
30842376947,r,514
30842396020,r,514
30860900163,r,514
30910482168,r,514
31018100023,r,514
31026839017,s,514
31027580976,s,514
31058258056,r,514
31058796167,s,514
31058870077,s,514
31216866970,r,514
31374194145,r,514
31374403953,s,514
31543529033,r,514
31750833988,r,514
31750852108,r,514
31750909090,r,514
31751091957,s,514
31751194953,r,514
31755689144,r,514
31755762100,r,514
31755781173,r,514
31755917072,r,514
31755998134,r,514
31756100177,r,514
31756204128,r,514
31757039070,r,514
31757146120,r,514
31757347106,r,514
31764757156,r,514
31772526979,r,514
31772537946,r,514
31772658109,r,514
31772729158,r,514
31772879123,r,514
31772967100,r,514
31773107051,r,514
31773211002,r,514
31773358106,r,514
31773447036,r,514
31773581981,r,514
31773704052,s,514
31773836135,s,514
31779322147,r,514
31779383182,r,514
31779533147,r,514
31780001163,r,514
31799870014,r,514
31799885988,r,514
31800549984,r,514
31801280975,r,514
31801306963,r,514
31801403045,r,514
31801424980,r,514
31801718950,r,514
31801752090,r,514
31802041053,r,514
31802390098,r,514
31802394151,r,514
31802442073,r,514
31802560091,s,514
31802600145,r,514
31802714109,s,514
31803341150,r,514
31803387165,r,514
31803562164,r,514
31803863048,r,514
31803886175,r,514
31804013967,r,514
31816637992,r,514
31816653013,r,514
31816709995,r,514
31826068162,r,514
31826162099,r,514
31826166153,r,514
31826255083,r,514
31826884031,r,514
31826918125,r,514
31830984115,r,514
31831034183,r,514
31881615161,r,514
31881643056,r,514
31881708145,r,514
31881785154,r,514
31881932020,s,514
31895647049,r,514
31937936067,r,514
31957059145,s,514
32030431032,r,514
32052522182,r,514
32096573114,r,514
32097172021,r,514
32097299098,r,514
32136026144,s,514
32207023143,s,514
32239045143,s,514
32254111051,r,514
32441792964,r,514
32444931030,s,514
32445616960,s,514
32450432062,r,514
32450454950,r,514
32607813119,r,514
32608226060,s,514
32656535148,r,514
32656561136,r,514
32656618118,r,514
32765220165,r,514
32796166181,r,514
32796367168,r,514
32810177087,r,514
32810358047,s,514
32922736167,r,514
32935207128,s,514
32974881172,r,514
33118762016,r,514
33149466037,r,514
33163625001,r,514
33164410114,s,514
33164469957,s,514
33164879083,s,514
33174679994,s,514
33177947998,r,514
33178184986,r,514
33178243160,r,514
33227234125,s,514
33276235103,r,514
33438836097,r,514
33439407110,s,514
33612405061,r,514
33660310029,r,514
33678989172,r,514
33679067134,r,514
33679227113,r,514
33679357051,r,514
33679687976,r,514
33679713964,r,514
33679815053,r,514
33679902076,r,514
33680099010,r,514
33680183172,r,514
33680389165,r,514
33680449962,r,514
33680552005,r,514
33680675029,r,514
33680828094,r,514
33680911064,r,514
33681045055,r,514
33682144164,r,514
33682228088,s,514
33682279110,r,514
33682358026,r,514
33693107128,r,514
33693132162,r,514
33693168163,r,514
33693575143,r,514
33693621158,r,514
33693624019,r,514
33693672180,r,514
33693822145,r,514
33693989992,r,514
33693994045,r,514
33694139957,s,514
33705861091,r,514
33706288099,r,514
33706391096,r,514
33706432104,r,514
33706562042,r,514
33706774950,r,514
33706868171,r,514
33706945180,s,514
33706993103,r,514
33707046985,r,514
33707255125,r,514
33707340955,r,514
33707520008,r,514
33707601070,r,514
33707753181,r,514
33707856178,r,514
33707982063,r,514
33708112001,r,514
33708230018,r,514
33708358049,r,514
33708490133,r,514
33708903074,r,514
33708947181,r,514
33708950042,r,514
33708985090,r,514
33709434986,r,514
33709558010,r,514
33709712028,r,514
33709822177,r,514
33710191011,r,514
33710325002,r,514
33710421085,r,514
33710536003,r,514
33710668087,r,514
33711016178,r,514
33711124181,r,514
33711256027,r,514
33711351156,r,514
33712012052,s,514
33712252139,s,514
33854355096,r,514
33855637073,r,514
33917001009,r,514
33917026996,r,514
33917086124,r,514
33917421102,r,514
33917515993,r,514
33917629003,s,514
33917684078,r,514
33917745113,r,514
33917891979,r,514
33918236970,r,514
33918265104,r,514
33918267965,r,514
33918393135,r,514
33918426990,s,514
33918534040,r,514
33935976982,r,514
33936047077,r,514
33955213069,r,514
33955302953,r,514
33955307960,r,514
33955415964,r,514
33955605030,r,514
33955733060,r,514
33957558155,r,514
33957656145,r,514
33957751989,r,514
33958351135,r,514
33958356142,r,514
33958490133,r,514
33958662033,r,514
33958765983,r,514
33958877086,r,514
33958990096,s,514
33973984956,r,514
33974003076,r,514
33974610090,r,514
34013170003,r,514
34063284158,r,514
34170247077,r,514
34188539028,s,514
34216849088,s,514
34327828168,r,514
34328021049,s,514
34620578050,r,514
34620602130,r,514
34620644092,r,514
34620913028,s,514
34621512174,r,514
34621621131,r,514
34621741056,r,514
34621874094,s,514
34622030019,r,514
34622045993,r,514
34622459173,r,514
34622478008,r,514
34622581958,r,514
34622585058,r,514
34635355949,r,514
34635365009,r,514
34635451078,r,514
34669341087,r,514
34669409036,r,514
34669413089,r,514
34687038183,r,514
34781059980,r,514
34791680097,r,514
34791723966,r,514
34834638118,r,514
34834721088,r,514
34939036130,r,514
34963618993,r,514
34963634967,r,514
35121059179,r,514
35121503114,s,514
35279263019,r,514
35281203031,s,514
35281871080,s,514
35364082098,s,514
35607711076,r,514
35607741117,r,514
36063038110,r,514
36063055038,r,514
36063102960,r,514
36063529014,r,514
36064694166,r,514
36064708948,r,514
36065456152,r,514
36065555095,r,514
36065813064,r,514
36073673963,s,514
36077151060,r,514
36077257156,r,514
36077308177,r,514
36077566146,r,514
36077691078,r,514
36077779054,r,514
36078057050,r,514
36078068971,r,514
36078197002,r,514
36078201055,r,514
36078348159,r,514
36078485965,r,514
36078745126,r,514
36078955173,s,514
36079022169,r,514
36079142093,r,514
36079292058,r,514
36079535007,r,514
36079581975,s,514
36079642057,r,514
36079743146,r,514
36080031156,r,514
36080131053,r,514
36080263137,r,514
36095613956,r,514
36095661163,r,514
36095944166,r,514
36096004962,r,514
36096027135,r,514
36096081972,r,514
36220489025,r,514
36235704183,r,514
36235723972,r,514
36436927080,r,514
36634330987,r,514
36645996093,s,514
37202681064,r,514
37202888965,s,514
37239441156,s,514
37768676996,r,514
37768697023,r,514
37768762111,r,514
37788901090,r,514
37932455062,r,514
37937034130,s,514
37938184022,s,514
38238914012,s,514
38497750043,r,514
38694466114,r,514
38852905035,r,514
