0,r,514
431643962,r,514
4001214981,s,514
4022992849,s,514
4186101913,r,514
4386190891,r,514
4392951965,s,514
4410848855,s,514
4711091995,r,514
4879036903,r,514
4879139900,r,514
4879188060,r,514
4879231929,r,514
4879276990,r,514
4879373073,r,514
4879776000,r,514
4879827022,r,514
4879983901,r,514
4880085945,s,514
4951098918,r,514
4953974008,s,514
4979331970,s,514
4979604005,s,514
4996033906,r,514
5005851030,r,514
5005913972,r,514
5005919933,r,514
5006273984,r,514
5006278038,r,514
5006320953,r,514
5007101058,r,514
5007211923,r,514
5007215023,r,514
5007658958,r,514
5007663011,r,514
5007714986,r,514
5008015871,s,514
5025749921,s,514
5058986902,s,514
5082726001,s,514
5083018064,s,514
5083309888,s,514
5083504915,s,514
5114022970,r,514
5119500875,s,514
5119986057,s,514
5120200872,s,514
5159554004,s,514
5163841009,s,514
5164113044,s,514
5164304018,s,514
5289386987,s,514
5289663076,s,514
5315744876,r,514
5322915077,s,514
5323158025,s,514
5440165996,r,514
5448184967,r,514
5450731039,r,514
5450742959,r,514
5450792074,r,514
5453104019,s,514
5453155994,s,514
5453505992,s,514
5453552961,s,514
5457108974,r,514
5457113027,r,514
5458487033,r,514
5458489894,r,514
5465538024,s,514
5469614028,s,514
5469666004,s,514
5494241952,r,514
5506099939,r,514
5506172895,r,514
5506185054,r,514
5506233930,r,514
5506237030,r,514
5506290912,r,514
5506303071,r,514
5507391929,r,514
5507395029,r,514
5507396936,r,514
5516357898,r,514
5516366958,r,514
5519984960,r,514
5519989967,r,514
5520034074,r,514
5546993017,r,514
5552399873,s,514
5560052871,s,514
5560422897,s,514
5560469865,s,514
5565067052,r,514
5575063943,r,514
5575137853,r,514
5575165987,r,514
5575212955,r,514
5575214862,r,514
5575264930,r,514
5576179027,r,514
5576225996,r,514
5576227903,r,514
5577376842,r,514
5577389955,r,514
5577393054,r,514
5577790975,r,514
5577795028,r,514
5578306913,r,514
5578310966,r,514
5578312873,r,514
5578917980,r,514
5578924894,r,514
5578927040,r,514
5612339019,r,514
5622863054,r,514
5622915029,r,514
5622917890,r,514
5622982025,r,514
5622983932,r,514
5623029947,r,514
5623031854,r,514
5623075008,r,514
5623076915,r,514
5623087883,r,514
5623089075,r,514
5630380868,r,514
5630387067,r,514
5630437850,r,514
5630512952,r,514
5630542993,r,514
5630679845,r,514
5630986928,r,514
5630991935,r,514
5631080865,r,514
5631083965,r,514
5631119012,r,514
5631227016,s,514
5633283853,r,514
5643617868,r,514
5643681049,r,514
5643782854,s,514
5691784858,r,514
5696702957,r,514
5696757078,r,514
5696760892,r,514
5696827888,r,514
5696830987,r,514
5696877002,r,514
5696960926,r,514
5696992874,r,514
5697330951,r,514
5697439908,s,514
5697591066,r,514
5697593927,r,514
5697718858,r,514
5698518037,r,514
5698565959,r,514
5698569059,r,514
5731534957,r,514
5732815027,r,514
5732869863,r,514
5756065845,r,514
5756140947,r,514
5756145954,r,514
5756181955,r,514
5757258892,r,514
5757313966,r,514
5757325887,r,514
5757361888,r,514
5757364034,r,514
5758486032,r,514
5758491992,r,514
5758534908,r,514
5758538007,r,514
5758605003,r,514
5758607864,r,514
5758880853,s,514
5758939027,r,514
5799407958,r,514
5799483060,r,514
5799522876,r,514
5799710035,r,514
5799711942,r,514
5799712896,r,514
5799712896,r,514
5799830913,r,514
5799834012,r,514
5799851894,r,514
5800008058,r,514
5800011873,r,514
5800013065,r,514
5800240993,r,514
5800245046,r,514
5800312995,r,514
5800624847,r,514
5800668001,r,514
5800669908,r,514
5802762031,s,514
5802929878,s,514
5803143978,s,514
5807425975,s,514
5807471036,s,514
5807961940,r,514
5808096885,r,514
5809256076,r,514
5809270858,r,514
5813318014,r,514
5829688072,r,514
5881847858,r,514
5881886959,r,514
5881952047,r,514
5881954908,r,514
5882019042,r,514
5882020950,r,514
5882257938,r,514
5882261991,r,514
5882696866,r,514
5882701873,r,514
5882745981,r,514
5883530855,r,514
5883581876,r,514
5883584976,r,514
5883805990,r,514
5884325981,s,514
5884454965,s,514
5885493040,s,514
5885724067,s,514
5885769844,s,514
5885803937,s,514
5886396884,s,514
5888743877,r,514
5889072895,r,514
5889119863,r,514
5889369010,r,514
5889443874,r,514
5889446973,r,514
5889734983,r,514
5889739990,r,514
5889791011,r,514
5890390872,r,514
5890421867,r,514
5890424966,r,514
5890493869,r,514
5891882896,s,514
5908946990,r,514
5908962965,r,514
5909030914,r,514
5923837900,r,514
5923907995,r,514
5923912048,r,514
5923949003,r,514
5923950910,r,514
5924107074,r,514
5924674034,r,514
5924720048,r,514
5924818992,r,514
5925189971,r,514
5925194978,r,514
5925329923,r,514
5925884962,r,514
5925910949,r,514
5925914049,r,514
5926040887,r,514
5926044940,r,514
5926153898,s,514
5926316022,r,514
5926320075,r,514
5926406860,s,514
5926445007,r,514
5926545858,r,514
5946361064,r,514
5994865894,r,514
5994884014,r,514
5994940042,r,514
6004385948,r,514
6004405021,r,514
6004574060,r,514
6004576921,r,514
6004616022,r,514
6004793882,r,514
6004796981,r,514
6004898071,r,514
6004900932,r,514
6004945993,r,514
6004947900,r,514
6005033969,r,514
6005257844,r,514
6005357027,r,514
6005358934,r,514
6005395889,r,514
6005398988,r,514
6005517959,r,514
6005521059,r,514
6005559921,r,514
6006084918,s,514
6048276901,r,514
6048452854,r,514
6048503875,r,514
6048506021,r,514
6048562049,r,514
6048564910,r,514
6048601865,r,514
6048757076,r,514
6048759937,r,514
6048760890,r,514
6049103975,r,514
6049108982,r,514
6049156904,r,514
6049241065,s,514
6049659013,r,514
6049664974,r,514
6049707889,r,514
6049777030,s,514
6063046932,r,514
6063186883,r,514
6063230037,r,514
6063549041,r,514
6063598871,r,514
6063601970,r,514
6063637971,r,514
6063639879,r,514
6063915014,r,514
6063919067,r,514
6064300060,r,514
6064306020,r,514
6071418046,r,514
6143836021,r,514
6180068969,r,514
6194382905,r,514
6194400072,r,514
6194472074,r,514
6194474935,r,514
6194520950,r,514
6194602012,r,514
6194603919,r,514
6194658041,r,514
6194854021,s,514
6194967031,r,514
6194970846,r,514
6195009946,r,514
6195479869,r,514
6195524930,r,514
6195528030,r,514
6195582866,r,514
6195585966,r,514
6195621013,r,514
6222125053,r,514
6222188949,r,514
6222193956,r,514
6222395896,s,514
6234632015,r,514
6234653949,r,514
6234694957,r,514
6234814882,r,514
6235019922,r,514
6235023021,r,514
6235044956,r,514
6240170001,r,514
6240246057,r,514
6240249872,r,514
6311043024,r,514
6321181058,r,514
6321259021,r,514
6321264028,r,514
6321300983,r,514
6321431875,s,514
6322104930,r,514
6322109937,r,514
6322149991,r,514
6322510004,r,514
6322553873,r,514
6322782993,r,514
6322833061,r,514
6322931051,r,514
6322978973,r,514
6323014974,r,514
6323266983,r,514
6323477029,r,514
6323528051,r,514
6323530912,r,514
6323577880,r,514
6323580026,r,514
6323632001,r,514
6323727846,s,514
6323790073,r,514
6323791980,r,514
6323891878,r,514
6323902845,r,514
6323963880,r,514
6324249029,r,514
6324272871,r,514
6324284076,r,514
6324378013,s,514
6324545860,r,514
6324878931,r,514
6325195074,r,514
6325199842,r,514
6325243949,r,514
6325469017,r,514
6325511932,r,514
6325878858,r,514
6326012849,r,514
6326377868,r,514
6326421022,r,514
6326422929,r,514
6326705932,r,514
6326709985,r,514
6327059030,r,514
6327295064,r,514
6327339887,r,514
6327422857,r,514
6352010011,r,514
6352025032,r,514
6352158069,r,514
6352160930,r,514
6352189064,r,514
6352324008,r,514
6352365016,r,514
6352741003,r,514
6352784872,r,514
6352787971,r,514
6353138923,r,514
6353142976,r,514
6424476861,r,514
6424493074,r,514
6424680948,s,514
6427733898,r,514
6443706989,r,514
6443783044,r,514
6444077014,r,514
6444126844,r,514
6444164991,r,514
6444318056,r,514
6444321870,r,514
6444436073,r,514
6444493055,s,514
6444527864,r,514
6444530010,r,514
6444655895,r,514
6444717884,s,514
6444927930,r,514
6444932937,r,514
6444962978,r,514
6450284957,r,514
6450840950,r,514
6450845956,r,514
6450886964,r,514
6450900077,r,514
6450937032,r,514
6450938940,r,514
6451088905,r,514
6451092004,r,514
6451174020,r,514
6451379060,r,514
6451381921,r,514
6451384067,r,514
6451654911,s,514
6451833009,r,514
6451837062,r,514
6451874017,r,514
6451990842,r,514
6452030897,r,514
6452107906,r,514
6452496051,r,514
6452501058,r,514
6452560901,r,514
6452563047,r,514
6452620983,r,514
6452622890,r,514
6452667951,r,514
6452669858,r,514
6452671051,r,514
6452672958,r,514
6452836990,r,514
6452885866,s,514
6453011035,r,514
6453014850,r,514
6453099966,r,514
6453101873,r,514
6453212976,r,514
6453216075,r,514
6453217983,r,514
6453263998,s,514
6453456878,r,514
6453461885,r,514
6453566074,r,514
6453568935,r,514
6453697919,r,514
6453731060,s,514
6453805923,r,514
6453809976,r,514
6454071044,r,514
6454074859,r,514
6454185009,r,514
6454189062,r,514
6454215049,r,514
6454341888,r,514
6468997001,r,514
6469529867,r,514
6469574928,r,514
6469578027,r,514
6469604969,r,514
6469606876,r,514
6470320940,r,514
6470325946,r,514
6470355987,r,514
6500937938,r,514
6501028060,r,514
6501031875,r,514
6501072883,r,514
6544525861,r,514
6562958955,r,514
6562990903,r,514
6563049077,r,514
6563051939,r,514
6563156843,r,514
6563159942,r,514
6563479900,r,514
6563582897,r,514
6563593864,r,514
6563596010,r,514
6564028024,r,514
6564030885,r,514
6564032077,r,514
6568964004,s,514
6569208860,s,514
6573199033,r,514
6573206901,r,514
6589899063,r,514
6589912891,r,514
6589978933,r,514
6590229988,r,514
6590272903,r,514
6590277910,r,514
6591040849,r,514
6591044902,r,514
6591045856,r,514
6591752052,r,514
6591755867,r,514
6591758012,r,514
6592551946,r,514
6599056959,s,514
6622916936,s,514
6645632028,r,514
6650402069,s,514
6661330938,r,514
6682397842,r,514
6682972908,r,514
6682976961,r,514
6683241844,r,514
6683244943,r,514
6683274030,r,514
6683594942,r,514
6683634996,r,514
6683636903,r,514
6684082984,r,514
6684342861,s,514
6684457063,r,514
6684460878,r,514
6684872865,r,514
6684877872,r,514
6684920072,r,514
6684983015,s,514
6685186862,r,514
6685190916,r,514
6685397863,r,514
6685402870,r,514
6685453891,r,514
6685456037,r,514
6704051017,r,514
6704067945,r,514
6704511880,r,514
6704516887,r,514
6704567909,r,514
6704599857,r,514
6704916954,r,514
6704921960,r,514
6705040931,r,514
6705044031,r,514
6705081939,r,514
6717975854,r,514
6718026876,r,514
6778210878,r,514
6778399944,s,514
6801759958,r,514
6802159070,r,514
6802274942,r,514
6802278995,r,514
6802325010,r,514
6802326917,r,514
6802469015,r,514
6802471876,r,514
6802538871,r,514
6802684068,s,514
6804377079,r,514
6804381847,r,514
6804406881,r,514
6804409027,r,514
6805276870,r,514
6805280923,r,514
6805356025,r,514
6805358886,r,514
6805360078,r,514
6805575847,r,514
6805578947,r,514
6805580854,r,514
6806210041,r,514
6806212902,r,514
6806215047,r,514
6806813955,r,514
6806817054,r,514
6806818008,r,514
6807088851,r,514
6807267904,r,514
6807271957,r,514
6808996915,s,514
6809252023,s,514
6821984052,r,514
6822278976,r,514
6822334051,r,514
6822335958,r,514
6822448015,r,514
6822561025,r,514
6822599887,r,514
6823081016,r,514
6823085069,r,514
6823631048,r,514
6823636054,r,514
6823637008,r,514
6828933954,r,514
6828939914,r,514
6829045057,r,514
6895107984,r,514
6920644998,r,514
6920670032,r,514
6920732021,r,514
6920734882,r,514
6920772075,r,514
6921561002,r,514
6921566009,r,514
6922066926,r,514
6922070980,r,514
6922122001,r,514
6922277927,r,514
6922308921,r,514
6922312021,r,514
6922425031,r,514
6922437906,r,514
6922438859,r,514
6922472953,r,514
6922476053,r,514
6922677040,r,514
6922680854,r,514
6922683000,r,514
6922736883,s,514
6922781944,r,514
6922889947,r,514
6923032999,s,514
6923079013,r,514
6923080921,r,514
6923115968,r,514
6923256874,r,514
6923260927,r,514
6923353910,r,514
6923547983,r,514
6923580884,r,514
6923841953,r,514
6923882961,r,514
6923884868,r,514
6923922061,r,514
6924030065,r,514
6924110889,r,514
6924113035,r,514
6924129962,s,514
6939108848,r,514
6939229965,r,514
6939288854,r,514
6939291954,r,514
6939660072,r,514
6939662933,r,514
6940012931,r,514
6940016031,r,514
6940049886,r,514
6940358877,s,514
6940615892,r,514
6940620899,r,514
6940661907,r,514
6940793991,r,514
6940834999,r,514
6940926074,r,514
6940964937,r,514
6953113079,s,514
6982563972,r,514
6992876052,r,514
6992929935,r,514
7011895895,r,514
7040721893,r,514
7040747880,r,514
7040832996,r,514
7040835857,r,514
7040881872,r,514
7041275978,r,514
7041318893,r,514
7041321992,r,514
7042028903,r,514
7042033910,r,514
7042078971,r,514
7042579889,r,514
7042625904,r,514
7042628049,r,514
7042777061,r,514
7042804002,s,514
7043041944,r,514
7043084859,r,514
7043087005,r,514
7043262958,r,514
7043349027,r,514
7043380975,r,514
7043725967,r,514
7043781995,r,514
7043784856,r,514
7044250011,r,514
7044255018,r,514
7044297933,r,514
7044373035,s,514
7044673919,r,514
7044965982,r,514
7045009851,r,514
7045012950,r,514
7045273065,r,514
7045341014,s,514
7045567989,r,514
7045573949,r,514
7045737981,r,514
7045742034,r,514
7045783042,r,514
7045898914,r,514
7045922040,r,514
7045981884,r,514
7046089887,r,514
7046093940,r,514
7046213865,r,514
7046421051,r,514
7046445846,r,514
7046448946,r,514
7055680036,r,514
7055695056,r,514
7055825948,r,514
7056144952,r,514
7056272029,r,514
7056449890,r,514
7056475877,r,514
7056678056,r,514
7056700944,r,514
7056704044,r,514
7056724071,r,514
7056813001,s,514
7057170867,r,514
7057175874,r,514
7057267904,r,514
7065280914,r,514
7065320968,r,514
7065324068,r,514
7065341949,r,514
7065448999,s,514
7108419895,s,514
7110867977,r,514
7110872983,r,514
7110929012,r,514
7110930919,r,514
7110986948,r,514
7111073017,r,514
7111129999,r,514
7111131906,r,514
7111266851,r,514
7111268997,r,514
7111269950,r,514
7111459970,s,514
7111512899,r,514
7111752986,r,514
7111814022,r,514
7111816883,r,514
7111855983,r,514
7114898920,r,514
7114927053,r,514
7115320920,r,514
7115362882,r,514
7115365982,r,514
7116037845,r,514
7116044044,r,514
7116072893,r,514
7124135017,s,514
7124840021,s,514
7128911018,r,514
7129037857,s,514
7129384040,s,514
7129688024,s,514
7129900932,s,514
7143929004,r,514
7160557031,r,514
7160681962,r,514
7160686016,r,514
7160735845,r,514
7160748004,r,514
7160784959,r,514
7160786867,r,514
7160821914,r,514
7160824060,r,514
7160907030,r,514
7160908937,r,514
7161084890,s,514
7161206960,r,514
7161259889,s,514
7161432981,r,514
7161435842,r,514
7161437034,r,514
7161586999,r,514
7161591053,r,514
7161679983,s,514
7161776065,r,514
7161787986,r,514
7161788940,r,514
7161876916,r,514
7162273883,r,514
7162306070,r,514
7162307977,r,514
7162325859,r,514
7162328004,r,514
7162486076,r,514
7162488937,r,514
7162525892,r,514
7162714958,r,514
7162718057,r,514
7162926912,r,514
7162930011,r,514
7162930965,r,514
7163081884,r,514
7163084983,r,514
7163085937,r,514
7163236856,s,514
7163554906,r,514
7163558959,r,514
7163599967,r,514
7163603067,r,514
7163698911,r,514
7163702011,r,514
7163722038,r,514
7163819074,r,514
7163822889,r,514
7163967847,r,514
7163971900,r,514
7163972854,r,514
7163975000,r,514
7163975954,r,514
7163976907,r,514
7164128065,r,514
7168233871,s,514
7168434858,s,514
7172853946,r,514
7172862052,r,514
7172929048,r,514
7222506046,r,514
7223986864,r,514
7224032878,r,514
7224036931,r,514
7225848913,r,514
7225863933,r,514
7225980043,s,514
7227185010,r,514
7235964059,r,514
7236022949,r,514
7245781898,r,514
7278527021,r,514
7278544902,r,514
7279061079,r,514
7279064893,r,514
7279232025,r,514
7279236078,r,514
7279325008,r,514
7279649019,r,514
7279653072,r,514
7279654979,r,514
7279820919,r,514
7279824972,r,514
7279825925,r,514
7279958009,r,514
7279968976,r,514
7279970884,r,514
7280286073,r,514
7280289888,r,514
7280341863,r,514
7281111955,r,514
7281940937,r,514
7281944036,r,514
7282485008,r,514
7283139944,r,514
7283143043,r,514
7283143997,r,514
7283614873,r,514
7283617973,r,514
7283619880,r,514
7283902883,r,514
7283905982,r,514
7283906936,r,514
7284232854,s,514
7284275054,r,514
7284313917,r,514
7284441947,r,514
7284523963,s,514
7284611940,r,514
7284615993,r,514
7284618854,r,514
7284805059,s,514
7284859895,r,514
7284862995,r,514
7284932851,r,514
7285152912,r,514
7285157918,r,514
7285245895,r,514
7305541992,r,514
7305587053,r,514
7362675905,r,514
7401154994,r,514
7401170015,r,514
7401218891,r,514
7401221990,r,514
7401238918,r,514
7401488065,r,514
7401864051,r,514
7401869058,r,514
7402227878,r,514
7405088901,r,514
7405106067,r,514
7406117916,r,514
7406647920,s,514
7453968048,r,514
7453983068,r,514
7454036951,r,514
7454154014,r,514
7454298973,s,514
7455038070,r,514
7455044031,r,514
7455304861,r,514
7455309867,r,514
7455349922,r,514
7455353021,r,514
7455421924,r,514
7455424070,r,514
7455571889,r,514
7455574035,r,514
7455750942,r,514
7455755949,r,514
7455806970,r,514
7456110000,r,514
7456438064,r,514
7456443071,r,514
7456501960,r,514
7456799983,r,514
7456845045,r,514
7457049846,r,514
7457074880,r,514
7457077026,r,514
7457156896,s,514
7457268953,r,514
7457273006,r,514
7457342863,r,514
7457459926,r,514
7473383903,r,514
7479651927,r,514
7567096948,r,514
7568498849,r,514
7568542957,r,514
7571805953,s,514
7583528041,r,514
7583544015,r,514
7583601951,r,514
7584408998,r,514
7584472894,r,514
7584475040,r,514
7585384845,s,514
7585515022,s,514
7587084054,s,514
7594907999,r,514
7596240043,r,514
7596979856,r,514
7596984863,r,514
7607588052,s,514
7607887983,s,514
7655921936,r,514
7655941009,r,514
7660012006,s,514
7680782079,s,514
7682389974,s,514
7713274955,r,514
7725955963,s,514
7740911006,s,514
7741744041,s,514
7867805004,r,514
7917166948,r,514
7931783914,r,514
7931788921,r,514
7940185070,r,514
7940192937,r,514
8024029970,r,514
8037941932,r,514
8049759864,s,514
8050140857,s,514
8052375078,r,514
8062437057,s,514
8124794960,r,514
8140920877,r,514
8174073934,s,514
8182538032,s,514
8192591905,s,514
8257566928,r,514
8258236885,s,514
8361027002,r,514
8400743007,r,514
8409378051,s,514
8409828901,s,514
8410160064,s,514
8517757892,r,514
8521097898,s,514
8605737924,r,514
8605764865,r,514
8606909036,r,514
8606914997,r,514
8606957912,r,514
8609338045,s,514
8644311904,r,514
8660662889,r,514
8660731077,r,514
8660734891,r,514
8669864892,s,514
8732895851,r,514
8733994007,r,514
8734048843,r,514
8734279870,r,514
8734333992,r,514
8734336853,r,514
8734607934,r,514
8734612941,r,514
8734709024,r,514
8735677003,r,514
8735769033,r,514
8735771894,r,514
8735831022,r,514
8735833883,r,514
8735882043,r,514
8735983848,s,514
8737288951,r,514
8737365007,s,514
8737668991,r,514
8737674951,r,514
8737869024,r,514
8738054037,r,514
8738108873,r,514
8738111019,r,514
8741756916,s,514
8761132955,r,514
8806699991,r,514
8862704992,r,514
8862899065,r,514
8862993001,r,514
8862997055,r,514
8863035917,r,514
8863038063,r,514
8863499879,r,514
8863512992,r,514
8863537073,r,514
8863538980,r,514
8864305973,r,514
8864310979,r,514
8864341974,r,514
8865279912,r,514
8865421056,r,514
8865423917,r,514
8865656852,r,514
8865659952,r,514
8865720987,r,514
8866374015,r,514
8866376876,r,514
8866378068,r,514
8866553068,r,514
8866648912,r,514
8866896867,r,514
8866899967,r,514
8867043972,r,514
8867047071,r,514
8867130994,r,514
8867951869,s,514
8878280878,r,514
8879912853,s,514
8916167020,r,514
8916182041,r,514
8995141029,r,514
9026582002,s,514
9029031038,r,514
9029036998,r,514
9062483072,s,514
9063055038,s,514
9063261032,s,514
9068603038,r,514
9068616867,r,514
9069261074,r,514
9069265842,r,514
9069308996,r,514
9069499969,r,514
9069753885,r,514
9069757938,r,514
9070414066,r,514
9070416927,r,514
9070528984,s,514
9070775985,r,514
9096271991,r,514
9096341848,r,514
9112290859,r,514
9122487068,s,514
9229163885,r,514
9418092012,r,514
9578194856,r,514
9608124017,r,514
9680539846,r,514
9681031942,s,514
9724897861,r,514
9725272893,s,514
9758985042,s,514
9992738962,r,514
9993224859,s,514
10109493970,r,514
10119425058,r,514
10119503021,r,514
10119507074,r,514
10119552850,r,514
10119694948,r,514
10119735956,r,514
10119739055,r,514
10119765996,r,514
10119796991,s,514
10120146989,r,514
10120151996,r,514
10137455940,r,514
10236250877,r,514
10248199939,r,514
10248281955,r,514
10248399019,r,514
10248421907,r,514
10248440027,r,514
10248730897,r,514
10248755931,r,514
10248782873,r,514
10248872995,s,514
10249212026,r,514
10249217033,r,514
10249264001,r,514
10249642849,r,514
10249747037,s,514
10249835968,r,514
10249839067,r,514
10249877929,r,514
10249881029,r,514
10249918937,r,514
10249920845,r,514
10250010967,r,514
10250014066,r,514
10320317030,r,514
10320334911,r,514
10352993011,r,514
10376966953,r,514
10377042055,r,514
10377047061,r,514
10377068042,r,514
10377069950,r,514
10377097845,r,514
10377099990,r,514
10377116918,r,514
10378290891,r,514
10378356933,r,514
10378360033,r,514
10378488063,s,514
10379059076,r,514
10379405975,r,514
10379438877,r,514
10379685878,r,514
10379894971,r,514
10379899978,r,514
10380503892,r,514
10380507946,r,514
10380527973,r,514
10381052970,r,514
10381093025,r,514
10381094932,r,514
10381133079,r,514
10381197929,s,514
10381237030,r,514
10381238937,r,514
10381239891,r,514
10381545066,r,514
10381587028,r,514
10381588935,r,514
10381625890,r,514
10381628036,r,514
10381661891,r,514
10381742000,s,514
10381805896,r,514
10381808996,r,514
10381870985,r,514
10382212877,r,514
10382255077,r,514
10382276058,r,514
10382397890,r,514
10382401943,r,514
10382699012,r,514
10392657995,r,514
10392724037,r,514
10493695974,r,514
10493906021,s,514
10506319999,r,514
10506721019,r,514
10506774902,r,514
10507704019,r,514
10507755994,r,514
10507758855,r,514
10509048938,r,514
10509053945,r,514
10509096860,r,514
10510611057,r,514
10510658025,r,514
10510892868,r,514
10511407852,r,514
10511503934,s,514
10511869907,r,514
10511873960,r,514
10512207031,r,514
10512212038,r,514
10512250900,r,514
10514704942,r,514
10515506982,r,514
10515512943,r,514
10515615940,s,514
10516582965,r,514
10517513036,r,514
10517540931,r,514
10518543958,r,514
10521499872,r,514
10521511077,r,514
10521563053,r,514
10522616863,r,514
10522660017,r,514
10523663997,r,514
10524574995,r,514
10524581909,r,514
10525599002,r,514
10526728868,r,514
10526768922,r,514
10527503967,r,514
10529270887,r,514
10529293060,r,514
10529347896,r,514
10529711961,r,514
10529772996,r,514
10529775857,r,514
10529896974,s,514
10530474901,r,514
10610949993,r,514
10660167932,s,514
10672389984,r,514
10702455043,r,514
11062725067,r,514
11062800884,r,514
11063423872,r,514
11063468933,r,514
11134759903,r,514
11179553031,r,514
14603888988,r,514
15066333055,r,514
15183390855,r,514
