0,s,514
820433139,s,514
842087030,s,514
1006097078,s,514
1081483125,r,514
1315690040,r,514
1637172222,r,514
2736324071,r,514
2736506223,r,514
2736579179,r,514
2741311073,r,514
2741365194,r,514
2741405010,r,514
2746224164,r,514
2746270179,r,514
2746289014,r,514
2765285015,r,514
2814879179,s,514
2838565111,s,514
2848739147,r,514
2848796129,r,514
2848817110,r,514
2848924160,r,514
2849065065,r,514
2849341154,r,514
2853613138,r,514
2853661060,r,514
2853695154,r,514
2854022026,r,514
2854059219,r,514
2854297161,r,514
2858508110,r,514
2858607053,r,514
2858721017,s,514
2858758211,r,514
2859096050,r,514
2859127044,r,514
2859129190,r,514
2878097057,r,514
2878212213,r,514
2917932033,s,514
2951781988,s,514
2952115058,s,514
2952383995,s,514
2957072019,s,514
2957297086,s,514
2961049079,r,514
2961055040,r,514
2961186170,r,514
2961274147,r,514
2961405038,r,514
2961523056,r,514
2961634159,r,514
2961814165,r,514
2961854219,r,514
2962020158,r,514
2962092161,r,514
2962316036,r,514
2964285135,s,514
2965836048,r,514
2965842008,r,514
3005662202,s,514
3005944013,s,514
3078133106,r,514
3280194044,r,514
3280472040,r,514
3280563116,r,514
3285139083,r,514
3285215139,r,514
3285337209,r,514
3289760112,r,514
3289823055,r,514
3290001153,r,514
3294529199,r,514
3294650077,r,514
3294742107,r,514
3298966169,r,514
3298987150,r,514
3299110174,r,514
3304016113,r,514
3304066181,r,514
3304334163,r,514
3305982112,s,514
3307509183,r,514
3307514190,r,514
3307561159,r,514
3308564186,r,514
3308629035,r,514
3308871030,r,514
3312939167,r,514
3370836019,s,514
3390689134,s,514
3392060041,r,514
3817536115,r,514
3817815065,r,514
3817847013,r,514
3822870016,r,514
3823103189,r,514
3827110052,r,514
3827896118,r,514
3827985048,r,514
3828115224,r,514
3832617998,r,514
3832687139,r,514
3833128213,r,514
3837745189,s,514
3842560052,r,514
3842712163,r,514
3842756032,r,514
3847497224,r,514
3847547054,r,514
3847608089,r,514
3852191209,r,514
3852358102,r,514
3852400064,r,514
3856640100,r,514
3856762170,r,514
3856855154,r,514
3861319065,r,514
3866932153,r,514
3930214166,r,514
3930236101,r,514
3930283069,r,514
3930427074,r,514
3935115098,r,514
3935120105,r,514
3935279130,r,514
3935283184,r,514
3940428018,s,514
4314900159,r,514
4865884065,r,514
4978697061,r,514
5214533090,r,514
5214702129,r,514
5326876163,r,514
6227620124,r,514
6233628034,s,514
6543802022,r,514
6544076204,r,514
6545112133,r,514
6579364061,r,514
6579420089,r,514
6656193017,r,514
6864926099,r,514
6865294218,r,514
6865338087,r,514
6977419137,r,514
6990568161,s,514
6998579025,s,514
7000500202,s,514
7000675201,s,514
7000891208,s,514
7000933170,s,514
7000977039,s,514
7006098032,s,514
7006185054,s,514
7006231069,s,514
7006312131,s,514
7007975101,s,514
7008200168,s,514
7008611202,s,514
7010371208,s,514
7010696172,s,514
7010862112,s,514
7107704162,s,514
7144508123,s,514
7167814016,r,514
7167994022,s,514
7168547153,s,514
7168760061,s,514
7184122085,r,514
7184137105,r,514
7189393997,r,514
7189617156,r,514
7189705133,r,514
7189840078,r,514
7197101116,r,514
7197200059,s,514
7197247028,r,514
7197550058,r,514
7251421213,s,514
7257660150,s,514
7275073051,r,514
7277590990,s,514
7280806064,r,514
7280813217,r,514
7296356201,r,514
7296491146,s,514
7330717086,r,514
7408097028,r,514
7408296108,s,514
7411032199,r,514
7413699150,s,514
7414095163,s,514
7509684085,r,514
7509701013,r,514
7509793043,r,514
7515423059,r,514
7515464067,r,514
7515537023,r,514
7515741109,r,514
7515827178,r,514
7516147136,r,514
7517595052,r,514
7518972158,r,514
7519056081,r,514
7519164085,r,514
7521222114,r,514
7522801160,r,514
7523072004,r,514
7523143053,r,514
7523146152,r,514
7527589082,r,514
7527709007,r,514
7527796030,r,514
7532320022,r,514
7532368183,r,514
7532836198,s,514
7533042192,s,514
7540890216,r,514
7540897130,r,514
7547839164,s,514
7578042030,s,514
7578361034,s,514
7578611135,s,514
7578833103,s,514
7603129148,s,514
7603390216,s,514
7621990203,r,514
7622005224,r,514
7622060060,r,514
7622063159,r,514
7627770185,r,514
7627849102,r,514
7627948999,r,514
7628051042,r,514
7628178119,r,514
7631238222,s,514
7635305166,r,514
7638305187,s,514
7638375043,s,514
7638421058,s,514
7638543128,s,514
7639008998,s,514
7639055013,s,514
7639102220,s,514
7639239072,s,514
7639295101,s,514
7639341115,s,514
7682301998,r,514
7682673215,s,514
7751083135,r,514
7759070158,s,514
7759155035,s,514
7759191989,s,514
7759345054,s,514
7818268060,r,514
7820123195,r,514
7820183038,r,514
7820363998,r,514
7822069168,r,514
7822196006,r,514
7822467088,r,514
7822472095,r,514
7822571039,r,514
7822740077,r,514
7822843074,s,514
7837002992,r,514
7837020158,r,514
7837114095,r,514
7841536045,r,514
7841620206,r,514
7841623067,r,514
7846451997,r,514
7846466064,r,514
7846511125,r,514
7846770048,r,514
7846949100,r,514
7846952199,r,514
7851886987,r,514
7851999998,r,514
7852043151,r,514
7855473041,r,514
7856855154,r,514
7856945991,r,514
7859507083,r,514
7859863042,r,514
7859948158,s,514
7859999179,r,514
7860138177,s,514
7861167192,r,514
7861290216,r,514
7865626096,r,514
7871684074,r,514
7873381137,r,514
7873477220,r,514
7873968124,r,514
7874066114,r,514
7878538131,r,514
7878602027,r,514
7878707170,r,514
7887643098,s,514
7932905197,r,514
7932934999,r,514
7933027029,r,514
7933205127,r,514
7933247089,r,514
7933314085,r,514
7933485031,r,514
7933554172,r,514
7943000078,r,514
7943164110,r,514
7977017164,r,514
7985539197,r,514
8036873102,r,514
8130691051,r,514
8130719184,r,514
8130850076,r,514
8136176109,r,514
8140646219,r,514
8140739202,r,514
8141170024,r,514
8141175031,r,514
8141206026,r,514
8141486167,r,514
8142365217,r,514
8142765045,r,514
8142817020,r,514
8142946004,r,514
8143071174,r,514
8143157005,r,514
8143314123,r,514
8143407106,r,514
8143501043,r,514
8143663167,r,514
8143666028,r,514
8144878149,r,514
8144973039,r,514
8145119190,r,514
8145425081,r,514
8145553112,r,514
8145654201,r,514
8147809028,s,514
8147845029,r,514
8148005008,s,514
8148022174,r,514
8148025035,r,514
8155429124,r,514
8155436038,r,514
8158547163,r,514
8158609151,r,514
8158688068,r,514
8159965038,r,514
8160037994,r,514
8160207033,r,514
8161740064,r,514
8161840200,r,514
8161933183,r,514
8167293071,r,514
8167319059,r,514
8167565107,r,514
8170920133,r,514
8170931100,r,514
8171040058,r,514
8171343088,r,514
8171451091,r,514
8178828001,r,514
8178865194,r,514
8178867101,r,514
8179219007,s,514
8182067155,r,514
8182994127,r,514
8183062076,r,514
8183238029,r,514
8188116073,r,514
8188320159,r,514
8189871072,r,514
8190026998,r,514
8190154075,r,514
8190631151,r,514
8190904140,r,514
8191020011,r,514
8191728115,r,514
8191948175,r,514
8192057132,r,514
8192612171,r,514
8193055152,r,514
8193076133,r,514
8193131208,r,514
8193963050,r,514
8194169044,r,514
8194261074,r,514
8194337129,s,514
8197976112,r,514
8198522090,r,514
8198652029,r,514
8198909044,r,514
8234685182,r,514
8234698057,r,514
8243401050,r,514
8243417024,r,514
8253365039,r,514
8256573200,r,514
8256609201,r,514
8256836175,r,514
8256859064,r,514
8256995201,r,514
8257136106,r,514
8257274150,r,514
8257789134,r,514
8257958173,r,514
8257983207,r,514
8258099079,r,514
8258185148,r,514
8259043216,r,514
8259068012,r,514
8259317159,r,514
8278748989,r,514
8278947114,r,514
8278988122,r,514
8279048204,s,514
8283292055,r,514
8283298015,r,514
8283421993,r,514
8283467054,s,514
8314024209,r,514
8314042091,r,514
8347163200,r,514
8355847120,r,514
8355899095,r,514
8381544113,r,514
8381604194,r,514
8467894077,r,514
8472972154,r,514
8473006010,r,514
8476737022,r,514
8476954221,r,514
8477049112,r,514
8477604150,r,514
8477672100,r,514
8477719068,r,514
8478094100,s,514
8485307216,s,514
8485552072,s,514
8485932111,s,514
8486155033,s,514
8507146120,r,514
8507165193,r,514
8507323026,r,514
8517177104,r,514
8520750045,r,514
8520757198,r,514
8522861003,r,514
8522939205,r,514
8523020029,r,514
8527336120,r,514
8527454137,s,514
8527889013,r,514
8528218030,r,514
8528264045,r,514
8530326128,r,514
8530389070,r,514
8530392169,r,514
8534779071,r,514
8534794092,r,514
8534988164,r,514
8536679029,r,514
8536715030,r,514
8536942005,r,514
8542340040,s,514
8543189048,r,514
8543275117,r,514
8543375015,r,514
8543431043,s,514
8543791055,r,514
8543879032,r,514
8551676034,r,514
8551849126,r,514
8551891088,r,514
8551977157,r,514
8552073001,r,514
8552175998,r,514
8556155204,r,514
8556233167,r,514
8556395053,r,514
8560482025,r,514
8560527086,r,514
8560616016,s,514
8560672044,r,514
8569069147,r,514
8569298028,r,514
8569450140,r,514
8572118997,r,514
8572199106,r,514
8572309017,r,514
8572786092,r,514
8572877168,r,514
8573006153,r,514
8574228048,r,514
8574350118,r,514
8574476003,r,514
8579404115,r,514
8579563140,r,514
8579641103,r,514
8583042144,r,514
8583048105,r,514
8583130121,r,514
8583243131,r,514
8583369016,r,514
8583456039,s,514
8584993124,r,514
8585312128,r,514
8585433006,r,514
8587002992,r,514
8587236166,r,514
8587346076,r,514
8588046073,r,514
8588210105,r,514
8588312149,r,514
8590237140,s,514
8591536998,r,514
8591610193,s,514
8591647148,r,514
8591749191,r,514
8592877149,r,514
8593627214,r,514
8593702077,r,514
8598803043,r,514
8599035024,r,514
8599112987,r,514
8600067138,r,514
8600214004,r,514
8600351095,r,514
8600588083,r,514
8600788116,r,514
8600894212,r,514
8601005077,r,514
8607401132,r,514
8607525110,r,514
8607625007,r,514
8611609220,r,514
8611625194,r,514
8613026142,r,514
8613089084,r,514
8613210201,r,514
8614721059,r,514
8614834070,r,514
8614915132,s,514
8614978075,r,514
8615831136,r,514
8615856170,r,514
8616274118,r,514
8620476007,r,514
8620573043,r,514
8621314048,r,514
8621417999,r,514
8621559143,r,514
8625493049,r,514
8625537157,r,514
8625674009,r,514
8628499031,r,514
8628723144,r,514
8628900051,s,514
8629100084,r,514
8629103183,r,514
8629327058,s,514
8633098125,r,514
8633118152,r,514
8635284185,r,514
8687422990,r,514
8687492132,r,514
8687524080,r,514
8706621170,r,514
8706668138,r,514
8706756114,r,514
8741953134,r,514
8764805078,r,514
8764960050,r,514
8769261121,r,514
8769350051,r,514
8769448995,r,514
8774861097,r,514
8775549173,r,514
8775592088,r,514
8775629997,r,514
8775757074,s,514
8780068159,r,514
8780073165,r,514
8781129121,r,514
8781221151,r,514
8781449079,r,514
8784700155,r,514
8784943103,r,514
8784957170,r,514
8786174058,r,514
8786254167,s,514
8786329030,r,514
8786541223,r,514
8787540197,r,514
8789839029,r,514
8789935112,r,514
8790057182,r,514
8792033195,r,514
8795778989,r,514
8795848131,r,514
8797589063,r,514
8797991991,r,514
8798005104,r,514
8800183057,r,514
8800364017,r,514
8800456047,r,514
8802786111,r,514
8802981138,r,514
8802986145,r,514
8803408145,r,514
8810702085,r,514
8810755014,r,514
8810777187,r,514
8810825109,r,514
8810907125,s,514
8810971021,r,514
8810981035,r,514
8814874172,r,514
8817003011,r,514
8817602157,r,514
8817698001,r,514
8817720174,r,514
8817921161,r,514
8817960023,r,514
8817962169,r,514
8818006992,r,514
8818217039,r,514
8818265199,r,514
8818395137,r,514
8818425178,r,514
8818427085,r,514
8820011138,r,514
8822432994,s,514
8822768211,r,514
8823051214,r,514
8823182106,r,514
8823951005,r,514
8823986053,r,514
8824203014,r,514
8825147151,r,514
8825381040,r,514
8826057195,s,514
8826292037,r,514
8826558113,r,514
8826706171,r,514
8827664136,r,514
8827834129,r,514
8827935218,r,514
8829224109,r,514
8829404115,r,514
8829538106,r,514
8830613136,r,514
8831268072,r,514
8831379175,r,514
8831490993,r,514
8832700014,s,514
8834593057,r,514
8834711074,r,514
8834841012,r,514
8835462093,s,514
8835671186,r,514
8836226224,r,514
8836378097,r,514
8838952064,r,514
8839159011,r,514
8839282989,r,514
8839985132,r,514
8840108156,r,514
8840273141,r,514
8841542005,r,514
8841690063,r,514
8842395067,r,514
8842722177,r,514
8843761205,s,514
8844001054,s,514
8847256183,r,514
8847866058,r,514
8847908020,r,514
8855902194,r,514
8855959177,r,514
8855962991,r,514
8856585025,r,514
8856717109,r,514
8856851100,r,514
8859102010,r,514
8859183073,r,514
8859325170,r,514
8867293119,r,514
8868241071,r,514
8868354082,r,514
8868446111,r,514
8869629144,r,514
8869872093,r,514
8869916200,r,514
8871160030,r,514
8871206045,r,514
8871209144,r,514
8877032041,r,514
8877117156,s,514
8887892007,r,514
8887914180,r,514
8909512043,r,514
8928069114,s,514
8928359031,s,514
8928619146,s,514
8928868055,s,514
8929120063,s,514
8929335117,s,514
9000249147,r,514
9000967025,s,514
9001345157,s,514
9067715168,s,514
9079755067,r,514
9080169200,r,514
9080260038,r,514
9080264091,r,514
9080316066,r,514
9080318212,r,514
9081250190,r,514
9081342220,r,514
9081376075,r,514
9082364082,r,514
9082427024,r,514
9082573175,r,514
9083370208,r,514
9083442211,s,514
9084564208,r,514
9084673166,r,514
9086946010,r,514
9087126016,r,514
9087251186,r,514
9088268041,r,514
9088367223,s,514
9088404178,r,514
9088518142,r,514
9090757131,r,514
9090762138,r,514
9090862989,r,514
9091075181,r,514
9092682123,r,514
9092851161,s,514
9092952013,r,514
9094827175,r,514
9095014095,r,514
9095094203,r,514
9099632024,r,514
9099637031,r,514
9099788188,r,514
9102003097,r,514
9104290008,r,514
9104304075,r,514
9104469060,r,514
9107078075,r,514
9107115030,r,514
9107328176,r,514
9107817173,r,514
9107885122,r,514
9108004093,r,514
9108061075,s,514
9112165212,r,514
9112171173,r,514
9112376213,r,514
9118509054,r,514
9118602991,r,514
9146805047,r,514
9146966218,r,514
9146969079,r,514
9147060155,s,514
9149055004,r,514
9149159193,r,514
9149240016,r,514
9151656150,r,514
9151751995,r,514
9152487993,r,514
9153867006,r,514
9153946161,r,514
9154331207,r,514
9154710054,r,514
9154826164,r,514
9157467126,r,514
9157563209,s,514
9157626152,r,514
9157799005,r,514
9158583164,r,514
9158739089,r,514
9158835172,r,514
9160091161,r,514
9162508010,r,514
9162605047,r,514
9164926052,r,514
9165115118,r,514
9165232181,r,514
9168281078,r,514
9168469190,r,514
9168584108,r,514
9170236110,r,514
9170373201,r,514
9170459032,r,514
9170606136,r,514
9174187183,r,514
9174192190,r,514
9174293041,r,514
9174338102,s,514
9175468206,r,514
9175563097,r,514
9175685167,r,514
9176316022,r,514
9176422119,s,514
9176465034,r,514
9176684141,r,514
9176827192,r,514
9176949024,r,514
9178949117,r,514
9179061174,r,514
9179208040,r,514
9180196046,r,514
9180321216,r,514
9180373191,s,514
9180501222,r,514
9182325124,r,514
9182467222,r,514
9182557106,r,514
9182698011,r,514
9182901144,r,514
9184521198,r,514
9184688091,r,514
9184812068,r,514
9186389207,r,514
9187123060,r,514
9187215089,r,514
9187522172,r,514
9187528133,r,514
9187721014,r,514
9187908172,r,514
9196184158,r,514
9196190118,r,514
9196314096,r,514
9197805166,r,514
9197848081,r,514
9199370145,r,514
9199492216,r,514
9199496030,r,514
9199789047,r,514
9199998140,r,514
9200144052,r,514
9201977014,r,514
9265944004,r,514
9266126155,s,514
9332408189,r,514
9332437038,r,514
9337442159,r,514
9348781108,r,514
9348826169,r,514
9348940134,r,514
9354856014,r,514
9355648040,r,514
9355754137,r,514
9355842113,r,514
9359644174,r,514
9359651088,r,514
9359772205,r,514
9360225200,s,514
9360638141,s,514
9360826015,s,514
9380883216,s,514
9381155014,s,514
9389520168,r,514
9389527082,r,514
9389633178,r,514
9391442060,r,514
9391479015,r,514
9391595125,r,514
9395194053,r,514
9395204067,r,514
9395503044,r,514
9395509004,r,514
9395546197,r,514
9395664215,r,514
9396867036,s,514
9397122144,r,514
9397834062,r,514
9397859096,r,514
9397958993,r,514
9400802135,r,514
9400808095,r,514
9401076078,r,514
9401320219,s,514
9402717113,s,514
9402913093,s,514
9405291080,r,514
9405503988,r,514
9405864000,r,514
9406183004,r,514
9406290054,s,514
9406328201,r,514
9406331062,r,514
9406481027,r,514
9406556129,s,514
9406748056,r,514
9406754016,r,514
9407982110,r,514
9407992124,r,514
9408102035,r,514
9409279108,r,514
9409307003,r,514
9409457206,r,514
9409691095,r,514
9409696102,r,514
9410075187,r,514
9411081075,r,514
9411188125,r,514
9411350011,r,514
9412288188,r,514
9412293195,r,514
9412481069,r,514
9413261175,r,514
9413358211,s,514
9413395166,r,514
9413497209,r,514
9414805173,r,514
9414811134,r,514
9415008068,r,514
9417499065,r,514
9457504034,r,514
9457517147,r,514
9480107069,r,514
9480118989,r,514
9480190992,r,514
9482469081,r,514
9482618093,r,514
9482742071,r,514
9482803106,s,514
9484528064,r,514
9484739065,r,514
9484767198,r,514
9490374088,s,514
9490931034,s,514
9491182088,s,514
9491439104,s,514
9491664171,s,514
9491881132,s,514
9492066144,s,514
9504620075,r,514
9504761219,r,514
9504806995,r,514
9505846023,r,514
9505985021,r,514
9505998134,r,514
9506070137,s,514
9510337114,r,514
9510537147,r,514
9510959148,s,514
9511011123,r,514
9513861179,s,514
9514122009,r,514
9514248132,r,514
9514405012,r,514
9516251087,r,514
9516673088,r,514
9516765117,r,514
9516860008,r,514
9516943216,r,514
9517028093,s,514
9517065048,r,514
9518045187,s,514
9518234014,s,514
9521970033,r,514
9524767160,r,514
9524863004,r,514
9525098085,r,514
9525237083,r,514
9525977134,r,514
9530409097,r,514
9543058156,r,514
9543090105,r,514
9543217182,r,514
9543422222,r,514
9543500185,r,514
9543640136,r,514
9554043054,r,514
9554288148,r,514
9554294109,r,514
9555024147,r,514
9555114030,r,514
9555248022,r,514
9561210155,r,514
9561348199,r,514
9561469078,r,514
9562232017,r,514
9562371015,r,514
9562499046,r,514
9563588142,s,514
9567181110,r,514
9570371150,s,514
9570447206,r,514
9570561170,r,514
9571726083,r,514
9571794033,s,514
9571866035,r,514
9572112083,r,514
9575555086,r,514
9575739145,r,514
9575847148,r,514
9578027009,r,514
9578222036,r,514
9578318119,r,514
9582558155,r,514
9587554216,r,514
9587618112,r,514
9587752103,r,514
9588668107,r,514
9588762044,r,514
9588910102,r,514
9591901063,s,514
9592170000,r,514
9592176198,r,514
9592321157,r,514
9594046115,r,514
9594077110,s,514
9594265222,r,514
9596909999,r,514
9598697185,r,514
9598739147,r,514
9598851203,r,514
9602984189,r,514
9602992057,r,514
9603113174,r,514
9605203151,r,514
9609138011,r,514
9609580039,r,514
9610146045,r,514
9611668109,r,514
9612495183,r,514
9612688064,r,514
9615967988,r,514
9616034030,r,514
9616164207,r,514
9616923093,r,514
9617019176,r,514
9617130041,r,514
9619392156,s,514
9626616001,r,514
9638344049,r,514
9647532224,r,514
9647538185,r,514
9647665023,r,514
9649235010,r,514
9649385213,r,514
9649492025,r,514
9653287172,r,514
9653480052,r,514
9653573036,r,514
9655416011,r,514
9655804157,r,514
9655920028,r,514
9656059026,r,514
9664319992,r,514
9706453084,r,514
9706899166,r,514
9706983089,r,514
9710652112,s,514
9710748195,r,514
9711000204,r,514
9711038112,r,514
9714483022,r,514
9714964151,r,514
9715071201,r,514
9716183185,r,514
9716309070,r,514
9716419219,r,514
9721345186,r,514
9722450017,s,514
9725594043,r,514
9725661039,r,514
9726618051,r,514
9726745128,r,514
9726984024,r,514
9735289096,r,514
9735463142,r,514
9735567092,r,514
9735805034,r,514
9735933065,r,514
9735972166,r,514
9736055135,r,514
9738061189,s,514
9745336055,r,514
9745350122,r,514
9745425224,r,514
9745751142,r,514
9745873212,r,514
9745994091,r,514
9751555204,r,514
9751565217,r,514
9751664161,r,514
9752719163,s,514
9752883195,r,514
9753002166,r,514
9753144025,r,514
9759423017,r,514
9759600162,r,514
9759682178,r,514
9762482166,r,514
9762572050,r,514
9762686014,r,514
9767908096,r,514
9821685075,r,514
9821712017,r,514
9821757078,r,514
9822018146,s,514
9822069168,r,514
9829730987,r,514
9829774141,r,514
9829778194,r,514
9830085992,r,514
9830090045,r,514
9830246210,r,514
9836697101,r,514
9836741209,r,514
9836834192,r,514
9836873054,r,514
9837050199,s,514
9841512203,r,514
9841608047,r,514
9841700077,r,514
9841811180,r,514
9841965198,r,514
9846940040,r,514
9847067117,r,514
9847170114,r,514
9848722219,r,514
9849070072,r,514
9849111080,r,514
9849178075,r,514
9853390216,r,514
9853494167,r,514
9853590011,r,514
9854282140,s,514
9858089208,r,514
9858192205,r,514
9858262062,r,514
9859295129,r,514
9859458208,r,514
9859462022,r,514
9862231016,s,514
9864444017,r,514
9864510059,r,514
9864608049,r,514
9870037078,r,514
9870094060,r,514
9887578010,r,514
9887666225,r,514
9887842178,r,514
9892404079,r,514
9892602205,r,514
9892698049,r,514
9892870187,r,514
9893097162,r,514
9893100023,r,514
9893178224,r,514
9897650003,s,514
9898873090,r,514
9898970127,r,514
9899065017,r,514
9899111032,s,514
9901471138,r,514
9901651144,r,514
9901695013,r,514
9901899099,r,514
9901977062,r,514
9902185201,r,514
9905149221,r,514
9907572031,r,514
9907651185,r,514
9907778024,r,514
9908181190,r,514
9908261060,r,514
9908382177,r,514
9912178039,r,514
9912219047,r,514
9912307024,s,514
9912343025,r,514
9913514137,r,514
9913619995,r,514
9913827180,r,514
9919746160,r,514
9919754028,r,514
9919896125,r,514
9925413131,r,514
9925469160,r,514
9925540208,r,514
9925899028,r,514
9931517124,r,514
9931567192,r,514
9933441162,r,514
9936385154,r,514
9936396121,r,514
9936444044,r,514
9942225217,r,514
9942284107,r,514
9942288160,r,514
9943853139,r,514
9943877220,r,514
9947207212,r,514
9947220087,r,514
9947501182,r,514
9948618173,s,514
9948762178,s,514
9949033021,r,514
9949128150,r,514
9949233055,r,514
9949341058,s,514
9949380159,r,514
9953680038,r,514
9953715085,r,514
9953843116,r,514
9965439081,r,514
10018478155,r,514
10018498182,r,514
10018570184,r,514
10023187160,r,514
10023227214,r,514
10023307085,r,514
10026993989,r,514
10027001142,r,514
10027124166,r,514
10029096126,r,514
10029224157,r,514
10029322147,r,514
10030435085,s,514
10031509161,s,514
10031695127,s,514
10033176183,r,514
10033400058,r,514
10033519029,r,514
10035313129,r,514
10035360097,r,514
10035364151,r,514
10035866022,r,514
10035996198,r,514
10036145210,r,514
10040313005,r,514
10040480136,r,514
10040652990,r,514
10040857076,r,514
10041288137,r,514
10041354179,r,514
10041599035,r,514
10041689157,r,514
10041738033,s,514
10041805028,r,514
10043676137,r,514
10044795036,r,514
10044800043,r,514
10044981002,r,514
10045915126,r,514
10046032190,r,514
10046183109,r,514
10046697139,s,514
10046878099,s,514
10050206184,r,514
10050211191,r,514
10050249099,r,514
10051651001,r,514
10051748991,r,514
10051807165,r,514
10053480148,r,514
10053604126,r,514
10053708076,r,514
10053805112,r,514
10054537057,s,514
10066384077,s,514
10141113042,r,514
10142887115,r,514
10142930030,r,514
10142933130,r,514
10142949104,r,514
10143024206,r,514
10144300222,r,514
10144303083,r,514
10144525051,r,514
10145630121,r,514
10145667076,r,514
10145971059,r,514
10147524118,r,514
10147638082,r,514
10147811174,r,514
10149216175,r,514
10149242162,r,514
10149401187,r,514
10149827003,r,514
10149931192,r,514
10150087118,r,514
10150794029,r,514
10150900125,r,514
10150998115,r,514
10152238130,r,514
10152242183,r,514
10153372049,r,514
10153451204,r,514
10153601169,r,514
10153855085,s,514
10154023170,s,514
10154588222,r,514
10154714107,r,514
10154837131,r,514
10154992103,r,514
10155115127,r,514
10155236005,r,514
10156298160,r,514
10156306028,r,514
10156435012,r,514
10156566143,r,514
10156828165,r,514
10157318115,r,514
10157345056,r,514
10157407999,r,514
10157432079,r,514
10157579183,r,514
10157744169,s,514
10162465095,r,514
10162488222,r,514
10162771225,r,514
10165127992,r,514
10165228128,r,514
10165300130,r,514
10170571088,s,514
10171153068,r,514
10188554048,r,514
10188598156,r,514
10188712120,r,514
10188814163,r,514
10188922166,r,514
10189735174,r,514
10189867019,r,514
10189904213,r,514
10190678119,r,514
10190766096,r,514
10190891027,r,514
10191089153,r,514
10192012071,r,514
10192159175,r,514
10192431211,r,514
10192451000,r,514
10192453146,r,514
10192600011,r,514
10192756176,r,514
10192891120,r,514
10192993164,r,514
10193588018,r,514
10193706989,r,514
10193814039,r,514
10194496154,s,514
10194660186,s,514
10195991039,r,514
10196410179,r,514
10196527004,r,514
10196644067,r,514
10196754217,r,514
10196874141,r,514
10198374033,r,514
10198436021,s,514
10198471069,r,514
10198589086,r,514
10199891090,r,514
10199895143,r,514
10200042009,r,514
10201502084,r,514
10201613187,r,514
10201766014,r,514
10207562208,r,514
10207578182,r,514
10207709074,s,514
10207763195,r,514
10208824157,r,514
10208900213,r,514
10209035158,r,514
10209293127,r,514
10209640026,r,514
10209763050,r,514
10209892034,s,514
10210256099,r,514
10210561990,r,514
10210702180,r,514
10210705995,r,514
10210827112,r,514
10210942030,r,514
10216091156,s,514
10220409154,s,514
10241798162,r,514
10244245052,r,514
10244391202,r,514
10244496107,r,514
10244538068,r,514
10246559143,r,514
10246663093,r,514
10246797084,s,514
10269623041,r,514
10272105217,r,514
10277534008,r,514
10305209159,r,514
10305795192,s,514
10320533990,s,514
10327058076,r,514
10327064037,r,514
10330018043,r,514
10330201149,r,514
10330263137,r,514
10331322193,r,514
10331501007,r,514
10331618070,r,514
10333811044,r,514
10334033012,r,514
10334065198,r,514
10335402011,r,514
10336076021,r,514
10336172103,r,514
10340656042,r,514
10341051101,r,514
10341197013,r,514
10341279029,r,514
10341407060,r,514
10341497182,r,514
10341560125,s,514
10342226028,r,514
10342310190,s,514
10343949079,r,514
10344050169,r,514
10344944000,r,514
10345207214,r,514
10345246076,r,514
10347917079,r,514
10347945213,r,514
10348065137,r,514
10349361181,r,514
10349463224,r,514
10349575042,r,514
10350293159,r,514
10350376129,r,514
10350502014,r,514
10356639146,r,514
10356847047,r,514
10356983184,r,514
10360310077,r,514
10360501050,r,514
10360585212,r,514
10367598056,s,514
10370326042,r,514
10370332002,r,514
10384283065,r,514
10389802217,r,514
10389854192,r,514
10472627162,r,514
10472653150,r,514
10472707033,r,514
10473574161,r,514
10474562168,r,514
10474589109,r,514
10476956129,r,514
10476963043,r,514
10477012157,r,514
10477014064,r,514
10477052211,r,514
10478610992,r,514
10478849172,r,514
10482108116,r,514
10482161998,r,514
10482487201,s,514
10502242088,r,514
10513185024,r,514
10513251066,r,514
10513382196,r,514
10518159151,r,514
10520888090,r,514
10520925998,r,514
10523579120,r,514
10523618221,r,514
10525497198,r,514
10525634050,r,514
10525703191,r,514
10527797222,r,514
10527904987,r,514
10528059005,r,514
10529643058,r,514
10529742002,r,514
10529875993,r,514
10533200025,r,514
10533299207,r,514
10533465147,r,514
10534946203,r,514
10535295009,r,514
10535299062,r,514
10537603139,s,514
10538988113,s,514
10539362192,r,514
10539735078,r,514
10539780139,r,514
10539988040,r,514
10540088176,r,514
10540206193,r,514
10541823148,r,514
10542314052,r,514
10542335033,r,514
10544806003,r,514
10544836998,r,514
10544999122,r,514
10547646045,s,514
10549514055,r,514
10549977064,r,514
10550004005,r,514
10550007104,r,514
10550135135,s,514
10617056131,r,514
10625463008,r,514
10647306203,r,514
10647322177,r,514
10648192167,r,514
10648433208,r,514
10648481130,r,514
10648665189,r,514
10648934125,r,514
10649021148,r,514
10649986028,r,514
10650230169,r,514
10650305032,r,514
10650627136,r,514
10650912046,r,514
10651095151,r,514
10652096033,r,514
10652419090,r,514
10652518987,r,514
10652760028,r,514
10652870178,r,514
10652984142,r,514
10653074026,s,514
10653343200,r,514
10653348207,r,514
10653463125,r,514
10653572082,r,514
10655295133,r,514
10655819177,r,514
10656544208,r,514
10657530069,r,514
10657719135,r,514
10657849073,r,514
10658014059,r,514
10658017158,r,514
10658149004,r,514
10658610105,r,514
10658728122,r,514
10658874988,r,514
10659569025,r,514
10659612178,s,514
10659705162,r,514
10659807205,r,514
10660102129,r,514
10660108089,r,514
10660196065,r,514
10660480022,r,514
10660590171,r,514
10660748004,r,514
10661119222,r,514
10661123991,r,514
10661316156,r,514
10672863006,r,514
10709431171,r,514
10709504127,r,514
10709776163,r,514
10720724105,r,514
10759240150,r,514
10809679031,r,514
10809691190,r,514
10814141988,r,514
10814273119,r,514
10814307212,r,514
10816428184,r,514
10816457033,r,514
10816567182,r,514
10817764997,r,514
10817893028,r,514
10818046093,r,514
10819442987,r,514
10819486141,r,514
10819488048,r,514
10822576046,r,514
10822691202,r,514
10822816133,r,514
10824858188,r,514
10824961185,r,514
10825095176,r,514
10825233221,r,514
10827628135,s,514
10827769994,s,514
10829533100,r,514
10829642057,r,514
10829765081,r,514
10832103014,r,514
10832145214,r,514
10832214117,r,514
10832331180,r,514
10836079120,r,514
10836203098,r,514
10836289167,r,514
10838643074,r,514
10844552993,r,514
10844598054,r,514
10844758987,r,514
10846352100,r,514
10846358060,r,514
10846538066,r,514
10847346067,r,514
10847567081,r,514
10847572088,r,514
10848664045,r,514
10848874092,r,514
10848897218,r,514
10851149082,r,514
10851322174,r,514
10851425170,r,514
10853592157,r,514
10853596210,r,514
10853849172,r,514
10854058027,r,514
10854205131,r,514
10854210138,r,514
10854452133,s,514
10854825019,s,514
10856053113,r,514
10856178045,r,514
10856202125,r,514
10857585191,r,514
10857680082,s,514
10857745170,r,514
10857869148,r,514
10859877109,r,514
10859980106,r,514
10860104084,r,514
10863780021,r,514
10863803148,r,514
10863965034,r,514
10865053176,r,514
10866212129,r,514
10866329193,r,514
10866997003,r,514
10867170095,r,514
10867258071,r,514
10871401071,r,514
10876702070,r,514
10876905202,r,514
10876909017,r,514
10896833181,r,514
10896842002,r,514
10956416130,r,514
10956435203,r,514
10956636190,r,514
10957293033,r,514
10957380056,r,514
10957467079,s,514
10957527160,r,514
10961106061,r,514
10961246013,r,514
10961457014,r,514
10962145090,r,514
10962218046,r,514
10962290048,r,514
10964168071,r,514
10964307069,r,514
10964412212,r,514
10965386152,r,514
10965603113,r,514
10965781211,r,514
10966572046,r,514
10966672182,s,514
10966728210,r,514
10966814041,r,514
10966965198,r,514
10967032194,s,514
10967238187,r,514
10967349052,r,514
10967647075,r,514
10969121217,r,514
10969216108,r,514
10970313072,r,514
10970442056,r,514
10970708131,r,514
10970748186,r,514
10970951080,r,514
10971054077,r,514
10971209049,r,514
10971362114,r,514
10971479177,r,514
10973753213,r,514
10976377010,r,514
10976401090,r,514
10976547002,r,514
10978021144,r,514
10978036165,r,514
10978141069,s,514
10978263139,r,514
10978857994,r,514
10978896141,r,514
10979044199,r,514
10981161117,r,514
10981240034,r,514
10981384038,r,514
10983209133,r,514
10983329057,r,514
10983438015,r,514
10983858108,r,514
10984012126,r,514
10984134197,r,514
10996407032,r,514
10996452093,r,514
10996630191,r,514
11007712125,s,514
11007804155,s,514
11016988992,r,514
11016997098,r,514
11022948026,r,514
11030637025,s,514
11096132993,r,514
11132840156,r,514
11132902145,r,514
11135010004,r,514
11135166168,r,514
11135421991,r,514
11137222051,r,514
11138277053,s,514
11138334035,r,514
11141306161,r,514
11141337156,r,514
11141424179,r,514
11141977071,r,514
11142065048,r,514
11142208099,r,514
11143498182,r,514
11143615007,r,514
11143679142,r,514
11144443988,r,514
11148033142,r,514
11148220062,r,514
11148287057,r,514
11148422002,s,514
11152249097,r,514
11152527093,r,514
11152572155,r,514
11152725219,r,514
11152860164,r,514
11152987003,r,514
11155366182,s,514
11160465002,r,514
11160481214,r,514
11160541057,r,514
11160665035,s,514
11178633213,r,514
11178730011,r,514
11178784132,r,514
11179885149,r,514
11180024147,r,514
11180305004,r,514
11180944204,r,514
11181018114,r,514
11181107044,s,514
11181155204,r,514
11183132171,r,514
11183194160,r,514
11183337211,r,514
11184967041,r,514
11185088157,r,514
11185233116,r,514
11187011003,r,514
11187127113,r,514
11187249183,r,514
11187921047,r,514
11187927007,r,514
11187970161,r,514
11188041210,s,514
11189990043,r,514
11190218210,r,514
11190244197,r,514
11191772222,r,514
11191907167,r,514
11192033052,r,514
11192732095,r,514
11192737102,r,514
11193122148,r,514
11193126201,r,514
11193272113,r,514
11193374157,r,514
11193558216,r,514
11193661212,r,514
11193771123,r,514
11194061040,r,514
11195371151,r,514
11195448160,r,514
11196195125,r,514
11196377992,r,514
11196507215,r,514
11197029113,r,514
11197181224,r,514
11197307109,r,514
11200547218,s,514
11201847076,s,514
11202326059,s,514
11202505111,s,514
11206357002,r,514
11207532167,r,514
11208492040,r,514
11211313009,r,514
11211393117,r,514
11229757070,r,514
11229924202,r,514
11230024099,s,514
11266984224,r,514
11267000198,r,514
11267047166,r,514
11268931150,r,514
11269014120,r,514
11269221067,r,514
11269676208,r,514
11269737005,r,514
11269878149,r,514
11270863056,r,514
11270992040,r,514
11271073103,r,514
11272644043,r,514
11272738218,r,514
11272880077,r,514
11272951126,s,514
11273627996,r,514
11273741006,r,514
11273766040,r,514
11274453163,r,514
11276559114,r,514
11276648998,r,514
11276769161,r,514
11277446031,r,514
11277580022,r,514
11277695179,r,514
11278021097,r,514
11278194189,r,514
11278276205,r,514
11278414011,s,514
11280716180,r,514
11280795097,r,514
11280922174,s,514
11281033039,r,514
11281240224,r,514
11281387090,r,514
11281391143,r,514
11283212184,r,514
11283321142,r,514
11283444166,r,514
11283524036,r,514
11283690214,r,514
11283930063,r,514
11284475088,r,514
11284800052,r,514
11284839153,r,514
11284917116,r,514
11286226987,r,514
11286330223,r,514
11286436080,s,514
11288410186,r,514
11288527011,r,514
11288683176,r,514
11289403200,r,514
11289595127,r,514
11289722204,r,514
11291227102,r,514
11291500091,r,514
11291604995,r,514
11294714212,r,514
11320809125,r,514
11326937198,s,514
11363886117,r,514
11363902092,r,514
11364621162,r,514
11364894151,r,514
11364937067,r,514
11369172096,r,514
11369215011,r,514
11369299173,r,514
11374408006,s,514
11396740198,r,514
11433366060,r,514
11511962175,r,514
11517559051,r,514
11523600101,r,514
11523666143,r,514
11523809194,s,514
11540374040,r,514
11540391206,r,514
11541467189,r,514
11541698217,r,514
11541743993,r,514
11543486118,r,514
11543617010,r,514
11543742179,r,514
11545814037,r,514
11550265073,s,514
11551392078,r,514
11551478147,r,514
11555840015,r,514
11580286026,r,514
11580322027,r,514
11580435037,r,514
11582372188,r,514
11582376003,r,514
11582604169,r,514
11583433151,r,514
11583472013,r,514
11583475112,r,514
11586829185,r,514
11587025165,r,514
11587048053,r,514
11587105989,s,514
11588946104,r,514
11589352130,r,514
11589509010,r,514
11594078064,r,514
11594258070,r,514
11594262123,r,514
11594830036,r,514
11594912052,r,514
11595065116,r,514
11595157146,r,514
11595312118,r,514
11595404148,r,514
11598105192,r,514
11598252058,r,514
11598376035,r,514
11600360155,s,514
11600816011,r,514
11600925207,r,514
11601075172,r,514
11604525089,r,514
11604867219,r,514
11605020046,r,514
11605149030,r,514
11605253219,r,514
11605557203,r,514
11605561018,r,514
11610251188,r,514
11610257148,r,514
11610516071,r,514
11610521078,r,514
11610638141,r,514
11614565134,r,514
11614981174,r,514
11614984989,r,514
11615157127,r,514
11615345001,r,514
11615374088,r,514
11615555048,r,514
11618231058,s,514
11620570182,r,514
11635966062,r,514
11636133194,r,514
11636138200,r,514
11658263206,r,514
11678777217,r,514
11678816080,r,514
11679777145,r,514
11680080175,r,514
11680086135,r,514
11681400060,r,514
11681793212,r,514
11681927204,r,514
11683090210,r,514
11683286190,r,514
11683421134,r,514
11687704086,s,514
11694010019,r,514
11694096088,r,514
11694227218,r,514
11697829008,r,514
11697908163,r,514
11770570993,r,514
11820733070,s,514
11820996046,s,514
11887796163,r,514
11891026020,r,514
11891463041,r,514
11891509056,r,514
11892213106,r,514
11892300128,r,514
11892461061,r,514
11892788171,r,514
11892827034,r,514
11892935037,r,514
11893655061,r,514
11893659114,r,514
11893724203,r,514
11894967079,r,514
11895117044,s,514
11895153999,r,514
11896237134,r,514
11896284103,r,514
11896287202,r,514
11897191047,r,514
11897320032,r,514
11897426128,r,514
11897586107,r,514
11897710084,r,514
11897908210,r,514
11898005008,r,514
11898159027,r,514
11898317098,r,514
11899529218,r,514
11899806022,r,514
11900225162,r,514
11901180028,r,514
11901278019,r,514
11901393175,r,514
11901496172,r,514
11901626110,r,514
11901755094,r,514
11902276039,r,514
11902409076,r,514
11902542114,r,514
11902653217,s,514
11903466224,r,514
11904163122,r,514
11904291153,r,514
11904398202,r,514
11904590129,r,514
11904594183,r,514
11904825210,r,514
11905416011,r,514
11905556201,r,514
11906061172,r,514
11906149148,s,514
11906287193,r,514
11906431198,r,514
11906651020,r,514
11907025098,r,514
11907163143,r,514
11907503128,r,514
11907543182,r,514
11907546043,r,514
11907855987,r,514
11907976150,r,514
11908076047,r,514
11918688058,r,514
11918720006,r,514
11918876171,r,514
11922230005,r,514
11924772024,r,514
11924813032,r,514
11924981117,r,514
11926214218,r,514
11926795005,r,514
11927565097,r,514
11928363084,r,514
11928467989,s,514
11928649187,r,514
11928662061,r,514
11929156065,r,514
11929160118,r,514
11929280042,r,514
11929359197,r,514
11931817054,r,514
11936921119,r,514
11936946153,r,514
11937137126,r,514
11946911096,r,514
11946921110,r,514
11950408220,s,514
11977497100,r,514
11977514028,r,514
11977569103,r,514
11981803178,r,514
12000199079,r,514
12034370183,r,514
12039858102,r,514
12039865016,r,514
12042487144,s,514
12042551994,s,514
12042600154,s,514
12112459182,r,514
12205917120,r,514
12205934047,r,514
12207087039,r,514
12207284212,r,514
12207380056,r,514
12207749128,r,514
12209028005,r,514
12209041118,r,514
12209089994,r,514
12209092140,r,514
12209128141,r,514
12210361003,r,514
12210424184,s,514
12210840225,r,514
12210961103,r,514
12213410139,r,514
12213417053,r,514
12213616132,r,514
12214174032,r,514
12214305162,r,514
12214434146,r,514
12215072155,r,514
12215188026,r,514
12215345144,r,514
12215600013,r,514
12216411113,r,514
12216542005,r,514
12216660022,r,514
12218350172,s,514
12218548059,s,514
12224604129,r,514
12229395151,r,514
12229533195,r,514
12229640007,r,514
12229737997,r,514
12229838132,r,514
12230082035,r,514
12230217218,r,514
12230255127,r,514
12230318069,r,514
12230822086,r,514
12230827093,r,514
12231032133,r,514
12231140136,r,514
12231231212,r,514
12231463193,r,514
12231489181,r,514
12231570005,s,514
12231630086,r,514
12231633186,r,514
12231859207,r,514
12231864213,r,514
12232078075,r,514
12232495069,r,514
12232606172,r,514
12232699155,r,514
12232827186,r,514
12232980012,r,514
12233087062,r,514
12235879182,r,514
12236101150,r,514
12236105203,r,514
12238926172,s,514
12239487171,r,514
12293480157,s,514
12293960094,s,514
12294216156,s,514
12323508024,r,514
12323523998,r,514
12323580026,r,514
12324823141,r,514
12324954032,r,514
12325052022,r,514
12327542066,r,514
12327665090,r,514
12327764034,r,514
12336660146,r,514
12449977159,r,514
12601802110,r,514
12640973091,r,514
12650319099,r,514
12650348186,r,514
12651235103,r,514
12651507139,r,514
12651559114,r,514
12654669046,r,514
12654905080,r,514
12654985189,r,514
12655086040,r,514
12655144214,r,514
12655381202,r,514
12655771017,r,514
12660495996,s,514
12666392087,r,514
12727766990,s,514
12728327989,s,514
12728576183,s,514
12753324031,r,514
12821834087,s,514
12822103023,s,514
12883535146,r,514
12936424017,s,514
12951400041,r,514
12951424121,r,514
12951472044,r,514
12965151071,r,514
12965293169,r,514
12965347051,r,514
12967230081,r,514
12967236042,r,514
12967414140,r,514
12968414068,r,514
12968540191,r,514
12968618154,s,514
12968775987,r,514
12970378160,r,514
12970506191,r,514
12970623016,r,514
12972392082,r,514
12972541093,s,514
12973298072,r,514
12973416090,r,514
12980115175,r,514
12980326175,r,514
12980355024,r,514
12980645179,r,514
12980773210,r,514
12980925083,r,514
12984167099,r,514
12995751142,r,514
13206898212,r,514
13207108020,r,514
13207288026,r,514
13207398176,s,514
13212772131,r,514
13212778091,r,514
13213099002,r,514
13234399080,r,514
13280959129,r,514
13280978202,r,514
13281217098,r,514
13283245086,r,514
13283463001,r,514
13283467054,r,514
13286734104,r,514
13286738157,r,514
13286781072,r,514
13286945104,r,514
13286966085,r,514
13287059068,r,514
13287250042,s,514
13291040182,r,514
13291340112,r,514
13291525125,r,514
13291782140,r,514
13291812181,r,514
13291905164,r,514
13292688131,s,514
13294643163,r,514
13294815063,r,514
13294923067,r,514
13295107126,r,514
13295306205,r,514
13295402050,r,514
13295570135,r,514
13297816991,r,514
13297847032,r,514
13300456047,r,514
13300517082,r,514
13300646066,r,514
13301386117,s,514
13308235168,s,514
13308515071,s,514
13308569192,s,514
13314954996,r,514
13315068006,r,514
13319305181,r,514
13471402168,r,514
13607144117,r,514
13611096143,r,514
13611147165,r,514
13611152172,r,514
13612353086,r,514
13612515211,r,514
13612605094,r,514
13612725019,r,514
13612768173,r,514
13723555088,r,514
13732353210,s,514
13732583999,s,514
13945103168,s,514
13994072198,r,514
14347444057,r,514
14435569047,r,514
14459605217,r,514
14571700096,r,514
14782491207,r,514
14791324138,s,514
14793907165,s,514
14814973115,r,514
14814989090,r,514
14816774129,r,514
14816980123,r,514
14817017078,r,514
14819586038,r,514
14819756031,r,514
14819837093,r,514
14842259168,r,514
14842424154,r,514
14842478036,r,514
14843701124,r,514
14843811988,s,514
14845565080,r,514
14847791194,r,514
14847835063,r,514
14850980997,s,514
14851031065,s,514
14851076126,s,514
14851189136,s,514
14851387023,s,514
14851428031,s,514
14851469993,s,514
14851620197,s,514
14858496189,s,514
14858724117,s,514
14873185157,r,514
14895798206,r,514
15120712041,r,514
15277767181,r,514
15327548027,r,514
15347575187,s,514
15351876020,s,514
15352101087,s,514
15377099037,r,514
15386699199,r,514
15389618158,r,514
15391258001,s,514
15503874063,r,514
15631314039,r,514
15631375074,r,514
15655644178,r,514
15689002990,s,514
15767750024,r,514
15923714160,r,514
16075802087,r,514
16156121015,r,514
16156151056,r,514
16156191110,r,514
16163057088,s,514
16163107156,s,514
16185100078,r,514
16199635028,s,514
16220454216,s,514
16250476121,s,514
16253432989,s,514
16253612995,s,514
16253993034,s,514
16254061222,s,514
16267462015,r,514
16442281007,r,514
16449233055,r,514
16449320077,r,514
16449406147,r,514
16462068080,r,514
16462381124,s,514
16462669134,s,514
16469524145,r,514
16490922212,s,514
16491213083,s,514
16558070182,s,514
16558365106,s,514
16558616161,s,514
16558864116,s,514
16559084176,s,514
16559265136,s,514
16561334133,r,514
16598206996,s,514
16598532199,s,514
16625952005,s,514
16626550197,s,514
16626771211,s,514
16640792131,s,514
16641067027,s,514
16654320001,s,514
16654567003,s,514
16665842056,s,514
16666095018,s,514
16755727052,r,514
16756011009,r,514
16756062030,r,514
16785282135,r,514
16868357181,r,514
16948018074,s,514
16948289156,s,514
17058011055,r,514
17170299053,r,514
17173476219,s,514
17173753023,s,514
17173798084,s,514
17316992998,r,514
17317517995,r,514
17320289135,r,514
17342113018,r,514
17374209165,r,514
17429614067,r,514
17450795173,s,514
17451045036,s,514
17516036033,r,514
17516052007,r,514
17525116205,r,514
17529833078,r,514
17529891014,r,514
17541739225,r,514
17549394130,s,514
17918270111,r,514
17980046987,s,514
17980352163,s,514
18031014204,r,514
18043050050,s,514
18043308019,s,514
18156751155,r,514
18157123088,s,514
18308750152,r,514
18420813083,r,514
18432785034,r,514
18432842016,r,514
18463140010,r,514
18463206052,r,514
18463237047,r,514
18467274189,r,514
18470344066,s,514
18532839059,r,514
18685880184,r,514
18798012018,r,514
18879450082,r,514
18879465103,r,514
18879618167,r,514
18885825157,r,514
18898796081,r,514
18907297134,r,514
18907399177,r,514
18910250186,r,514
18999829053,s,514
18999937057,s,514
19022464990,r,514
19033601045,s,514
19040511131,s,514
19124812126,r,514
19135398149,r,514
19197521209,r,514
19247519016,r,514
19330440998,r,514
19330457210,r,514
19343272209,r,514
19350787162,s,514
19354029178,r,514
19359528064,r,514
19360762119,s,514
19360809087,s,514
19360854148,s,514
19364841222,r,514
19364896059,r,514
19365873098,r,514
19366216182,r,514
19366304159,r,514
19368538141,r,514
19368882179,r,514
19369016170,r,514
19369338035,r,514
19369624137,r,514
19369645118,r,514
19369817018,r,514
19369975090,r,514
19370068073,r,514
19381478071,r,514
19381484031,r,514
19391247987,s,514
19392062187,s,514
19471861124,r,514
19576195001,r,514
19576211214,r,514
19576261997,r,514
19577013015,r,514
19577164173,r,514
19577328205,r,514
19579291105,r,514
19579559087,r,514
19579564094,r,514
19583767175,r,514
19589101076,r,514
19589240074,r,514
19589390039,r,514
19589481115,r,514
19592214107,s,514
19592662096,r,514
19592668056,r,514
19592777013,r,514
19595518112,r,514
19595647096,r,514
19595740079,r,514
19598156213,r,514
19598288059,r,514
19598321199,r,514
19600005149,s,514
19660447120,s,514
19667439222,r,514
19693029165,r,514
19693086147,r,514
19693091154,r,514
19693514108,s,514
19694001197,s,514
19694293022,s,514
19701304197,r,514
19708254098,r,514
19708307027,r,514
19722840070,r,514
19722989082,r,514
19722993135,r,514
19763689994,r,514
19792049169,r,514
19792114019,r,514
19796427011,r,514
19797280073,s,514
19813784122,r,514
19860727071,s,514
19861013174,s,514
19897524118,r,514
19897541046,r,514
19898560047,r,514
19898895025,r,514
19898941993,r,514
19899289131,r,514
19899438142,r,514
19899442195,r,514
19901912212,r,514
19902117013,r,514
19902272224,r,514
19902350187,r,514
19902497053,r,514
19902613163,r,514
19906453132,s,514
19906576156,s,514
19913260221,r,514
19913279056,r,514
19917818069,r,514
19917919158,r,514
19918048143,r,514
19926047086,r,514
19931172132,r,514
19931479215,r,514
19931522131,r,514
19943279027,r,514
19943322181,r,514
19976252079,r,514
20038283109,r,514
20047793149,s,514
20120178222,s,514
20120489120,s,514
20120536088,s,514
20366778135,r,514
20367048025,r,514
20367138147,r,514
20385292053,r,514
20389543056,r,514
20389550209,r,514
20395044088,r,514
20395148038,r,514
20395258188,s,514
20395303010,r,514
20420590162,r,514
20479221105,r,514
20488741159,s,514
20554512023,r,514
20657168149,r,514
20657230138,r,514
20671507120,r,514
20676077127,r,514
20676613092,r,514
20676666021,r,514
20695061206,r,514
20695109129,r,514
20695272207,s,514
20705829143,r,514
20705838203,r,514
20788385152,r,514
20788914203,r,514
20818563222,s,514
20905479192,r,514
21054345130,r,514
21239787101,r,514
21339351177,r,514
21340261220,r,514
21356739997,r,514
21473708152,r,514
21740249157,r,514
21757559061,s,514
21758005142,s,514
21789291143,r,514
21930782079,r,514
22042803049,r,514
22145923137,r,514
22155691146,r,514
22194468021,s,514
22197578191,s,514
22540428161,r,514
22671328067,s,514
22720021009,r,514
22720305204,r,514
22720358133,r,514
22726655006,r,514
22726719141,r,514
22726918220,s,514
22726980209,r,514
22730166196,r,514
22730331182,r,514
22730334997,r,514
22784242153,r,514
22832709074,r,514
22832759141,r,514
22832779169,r,514
22832856178,r,514
22838817119,r,514
22852261066,r,514
22852320194,r,514
22861043214,r,514
22861666202,r,514
22861894130,r,514
22877674102,r,514
22877704143,r,514
22877775192,r,514
22952095031,r,514
23039230108,r,514
23039290189,r,514
23057608127,s,514
23057942152,s,514
23070510149,r,514
23070942163,r,514
23071068048,r,514
23073156118,r,514
23073362112,r,514
23073365211,r,514
23074712991,r,514
23074806213,r,514
23074942112,r,514
23102722168,r,514
23104302167,s,514
23128116130,s,514
23128449201,s,514
23156140089,r,514
23183440208,r,514
23340660095,r,514
23540707111,r,514
23838992118,r,514
24240590095,r,514
24240670204,r,514
24240712165,r,514
24346221208,r,514
24357374191,r,514
24474377155,r,514
24818232059,s,514
24818417072,s,514
24839090108,r,514
24839117050,r,514
24880237102,r,514
24880284071,r,514
24955887079,r,514
25038629055,r,514
25038664102,r,514
25072626113,r,514
25164827108,r,514
25239293098,r,514
25242377042,s,514
25242972135,s,514
25356309175,r,514
25433996200,r,514
25565543174,s,514
25572579145,s,514
25572642087,s,514
25573067188,s,514
25573286056,s,514
25577925205,s,514
25578145027,s,514
25578213214,s,514
25640179157,r,514
25752350091,r,514
25752750158,s,514
25785327196,s,514
25792860031,s,514
25793195009,s,514
25814911127,s,514
25938030004,r,514
26184428215,r,514
26185114145,r,514
26185167074,r,514
26197860002,r,514
26202531099,r,514
26202538013,r,514
26213760137,r,514
26214076995,r,514
26214145183,r,514
26220339059,s,514
26228732109,r,514
26231443166,s,514
26242063045,r,514
26297658205,r,514
26297688007,r,514
26359363079,r,514
26359431028,r,514
26409757137,s,514
26537328004,r,514
26539931058,s,514
26540307045,s,514
26540363073,s,514
26611093044,r,514
26611188173,r,514
26611787080,r,514
26639414072,r,514
26639472007,r,514
26642316103,r,514
26654215097,r,514
26724235057,r,514
26738186121,r,514
26738252162,r,514
26738296032,r,514
26738333225,r,514
26738634109,r,514
26738685131,r,514
26738778114,r,514
26738814115,r,514
26738849163,r,514
26750706195,s,514
26750981092,s,514
26773987054,r,514
26837132215,r,514
26855448007,r,514
26855458021,r,514
26855554103,r,514
26855557203,r,514
26855593204,r,514
26890897989,r,514
26964353084,s,514
26964625120,s,514
26964671134,s,514
27007638216,s,514
27037722110,r,514
27064081192,r,514
27137683153,r,514
27137706995,r,514
27180890083,r,514
27187628030,s,514
27337763071,r,514
27454665184,r,514
27568178176,r,514
27568197011,r,514
27568261146,r,514
27571405172,r,514
27585043191,s,514
27588570118,s,514
27649352073,r,514
27657215118,s,514
27657927036,s,514
27688409090,r,514
27701091051,s,514
27701340198,s,514
27937251091,r,514
27937266111,r,514
27937328100,r,514
28002660989,s,514
28338296175,r,514
28537835121,r,514
28537911176,r,514
28537957191,r,514
28538484096,r,514
28538507223,r,514
28538813114,r,514
28575935125,r,514
28575993061,r,514
28576012134,r,514
28638387203,r,514
28654787063,r,514
28657026052,r,514
28658400058,s,514
28739710092,r,514
28740481138,r,514
28749678134,s,514
28749905109,s,514
28771565198,r,514
28777979135,s,514
28778325080,s,514
28778575182,s,514
28778787136,s,514
28848994016,r,514
28849014997,r,514
28849238157,s,514
28849623203,s,514
28849692106,s,514
28849885225,s,514
28895754098,r,514
28899713039,r,514
28900146007,r,514
28900223016,r,514
28900227069,r,514
28900265216,r,514
28900268077,r,514
28900339126,r,514
28900842189,r,514
28900846004,r,514
28907799005,s,514
28915697097,r,514
28919388055,s,514
28920349121,r,514
28920443058,r,514
28928385019,r,514
28928441047,r,514
28928460121,r,514
28935115099,r,514
28938614130,r,514
28938620090,r,514
28938660144,r,514
28947588205,s,514
29011626005,r,514
29011638164,r,514
29011687994,r,514
29012048006,r,514
29012085199,r,514
29012775182,r,514
29012895107,r,514
29012934207,r,514
29013069152,s,514
29017459154,r,514
29092724084,s,514
29097613096,s,514
29097672224,s,514
29281664133,r,514
29437324047,r,514
29437383174,r,514
29506674051,s,514
29506975174,s,514
29636536121,r,514
29659920215,r,514
29659997224,r,514
29660043001,r,514
29660079002,r,514
29660283088,r,514
29660324096,r,514
29660359144,r,514
29660501003,s,514
29660548210,r,514
29660550117,r,514
29660892009,r,514
29660897016,r,514
29660939216,r,514
29661081075,r,514
29661123037,r,514
29661248207,r,514
29661288023,r,514
29661379098,r,514
29661400079,r,514
29661403179,r,514
29661419153,r,514
29661696195,s,514
29753428220,r,514
29753657102,r,514
29753700017,r,514
29753703117,r,514
29753730058,r,514
29753733158,r,514
29753759145,r,514
29753762006,r,514
29775523185,r,514
29776864051,r,514
29776943206,r,514
29776955127,r,514
29777004003,r,514
29777007103,r,514
29777043104,r,514
29777249097,s,514
29870701074,r,514
29987624168,r,514
30007553100,s,514
30036801099,r,514
30144507169,r,514
30261565208,r,514
30281522989,r,514
30362433195,r,514
30362485170,r,514
30378574132,r,514
30378762006,s,514
30495587110,r,514
30607969045,s,514
30608264207,s,514
30627709150,s,514
30637828111,r,514
30637951135,r,514
30637998104,r,514
30638041019,r,514
30638097047,r,514
30638172149,r,514
30638213157,r,514
30638248205,r,514
30638283014,r,514
30638522148,r,514
30638561010,r,514
30638595104,r,514
30639126062,r,514
30639166116,r,514
30639204025,r,514
30639317035,r,514
30657749176,r,514
30672286033,s,514
30672589063,s,514
30672996997,s,514
30673206090,s,514
30673250198,s,514
30702233076,r,514
30724970102,s,514
30725344181,s,514
30730217218,s,514
30730536222,s,514
30740536212,r,514
30740561008,r,514
30842481136,r,514
30842643022,s,514
31068372011,r,514
31068413019,r,514
31068471193,r,514
31114538192,r,514
31149549007,r,514
31149617195,r,514
31149664163,r,514
31158179998,s,514
31158774137,s,514
31159137010,r,514
31159143209,r,514
31159189224,r,514
31159488201,r,514
31159532070,r,514
31181285142,r,514
31181346178,r,514
31181351184,r,514
31185317993,r,514
31193716049,s,514
31194269180,s,514
31194532156,s,514
31203283071,r,514
31203294038,r,514
31203613042,r,514
31203617095,r,514
31203656196,r,514
31203719139,r,514
31203747987,r,514
31203943014,r,514
31203947067,r,514
31204272031,s,514
31240256071,r,514
31240284204,r,514
31240324020,r,514
31248342037,r,514
31255642175,s,514
31293364048,r,514
31293378114,r,514
31293431043,r,514
31311684131,r,514
31335949182,r,514
31409880161,r,514
31409895181,r,514
31409960031,r,514
31452975988,r,514
31460240125,s,514
31460884094,s,514
31537269115,r,514
31578049182,r,514
31641844034,r,514
31660556078,s,514
31694602012,r,514
31738604068,r,514
31738615036,r,514
31739397049,r,514
31775412082,r,514
31784201145,s,514
31789461135,s,514
31811658144,r,514
31821188211,s,514
31867568016,r,514
31939342021,r,514
32056396007,r,514
32123745203,s,514
32124019146,s,514
32124064207,s,514
32238687992,r,514
32286783218,r,514
32338437080,r,514
32338451147,r,514
32339999198,r,514
32360192060,r,514
32437451124,r,514
32437469005,r,514
32459585189,r,514
32459937095,r,514
32459961175,r,514
32470232009,r,514
32476855993,r,514
32477106094,r,514
32482683181,r,514
32482728004,r,514
32488211154,r,514
32488509178,r,514
32510506153,r,514
32572281122,r,514
32572352170,r,514
32572390079,r,514
32572425127,r,514
32583129167,r,514
32583171129,r,514
32583175182,r,514
32583192110,r,514
32587436199,s,514
32589212179,r,514
32589329004,r,514
32595005035,r,514
32595010042,r,514
32595162153,r,514
32595259189,r,514
32607571125,s,514
32609233140,r,514
32634271144,r,514
32690685033,r,514
32690702199,r,514
32751031160,r,514
32781200170,r,514
32867974996,r,514
33035614013,r,514
33139686107,r,514
33152446031,r,514
33437624216,r,514
33482361078,r,514
33482506990,s,514
33500459194,s,514
33597830057,s,514
33619142055,s,514
34045123100,r,514
34045142173,r,514
34045834064,r,514
34049074173,s,514
34049316167,s,514
34051776170,r,514
34051782131,r,514
34051825046,r,514
34051886081,r,514
34051914215,r,514
34051970005,r,514
34137595176,r,514
34137622118,r,514
34138605117,r,514
34156769037,r,514
34156839132,r,514
34156844139,r,514
34156887054,r,514
34157050132,s,514
34164324045,r,514
34164330005,r,514
34164383172,r,514
34164386034,r,514
34164422035,r,514
34164426088,r,514
34164559125,r,514
34164562225,r,514
34164710998,r,514
34164715051,r,514
34164716005,r,514
34166180133,r,514
34238579034,r,514
34238600015,r,514
34238641023,r,514
34238745212,r,514
34277841091,r,514
34283197164,r,514
34463454008,r,514
34463472127,r,514
34938740015,r,514
34938809156,r,514
34947683095,s,514
35091116190,s,514
35111600160,s,514
35111680030,s,514
35258560180,r,514
35370788097,r,514
35738620042,r,514
35738639116,r,514
35837917089,r,514
35837933063,r,514
35855564117,r,514
35938055992,r,514
35938118219,r,514
36012199163,r,514
36012381076,s,514
36017461061,s,514
36021620035,s,514
36129263162,r,514
36303127050,r,514
36415235042,r,514
36610514164,s,514
36637623071,s,514
36939395189,r,514
36939464092,r,514
36939501047,r,514
36969452142,r,514
36969519138,r,514
36969565153,r,514
37050993204,r,514
37056465148,r,514
37138707160,r,514
37138783216,r,514
37138823032,r,514
37138858079,r,514
37139050006,r,514
37139092207,r,514
37139127016,r,514
37139248132,s,514
37139293193,r,514
37139296054,r,514
37139461994,r,514
37139524221,r,514
37173526048,r,514
37200235128,r,514
37239449024,r,514
37239468097,r,514
37239812135,r,514
37245194196,r,514
37245213031,r,514
37246917009,r,514
37255658149,r,514
37255674123,r,514
37255739212,r,514
37255741119,r,514
37255787134,r,514
37255791187,r,514
37255792141,r,514
37255793094,r,514
37255963087,r,514
37255968093,r,514
37255969047,r,514
37256039142,r,514
37256041050,r,514
37256041050,r,514
37256181001,r,514
37256307125,s,514
37256475210,s,514
37256691217,r,514
37256695032,r,514
37338970184,r,514
37338987112,r,514
37339042186,r,514
37339045047,r,514
37339089155,r,514
37341972112,r,514
37344828128,r,514
37344871044,r,514
37344956159,s,514
37356713056,r,514
37356721162,r,514
37356774091,r,514
37356777191,r,514
37357112169,r,514
37357117176,r,514
38107227087,s,514
38118387222,s,514
38118463993,s,514
38841609001,r,514
38971029996,r,514
39039373159,r,514
39084842205,r,514
39620846033,s,514
39680607080,r,514
40038573026,r,514
40038694143,r,514
40038731098,r,514
40038766145,r,514
40038799047,r,514
40038833141,r,514
40038866996,r,514
40038901090,r,514
40038936138,r,514
40079783201,r,514
40138370990,r,514
40155729055,r,514
40155814170,r,514
40155897140,r,514
40155935049,r,514
40155973196,r,514
40156018018,r,514
40156062126,r,514
40156064987,r,514
40156067132,r,514
40156068086,r,514
40156069040,r,514
40156072139,r,514
40156191110,r,514
40156193018,r,514
40156336069,r,514
40156462192,s,514
40156497001,r,514
40156499147,r,514
40156500101,r,514
40156659126,s,514
40191995143,r,514
40255556106,r,514
40255573988,r,514
40272804021,r,514
40272829055,r,514
40272886037,r,514
40272889137,r,514
40272935152,r,514
40272939205,r,514
40272985220,r,514
40272988081,r,514
40272989034,r,514
40272991180,r,514
40273081064,r,514
40273083210,r,514
40273203134,r,514
40273207187,r,514
40273335218,r,514
40273338079,r,514
40273339033,r,514
40273411989,r,514
40273414135,r,514
40273546218,r,514
40273550033,r,514
40273550987,r,514
40273641109,r,514
40273643016,r,514
40273644208,r,514
40273669004,s,514
40273769140,r,514
40273771047,r,514
40273772001,r,514
40273885011,r,514
40273888111,r,514
40273890018,r,514
40273991107,r,514
40274003028,r,514
40274281024,s,514
40274561166,s,514
40675409078,r,514
40846406221,r,514
40860712051,s,514
41071763038,r,514
41184084177,r,514
41341243028,r,514
41341338157,r,514
41341387033,r,514
41453752994,r,514
41454710006,s,514
41458405017,s,514
41617626190,s,514
41932107210,r,514
41937039136,r,514
41963181018,r,514
41963187217,r,514
41963298082,s,514
41963649034,r,514
42049936056,r,514
42621255159,s,514
42669300079,r,514
42782462120,r,514
42841094017,r,514
43038349151,r,514
43038466215,r,514
43038567066,r,514
43078408002,r,514
43078514099,r,514
43078551054,r,514
43155472993,r,514
45454188108,r,514
