0,s,514
176269054,r,514
3821089029,s,514
3972115993,r,514
3974971055,s,514
5471107006,r,514
5471122980,r,514
5471177101,r,514
5471312999,r,514
5471354007,r,514
5471355915,r,514
5471513032,s,514
5482186079,r,514
5482199907,r,514
5482280015,r,514
5482283115,r,514
5511682033,s,514
5550251960,s,514
5550673007,s,514
5599256992,r,514
5599277019,r,514
5599344015,r,514
5599347114,r,514
5599419116,r,514
5599422931,r,514
5599468946,r,514
5610128879,r,514
5610171079,r,514
5610173940,r,514
5610191106,r,514
5610193014,r,514
5619796037,s,514
5650043010,r,514
5650063991,r,514
5727428913,r,514
5727447032,r,514
5727509021,r,514
5800162076,s,514
5855420112,r,514
5859755992,s,514
5881891012,s,514
5919655084,s,514
5919929981,s,514
5920438051,s,514
5933444023,s,514
6009680986,s,514
6009779930,s,514
6016321897,r,514
6019639968,s,514
6029736995,s,514
6029788017,s,514
6029859066,s,514
6029990911,s,514
6075187921,r,514
6075210094,r,514
6076086044,r,514
6076091051,r,514
6076129913,r,514
6090579032,r,514
6090646982,r,514
6090651035,r,514
6101176023,r,514
6101191043,r,514
6101245880,r,514
6101536989,s,514
6106908082,r,514
6106913089,r,514
6106956005,r,514
6116791009,r,514
6117027997,s,514
6158605098,r,514
6158617019,r,514
6203466892,r,514
6203485965,r,514
6204144954,r,514
6204242944,r,514
6204291105,r,514
6204293966,r,514
6204416990,s,514
6218487024,r,514
6218492984,r,514
6218544960,r,514
6218547105,r,514
6229163885,r,514
6229177951,r,514
6229238033,r,514
6229240894,r,514
6235080003,r,514
6235086917,r,514
6235136032,r,514
6235137939,r,514
6244999885,r,514
6245007991,r,514
6258100032,r,514
6286798000,r,514
6286870956,r,514
6286875963,r,514
6289299011,s,514
6331470012,r,514
6331496000,r,514
6332285881,r,514
6332289934,r,514
6332345962,r,514
6332349061,r,514
6332385063,r,514
6332386970,r,514
6346848964,r,514
6346858978,r,514
6346910953,r,514
6346914052,r,514
6357217073,r,514
6357230901,r,514
6357271909,r,514
6357275009,r,514
6357319116,r,514
6357321977,r,514
6363152027,r,514
6363157033,r,514
6363207101,r,514
6363210916,r,514
6369677066,s,514
6369970083,s,514
6373464107,r,514
6373467922,r,514
6373507976,r,514
6373511075,r,514
6414900064,r,514
6414910078,r,514
6414959907,r,514
6414963006,r,514
6419729948,s,514
6419950962,s,514
6420998096,s,514
6421046018,s,514
6421081066,s,514
6543179988,r,514
6559917926,s,514
6563050985,s,514
6563726902,s,514
6564316987,s,514
6564923048,s,514
6612232923,r,514
6692272901,r,514
6699971914,s,514
6701069116,s,514
6702061891,r,514
6703629016,r,514
6703671932,r,514
6704750061,r,514
6705094099,r,514
6705097913,r,514
6705136060,r,514
6705647945,r,514
6705684900,r,514
6706125020,r,514
6713907957,r,514
6820969104,r,514
6924415111,r,514
6949462890,r,514
6962057113,s,514
6971534013,r,514
7077559947,r,514
7077832937,s,514
7096108913,r,514
7099704980,s,514
7114396095,r,514
7116750001,r,514
7127492904,r,514
7139460086,r,514
7152153015,r,514
7159707069,s,514
7168766021,r,514
7179693937,s,514
7181083917,r,514
7195707082,r,514
7195764064,r,514
7199677944,s,514
7205610036,r,514
7209443092,r,514
7209615945,s,514
7209758996,s,514
7225425958,r,514
7237636089,r,514
7249126911,r,514
7260715961,r,514
7272597074,r,514
7283968925,r,514
7284008979,r,514
7299302101,r,514
7311124086,r,514
7329350948,r,514
7337647914,r,514
7347395896,r,514
7369379043,r,514
7380835056,r,514
7381207942,r,514
7410216093,r,514
7427403926,r,514
7430078029,r,514
7430195093,s,514
7442904949,r,514
7449656963,s,514
7461915016,r,514
7465671062,r,514
7496567964,r,514
7506558895,r,514
7508964061,r,514
7516206979,r,514
7531837940,r,514
7544264078,r,514
7557921886,r,514
7557930946,r,514
7564548015,r,514
7574187040,r,514
7576359033,r,514
7590732097,r,514
7590766906,r,514
7601434946,r,514
7604021072,s,514
7608619928,r,514
7608736991,s,514
7624742984,r,514
7626751899,r,514
7637343883,r,514
7649847984,r,514
7661228895,r,514
7663882970,r,514
7663942098,r,514
7665695905,s,514
7670134067,s,514
7673361063,r,514
7681067943,s,514
7692163944,r,514
7693260908,r,514
7694259881,r,514
7702271938,s,514
7703381061,r,514
7703387022,r,514
7721777915,r,514
7723248958,s,514
7735491037,r,514
7747034072,r,514
7753995895,r,514
7754791975,r,514
7766300916,r,514
7777975082,r,514
7794575929,r,514
7805265903,r,514
7830159902,r,514
7844913959,r,514
7893888950,r,514
7894485950,r,514
7919770956,s,514
7920320034,s,514
8030344963,r,514
8032455921,s,514
8158457994,r,514
8158641099,s,514
8286588907,r,514
8286818981,s,514
8286962032,s,514
8414772987,r,514
8416762113,s,514
8416908979,s,514
8544384956,r,514
8573787927,r,514
8591305017,r,514
8609499931,r,514
8673322916,r,514
8673573970,s,514
8673717021,s,514
8689093112,s,514
8689337015,s,514
8689536094,s,514
8689580917,s,514
8689734935,s,514
8689778089,s,514
8690269947,s,514
8690685987,s,514
8691159963,s,514
8695722103,s,514
8755798101,r,514
8802193880,r,514
8820322990,s,514
8844394922,r,514
8844412088,r,514
8845228910,r,514
8845235109,r,514
8845278024,r,514
8849257946,r,514
8849307060,r,514
8849309921,r,514
8850718975,r,514
8850724935,r,514
8850768089,r,514
8850853919,s,514
8851160049,s,514
8852904081,r,514
8852976083,r,514
8855290889,r,514
8857951879,r,514
8857991933,r,514
8860196113,r,514
8860234022,r,514
8860879898,s,514
8862536907,r,514
8862551927,r,514
8862595081,r,514
8864049911,r,514
8864372968,s,514
8864506959,s,514
8865710020,r,514
8867790937,r,514
8867840051,r,514
8867844104,r,514
8868769884,r,514
8868783950,r,514
8868832111,r,514
8872073888,r,514
8872097015,r,514
8872970104,r,514
8923541069,r,514
8923558950,r,514
8923964023,s,514
8930864095,r,514
8930869102,r,514
8972595930,r,514
8972606897,r,514
8973383903,r,514
8973387002,r,514
8973424911,r,514
8973428010,r,514
8977468967,r,514
8977473974,r,514
8977510929,r,514
8977514028,r,514
8977688074,s,514
8978760004,r,514
8978765964,r,514
8978826045,r,514
8978828907,r,514
8979384899,s,514
8981340885,r,514
8981354951,r,514
8981411933,r,514
8981422901,r,514
8986054897,r,514
8986058950,r,514
8986098051,r,514
8986099958,r,514
8988348960,r,514
8988353013,r,514
8990617036,r,514
8990624904,r,514
8990669965,r,514
8990673065,r,514
8992922067,s,514
8993112087,r,514
8993124961,r,514
8996009111,r,514
8996016025,r,514
8996097087,r,514
8996098995,r,514
8996134996,r,514
8996136903,r,514
8996776103,r,514
8996788978,r,514
8996843099,r,514
8996845006,r,514
9000173091,r,514
9000185012,r,514
9001014947,s,514
9001079082,s,514
9001269102,s,514
9006036043,r,514
9020874977,s,514
9041413068,r,514
9042040109,s,514
9043907880,r,514
9051565885,r,514
9051628112,r,514
9051630973,r,514
9059039115,r,514
9059043884,r,514
9061619043,r,514
9100842952,r,514
9100903987,r,514
9100908041,r,514
9101077079,s,514
9101633071,r,514
9101638078,r,514
9101679086,r,514
9101681947,r,514
9103182077,r,514
9103266000,s,514
9105694055,r,514
9105700016,r,514
9105732917,r,514
9105735063,r,514
9105760097,r,514
9106877088,r,514
9106946945,r,514
9106949090,r,514
9106997013,r,514
9106998920,r,514
9107032060,r,514
9109538078,r,514
9109591960,r,514
9109641075,r,514
9109678030,r,514
9109679937,r,514
9109713077,r,514
9110560894,s,514
9114136934,r,514
9114141941,r,514
9114181995,r,514
9114183902,r,514
9116375923,r,514
9116383075,r,514
9116415977,r,514
9116419076,r,514
9118700027,r,514
9118709087,r,514
9118762016,r,514
9118763923,r,514
9119297027,s,514
9121248960,r,514
9121339082,r,514
9121388912,r,514
9121391057,r,514
9122394084,s,514
9124068021,r,514
9124113082,r,514
9124202013,r,514
9124205112,r,514
9124242067,r,514
9124243974,r,514
9124278068,r,514
9124279975,r,514
9124908924,r,514
9124922990,r,514
9124963998,r,514
9124965906,r,514
9126091003,s,514
9128110885,r,514
9128115892,r,514
9128165006,r,514
9128168106,r,514
9149662017,r,514
9149677991,r,514
9172312974,r,514
9172322034,r,514
9179646015,r,514
9179653882,r,514
9179703950,r,514
9179707050,r,514
9187899112,r,514
9187917947,r,514
9187973022,r,514
9187975883,r,514
9198954105,s,514
9228991985,r,514
9229012966,r,514
9229051113,r,514
9229053974,r,514
9229727029,r,514
9229749917,r,514
9229831933,r,514
9229835033,r,514
9229871034,r,514
9229873895,r,514
9229998111,s,514
9233782052,r,514
9233797073,r,514
9233900070,r,514
9233902931,r,514
9233931064,r,514
9233933925,r,514
9235018014,r,514
9235022068,r,514
9235112905,r,514
9235115051,r,514
9235177993,r,514
9235181093,r,514
9235224008,r,514
9235227108,r,514
9236628055,s,514
9237308025,r,514
9237525939,r,514
9237560033,r,514
9237644910,r,514
9237687110,r,514
9237689018,r,514
9237724065,r,514
9237725973,r,514
9242130041,r,514
9242135047,r,514
9242185115,r,514
9242187023,r,514
9242222070,r,514
9242448091,r,514
9244398117,r,514
9244401931,r,514
9244438886,r,514
9244441032,r,514
9246838092,r,514
9246841907,r,514
9246880054,r,514
9246882915,r,514
9249243021,r,514
9249245882,r,514
9249300956,r,514
9249304056,r,514
9249337911,r,514
9249456882,r,514
9249496936,r,514
9249500989,r,514
9249567031,s,514
9249880075,s,514
9250111103,s,514
9250262022,s,514
9250402927,s,514
9250622987,s,514
9250725030,s,514
9252382040,r,514
9252387046,r,514
9252455949,r,514
9252459049,r,514
9252672910,r,514
9252677917,r,514
9252737998,r,514
9252741098,r,514
9252772092,r,514
9253221988,r,514
9253245115,r,514
9253247022,r,514
9253321886,r,514
9253324985,r,514
9256264925,r,514
9256270885,r,514
9256334066,r,514
9256336927,r,514
9256376981,r,514
9256380081,r,514
9269717931,s,514
9269798994,s,514
9269978046,s,514
9270020961,s,514
9270335912,s,514
9270380973,s,514
9270533084,s,514
9270575046,s,514
9270778894,s,514
9270828962,s,514
9271481990,r,514
9271600961,s,514
9273112058,s,514
9277744054,r,514
9277750968,r,514
9277796983,r,514
9277798891,r,514
9279640913,s,514
9280323982,s,514
9300554990,r,514
9300570964,r,514
9302000999,r,514
9307774066,r,514
9307833909,r,514
9307837009,r,514
9307881116,r,514
9308069944,s,514
9308121919,r,514
9312318086,s,514
9315737962,r,514
9315742969,r,514
9315807104,r,514
9315809965,r,514
9315918922,s,514
9355185031,r,514
9355207920,r,514
9356911897,r,514
9356920003,r,514
9356952905,r,514
9356956958,r,514
9357692956,r,514
9357913970,r,514
9357969999,r,514
9357973098,r,514
9358007907,r,514
9358011007,r,514
9358045101,r,514
9358047008,r,514
9360474109,s,514
9362025022,r,514
9362030982,r,514
9362098932,r,514
9362102031,r,514
9362157106,r,514
9362159967,r,514
9362205982,r,514
9362207889,r,514
9363341093,r,514
9363343954,r,514
9363408088,r,514
9363409996,r,514
9363614082,r,514
9363616943,r,514
9363653898,r,514
9363656044,r,514
9363691091,r,514
9363749027,r,514
9363785028,r,514
9363787889,r,514
9365906000,r,514
9365995883,r,514
9366050958,r,514
9366053104,r,514
9366087913,r,514
9366090059,r,514
9366132020,r,514
9366211891,r,514
9370326042,r,514
9370584011,r,514
9370718002,r,514
9370722055,r,514
9370795965,r,514
9370799064,r,514
9370841026,r,514
9370842933,r,514
9371680021,s,514
9371877908,s,514
9372126102,s,514
9372567892,r,514
9372572898,r,514
9372637033,r,514
9372648954,r,514
9372972011,r,514
9372975111,r,514
9374501943,s,514
9374553918,s,514
9375217914,r,514
9375222921,r,514
9375267028,r,514
9375277996,r,514
9375313043,r,514
9375315904,r,514
9376030921,s,514
9377526998,r,514
9377540111,r,514
9377593994,r,514
9377597093,r,514
9377656936,r,514
9377659082,r,514
9377703905,r,514
9377734899,r,514
9377980947,r,514
9378067016,r,514
9379926919,s,514
9380654096,r,514
9380659103,r,514
9380681037,r,514
9380682945,r,514
9380738973,r,514
9380742073,r,514
9380820035,r,514
9380822896,r,514
9380842924,r,514
9380891084,s,514
9380960941,r,514
9381100893,r,514
9381139993,r,514
9381143093,r,514
9381177902,r,514
9381273984,s,514
9381356000,r,514
9381520032,r,514
9381562948,r,514
9381565093,r,514
9381599903,r,514
9381602048,r,514
9383663892,r,514
9384593963,r,514
9384694099,r,514
9384696960,r,514
9384732961,r,514
9384735107,r,514
9384771108,r,514
9384773015,r,514
9386385917,r,514
9390171051,s,514
9405920982,r,514
9405931949,r,514
9405980110,r,514
9405982971,r,514
9406017065,r,514
9410330057,s,514
9428788900,r,514
9428807973,r,514
9430536031,r,514
9435962915,r,514
9436050891,r,514
9436054944,r,514
9436096906,r,514
9436099052,r,514
9436132907,r,514
9436136007,r,514
9436392068,s,514
9444008111,r,514
9444014072,r,514
9444053888,r,514
9444056987,r,514
9444098949,r,514
9444101095,r,514
9444286108,s,514
9483402967,r,514
9483417034,r,514
9484978914,r,514
9484983921,r,514
9485071897,r,514
9485074043,r,514
9485109090,r,514
9485112905,r,514
9485912084,r,514
9485917091,r,514
9485968112,r,514
9485970020,r,514
9486052036,r,514
9486053943,r,514
9486131906,r,514
9486134052,r,514
9486169099,r,514
9486171007,r,514
9490274906,r,514
9490281105,r,514
9490330934,r,514
9490333080,r,514
9490376949,r,514
9490433931,r,514
9490468978,r,514
9490470886,r,514
9491811990,r,514
9491815090,r,514
9491861104,r,514
9491863012,r,514
9491945028,r,514
9491946935,r,514
9491997003,r,514
9492000103,r,514
9492089986,r,514
9492093086,r,514
9492136955,r,514
9492139101,r,514
9492177009,r,514
9492178916,r,514
9492223024,r,514
9492224931,r,514
9492299079,r,514
9492301940,r,514
9492996931,s,514
9493156909,s,514
9493346929,s,514
9493560075,s,514
9494222879,r,514
9494229078,r,514
9494446992,r,514
9494451045,r,514
9494489908,r,514
9494493007,r,514
9494548082,r,514
9494549989,r,514
9494585037,r,514
9494586944,r,514
9498579978,r,514
9498584985,r,514
9499047040,r,514
9499243021,r,514
9499290943,r,514
9499294042,r,514
9499356985,r,514
9499360084,r,514
9499402046,r,514
9499404907,r,514
9499444961,r,514
9499448060,r,514
9500740051,r,514
9500844955,r,514
9500921964,r,514
9500924110,r,514
9500960111,r,514
9500962018,r,514
9501000881,r,514
9501003026,r,514
9503343105,r,514
9503345966,r,514
9503385066,r,514
9503386974,r,514
9503422021,r,514
9503423929,r,514
9503458023,r,514
9503460884,r,514
9504126071,s,514
9504326105,s,514
9505583047,r,514
9505589008,r,514
9505631923,r,514
9505635023,r,514
9505773067,r,514
9505775928,r,514
9505809068,r,514
9505907058,r,514
9505944967,r,514
9505948066,r,514
9505980968,r,514
9506078004,r,514
9506117105,r,514
9506119012,r,514
9506525993,s,514
9509258031,r,514
9509263992,r,514
9509303092,r,514
9509305953,r,514
9509368896,r,514
9509371995,r,514
9509414911,r,514
9509417057,r,514
9509589910,s,514
9509706020,r,514
9509710073,r,514
9509819030,r,514
9509821891,r,514
9509859085,r,514
9509861946,r,514
9509932041,r,514
9509936094,r,514
9509973049,r,514
9509974956,r,514
9510010004,r,514
9510011911,r,514
9510049104,r,514
9510051012,r,514
9510086059,r,514
9510096073,r,514
9510215997,r,514
9510219097,r,514
9510269880,r,514
9510272979,r,514
9510857105,s,514
9512877941,r,514
9512883901,r,514
9512955904,r,514
9512959003,r,514
9513000011,r,514
9513041019,r,514
9513061046,r,514
9513062953,r,514
9513171911,r,514
9513175010,r,514
9514975070,r,514
9514978885,r,514
9534061908,r,514
9534076929,r,514
9534132957,r,514
9534136056,r,514
9536186933,r,514
9541064977,s,514
9556982994,r,514
9556998014,r,514
9557051897,r,514
9557209014,s,514
9557780981,s,514
9559782028,r,514
9563985109,r,514
9564039945,r,514
9564043045,r,514
9564079046,r,514
9564080953,r,514
9564125061,r,514
9564126968,r,514
9564162015,r,514
9564163923,r,514
9566581010,r,514
9569652080,s,514
9572036981,r,514
9572041988,r,514
9572340011,r,514
9572345018,r,514
9572372913,r,514
9572375059,r,514
9572397947,r,514
9572710037,r,514
9572731018,r,514
9611545085,r,514
9611607074,r,514
9613003969,r,514
9613065958,r,514
9613069057,r,514
9613106012,r,514
9613109111,r,514
9613152027,r,514
9613153934,r,514
9613187074,r,514
9614073038,r,514
9614140033,r,514
9614141941,r,514
9614207983,r,514
9614209890,r,514
9614273071,r,514
9614275932,r,514
9614322900,r,514
9614326000,r,514
9614485025,r,514
9614665985,r,514
9614705085,r,514
9614706993,r,514
9614739894,r,514
9614864110,s,514
9615201950,s,514
9615391016,s,514
9618467092,r,514
9618473052,r,514
9618494987,r,514
9618496894,r,514
9618513107,r,514
9618617057,r,514
9618655920,r,514
9618658065,r,514
9618693113,r,514
9618695020,r,514
9620331048,r,514
9620343923,r,514
9620440959,r,514
9620451927,r,514
9620496988,r,514
9620498895,r,514
9620579957,r,514
9620582103,r,514
9620626926,r,514
9620629072,r,514
9620662927,r,514
9620732069,r,514
9620781898,r,514
9620784997,r,514
9620822906,r,514
9620826005,r,514
9620868921,r,514
9620945930,r,514
9620981931,r,514
9620984077,r,514
9621018886,r,514
9621021032,r,514
9621073961,r,514
9621076107,r,514
9621124982,r,514
9621126890,r,514
9622613906,r,514
9622617959,r,514
9622706890,r,514
9622709989,r,514
9622751951,r,514
9623008966,r,514
9623028993,r,514
9623173952,r,514
9623213052,r,514
9623214960,r,514
9623249053,r,514
9623250961,r,514
9623285055,r,514
9623286962,r,514
9624938011,s,514
9625083923,s,514
9626691102,s,514
9627091884,r,514
9627095937,r,514
9627197027,s,514
9627327919,r,514
9627330064,r,514
9627360105,r,514
9627362012,r,514
9627485990,r,514
9627499103,r,514
9627583026,r,514
9627702951,r,514
9628004074,r,514
9628007888,r,514
9628046035,r,514
9628047943,r,514
9628082036,r,514
9628830909,r,514
9630425930,r,514
9632787942,r,514
9632827043,r,514
9632884979,s,514
9634948968,r,514
9637041091,r,514
9637084007,r,514
9638906955,r,514
9642486095,r,514
9642491102,r,514
9642530918,r,514
9643310070,r,514
9643351078,r,514
9644160032,r,514
9644257068,s,514
9646420001,r,514
9646424055,r,514
9647851943,r,514
9652204990,r,514
9652244091,r,514
9656125068,r,514
9661027908,s,514
9665370941,r,514
9665375947,r,514
9665421009,r,514
9669615030,r,514
9669617891,r,514
9669619083,r,514
9669770956,s,514
9672914981,s,514
9681585073,r,514
9681601047,r,514
9681771993,r,514
9681866884,s,514
9682301998,s,514
9694493055,r,514
9694499015,r,514
9694545984,r,514
9712567090,r,514
9712627887,r,514
9712630987,r,514
9718050956,r,514
9718055009,r,514
9718096971,r,514
9726625919,r,514
9726680994,r,514
9731323003,r,514
9731379985,r,514
9733947038,s,514
9739005088,r,514
9739015102,r,514
9739073038,r,514
9739221096,s,514
9745058059,r,514
9745069980,r,514
9751770973,r,514
9751780986,r,514
9751836061,r,514
9756057024,r,514
9767307996,r,514
9767319917,r,514
9767380952,r,514
9768899917,s,514
9779721975,r,514
9779726982,r,514
9779767990,r,514
9797612905,r,514
9797678947,r,514
9797683000,r,514
9802345037,r,514
9802366018,r,514
9802400112,r,514
9809653997,s,514
9815887928,r,514
9815900087,r,514
9815954923,r,514
9827167034,r,514
9827224016,r,514
9827228069,r,514
9839958906,r,514
9847620964,r,514
9847672939,r,514
9854959964,r,514
9855004072,r,514
9855007886,r,514
9870068073,r,514
9870076894,r,514
9870135068,r,514
9882812023,r,514
9882863044,r,514
9882867097,r,514
9883009910,s,514
9888344049,r,514
9893827915,r,514
9893865108,r,514
9893990993,s,514
9895286083,r,514
9901082038,r,514
9901117086,r,514
9907103061,r,514
9908530950,s,514
9911343097,s,514
9913444042,r,514
9913449049,r,514
9918344974,r,514
9922990083,r,514
9923055887,r,514
9928550958,r,514
9938862085,r,514
9938868045,r,514
9938919067,r,514
9944031953,r,514
9944083929,r,514
9950110912,r,514
9955792903,r,514
9955802917,r,514
9963494062,r,514
9969717025,s,514
9985651969,r,514
9985665082,r,514
10001030921,r,514
10022891998,r,514
10022948980,r,514
10022953033,r,514
10029129982,r,514
10031390905,r,514
10031435966,r,514
10040952920,r,514
10047677040,r,514
10047682046,r,514
10055665016,r,514
10061302900,r,514
10069020032,r,514
10069034099,r,514
10069268941,s,514
10074821949,r,514
10074826955,r,514
10074866056,r,514
10082655906,r,514
10082703113,r,514
10091500997,r,514
10099145889,r,514
10099168062,r,514
10106400013,r,514
10116242885,r,514
10116293907,r,514
10124305009,r,514
10124480962,s,514
10138957977,r,514
10138964891,r,514
10139070034,r,514
10152743101,r,514
10152803897,r,514
10152807951,r,514
10159368991,r,514
10188106060,r,514
10188163995,r,514
10188169002,r,514
10206397056,r,514
10233175039,r,514
10233190059,r,514
10233262062,r,514
10286205053,r,514
10286245107,r,514
10286287069,r,514
10305160999,r,514
10305185079,r,514
10305248975,r,514
10316005945,r,514
10316610097,s,514
10341505050,r,514
10341520071,r,514
10341578006,r,514
10377019882,r,514
10377078056,r,514
10377082109,r,514
10400350093,r,514
10400362014,r,514
10400424003,r,514
10409121990,r,514
10409188032,r,514
10409193038,r,514
10409389972,s,514
10423768043,r,514
10423774957,r,514
10423831939,r,514
10431555986,r,514
10431610107,r,514
10431612968,r,514
10440239906,r,514
10445605039,r,514
10445648908,r,514
10451534032,r,514
10451582908,r,514
10451586961,r,514
10457617044,r,514
10457622051,r,514
10457664012,r,514
10463583946,r,514
10463628053,r,514
10463630914,r,514
10463783025,s,514
10469428062,r,514
10472112894,r,514
10472155094,r,514
10472157955,r,514
10473773002,r,514
10473777055,r,514
10475641012,r,514
10477853059,r,514
10477896928,r,514
10481658935,r,514
10483211994,r,514
10483217954,r,514
10484880924,r,514
10484962940,s,514
10488142967,r,514
10490112066,r,514
10490165948,r,514
10490169048,r,514
10490272998,s,514
10491934061,r,514
10492503881,r,514
10492527008,r,514
10495690107,r,514
10495731115,r,514
10495733022,r,514
10499114990,r,514
10499119997,r,514
10500396013,r,514
10500400066,r,514
10500441074,r,514
10501410961,r,514
10501445055,r,514
10501446962,r,514
10505665063,r,514
10505676031,r,514
10505714893,r,514
10508301973,r,514
10508372068,r,514
10508375883,r,514
10512345075,r,514
10512351989,r,514
10512398004,r,514
10513853073,r,514
10513895034,r,514
10513897895,r,514
10515135049,s,514
10518996954,r,514
10519015073,r,514
10519081115,r,514
10519216060,s,514
10521301031,r,514
10521312952,r,514
10521362066,r,514
10523843050,r,514
10524873018,r,514
10524875879,r,514
10525738954,r,514
10525743961,r,514
10525784969,r,514
10525876045,s,514
10528048992,r,514
10528053998,r,514
10528103113,r,514
10530477047,r,514
10530517101,r,514
10530519962,r,514
10532896041,r,514
10533054113,s,514
10534179925,r,514
10534185886,r,514
10534848928,r,514
10534985065,r,514
10535027027,r,514
10535959005,r,514
10536896944,r,514
10536901950,r,514
10538018941,r,514
10538894891,r,514
10538934946,r,514
10539869070,r,514
10542310953,r,514
10542315006,r,514
10542351961,r,514
10543123006,r,514
10543195009,r,514
10543970108,r,514
10544815063,r,514
10544819116,r,514
10545746088,r,514
10546626091,r,514
10546673059,r,514
10547395944,r,514
10549274921,r,514
10549279928,r,514
10549323082,r,514
10550134897,r,514
10551259040,r,514
10551264047,r,514
10551305055,r,514
10552166938,r,514
10552205085,r,514
10552207946,r,514
10553970098,r,514
10554085969,r,514
10554266929,s,514
10555294036,r,514
10555299043,r,514
10555341005,r,514
10556406974,r,514
10556456089,r,514
10557396888,r,514
10558655023,r,514
10558660030,r,514
10559601068,r,514
10560655117,r,514
10560682058,r,514
10561736106,r,514
10563328981,s,514
10563950061,r,514
10563956975,r,514
10563996076,r,514
10564994096,r,514
10565037012,r,514
10566160917,r,514
10567151069,r,514
10567157983,r,514
10567203044,r,514
10568999052,r,514
10569046974,r,514
10569050073,r,514
10572557926,r,514
10572561979,r,514
10572602987,r,514
10573550939,r,514
10573599100,r,514
10573601007,r,514
10573709011,s,514
10577012062,r,514
10577018022,r,514
10577061891,r,514
10577891111,r,514
10577934980,r,514
10577938079,r,514
10580259084,r,514
10580265998,r,514
10580322027,r,514
10581336021,s,514
10582205057,r,514
10582210063,r,514
10583224058,r,514
10583229064,r,514
10583268880,r,514
10583334922,s,514
10583936929,r,514
10583941936,r,514
10583981037,r,514
10585660934,r,514
10585701942,r,514
10585704088,r,514
10587539911,r,514
10587543964,r,514
10587583065,r,514
10589207887,r,514
10590019941,r,514
10590025901,r,514
10591262102,r,514
10591265916,r,514
10591304063,r,514
10593635082,r,514
10593674898,r,514
10593677043,r,514
10595421075,r,514
10595426082,r,514
10595465898,r,514
10597455978,r,514
10598650932,r,514
10598654985,r,514
10598690986,r,514
10600176096,r,514
10600918054,s,514
10601039886,s,514
10602649927,r,514
10603859901,r,514
10603899002,r,514
10604969024,r,514
10604998111,r,514
10605057001,r,514
10607666969,r,514
10607670068,r,514
10607708931,r,514
10608649015,s,514
10608819007,s,514
10608966112,s,514
10609889030,r,514
10610496997,s,514
10611304044,r,514
10611309051,r,514
10611442089,r,514
10612915992,r,514
10613025903,r,514
10613188028,r,514
10615290880,r,514
10615295887,r,514
10615335941,r,514
10617223978,r,514
10617253065,r,514
10617340087,r,514
10619644880,r,514
10619647979,r,514
10619684934,r,514
10620376110,s,514
10620532989,r,514
10620534896,r,514
10620606899,r,514
10635101079,r,514
10635154008,r,514
10635157108,r,514
10636960983,s,514
10638993024,r,514
10638998031,r,514
10639039993,r,514
10641166925,r,514
10642554998,r,514
10642559051,r,514
10643857002,r,514
10643860101,r,514
10645950079,r,514
10645960092,r,514
10646003961,r,514
10646517992,s,514
10646558046,r,514
10646569013,r,514
10646733045,s,514
10646871089,s,514
10647398948,r,514
10647403955,r,514
10648196935,r,514
10648201942,r,514
10648242950,r,514
10649602890,r,514
10649647951,r,514
10649651050,r,514
10651235103,r,514
10651241064,r,514
10651283025,r,514
10652270078,r,514
10654078006,r,514
10654167890,s,514
10654301881,r,514
10654305934,r,514
10654875993,r,514
10654881000,r,514
10655667066,r,514
10656902074,r,514
10656945943,r,514
10658097028,r,514
10659411907,r,514
10659415960,r,514
10659912109,r,514
10661721944,r,514
10661770105,r,514
10661772966,r,514
10662544012,r,514
10662548065,r,514
10662646055,s,514
10663786888,r,514
10664361953,r,514
10664397001,r,514
10665333032,r,514
10666898965,r,514
10666903019,r,514
10666941881,r,514
10667001962,s,514
10668565988,r,514
10668570995,r,514
10668612003,r,514
10669063091,r,514
10669151067,r,514
10669153928,r,514
10670519113,s,514
10670856952,r,514
10670861959,r,514
10671825885,r,514
10672885894,r,514
10672911882,r,514
10675115108,r,514
10675157070,r,514
10675159931,r,514
10675194025,r,514
10675738096,r,514
10675776958,r,514
10675779104,r,514
10676640987,s,514
10677819013,r,514
10677824020,r,514
10677854061,r,514
10679889917,r,514
10679990053,s,514
10680028915,r,514
10680031061,r,514
10681253910,r,514
10682135105,r,514
10682156086,r,514
10683891058,r,514
10683928966,r,514
10683932066,r,514
10685458898,r,514
10685465097,r,514
10685487985,r,514
10687031030,r,514
10687074899,r,514
10687077045,r,514
10687196016,s,514
10687982082,r,514
10687988042,r,514
10688380956,s,514
10689074039,r,514
10689079046,r,514
10689871072,r,514
10689874887,r,514
10689913988,r,514
10690960884,r,514
10690982103,r,514
10691046953,r,514
10691929101,r,514
10691932916,r,514
10691972971,r,514
10692992925,r,514
10693084955,s,514
10693582058,r,514
10693587064,r,514
10694060087,r,514
10694065094,r,514
10694104909,r,514
10694573879,r,514
10695156097,r,514
10695159912,r,514
10695674896,r,514
10696130037,r,514
10696152925,r,514
10696847915,r,514
10698504924,r,514
10698508977,r,514
10698549032,r,514
10699063062,r,514
10699404954,r,514
10700011968,r,514
10700615882,r,514
10700678110,r,514
10701440095,r,514
10702166080,r,514
10702193021,r,514
10702756881,r,514
10703569889,r,514
10703574895,r,514
10704516887,r,514
10704523086,r,514
10704565048,r,514
10704679012,s,514
10705591917,r,514
10705598115,r,514
10705621957,r,514
10705986022,r,514
10706027030,r,514
10706029892,r,514
10706716060,r,514
10706722021,r,514
10706810951,r,514
10707415103,r,514
10707441091,r,514
10707485914,r,514
10708226919,r,514
10708663940,r,514
10708698988,r,514
10709182977,r,514
10709224939,r,514
10709228038,r,514
10710211992,r,514
10710216999,r,514
10710241079,r,514
10710980892,r,514
10711005926,r,514
10711009025,r,514
10711581945,r,514
10711992979,r,514
10712038040,r,514
10712040901,r,514
10712368965,r,514
10712373018,r,514
10712534904,s,514
10712867975,r,514
10713368892,r,514
10713392019,r,514
10713748931,r,514
10713836908,r,514
10713840007,r,514
10714309930,r,514
10714844942,r,514
10714895010,r,514
10714898109,r,514
10715106010,r,514
10715109109,r,514
10715432882,r,514
10716017961,r,514
10716037988,r,514
10716497898,r,514
10716758012,s,514
10716981887,s,514
10717017889,r,514
10717020034,r,514
10717195987,r,514
10717973947,r,514
10718019008,r,514
10718022108,r,514
10718132019,r,514
10718203067,r,514
10718240976,r,514
10718637943,r,514
10718677997,r,514
10718681097,r,514
10718974113,r,514
10718976974,r,514
10718995094,r,514
10719552040,r,514
10719574928,r,514
10719577074,r,514
10719736099,r,514
10719738006,r,514
10719774961,r,514
10720021963,r,514
10720062017,r,514
10720063924,r,514
10720351934,r,514
10729604005,r,514
10729948043,s,514
10730262041,s,514
10730401039,s,514
10752423048,r,514
10752443075,r,514
10754987001,r,514
10754991054,r,514
10755043983,r,514
10755347013,r,514
10755379915,r,514
10755382061,r,514
10755465030,r,514
10755467891,r,514
10755506038,r,514
10755872011,r,514
10755913972,r,514
10756004095,r,514
10756381988,r,514
10756386995,r,514
10756496906,r,514
10756500959,r,514
10756577014,r,514
10756578922,r,514
10756730079,s,514
10756969928,r,514
10756974935,r,514
10757016897,r,514
10757564067,r,514
10757607936,r,514
10757611036,r,514
10758492946,r,514
10758630991,r,514
10758671999,r,514
10759032964,r,514
10759074926,r,514
10759077072,r,514
10759929895,r,514
10759933948,r,514
10759974956,r,514
10763534069,r,514
10763628006,r,514
10763632059,r,514
10763676881,r,514
10763736009,r,514
10763773918,r,514
10763933897,r,514
10763972997,r,514
10764054060,r,514
10764759063,r,514
10764765024,r,514
10764802932,r,514
10764993906,s,514
10765045881,r,514
10765139102,r,514
10765161037,r,514
10765283107,s,514
10765383005,r,514
10766064882,r,514
10766108989,r,514
10766110897,r,514
10766232013,r,514
10766235113,r,514
10766474008,r,514
10767769098,r,514
10767792940,r,514
10767846107,r,514
10768117904,r,514
10768121004,r,514
10768717050,r,514
10770596981,r,514
10770719051,r,514
10770721912,r,514
10770757913,r,514
10771871089,r,514
10771891117,r,514
10772830009,s,514
10773802042,r,514
10773808956,r,514
10773901939,r,514
10773905992,r,514
10774534940,r,514
10774538993,r,514
10774584054,r,514
10774586916,r,514
10775427103,r,514
10775429964,r,514
10776145935,r,514
10776448011,r,514
10776467084,r,514
10776468992,r,514
10777545929,r,514
10777549982,r,514
10777611017,r,514
10777806043,r,514
10779326915,r,514
10779330968,r,514
10779370069,r,514
10779371976,r,514
10780770063,s,514
10780982971,s,514
10781133890,s,514
10781366109,r,514
10782295942,r,514
10782324075,r,514
10782397031,r,514
10782598972,r,514
10783962965,r,514
10783988952,r,514
10784074068,r,514
10786202907,r,514
10787398099,r,514
10787424087,r,514
10788379907,r,514
10788420915,r,514
10788423061,r,514
10789848089,r,514
10789851903,r,514
10789872884,r,514
10791742086,r,514
10791784048,r,514
10791786909,r,514
10791905880,s,514
10792555093,r,514
10793426036,r,514
10793468952,r,514
10793472051,r,514
10793863058,r,514
10793865919,r,514
10794745922,r,514
10795420885,r,514
10795442104,r,514
10796251058,r,514
10796900987,r,514
10796905040,r,514
10796968936,s,514
10797441005,r,514
10797873020,s,514
10798727035,r,514
10798732042,r,514
10798950910,r,514
10799030065,r,514
10799053907,r,514
10799244880,r,514
10799566984,r,514
10799571037,r,514
10800087928,r,514
10800092935,r,514
10800112009,r,514
10800302982,r,514
10801321983,r,514
10801326036,r,514
10801363945,r,514
10801492929,r,514
10801529884,r,514
10803144931,r,514
10803164005,r,514
10803261041,r,514
10803297996,r,514
10803904056,r,514
10803924083,r,514
10803925991,r,514
10804003953,r,514
10806173086,r,514
10806200027,r,514
10806202888,r,514
10812750101,r,514
10812756061,r,514
10812788963,r,514
10812936067,s,514
10813527107,r,514
10813532114,r,514
10813575029,r,514
10813678026,s,514
10813930988,r,514
10813935041,r,514
10814054012,r,514
10814059019,r,514
10814097881,r,514
10814348936,r,514
10814373970,r,514
10814377069,r,514
10814452886,r,514
10814455986,r,514
10814493894,r,514
10814537048,r,514
10815129995,r,514
10815135002,r,514
10815155983,r,514
10815706014,r,514
10815928936,r,514
10815933942,r,514
10817043066,r,514
10817049026,r,514
10817090034,r,514
10817092895,r,514
10818017959,r,514
10818022966,r,514
10818064928,r,514
10818068027,r,514
10819046020,r,514
10819050073,r,514
10820046901,r,514
10820050954,r,514
10820089101,r,514
10820147037,r,514
10820183038,r,514
10820185899,r,514
10821393013,r,514
10821397066,r,514
10821619033,s,514
10821723938,s,514
10821754932,r,514
10821758031,r,514
10822117090,r,514
10822122097,r,514
10822252988,r,514
10822257995,r,514
10823220014,r,514
10823225975,r,514
10823259115,r,514
10823261022,r,514
10824265003,r,514
10824270963,r,514
10824292898,r,514
10824359893,r,514
10826499939,r,514
10826503992,r,514
10826541900,r,514
10826606035,r,514
10826642036,r,514
10826644897,r,514
10827300071,r,514
10827302932,r,514
10828633070,s,514
10828705072,r,514
10828706979,r,514
10828707933,r,514
10828710079,r,514
10828954935,s,514
10829740047,r,514
10829745054,r,514
10830286026,r,514
10830291032,r,514
10830380916,r,514
10830384969,r,514
10831692934,r,514
10831697940,r,514
10846534013,r,514
10846540927,r,514
10846581935,r,514
10846673011,s,514
10847614049,r,514
10847620010,r,514
10847670078,r,514
10848881959,r,514
10848983049,r,514
10848985910,r,514
10849054098,r,514
10849056005,r,514
10849092006,r,514
10849268913,r,514
10849467039,r,514
10849469900,r,514
10849855899,r,514
10849980115,r,514
10850018024,r,514
10850224971,r,514
10851150035,r,514
10851152896,r,514
10851190090,r,514
10851232051,r,514
10851248979,r,514
10851380109,r,514
10851640939,r,514
10851644039,r,514
10851924896,r,514
10852658987,r,514
10852699041,r,514
10852761030,s,514
10852823972,r,514
10852955102,s,514
10853074073,r,514
10853079080,r,514
10853120088,r,514
10857727050,r,514
10857758998,r,514
10857862949,r,514
10858127117,r,514
10872848033,r,514
10872910022,r,514
10872914075,r,514
10872971057,r,514
10872972965,r,514
10873105049,s,514
10873445034,r,514
10873450040,r,514
10873491048,r,514
10873791933,r,514
10873857975,r,514
10873859882,r,514
10874696016,r,514
10874701023,r,514
10874748945,r,514
10874958992,s,514
10875689029,r,514
10875694990,r,514
10875735044,r,514
10876075029,r,514
10876332998,r,514
10876338005,r,514
10876460075,r,514
10876595020,r,514
10876636028,r,514
10876821041,r,514
10876846075,r,514
10876847982,r,514
10877377986,r,514
10877382993,r,514
10877422094,r,514
10877751112,r,514
10877845048,s,514
10878005027,r,514
10878009080,r,514
10878392934,r,514
10878597974,r,514
10878621101,r,514
10884239912,r,514
10884289979,r,514
10884293079,r,514
10884855032,r,514
10884860038,r,514
10884898901,r,514
10884973049,s,514
10885278940,r,514
10885282993,r,514
10885360956,r,514
10886034965,r,514
10886075973,r,514
10886077880,r,514
10886307001,r,514
10886321067,r,514
10886430978,r,514
10886435985,r,514
10886527061,r,514
10886667013,r,514
10887042045,r,514
10887044906,r,514
10887293100,r,514
10887399911,r,514
10887437105,r,514
10888024091,r,514
10889507055,r,514
10889511108,r,514
10889549017,r,514
10889911890,r,514
10889950990,r,514
10890254974,r,514
10890568971,r,514
10890572071,r,514
10890609026,r,514
10890836000,r,514
10890855073,r,514
10891006946,r,514
10891350030,r,514
10891352891,r,514
10891927957,r,514
10893419981,s,514
10894731044,r,514
10894737005,r,514
10909604072,r,514
10909625053,r,514
10909658908,r,514
10910213947,r,514
10910258054,r,514
10910259962,r,514
10910729885,s,514
10911150932,r,514
10911851882,r,514
10911894083,r,514
10911896944,r,514
10921269893,r,514
10921284914,r,514
10921333074,r,514
10921489000,s,514
10925044059,r,514
10925049066,r,514
10925090074,r,514
10927985906,r,514
10928028106,r,514
10928030967,r,514
10930311918,r,514
10931715965,r,514
10931750059,r,514
10932440042,r,514
10932493925,r,514
10932497024,r,514
10932599067,s,514
10933846950,r,514
10933851957,r,514
10933892965,r,514
10935281992,r,514
10935324907,r,514
10935328006,r,514
10936562061,r,514
10937345027,r,514
10937391042,r,514
10937427043,r,514
10937443971,r,514
10937454938,r,514
10938699007,r,514
10939049959,r,514
10939088106,r,514
10939625024,r,514
10939661979,r,514
10940088033,r,514
10940124988,r,514
10940126895,r,514
10940886974,r,514
10940888881,r,514
10940979003,s,514
10941118955,s,514
10985929012,r,514
11000169992,s,514
11090883016,r,514
11101566076,s,514
11128971099,r,514
11131107091,r,514
11141041040,r,514
11142251968,s,514
11205283880,r,514
11205302953,r,514
11205358982,r,514
11219676971,s,514
11257010936,r,514
11257172107,s,514
11259566068,s,514
11536423921,r,514
11536444902,r,514
11664387941,r,514
11669696092,s,514
11773802042,r,514
11773993015,s,514
11798301935,r,514
11929907083,s,514
11999663114,s,514
12121934890,r,514
12271949052,r,514
12296391010,r,514
12319775104,s,514
12326936960,s,514
12429687976,s,514
12429774999,s,514
12464680910,r,514
12464695930,r,514
12464754104,r,514
12465038061,r,514
12465060949,r,514
12465775966,r,514
12551146984,s,514
12551420927,s,514
12586941003,s,514
12592784881,r,514
12609654903,s,514
12609723091,s,514
12610018014,s,514
12623339891,r,514
12623344898,r,514
12623409032,r,514
12623411893,r,514
12623456955,r,514
12623459100,r,514
12623604059,r,514
12623606920,r,514
12623692035,s,514
12623733997,s,514
12623851060,r,514
12623856067,r,514
12623905897,r,514
12623907089,r,514
12623965024,s,514
12624850988,r,514
12624856948,r,514
12624898910,r,514
12628678083,s,514
12628730058,s,514
12631427049,r,514
12631433010,r,514
12631546974,s,514
12631592035,r,514
12631853103,r,514
12631886959,r,514
12632098913,r,514
12632535934,r,514
12632540941,r,514
12632827997,r,514
12632895946,s,514
12634643077,r,514
12634649038,r,514
12634691953,r,514
12634803056,r,514
12634845018,r,514
12634931087,r,514
12634979963,r,514
12634982109,r,514
12635015964,r,514
12635129928,r,514
12635132074,r,514
12635133028,r,514
12635427951,r,514
12635442018,r,514
12635490894,r,514
12635493040,r,514
12635591030,r,514
12635593891,r,514
12635901927,r,514
12635905981,r,514
12635962963,r,514
12635965108,r,514
12636033058,r,514
12636101007,s,514
12639909029,s,514
12720932960,r,514
12773531913,r,514
12774207115,r,514
12774255037,r,514
12774257898,r,514
12774769067,r,514
12774782896,r,514
12776686906,r,514
12776693105,r,514
12776736021,r,514
12776860952,r,514
12776892900,r,514
12776925087,s,514
12777458906,r,514
12777605056,r,514
12777647018,r,514
12777970075,r,514
12778011083,r,514
12778013944,r,514
12778079032,r,514
12778089046,r,514
12778239965,r,514
12778243064,r,514
12778280973,r,514
12779155015,r,514
12779201984,r,514
12779205083,r,514
12786505937,r,514
12786509990,r,514
12786550045,r,514
12787475109,r,514
12787522077,r,514
12787524938,r,514
12787626981,s,514
12788948059,r,514
12788953065,r,514
12788996934,r,514
12789346933,r,514
12789391994,r,514
12789395093,r,514
12789472103,r,514
12789474010,r,514
12789648056,r,514
12789650917,r,514
12789688110,r,514
12789690971,r,514
12789736986,r,514
12789901971,s,514
12789949894,r,514
12789952993,r,514
12789953947,r,514
12790023088,r,514
12790081024,r,514
12790196895,r,514
12790229082,r,514
12790231943,r,514
12790311098,s,514
12792445898,r,514
12792490959,r,514
12792534112,r,514
12792536974,r,514
12792597055,r,514
12792598962,r,514
12792634964,r,514
12792637109,r,514
12792671918,r,514
12792674064,r,514
12792707920,r,514
12792710065,r,514
12792761087,r,514
12792763948,r,514
12792807102,r,514
12793062925,r,514
12849175930,r,514
12906604051,r,514
12906617879,r,514
12906672000,r,514
12929723978,s,514
12936784982,r,514
12958177089,s,514
12977566957,r,514
12991681098,s,514
13009706020,s,514
13009761095,s,514
13009864091,s,514
13024693012,s,514
13105905056,r,514
13128752946,r,514
13234078884,r,514
13243010044,s,514
13243623018,s,514
13244047880,s,514
13252255916,r,514
13252263069,r,514
13252321004,r,514
13252324104,r,514
13252397060,r,514
13252399921,r,514
13252450943,r,514
13252454042,r,514
13253024101,r,514
13253027916,r,514
13253065109,r,514
13259654045,s,514
13259844064,s,514
13263079881,r,514
13263550043,r,514
13263575077,r,514
13357626915,r,514
13357644081,r,514
13364917039,s,514
13371928930,r,514
13378567934,r,514
13378880977,r,514
13379491090,r,514
13380119085,r,514
13380422115,r,514
13380489110,r,514
13380491972,r,514
13381112098,r,514
13381115913,r,514
13381156921,r,514
13393122911,s,514
13429739952,s,514
13429863929,s,514
13430104970,s,514
13451841116,r,514
13499991893,r,514
13508549928,s,514
13565953016,r,514
13565973997,r,514
13566205024,s,514
13566346883,s,514
13581243991,r,514
13581250906,r,514
13581659078,r,514
13581661939,r,514
13581715107,r,514
13581717014,r,514
13581763029,r,514
13581764936,r,514
13581803083,r,514
13581861972,r,514
13582082986,r,514
13582360982,r,514
13582793951,r,514
13582797050,r,514
13582834005,r,514
13582978010,r,514
13583014965,r,514
13583203077,r,514
13583394050,r,514
13583398103,r,514
13583618879,r,514
13583622932,r,514
13589732885,s,514
13589780092,r,514
13589782953,r,514
13590015888,s,514
13591654062,r,514
13591660022,r,514
13591702938,r,514
13628282070,r,514
13633986949,s,514
13644640922,r,514
13644844055,r,514
13644905090,r,514
13644907951,r,514
13644943952,r,514
13645380973,r,514
13645418882,r,514
13645422935,r,514
13645468950,r,514
13645644903,r,514
13645682096,r,514
13645684003,r,514
13646058082,r,514
13646061897,r,514
13646176099,r,514
13646178960,r,514
13646224021,r,514
13646226882,r,514
13646260976,r,514
13646264076,r,514
13646296978,r,514
13646300077,r,514
13646332979,r,514
13646336078,r,514
13646740913,r,514
13646744012,r,514
13646780967,r,514
13646784067,r,514
13646825075,r,514
13646826982,r,514
13646881103,r,514
13646883964,r,514
13646918058,r,514
13646920919,r,514
13646956920,r,514
13646959066,r,514
13649836063,s,514
13650084018,s,514
13656421899,r,514
13656426906,r,514
13656514883,r,514
13656517982,r,514
13656553983,r,514
13656748056,r,514
13656800031,r,514
13669688940,s,514
13669776916,r,514
13669783115,r,514
13669802904,r,514
13669805049,r,514
13681051969,r,514
13681061983,r,514
13681428909,r,514
13681432008,r,514
13681863069,r,514
13681865930,r,514
13681904077,r,514
13708775043,r,514
13708848953,r,514
13708853960,r,514
13708890914,r,514
13708893060,r,514
13708928108,r,514
13709001064,r,514
13709057092,r,514
13709059000,r,514
13709104061,r,514
13709105968,r,514
13709395885,r,514
13709398984,r,514
13709867954,r,514
13709873914,r,514
13709930896,r,514
13709933996,r,514
13709969043,r,514
13709970951,r,514
13710040092,r,514
13710042953,r,514
13710068941,r,514
13710241079,r,514
13710279941,r,514
13710283041,r,514
13710362911,r,514
13710366010,r,514
13710433960,r,514
13710563898,r,514
13710602998,r,514
13710606098,r,514
13711021900,r,514
13711026907,r,514
13711067915,r,514
13711321115,r,514
13711364030,r,514
13711366891,r,514
13711410045,r,514
13711412906,r,514
13711447954,r,514
13711550951,r,514
13711599111,r,514
13711601972,r,514
13711826086,s,514
13711875915,r,514
13711878061,r,514
13711879015,r,514
13711998939,r,514
13712038993,r,514
13712040901,r,514
13712173938,s,514
13712316036,r,514
13712532043,s,514
13712857008,r,514
13712862014,r,514
13712903022,r,514
13712904930,r,514
13712939977,r,514
13712941885,r,514
13713073015,s,514
13714003086,s,514
13719398975,r,514
13719407081,r,514
13719451904,r,514
13720124959,r,514
13720164060,r,514
13720299005,r,514
13720632076,s,514
13721308946,r,514
13721314907,r,514
13721710920,r,514
13721714973,r,514
13721796989,r,514
13721798896,r,514
13721843957,r,514
13721847057,r,514
13721949100,r,514
13721951961,r,514
13722255945,r,514
13722269058,r,514
13722290992,r,514
13722292900,r,514
13722345113,r,514
13722481966,r,514
13722520113,r,514
13722522020,r,514
13723160982,r,514
13723162889,r,514
13723200082,r,514
13723381996,r,514
13723418951,r,514
13723421096,r,514
13723706960,r,514
13723709106,r,514
13723745107,r,514
13723933935,r,514
13723970890,r,514
13723973035,r,514
13724025964,r,514
13724028110,r,514
13724155902,r,514
13724158048,r,514
13724195003,r,514
13724272012,r,514
13724307060,r,514
13724383115,r,514
13724419117,r,514
13724421024,r,514
13724519968,r,514
13724523067,r,514
13724606990,r,514
13724610090,r,514
13724628925,r,514
13724754095,r,514
13724797010,r,514
13724800109,r,514
13725018024,r,514
13725020885,r,514
13725094080,r,514
13725096941,r,514
13725224971,r,514
13725229024,r,514
13725394010,s,514
13725598096,s,514
13725764036,r,514
13725766897,r,514
13725878953,r,514
13725882053,r,514
13725919961,r,514
13725969076,r,514
13726037979,s,514
13726118087,r,514
13726120948,r,514
13726254940,r,514
13726413011,s,514
13726450920,r,514
13726453065,r,514
13726454019,r,514
13726602077,r,514
13726643085,r,514
13726644992,r,514
13726777076,r,514
13726779937,r,514
13726890087,r,514
13726892948,r,514
13726929903,r,514
13726932048,r,514
13727025032,s,514
13727077961,r,514
13727080106,r,514
13727080106,r,514
13727081060,r,514
13727248907,s,514
13731230020,r,514
13731235027,r,514
13731667041,r,514
13731672048,r,514
13731710910,r,514
13732294082,r,514
13732345104,r,514
13732347011,r,514
13732459068,r,514
13732461929,r,514
13732508897,r,514
13732749939,s,514
13733273029,r,514
13733397960,r,514
13733428955,r,514
13733953952,r,514
13733974933,r,514
13734023094,r,514
13734158992,r,514
13734163045,r,514
13734225988,r,514
13734317064,r,514
13734354972,r,514
13734404087,r,514
13734422922,r,514
13734576940,r,514
13734595060,r,514
13734699964,r,514
13734889030,r,514
13734891891,r,514
13735013961,r,514
13735132932,r,514
13735152006,r,514
13735332012,r,514
13735351085,r,514
13735455036,r,514
13735492944,r,514
13735495090,r,514
13735610961,r,514
13735615015,r,514
13735651016,r,514
13735652923,r,514
13735769987,r,514
13735773086,r,514
13735814094,r,514
13735930919,r,514
13735986948,r,514
13736035108,r,514
13736082077,r,514
13740688085,s,514
13756396055,r,514
13810564994,s,514
13922038078,r,514
13922276973,s,514
13972012043,r,514
13972024917,r,514
13972084999,r,514
13972088098,r,514
13972134113,r,514
13972750902,r,514
13972776889,r,514
13972779989,r,514
13973622083,r,514
13973627090,r,514
13973773956,r,514
13974466085,r,514
13974673032,r,514
13974675893,r,514
13974930048,r,514
13974942922,r,514
13974978923,r,514
13975411891,r,514
13975449085,r,514
13975451946,r,514
13979619026,s,514
13979854106,s,514
13980344057,r,514
13980350017,r,514
13980400085,r,514
13999931097,s,514
14006820917,r,514
14006871938,r,514
14006875991,r,514
14017344951,r,514
14071326971,r,514
14090224027,r,514
14109683036,s,514
14127243995,s,514
14162434101,r,514
14163069963,r,514
14163115978,r,514
14163569927,r,514
14163611888,r,514
14163614988,r,514
14163743972,r,514
14163747072,r,514
14173964977,r,514
14173971891,r,514
14173997879,r,514
14218262910,r,514
14270555019,r,514
14270581007,r,514
14270710945,r,514
14270714044,r,514
14270750999,r,514
14270754098,r,514
14270800113,r,514
14272190094,r,514
14272232055,r,514
14272234916,r,514
14272581100,r,514
14272584915,r,514
14272620916,r,514
14272707939,r,514
14272754907,r,514
14272914886,r,514
14272979021,r,514
14272989988,r,514
14273025035,r,514
14273201942,r,514
14273231029,r,514
14273432016,r,514
14273463010,r,514
14273464918,r,514
14273480892,r,514
14273574113,r,514
14273611068,r,514
14273612976,r,514
14274075985,r,514
14274080038,r,514
14274136066,r,514
14274137973,r,514
14274173021,r,514
14274174928,r,514
14274209976,r,514
14274564027,r,514
14274585008,r,514
14274586916,r,514
14274602890,r,514
14274647951,r,514
14274667024,r,514
14274668932,r,514
14274688959,r,514
14275001049,r,514
14275042057,r,514
14275044918,r,514
14275324106,r,514
14275326967,r,514
14275345087,r,514
14275561094,r,514
14275599956,r,514
14275603056,r,514
14275680065,r,514
14275682926,r,514
14275722026,r,514
14275824070,r,514
14275861978,r,514
14275938034,r,514
14275974988,r,514
14276026010,r,514
14276029110,r,514
14276101112,r,514
14276103973,r,514
14276221036,r,514
14276223897,r,514
14276226043,r,514
14276329040,r,514
14279328107,r,514
14279335975,r,514
14279337883,r,514
14279580116,r,514
14279583931,r,514
14279584884,r,514
14279670953,r,514
14279673099,r,514
14279674053,r,514
14279823064,r,514
14279941082,r,514
14279943943,r,514
14279946088,r,514
14280044078,r,514
14280045986,r,514
14280154943,r,514
14280256032,s,514
14280354976,r,514
14280364036,r,514
14280364990,r,514
14280365943,r,514
14280417919,r,514
14280420064,r,514
14280421018,r,514
14280600071,r,514
14280602932,r,514
14280700922,r,514
14280704021,r,514
14280704975,r,514
14280893087,r,514
14280896902,r,514
14280898094,r,514
14280899047,r,514
14280982017,r,514
14280983924,r,514
14282537937,s,514
14282921075,s,514
14283173084,s,514
14283351898,s,514
14283644914,s,514
14283919096,s,514
14284074068,s,514
14284554004,r,514
14284559965,r,514
14284612894,r,514
14284847974,r,514
14284888029,r,514
14284890890,r,514
14285031080,r,514
14285222053,r,514
14285259962,r,514
14285351038,r,514
14285388946,r,514
14285419940,r,514
14285712957,r,514
14285717010,r,514
14285754919,r,514
14286493063,r,514
14286534071,r,514
14286536932,r,514
14286643028,r,514
14287452936,r,514
14287494897,r,514
14287497997,r,514
14287751913,r,514
14287755012,r,514
14287854909,s,514
14288019895,r,514
14288163900,r,514
14288187027,r,514
14288337945,r,514
14288558960,r,514
14288563013,r,514
14288969993,r,514
14289334058,r,514
14289378881,r,514
14289381027,r,514
14289417028,r,514
14289418935,r,514
14289453029,r,514
14289633035,r,514
14289717912,r,514
14289721012,r,514
14289853096,r,514
14289856910,r,514
14290086984,r,514
14290297985,r,514
14290340900,r,514
14290343999,r,514
14290397882,r,514
14290448904,r,514
14290469884,r,514
14290728092,r,514
14290770053,r,514
14290771961,r,514
14290992021,r,514
14290996074,r,514
14291219949,r,514
14291649103,r,514
14291713953,r,514
14291717052,r,514
14291754007,r,514
14291755914,r,514
14291795969,r,514
14291898965,r,514
14291943073,r,514
14291944980,r,514
14292066097,r,514
14292068958,r,514
14292088031,r,514
14292295932,r,514
14292337894,r,514
14292340993,r,514
14292376041,r,514
14292377948,r,514
14292599916,r,514
14292603015,r,514
14292640924,r,514
14292643070,r,514
14292699098,r,514
14292701005,r,514
14292757988,r,514
14292759895,r,514
14292798996,r,514
14292855024,r,514
14292895078,r,514
14292897939,r,514
14292898893,r,514
14292901039,r,514
14293080091,s,514
14293273925,s,514
14293546915,s,514
14293821096,s,514
14293976068,s,514
14347882032,s,514
14369678974,s,514
14370235920,s,514
14386110067,r,514
14419720888,s,514
14436374902,r,514
14447505950,r,514
14467829942,s,514
14539851903,r,514
14541419982,r,514
14548542976,s,514
14548638105,s,514
14548873901,s,514
14549417972,s,514
14556643009,r,514
14567127943,r,514
14567642927,r,514
14578273057,r,514
14589595079,r,514
14589869022,s,514
14590008974,s,514
14600739002,r,514
14600748062,r,514
14611917018,r,514
14625929117,r,514
14641736984,r,514
14645226001,s,514
14653640985,r,514
14668134927,r,514
14669120073,r,514
14681643962,r,514
14693702936,r,514
14693718910,r,514
14693799018,r,514
14696036100,r,514
14696088075,r,514
14696089983,r,514
14697582960,r,514
14697587013,r,514
14697623968,r,514
14698385000,r,514
14698450088,r,514
14698453903,r,514
14699408054,r,514
14699412107,r,514
14699448108,r,514
14700460910,r,514
14700500011,r,514
14700510978,r,514
14700558900,r,514
14700570106,r,514
14700606107,r,514
14700745105,s,514
14700978994,s,514
14701611995,r,514
14701617956,r,514
14701648950,r,514
14702601909,r,514
14702625989,r,514
14703166008,r,514
14703207969,r,514
14703294038,s,514
14703460931,r,514
14703465938,r,514
14703517913,r,514
14704577922,r,514
14704622030,r,514
14704624891,r,514
14704968929,r,514
14704972982,r,514
14705014944,r,514
14705322027,r,514
14706841945,s,514
14707194089,r,514
14707197904,r,514
14707247972,r,514
14707309961,s,514
14707628011,s,514
14708101034,r,514
14708105087,r,514
14708683013,r,514
14709369897,r,514
14709408998,r,514
14709980964,r,514
14710330009,r,514
14710333108,r,514
14710464954,r,514
14711006879,r,514
14711045026,r,514
14711144924,r,514
14711181879,r,514
14711184024,r,514
14711287975,r,514
14711289882,r,514
14711369037,r,514
14711548090,r,514
14711585044,r,514
14711587905,r,514
14711838960,r,514
14711955070,r,514
14712002992,r,514
14712006092,r,514
14712039947,r,514
14712106943,r,514
14712126016,r,514
14712127924,r,514
14712208032,r,514
14712210893,r,514
14712290048,s,514
14712326049,r,514
14712328910,r,514
14712328910,r,514
14712614059,s,514
14712743043,r,514
14712747097,r,514
14712797880,r,514
14712802887,r,514
14713291883,s,514
14721848011,r,514
14735200882,r,514
14735249042,r,514
14746265888,r,514
14757858991,r,514
14769121885,r,514
14774944067,s,514
14784343957,r,514
14796495914,r,514
14797091960,r,514
14815491914,r,514
14832863092,r,514
14832876920,r,514
14840761899,r,514
14846193075,s,514
14856765985,r,514
14858629941,s,514
14868802070,r,514
14880626916,r,514
14880680084,r,514
14880764007,s,514
14892908096,r,514
14899640083,s,514
14924590110,r,514
14939008951,r,514
14950501918,r,514
14962853908,r,514
14988029956,r,514
15004388093,r,514
15020070076,r,514
15027549028,r,514
15027631044,r,514
15027636051,r,514
15027683019,r,514
15027684927,r,514
15027730941,r,514
15028718948,r,514
15028851032,r,514
15028855085,r,514
15034904956,r,514
15034912109,r,514
15034957885,r,514
15041311979,r,514
15041357994,r,514
15041363000,r,514
15041428089,r,514
15041430950,r,514
15041457891,r,514
15041539907,s,514
15041701078,r,514
15041713953,r,514
15041753053,r,514
15041870117,s,514
15051711082,r,514
15051716089,r,514
15051758050,r,514
15052844047,r,514
15060174942,r,514
15060182094,r,514
15060230016,r,514
15066751003,r,514
15066808939,r,514
15066812038,r,514
15077047109,r,514
15077229976,r,514
15077831029,s,514
15079359054,s,514
15095859050,r,514
15095865011,r,514
15095916032,r,514
15124104023,r,514
15124167919,r,514
15124171972,r,514
15134430885,r,514
15139607906,s,514
15151004076,r,514
15151021957,r,514
15180313110,r,514
15180866956,r,514
15200907945,r,514
15223922967,r,514
15224015951,r,514
15235255956,r,514
15235302925,r,514
15270236969,r,514
15296468019,r,514
15309103012,r,514
15319017887,r,514
15380341053,r,514
15380357027,r,514
15380445003,r,514
15380449056,r,514
15380505085,r,514
15380507946,r,514
15380553007,r,514
15380556106,r,514
15388631105,s,514
15388921022,s,514
15391421079,r,514
15391427993,r,514
15391469955,r,514
15410003900,r,514
15410062074,r,514
15410064935,r,514
15410154104,r,514
15410156965,r,514
15410343885,r,514
15410346984,r,514
15410381078,r,514
15410382986,r,514
15410455942,r,514
15421485900,r,514
15421541929,r,514
15437005043,r,514
15437222003,r,514
15437228918,r,514
15447189092,r,514
15447299957,s,514
15447956085,r,514
15483237028,r,514
15576172113,r,514
15583843946,r,514
15595228910,r,514
15682859897,s,514
15704375982,r,514
15704633951,s,514
15718230962,s,514
15991657972,r,514
15991674900,r,514
15993375062,r,514
15993380069,r,514
15994523048,r,514
15994527101,r,514
15994565963,r,514
16002657890,r,514
16002706050,r,514
16046083927,r,514
16049627065,s,514
16050206899,s,514
16119580030,r,514
16125593900,s,514
16172790050,r,514
16175306081,s,514
16287260055,r,514
16340467929,r,514
16455044984,r,514
16669429063,s,514
16682303905,r,514
16682365894,r,514
16696485042,s,514
16821903943,r,514
16821918964,r,514
16821974992,r,514
16821978092,r,514
16821995973,r,514
16822000026,r,514
16822025060,r,514
16822027921,r,514
16822043895,r,514
16822046041,r,514
16822273016,s,514
16832848072,r,514
16832854032,r,514
16832896947,r,514
16949939012,r,514
16953455925,s,514
17250655889,r,514
17250844001,s,514
17269983053,r,514
17270001888,r,514
17270150899,r,514
17270154953,r,514
17270194053,r,514
17280867099,r,514
17280914068,r,514
17379340887,r,514
17547085046,r,514
17705466032,r,514
17705518007,r,514
17719436883,s,514
17960045099,r,514
17960072040,r,514
17960146904,r,514
17960150003,r,514
17960192918,r,514
17960822105,r,514
17975402116,r,514
17975411891,r,514
18088183879,r,514
18255985975,r,514
18256252050,s,514
18642565965,r,514
18714443922,r,514
18714494943,r,514
18809959888,r,514
18814415931,s,514
18974273920,r,514
18974291086,r,514
18974348068,r,514
18974505901,s,514
18979672908,s,514
18981643915,r,514
18981650114,r,514
18982167959,r,514
19102288961,r,514
19102503061,s,514
19102844953,s,514
19179300069,r,514
19241780996,r,514
19290992975,r,514
19291112899,r,514
19291177988,r,514
19291181087,r,514
19291223049,r,514
19291224956,r,514
19291429996,s,514
19301405906,r,514
19301431894,r,514
19419279098,r,514
19419647932,s,514
19586846113,r,514
19607862949,r,514
19714937925,r,514
19735260009,s,514
19786370992,r,514
19878854036,r,514
19878871917,r,514
19879264116,s,514
19979815006,s,514
19980055093,s,514
19999664068,s,514
19999795913,s,514
19999854087,s,514
19999953985,s,514
20023922920,r,514
20023938894,r,514
20332875013,r,514
23999211072,s,514
23999394893,s,514
