0,r,514
164503097,r,514
388393163,r,514
2437947988,s,514
2438119173,s,514
3805225133,s,514
4106338977,r,514
4114845037,s,514
4437990188,s,514
4791918039,r,514
5124755144,r,514
5124782085,r,514
5124830007,r,514
5124833106,r,514
5124860048,r,514
5124862194,r,514
5133681058,r,514
5133696079,r,514
5133761167,r,514
5162708997,s,514
5179774045,r,514
5257701158,r,514
5257776975,r,514
5257817983,r,514
5265972137,r,514
5266005039,r,514
5270327091,r,514
5270380020,r,514
5270426988,r,514
5277548074,r,514
5277584075,r,514
5277611970,r,514
5306231021,r,514
5306248188,r,514
5306504011,s,514
5309851169,r,514
5309864044,r,514
5318423986,r,514
5365298986,s,514
5365660190,s,514
5365995168,s,514
5366312980,s,514
5390438079,r,514
5395531177,s,514
5395853042,s,514
5396178007,s,514
5400619030,r,514
5400635004,r,514
5400660037,r,514
5400906085,r,514
5400938034,r,514
5400974035,r,514
5401002168,r,514
5401004076,r,514
5403674125,r,514
5403684139,r,514
5403732061,r,514
5404292106,r,514
5404383182,s,514
5411535978,s,514
5426277160,s,514
5426624059,s,514
5450181961,r,514
5450196981,r,514
5462952136,s,514
5477004051,s,514
5505303144,s,514
5505665063,s,514
5523283958,r,514
5523372173,s,514
5523550987,s,514
5523967027,s,514
5524016141,s,514
5524053096,s,514
5524626016,s,514
5524960994,s,514
5535125017,s,514
5535464048,s,514
5555390119,s,514
5555776119,s,514
5618551969,s,514
5618793010,s,514
5619357109,s,514
5659726142,s,514
5671969175,r,514
5685503005,s,514
5686052083,s,514
5713845014,r,514
5736714124,r,514
5763354063,r,514
5782481193,r,514
5782526969,r,514
5782531023,r,514
5782549142,r,514
5782552003,r,514
5794371128,r,514
5794378042,r,514
5794425010,r,514
5815507173,r,514
5815541028,r,514
5815869092,r,514
5819106101,r,514
5824014186,r,514
5824042081,r,514
5826032161,r,514
5826071977,r,514
5826075077,r,514
5827566146,r,514
5827579021,r,514
5827641963,r,514
5827654123,r,514
5827700138,r,514
5834868192,s,514
5834915161,r,514
5839161157,r,514
5863528013,r,514
5864257097,r,514
5864334106,r,514
5864336967,r,514
5864391088,r,514
5864392995,r,514
5864436149,r,514
5870690107,r,514
5870733022,r,514
5870735168,r,514
5871453046,r,514
5871458053,r,514
5871509075,r,514
5871587991,s,514
5875991106,r,514
5875996112,r,514
5902618169,r,514
5902625083,r,514
5902670145,r,514
5906107187,r,514
5906285047,s,514
5915551185,r,514
5915556192,r,514
5915651082,r,514
5915652990,r,514
5915718078,r,514
5915721178,r,514
5915765047,r,514
5915776014,r,514
5915841102,r,514
5915843009,r,514
5915878057,r,514
5915881156,r,514
5927201986,r,514
5927260160,r,514
5927302122,r,514
5927304983,r,514
5927340030,r,514
5927342176,r,514
5948503971,r,514
5948511123,r,514
5948552131,r,514
5948554039,r,514
5952031135,r,514
5952035188,r,514
5952100992,r,514
5952104091,r,514
5952260017,s,514
5952486038,s,514
5952625989,s,514
5953644990,s,514
5953694105,s,514
5957014083,r,514
5957019090,r,514
5957067966,r,514
5957071065,r,514
5957221984,s,514
5959015131,r,514
5959032058,r,514
5959082126,r,514
5959084987,r,514
5959133148,r,514
5959136009,r,514
5960463047,r,514
5960469961,r,514
5960572004,r,514
5960575103,r,514
5960622072,r,514
5960623979,r,514
5960669994,r,514
5960672140,r,514
5960705995,r,514
5960836172,s,514
5974106073,r,514
5974120140,r,514
5991713047,r,514
5996545076,r,514
5996610164,r,514
5996613979,r,514
5996651172,r,514
5996819972,s,514
5997114181,r,514
5997120141,r,514
5997150182,r,514
5997236013,r,514
5997292041,r,514
5997426033,r,514
5997482061,r,514
5997485160,r,514
5997531175,r,514
5997533082,r,514
5997575044,r,514
5997577190,r,514
5997761011,s,514
6003802061,r,514
6003808021,r,514
6003888130,r,514
6003890037,r,514
6003931045,r,514
6003933191,r,514
6004101991,s,514
6004229068,r,514
6006703138,r,514
6006746053,r,514
6006749153,r,514
6029716014,r,514
6029728174,r,514
6034185171,r,514
6034193992,r,514
6034458160,r,514
6034461975,r,514
6034818172,s,514
6035509109,r,514
6035515069,r,514
6035557031,r,514
6036391019,r,514
6036427021,r,514
6040695190,r,514
6048354148,r,514
6048361063,r,514
6048489093,r,514
6048492193,r,514
6048693180,r,514
6048696994,r,514
6048726081,r,514
6048729181,r,514
6048745155,r,514
6048747062,r,514
6048762083,r,514
6048890113,r,514
6048938035,r,514
6048940181,r,514
6048987150,r,514
6048989057,r,514
6049089193,r,514
6049092054,r,514
6049129009,r,514
6049131155,r,514
6049188137,r,514
6049190998,r,514
6049327135,s,514
6083455085,r,514
6083470106,r,514
6083839178,s,514
6084061145,r,514
6084066152,r,514
6084984064,r,514
6084989070,r,514
6085031032,r,514
6086306095,r,514
6086352109,r,514
6086354970,r,514
6086461067,s,514
6087363958,r,514
6087370157,r,514
6087412118,r,514
6087766170,r,514
6087810993,r,514
6087814092,r,514
6088052988,r,514
6088055133,r,514
6088092088,r,514
6088631153,r,514
6088678121,r,514
6088942050,r,514
6089037179,r,514
6089040040,r,514
6089084148,r,514
6089086055,r,514
6089148044,r,514
6089150190,r,514
6089194059,r,514
6089195966,r,514
6089235067,r,514
6089816093,r,514
6089862108,r,514
6089864015,r,514
6093569993,r,514
6094371080,s,514
6101468086,r,514
6120822191,r,514
6120896101,r,514
6120900154,r,514
6120947122,r,514
6120949983,r,514
6120994091,r,514
6121224164,s,514
6121373176,r,514
6121376037,r,514
6121454000,r,514
6121459960,r,514
6121514081,r,514
6121515989,r,514
6121634960,s,514
6121809005,r,514
6122320175,r,514
6122354030,r,514
6122390031,s,514
6122495174,r,514
6122498035,r,514
6122606039,r,514
6122610092,r,514
6122629165,r,514
6125080108,r,514
6125159978,r,514
6125163078,r,514
6125202178,r,514
6125204086,r,514
6125262975,r,514
6133275985,r,514
6133337974,r,514
6133342027,r,514
6155272960,r,514
6155296087,r,514
6155366182,r,514
6155369043,r,514
6155408144,r,514
6155410051,r,514
6155579090,s,514
6156224966,r,514
6156231164,r,514
6156264066,r,514
6162163972,r,514
6162216186,r,514
6162219047,r,514
6162237167,r,514
6162395000,r,514
6162433147,r,514
6162435054,r,514
6162481069,r,514
6162482976,r,514
6162528991,r,514
6162820100,r,514
6162858009,r,514
6162861108,r,514
6163181066,r,514
6163885116,s,514
6164082050,s,514
6165287017,r,514
6165297985,r,514
6165337085,r,514
6165340185,r,514
6165641069,r,514
6165645122,r,514
6165692090,r,514
6165693998,r,514
6165790081,r,514
6165794134,r,514
6169960975,r,514
6169972181,r,514
6170013189,r,514
6187743186,r,514
6187806129,r,514
6203111171,r,514
6203145027,r,514
6203536987,r,514
6203610181,r,514
6203613042,r,514
6203690052,r,514
6203691959,r,514
6203737020,r,514
6203739166,r,514
6203773975,r,514
6203920125,r,514
6203967094,r,514
6203970193,r,514
6204951047,r,514
6204955101,r,514
6205002069,r,514
6208352088,s,514
6208582162,s,514
6210463047,r,514
6210469007,r,514
6210510969,r,514
6215559005,r,514
6215614080,r,514
6215617179,r,514
6215653181,r,514
6216014146,r,514
6216052055,r,514
6216057062,r,514
6216150045,r,514
6216152191,r,514
6216187000,r,514
6217506170,r,514
6217740058,r,514
6217744112,r,514
6224792003,s,514
6227735996,r,514
6235167026,r,514
6251497983,r,514
6251514196,r,514
6251666069,r,514
6251669168,r,514
6251722097,r,514
6251733064,r,514
6251813173,r,514
6251816034,r,514
6251937150,r,514
6251939058,r,514
6251981019,r,514
6251984119,r,514
6252019166,r,514
6252021074,r,514
6252056121,r,514
6252058982,r,514
6257057189,s,514
6264945030,r,514
6264966011,r,514
6265047073,r,514
6265050172,r,514
6265112161,r,514
6265115022,r,514
6265160083,r,514
6265163183,r,514
6265197038,r,514
6265343189,r,514
6265392065,r,514
6265520095,s,514
6265558004,r,514
6265755176,s,514
6265985012,r,514
6265990018,r,514
6266065120,r,514
6266424179,r,514
6266496181,r,514
6266499042,r,514
6266535997,r,514
6266538143,r,514
6266573190,r,514
6266766071,r,514
6266895055,r,514
6266966104,r,514
6267006158,r,514
6267008066,r,514
6267062187,r,514
6267064094,r,514
6267163038,r,514
6267167091,r,514
6267222166,s,514
6267263174,s,514
6267300128,s,514
6267371177,s,514
6267409086,s,514
6267539978,s,514
6268059015,s,514
6268108129,s,514
6268144130,s,514
6268234014,s,514
6280270099,r,514
6282526016,r,514
6282570123,r,514
6282572984,r,514
6282930135,s,514
6298578977,s,514
6299257040,s,514
6299587011,s,514
6300036191,s,514
6300672054,r,514
6300677061,r,514
6300749063,r,514
6300862073,s,514
6301156044,r,514
6301225185,r,514
6301265001,r,514
6304771184,s,514
6306362152,r,514
6306462049,r,514
6306560039,r,514
6306564092,r,514
6306645154,r,514
6306648015,r,514
6306684017,r,514
6310953140,r,514
6311000108,r,514
6311002969,r,514
6311040163,r,514
6311336994,r,514
6311357975,r,514
6311617136,r,514
6311655044,r,514
6311887979,r,514
6312124967,r,514
6312235116,r,514
6312438964,r,514
6312442064,r,514
6312478065,r,514
6313003063,r,514
6313023090,r,514
6313026189,r,514
6313042163,r,514
6313152074,r,514
6313189029,r,514
6313191175,r,514
6313232183,r,514
6313309192,r,514
6313328027,r,514
6313330173,r,514
6313347101,r,514
6313349008,r,514
6317698001,s,514
6318519115,s,514
6353718996,r,514
6353780031,r,514
6353834152,r,514
6353836059,r,514
6353914022,r,514
6353917121,r,514
6353955030,r,514
6354189157,s,514
6355570077,r,514
6355576038,r,514
6355618000,r,514
6355751991,r,514
6355794191,r,514
6355883121,r,514
6355970144,s,514
6356063127,r,514
6356067180,r,514
6356413125,r,514
6356419086,r,514
6356459140,r,514
6358370065,r,514
6358441114,r,514
6358443975,r,514
6358482122,r,514
6358484029,r,514
6358519077,r,514
6358520984,r,514
6362114191,r,514
6362118959,r,514
6368067026,r,514
6391335010,r,514
6399619102,r,514
6399634122,r,514
6399706125,r,514
6399708032,r,514
6399746179,r,514
6399748086,r,514
6399919033,r,514
6399922132,r,514
6400402069,r,514
6400405168,r,514
6400441169,r,514
6400815963,r,514
6401091098,r,514
6401093959,r,514
6401437997,r,514
6402135133,s,514
6402310132,s,514
6402486085,r,514
6402491092,r,514
6402705192,r,514
6402709007,r,514
6402749061,r,514
6402752161,r,514
6402813196,r,514
6402815103,r,514
6402913093,r,514
6402917146,r,514
6403026103,r,514
6403030157,r,514
6403048992,r,514
6403133153,r,514
6403151988,r,514
6403185129,r,514
6403202056,r,514
6403269052,s,514
6405811071,r,514
6405817031,r,514
6405838966,r,514
6409794092,s,514
6444193124,r,514
6444207191,r,514
6444662094,s,514
6446489095,r,514
6446494102,r,514
6446542978,r,514
6446545124,r,514
6446581125,r,514
6447019100,r,514
6447061061,r,514
6447062969,r,514
6447170019,s,514
6447584152,r,514
6447587966,r,514
6447627067,r,514
6448312044,r,514
6448405981,s,514
6448708057,r,514
6448712110,r,514
6448879003,s,514
6459645032,r,514
6459650039,r,514
6492761135,r,514
6492777109,r,514
6505015134,s,514
6505280017,s,514
6505452156,s,514
6518411159,s,514
6524178981,r,514
6526216030,r,514
6526250123,r,514
6526760101,r,514
6526781082,r,514
6526900053,r,514
6526937007,r,514
6527090072,r,514
6527127027,r,514
6527173042,r,514
6527848958,r,514
6527852058,r,514
6527871131,r,514
6528583049,r,514
6529086112,r,514
6529090166,r,514
6529126167,r,514
6529528141,r,514
6529565095,r,514
6529829978,r,514
6530035018,s,514
6530084133,s,514
6530419111,r,514
6530518054,r,514
6530574083,r,514
6530698060,r,514
6530740022,r,514
6530742168,r,514
6531141042,r,514
6531146049,r,514
6531187057,r,514
6531874179,r,514
6531898975,r,514
6532169103,r,514
6532191991,r,514
6532194137,r,514
6532360076,r,514
6532365083,r,514
6532454013,r,514
6532510042,s,514
6532642126,r,514
6532646179,r,514
6532665014,r,514
6532934188,r,514
6532956123,r,514
6533241033,r,514
6533272981,r,514
6533276081,r,514
6533437967,r,514
6533441066,r,514
6533542156,r,514
6533544063,r,514
6533581018,r,514
6533583164,r,514
6533874988,r,514
6533895969,r,514
6533934116,r,514
6534562110,r,514
6534778118,r,514
6534782171,r,514
6535097122,r,514
6535099983,r,514
6535119056,r,514
6541679143,r,514
6541738986,r,514
6541743993,r,514
6541785001,r,514
6541787147,r,514
6541807174,r,514
6541810035,r,514
6541826009,r,514
6541828155,r,514
6541845083,r,514
6541848182,r,514
6541864156,r,514
6541866064,r,514
6541882038,r,514
6541884183,r,514
6541898965,r,514
6541913986,r,514
6541931152,r,514
6541933059,r,514
6543719053,s,514
6548909187,s,514
6549120187,s,514
6549385070,s,514
6549969196,s,514
6550307989,s,514
6574840068,r,514
6574850082,r,514
6574905157,r,514
6575174093,s,514
6575464010,r,514
6575468063,r,514
6575839996,r,514
6575844049,r,514
6575883150,r,514
6576102018,r,514
6576125144,r,514
6576579093,r,514
6576621055,r,514
6576624155,r,514
6578159093,r,514
6578484058,r,514
6578507184,r,514
6578788042,r,514
6578896045,r,514
6578899145,r,514
6579440116,r,514
6579445123,r,514
6579466104,r,514
6580600023,r,514
6580623149,r,514
6580625057,r,514
6581485033,r,514
6581488132,r,514
6582053184,r,514
6582173109,r,514
6582535028,r,514
6582540035,r,514
6582830190,r,514
6583019018,r,514
6583059072,r,514
6583060979,r,514
6583698034,r,514
6584558963,r,514
6584580183,r,514
6584635972,r,514
6584683179,r,514
6584689140,r,514
6584840059,r,514
6585196971,r,514
6585222005,r,514
6585244178,s,514
6585491180,r,514
6585628986,s,514
6585757017,r,514
6585760116,r,514
6585824012,r,514
6586445093,r,514
6586488962,r,514
6586492061,r,514
6586833000,s,514
6586892127,s,514
6586927175,r,514
6586929082,r,514
6587040185,r,514
6587860107,r,514
6587979078,r,514
6587982177,r,514
6588631153,r,514
6588634967,r,514
6588654994,r,514
6589238166,r,514
6589498043,r,514
6589501142,r,514
6589976072,r,514
6590238094,s,514
6590296030,r,514
6590298175,r,514
6590334177,s,514
6590363979,r,514
6590458154,s,514
6590610980,s,514
6590777158,s,514
6590970039,r,514
6590974092,r,514
6590994119,r,514
6591096162,s,514
6591247081,s,514
6591427087,r,514
6591430187,r,514
6591519117,r,514
6591595172,s,514
6591832160,r,514
6591837167,r,514
6592189073,r,514
6592192173,r,514
6592298030,r,514
6592301130,r,514
6592337131,r,514
6592377185,r,514
6592794179,r,514
6592797994,r,514
6592833995,r,514
6592837095,r,514
6592885017,r,514
6592887163,r,514
6592924118,r,514
6593068122,r,514
6593087196,r,514
6593198060,r,514
6593240022,r,514
6593242168,r,514
6593296051,r,514
6593297958,r,514
6593333005,r,514
6593423128,r,514
6593461036,r,514
6594253063,s,514
6594619989,s,514
6613635063,s,514
6622877120,s,514
6633186101,r,514
6633203029,r,514
6633529186,r,514
6633533000,r,514
6633635997,r,514
6634552001,r,514
6634615182,r,514
6634620189,r,514
6634668111,r,514
6635022163,r,514
6635048151,r,514
6635432958,r,514
6635538101,r,514
6635542154,r,514
6635897159,r,514
6635904073,r,514
6635969161,r,514
6636542081,r,514
6636582136,r,514
6636584043,r,514
6637082099,r,514
6637259960,r,514
6637298107,r,514
6637446165,r,514
6637484073,r,514
6637538194,r,514
6637820005,r,514
6637824058,r,514
6637896060,r,514
6637899160,r,514
6638005971,r,514
6638195991,r,514
6638233184,r,514
6638265132,r,514
6638267993,r,514
6638372182,r,514
6638375997,r,514
6638452053,s,514
6638487100,r,514
6638489007,r,514
6638552188,r,514
6638552188,r,514
6638627052,r,514
6638797998,r,514
6638838052,r,514
6638839960,r,514
6638915061,r,514
6638916969,r,514
6638952970,r,514
6638955116,r,514
6639346122,r,514
6639348983,r,514
6639389038,r,514
6639595985,s,514
6639708995,r,514
6639714002,r,514
6639753103,r,514
6639975070,r,514
6639997959,r,514
6640058994,r,514
6640098094,r,514
6640100002,r,514
6640182971,r,514
6640186071,r,514
6640272140,r,514
6641728162,s,514
6643719196,s,514
6643804073,s,514
6643951177,s,514
6644234180,s,514
6644289016,s,514
6646039009,r,514
6646044015,r,514
6646085977,r,514
6646831989,r,514
6646860122,r,514
6646862030,r,514
6646880149,r,514
6646883010,r,514
6646898984,r,514
6647065162,r,514
6647086143,r,514
6647399187,r,514
6647515058,r,514
6647518157,r,514
6647555112,r,514
6647662162,r,514
6647700071,r,514
6647771120,r,514
6647976160,r,514
6647979021,r,514
6648079156,r,514
6648082017,r,514
6648137092,r,514
6648138999,r,514
6648174047,r,514
6648267030,r,514
6648436069,r,514
6649571180,r,514
6649598121,r,514
6651981115,s,514
6652099132,s,514
6652325153,s,514
6652641057,s,514
6659284114,r,514
6659310102,r,514
6659348964,r,514
6659475088,r,514
6659514188,r,514
6659590959,r,514
6659655094,r,514
6659658193,r,514
6659733057,r,514
6659736156,r,514
6659770965,r,514
6659774065,r,514
6659866094,r,514
6659869194,r,514
6659970998,r,514
6659974098,r,514
6660014152,r,514
6660017013,r,514
6660727024,r,514
6660732030,r,514
6660773992,r,514
6660776138,r,514
6660830974,r,514
6660833120,r,514
6660870075,r,514
6660920143,r,514
6661900043,r,514
6661904096,r,514
6661962032,r,514
6662162065,s,514
6668642997,s,514
6670819044,r,514
6670823097,r,514
6670864105,r,514
6671081066,r,514
6671204090,r,514
6671207189,r,514
6671247959,r,514
6671250104,r,514
6671454191,r,514
6671457052,r,514
6671494960,r,514
6671555042,r,514
6671611070,r,514
6671612977,r,514
6671648979,r,514
6671651124,r,514
6671687126,r,514
6671792030,r,514
6671841144,r,514
6671843051,r,514
6671897172,r,514
6671900033,r,514
6671936035,r,514
6672008037,r,514
6672044992,r,514
6672048091,r,514
6672229051,r,514
6672233104,r,514
6672252178,r,514
6672254085,r,514
6672274112,r,514
6672276020,r,514
6672293186,r,514
6672295093,r,514
6672383069,r,514
6672386169,r,514
6677930116,s,514
6677977085,s,514
6678104162,s,514
6678264141,s,514
6686696052,r,514
6686777114,r,514
6686840057,r,514
6686841964,r,514
6686887979,r,514
6703444004,r,514
6703598022,r,514
6705101013,r,514
6705168962,r,514
6705172061,r,514
6705247163,r,514
6705253124,r,514
6705554008,r,514
6705557107,r,514
6705635070,r,514
6705636978,r,514
6705689191,r,514
6705691099,r,514
6705744981,r,514
6705748081,r,514
6705842018,r,514
6705845117,r,514
6705881118,r,514
6705883026,r,514
6705918073,r,514
6705919981,r,514
6705955982,r,514
6706065177,r,514
6706104993,r,514
6706108093,r,514
6706254005,s,514
6706516027,s,514
6706740140,s,514
6707017183,r,514
6707020998,r,514
6707041978,r,514
6707161188,r,514
6707221984,r,514
6707224130,r,514
6707261085,r,514
6708002090,s,514
6717993021,r,514
6717998981,r,514
6718041181,r,514
6733958959,r,514
6734023094,r,514
6734027147,r,514
6749804019,r,514
6749814033,r,514
6750661134,r,514
6750915050,r,514
6750997066,r,514
6751000165,r,514
6751044988,r,514
6751047134,r,514
6751142024,r,514
6751394033,r,514
6751444101,r,514
6751446008,r,514
6751545190,r,514
6751547098,r,514
6751582145,r,514
6751677036,r,514
6751739978,r,514
6751751184,r,514
6751990079,r,514
6751993179,r,514
6752012014,r,514
6752145051,r,514
6752182006,r,514
6752185106,r,514
6752639055,r,514
6752642154,r,514
6752680063,r,514
6752681970,r,514
6752717018,r,514
6752720117,r,514
6752755165,r,514
6752757072,r,514
6752792119,r,514
6752897024,r,514
6753019094,r,514
6753021001,r,514
6753022193,r,514
6753058195,r,514
6753143072,r,514
6753435134,r,514
6753437995,r,514
6753439188,r,514
6753537178,r,514
6753540992,r,514
6753542184,r,514
6753543138,r,514
6753933191,r,514
6753936052,r,514
6753937006,r,514
6754008054,r,514
6754011154,r,514
6754012107,r,514
6754013061,r,514
6754177093,s,514
6754317998,s,514
6754367113,r,514
6754637002,s,514
6754681110,r,514
6754683017,r,514
6754683017,r,514
6754683971,r,514
6754685163,r,514
6754686117,r,514
6754687070,r,514
6754863977,s,514
6755109071,s,514
6755251169,s,514
6763612985,r,514
6763622999,r,514
6763674020,r,514
6763801097,r,514
6763832092,r,514
6763835191,r,514
6764955997,r,514
6764961004,r,514
6765002012,r,514
6765305042,r,514
6765350103,r,514
6765352010,r,514
6781928062,r,514
6781941175,r,514
6782108068,r,514
6782202959,s,514
6790528059,r,514
6790534973,r,514
6791022062,r,514
6791026115,r,514
6791275978,r,514
6791287183,r,514
6791325092,r,514
6792234182,r,514
6792282104,r,514
6792284011,r,514
6793886184,r,514
6793889999,r,514
6793930053,r,514
6794044971,s,514
6794209003,r,514
6795449972,r,514
6795507192,r,514
6795510053,r,514
6795559167,r,514
6795561075,r,514
6795624971,r,514
6796176195,r,514
6796226024,r,514
6796229124,r,514
6796359062,r,514
6796362161,r,514
6796609163,r,514
6796981096,r,514
6797023057,r,514
6797026157,r,514
6797633171,r,514
6797639131,r,514
6797661066,r,514
6797662973,r,514
6797680139,r,514
6797682046,r,514
6797813177,s,514
6797937154,r,514
6797940969,r,514
6797980070,r,514
6798851966,r,514
6798895120,r,514
6798897981,r,514
6799162149,r,514
6799165964,r,514
6799184083,r,514
6799247980,r,514
6799286127,r,514
6799288988,r,514
6799342155,r,514
6799537181,r,514
6799558162,r,514
6799560070,r,514
6799857139,r,514
6799860000,r,514
6799897193,r,514
6800225019,r,514
6800630092,r,514
6800634145,r,514
6800673007,r,514
6800722122,r,514
6800742149,r,514
6800917148,r,514
6801041126,s,514
6801158189,s,514
6804162979,r,514
6804172992,r,514
6804246187,r,514
6804249048,r,514
6804288148,r,514
6804800987,r,514
6804826021,r,514
6804828166,r,514
6804845094,r,514
6811964988,r,514
6812023162,r,514
6812026977,r,514
6814532995,s,514
6815140962,s,514
6817172050,s,514
6829514980,r,514
6829531192,r,514
6829566001,r,514
6843086004,r,514
6843306064,r,514
6843309164,r,514
6843311071,r,514
6843374967,r,514
6843376159,r,514
6843377113,r,514
6843533992,r,514
6843537092,r,514
6843703031,s,514
6844439029,s,514
6844987154,r,514
6844992160,r,514
6845154047,r,514
6845157146,r,514
6845237016,r,514
6845240116,r,514
6845369100,r,514
6845371961,r,514
6846032142,r,514
6846037149,r,514
6846076965,r,514
6846366167,r,514
6846482038,r,514
6846485137,r,514
6846964120,r,514
6846968173,r,514
6847160100,r,514
6847457170,r,514
6847500085,r,514
6847503185,r,514
6847733020,r,514
6847738027,r,514
6847778081,r,514
6847851037,s,514
6847908973,r,514
6847912073,r,514
6848160982,r,514
6848438024,r,514
6848459959,r,514
6848575115,r,514
6848613977,r,514
6848617076,r,514
6848652124,r,514
6849055051,r,514
6849078178,r,514
6849186182,r,514
6849231004,r,514
6849233150,r,514
6849270105,r,514
6849289178,s,514
6849402189,r,514
6849404096,r,514
6849421978,r,514
6849424123,r,514
6849493026,r,514
6849496126,r,514
6849553108,s,514
6849645137,r,514
6849649190,r,514
6849737167,r,514
6849739074,r,514
6850718021,r,514
6850723981,r,514
6850826025,r,514
6850902080,s,514
6857526063,r,514
6857531070,r,514
6857601165,r,514
6857603073,r,514
6857639074,r,514
6857640981,r,514
6857676029,r,514
6857726097,r,514
6857774972,r,514
6857778072,r,514
6857861042,r,514
6857864141,r,514
6858060121,s,514
6859538078,r,514
6859543085,r,514
6859616041,r,514
6877788066,r,514
6877837181,r,514
6877840995,r,514
6878019094,s,514
6878151178,s,514
6880236148,r,514
6880239009,r,514
6880419969,r,514
6880424022,r,514
6880463123,r,514
6880841970,r,514
6880876064,r,514
6880987167,r,514
6881026983,r,514
6881029129,r,514
6881335973,r,514
6881640195,r,514
6881664037,r,514
6882066965,r,514
6882534980,r,514
6882541179,r,514
6882914066,r,514
6883764982,r,514
6883813142,r,514
6883816003,r,514
6883975028,r,514
6883980035,r,514
6884243965,r,514
6884248971,r,514
6884270191,r,514
6884355068,r,514
6884710073,r,514
6884715080,r,514
6884852170,r,514
6884989976,r,514
6885034084,r,514
6885037183,r,514
6891963005,r,514
6891970157,r,514
6892049074,r,514
6907837152,r,514
6907904148,r,514
6907907962,r,514
6907953977,r,514
6907957077,r,514
6907999992,r,514
6908010959,r,514
6908097982,r,514
6908262968,r,514
6908293008,r,514
6908296108,r,514
6908313989,r,514
6908370971,s,514
6908586025,r,514
6908589124,r,514
6909363985,r,514
6909402132,r,514
6909423112,r,514
6909425020,r,514
6909631013,r,514
6909636974,r,514
6909666061,r,514
6910017013,r,514
6910060167,r,514
6910063028,r,514
6910454034,r,514
6910457134,r,514
6910458087,r,514
6910477161,s,514
6910618066,s,514
6910874128,r,514
6910878181,r,514
6910919189,r,514
6911020040,r,514
6911044120,r,514
6911046028,r,514
6911326169,r,514
6911329984,r,514
6911369085,r,514
6911525011,s,514
6918614149,r,514
6918899059,r,514
6918944120,r,514
6918946981,r,514
6923521041,r,514
6923990964,r,514
6924026966,r,514
6924087047,s,514
6924278974,r,514
6924283027,r,514
6924333095,r,514
6924581050,r,514
6924605131,r,514
6924607038,r,514
6924626111,r,514
6924628019,r,514
6924645185,r,514
6924648046,r,514
6924666166,r,514
6924669027,r,514
6924825191,r,514
6924828052,r,514
6924868106,r,514
6924931049,r,514
6924975156,r,514
6924978017,r,514
6925014019,r,514
6925116062,r,514
6925139188,r,514
6925141096,r,514
6925158023,r,514
6925208091,r,514
6925256013,r,514
6925259113,r,514
6925312995,r,514
6925316095,r,514
6925351142,r,514
6925415992,r,514
6925454139,r,514
6925457000,r,514
6925600051,r,514
6925603151,r,514
6925642013,r,514
6925935983,s,514
6929895162,r,514
6951941013,s,514
6953147172,r,514
6953241109,s,514
6953400135,r,514
6953413009,r,514
6953520059,r,514
6953525066,r,514
6953624010,r,514
6953627109,r,514
6953670024,r,514
6953672170,r,514
6953716993,r,514
6953907012,r,514
6954004049,r,514
6954007148,r,514
6954111099,r,514
6954122066,r,514
6954158067,r,514
6954161167,r,514
6954204082,r,514
6954205989,r,514
6954296112,r,514
6954298019,r,514
6954344987,r,514
6954348087,r,514
6954392194,r,514
6954394102,r,514
6954451084,r,514
6954463005,r,514
6954499959,r,514
6954502105,r,514
6954729080,r,514
6954733133,r,514
6954771041,r,514
6954838991,s,514
6955231189,r,514
6955235004,r,514
6955275058,r,514
6955278158,r,514
6955312013,r,514
6955315113,r,514
6974457025,r,514
6974462985,r,514
6974532127,r,514
6974534988,r,514
6974591970,r,514
6974595069,r,514
6974640131,r,514
6974642992,r,514
6974685192,r,514
6974687099,r,514
6974891185,s,514
6974939107,r,514
6975069999,s,514
6975105047,r,514
6975208044,r,514
6975263118,r,514
6975267171,r,514
6975314140,r,514
6975326061,r,514
6975362062,r,514
6975668191,r,514
6975710153,r,514
6975712060,r,514
6975810050,s,514
6976082086,r,514
6976087093,r,514
6976128101,r,514
6976201057,r,514
6976243019,r,514
6976246118,r,514
6976462125,r,514
6976467132,r,514
6976548194,r,514
6976551055,r,514
6976590156,r,514
6976592063,r,514
6977118968,r,514
6977123975,r,514
6977167129,r,514
6977245092,s,514
6988495111,r,514
7005393028,s,514
7005796194,s,514
7006167173,s,514
7006541013,s,514
7006895065,s,514
7012469053,r,514
7012475013,r,514
7012621164,r,514
7012626171,r,514
7012665033,r,514
7012729167,s,514
7013615131,r,514
7013621091,r,514
7013710975,r,514
7013723134,r,514
7013771057,r,514
7013774156,r,514
7013864994,r,514
7013867139,r,514
7013903141,r,514
7013957977,r,514
7014141082,s,514
7014191150,r,514
7014193058,r,514
7014311075,r,514
7014314174,r,514
7014355182,r,514
7014360189,r,514
7014394998,r,514
7014433145,r,514
7014469146,r,514
7014471054,r,514
7014506101,r,514
7014508008,r,514
7014629125,r,514
7014631032,r,514
7014631986,r,514
7014734983,r,514
7014775991,r,514
7014778137,r,514
7014813184,r,514
7014892101,r,514
7014913082,r,514
7014914989,r,514
7014932155,r,514
7015057086,r,514
7015060186,r,514
7015061140,r,514
7015150070,r,514
7015153169,r,514
7015208005,r,514
7015217065,r,514
7015398979,r,514
7015402078,r,514
7015403985,r,514
7015506029,r,514
7015509128,r,514
7015563011,r,514
7015657186,r,514
7015659093,r,514
7015659093,r,514
7015809059,r,514
7015813112,r,514
7015872001,r,514
7015874147,r,514
7015963077,r,514
7015964984,r,514
7015966176,r,514
7016203165,s,514
7016391038,s,514
7016679048,s,514
7027326107,r,514
7027332067,r,514
7027422189,r,514
7027425050,r,514
7027472972,r,514
7027475118,r,514
7027508974,r,514
7027511119,r,514
7028273105,r,514
7028288125,r,514
7028321027,r,514
7028323173,r,514
7028467178,r,514
7028560161,r,514
7028620004,r,514
7028623104,r,514
7028660058,r,514
7028716087,s,514
7044874191,s,514
7044975996,s,514
7056884050,r,514
7056998968,s,514
7057084083,r,514
7057088136,r,514
7057141065,r,514
7057142972,r,514
7057471990,r,514
7057486057,r,514
7057556152,r,514
7057559013,r,514
7057604074,r,514
7057605981,r,514
7067238092,r,514
7067243099,r,514
7067286968,r,514
7067290067,r,514
7067403078,s,514
7067630052,r,514
7067772150,r,514
7067811965,r,514
7068416118,r,514
7068466186,r,514
7068833112,r,514
7068885087,r,514
7068888187,r,514
7068925142,r,514
7069144010,r,514
7069184064,r,514
7069185972,r,514
7069844007,r,514
7069849014,r,514
7069890022,r,514
7070230007,r,514
7070273160,r,514
7070275068,r,514
7070331096,r,514
7070334196,r,514
7070369958,r,514
7071802139,r,514
7071830034,r,514
7071890115,r,514
7071931123,r,514
7071933984,r,514
7072052001,s,514
7072187185,s,514
7072650194,r,514
7072653055,r,514
7072695970,r,514
7072769165,s,514
7072916030,r,514
7072919130,r,514
7073305130,r,514
7073309183,r,514
7073368072,r,514
7073743104,r,514
7073786020,r,514
7073789119,r,514
7073826074,r,514
7073827981,r,514
7073863029,r,514
7074344158,r,514
7074386119,r,514
7074388980,r,514
7074445009,r,514
7074447155,r,514
7074491024,r,514
7074493169,r,514
7074529170,r,514
7074584007,r,514
7074622154,r,514
7074768066,r,514
7074771165,r,514
7074772119,r,514
7074773073,r,514
7074774026,r,514
7074923992,r,514
7075042963,s,514
7075307130,r,514
7075312137,r,514
7077790975,r,514
7085887193,r,514
7085932016,r,514
7085935115,r,514
7086085081,s,514
7086235046,s,514
7118672132,r,514
7118679046,r,514
7118725061,r,514
7118726968,r,514
7118753194,r,514
7118756055,r,514
7119181156,r,514
7119184970,r,514
7119248151,r,514
7119251012,r,514
7119297981,r,514
7119300127,r,514
7119356155,r,514
7119359016,r,514
7119565963,r,514
7119570016,r,514
7119645118,r,514
7119647979,r,514
7119683027,r,514
7119685173,r,514
7119769096,r,514
7119772195,r,514
7119807958,r,514
7119812965,r,514
7119901180,r,514
7119904041,r,514
7119953155,r,514
7120010137,r,514
7120048046,r,514
7120050191,r,514
7120153188,r,514
7120155096,r,514
7120192050,r,514
7120546102,s,514
7120810031,s,514
7123795032,r,514
7123800039,r,514
7123845100,r,514
7125171184,r,514
7125218153,r,514
7125712156,r,514
7125797986,s,514
7125913143,r,514
7125917196,r,514
7125966072,r,514
7125967979,r,514
7126005172,r,514
7126306056,r,514
7126348972,r,514
7126352071,r,514
7126463174,s,514
7126667976,r,514
7126672983,r,514
7126712083,r,514
7127115011,r,514
7127243041,r,514
7127248048,r,514
7127815008,r,514
7127819061,r,514
7127856969,r,514
7128031015,r,514
7128071069,r,514
7128074169,r,514
7134854078,r,514
7134859085,r,514
7134903192,r,514
7135291099,r,514
7135928153,r,514
7135933160,r,514
7136134147,r,514
7136139154,r,514
7136168003,r,514
7137032985,r,514
7137073040,r,514
7137076139,r,514
7137335062,r,514
7137421131,s,514
7138046979,r,514
7138051033,r,514
7138367176,r,514
7161489009,r,514
7175909042,r,514
7175915002,r,514
7175966978,r,514
7176071166,s,514
7176203966,s,514
7176429033,r,514
7176441192,r,514
7176486968,r,514
7187973022,r,514
7188019037,r,514
7188023090,r,514
7192985057,r,514
7192989110,r,514
7193030118,r,514
7193122148,s,514
7193857192,r,514
7193861007,r,514
7194558143,r,514
7194561958,r,514
7194601058,r,514
7196155071,r,514
7196196079,r,514
7196199178,r,514
7197276115,r,514
7197281122,r,514
7197319984,r,514
7198570966,r,514
7198669195,s,514
7199416160,r,514
7199422121,r,514
7200299978,r,514
7200304985,r,514
7200416088,s,514
7200473070,r,514
7201519966,r,514
7201573133,r,514
7201575994,r,514
7202025175,r,514
7202030181,r,514
7202072143,r,514
7202198982,r,514
7202660083,r,514
7202665090,r,514
7202748060,r,514
7202751159,r,514
7202882051,r,514
7202885150,r,514
7202926158,s,514
7203199148,r,514
7203204154,r,514
7203510999,r,514
7203516006,r,514
7203658103,r,514
7203662157,r,514
7203701019,r,514
7204107999,r,514
7204149961,r,514
7204152107,r,514
7204264163,s,514
7204602003,r,514
7204607009,r,514
7204737186,r,514
7204742193,r,514
7205002069,r,514
7205007076,r,514
7205074071,r,514
7205077171,r,514
7205096006,r,514
7205557107,r,514
7205598115,r,514
7205600976,r,514
7205918073,r,514
7205923080,r,514
7205944061,r,514
7206354141,r,514
7206506013,r,514
7206511020,r,514
7206550121,r,514
7206643104,r,514
7206665039,r,514
7206917047,r,514
7207130193,r,514
7207134962,r,514
7207154989,r,514
7207273006,r,514
7207313060,r,514
7207316160,r,514
7207434177,s,514
7207489967,r,514
7207492113,r,514
7207493066,r,514
7207623958,s,514
7207789182,r,514
7207794189,r,514
7207911014,r,514
7207914114,r,514
7207952022,r,514
7208002090,r,514
7208315134,r,514
7208320140,r,514
7208450078,r,514
7208789110,r,514
7208876132,s,514
7209060192,r,514
7209064006,r,514
7209279060,r,514
7209284067,r,514
7209371089,r,514
7209374189,r,514
7209470987,s,514
7209593057,r,514
7209705114,r,514
7209740161,r,514
7209743022,r,514
7209761142,r,514
7210195064,r,514
7210373163,r,514
7210378170,r,514
7210417985,r,514
7210632085,r,514
7210654973,r,514
7210920095,r,514
7210942029,r,514
7211004018,r,514
7211243152,r,514
7219144105,r,514
7220842123,r,514
7221930027,r,514
7221973180,r,514
7221976041,r,514
7222069025,s,514
7222371101,r,514
7222376108,r,514
7222405195,r,514
7222486972,r,514
7222506999,r,514
7222598075,r,514
7222617149,r,514
7222714185,r,514
7222733974,r,514
7222737073,r,514
7222755193,r,514
7222943067,r,514
7222965002,r,514
7223021984,r,514
7223335981,r,514
7223340988,r,514
7223396062,r,514
7223399162,r,514
7223435163,r,514
7223546028,r,514
7223802089,r,514
7223806142,r,514
7223844051,r,514
7223885059,r,514
7224085092,r,514
7224090099,r,514
7224178075,r,514
7224181175,r,514
7224223136,r,514
7233489990,r,514
7233527183,r,514
7233657121,r,514
7233710050,r,514
7233712196,r,514
7233764171,r,514
7234166145,r,514
7234227180,r,514
7234230041,r,514
7234268188,r,514
7234378099,s,514
7234486103,s,514
7234709024,r,514
7234714031,r,514
7234779119,r,514
7234781026,r,514
7234841108,r,514
7235229969,r,514
7235256195,r,514
7235327959,s,514
7235546112,r,514
7235550165,r,514
7235589027,r,514
7235592126,r,514
7235644102,r,514
7235646009,r,514
7235682964,r,514
7235685110,r,514
7235721111,r,514
7235723018,r,514
7236042022,r,514
7236047029,r,514
7236090183,r,514
7236394166,r,514
7236437082,r,514
7236438989,r,514
7236478090,r,514
7236737966,r,514
7236763000,r,514
7236814975,r,514
7236838102,r,514
7236840009,r,514
7236927986,s,514
7237051963,r,514
7251072168,r,514
7251119136,r,514
7251121997,r,514
7268939971,r,514
7268946170,r,514
7269083023,s,514
7291288137,r,514
7291406154,s,514
7291690111,r,514
7291695117,r,514
7291736125,r,514
7292637109,r,514
7292734146,r,514
7293016195,r,514
7293748140,r,514
7293752193,r,514
7293792963,r,514
7294993162,r,514
7295040130,r,514
7295042991,r,514
7296540021,r,514
7296612977,s,514
7297263145,r,514
7297335147,r,514
7298073053,r,514
7298078060,r,514
7298120021,r,514
7299508094,r,514
7299551010,r,514
7299554109,r,514
7301167964,r,514
7301174163,r,514
7301223039,r,514
7303085088,r,514
7303747177,r,514
7303752183,r,514
7303793191,r,514
7304596185,r,514
7304630994,r,514
7305521965,r,514
7305606126,s,514
7306230068,r,514
7306235075,r,514
7306710958,r,514
7307585000,r,514
7307607173,r,514
7308235168,r,514
7308324098,s,514
7308549165,r,514
7308552980,r,514
7308623075,s,514
7309080123,r,514
7309085130,r,514
7309128046,r,514
7309620141,r,514
7309662103,r,514
7309664011,r,514
7310654163,r,514
7310660123,r,514
7310703039,r,514
7310706138,r,514
7310744047,r,514
7310746192,r,514
7310902118,s,514
7311040163,r,514
7311098098,r,514
7311119079,r,514
7311589002,r,514
7312036037,r,514
7312041044,r,514
7312081098,r,514
7312083959,r,514
7312119960,r,514
7313022136,r,514
7313068151,r,514
7313070058,r,514
7313271999,s,514
7313498973,r,514
7313503980,r,514
7313546180,r,514
7313932180,r,514
7314062118,r,514
7314275026,r,514
7316864013,r,514
7316869020,r,514
7316964149,s,514
7317022085,r,514
7319091081,r,514
7319135189,r,514
7319138050,r,514
7319175958,r,514
7319324016,s,514
7319424152,s,514
7329795122,r,514
7329800128,r,514
7329823970,r,514
7329895973,r,514
7329930067,r,514
7329931974,r,514
7329995155,r,514
7329998016,r,514
7330025196,r,514
7330161094,r,514
7330202102,r,514
7330249071,r,514
7330276966,r,514
7330279111,r,514
7330341100,s,514
7330480098,s,514
7331994056,r,514
7332123994,r,514
7332535982,r,514
7332540988,r,514
7332679986,r,514
7332684040,r,514
7332727193,r,514
7332729101,r,514
7332764148,r,514
7332766056,r,514
7334542989,r,514
7334549188,r,514
7334678173,r,514
7334683179,r,514
7334705114,r,514
7334707975,r,514
7334724187,r,514
7334796190,s,514
7334848165,r,514
7334850072,r,514
7341416120,r,514
7341421127,r,514
7341461181,r,514
7350588083,r,514
7350633144,r,514
7351493120,r,514
7351566076,r,514
7351569175,r,514
7351616144,r,514
7351618051,r,514
7351691961,r,514
7351695060,r,514
7351732015,r,514
7351734161,r,514
7351768970,r,514
7351879119,r,514
7351927995,r,514
7351962089,r,514
7352050065,s,514
7352101087,r,514
7352102994,r,514
7352167129,r,514
7352169036,r,514
7352230072,r,514
7352339982,r,514
7352457046,r,514
7352460145,r,514
7352504968,s,514
7352548122,r,514
7352751970,r,514
7352795124,r,514
7352797985,r,514
7352962970,s,514
7353219985,r,514
7353226184,r,514
7353250026,r,514
7353253126,r,514
7353511095,r,514
7353516101,r,514
7353556156,r,514
7354000091,r,514
7354043006,r,514
7354046106,r,514
7354094028,r,514
7354096174,r,514
7354133129,r,514
7354539155,s,514
7355803966,r,514
7402355194,r,514
7402552127,s,514
7405660152,r,514
7405666112,r,514
7405800104,s,514
7406574964,r,514
7406581163,r,514
7406624078,r,514
7408066034,r,514
7408092021,r,514
7408878088,r,514
7409552097,r,514
7409566164,r,514
7409626007,r,514
7410292148,r,514
7410369157,r,514
7410372972,r,514
7411036968,r,514
7411041975,r,514
7411084175,r,514
7411225080,r,514
7411277055,r,514
7411280155,r,514
7411429166,s,514
7412114143,r,514
7412118196,r,514
7412160158,r,514
7412162065,r,514
7412198066,r,514
7412201166,r,514
7412280082,r,514
7412283182,r,514
7412319183,r,514
7412430047,r,514
7412470102,r,514
7412508964,r,514
7412808179,r,514
7412813186,r,514
7412997007,r,514
7413105010,r,514
7413146972,r,514
7413150072,r,514
7413186073,r,514
7413187980,r,514
7413228988,r,514
7413269042,r,514
7413314104,r,514
7413316965,r,514
7413352966,r,514
7413355112,r,514
7413410186,r,514
7413412094,r,514
7413470029,r,514
7413472175,r,514
7413508176,r,514
7413578033,r,514
7413630962,r,514
7413634061,r,514
7413670063,r,514
7413716077,r,514
7413748025,r,514
7413750171,r,514
7413882970,s,514
7414021015,s,514
7414259195,s,514
7415534973,r,514
7415541172,r,514
7415565967,r,514
7415641069,r,514
7415665149,r,514
7415696144,r,514
7415714025,r,514
7415803194,r,514
7415824174,r,514
7415912151,s,514
7416162014,r,514
7416167020,r,514
7416191101,r,514
7416813135,r,514
7416840076,r,514
7416843175,r,514
7416954994,r,514
7416958093,r,514
7416995048,r,514
7416998147,r,514
7417093038,r,514
7417096138,r,514
7417133092,r,514
7417199134,r,514
7417222976,r,514
7417426109,r,514
7417464017,r,514
7417467117,r,514
7417608976,r,514
7417612075,r,514
7417649984,r,514
7417652130,r,514
7417688131,r,514
7417690038,r,514
7417725086,r,514
7417921066,s,514
7418356180,s,514
7418488979,s,514
7420338153,r,514
7420344114,r,514
7420369148,r,514
7420451164,s,514
7420615196,r,514
7420619964,r,514
7420885086,r,514
7421326160,r,514
7421370983,r,514
7421374082,r,514
7421689033,r,514
7421694040,r,514
7421797037,s,514
7422013044,r,514
7422136068,r,514
7422180175,r,514
7422183036,r,514
7422245025,r,514
7422247171,r,514
7422330141,r,514
7438405990,s,514
7448637008,r,514
7448696136,r,514
7448700189,r,514
7448745965,r,514
7448748111,r,514
7448784112,r,514
7448920011,s,514
7449470996,r,514
7449477195,r,514
7449556112,r,514
7449568033,r,514
7449612140,r,514
7449614048,r,514
7449656009,r,514
7449913978,r,514
7449954986,r,514
7449958086,r,514
7450042963,r,514
7450054168,r,514
7450147151,r,514
7450150966,r,514
7450194120,r,514
7450196027,r,514
7450275182,r,514
7450277090,r,514
7450325012,r,514
7450328111,r,514
7450371980,r,514
7450374126,r,514
7450428009,r,514
7450460195,r,514
7450495958,r,514
7450499057,r,514
7450551033,r,514
7450553178,r,514
7450587987,r,514
7450591087,r,514
7450738191,r,514
7450741052,r,514
7450849056,r,514
7450854063,r,514
7450895071,r,514
7450898170,r,514
7450999021,r,514
7451002120,r,514
7451071023,r,514
7451074123,r,514
7451151132,s,514
7451204061,r,514
7451205968,r,514
7451207160,r,514
7451411962,s,514
7451514959,r,514
7451519012,r,514
7451521158,r,514
7451577186,r,514
7451579093,r,514
7451580047,r,514
7451675176,r,514
7451678991,r,514
7451840162,s,514
7451905012,r,514
7452134132,r,514
7452172994,r,514
7452175140,r,514
7463466167,r,514
7463523149,r,514
7463618040,r,514
7463629007,r,514
7463670969,r,514
7463674068,r,514
7463718175,r,514
7463721036,r,514
7463757038,r,514
7464382171,r,514
7464671134,r,514
7464675188,r,514
7464812040,r,514
7464815139,r,514
7464852094,r,514
7465072155,r,514
7465110063,r,514
7465113162,r,514
7465382099,r,514
7486963987,r,514
7487117052,s,514
7503679990,r,514
7503694057,r,514
7503947019,r,514
7503950119,r,514
7504024028,r,514
7504026174,r,514
7504070997,r,514
7504073143,r,514
7504518985,r,514
7504531145,r,514
7504590988,r,514
7504724025,r,514
7504763126,r,514
7504765033,r,514
7504870176,r,514
7504872083,r,514
7504889965,r,514
7505637168,r,514
7505684137,r,514
7505686044,r,514
7505750179,r,514
7505753040,r,514
7505795001,r,514
7506026983,r,514
7506069183,r,514
7506071090,r,514
7506175041,s,514
7506391048,r,514
7506395101,r,514
7506415128,r,514
7506486177,s,514
7506587982,r,514
7506741046,r,514
7506764173,r,514
7509647130,r,514
7509690999,r,514
7509694099,r,514
7518702983,r,514
7518711090,r,514
7518759965,r,514
7530333042,r,514
7530368089,r,514
7530482053,s,514
7530999183,r,514
7531005144,r,514
7531102180,s,514
7531653165,r,514
7531658172,r,514
7532478094,r,514
7532484054,r,514
7532585144,r,514
7534113168,r,514
7534139156,r,514
7534142017,r,514
7535665035,r,514
7535669088,r,514
7535708189,r,514
7536448001,r,514
7537221193,r,514
7537224054,r,514
7537260055,r,514
7537635087,r,514
7537672996,r,514
7537675142,r,514
7537969112,r,514
7537971973,r,514
7538146018,r,514
7538149118,r,514
7538170099,r,514
7538289070,s,514
7538659095,r,514
7538671970,r,514
7538712024,r,514
7538715124,r,514
7542731046,r,514
7542749166,r,514
7542809009,r,514
7542812108,r,514
7542850017,r,514
7542906999,r,514
7543601989,r,514
7543614149,r,514
7543634176,r,514
7543766975,r,514
7543805122,r,514
7543859004,r,514
7544056177,r,514
7544059038,r,514
7544095993,r,514
7544586181,r,514
7544625043,r,514
7544627189,r,514
7545149087,r,514
7545153141,r,514
7545190095,r,514
7545902013,s,514
7546102046,r,514
7546105146,r,514
7546123981,r,514
7546190023,s,514
7546252012,r,514
7546255111,r,514
7546255111,r,514
7546467065,s,514
7547010183,r,514
7547016143,r,514
7547038078,r,514
7547388076,r,514
7547430992,r,514
7547434091,r,514
7548210144,r,514
7550131082,r,514
7550163030,r,514
7550235986,r,514
7550258159,r,514
7550260066,r,514
7557321071,r,514
7557330131,r,514
7557382106,r,514
7557480096,s,514
7559091091,r,514
7559098005,r,514
7559146165,r,514
7559249162,r,514
7559707164,r,514
7559710025,r,514
7559749126,r,514
7559851169,r,514
7559905052,r,514
7559906959,r,514
7559971094,r,514
7559973001,r,514
7560199975,r,514
7560202121,r,514
7560203075,r,514
7560204029,r,514
7560224056,s,514
7560322999,r,514
7560325145,r,514
7560381174,r,514
7560430049,r,514
7560526132,r,514
7560582160,r,514
7560603141,r,514
7560605049,r,514
7561505079,r,514
7561510086,r,514
7561532020,r,514
7562000036,r,514
7562474012,r,514
7562479019,r,514
7562520027,r,514
7562523126,r,514
7562579154,r,514
7562582015,r,514
7562723159,s,514
7571768045,r,514
7571783065,r,514
7571841001,r,514
7605384111,r,514
7605443000,r,514
7605447053,r,514
7613341093,r,514
7615619182,r,514
7615674018,r,514
7615790128,r,514
7615831136,r,514
7615916013,r,514
7615950107,r,514
7616065979,s,514
7616263151,r,514
7616268157,r,514
7616307973,r,514
7616314172,r,514
7616516113,r,514
7616518020,r,514
7616611003,r,514
7616614103,r,514
7616645097,r,514
7616846084,r,514
7616883993,r,514
7616886138,r,514
7616981983,r,514
7616985082,r,514
7617225170,r,514
7617228031,r,514
7617501020,r,514
7617504119,r,514
7617552995,r,514
7617591142,r,514
7617622137,r,514
7617736101,r,514
7617820024,r,514
7617822170,r,514
7617858171,r,514
7618021965,r,514
7618045091,r,514
7619074106,s,514
7619333028,s,514
7619553089,r,514
7633529186,r,514
7633593082,r,514
7633597135,r,514
7633615016,r,514
7634206056,r,514
7634258031,r,514
7634261131,r,514
7634301185,r,514
7634304046,r,514
7634461164,s,514
7634560108,r,514
7634890079,r,514
7634925127,r,514
7635065078,r,514
7635106086,r,514
7635200977,r,514
7635239124,r,514
7635241985,r,514
7635272979,r,514
7635472059,s,514
7635575056,s,514
7635678052,r,514
7635693073,r,514
7635745048,r,514
7635766983,r,514
7635853052,r,514
7635854959,r,514
7635903120,r,514
7636100053,r,514
7636177062,r,514
7636180162,r,514
7636219978,r,514
7636223077,r,514
7636276006,r,514
7636279106,r,514
7636312961,r,514
7636316061,r,514
7636393070,r,514
7636396169,r,514
7636474132,r,514
7636597156,r,514
7636617183,r,514
7649863004,r,514
7649927139,r,514
7649931192,r,514
7650618076,r,514
7650623083,r,514
7650667190,r,514
7650747060,s,514
7650910139,r,514
7650915145,r,514
7650968074,r,514
7650969982,r,514
7651043176,r,514
7651044130,r,514
7651081085,r,514
7651082992,r,514
7651131153,r,514
7651317119,r,514
7651370048,r,514
7651372194,r,514
7651453018,r,514
7651455163,r,514
7651553153,r,514
7651555061,r,514
7651590108,r,514
7651592016,r,514
7651638984,r,514
7651641130,r,514
7651689052,r,514
7651690959,r,514
7651725053,r,514
7651846170,r,514
7651884078,r,514
7651885986,r,514
7651980161,r,514
7652084112,r,514
7652125120,r,514
7652127027,r,514
7652304172,r,514
7652307033,r,514
7652326107,r,514
7652456045,s,514
7666527986,r,514
7666537046,r,514
7674225091,r,514
7674232006,r,514
7674278020,r,514
7674396991,s,514
7675642013,r,514
7677402973,r,514
7677450180,r,514
7677453041,r,514
7678982973,r,514
7678987979,r,514
7682865142,r,514
7686485052,r,514
7686526060,r,514
7690278053,r,514
7693948984,r,514
7693958044,r,514
7695142030,r,514
7697407007,r,514
7697451114,r,514
7697453975,r,514
7698439121,r,514
7698444128,r,514
7698554992,s,514
7699203968,r,514
7699294090,s,514
7700598001,r,514
7700603008,r,514
7700649023,r,514
7701990127,r,514
7702036142,r,514
7702039003,r,514
7703610181,r,514
7703615188,r,514
7703658103,r,514
7703801155,r,514
7703824996,r,514
7703876018,r,514
7704486131,r,514
7704491138,r,514
7704579114,r,514
7716075181,r,514
7716251134,s,514
7755854129,r,514
7755877971,r,514
7755966186,r,514
7755969047,r,514
7756067037,r,514
7756069183,r,514
7756106138,r,514
7756121158,r,514
7756180047,r,514
7756183147,r,514
7756224155,r,514
7756366014,s,514
7756577968,s,514
7757400035,r,514
7757405996,r,514
7757554054,r,514
7757557153,r,514
7757827043,r,514
7757832050,r,514
7757940053,r,514
7757943153,r,514
7757979154,r,514
7757981061,r,514
7758413076,r,514
7758418083,r,514
7758440017,r,514
7758545160,r,514
7758548021,r,514
7758548021,r,514
7758633136,r,514
7758768081,r,514
7758810043,r,514
7758812189,r,514
7758848190,r,514
7758850097,r,514
7758888006,r,514
7758890151,r,514
7758926153,r,514
7758928060,r,514
7759016036,r,514
7759019136,r,514
7759191989,r,514
7759195089,r,514
7759237051,r,514
7759312152,r,514
7759332180,r,514
7759374141,s,514
7759512186,r,514
7759814977,r,514
7759858131,r,514
7759860992,r,514
7759986162,r,514
7759988069,r,514
7760092020,r,514
7760094165,r,514
7766160964,r,514
7771919012,r,514
7771954059,r,514
7772629022,r,514
7772674083,r,514
7772677183,r,514
7773894071,r,514
7773900032,r,514
7773945093,r,514
7774039030,s,514
7775001049,r,514
7775006055,r,514
7775029182,r,514
7775987148,r,514
7776610136,r,514
7776616096,r,514
7777007102,r,514
7777012109,r,514
7777057170,r,514
7779081106,r,514
7779119014,r,514
7779123067,r,514
7779669046,s,514
7780438184,r,514
7780444145,r,514
7780469179,r,514
7782109022,r,514
7782548189,r,514
7782553195,r,514
7782624006,r,514
7783298015,r,514
7783323049,r,514
7783881187,r,514
7784013032,s,514
7784497976,r,514
7784502983,r,514
7785232067,r,514
7785238027,r,514
7785262107,r,514
7785935163,r,514
7786118030,r,514
7786122083,r,514
7787361145,r,514
7787367105,r,514
7787391185,r,514
7787481069,s,514
7788892984,r,514
7788899183,r,514
7788943052,r,514
7791479110,r,514
7791507005,r,514
7791510105,r,514
7792275190,r,514
7792281150,r,514
7792322158,r,514
7793390989,r,514
7793436050,r,514
7793439149,r,514
7793938159,r,514
7793944120,r,514
7793966054,r,514
7794243097,r,514
7794289112,r,514
7794291973,r,514
7794691085,r,514
7794697046,r,514
7794739007,r,514
7795463085,r,514
7795507192,r,514
7795510053,r,514
7795655965,s,514
7795770168,r,514
7795773983,r,514
7795814037,r,514
7795922994,r,514
7795946121,r,514
7796075105,r,514
7798083066,r,514
7798089027,r,514
7798114061,r,514
7798115968,r,514
7798316001,s,514
7798456192,r,514
7798460006,r,514
7798668146,r,514
7798673152,r,514
7798824071,r,514
7798828125,r,514
7798868179,r,514
7799185991,r,514
7799231052,r,514
7799234151,r,514
7799270153,r,514
7799272060,r,514
7799308061,r,514
7799309968,r,514
7799345970,r,514
7799401044,r,514
7799421072,r,514
7799504995,r,514
7799525022,r,514
7799638032,r,514
7799678087,r,514
7799679994,r,514
7799736022,r,514
7799739122,r,514
7799774169,r,514
7799889087,r,514
7799930095,r,514
7799933195,r,514
7800006151,r,514
7800009012,r,514
7800080060,r,514
7800083160,r,514
7800119161,r,514
7800121068,r,514
7800309181,r,514
7800312995,r,514
7800352096,r,514
7800355196,r,514
7800356149,r,514
7800357103,r,514
7800390005,s,514
7800423145,r,514
7800425052,r,514
7800521135,r,514
7800728082,r,514
7800767183,r,514
7800769090,r,514
7800804138,r,514
7800806045,r,514
7800888061,r,514
7800925970,r,514
7800963163,r,514
7800965070,r,514
7801037073,r,514
7801038980,r,514
7801074028,r,514
7801198005,s,514
7801239967,r,514
7801277160,r,514
7801512002,s,514
7801733016,s,514
7802612066,r,514
7802618026,r,514
7802641153,r,514
7817389965,r,514
7817465066,r,514
7817469120,r,514
7836452960,r,514
7836477041,r,514
7836552143,r,514
7836555004,r,514
7836611986,r,514
7836614131,r,514
7836663007,r,514
7836665153,r,514
7836775064,r,514
7836778163,r,514
7836847066,r,514
7836848974,r,514
7836884021,r,514
7836887121,r,514
7837108135,r,514
7837112188,r,514
7837144136,r,514
7837146043,r,514
7837290048,r,514
7837293148,r,514
7837393045,r,514
7837398052,r,514
7837448120,r,514
7837450027,r,514
7837509155,r,514
7837511062,r,514
7837546110,r,514
7837637186,r,514
7837639093,r,514
7837639093,r,514
7837640047,r,514
7837702989,r,514
7838203191,s,514
7838340044,s,514
7842869043,s,514
7846681118,r,514
7846687078,r,514
7846740007,r,514
7870058059,r,514
7870131969,r,514
7870136022,r,514
7870545148,r,514
7870989084,r,514
7871030092,r,514
7871361970,r,514
7871687173,r,514
7871690034,r,514
7871772050,r,514
7871774196,r,514
7871811151,r,514
7872369050,r,514
7872409105,r,514
7872411012,r,514
7872478961,r,514
7872481107,r,514
7872651100,r,514
7872816085,r,514
7873085021,r,514
7873088121,r,514
7873180150,r,514
7873182058,r,514
7873222112,r,514
7873270988,r,514
7873306989,r,514
7873378992,r,514
7873416185,r,514
7873418092,r,514
7873453140,r,514
7873507976,r,514
7873545169,r,514
7873547077,r,514
7873548030,r,514
7873676061,r,514
7873679161,r,514
7873680114,r,514
7874474048,s,514
7874808073,s,514
7875040054,s,514
7880465984,r,514
7880470991,r,514
7880515098,r,514
7899600028,r,514
7899648189,r,514
7899976968,r,514
7900094032,s,514
7900434970,r,514
7900452136,r,514
7900492191,r,514
7900590181,r,514
7900631189,r,514
7900967121,r,514
7901168107,r,514
7901172161,r,514
7901211023,r,514
7901689052,r,514
7901749134,r,514
7901751995,r,514
7902224063,r,514
7902228116,r,514
7902296066,r,514
7902475118,r,514
7902515172,r,514
7902518033,r,514
7902615070,s,514
7902829170,r,514
7902834177,r,514
7903448104,r,514
7903454065,r,514
7903496026,r,514
7903498172,r,514
7903724193,r,514
7903840065,r,514
7903903961,r,514
7903907060,r,514
7903987169,r,514
7903990030,r,514
7904229164,r,514
7904232025,r,514
7904282093,r,514
7904577970,r,514
7909901142,s,514
7910005092,s,514
7914057016,r,514
7914062023,r,514
7914103984,r,514
7915237188,r,514
7915338039,r,514
7915349960,r,514
7915388107,r,514
7915390968,r,514
7915426015,r,514
7915428161,r,514
7915462970,r,514
7915693044,r,514
7915714025,r,514
7915716171,r,514
7915882110,r,514
7915884971,r,514
7915903091,r,514
7916026115,r,514
7916063070,r,514
7916066169,r,514
7916129112,r,514
7916131973,r,514
7916174173,r,514
7916429996,r,514
7916450023,r,514
7916561126,r,514
7916598081,r,514
7916599988,r,514
7916635036,r,514
7916638135,r,514
7916723966,r,514
7916726112,r,514
7916854143,r,514
7916857004,r,514
7916875123,r,514
7916877031,r,514
7917010068,r,514
7917013168,r,514
7921920061,s,514
7930929183,r,514
7931099176,s,514
7962918996,r,514
7962939977,r,514
7967542171,r,514
7967681169,r,514
7967730045,r,514
7967732191,r,514
7967885017,r,514
7968132019,r,514
7968208074,r,514
7968692064,r,514
7968734025,r,514
7968737125,r,514
7968930959,s,514
7968978166,s,514
7969015121,s,514
7969107151,s,514
7969143152,s,514
7969179153,s,514
7969484090,r,514
7969487190,r,514
7969527006,r,514
7970719099,r,514
7970765113,r,514
7970767974,r,514
7971034049,r,514
7971037149,r,514
7971055984,r,514
7971609115,r,514
7971647977,r,514
7971652030,r,514
7972228050,r,514
7972232103,r,514
7972259998,r,514
7972616195,r,514
7972755193,r,514
7972892999,r,514
7972933053,r,514
7972934961,r,514
7972970962,r,514
7974194049,s,514
7974373102,s,514
7975785970,s,514
7975836992,s,514
7981216192,r,514
7981225013,r,514
7981809139,r,514
7997534990,r,514
7997586965,r,514
7997591018,r,514
7998008966,r,514
7998135089,s,514
7999025106,r,514
7999030113,r,514
7999063014,r,514
7999201059,r,514
7999246120,r,514
7999248027,r,514
7999323129,r,514
7999559164,r,514
7999591112,r,514
7999974012,r,514
8000025033,r,514
8000028133,r,514
8000066041,r,514
8000068187,r,514
8000108003,r,514
8000110149,r,514
8000154018,r,514
8000157117,r,514
8000233173,r,514
8000236034,r,514
8000272989,r,514
8000709056,r,514
8000751972,r,514
8000755071,r,514
8000790119,r,514
8000792026,r,514
8000828027,r,514
8000830173,r,514
8000956058,r,514
8000959157,r,514
8000977993,r,514
8001075029,r,514
8001115083,r,514
8001116991,r,514
8001118183,r,514
8001226186,r,514
8001229047,r,514
8002459049,r,514
8002463102,r,514
8002519130,r,514
8002982139,r,514
8002985000,r,514
8002986192,r,514
8003062009,r,514
8003065109,r,514
8003262042,r,514
8003760099,r,514
8003762960,r,514
8003764152,r,514
8004029989,r,514
8004033088,r,514
8004034996,r,514
8005025148,r,514
8005028963,r,514
8005223035,r,514
8005557060,r,514
8005608081,r,514
8006263017,r,514
8006371974,s,514
8006648063,s,514
8006872177,s,514
8007091045,s,514
8010006189,s,514
8021232128,r,514
8021243095,r,514
8021296024,r,514
8027760982,r,514
8027819156,r,514
8027822971,r,514
8032651185,r,514
8032660007,r,514
8032700061,r,514
8032940149,r,514
8032979965,r,514
8032982110,r,514
8034188985,r,514
8034198045,r,514
8034247159,r,514
8034599065,s,514
8035212993,r,514
8035223960,r,514
8035267114,r,514
8035681962,r,514
8035987138,r,514
8035991191,r,514
8036134958,r,514
8036138057,r,514
8036704063,r,514
8036707162,r,514
8036746025,r,514
8036748170,r,514
8037062168,r,514
8037065029,r,514
8037103176,r,514
8037387132,r,514
8037417173,r,514
8037639141,r,514
8037660121,r,514
8037734985,s,514
8037815093,r,514
8037817001,r,514
8037818193,r,514
8038120985,r,514
8038163185,r,514
8038166046,r,514
8038308143,r,514
8038371086,s,514
8038408994,r,514
8038730144,r,514
8038752079,r,514
8038788080,r,514
8038807153,r,514
8038809061,r,514
8038825988,r,514
8038881063,r,514
8038975000,r,514
8038978099,r,514
8039016962,r,514
8039019107,r,514
8039055109,r,514
8039137125,r,514
8039177179,r,514
8039179086,r,514
8039215087,r,514
8039223194,r,514
8039332151,r,514
8039335012,r,514
8039354085,r,514
8039355993,r,514
8039373159,r,514
8039530992,r,514
8039570093,r,514
8039572000,r,514
8039628028,r,514
8039630174,r,514
8039664983,r,514
8039667129,r,514
8039772033,r,514
8039775133,r,514
8039836168,r,514
8039839029,r,514
8039839982,r,514
8039841175,r,514
8039842128,r,514
8039867162,s,514
8039937019,r,514
8039976120,r,514
8039978981,r,514
8040163040,s,514
8040230035,r,514
8040232181,r,514
8040233135,r,514
8040368080,r,514
8040412187,r,514
8040414094,r,514
8040450096,r,514
8040452003,r,514
8040487051,r,514
8040537118,r,514
8040573120,r,514
8040575027,r,514
8043199062,s,514
8073723077,r,514
8073738098,r,514
8076236963,r,514
8076254129,r,514
8076280117,r,514
8076377153,s,514
8077507019,r,514
8077512025,r,514
8077699184,r,514
8077936172,r,514
8078552007,r,514
8078557014,r,514
8079154968,r,514
8079159975,r,514
8079200029,r,514
8079275131,s,514
8079454183,r,514
8079457044,r,514
8079497098,r,514
8080513000,r,514
8080763101,r,514
8080768108,r,514
8080866098,r,514
8080868959,r,514
8080932140,r,514
8080934047,r,514
8080970048,r,514
8081012964,r,514
8081144094,s,514
8081264972,r,514
8081269025,r,514
8081770181,r,514
8081775188,r,514
8081794977,r,514
8081797122,r,514
8081814050,r,514
8082584142,r,514
8082628011,r,514
8082631111,r,514
8088168144,r,514
8088174104,r,514
8088214159,r,514
8107439994,r,514
8107967138,r,514
8107980966,r,514
8108004093,r,514
8108072996,s,514
8108261108,r,514
8108266115,r,514
8108389139,r,514
8108392000,r,514
8108430147,r,514
8108906030,r,514
8108927011,r,514
8108987092,r,514
8109130144,r,514
8109133005,r,514
8109171152,r,514
8109275102,s,514
8109508991,r,514
8109513044,r,514
8109553098,r,514
8110146045,r,514
8110169172,r,514
8110258102,r,514
8110298156,r,514
8110300064,r,514
8110502958,r,514
8110507011,r,514
8110548973,r,514
8110587120,r,514
8110877037,r,514
8110882997,r,514
8110923051,r,514
8110991001,s,514
8111673116,r,514
8111679077,r,514
8111721038,r,514
8117211103,r,514
8117241144,r,514
8117244005,r,514
8144147157,r,514
8144153118,r,514
8144206047,r,514
8144733190,r,514
8144783973,r,514
8144786119,r,514
8144899129,s,514
8144947051,r,514
8145030975,s,514
8145079135,r,514
8145081043,r,514
8145554065,r,514
8145558118,r,514
8145599126,r,514
8146035194,r,514
8146078109,r,514
8146080017,r,514
8146186113,s,514
8146773099,r,514
8146778106,r,514
8146808147,r,514
8147367000,r,514
8147525072,r,514
8147530078,r,514
8147567987,r,514
8147808074,r,514
8147840023,r,514
8148049116,r,514
8148516178,r,514
8148521184,r,514
8148560047,r,514
8148848056,r,514
8148871183,r,514
8148873090,r,514
8149197101,r,514
8149202108,r,514
8149245977,r,514
8149249076,r,514
8149285078,r,514
8149360179,r,514
8155040025,r,514
8155045986,r,514
8155086994,r,514
8155629158,r,514
8155970096,r,514
8155974149,r,514
8156033992,r,514
8156037092,r,514
8156073093,r,514
8156141996,s,514
8156304121,r,514
8156308174,r,514
8156368017,r,514
8156372070,r,514
8156409025,r,514
8156411170,r,514
8156447172,r,514
8156501054,r,514
8156538963,r,514
8156651020,s,514
8156687021,r,514
8156843185,r,514
8156902074,r,514
8156906127,r,514
8156974077,r,514
8156975030,r,514
8157011985,r,514
8157014131,r,514
8157049179,r,514
8157051086,r,514
8157086133,r,514
8157088994,r,514
8157248973,s,514
8157304048,r,514
8158616065,r,514
8158643007,r,514
8158847093,r,514
8158871173,r,514
8158873081,r,514
8159249067,r,514
8159415960,r,514
8159439086,r,514
8170446157,r,514
8186902046,r,514
8186920166,r,514
8187036037,r,514
8187616109,r,514
8187662124,r,514
8187664031,r,514
8187777042,r,514
8187780141,r,514
8187870979,s,514
8187942981,r,514
8188338041,r,514
8188382148,r,514
8188585042,r,514
8188629150,r,514
8189112186,r,514
8189138174,r,514
8189507007,s,514
8189937114,r,514
8189942121,r,514
8190004110,r,514
8190006017,r,514
8190042972,r,514
8190577030,r,514
8190678119,s,514
8190993070,r,514
8190998077,r,514
8191436052,r,514
8191681146,r,514
8191725969,r,514
8191729068,r,514
8192667007,r,514
8192672967,r,514
8192697048,r,514
8193083047,r,514
8193109035,r,514
8193112134,r,514
8193931102,r,514
8193937063,r,514
8193979024,r,514
8201244115,r,514
8201272010,r,514
8201375961,r,514
8201398134,r,514
8217607021,r,514
8219454050,r,514
8219552993,s,514
8219738960,r,514
8219743013,r,514
8219793081,r,514
8219843149,r,514
8219884157,r,514
8219887018,r,514
8220667123,r,514
8220681190,r,514
8220733165,r,514
8220736026,r,514
8220781087,r,514
8220782995,r,514
8220851182,r,514
8220863103,r,514
8220947027,r,514
8220950126,r,514
8220976114,r,514
8221058130,r,514
8221168994,s,514
8221774101,r,514
8221779108,r,514
8221800088,r,514
8222141027,r,514
8222164154,r,514
8222166061,r,514
8222265958,r,514
8222508192,r,514
8222530126,r,514
8222894191,r,514
8222934961,r,514
8222937107,r,514
8223020076,r,514
8223275184,r,514
8223297119,r,514
8234419107,r,514
8234477996,r,514
8234483003,r,514
8234519004,r,514
8238855123,r,514
8239010095,s,514
8239127159,r,514
8239132165,r,514
8239338159,r,514
8239341974,r,514
8239394187,r,514
8239397048,r,514
8239484071,s,514
8239655017,r,514
8239658117,r,514
8240059137,r,514
8240550994,r,514
8240586996,r,514
8240910053,r,514
8241806983,r,514
8248025178,r,514
8248030185,r,514
8248073101,r,514
8252205133,r,514
8252252101,r,514
8253790140,r,514
8255669116,r,514
8255675077,r,514
8255716085,r,514
8257759094,r,514
8257801055,r,514
8257804155,r,514
8259382963,r,514
8259391069,r,514
8259433984,r,514
8259929180,r,514
8259968996,r,514
8259972095,r,514
8260784149,r,514
8260789155,r,514
8260820150,r,514
8261450052,r,514
8261512041,r,514
8261515140,r,514
8261634111,s,514
8262201070,r,514
8262214183,r,514
8262580156,r,514
8262585163,r,514
8262658119,s,514
8262788057,r,514
8262791156,r,514
8262811183,r,514
8263329029,r,514
8263350963,r,514
8263549089,r,514
8263638019,r,514
8263643026,r,514
8263756036,r,514
8263759136,r,514
8263797044,r,514
8263940095,r,514
8263964176,r,514
8264027118,r,514
8264094114,s,514
8264372110,r,514
8264376163,r,514
8264415979,r,514
8264832973,r,514
8264878988,r,514
8264882087,r,514
8264919042,r,514
8265199184,r,514
8265225172,r,514
8265228033,r,514
8265318155,r,514
8265321016,r,514
8265361070,r,514
8265434026,r,514
8265455007,r,514
8265484094,r,514
8265590190,r,514
8265593051,r,514
8265630006,r,514
8265685081,r,514
8265737056,r,514
8265779018,r,514
8265801191,r,514
8265895128,r,514
8265913963,r,514
8266047000,r,514
8266066074,r,514
8266158103,r,514
8266297101,r,514
8266299963,r,514
8266422986,r,514
8266426086,r,514
8266462087,r,514
8266546010,r,514
8266568183,r,514
8266595125,s,514
8266646146,r,514
8266648054,r,514
8266649007,r,514
8266733169,r,514
8266793966,r,514
8266959190,s,514
8267107009,r,514
8267110109,r,514
8267111063,r,514
8267112016,r,514
8267112970,r,514
8267114162,r,514
8267214059,r,514
8267217159,r,514
8267224073,r,514
8267320156,s,514
8267354965,r,514
8267357110,r,514
8267358064,r,514
8267358064,r,514
8267388105,r,514
8267390012,r,514
8267390012,r,514
8267851114,s,514
8270265102,r,514
8270271062,r,514
8270315170,r,514
8270385980,s,514
8299664020,r,514
8299673080,r,514
8301859140,r,514
8301865100,r,514
8301907062,r,514
8302051067,s,514
8302101135,r,514
8302103996,r,514
8302427053,r,514
8302432060,r,514
8302476167,r,514
8302525043,r,514
8302603006,s,514
8302649021,r,514
8302651166,r,514
8302749156,r,514
8303233146,r,514
8303275108,r,514
8303349971,r,514
8303390026,r,514
8304792165,r,514
8304836988,r,514
8304840087,r,514
8304912090,r,514
8304915189,r,514
8304954051,r,514
8305679082,r,514
8305737018,r,514
8305740118,r,514
8306665182,r,514
8306670188,r,514
8307456970,r,514
8307747125,r,514
8307783126,r,514
8307859182,r,514
8308032035,r,514
8308037042,r,514
8308076143,r,514
8314077138,r,514
8314124107,r,514
8314128160,r,514
8328680038,r,514
8328696012,r,514
8348528146,r,514
8348548173,r,514
8348610162,r,514
8348622083,r,514
8348688125,r,514
8348690986,r,514
8348726987,r,514
8348729133,r,514
8348772048,r,514
8348844051,r,514
8348983049,r,514
8348987102,r,514
8349037170,r,514
8349326133,r,514
8349402189,r,514
8349405050,r,514
8349449157,r,514
8349452018,r,514
8349503040,r,514
8349505186,r,514
8349756002,r,514
8349816083,r,514
8349856138,r,514
8349858999,r,514
8349895000,r,514
8349897146,r,514
8349951028,r,514
8349954128,r,514
8349987983,r,514
8350110054,r,514
8350131988,r,514
8350135087,r,514
8350151062,r,514
8350152969,r,514
8350179195,s,514
8350322008,s,514
8350615024,s,514
8350844144,s,514
8364073038,r,514
8364084959,r,514
8364119052,r,514
8364734172,r,514
8364760160,r,514
8364839076,r,514
8364883184,r,514
8364885091,r,514
8364938974,r,514
8365036010,r,514
8365075111,r,514
8365077018,r,514
8365131139,r,514
8365133047,r,514
8365300178,s,514
8365365982,r,514
8365368127,r,514
8365420103,r,514
8365422964,r,514
8365543127,s,514
8365586996,r,514
8365590095,r,514
8365640163,r,514
8365734100,r,514
8365755081,r,514
8365866184,r,514
8365906000,r,514
8365908145,r,514
8366126060,r,514
8366131067,r,514
8366152048,r,514
8366342067,r,514
8366402149,r,514
8366404056,r,514
8366456985,r,514
8366459131,r,514
8366494178,r,514
8366496086,r,514
8366530179,r,514
8366532087,r,514
8366731166,s,514
8377806186,r,514
8377822160,r,514
8377890110,r,514
8377892017,r,514
8377973079,r,514
8377974987,r,514
8378029108,r,514
8378033161,r,514
8378070116,r,514
8378072023,r,514
8378123998,r,514
8378126144,r,514
8378163099,r,514
8378165006,r,514
8378367185,r,514
8378371000,r,514
8378491163,r,514
8378494024,r,514
8378537178,r,514
8378540039,r,514
8378648042,r,514
8378652095,r,514
8378672122,r,514
8378766059,r,514
8378805160,r,514
8378807067,r,514
8378843069,r,514
8378914117,r,514
8378952980,r,514
8378956079,r,514
8379011154,r,514
8379013061,r,514
8379048109,r,514
8379096031,s,514
8379302978,r,514
8379307031,r,514
8379307985,r,514
8380053043,s,514
8392922163,r,514
8392935991,r,514
8392974138,r,514
8396727085,r,514
8396777153,r,514
8396780014,r,514
8397015094,r,514
8397112131,s,514
8397261142,s,514
8397298097,r,514
8397570133,r,514
8397622108,r,514
8397672176,r,514
8397730112,r,514
8397897005,r,514
8397941112,r,514
8397943973,r,514
8398508071,r,514
8398513078,r,514
8398638010,r,514
8398640155,r,514
8398641109,r,514
8398667097,r,514
8398751974,r,514
8398897171,r,514
8398936986,r,514
8398939132,r,514
8399121999,r,514
8399127006,r,514
8399238109,r,514
8399852037,r,514
8399938106,r,514
8399940967,r,514
8399994134,r,514
8400022983,r,514
8400261163,r,514
8400365114,r,514
8400388002,r,514
8400707006,r,514
8400748968,r,514
8400752067,r,514
8400855064,s,514
8401137113,r,514
8407859086,r,514
8407911062,r,514
8407914161,r,514
8436537981,r,514
8438374042,s,514
8444147109,r,514
8464751958,r,514
8464766979,r,514
8464818000,r,514
8464972019,r,514
8465013027,r,514
8465015172,r,514
8465157985,r,514
8465161085,r,514
8465278148,r,514
8465281009,r,514
8465324163,r,514
8465327024,r,514
8465373039,r,514
8465375185,r,514
8465476036,r,514
8465479135,r,514
8465514183,r,514
8465628147,r,514
8465631008,r,514
8465658187,s,514
8465819120,r,514
8465821981,r,514
8465862989,r,514
8465864181,r,514
8465970993,r,514
8465974092,r,514
8465994119,r,514
8466248989,r,514
8466287136,r,514
8466289997,r,514
8466505050,s,514
8466638088,r,514
8466642141,r,514
8466662168,r,514
8466664075,r,514
8466681003,r,514
8466682195,r,514
8466776132,r,514
8466778039,r,514
8466778039,r,514
8466849088,r,514
8466852188,r,514
8466917991,r,514
8466920137,r,514
8467005014,r,514
8467009067,r,514
8467236042,r,514
8467286109,r,514
8467389106,r,514
8467391967,r,514
8467427968,r,514
8467430114,r,514
8467465162,r,514
8467467069,r,514
8467518091,r,514
8467519998,r,514
8467522144,r,514
8467630147,r,514
8467633962,r,514
8467635154,r,514
8467741966,r,514
8467745065,r,514
8467765092,s,514
8467796087,r,514
8467890024,r,514
8467938184,r,514
8468006134,r,514
8468054056,s,514
8468124151,r,514
8468126058,r,514
8468255043,r,514
8468299150,s,514
8468463182,s,514
8468742132,r,514
8468744993,r,514
8468784093,r,514
8468854188,s,514
8471634149,s,514
8479041099,r,514
8479060173,r,514
8479109048,r,514
8479567050,r,514
8479600191,r,514
8479657173,r,514
8479686021,r,514
8479801177,r,514
8479823112,r,514
8479923009,r,514
8479963064,r,514
8479966163,r,514
8480060100,r,514
8480062961,r,514
8480101108,r,514
8480206966,r,514
8480252981,r,514
8480256080,r,514
8480503082,r,514
8480559110,r,514
8480609178,r,514
8480611085,r,514
8480628013,r,514
8480630159,r,514
8480766057,r,514
8480769157,r,514
8480808973,r,514
8480811119,r,514
8481068134,s,514
8481176137,r,514
8481178998,r,514
8481271028,r,514
8481274127,r,514
8481301069,r,514
8481302976,r,514
8481391191,r,514
8481394052,r,514
8481395006,r,514
8481464147,r,514
8481534004,r,514
8481537103,r,514
8481538057,r,514
8481665134,r,514
8481781959,s,514
8493174076,r,514
8493200063,r,514
8493242025,r,514
8493468999,s,514
8493607997,r,514
8493613004,r,514
8493718147,s,514
8493891000,r,514
8493894100,r,514
8494124174,r,514
8494297981,r,514
8494323968,r,514
8494951963,r,514
8494999170,r,514
8495002031,r,514
8495236158,r,514
8495241165,r,514
8495280981,r,514
8496107101,r,514
8496153116,r,514
8496155977,r,514
8498970985,r,514
8498979091,r,514
8499025106,r,514
8499139070,s,514
8499809980,r,514
8499814987,r,514
8499855995,r,514
8501296997,r,514
8501343965,r,514
8501347064,r,514
8502645015,r,514
8502650976,r,514
8502694129,r,514
8502779960,s,514
8503852128,r,514
8504326105,r,514
8504351139,r,514
8507764101,r,514
8507798194,r,514
8507801055,r,514
8507819175,r,514
8507821083,r,514
8507837057,r,514
8508617162,r,514
8508644104,r,514
8508646965,r,514
8508767127,s,514
8509104967,r,514
8509463071,r,514
8509526014,r,514
8509529113,r,514
8509570121,r,514
8509572029,r,514
8509625196,r,514
8509627103,r,514
8509662151,r,514
8509863138,r,514
8509885072,r,514
8509932041,r,514
8510135173,r,514
8510351181,s,514
8510622978,r,514
8510627984,r,514
8510648012,r,514
8510650157,r,514
8510666131,r,514
8510668039,r,514
8510991096,r,514
8510996103,r,514
8511016130,r,514
8511084079,r,514
8511106014,r,514
8511200189,r,514
8511581182,r,514
8511605024,r,514
8511645078,r,514
8511646986,r,514
8511702060,r,514
8511705160,r,514
8511739969,r,514
8511742115,r,514
8511778116,r,514
8513864040,s,514
8525439023,s,514
8526614189,s,514
8553328990,s,514
8555487155,r,514
8555503129,r,514
8555741071,s,514
8566931962,r,514
8566946983,r,514
8567120075,s,514
8567306995,r,514
8567310094,r,514
8567351102,r,514
8567417144,s,514
8567753076,r,514
8567757129,r,514
8567809104,r,514
8567811965,r,514
8567856073,r,514
8568005084,r,514
8568025112,r,514
8568094015,r,514
8568133115,r,514
8568135976,r,514
8568188190,r,514
8568253040,r,514
8568273067,r,514
8568334102,r,514
8568578004,r,514
8568665981,r,514
8568706989,r,514
8568710088,r,514
8568768024,r,514
8568770170,r,514
8568878173,r,514
8568881988,r,514
8568928003,s,514
8568999052,r,514
8568999052,r,514
8569074153,r,514
8569117069,r,514
8569370031,r,514
8581701040,r,514
8581766128,r,514
8581770181,r,514
8591817140,r,514
8591832160,r,514
8591888189,r,514
8593896150,r,514
8593940973,r,514
8593944072,r,514
8594069004,r,514
8594073057,r,514
8594185113,s,514
8594313144,r,514
8594658136,r,514
8594854116,r,514
8594859123,r,514
8595023155,r,514
8595026969,r,514
8595044136,r,514
8595241069,r,514
8595358133,r,514
8595362186,r,514
8595561981,r,514
8595566034,r,514
8595628976,r,514
8595937013,r,514
8596217155,r,514
8596228122,r,514
8596266984,r,514
8596270084,r,514
8596306085,r,514
8596307992,r,514
8596343040,r,514
8596400022,r,514
8596421003,r,514
8596495151,r,514
8596516132,r,514
8596628189,s,514
8596683979,r,514
8596686124,r,514
8596687078,r,514
8596687078,r,514
8596997022,s,514
8602765083,r,514
8602790117,r,514
8603105068,r,514
8603748083,r,514
8604150056,r,514
8604155063,r,514
8604232072,r,514
8604303121,s,514
8604748010,r,514
8604753017,r,514
8604794025,r,514
8606110095,r,514
8606155157,r,514
8606158018,r,514
8607037067,r,514
8607042074,r,514
8607141017,s,514
8607263088,r,514
8607761144,r,514
8607805967,r,514
8607808113,r,514
8609321117,r,514
8609327077,r,514
8609379053,r,514
8610745191,r,514
8610790967,r,514
8610794067,r,514
8610910177,s,514
8612423181,r,514
8612429142,r,514
8612470149,r,514
8613106012,r,514
8613135099,r,514
8613137006,r,514
8614510059,r,514
8614516973,r,514
8614541053,r,514
8619668960,r,514
8619700193,r,514
8619736194,r,514
8638270139,r,514
8641112089,r,514
8641163110,r,514
8644531965,r,514
8644597053,r,514
8644601106,r,514
8645815134,r,514
8645820140,r,514
8645920038,s,514
8647093057,r,514
8647099018,r,514
8648271083,r,514
8649187088,r,514
8649231195,r,514
8649995088,r,514
8650030136,r,514
8651163101,r,514
8651206970,r,514
8651210069,r,514
8652323007,r,514
8652330160,r,514
8652374982,r,514
8653419971,r,514
8653465986,r,514
8653469085,r,514
8653584003,s,514
8653891086,r,514
8654772043,r,514
8654818058,r,514
8654821157,r,514
8655058145,r,514
8655063152,r,514
8655590057,r,514
8655845165,r,514
8655871152,r,514
8656121969,r,514
8656500101,r,514
8656502962,r,514
8656830072,r,514
8657198190,r,514
8657225131,r,514
8657416105,r,514
8657454013,r,514
8657492160,r,514
8658502101,s,514
8658856153,s,514
8666332960,r,514
8666351079,r,514
8666850090,r,514
8667061090,r,514
8667083024,r,514
8667085170,r,514
8667102098,r,514
8667104959,r,514
8667121171,r,514
8667380094,r,514
8667421102,r,514
8667423009,r,514
8667462110,r,514
8667464017,r,514
8667500019,r,514
8667502164,r,514
8667536973,r,514
8667586088,r,514
8667639970,r,514
8667643070,r,514
8667679071,r,514
8674978017,s,514
8675333023,s,514
8680835962,r,514
8680843114,r,514
8680890083,r,514
8692746162,r,514
8692795991,r,514
8692947149,r,514
8693006038,r,514
8693008184,r,514
8693053007,r,514
8693056106,r,514
8695149183,r,514
8695156097,r,514
8695199012,r,514
8700416088,s,514
8702910184,r,514
8708317041,s,514
8713874101,r,514
8713879108,r,514
8713992118,r,514
8714115142,r,514
8714153051,r,514
8714581012,r,514
8714620113,r,514
8715008020,r,514
8715521097,r,514
8715525150,r,514
8715571165,r,514
8716487169,r,514
8716531991,r,514
8716535091,r,514
8718274116,r,514
8718278169,r,514
8718297004,r,514
8718422174,s,514
8718646049,r,514
8718649148,r,514
8718669176,r,514
8719788074,r,514
8719815969,r,514
8719819068,r,514
8720216035,s,514
8740360975,r,514
8740382194,r,514
8740444183,r,514
8740447044,r,514
8740483999,r,514
8740486145,r,514
8740521192,r,514
8745802164,r,514
8745846033,r,514
8745849132,r,514
8758983135,r,514
8759003162,r,514
8759046077,r,514
8759400129,r,514
8759445190,r,514
8759448051,r,514
8759800195,r,514
8759804010,r,514
8759843111,r,514
8759945154,s,514
8759993076,r,514
8759994983,r,514
8760370969,r,514
8760519027,s,514
8760662078,r,514
8760667085,r,514
8760689020,r,514
8761116981,r,514
8761178016,r,514
8761181116,r,514
8761218070,r,514
8761226177,r,514
8761284112,r,514
8761286973,r,514
8761322021,r,514
8761324167,r,514
8767381191,r,514
8767385959,r,514
8767431020,r,514
8774777174,r,514
8774818181,r,514
8774821043,r,514
8774837017,r,514
8774945020,s,514
8801144123,r,514
8801160097,r,514
8801229000,r,514
8804581165,r,514
8804609060,r,514
8804612159,r,514
8805164098,r,514
8805168151,r,514
8805207967,r,514
8805437088,r,514
8805485010,r,514
8805830001,r,514
8805868148,r,514
8805871009,r,514
8806082963,r,514
8806420087,r,514
8806457996,r,514
8806643962,r,514
8807392120,r,514
8807394981,r,514
8807434082,r,514
8809192180,r,514
8809237003,r,514
8809239149,r,514
8809309959,r,514
8809312105,r,514
8809347152,r,514
8809700965,s,514
8809848070,s,514
8810955047,r,514
8834508180,r,514
8834570169,r,514
8835833072,r,514
8836291074,s,514
8836640119,s,514
8837172985,s,514
8873136043,r,514
8873161077,r,514
8873219013,r,514
8873227119,r,514
8873275995,r,514
8873300075,r,514
8873527050,s,514
8878149986,r,514
8878174066,r,514
8878369092,r,514
8878441095,s,514
8888126134,r,514
8888151168,r,514
8888190031,r,514
8914798974,s,514
8923943996,s,514
8924571990,s,514
8940834045,s,514
8969273090,r,514
8977027177,s,514
9102324008,r,514
9107482194,s,514
9118571043,r,514
9181346178,r,514
9181560039,s,514
9210770130,r,514
9210786104,r,514
9210843086,r,514
9220396041,s,514
9230379104,r,514
9230391979,r,514
9232501983,s,514
9233078002,s,514
9235174179,r,514
9235465049,s,514
9236001014,s,514
9250568151,s,514
9301830053,s,514
9346372127,r,514
9346386194,r,514
9346439123,r,514
9346441030,r,514
9346477031,r,514
9346480131,r,514
9360603094,r,514
9360615015,r,514
9360668182,r,514
9368654966,r,514
9374902009,s,514
9381954193,r,514
9388559103,s,514
9429840087,r,514
9429857015,r,514
9483186006,r,514
9483201980,r,514
9483263015,r,514
9489123106,s,514
9493942976,r,514
9493947982,r,514
9493991136,r,514
9497421979,r,514
9497471094,r,514
9501474142,r,514
9503637075,s,514
9508291959,s,514
9508526086,s,514
9508839130,s,514
9564618110,r,514
9632171154,r,514
9634163141,r,514
9634502172,s,514
9634694099,s,514
9634852170,s,514
9751753091,r,514
9767383098,r,514
9805075168,r,514
9855077028,s,514
9872864007,r,514
9892632961,r,514
9892894983,s,514
9894438028,r,514
9894443988,r,514
9894489049,r,514
9895150184,r,514
9898256063,r,514
9900009155,r,514
9941146135,r,514
9941157102,r,514
9957607984,r,514
10004799127,s,514
10030562162,r,514
10030578136,r,514
10030635118,r,514
10033210992,r,514
10038128137,s,514
10055292129,s,514
10055638074,s,514
10065010070,s,514
10078314065,s,514
10180842161,r,514
10181039094,s,514
10313691139,r,514
10368520975,r,514
10368537187,r,514
10368604183,r,514
10370795011,r,514
10398211002,r,514
10404879093,s,514
10408684968,s,514
10409219026,s,514
10425467014,s,514
10438407182,s,514
10446542024,r,514
10545647144,r,514
10545665025,r,514
10545734167,r,514
10546988010,s,514
10579790115,r,514
10579951047,s,514
10662997007,r,514
10665174007,s,514
10666985034,s,514
10712963104,r,514
10713171958,s,514
10721187114,r,514
10721209049,r,514
10771414995,r,514
10814107179,r,514
10814133167,r,514
10814170122,r,514
10814444065,s,514
10814553976,r,514
10814556121,r,514
10815687179,r,514
10815693140,r,514
10815725088,r,514
10827289104,r,514
10842027187,r,514
10842043161,r,514
10845339059,r,514
10845354080,r,514
10845404148,r,514
10845828056,r,514
10845862150,r,514
10846043109,r,514
10846068143,r,514
10846153974,s,514
10847740173,r,514
10847755193,r,514
10847830057,r,514
10850428104,r,514
10850471973,r,514
10850569009,r,514
10851586103,r,514
10851591110,r,514
10855046987,r,514
10855062007,r,514
10855132103,r,514
10855134010,r,514
10860478162,r,514
10860485076,r,514
10882230043,r,514
10882249116,r,514
10883033990,r,514
10883126020,s,514
10883756160,r,514
10883761167,r,514
10883804082,r,514
10883861064,s,514
10884309053,r,514
10884314060,r,514
10893723011,r,514
10893738985,r,514
10895199060,r,514
10942166090,r,514
10942180156,r,514
10942849159,s,514
10943397045,s,514
10979959964,r,514
10998736143,s,514
11097160100,r,514
11097190141,r,514
11097243070,r,514
11113276004,r,514
11159936189,r,514
11208228111,r,514
11208261013,r,514
11210260152,s,514
11228464126,r,514
11228487968,r,514
11228557109,r,514
11228559017,r,514
11228816032,s,514
11229079008,r,514
11229084014,r,514
11229124069,r,514
11229892969,r,514
11229926109,r,514
11230107069,s,514
11230365037,r,514
11230590105,r,514
11230625152,r,514
11231391191,r,514
11231415987,r,514
11231482029,s,514
11231753110,r,514
11231758117,r,514
11232416153,s,514
11232835054,r,514
11232839107,r,514
11232861042,r,514
11233852148,r,514
11233891964,r,514
11234616041,r,514
11234659194,r,514
11235666036,r,514
11235707044,r,514
11235908031,r,514
11235928058,r,514
11236009120,r,514
11236914157,r,514
11236917018,r,514
11237607002,r,514
11237610101,r,514
11238278150,r,514
11238281965,r,514
11239114046,r,514
11239117145,r,514
11239135980,r,514
11239506006,r,514
11239607095,r,514
11241835117,s,514
11242043018,s,514
11242206096,r,514
11242211103,r,514
11246118068,r,514
11289627075,r,514
11289637088,r,514
11367660999,r,514
11372940063,r,514
11372948169,r,514
11373126030,r,514
11373138189,r,514
11373210191,r,514
11373689174,r,514
11373694181,r,514
11373759031,r,514
11373939991,r,514
11373942136,r,514
11373943090,r,514
11373944044,r,514
11379145145,r,514
11386841058,r,514
11386856079,r,514
11420351982,r,514
11439998149,s,514
11440093994,s,514
11480376958,r,514
11480393171,r,514
11480451107,r,514
11484892129,s,514
11512142181,r,514
11522289037,s,514
11545583009,r,514
11658660173,s,514
11678843021,r,514
11679085969,s,514
11688668966,s,514
11689021110,s,514
11689077138,s,514
12002797126,r,514
12112118959,r,514
12238281011,r,514
12287495136,r,514
12420520067,r,514
12420791149,s,514
12422974109,s,514
12438425064,s,514
12653707981,r,514
12653735160,r,514
12653784990,r,514
12690905094,s,514
12691141128,s,514
12786412000,r,514
12788378000,s,514
12788598060,s,514
12788644075,s,514
12922332048,r,514
12923030138,s,514
12923562049,s,514
13005064964,s,514
13006762027,s,514
13133310079,r,514
13211163997,r,514
13266119003,r,514
13266779184,s,514
13266832113,s,514
13267349958,s,514
13383041143,r,514
13383067131,r,514
13383308172,s,514
13399072170,r,514
13415556192,s,514
13533545970,r,514
13534984111,s,514
13544820070,s,514
13575427055,s,514
13586629152,s,514
13749266147,r,514
13749449968,s,514
13786517143,r,514
13786530971,r,514
13832352161,r,514
13845651149,s,514
13862823963,r,514
13862840175,r,514
13862895011,r,514
13863092184,s,514
13895236969,r,514
13895267009,r,514
13897881031,s,514
13900446176,s,514
13919296026,r,514
14027162075,r,514
14027227163,r,514
14027245998,r,514
14027444124,s,514
14027939081,r,514
14027944088,r,514
14028102159,r,514
14028560161,r,514
14028659105,s,514
14029584169,r,514
14029590129,r,514
14041857004,r,514
14041872978,r,514
14081277132,r,514
14081290006,r,514
14081351041,r,514
14083507061,r,514
14083533048,r,514
14084072113,r,514
14084097147,r,514
14084508180,r,514
14084532022,r,514
14084611177,s,514
14085003137,r,514
14085008144,r,514
14085050106,r,514
14095738172,r,514
14095793008,r,514
14097964048,r,514
14098006963,r,514
14098011016,r,514
14098127126,s,514
14109709024,r,514
14112526178,r,514
14123118162,r,514
14123136043,r,514
14123192071,r,514
14123743057,r,514
14123789072,r,514
14123790979,r,514
14123810052,r,514
14123811960,r,514
14123977184,r,514
14123980045,r,514
14124418973,r,514
14124423027,r,514
14124454975,r,514
14124457120,r,514
14124768018,r,514
14124773025,r,514
14124813079,r,514
14125102043,s,514
14137432098,r,514
14137457132,r,514
14139656066,s,514
14173312187,r,514
14245635032,r,514
14266489028,r,514
14365586996,r,514
14365604162,r,514
14366770029,s,514
14379721164,r,514
14386337995,s,514
14399294138,r,514
14416867017,r,514
14416934967,r,514
14416938066,r,514
14416988134,r,514
14416990995,r,514
14417028188,r,514
14418869972,s,514
14429125070,r,514
14429135084,r,514
14429167985,r,514
14431424140,s,514
14434092044,s,514
14447164058,r,514
14447179079,r,514
14447259187,r,514
14447262048,r,514
14447301149,r,514
14447303056,r,514
14447345018,r,514
14447348117,r,514
14454745054,r,514
14454758167,r,514
14454818964,r,514
14455129146,s,514
14461335182,r,514
14461342096,r,514
14461388111,r,514
14461390018,r,514
14465137004,r,514
14465142011,r,514
14465183019,r,514
14465314149,r,514
14465378046,r,514
14465381145,r,514
14465537071,r,514
14465538978,r,514
14476736068,r,514
14476742029,r,514
14495479106,r,514
14495491981,r,514
14495548009,r,514
14495550155,r,514
14495586156,r,514
14495588064,r,514
14496874094,r,514
14496878147,r,514
14500030040,s,514
14500185012,s,514
14514763116,r,514
14532531976,r,514
14705628156,r,514
14711515188,s,514
14721847057,s,514
14722095966,s,514
14838658094,r,514
14844906091,s,514
14964444160,r,514
14964461088,r,514
14964523077,r,514
14968428134,s,514
14978430032,r,514
14980856180,s,514
14981060981,s,514
15114629030,r,514
15150204181,r,514
15287293195,r,514
15332524061,r,514
15332540988,r,514
15420193195,r,514
15444957017,s,514
15450081110,r,514
15493049144,s,514
15493144035,s,514
15505491018,s,514
15552886009,r,514
15725337028,s,514
15725435972,s,514
16005670070,r,514
16005746126,r,514
16005774974,r,514
16020019054,r,514
16020088195,r,514
16020133972,r,514
16053811073,r,514
16053858995,r,514
16138657093,r,514
16214810133,r,514
16271540164,r,514
16317372083,s,514
16319723129,s,514
16325308084,s,514
16328042984,s,514
16338088989,s,514
16340578079,s,514
16348917961,s,514
16358950138,s,514
16401101112,s,514
16636955022,r,514
16643669128,s,514
16687065124,r,514
16691006183,s,514
16691169023,s,514
16732977151,r,514
16733222007,s,514
16733433008,s,514
16733561039,s,514
16777135133,r,514
16777352094,s,514
16777494192,s,514
16827877044,s,514
16885478973,r,514
16885502100,r,514
16910398006,r,514
16934195041,r,514
16982510089,r,514
16982527971,r,514
16982586145,r,514
16982782125,s,514
16992041110,s,514
16992866039,s,514
17019273042,r,514
17019294977,r,514
17021465063,s,514
17022109985,s,514
17030493021,r,514
17030750036,r,514
17030789136,r,514
17033638000,r,514
17038357019,s,514
17038845062,s,514
17043408155,r,514
17054838180,s,514
17058742046,s,514
17078711032,r,514
17078731060,r,514
17141054153,r,514
17141072988,r,514
17148101091,s,514
17149966001,s,514
17177200078,r,514
17177359104,s,514
17179633140,s,514
17191347122,r,514
17266191005,s,514
17279778003,r,514
17297228097,r,514
17304715156,s,514
17305629015,s,514
17310242176,r,514
17310343980,s,514
17329699039,r,514
17329916000,s,514
17414514064,r,514
17422835111,s,514
17429028987,r,514
17429197073,s,514
17431251049,s,514
17438491106,s,514
17443909168,r,514
17540939092,r,514
17556203126,r,514
17556285142,r,514
17556291103,r,514
17556492090,s,514
17559180975,s,514
17576359033,r,514
17576382160,r,514
17577077150,r,514
17590747118,s,514
17593888998,s,514
17680807113,r,514
17680822134,r,514
17681120157,r,514
17681125164,r,514
17681184053,r,514
17681187152,r,514
17681400060,r,514
17682304143,s,514
17690371990,s,514
17690781116,s,514
17691024065,r,514
17691030025,r,514
17691071987,r,514
17695196151,s,514
17710242986,r,514
17725157976,r,514
17725211143,r,514
17725367069,r,514
17725416183,r,514
17725437164,r,514
17728873968,r,514
17728891134,r,514
17729242086,r,514
17729245185,r,514
17729287147,r,514
17729290008,r,514
17729694128,r,514
17729696989,r,514
17729747057,r,514
17738054990,s,514
17739423990,r,514
17771495103,r,514
17785295009,s,514
17788133144,r,514
17788140058,r,514
17795516014,s,514
17818371057,s,514
17843240976,r,514
17848387002,s,514
17857508182,s,514
17923978090,r,514
17937160968,s,514
17955999136,r,514
17958454132,s,514
17964276075,r,514
17976531028,r,514
17976669073,s,514
17977486133,s,514
17988397121,s,514
18007004022,r,514
18073770999,r,514
18074321985,r,514
18074365139,r,514
18074468135,s,514
18074851989,r,514
18074979066,r,514
18074982166,r,514
18074983120,r,514
18075961113,r,514
18078730106,r,514
18078773021,r,514
18079149007,r,514
18079174041,r,514
18079467058,r,514
18079509019,r,514
18084403991,s,514
18088728189,r,514
18088740110,r,514
18088795185,r,514
18090656995,s,514
18102828025,r,514
18102854013,r,514
18109484195,r,514
18121073961,r,514
18121148109,r,514
18122130155,r,514
18122173070,r,514
18122732162,r,514
18122768163,r,514
18124269008,r,514
18124351978,r,514
18124355077,r,514
18124392986,r,514
18124395132,r,514
18128165006,r,514
18128172159,r,514
18128561019,r,514
18128568172,r,514
18129431009,r,514
18129445076,r,514
18129486084,r,514
18129570961,s,514
18135275125,r,514
18137091159,r,514
18137128114,r,514
18151839971,r,514
18151885986,r,514
18168665170,r,514
18168742179,r,514
18168745994,r,514
18183269977,r,514
18183290958,r,514
18240955114,r,514
18242470026,r,514
18296044111,r,514
18367424011,r,514
18375293016,r,514
18375535011,s,514
18392579078,s,514
18405107975,s,514
18406551122,r,514
18406558036,r,514
18406604051,r,514
18438317060,s,514
18508069992,r,514
18508088111,r,514
18508407115,s,514
18511290073,s,514
18644697189,r,514
18644715070,r,514
18644785165,r,514
18658068180,r,514
18678215026,r,514
18748962163,s,514
18749057054,s,514
18762631177,r,514
18764660120,s,514
18765335083,s,514
18777564048,r,514
18785120964,s,514
18876420021,r,514
18923942089,r,514
18923957109,r,514
18950365066,r,514
18951688051,s,514
18955234050,s,514
19137300968,r,514
19249057054,r,514
19258361101,s,514
19258948087,s,514
19270325183,r,514
19444956064,s,514
19445399999,r,514
19445618152,s,514
19578551054,r,514
19711613178,r,514
19711879015,s,514
19794211149,r,514
19845103025,r,514
19846727132,s,514
19967451095,r,514
19967468023,r,514
19978229999,r,514
19981675148,r,514
20029591083,r,514
20111550092,r,514
20113628149,s,514
20245136022,r,514
20251214027,s,514
20314929008,r,514
20314946174,r,514
20448224067,r,514
20448445081,s,514
20574174165,r,514
20576554060,s,514
20580943107,s,514
20581771135,r,514
20943339109,r,514
20943552017,s,514
21192708015,r,514
21192727088,r,514
21192793130,r,514
21783619165,r,514
21784136056,s,514
22595621109,r,514
22668640136,r,514
23437494993,r,514
23438465118,s,514
23438991069,s,514
23551191091,r,514
23755367994,s,514
23909214019,r,514
23909413099,s,514
24755423069,s,514
25234411001,r,514
25438492059,s,514
26068511009,r,514
26068582058,r,514
26068605184,r,514
26209468126,r,514
26211706161,s,514
26342303991,r,514
26342740058,s,514
27364150047,r,514
27391855001,r,514
27438524961,s,514
27438627958,s,514
28356016159,r,514
29438081979,s,514
29640546083,r,514
29640973091,s,514
29982227087,r,514
29982244968,r,514
29988569974,s,514
29994985103,s,514
29995777130,s,514
30500730037,r,514
30500934124,s,514
33068690061,r,514
33438127994,s,514
34818822145,r,514
34818893194,r,514
34818973064,r,514
34952254056,r,514
34954452991,s,514
37901264190,r,514
38366297960,r,514
38445052146,s,514
39221165180,r,514
39712234973,r,514
40039184093,r,514
40438135147,s,514
41349611997,r,514
41440638065,s,514
41440737009,s,514
42014332056,r,514
42014718055,s,514
42346940994,r,514
42346959114,r,514
42368875026,s,514
42438151121,s,514
42438246011,s,514
42469050169,s,514
42472800970,s,514
42609189987,r,514
42609207153,r,514
42609273195,r,514
42657171964,r,514
42742084026,r,514
42875166177,r,514
42885082006,s,514
43125588178,r,514
43125616073,r,514
43125689983,r,514
43173613071,r,514
43258574962,r,514
43360116004,r,514
43438212156,s,514
43748769044,r,514
44438413143,s,514
44438580036,s,514
45834295034,r,514
