0,r,512
110000000,r,512
110000000,s,512
250000000,r,512
850000000,s,512
1000000000,r,512
1000000000,s,512
1000000000,s,512
1160000000,r,512
1160000000,r,512
1160000000,r,512
1160000000,r,512
1160000000,r,512
1160000000,r,512
1160000000,r,512
1170000000,s,512
1350000000,r,512
1350000000,s,512
1500000000,r,512
1500000000,r,512
1500000000,s,512
1660000000,r,512
1660000000,s,512
1840000000,r,512
1840000000,r,512
1840000000,r,512
1840000000,r,512
1840000000,r,512
1840000000,r,512
1840000000,r,512
1910000000,r,512
1910000000,r,512
1910000000,r,512
1910000000,r,512
1910000000,r,512
1910000000,r,512
1910000000,r,512
1910000000,r,512
1910000000,r,512
1930000000,r,512
1930000000,r,512
1930000000,r,512
1930000000,r,512
1930000000,r,512
1930000000,r,512
1930000000,r,512
1930000000,r,512
1930000000,r,512
1930000000,r,512
1930000000,r,512
1930000000,r,512
1930000000,r,512
1930000000,r,512
1930000000,r,512
1930000000,r,512
1930000000,r,512
1930000000,r,512
1930000000,r,512
1930000000,r,512
1930000000,r,512
1930000000,r,512
1930000000,r,512
2000000000,r,512
2000000000,r,512
2000000000,r,512
2000000000,s,512
2000000000,r,512
2000000000,r,512
2000000000,r,512
2000000000,r,512
2000000000,r,512
2020000000,r,512
2020000000,r,512
2490000000,s,512
2490000000,s,512
2490000000,s,512
2490000000,s,512
2490000000,s,512
2630000000,r,512
2640000000,s,512
2640000000,s,512
2730000000,r,512
2730000000,r,512
2730000000,r,512
2730000000,s,512
2730000000,s,512
2730000000,s,512
2730000000,s,512
2730000000,s,512
2730000000,s,512
2820000000,r,512
2820000000,s,512
2820000000,s,512
2870000000,r,512
2870000000,r,512
2870000000,r,512
2870000000,r,512
2870000000,r,512
2870000000,r,512
2870000000,r,512
2880000000,r,512
2880000000,r,512
2890000000,s,512
2890000000,s,512
2890000000,r,512
2890000000,r,512
2890000000,r,512
2890000000,r,512
2890000000,r,512
2890000000,r,512
2890000000,r,512
2900000000,r,512
2900000000,r,512
2900000000,r,512
2900000000,r,512
2900000000,r,512
2900000000,r,512
2900000000,r,512
2900000000,r,512
2910000000,r,512
2910000000,r,512
2910000000,r,512
2910000000,s,512
2910000000,s,512
2910000000,s,512
2910000000,s,512
2930000000,r,512
2930000000,r,512
2930000000,r,512
2930000000,r,512
2930000000,r,512
2930000000,r,512
2930000000,r,512
3000000000,r,512
3000000000,r,512
3000000000,s,512
3000000000,s,512
3060000000,r,512
3060000000,r,512
3060000000,r,512
3060000000,r,512
3060000000,r,512
3060000000,s,512
3060000000,r,512
3060000000,r,512
3060000000,s,512
3060000000,s,512
3060000000,s,512
3060000000,s,512
3060000000,s,512
3060000000,s,512
3060000000,s,512
3060000000,s,512
3060000000,s,512
3070000000,r,512
3070000000,r,512
3070000000,r,512
3070000000,r,512
3070000000,r,512
3070000000,r,512
3070000000,r,512
3070000000,r,512
3070000000,r,512
3070000000,r,512
3070000000,r,512
3070000000,r,512
3070000000,r,512
3070000000,r,512
3070000000,r,512
3070000000,r,512
3070000000,r,512
3070000000,r,512
3070000000,s,512
3080000000,r,512
3080000000,r,512
3080000000,r,512
3080000000,r,512
3080000000,r,512
3080000000,r,512
3080000000,r,512
3080000000,r,512
3080000000,r,512
3080000000,r,512
3080000000,r,512
3100000000,r,512
3100000000,r,512
3100000000,r,512
3100000000,r,512
3100000000,r,512
3100000000,r,512
3100000000,r,512
3100000000,r,512
3110000000,r,512
3110000000,r,512
3110000000,r,512
3110000000,r,512
3110000000,s,512
3110000000,r,512
3120000000,r,512
3120000000,r,512
3120000000,r,512
3120000000,r,512
3120000000,r,512
3120000000,r,512
3120000000,r,512
3120000000,r,512
3120000000,r,512
3120000000,r,512
3120000000,r,512
3120000000,r,512
3120000000,r,512
3120000000,r,512
3120000000,r,512
3120000000,r,512
3120000000,r,512
3120000000,r,512
3120000000,r,512
3120000000,r,512
3120000000,r,512
3120000000,r,512
3120000000,r,512
3120000000,r,512
3120000000,r,512
3120000000,s,512
3150000000,r,512
3150000000,r,512
3150000000,r,512
3150000000,r,512
3150000000,r,512
3150000000,r,512
3150000000,r,512
3150000000,r,512
3150000000,r,512
3150000000,s,512
3160000000,r,512
3160000000,r,512
3160000000,r,512
3160000000,r,512
3160000000,r,512
3160000000,r,512
3160000000,r,512
3160000000,r,512
3160000000,r,512
3160000000,r,512
3160000000,r,512
3160000000,r,512
3160000000,r,512
3160000000,r,512
3160000000,r,512
3160000000,r,512
3160000000,r,512
3160000000,r,512
3160000000,r,512
3160000000,r,512
3160000000,r,512
3160000000,r,512
3160000000,s,512
3160000000,r,512
3160000000,r,512
3160000000,r,512
3160000000,r,512
3160000000,r,512
3160000000,r,512
3160000000,r,512
3160000000,r,512
3160000000,r,512
3160000000,r,512
3160000000,r,512
3160000000,r,512
3160000000,r,512
3160000000,r,512
3160000000,r,512
3160000000,r,512
3160000000,r,512
3160000000,r,512
3160000000,r,512
3160000000,r,512
3170000000,r,512
3170000000,r,512
3170000000,r,512
3170000000,r,512
3170000000,s,512
3170000000,r,512
3170000000,r,512
3170000000,r,512
3170000000,r,512
3170000000,r,512
3170000000,r,512
3170000000,r,512
3170000000,r,512
3170000000,r,512
3170000000,r,512
3170000000,r,512
3170000000,r,512
3170000000,r,512
3170000000,r,512
3170000000,r,512
3170000000,r,512
3170000000,r,512
3170000000,r,512
3170000000,r,512
3170000000,s,512
3190000000,r,512
3190000000,r,512
3190000000,r,512
3190000000,r,512
3190000000,r,512
3190000000,r,512
3190000000,r,512
3190000000,r,512
3190000000,r,512
3190000000,r,512
3190000000,r,512
3190000000,r,512
3190000000,r,512
3190000000,r,512
3190000000,r,512
3190000000,r,512
3210000000,r,512
3210000000,r,512
3210000000,r,512
3210000000,r,512
3210000000,r,512
3210000000,r,512
3210000000,r,512
3210000000,r,512
3210000000,r,512
3210000000,r,512
3210000000,r,512
3210000000,r,512
3210000000,r,512
3210000000,r,512
3210000000,r,512
3210000000,r,512
3210000000,r,512
3210000000,r,512
3210000000,r,512
3210000000,r,512
3210000000,r,512
3210000000,r,512
3210000000,r,512
3210000000,r,512
3210000000,r,512
3210000000,r,512
3210000000,r,512
3210000000,r,512
3210000000,r,512
3210000000,r,512
3210000000,r,512
3210000000,r,512
3210000000,r,512
3210000000,r,512
3210000000,r,512
3210000000,r,512
3210000000,r,512
3210000000,r,512
3210000000,r,512
3210000000,r,512
3210000000,r,512
3210000000,s,512
3210000000,r,512
3210000000,r,512
3210000000,r,512
3210000000,r,512
3210000000,r,512
3210000000,r,512
3210000000,r,512
3210000000,r,512
3210000000,r,512
3210000000,r,512
3210000000,r,512
3210000000,r,512
3210000000,r,512
3210000000,r,512
3210000000,s,512
3210000000,r,512
3210000000,r,512
3210000000,r,512
3210000000,r,512
3210000000,r,512
3210000000,r,512
3210000000,r,512
3240000000,r,512
3240000000,r,512
3240000000,r,512
3240000000,r,512
3240000000,r,512
3240000000,r,512
3240000000,r,512
3240000000,r,512
3250000000,r,512
3250000000,r,512
3250000000,r,512
3250000000,r,512
3250000000,r,512
3250000000,r,512
3250000000,r,512
3250000000,r,512
3250000000,r,512
3250000000,r,512
3250000000,r,512
3250000000,r,512
3250000000,r,512
3250000000,r,512
3250000000,r,512
3250000000,r,512
3250000000,r,512
3250000000,r,512
3250000000,r,512
3250000000,r,512
3250000000,r,512
3250000000,r,512
3250000000,r,512
3250000000,r,512
3250000000,r,512
3250000000,r,512
3250000000,r,512
3250000000,r,512
3250000000,r,512
3250000000,r,512
3250000000,r,512
3250000000,r,512
3250000000,r,512
3250000000,r,512
3250000000,r,512
3250000000,r,512
3250000000,r,512
3250000000,r,512
3250000000,r,512
3250000000,r,512
3250000000,r,512
3250000000,r,512
3250000000,r,512
3250000000,r,512
3250000000,r,512
3250000000,r,512
3250000000,r,512
3250000000,s,512
3250000000,r,512
3250000000,r,512
3250000000,r,512
3250000000,r,512
3250000000,r,512
3250000000,r,512
3250000000,r,512
3250000000,r,512
3250000000,r,512
3250000000,r,512
3250000000,r,512
3250000000,r,512
3250000000,r,512
3250000000,r,512
3250000000,r,512
3250000000,r,512
3250000000,r,512
3250000000,r,512
3250000000,r,512
3250000000,r,512
3260000000,r,512
3260000000,r,512
3260000000,r,512
3260000000,r,512
3260000000,s,512
3260000000,r,512
3260000000,r,512
3260000000,r,512
3260000000,r,512
3260000000,r,512
3260000000,r,512
3260000000,r,512
3260000000,r,512
3260000000,r,512
3260000000,r,512
3260000000,r,512
3260000000,r,512
3260000000,r,512
3260000000,r,512
3260000000,r,512
3260000000,r,512
3260000000,r,512
3260000000,r,512
3260000000,r,512
3260000000,r,512
3260000000,r,512
3260000000,r,512
3260000000,r,512
3260000000,r,512
3260000000,s,512
3260000000,r,512
3260000000,r,512
3260000000,r,512
3260000000,r,512
3260000000,r,512
3260000000,r,512
3260000000,r,512
3260000000,r,512
3260000000,r,512
3260000000,r,512
3260000000,r,512
3260000000,r,512
3260000000,r,512
3260000000,r,512
3260000000,r,512
3260000000,r,512
3260000000,r,512
3260000000,r,512
3260000000,r,512
3260000000,r,512
3260000000,r,512
3260000000,r,512
3260000000,r,512
3260000000,r,512
3260000000,r,512
3260000000,r,512
3260000000,r,512
3260000000,s,512
3260000000,s,512
3260000000,s,512
3260000000,r,512
3260000000,r,512
3260000000,r,512
3260000000,r,512
3260000000,r,512
3260000000,r,512
3260000000,r,512
3260000000,r,512
3260000000,r,512
3260000000,r,512
3260000000,r,512
3260000000,r,512
3260000000,r,512
3260000000,r,512
3260000000,r,512
3260000000,r,512
3260000000,r,512
3280000000,r,512
3280000000,r,512
3280000000,r,512
3280000000,r,512
3280000000,s,512
3280000000,r,512
3280000000,r,512
3280000000,r,512
3280000000,r,512
3280000000,r,512
3280000000,r,512
3280000000,r,512
3280000000,r,512
3280000000,r,512
3280000000,r,512
3280000000,r,512
3280000000,r,512
3280000000,r,512
3280000000,r,512
3280000000,r,512
3280000000,r,512
3280000000,r,512
3280000000,r,512
3280000000,r,512
3280000000,r,512
3280000000,r,512
3280000000,r,512
3290000000,r,512
3290000000,r,512
3290000000,r,512
3290000000,r,512
3290000000,r,512
3290000000,r,512
3290000000,s,512
3290000000,r,512
3300000000,r,512
3300000000,r,512
3300000000,r,512
3300000000,r,512
3300000000,r,512
3300000000,r,512
3300000000,r,512
3300000000,r,512
3300000000,r,512
3300000000,r,512
3300000000,r,512
3300000000,r,512
3300000000,r,512
3300000000,r,512
3300000000,r,512
3300000000,r,512
3300000000,r,512
3300000000,r,512
3300000000,r,512
3300000000,r,512
3300000000,r,512
3300000000,r,512
3300000000,r,512
3300000000,r,512
3300000000,r,512
3300000000,r,512
3300000000,r,512
3300000000,r,512
3300000000,r,512
3300000000,r,512
3300000000,r,512
3300000000,r,512
3300000000,r,512
3300000000,r,512
3300000000,r,512
3300000000,r,512
3300000000,r,512
3300000000,r,512
3300000000,r,512
3300000000,r,512
3300000000,r,512
3300000000,r,512
3300000000,r,512
3300000000,r,512
3300000000,r,512
3300000000,r,512
3300000000,r,512
3300000000,r,512
3300000000,r,512
3300000000,r,512
3300000000,r,512
3300000000,r,512
3300000000,r,512
3300000000,r,512
3300000000,r,512
3300000000,r,512
3300000000,r,512
3300000000,r,512
3300000000,r,512
3300000000,s,512
3300000000,r,512
3300000000,r,512
3300000000,r,512
3300000000,r,512
3300000000,r,512
3300000000,r,512
3300000000,r,512
3300000000,r,512
3300000000,r,512
3300000000,r,512
3300000000,r,512
3300000000,r,512
3300000000,r,512
3300000000,r,512
3300000000,r,512
3300000000,r,512
3300000000,r,512
3300000000,r,512
3300000000,r,512
3300000000,r,512
3300000000,r,512
3300000000,r,512
3300000000,r,512
3300000000,r,512
3300000000,r,512
3300000000,r,512
3300000000,r,512
3300000000,r,512
3300000000,r,512
3300000000,r,512
3300000000,r,512
3300000000,r,512
3300000000,r,512
3300000000,r,512
3300000000,r,512
3300000000,r,512
3300000000,r,512
3300000000,r,512
3300000000,r,512
3300000000,r,512
3300000000,s,512
3300000000,r,512
3300000000,r,512
3300000000,r,512
3300000000,r,512
3300000000,r,512
3300000000,r,512
3300000000,r,512
3300000000,r,512
3300000000,s,512
3300000000,r,512
3300000000,r,512
3300000000,r,512
3300000000,r,512
3300000000,r,512
3300000000,r,512
3300000000,r,512
3300000000,r,512
3300000000,r,512
3300000000,r,512
3300000000,r,512
3300000000,r,512
3300000000,r,512
3300000000,r,512
3300000000,r,512
3300000000,r,512
3300000000,r,512
3300000000,r,512
3300000000,s,512
3330000000,r,512
3330000000,r,512
3330000000,r,512
3330000000,r,512
3330000000,r,512
3330000000,r,512
3330000000,r,512
3330000000,r,512
3330000000,r,512
3330000000,r,512
3330000000,r,512
3330000000,r,512
3330000000,r,512
3330000000,r,512
3330000000,r,512
3330000000,r,512
3330000000,r,512
3330000000,r,512
3330000000,r,512
3330000000,r,512
3330000000,r,512
3330000000,r,512
3330000000,r,512
3340000000,r,512
3340000000,r,512
3340000000,r,512
3340000000,r,512
3340000000,r,512
3340000000,r,512
3340000000,r,512
3340000000,r,512
3340000000,r,512
3340000000,r,512
3340000000,r,512
3340000000,r,512
3340000000,r,512
3340000000,r,512
3340000000,r,512
3340000000,r,512
3340000000,r,512
3340000000,r,512
3350000000,r,512
3350000000,r,512
3350000000,r,512
3350000000,r,512
3350000000,r,512
3350000000,r,512
3350000000,r,512
3350000000,r,512
3350000000,r,512
3350000000,r,512
3350000000,r,512
3350000000,r,512
3350000000,r,512
3350000000,r,512
3350000000,r,512
3350000000,r,512
3350000000,r,512
3350000000,r,512
3350000000,r,512
3350000000,r,512
3350000000,r,512
3350000000,r,512
3350000000,r,512
3350000000,r,512
3350000000,r,512
3350000000,r,512
3350000000,r,512
3350000000,r,512
3350000000,r,512
3350000000,r,512
3350000000,r,512
3350000000,r,512
3350000000,r,512
3350000000,s,512
3350000000,r,512
3350000000,r,512
3350000000,r,512
3350000000,r,512
3350000000,r,512
3350000000,r,512
3350000000,r,512
3350000000,r,512
3350000000,s,512
3350000000,r,512
3350000000,r,512
3350000000,r,512
3350000000,r,512
3350000000,r,512
3350000000,r,512
3350000000,r,512
3350000000,r,512
3350000000,r,512
3350000000,r,512
3350000000,r,512
3350000000,r,512
3350000000,r,512
3350000000,r,512
3350000000,r,512
3350000000,r,512
3350000000,r,512
3350000000,r,512
3350000000,r,512
3350000000,r,512
3350000000,r,512
3350000000,r,512
3350000000,r,512
3350000000,r,512
3350000000,r,512
3350000000,r,512
3350000000,r,512
3350000000,r,512
3350000000,r,512
3350000000,r,512
3350000000,r,512
3350000000,r,512
3350000000,r,512
3350000000,r,512
3350000000,r,512
3350000000,r,512
3350000000,r,512
3350000000,r,512
3350000000,r,512
3350000000,r,512
3350000000,r,512
3350000000,r,512
3350000000,s,512
3350000000,r,512
3350000000,r,512
3350000000,r,512
3350000000,r,512
3350000000,r,512
3350000000,r,512
3350000000,r,512
3350000000,r,512
3350000000,r,512
3350000000,r,512
3350000000,r,512
3350000000,r,512
3350000000,r,512
3350000000,r,512
3350000000,r,512
3350000000,r,512
3350000000,r,512
3350000000,r,512
3350000000,r,512
3350000000,r,512
3350000000,r,512
3350000000,r,512
3350000000,s,512
3350000000,r,512
3350000000,r,512
3350000000,r,512
3350000000,r,512
3350000000,r,512
3350000000,r,512
3350000000,r,512
3350000000,r,512
3350000000,r,512
3350000000,r,512
3350000000,r,512
3350000000,r,512
3350000000,r,512
3350000000,r,512
3350000000,r,512
3350000000,r,512
3350000000,r,512
3350000000,r,512
3350000000,r,512
3350000000,r,512
3350000000,r,512
3350000000,r,512
3350000000,r,512
3350000000,r,512
3350000000,r,512
3350000000,r,512
3350000000,r,512
3350000000,r,512
3350000000,s,512
3350000000,r,512
3350000000,r,512
3350000000,r,512
3350000000,r,512
3350000000,r,512
3350000000,r,512
3350000000,r,512
3350000000,r,512
3350000000,r,512
3350000000,r,512
3350000000,r,512
3350000000,r,512
3350000000,r,512
3350000000,r,512
3350000000,r,512
3350000000,r,512
3350000000,r,512
3350000000,r,512
3350000000,r,512
3350000000,r,512
3350000000,r,512
3350000000,r,512
3350000000,r,512
3350000000,r,512
3350000000,r,512
3350000000,r,512
3350000000,r,512
3350000000,r,512
3350000000,s,512
3350000000,s,512
3350000000,s,512
3350000000,s,512
3350000000,s,512
3350000000,r,512
3350000000,r,512
3350000000,r,512
3350000000,r,512
3350000000,r,512
3350000000,r,512
3350000000,r,512
3350000000,r,512
3350000000,r,512
3350000000,r,512
3350000000,r,512
3350000000,r,512
3350000000,r,512
3350000000,r,512
3350000000,r,512
3350000000,r,512
3350000000,r,512
3350000000,r,512
3350000000,r,512
3350000000,r,512
3350000000,r,512
3350000000,r,512
3350000000,r,512
3350000000,r,512
3350000000,r,512
3350000000,r,512
3350000000,r,512
3350000000,r,512
3350000000,r,512
3350000000,r,512
3350000000,r,512
3350000000,r,512
3350000000,r,512
3350000000,r,512
3350000000,r,512
3350000000,r,512
3350000000,r,512
3350000000,r,512
3350000000,r,512
3350000000,r,512
3350000000,r,512
3350000000,r,512
3350000000,r,512
3350000000,s,512
3350000000,r,512
3350000000,r,512
3350000000,r,512
3350000000,r,512
3350000000,r,512
3350000000,r,512
3350000000,r,512
3350000000,r,512
3350000000,r,512
3350000000,r,512
3350000000,r,512
3360000000,r,512
3360000000,r,512
3360000000,r,512
3360000000,r,512
3360000000,r,512
3360000000,r,512
3360000000,r,512
3360000000,r,512
3360000000,r,512
3360000000,r,512
3360000000,r,512
3360000000,r,512
3360000000,r,512
3360000000,r,512
3360000000,r,512
3360000000,r,512
3360000000,r,512
3360000000,r,512
3360000000,s,512
3360000000,r,512
3360000000,r,512
3360000000,r,512
3360000000,r,512
3360000000,r,512
3360000000,r,512
3360000000,r,512
3360000000,r,512
3370000000,r,512
3370000000,r,512
3370000000,r,512
3370000000,r,512
3370000000,r,512
3370000000,r,512
3370000000,r,512
3370000000,r,512
3370000000,s,512
3370000000,r,512
3370000000,r,512
3370000000,r,512
3370000000,r,512
3370000000,r,512
3370000000,r,512
3370000000,r,512
3370000000,r,512
3370000000,r,512
3370000000,r,512
3370000000,r,512
3370000000,r,512
3370000000,r,512
3370000000,r,512
3370000000,r,512
3370000000,r,512
3370000000,r,512
3370000000,r,512
3370000000,r,512
3370000000,r,512
3370000000,r,512
3370000000,r,512
3370000000,r,512
3370000000,r,512
3370000000,r,512
3370000000,r,512
3370000000,r,512
3370000000,r,512
3370000000,r,512
3370000000,r,512
3370000000,r,512
3370000000,r,512
3380000000,r,512
3380000000,r,512
3380000000,r,512
3380000000,r,512
3380000000,r,512
3380000000,r,512
3380000000,r,512
3380000000,r,512
3380000000,r,512
3380000000,r,512
3380000000,r,512
3380000000,r,512
3380000000,r,512
3380000000,r,512
3380000000,r,512
3380000000,r,512
3380000000,r,512
3380000000,r,512
3380000000,s,512
3380000000,r,512
3380000000,r,512
3380000000,r,512
3380000000,r,512
3380000000,r,512
3380000000,r,512
3380000000,r,512
3380000000,r,512
3390000000,r,512
3390000000,r,512
3390000000,r,512
3390000000,r,512
3390000000,r,512
3390000000,r,512
3390000000,r,512
3390000000,r,512
3390000000,r,512
3390000000,r,512
3390000000,r,512
3390000000,r,512
3390000000,r,512
3390000000,r,512
3390000000,r,512
3390000000,r,512
3390000000,r,512
3390000000,r,512
3390000000,r,512
3390000000,r,512
3390000000,r,512
3390000000,r,512
3390000000,r,512
3390000000,r,512
3390000000,r,512
3390000000,r,512
3390000000,s,512
3390000000,r,512
3390000000,r,512
3390000000,r,512
3390000000,r,512
3390000000,r,512
3390000000,r,512
3390000000,r,512
3390000000,r,512
3390000000,r,512
3390000000,r,512
3390000000,r,512
3390000000,r,512
3390000000,r,512
3390000000,r,512
3390000000,r,512
3390000000,r,512
3390000000,s,512
3390000000,r,512
3400000000,r,512
3400000000,r,512
3400000000,r,512
3400000000,r,512
3400000000,r,512
3400000000,r,512
3400000000,r,512
3400000000,r,512
3400000000,r,512
3400000000,r,512
3400000000,r,512
3400000000,r,512
3400000000,r,512
3400000000,r,512
3400000000,r,512
3400000000,r,512
3400000000,r,512
3400000000,r,512
3400000000,r,512
3400000000,r,512
3400000000,r,512
3400000000,r,512
3400000000,r,512
3400000000,r,512
3400000000,r,512
3400000000,r,512
3400000000,r,512
3400000000,r,512
3400000000,r,512
3400000000,r,512
3400000000,r,512
3400000000,r,512
3400000000,r,512
3400000000,r,512
3400000000,r,512
3400000000,r,512
3400000000,r,512
3400000000,r,512
3400000000,r,512
3400000000,r,512
3400000000,r,512
3400000000,r,512
3400000000,r,512
3400000000,r,512
3400000000,r,512
3400000000,r,512
3400000000,r,512
3400000000,r,512
3400000000,r,512
3400000000,s,512
3400000000,r,512
3400000000,r,512
3400000000,r,512
3400000000,r,512
3400000000,r,512
3400000000,r,512
3400000000,r,512
3400000000,r,512
3400000000,r,512
3400000000,r,512
3400000000,r,512
3400000000,r,512
3400000000,r,512
3400000000,r,512
3400000000,r,512
3400000000,r,512
3400000000,r,512
3400000000,r,512
3400000000,r,512
3400000000,r,512
3400000000,r,512
3400000000,r,512
3400000000,r,512
3400000000,r,512
3400000000,r,512
3410000000,r,512
3410000000,r,512
3410000000,r,512
3420000000,r,512
3420000000,r,512
3420000000,r,512
3420000000,r,512
3420000000,r,512
3420000000,r,512
3420000000,s,512
3420000000,r,512
3420000000,r,512
3420000000,r,512
3420000000,r,512
3420000000,r,512
3420000000,r,512
3420000000,r,512
3420000000,r,512
3420000000,r,512
3420000000,r,512
3420000000,r,512
3420000000,r,512
3420000000,r,512
3420000000,r,512
3420000000,s,512
3420000000,r,512
3420000000,r,512
3420000000,r,512
3420000000,s,512
3420000000,r,512
3420000000,r,512
3420000000,r,512
3420000000,r,512
3420000000,r,512
3420000000,r,512
3420000000,r,512
3420000000,r,512
3420000000,r,512
3420000000,r,512
3420000000,r,512
3420000000,r,512
3420000000,r,512
3420000000,r,512
3420000000,r,512
3420000000,r,512
3420000000,r,512
3420000000,r,512
3420000000,r,512
3420000000,r,512
3420000000,r,512
3420000000,r,512
3420000000,r,512
3420000000,r,512
3420000000,r,512
3420000000,r,512
3420000000,r,512
3420000000,r,512
3420000000,r,512
3420000000,r,512
3420000000,r,512
3420000000,r,512
3420000000,r,512
3420000000,r,512
3420000000,r,512
3420000000,r,512
3420000000,r,512
3420000000,r,512
3420000000,r,512
3420000000,r,512
3420000000,r,512
3420000000,r,512
3420000000,r,512
3420000000,r,512
3430000000,r,512
3430000000,r,512
3440000000,r,512
3440000000,r,512
3440000000,r,512
3440000000,r,512
3440000000,s,512
3440000000,r,512
3440000000,r,512
3440000000,r,512
3440000000,r,512
3440000000,r,512
3460000000,r,512
3460000000,r,512
3460000000,r,512
3460000000,r,512
3460000000,r,512
3460000000,r,512
3460000000,r,512
3460000000,r,512
3460000000,r,512
3460000000,r,512
3460000000,r,512
3460000000,r,512
3460000000,r,512
3460000000,r,512
3460000000,r,512
3460000000,r,512
3460000000,r,512
3460000000,r,512
3460000000,r,512
3460000000,r,512
3460000000,r,512
3460000000,r,512
3460000000,r,512
3460000000,r,512
3460000000,r,512
3460000000,r,512
3460000000,r,512
3460000000,r,512
3460000000,s,512
3460000000,r,512
3460000000,r,512
3460000000,r,512
3460000000,r,512
3460000000,r,512
3460000000,r,512
3460000000,r,512
3460000000,r,512
3460000000,r,512
3460000000,r,512
3460000000,r,512
3460000000,r,512
3460000000,r,512
3460000000,r,512
3460000000,r,512
3460000000,r,512
3460000000,r,512
3460000000,r,512
3460000000,r,512
3460000000,r,512
3460000000,r,512
3460000000,r,512
3460000000,r,512
3460000000,r,512
3460000000,r,512
3460000000,r,512
3460000000,r,512
3460000000,r,512
3460000000,r,512
3460000000,r,512
3460000000,r,512
3460000000,r,512
3460000000,r,512
3460000000,r,512
3460000000,r,512
3460000000,r,512
3460000000,s,512
3460000000,r,512
3460000000,r,512
3460000000,r,512
3460000000,r,512
3460000000,r,512
3460000000,r,512
3460000000,r,512
3460000000,r,512
3460000000,r,512
3460000000,r,512
3460000000,r,512
3460000000,r,512
3460000000,r,512
3460000000,r,512
3460000000,r,512
3460000000,r,512
3460000000,r,512
3460000000,r,512
3460000000,r,512
3460000000,r,512
3460000000,r,512
3460000000,r,512
3460000000,r,512
3460000000,r,512
3460000000,r,512
3460000000,r,512
3460000000,r,512
3460000000,r,512
3460000000,r,512
3460000000,r,512
3460000000,r,512
3460000000,s,512
3520000000,r,512
3520000000,r,512
3520000000,r,512
3520000000,r,512
3520000000,r,512
3520000000,r,512
3520000000,r,512
3520000000,r,512
3520000000,r,512
3520000000,r,512
3520000000,r,512
3520000000,r,512
3520000000,r,512
3520000000,r,512
3520000000,r,512
3520000000,r,512
3520000000,r,512
3520000000,r,512
3520000000,r,512
3520000000,r,512
3520000000,r,512
3520000000,r,512
3520000000,r,512
3520000000,r,512
3520000000,r,512
3520000000,r,512
3520000000,r,512
3520000000,r,512
3520000000,r,512
3520000000,r,512
3520000000,r,512
3520000000,r,512
3520000000,r,512
3520000000,r,512
3520000000,s,512
3520000000,r,512
3520000000,r,512
3520000000,r,512
3520000000,r,512
3520000000,r,512
3520000000,r,512
3520000000,r,512
3520000000,r,512
3520000000,r,512
3520000000,r,512
3520000000,r,512
3520000000,r,512
3520000000,r,512
3520000000,r,512
3520000000,r,512
3520000000,r,512
3520000000,r,512
3520000000,r,512
3520000000,r,512
3520000000,r,512
3520000000,s,512
3520000000,r,512
3520000000,r,512
3520000000,r,512
3520000000,r,512
3520000000,r,512
3520000000,r,512
3520000000,r,512
3520000000,r,512
3520000000,r,512
3520000000,r,512
3520000000,r,512
3520000000,r,512
3520000000,r,512
3520000000,r,512
3520000000,r,512
3520000000,r,512
3520000000,r,512
3520000000,r,512
3520000000,r,512
3520000000,r,512
3540000000,r,512
3540000000,r,512
3540000000,r,512
3540000000,r,512
3540000000,r,512
3540000000,r,512
3540000000,r,512
3540000000,r,512
3540000000,r,512
3540000000,r,512
3540000000,r,512
3540000000,r,512
3540000000,r,512
3540000000,r,512
3540000000,r,512
3540000000,r,512
3540000000,r,512
3540000000,r,512
3540000000,r,512
3540000000,r,512
3540000000,r,512
3540000000,r,512
3540000000,r,512
3540000000,r,512
3540000000,r,512
3540000000,r,512
3540000000,r,512
3540000000,r,512
3540000000,r,512
3540000000,r,512
3540000000,s,512
3540000000,r,512
3540000000,r,512
3540000000,r,512
3540000000,r,512
3540000000,r,512
3540000000,r,512
3540000000,r,512
3540000000,r,512
3540000000,r,512
3540000000,r,512
3540000000,r,512
3540000000,r,512
3540000000,r,512
3540000000,r,512
3540000000,r,512
3540000000,r,512
3540000000,r,512
3540000000,r,512
3540000000,r,512
3540000000,r,512
3540000000,r,512
3540000000,r,512
3540000000,r,512
3540000000,r,512
3540000000,r,512
3540000000,r,512
3540000000,r,512
3540000000,r,512
3540000000,r,512
3540000000,r,512
3540000000,s,512
3560000000,r,512
3560000000,r,512
3560000000,r,512
3560000000,r,512
3560000000,r,512
3560000000,r,512
3560000000,r,512
3560000000,r,512
3560000000,r,512
3560000000,r,512
3560000000,r,512
3560000000,r,512
3560000000,r,512
3560000000,r,512
3560000000,r,512
3560000000,r,512
3560000000,r,512
3560000000,r,512
3560000000,r,512
3560000000,r,512
3560000000,r,512
3560000000,r,512
3560000000,r,512
3560000000,r,512
3560000000,r,512
3560000000,r,512
3560000000,r,512
3560000000,r,512
3560000000,r,512
3560000000,r,512
3560000000,r,512
3560000000,r,512
3560000000,r,512
3560000000,r,512
3560000000,r,512
3560000000,r,512
3560000000,r,512
3560000000,r,512
3560000000,r,512
3560000000,r,512
3560000000,s,512
3560000000,r,512
3560000000,r,512
3560000000,r,512
3560000000,r,512
3560000000,r,512
3560000000,r,512
3560000000,r,512
3560000000,r,512
3560000000,r,512
3560000000,r,512
3560000000,r,512
3560000000,r,512
3560000000,r,512
3560000000,r,512
3560000000,r,512
3560000000,r,512
3560000000,r,512
3560000000,r,512
3560000000,r,512
3560000000,r,512
3560000000,r,512
3560000000,r,512
3560000000,r,512
3560000000,r,512
3560000000,r,512
3560000000,r,512
3560000000,r,512
3560000000,r,512
3560000000,r,512
3560000000,r,512
3560000000,r,512
3560000000,r,512
3560000000,r,512
3560000000,r,512
3560000000,r,512
3560000000,r,512
3560000000,r,512
3560000000,r,512
3560000000,r,512
3560000000,r,512
3560000000,r,512
3560000000,s,512
3580000000,r,512
3580000000,r,512
3580000000,r,512
3580000000,r,512
3580000000,r,512
3580000000,r,512
3580000000,r,512
3580000000,r,512
3580000000,r,512
3580000000,r,512
3580000000,r,512
3580000000,r,512
3580000000,r,512
3580000000,r,512
3580000000,r,512
3580000000,r,512
3580000000,r,512
3580000000,r,512
3580000000,r,512
3580000000,s,512
3580000000,r,512
3580000000,r,512
3580000000,r,512
3580000000,r,512
3580000000,r,512
3580000000,r,512
3580000000,r,512
3580000000,r,512
3580000000,r,512
3580000000,r,512
3580000000,r,512
3580000000,r,512
3580000000,r,512
3580000000,r,512
3580000000,r,512
3580000000,r,512
3580000000,r,512
3580000000,r,512
3580000000,r,512
3580000000,r,512
3580000000,r,512
3580000000,r,512
3580000000,r,512
3580000000,r,512
3580000000,r,512
3580000000,r,512
3580000000,r,512
3580000000,r,512
3580000000,r,512
3580000000,r,512
3580000000,r,512
3580000000,r,512
3580000000,r,512
3580000000,r,512
3580000000,r,512
3580000000,r,512
3580000000,r,512
3580000000,r,512
3580000000,r,512
3580000000,r,512
3580000000,r,512
3580000000,r,512
3580000000,r,512
3580000000,r,512
3580000000,r,512
3580000000,r,512
3580000000,r,512
3580000000,r,512
3580000000,r,512
3580000000,r,512
3580000000,r,512
3580000000,r,512
3580000000,r,512
3580000000,r,512
3580000000,r,512
3580000000,r,512
3580000000,r,512
3580000000,r,512
3580000000,s,512
3580000000,r,512
3580000000,r,512
3580000000,r,512
3600000000,r,512
3600000000,r,512
3600000000,r,512
3600000000,r,512
3600000000,r,512
3600000000,r,512
3600000000,r,512
3600000000,r,512
3600000000,r,512
3600000000,s,512
3600000000,r,512
3600000000,r,512
3600000000,r,512
3600000000,r,512
3600000000,r,512
3600000000,r,512
3600000000,r,512
3600000000,r,512
3600000000,r,512
3600000000,r,512
3600000000,r,512
3600000000,r,512
3600000000,r,512
3600000000,r,512
3600000000,r,512
3600000000,r,512
3600000000,r,512
3600000000,r,512
3600000000,r,512
3600000000,r,512
3600000000,r,512
3600000000,r,512
3600000000,r,512
3600000000,r,512
3600000000,r,512
3600000000,r,512
3600000000,r,512
3600000000,r,512
3600000000,r,512
3600000000,r,512
3600000000,s,512
3600000000,r,512
3600000000,r,512
3600000000,r,512
3600000000,r,512
3600000000,r,512
3600000000,r,512
3600000000,r,512
3600000000,r,512
3600000000,r,512
3600000000,r,512
3600000000,r,512
3600000000,r,512
3600000000,r,512
3600000000,r,512
3600000000,r,512
3600000000,r,512
3600000000,r,512
3600000000,r,512
3600000000,r,512
3600000000,r,512
3600000000,s,512
3600000000,r,512
3600000000,r,512
3600000000,r,512
3600000000,r,512
3600000000,r,512
3600000000,r,512
3600000000,r,512
3600000000,r,512
3600000000,r,512
3600000000,r,512
3600000000,r,512
3600000000,r,512
3620000000,r,512
3620000000,r,512
3620000000,r,512
3620000000,r,512
3620000000,r,512
3620000000,r,512
3620000000,r,512
3620000000,r,512
3620000000,r,512
3620000000,r,512
3620000000,r,512
3620000000,r,512
3620000000,r,512
3620000000,r,512
3620000000,r,512
3620000000,r,512
3620000000,r,512
3620000000,r,512
3620000000,r,512
3620000000,r,512
3620000000,r,512
3620000000,r,512
3620000000,r,512
3620000000,r,512
3620000000,r,512
3620000000,r,512
3620000000,r,512
3620000000,r,512
3620000000,r,512
3620000000,r,512
3620000000,r,512
3620000000,r,512
3620000000,r,512
3620000000,r,512
3620000000,r,512
3620000000,r,512
3620000000,r,512
3620000000,r,512
3620000000,s,512
3620000000,r,512
3620000000,r,512
3620000000,r,512
3620000000,r,512
3620000000,r,512
3620000000,r,512
3620000000,r,512
3620000000,r,512
3620000000,r,512
3620000000,r,512
3620000000,r,512
3620000000,r,512
3620000000,r,512
3620000000,r,512
3620000000,r,512
3620000000,r,512
3620000000,r,512
3620000000,r,512
3620000000,r,512
3620000000,r,512
3620000000,r,512
3620000000,r,512
3620000000,r,512
3620000000,r,512
3620000000,r,512
3620000000,r,512
3620000000,r,512
3620000000,r,512
3620000000,r,512
3620000000,r,512
3620000000,s,512
3620000000,r,512
3620000000,r,512
3620000000,r,512
3620000000,r,512
3620000000,r,512
3620000000,r,512
3620000000,r,512
3620000000,r,512
3620000000,r,512
3620000000,r,512
3620000000,r,512
3620000000,r,512
3620000000,r,512
3630000000,r,512
3630000000,r,512
3630000000,r,512
3630000000,r,512
3630000000,r,512
3630000000,r,512
3630000000,r,512
3630000000,s,512
3660000000,r,512
3660000000,r,512
3660000000,r,512
3660000000,r,512
3660000000,r,512
3660000000,r,512
3660000000,r,512
3660000000,r,512
3660000000,r,512
3660000000,r,512
3660000000,r,512
3660000000,r,512
3660000000,r,512
3660000000,r,512
3660000000,r,512
3660000000,r,512
3660000000,r,512
3660000000,r,512
3660000000,r,512
3660000000,r,512
3660000000,r,512
3660000000,r,512
3660000000,r,512
3660000000,r,512
3660000000,r,512
3660000000,r,512
3660000000,r,512
3660000000,r,512
3660000000,r,512
3680000000,r,512
3680000000,r,512
3680000000,r,512
3680000000,r,512
3680000000,r,512
3680000000,r,512
3680000000,r,512
3680000000,r,512
3680000000,r,512
3700000000,r,512
3700000000,r,512
3700000000,r,512
3700000000,r,512
3700000000,r,512
3700000000,r,512
3700000000,r,512
3700000000,r,512
3710000000,r,512
3710000000,r,512
3710000000,r,512
3710000000,r,512
3710000000,s,512
3710000000,r,512
3710000000,r,512
3710000000,r,512
3710000000,r,512
3710000000,r,512
3710000000,r,512
3710000000,r,512
3710000000,r,512
3710000000,r,512
3710000000,r,512
3710000000,r,512
3710000000,r,512
3710000000,r,512
3710000000,r,512
3710000000,r,512
3710000000,r,512
3710000000,r,512
3710000000,r,512
3710000000,r,512
3710000000,r,512
3710000000,r,512
3710000000,r,512
3710000000,r,512
3710000000,r,512
3710000000,r,512
3710000000,r,512
3710000000,r,512
3710000000,r,512
3710000000,r,512
3710000000,r,512
3710000000,s,512
3710000000,r,512
3710000000,r,512
3720000000,r,512
3720000000,r,512
3720000000,r,512
3720000000,r,512
3720000000,r,512
3720000000,r,512
3720000000,r,512
3720000000,r,512
3720000000,r,512
3720000000,r,512
3720000000,r,512
3720000000,r,512
3720000000,r,512
3720000000,r,512
3720000000,r,512
3730000000,r,512
3730000000,r,512
3730000000,r,512
3730000000,s,512
3730000000,r,512
3730000000,r,512
3730000000,r,512
3730000000,r,512
3730000000,r,512
3730000000,r,512
3730000000,r,512
3730000000,r,512
3730000000,r,512
3730000000,r,512
3730000000,r,512
3730000000,r,512
3730000000,r,512
3730000000,r,512
3730000000,r,512
3730000000,r,512
3730000000,r,512
3730000000,r,512
3730000000,r,512
3730000000,r,512
3730000000,r,512
3730000000,r,512
3730000000,r,512
3730000000,r,512
3730000000,r,512
3730000000,r,512
3730000000,r,512
3730000000,r,512
3730000000,r,512
3730000000,r,512
3730000000,r,512
3730000000,r,512
3730000000,r,512
3730000000,r,512
3730000000,r,512
3730000000,r,512
3730000000,r,512
3730000000,r,512
3730000000,r,512
3730000000,r,512
3730000000,r,512
3730000000,r,512
3730000000,r,512
3730000000,r,512
3730000000,r,512
3730000000,r,512
3730000000,r,512
3730000000,r,512
3730000000,r,512
3730000000,r,512
3730000000,r,512
3730000000,r,512
3730000000,r,512
3730000000,r,512
3730000000,r,512
3730000000,r,512
3730000000,r,512
3730000000,r,512
3730000000,r,512
3730000000,r,512
3730000000,r,512
3730000000,r,512
3730000000,s,512
3740000000,r,512
3740000000,r,512
3740000000,r,512
3740000000,r,512
3740000000,r,512
3740000000,r,512
3740000000,r,512
3740000000,r,512
3760000000,r,512
3760000000,r,512
3760000000,r,512
3760000000,r,512
3760000000,r,512
3760000000,r,512
3760000000,r,512
3760000000,r,512
3820000000,r,512
3820000000,r,512
3820000000,s,512
3820000000,r,512
3820000000,r,512
3820000000,r,512
3820000000,r,512
3820000000,r,512
3820000000,s,512
3820000000,s,512
3820000000,s,512
4269999999,s,512
4420000000,r,512
4420000000,s,512
4420000000,s,512
4420000000,s,512
4430000000,s,512
4510000000,s,512
4510000000,s,512
4530000000,s,512
4560000000,r,512
4560000000,r,512
4560000000,r,512
4560000000,r,512
4560000000,r,512
4570000000,s,512
4570000000,s,512
4660000000,r,512
4660000000,r,512
4660000000,r,512
4660000000,r,512
4660000000,s,512
4660000000,s,512
4660000000,s,512
4660000000,s,512
4660000000,s,512
4660000000,s,512
4660000000,s,512
4660000000,s,512
4660000000,s,512
4660000000,s,512
4660000000,s,512
4660000000,s,512
4660000000,s,512
4720000000,r,512
4720000000,r,512
4720000000,s,512
4720000000,s,512
4720000000,s,512
4720000000,s,512
4750000000,r,512
4750000000,r,512
4750000000,r,512
4830000000,r,512
4830000000,r,512
4840000000,r,512
4840000000,r,512
4840000000,r,512
4840000000,r,512
4840000000,r,512
4840000000,r,512
4840000000,r,512
4840000000,r,512
4840000000,r,512
4840000000,r,512
4840000000,r,512
4840000000,r,512
4840000000,r,512
4840000000,r,512
4840000000,r,512
4840000000,r,512
4840000000,r,512
4840000000,r,512
4840000000,s,512
4860000000,r,512
4860000000,r,512
4860000000,r,512
4860000000,r,512
4860000000,r,512
4860000000,r,512
4860000000,r,512
4860000000,r,512
4860000000,r,512
4860000000,r,512
4860000000,r,512
4860000000,r,512
4860000000,r,512
4860000000,r,512
4860000000,r,512
4860000000,r,512
4860000000,r,512
4860000000,r,512
4860000000,r,512
4860000000,r,512
4860000000,r,512
4860000000,r,512
4860000000,r,512
4860000000,r,512
4860000000,r,512
4860000000,r,512
4860000000,r,512
4860000000,r,512
4860000000,r,512
4860000000,r,512
4860000000,r,512
4860000000,r,512
4860000000,r,512
4860000000,r,512
4860000000,s,512
4860000000,r,512
4860000000,r,512
4860000000,r,512
4860000000,r,512
4860000000,r,512
4860000000,r,512
4860000000,r,512
4860000000,r,512
4860000000,r,512
4870000000,r,512
4870000000,r,512
4870000000,r,512
4870000000,r,512
4870000000,r,512
4870000000,r,512
4870000000,r,512
4870000000,r,512
4880000000,r,512
4880000000,r,512
4880000000,r,512
4880000000,r,512
4880000000,r,512
4880000000,r,512
4880000000,r,512
4880000000,r,512
4880000000,r,512
4880000000,r,512
4880000000,r,512
4880000000,r,512
4880000000,r,512
4880000000,r,512
4880000000,r,512
4880000000,r,512
4880000000,r,512
4880000000,s,512
4880000000,r,512
4880000000,r,512
4880000000,r,512
4880000000,r,512
4880000000,r,512
4880000000,s,512
4880000000,r,512
4880000000,r,512
4880000000,r,512
4880000000,r,512
4880000000,r,512
4880000000,r,512
4880000000,r,512
4880000000,r,512
4880000000,r,512
4880000000,r,512
4880000000,r,512
4880000000,r,512
4880000000,r,512
4880000000,r,512
4880000000,r,512
4880000000,r,512
4880000000,r,512
4880000000,r,512
4880000000,r,512
4880000000,r,512
4880000000,r,512
4880000000,r,512
4880000000,r,512
4880000000,r,512
4880000000,r,512
4880000000,r,512
4880000000,r,512
4880000000,r,512
4880000000,r,512
4880000000,r,512
4880000000,r,512
4880000000,r,512
4880000000,r,512
4880000000,r,512
4900000000,r,512
4900000000,r,512
4900000000,r,512
4900000000,r,512
4900000000,r,512
4900000000,r,512
4900000000,r,512
4900000000,r,512
4900000000,r,512
4900000000,r,512
4900000000,r,512
4900000000,r,512
4900000000,r,512
4900000000,r,512
4900000000,r,512
4900000000,r,512
4900000000,s,512
4900000000,r,512
4900000000,r,512
4900000000,r,512
4900000000,r,512
4900000000,r,512
4900000000,r,512
4900000000,r,512
4900000000,r,512
4900000000,r,512
4900000000,r,512
4900000000,r,512
4900000000,r,512
4900000000,r,512
4900000000,r,512
4900000000,r,512
4900000000,r,512
4900000000,r,512
4900000000,r,512
4900000000,r,512
4900000000,r,512
4900000000,r,512
4900000000,r,512
4900000000,r,512
4900000000,r,512
4900000000,r,512
4900000000,r,512
4900000000,r,512
4900000000,r,512
4900000000,r,512
4900000000,r,512
4900000000,r,512
4900000000,r,512
4900000000,r,512
4900000000,r,512
4900000000,r,512
4900000000,r,512
4900000000,r,512
4900000000,r,512
4900000000,r,512
4900000000,r,512
4900000000,r,512
4900000000,r,512
4900000000,r,512
4900000000,r,512
4900000000,r,512
4900000000,s,512
4900000000,r,512
4900000000,r,512
4900000000,r,512
4900000000,r,512
4900000000,r,512
4900000000,s,512
4900000000,r,512
4900000000,r,512
4900000000,r,512
4900000000,r,512
4900000000,r,512
4900000000,r,512
4900000000,r,512
4900000000,r,512
4900000000,r,512
4920000000,r,512
4920000000,r,512
4920000000,r,512
4920000000,r,512
4920000000,r,512
4920000000,r,512
4920000000,r,512
4920000000,r,512
4920000000,r,512
4920000000,r,512
4920000000,r,512
4920000000,r,512
4920000000,r,512
4920000000,r,512
4920000000,r,512
4920000000,r,512
4920000000,r,512
4920000000,r,512
4920000000,r,512
4920000000,r,512
4920000000,r,512
4920000000,r,512
4920000000,r,512
4920000000,r,512
4920000000,r,512
4920000000,r,512
4920000000,r,512
4920000000,r,512
4920000000,r,512
4920000000,r,512
4920000000,r,512
4920000000,r,512
4920000000,r,512
4920000000,r,512
4920000000,r,512
4920000000,r,512
4920000000,r,512
4920000000,r,512
4920000000,r,512
4920000000,r,512
4920000000,r,512
4920000000,r,512
4920000000,r,512
4920000000,r,512
4920000000,r,512
4920000000,r,512
4920000000,r,512
4920000000,s,512
4920000000,r,512
4920000000,r,512
4920000000,r,512
4920000000,r,512
4920000000,r,512
4920000000,r,512
4920000000,r,512
4930000000,r,512
4930000000,r,512
4930000000,r,512
4930000000,r,512
4930000000,r,512
4930000000,r,512
4930000000,r,512
4930000000,r,512
4930000000,r,512
4930000000,r,512
4930000000,r,512
4930000000,r,512
4930000000,r,512
4930000000,r,512
4930000000,r,512
4930000000,r,512
4930000000,r,512
4930000000,r,512
4930000000,r,512
4930000000,r,512
4930000000,r,512
4930000000,r,512
4930000000,r,512
4930000000,r,512
4930000000,r,512
4930000000,r,512
4930000000,r,512
4930000000,r,512
4930000000,r,512
4930000000,r,512
4930000000,r,512
4930000000,r,512
4930000000,s,512
4940000000,r,512
4940000000,r,512
4940000000,r,512
4940000000,r,512
4940000000,r,512
4940000000,s,512
4940000000,r,512
4940000000,r,512
4940000000,r,512
4940000000,r,512
4940000000,r,512
4940000000,r,512
4940000000,r,512
4940000000,r,512
4940000000,r,512
4940000000,r,512
4940000000,r,512
4940000000,r,512
4950000000,r,512
4950000000,r,512
4950000000,r,512
4950000000,r,512
4950000000,r,512
4950000000,r,512
4950000000,r,512
4950000000,r,512
4950000000,r,512
4950000000,r,512
4950000000,r,512
4950000000,r,512
4950000000,r,512
4950000000,r,512
4950000000,r,512
4950000000,r,512
4950000000,r,512
4950000000,r,512
4950000000,r,512
4950000000,r,512
4950000000,r,512
4950000000,r,512
4950000000,r,512
4950000000,r,512
4950000000,r,512
4950000000,r,512
4950000000,r,512
4950000000,r,512
4950000000,r,512
4950000000,r,512
4950000000,r,512
4950000000,r,512
4950000000,r,512
4950000000,r,512
4950000000,r,512
4950000000,r,512
4950000000,r,512
4950000000,r,512
4950000000,s,512
4950000000,r,512
4950000000,r,512
4950000000,r,512
4950000000,r,512
4950000000,r,512
4950000000,r,512
4950000000,r,512
4950000000,r,512
4950000000,r,512
4950000000,r,512
4950000000,r,512
4950000000,r,512
4950000000,r,512
4950000000,r,512
4950000000,r,512
4950000000,r,512
4950000000,r,512
4950000000,r,512
4950000000,r,512
4960000000,r,512
4960000000,r,512
4960000000,r,512
4960000000,r,512
4960000000,r,512
4960000000,r,512
4960000000,r,512
4960000000,r,512
4960000000,r,512
4960000000,r,512
4960000000,r,512
4960000000,r,512
4960000000,r,512
4960000000,r,512
4960000000,r,512
4960000000,r,512
4960000000,r,512
4960000000,r,512
4960000000,r,512
4960000000,r,512
4960000000,r,512
4960000000,r,512
4960000000,r,512
4960000000,r,512
4960000000,r,512
4960000000,r,512
4960000000,s,512
4960000000,r,512
4960000000,r,512
4960000000,r,512
4960000000,r,512
4960000000,r,512
4960000000,s,512
4960000000,r,512
4960000000,r,512
4960000000,r,512
4960000000,r,512
4970000000,r,512
4970000000,r,512
4970000000,r,512
4970000000,r,512
4970000000,r,512
4970000000,r,512
4970000000,r,512
4970000000,r,512
4970000000,r,512
4970000000,r,512
4970000000,r,512
4970000000,r,512
4970000000,r,512
4970000000,r,512
4970000000,r,512
4970000000,r,512
4970000000,r,512
4970000000,r,512
4970000000,r,512
4970000000,r,512
4970000000,r,512
4970000000,r,512
4970000000,r,512
4970000000,r,512
4970000000,r,512
4970000000,r,512
4970000000,r,512
4970000000,r,512
4970000000,r,512
4970000000,r,512
4970000000,r,512
4970000000,r,512
4970000000,r,512
4970000000,r,512
4970000000,r,512
4970000000,r,512
4970000000,r,512
4970000000,r,512
4970000000,r,512
4970000000,r,512
4970000000,r,512
4970000000,r,512
4970000000,r,512
4970000000,r,512
4970000000,r,512
4970000000,r,512
4970000000,s,512
4970000000,r,512
4970000000,r,512
4970000000,r,512
4970000000,r,512
4970000000,r,512
4970000000,r,512
4970000000,r,512
4970000000,r,512
4970000000,r,512
4970000000,r,512
4970000000,r,512
4970000000,r,512
4970000000,r,512
4970000000,r,512
4970000000,r,512
4970000000,r,512
4970000000,r,512
4980000000,r,512
4980000000,r,512
4980000000,r,512
4980000000,r,512
4980000000,r,512
4980000000,r,512
4980000000,r,512
4980000000,r,512
4980000000,r,512
4980000000,r,512
4980000000,r,512
4980000000,r,512
4980000000,r,512
4980000000,r,512
4980000000,r,512
4980000000,r,512
4980000000,r,512
4980000000,r,512
4980000000,r,512
4980000000,r,512
4980000000,r,512
4980000000,r,512
4980000000,r,512
4980000000,r,512
4980000000,r,512
4980000000,r,512
4980000000,r,512
4980000000,r,512
4980000000,s,512
4980000000,r,512
4980000000,r,512
4980000000,r,512
4980000000,r,512
4980000000,r,512
4980000000,r,512
4980000000,r,512
4980000000,r,512
4980000000,r,512
4980000000,r,512
4980000000,r,512
4980000000,r,512
4980000000,r,512
4980000000,r,512
4980000000,r,512
4980000000,s,512
4980000000,s,512
5010000000,r,512
5010000000,r,512
5010000000,r,512
5010000000,r,512
5010000000,r,512
5010000000,r,512
5010000000,r,512
5010000000,r,512
5010000000,r,512
5010000000,r,512
5010000000,r,512
5010000000,r,512
5010000000,r,512
5010000000,r,512
5010000000,r,512
5010000000,r,512
5010000000,r,512
5010000000,r,512
5010000000,r,512
5010000000,r,512
5010000000,r,512
5010000000,r,512
5010000000,r,512
5010000000,r,512
5010000000,r,512
5010000000,r,512
5010000000,r,512
5010000000,r,512
5010000000,r,512
5010000000,r,512
5010000000,r,512
5010000000,r,512
5010000000,r,512
5010000000,r,512
5010000000,r,512
5010000000,r,512
5010000000,r,512
5010000000,s,512
5030000000,r,512
5030000000,r,512
5030000000,r,512
5030000000,r,512
5030000000,r,512
5030000000,r,512
5030000000,r,512
5030000000,r,512
5030000000,r,512
5030000000,r,512
5030000000,r,512
5030000000,r,512
5030000000,r,512
5030000000,r,512
5050000000,r,512
5050000000,r,512
5050000000,r,512
5050000000,r,512
5050000000,s,512
5050000000,r,512
5050000000,r,512
5050000000,r,512
5050000000,r,512
5050000000,r,512
5050000000,r,512
5050000000,r,512
5050000000,r,512
5050000000,r,512
5050000000,r,512
5050000000,r,512
5050000000,r,512
5050000000,r,512
5050000000,r,512
5050000000,r,512
5050000000,r,512
5050000000,r,512
5050000000,r,512
5050000000,r,512
5050000000,r,512
5050000000,r,512
5050000000,r,512
5050000000,r,512
5050000000,r,512
5050000000,r,512
5050000000,r,512
5050000000,r,512
5050000000,r,512
5050000000,r,512
5070000000,r,512
5070000000,s,512
5070000000,r,512
5070000000,r,512
5070000000,r,512
5070000000,r,512
5070000000,r,512
5070000000,r,512
5070000000,r,512
5070000000,r,512
5070000000,r,512
5070000000,r,512
5070000000,r,512
5070000000,r,512
5070000000,r,512
5070000000,r,512
5070000000,r,512
5070000000,r,512
5070000000,r,512
5080000000,r,512
5080000000,r,512
5080000000,r,512
5080000000,s,512
5080000000,r,512
5080000000,r,512
5080000000,r,512
5080000000,r,512
5080000000,r,512
5080000000,r,512
5080000000,r,512
5080000000,r,512
5080000000,r,512
5080000000,r,512
5080000000,r,512
5080000000,r,512
5080000000,r,512
5080000000,r,512
5080000000,r,512
5080000000,r,512
5080000000,r,512
5080000000,r,512
5080000000,r,512
5080000000,r,512
5080000000,r,512
5080000000,r,512
5080000000,r,512
5080000000,r,512
5080000000,r,512
5080000000,r,512
5080000000,r,512
5080000000,r,512
5080000000,r,512
5080000000,r,512
5080000000,r,512
5080000000,r,512
5080000000,r,512
5080000000,r,512
5080000000,r,512
5080000000,r,512
5080000000,r,512
5080000000,r,512
5080000000,r,512
5080000000,r,512
5080000000,r,512
5080000000,r,512
5080000000,r,512
5080000000,r,512
5080000000,r,512
5080000000,r,512
5080000000,r,512
5080000000,r,512
5080000000,r,512
5080000000,r,512
5080000000,r,512
5080000000,r,512
5080000000,r,512
5080000000,r,512
5080000000,r,512
5080000000,r,512
5080000000,r,512
5080000000,r,512
5080000000,r,512
5080000000,r,512
5080000000,r,512
5080000000,r,512
5080000000,r,512
5080000000,r,512
5080000000,r,512
5080000000,r,512
5080000000,r,512
5080000000,s,512
5080000000,r,512
5080000000,r,512
5080000000,r,512
5080000000,r,512
5080000000,r,512
5080000000,r,512
5080000000,r,512
5090000000,r,512
5090000000,r,512
5090000000,r,512
5090000000,r,512
5090000000,r,512
5090000000,r,512
5090000000,s,512
5090000000,r,512
5090000000,r,512
5090000000,r,512
5090000000,r,512
5090000000,r,512
5090000000,r,512
5090000000,r,512
5090000000,r,512
5090000000,r,512
5090000000,r,512
5090000000,r,512
5090000000,r,512
5100000000,r,512
5100000000,r,512
5100000000,r,512
5100000000,r,512
5100000000,r,512
5100000000,r,512
5100000000,r,512
5100000000,r,512
5100000000,s,512
5100000000,r,512
5100000000,r,512
5100000000,r,512
5100000000,r,512
5100000000,r,512
5100000000,r,512
5100000000,r,512
5100000000,r,512
5100000000,r,512
5100000000,r,512
5100000000,r,512
5100000000,r,512
5100000000,r,512
5100000000,r,512
5100000000,r,512
5100000000,r,512
5100000000,r,512
5100000000,r,512
5100000000,r,512
5100000000,r,512
5100000000,r,512
5100000000,r,512
5100000000,r,512
5100000000,r,512
5100000000,r,512
5100000000,r,512
5100000000,r,512
5100000000,r,512
5100000000,r,512
5100000000,r,512
5100000000,r,512
5100000000,r,512
5100000000,r,512
5100000000,r,512
5100000000,r,512
5100000000,r,512
5100000000,r,512
5100000000,r,512
5100000000,r,512
5100000000,r,512
5100000000,r,512
5100000000,r,512
5100000000,r,512
5100000000,r,512
5100000000,r,512
5100000000,r,512
5100000000,r,512
5100000000,r,512
5100000000,r,512
5100000000,r,512
5100000000,r,512
5100000000,r,512
5100000000,r,512
5100000000,r,512
5100000000,r,512
5100000000,s,512
5100000000,r,512
5100000000,r,512
5100000000,r,512
5100000000,r,512
5100000000,r,512
5100000000,r,512
5100000000,r,512
5100000000,r,512
5100000000,r,512
5110000000,r,512
5110000000,r,512
5110000000,r,512
5110000000,r,512
5110000000,r,512
5110000000,r,512
5110000000,r,512
5110000000,r,512
5110000000,r,512
5110000000,r,512
5110000000,r,512
5110000000,r,512
5110000000,r,512
5110000000,r,512
5110000000,r,512
5110000000,r,512
5110000000,s,512
5110000000,r,512
5110000000,r,512
5110000000,r,512
5110000000,r,512
5110000000,r,512
5110000000,r,512
5110000000,r,512
5110000000,r,512
5110000000,r,512
5110000000,r,512
5110000000,r,512
5110000000,r,512
5110000000,r,512
5110000000,r,512
5110000000,r,512
5110000000,r,512
5120000000,r,512
5120000000,r,512
5120000000,r,512
5120000000,r,512
5120000000,s,512
5120000000,r,512
5120000000,r,512
5120000000,r,512
5120000000,r,512
5120000000,r,512
5120000000,r,512
5120000000,r,512
5120000000,r,512
5120000000,r,512
5120000000,r,512
5120000000,r,512
5120000000,r,512
5120000000,r,512
5120000000,r,512
5120000000,r,512
5120000000,r,512
5120000000,r,512
5120000000,r,512
5120000000,r,512
5120000000,r,512
5120000000,r,512
5120000000,r,512
5120000000,r,512
5120000000,r,512
5120000000,r,512
5120000000,r,512
5120000000,r,512
5120000000,r,512
5120000000,r,512
5120000000,r,512
5120000000,r,512
5120000000,r,512
5130000000,r,512
5130000000,r,512
5130000000,r,512
5130000000,r,512
5130000000,r,512
5130000000,r,512
5130000000,r,512
5140000000,r,512
5140000000,r,512
5140000000,r,512
5140000000,r,512
5140000000,r,512
5140000000,r,512
5140000000,r,512
5140000000,r,512
5140000000,r,512
5140000000,r,512
5140000000,r,512
5140000000,s,512
5140000000,r,512
5140000000,r,512
5140000000,r,512
5140000000,r,512
5140000000,r,512
5140000000,r,512
5140000000,r,512
5140000000,r,512
5140000000,r,512
5140000000,r,512
5140000000,r,512
5140000000,r,512
5140000000,r,512
5140000000,r,512
5140000000,r,512
5150000000,r,512
5150000000,r,512
5150000000,r,512
5150000000,r,512
5150000000,r,512
5150000000,r,512
5150000000,r,512
5150000000,r,512
5160000000,r,512
5160000000,r,512
5160000000,r,512
5160000000,r,512
5160000000,r,512
5160000000,r,512
5160000000,r,512
5160000000,s,512
5160000000,r,512
5160000000,r,512
5160000000,r,512
5160000000,r,512
5160000000,r,512
5160000000,r,512
5160000000,r,512
5160000000,r,512
5160000000,r,512
5210000000,r,512
5210000000,r,512
5210000000,s,512
5210000000,s,512
5210000000,s,512
5250000000,r,512
5270000000,s,512
5270000000,s,512
5370000000,r,512
5370000000,r,512
5370000000,s,512
5370000000,s,512
5370000000,s,512
5410000000,s,512
5420000000,s,512
5460000000,s,512
5460000000,r,512
5460000000,s,512
5490000000,s,512
5490000000,r,512
5490000000,r,512
5490000000,r,512
5510000000,r,512
5510000000,r,512
5510000000,r,512
5510000000,r,512
5510000000,r,512
5510000000,r,512
5510000000,r,512
5520000000,s,512
5530000000,r,512
5530000000,s,512
5530000000,r,512
5530000000,r,512
5530000000,r,512
5530000000,r,512
5530000000,r,512
5530000000,r,512
5530000000,r,512
5530000000,s,512
5550000000,r,512
5550000000,r,512
5550000000,r,512
5630000000,r,512
5630000000,r,512
5630000000,r,512
5630000000,r,512
5630000000,r,512
5630000000,r,512
5630000000,r,512
5630000000,r,512
5630000000,r,512
5630000000,r,512
5630000000,r,512
5630000000,r,512
5630000000,r,512
5630000000,r,512
5630000000,r,512
5630000000,r,512
5630000000,r,512
5630000000,r,512
5630000000,r,512
5630000000,r,512
5630000000,r,512
5630000000,r,512
5630000000,r,512
5630000000,r,512
5630000000,r,512
5630000000,r,512
5630000000,r,512
5630000000,r,512
5630000000,r,512
5630000000,r,512
5630000000,r,512
5630000000,r,512
5630000000,r,512
5630000000,r,512
5630000000,r,512
5630000000,r,512
5630000000,r,512
5630000000,r,512
5630000000,r,512
5630000000,r,512
5630000000,r,512
5630000000,r,512
5630000000,r,512
5630000000,r,512
5630000000,r,512
5630000000,r,512
5630000000,r,512
5630000000,r,512
5630000000,r,512
5630000000,r,512
5630000000,r,512
5630000000,r,512
5630000000,r,512
5630000000,r,512
5630000000,r,512
5630000000,r,512
5630000000,r,512
5630000000,r,512
5630000000,r,512
5630000000,r,512
5630000000,r,512
5630000000,r,512
5630000000,r,512
5630000000,r,512
5630000000,s,512
5630000000,r,512
5630000000,r,512
5630000000,r,512
5630000000,s,512
5630000000,r,512
5630000000,r,512
5630000000,r,512
5630000000,r,512
5630000000,s,512
5640000000,s,512
5640000000,s,512
5640000000,r,512
5640000000,r,512
5640000000,r,512
5640000000,r,512
5640000000,r,512
5640000000,r,512
5640000000,r,512
5640000000,r,512
5640000000,r,512
5640000000,r,512
5640000000,r,512
5640000000,r,512
5640000000,r,512
5640000000,r,512
5640000000,r,512
5640000000,r,512
5640000000,s,512
5640000000,s,512
5640000000,s,512
5640000000,s,512
5640000000,r,512
5640000000,r,512
5640000000,r,512
5640000000,r,512
5640000000,r,512
5640000000,r,512
5640000000,r,512
5640000000,r,512
5640000000,r,512
5640000000,r,512
5650000000,r,512
5650000000,r,512
5650000000,r,512
5650000000,r,512
5650000000,r,512
5650000000,r,512
5650000000,r,512
5650000000,s,512
5650000000,r,512
5650000000,r,512
5650000000,r,512
5650000000,r,512
5650000000,r,512
5650000000,r,512
5650000000,r,512
5650000000,r,512
5650000000,r,512
5650000000,r,512
5650000000,r,512
5650000000,r,512
5650000000,r,512
5650000000,r,512
5650000000,r,512
5650000000,r,512
5650000000,r,512
5650000000,r,512
5650000000,r,512
5650000000,r,512
5650000000,r,512
5650000000,r,512
5650000000,r,512
5650000000,r,512
5650000000,r,512
5650000000,r,512
5650000000,r,512
5650000000,r,512
5650000000,r,512
5650000000,r,512
5650000000,r,512
5650000000,r,512
5650000000,r,512
5650000000,r,512
5650000000,r,512
5650000000,r,512
5650000000,r,512
5650000000,r,512
5650000000,r,512
5650000000,r,512
5650000000,r,512
5650000000,r,512
5650000000,r,512
5650000000,r,512
5650000000,r,512
5650000000,r,512
5650000000,r,512
5650000000,r,512
5650000000,r,512
5650000000,r,512
5650000000,r,512
5650000000,r,512
5650000000,r,512
5650000000,r,512
5650000000,r,512
5650000000,s,512
5650000000,r,512
5650000000,r,512
5650000000,r,512
5650000000,r,512
5650000000,r,512
5650000000,r,512
5650000000,r,512
5650000000,r,512
5650000000,s,512
5650000000,r,512
5650000000,r,512
5650000000,r,512
5650000000,r,512
5650000000,r,512
5650000000,r,512
5650000000,r,512
5650000000,r,512
5650000000,r,512
5650000000,r,512
5650000000,r,512
5650000000,r,512
5650000000,r,512
5660000000,r,512
5660000000,r,512
5660000000,r,512
5660000000,r,512
5660000000,r,512
5660000000,r,512
5660000000,r,512
5660000000,r,512
5660000000,r,512
5660000000,r,512
5670000000,r,512
5670000000,r,512
5670000000,r,512
5670000000,r,512
5670000000,r,512
5670000000,r,512
5670000000,r,512
5670000000,r,512
5670000000,r,512
5670000000,r,512
5670000000,r,512
5670000000,r,512
5670000000,r,512
5670000000,r,512
5670000000,r,512
5670000000,r,512
5670000000,r,512
5670000000,r,512
5670000000,r,512
5670000000,r,512
5670000000,r,512
5670000000,r,512
5670000000,r,512
5670000000,r,512
5670000000,r,512
5670000000,r,512
5670000000,r,512
5670000000,r,512
5670000000,r,512
5670000000,r,512
5670000000,r,512
5670000000,r,512
5670000000,r,512
5670000000,r,512
5670000000,r,512
5670000000,r,512
5670000000,r,512
5670000000,s,512
5670000000,r,512
5670000000,r,512
5670000000,r,512
5670000000,r,512
5670000000,r,512
5670000000,r,512
5670000000,r,512
5670000000,r,512
5670000000,r,512
5670000000,r,512
5670000000,r,512
5670000000,r,512
5670000000,r,512
5670000000,r,512
5670000000,r,512
5670000000,r,512
5670000000,r,512
5670000000,r,512
5670000000,r,512
5670000000,r,512
5670000000,r,512
5670000000,r,512
5670000000,r,512
5670000000,r,512
5670000000,r,512
5670000000,r,512
5670000000,r,512
5670000000,r,512
5670000000,r,512
5670000000,r,512
5670000000,r,512
5670000000,r,512
5670000000,r,512
5670000000,r,512
5670000000,r,512
5670000000,r,512
5670000000,r,512
5670000000,r,512
5670000000,r,512
5670000000,r,512
5670000000,s,512
5670000000,r,512
5670000000,r,512
5670000000,r,512
5670000000,r,512
5670000000,s,512
5680000000,r,512
5680000000,r,512
5680000000,r,512
5680000000,r,512
5680000000,r,512
5680000000,r,512
5680000000,r,512
5700000000,r,512
5700000000,r,512
5700000000,r,512
5700000000,r,512
5700000000,r,512
5700000000,r,512
5700000000,r,512
5700000000,r,512
5700000000,r,512
5700000000,r,512
5700000000,r,512
5700000000,r,512
5700000000,r,512
5700000000,r,512
5700000000,r,512
5700000000,r,512
5700000000,r,512
5700000000,r,512
5700000000,r,512
5700000000,r,512
5700000000,r,512
5700000000,r,512
5700000000,r,512
5700000000,r,512
5700000000,r,512
5700000000,r,512
5700000000,r,512
5700000000,r,512
5700000000,r,512
5700000000,r,512
5700000000,r,512
5700000000,s,512
5700000000,r,512
5700000000,r,512
5700000000,r,512
5700000000,r,512
5700000000,r,512
5700000000,r,512
5700000000,r,512
5700000000,r,512
5700000000,r,512
5700000000,r,512
5700000000,r,512
5700000000,r,512
5700000000,r,512
5700000000,r,512
5700000000,r,512
5700000000,r,512
5700000000,r,512
5700000000,r,512
5700000000,r,512
5700000000,r,512
5700000000,r,512
5700000000,r,512
5700000000,r,512
5700000000,r,512
5700000000,r,512
5700000000,r,512
5700000000,r,512
5700000000,r,512
5700000000,r,512
5700000000,r,512
5700000000,r,512
5700000000,r,512
5700000000,r,512
5700000000,r,512
5700000000,r,512
5700000000,r,512
5700000000,r,512
5700000000,r,512
5700000000,r,512
5700000000,r,512
5700000000,r,512
5700000000,r,512
5700000000,r,512
5700000000,r,512
5700000000,r,512
5700000000,r,512
5700000000,r,512
5700000000,r,512
5700000000,r,512
5700000000,r,512
5700000000,r,512
5700000000,r,512
5720000000,r,512
5720000000,r,512
5720000000,r,512
5720000000,r,512
5720000000,r,512
5720000000,s,512
5720000000,r,512
5720000000,r,512
5720000000,s,512
5720000000,r,512
5720000000,r,512
5720000000,r,512
5720000000,r,512
5720000000,r,512
5720000000,r,512
5720000000,r,512
5720000000,r,512
5720000000,r,512
5720000000,r,512
5720000000,r,512
5720000000,r,512
5720000000,s,512
5720000000,s,512
5730000000,r,512
5730000000,r,512
5730000000,r,512
5730000000,r,512
5730000000,r,512
5730000000,r,512
5730000000,r,512
5750000000,r,512
5750000000,r,512
5750000000,r,512
5750000000,r,512
5750000000,r,512
5750000000,r,512
5750000000,r,512
5750000000,r,512
5750000000,r,512
5750000000,r,512
5750000000,r,512
5750000000,r,512
5750000000,r,512
5750000000,r,512
5750000000,r,512
5750000000,r,512
5750000000,r,512
5750000000,r,512
5750000000,r,512
5750000000,r,512
5750000000,r,512
5750000000,r,512
5750000000,r,512
5750000000,r,512
5750000000,r,512
5750000000,r,512
5750000000,r,512
5750000000,r,512
5750000000,r,512
5750000000,s,512
5750000000,r,512
5750000000,r,512
5750000000,r,512
5750000000,r,512
5750000000,r,512
5750000000,r,512
5750000000,r,512
5750000000,r,512
5750000000,r,512
5750000000,r,512
5750000000,r,512
5750000000,r,512
5750000000,r,512
5750000000,r,512
5750000000,r,512
5750000000,r,512
5750000000,r,512
5750000000,r,512
5750000000,r,512
5750000000,r,512
5750000000,r,512
5750000000,r,512
5750000000,r,512
5750000000,r,512
5750000000,r,512
5750000000,r,512
5750000000,r,512
5750000000,r,512
5750000000,r,512
5750000000,r,512
5750000000,r,512
5750000000,r,512
5750000000,r,512
5750000000,r,512
5750000000,r,512
5750000000,r,512
5750000000,r,512
5750000000,r,512
5750000000,r,512
5750000000,r,512
5750000000,r,512
5750000000,r,512
5750000000,r,512
5750000000,r,512
5750000000,r,512
5760000000,r,512
5760000000,r,512
5760000000,r,512
5760000000,r,512
5760000000,r,512
5760000000,s,512
5760000000,r,512
5760000000,r,512
5760000000,s,512
5760000000,r,512
5760000000,r,512
5760000000,r,512
5760000000,r,512
5760000000,r,512
5760000000,r,512
5760000000,r,512
5760000000,r,512
5760000000,r,512
5760000000,r,512
5760000000,r,512
5760000000,r,512
5760000000,r,512
5760000000,r,512
5760000000,r,512
5760000000,r,512
5760000000,r,512
5760000000,r,512
5760000000,r,512
5760000000,r,512
5760000000,r,512
5760000000,r,512
5760000000,r,512
5790000000,r,512
5790000000,r,512
5790000000,r,512
5790000000,r,512
5790000000,r,512
5790000000,r,512
5790000000,r,512
5790000000,r,512
5790000000,r,512
5790000000,r,512
5790000000,r,512
5790000000,r,512
5790000000,r,512
5790000000,r,512
5790000000,r,512
5790000000,r,512
5790000000,r,512
5790000000,r,512
5790000000,r,512
5790000000,r,512
5790000000,r,512
5790000000,r,512
5790000000,r,512
5790000000,r,512
5790000000,r,512
5790000000,r,512
5790000000,r,512
5790000000,r,512
5790000000,s,512
5790000000,r,512
5790000000,r,512
5790000000,r,512
5790000000,r,512
5790000000,r,512
5790000000,r,512
5790000000,r,512
5790000000,r,512
5790000000,r,512
5790000000,r,512
5790000000,r,512
5790000000,r,512
5790000000,r,512
5790000000,r,512
5790000000,r,512
5790000000,r,512
5790000000,r,512
5790000000,r,512
5790000000,r,512
5790000000,r,512
5790000000,r,512
5790000000,r,512
5790000000,r,512
5790000000,r,512
5790000000,r,512
5790000000,r,512
5790000000,r,512
5790000000,r,512
5790000000,r,512
5790000000,r,512
5790000000,r,512
5790000000,r,512
5790000000,r,512
5790000000,r,512
5790000000,r,512
5790000000,r,512
5790000000,r,512
5790000000,r,512
5790000000,r,512
5790000000,r,512
5790000000,r,512
5790000000,r,512
5790000000,r,512
5790000000,r,512
5790000000,r,512
5790000000,r,512
5790000000,r,512
5790000000,s,512
5790000000,r,512
5790000000,r,512
5790000000,s,512
5790000000,r,512
5790000000,r,512
5790000000,r,512
5790000000,r,512
5790000000,r,512
5800000000,r,512
5800000000,r,512
5800000000,r,512
5800000000,r,512
5800000000,r,512
5800000000,r,512
5800000000,r,512
5800000000,r,512
5800000000,r,512
5800000000,r,512
5800000000,r,512
5800000000,r,512
5800000000,r,512
5800000000,r,512
5800000000,r,512
5830000000,r,512
5830000000,r,512
5830000000,r,512
5830000000,r,512
5830000000,r,512
5830000000,r,512
5830000000,r,512
5830000000,r,512
5830000000,r,512
5830000000,r,512
5830000000,r,512
5830000000,r,512
5830000000,r,512
5830000000,r,512
5830000000,r,512
5830000000,r,512
5830000000,r,512
5830000000,r,512
5830000000,r,512
5830000000,r,512
5830000000,r,512
5830000000,r,512
5830000000,r,512
5830000000,r,512
5830000000,r,512
5830000000,r,512
5830000000,r,512
5830000000,r,512
5830000000,r,512
5830000000,r,512
5830000000,r,512
5830000000,s,512
5830000000,r,512
5830000000,r,512
5830000000,r,512
5830000000,r,512
5830000000,r,512
5830000000,r,512
5830000000,r,512
5830000000,r,512
5830000000,r,512
5830000000,r,512
5830000000,r,512
5830000000,r,512
5830000000,r,512
5830000000,r,512
5830000000,r,512
5830000000,r,512
5830000000,r,512
5830000000,r,512
5830000000,r,512
5830000000,r,512
5830000000,r,512
5830000000,r,512
5830000000,r,512
5830000000,r,512
5830000000,r,512
5830000000,r,512
5830000000,r,512
5830000000,r,512
5830000000,r,512
5830000000,r,512
5830000000,r,512
5830000000,r,512
5830000000,r,512
5830000000,r,512
5830000000,r,512
5830000000,r,512
5830000000,r,512
5830000000,r,512
5830000000,r,512
5830000000,r,512
5830000000,r,512
5830000000,r,512
5830000000,r,512
5830000000,r,512
5830000000,r,512
5830000000,r,512
5830000000,r,512
5830000000,r,512
5830000000,r,512
5830000000,s,512
5830000000,r,512
5830000000,r,512
5830000000,r,512
5830000000,s,512
5830000000,r,512
5830000000,r,512
5830000000,r,512
5830000000,r,512
5830000000,r,512
5830000000,r,512
5830000000,r,512
5830000000,r,512
5830000000,r,512
5830000000,r,512
5830000000,r,512
5830000000,r,512
5830000000,r,512
5830000000,r,512
5830000000,r,512
5830000000,r,512
5830000000,r,512
5830000000,r,512
5830000000,r,512
5830000000,r,512
5830000000,r,512
5830000000,r,512
5830000000,r,512
5830000000,r,512
5830000000,r,512
5830000000,r,512
5830000000,r,512
5830000000,r,512
5830000000,r,512
5830000000,r,512
5830000000,r,512
5830000000,r,512
5850000000,r,512
5850000000,r,512
5850000000,r,512
5850000000,r,512
5850000000,r,512
5850000000,r,512
5850000000,r,512
5850000000,r,512
5850000000,r,512
5850000000,r,512
5850000000,r,512
5850000000,r,512
5850000000,r,512
5850000000,r,512
5850000000,r,512
5850000000,r,512
5850000000,s,512
5850000000,r,512
5850000000,r,512
5850000000,r,512
5850000000,r,512
5850000000,r,512
5850000000,r,512
5850000000,r,512
5850000000,r,512
5850000000,r,512
5850000000,r,512
5850000000,r,512
5850000000,r,512
5850000000,r,512
5850000000,r,512
5850000000,r,512
5850000000,r,512
5850000000,r,512
5850000000,r,512
5850000000,r,512
5850000000,r,512
5850000000,r,512
5850000000,r,512
5850000000,r,512
5850000000,r,512
5850000000,r,512
5850000000,r,512
5850000000,r,512
5850000000,r,512
5850000000,r,512
5850000000,r,512
5850000000,r,512
5850000000,r,512
5850000000,r,512
5850000000,r,512
5850000000,r,512
5850000000,r,512
5850000000,r,512
5850000000,r,512
5850000000,r,512
5850000000,r,512
5850000000,r,512
5850000000,r,512
5850000000,r,512
5850000000,r,512
5850000000,r,512
5850000000,r,512
5850000000,r,512
5850000000,s,512
5850000000,r,512
5850000000,r,512
5850000000,s,512
5850000000,r,512
5850000000,r,512
5850000000,r,512
5850000000,r,512
5850000000,r,512
5850000000,r,512
5850000000,r,512
5850000000,r,512
5850000000,r,512
5850000000,r,512
5850000000,r,512
5850000000,r,512
5850000000,r,512
5850000000,r,512
5850000000,r,512
5850000000,r,512
5850000000,r,512
5850000000,r,512
5850000000,r,512
5850000000,r,512
5850000000,r,512
5850000000,r,512
5850000000,r,512
5850000000,r,512
5850000000,r,512
5850000000,r,512
5850000000,r,512
5850000000,r,512
5850000000,r,512
5850000000,r,512
5850000000,r,512
5850000000,r,512
5850000000,r,512
5850000000,r,512
5850000000,r,512
5850000000,r,512
5850000000,r,512
5850000000,r,512
5850000000,r,512
5850000000,r,512
5850000000,r,512
5850000000,r,512
5850000000,r,512
5850000000,r,512
5850000000,r,512
5850000000,r,512
5860000000,r,512
5860000000,r,512
5860000000,s,512
5860000000,r,512
5860000000,r,512
5860000000,r,512
5860000000,r,512
5860000000,r,512
5860000000,r,512
5860000000,r,512
5870000000,r,512
5870000000,r,512
5870000000,r,512
5870000000,r,512
5870000000,r,512
5870000000,r,512
5870000000,r,512
5870000000,r,512
5870000000,r,512
5870000000,r,512
5870000000,r,512
5870000000,s,512
5890000000,r,512
5890000000,r,512
5890000000,r,512
5890000000,r,512
5890000000,r,512
5890000000,r,512
5890000000,r,512
5890000000,r,512
5890000000,r,512
5890000000,r,512
5890000000,r,512
5890000000,r,512
5890000000,r,512
5890000000,r,512
5890000000,r,512
5890000000,r,512
5890000000,r,512
5890000000,r,512
5890000000,r,512
5890000000,r,512
5890000000,r,512
5890000000,r,512
5890000000,r,512
5890000000,r,512
5890000000,r,512
5890000000,r,512
5890000000,r,512
5890000000,r,512
5890000000,r,512
5890000000,r,512
5890000000,r,512
5890000000,r,512
5890000000,r,512
5890000000,r,512
5890000000,s,512
5890000000,r,512
5890000000,r,512
5890000000,r,512
5890000000,r,512
5890000000,r,512
5890000000,r,512
5890000000,r,512
5890000000,r,512
5890000000,r,512
5890000000,r,512
5890000000,r,512
5890000000,s,512
5920000000,r,512
5920000000,r,512
5920000000,r,512
5920000000,r,512
5920000000,r,512
5920000000,r,512
5920000000,r,512
5920000000,r,512
5920000000,r,512
5920000000,r,512
5920000000,r,512
5920000000,r,512
5920000000,s,512
5930000000,r,512
5930000000,r,512
5930000000,r,512
5930000000,r,512
5930000000,r,512
5930000000,r,512
5930000000,r,512
5930000000,r,512
5930000000,r,512
5930000000,r,512
5930000000,r,512
5930000000,r,512
5930000000,r,512
5930000000,r,512
5930000000,r,512
5930000000,r,512
5930000000,r,512
5930000000,r,512
5930000000,r,512
5930000000,r,512
5930000000,r,512
5930000000,r,512
5930000000,r,512
5930000000,r,512
5930000000,r,512
5930000000,r,512
5930000000,r,512
5930000000,r,512
5930000000,r,512
5930000000,r,512
5930000000,r,512
5930000000,r,512
5930000000,r,512
5930000000,r,512
5930000000,r,512
5930000000,r,512
5930000000,r,512
5930000000,r,512
5930000000,s,512
5940000000,r,512
5940000000,r,512
5940000000,r,512
5940000000,r,512
5940000000,r,512
5940000000,r,512
5940000000,r,512
5940000000,r,512
5940000000,r,512
5950000000,r,512
5950000000,r,512
5950000000,r,512
5950000000,r,512
5950000000,r,512
5950000000,r,512
5950000000,r,512
5950000000,r,512
5950000000,r,512
5950000000,r,512
5950000000,r,512
5950000000,r,512
5950000000,r,512
5950000000,r,512
5950000000,r,512
5950000000,r,512
5950000000,r,512
5950000000,r,512
5950000000,r,512
5950000000,r,512
5950000000,r,512
5950000000,r,512
5950000000,r,512
5950000000,r,512
5950000000,r,512
5950000000,r,512
5950000000,r,512
5950000000,r,512
5950000000,r,512
5950000000,r,512
5950000000,s,512
5950000000,r,512
5950000000,r,512
5950000000,r,512
5950000000,r,512
5950000000,r,512
5950000000,r,512
5950000000,r,512
5950000000,r,512
5950000000,r,512
5950000000,s,512
5950000000,r,512
5950000000,r,512
5950000000,r,512
5950000000,r,512
5950000000,r,512
5950000000,r,512
5950000000,r,512
5950000000,r,512
5950000000,r,512
5950000000,r,512
5950000000,r,512
5950000000,r,512
5950000000,r,512
5950000000,r,512
5950000000,r,512
5950000000,r,512
5950000000,r,512
5950000000,r,512
5950000000,r,512
5950000000,r,512
5950000000,r,512
5950000000,r,512
5950000000,r,512
5950000000,r,512
5950000000,r,512
5950000000,r,512
5950000000,r,512
5950000000,r,512
5950000000,r,512
5950000000,r,512
5950000000,r,512
5950000000,r,512
5950000000,s,512
5950000000,r,512
5950000000,r,512
5950000000,r,512
5950000000,r,512
5950000000,r,512
5950000000,r,512
5950000000,r,512
5950000000,r,512
5950000000,r,512
5950000000,r,512
5950000000,r,512
5950000000,r,512
5950000000,r,512
5950000000,r,512
5950000000,r,512
5950000000,r,512
5950000000,r,512
5950000000,r,512
5950000000,r,512
5950000000,r,512
5950000000,r,512
5950000000,r,512
5950000000,r,512
5950000000,r,512
5950000000,r,512
5950000000,r,512
5950000000,r,512
5950000000,r,512
5950000000,r,512
5950000000,r,512
5950000000,r,512
5950000000,r,512
5950000000,r,512
5950000000,r,512
5960000000,r,512
5960000000,r,512
5970000000,r,512
5970000000,r,512
5970000000,r,512
5970000000,r,512
5970000000,r,512
5970000000,r,512
5970000000,s,512
5970000000,r,512
5970000000,r,512
5970000000,r,512
5970000000,r,512
5970000000,r,512
5970000000,r,512
5970000000,r,512
5970000000,r,512
5970000000,r,512
5970000000,r,512
5970000000,r,512
5970000000,r,512
5970000000,r,512
5970000000,r,512
5970000000,r,512
5970000000,r,512
5970000000,r,512
5970000000,s,512
5970000000,r,512
5970000000,r,512
5970000000,r,512
5970000000,r,512
5970000000,r,512
5970000000,r,512
5970000000,r,512
5970000000,r,512
5970000000,r,512
5970000000,r,512
5970000000,r,512
5970000000,r,512
5970000000,r,512
5970000000,r,512
5970000000,r,512
5970000000,r,512
5970000000,r,512
5970000000,r,512
5970000000,r,512
5970000000,r,512
5970000000,r,512
5970000000,r,512
5970000000,r,512
5990000000,r,512
5990000000,r,512
5990000000,r,512
5990000000,r,512
5990000000,r,512
5990000000,r,512
5990000000,r,512
5990000000,r,512
5990000000,r,512
5990000000,r,512
5990000000,s,512
5990000000,r,512
5990000000,r,512
5990000000,r,512
5990000000,r,512
5990000000,r,512
5990000000,r,512
5990000000,r,512
5990000000,r,512
5990000000,r,512
5990000000,r,512
5990000000,r,512
5990000000,r,512
5990000000,r,512
5990000000,r,512
5990000000,r,512
5990000000,r,512
5990000000,r,512
5990000000,r,512
5990000000,r,512
5990000000,r,512
5990000000,r,512
5990000000,r,512
5990000000,r,512
5990000000,r,512
5990000000,r,512
5990000000,r,512
5990000000,r,512
5990000000,r,512
5990000000,r,512
5990000000,r,512
5990000000,r,512
5990000000,r,512
6010000000,r,512
6010000000,r,512
6010000000,r,512
6010000000,r,512
6010000000,r,512
6010000000,r,512
6010000000,r,512
6010000000,r,512
6010000000,r,512
6010000000,r,512
6010000000,r,512
6010000000,r,512
6010000000,r,512
6010000000,r,512
6010000000,r,512
6010000000,r,512
6010000000,r,512
6010000000,r,512
6010000000,r,512
6010000000,r,512
6010000000,s,512
6010000000,r,512
6010000000,r,512
6010000000,r,512
6010000000,r,512
6010000000,r,512
6010000000,r,512
6010000000,r,512
6010000000,r,512
6010000000,r,512
6010000000,r,512
6010000000,r,512
6010000000,r,512
6010000000,r,512
6010000000,r,512
6010000000,r,512
6010000000,s,512
6010000000,r,512
6010000000,r,512
6010000000,r,512
6010000000,r,512
6010000000,r,512
6010000000,r,512
6010000000,r,512
6010000000,r,512
6010000000,r,512
6010000000,r,512
6010000000,r,512
6010000000,r,512
6010000000,r,512
6010000000,r,512
6010000000,r,512
6010000000,r,512
6010000000,r,512
6010000000,r,512
6010000000,r,512
6010000000,r,512
6010000000,r,512
6010000000,r,512
6010000000,r,512
6010000000,r,512
6010000000,r,512
6010000000,r,512
6010000000,r,512
6010000000,r,512
6010000000,r,512
6010000000,r,512
6010000000,r,512
6010000000,r,512
6010000000,r,512
6010000000,r,512
6010000000,r,512
6010000000,r,512
6010000000,r,512
6010000000,r,512
6010000000,r,512
6010000000,r,512
6010000000,s,512
6030000000,r,512
6030000000,r,512
6030000000,r,512
6030000000,r,512
6030000000,r,512
6030000000,r,512
6030000000,r,512
6030000000,r,512
6030000000,s,512
6030000000,s,512
6030000000,s,512
6030000000,s,512
6030000000,s,512
6040000000,s,512
6040000000,s,512
6050000000,r,512
6050000000,r,512
6050000000,r,512
6050000000,r,512
6050000000,r,512
6050000000,r,512
6050000000,r,512
6100000000,r,512
6100000000,r,512
6100000000,r,512
6100000000,r,512
6100000000,r,512
6100000000,r,512
6100000000,r,512
6120000000,s,512
6190000000,r,512
6190000000,r,512
6190000000,s,512
6190000000,s,512
6280000000,r,512
6290000000,s,512
6290000000,s,512
6290000000,s,512
6370000000,r,512
6370000000,r,512
6380000000,r,512
6380000000,r,512
6380000000,r,512
6380000000,r,512
6380000000,r,512
6380000000,r,512
6380000000,r,512
6380000000,r,512
6380000000,r,512
6380000000,r,512
6380000000,r,512
6380000000,r,512
6380000000,r,512
6380000000,r,512
6380000000,r,512
6380000000,r,512
6380000000,r,512
6380000000,r,512
6400000000,r,512
6400000000,r,512
6400000000,r,512
6400000000,r,512
6400000000,r,512
6400000000,r,512
6400000000,r,512
6400000000,r,512
6420000000,r,512
6420000000,r,512
6420000000,r,512
6420000000,r,512
6420000000,r,512
6420000000,r,512
6420000000,r,512
6420000000,r,512
6460000000,r,512
6460000000,s,512
6460000000,r,512
6460000000,r,512
6460000000,s,512
6460000000,r,512
6460000000,r,512
6460000000,r,512
6460000000,r,512
6470000000,r,512
6470000000,r,512
6470000000,r,512
6470000000,r,512
6470000000,r,512
6470000000,r,512
6470000000,r,512
6470000000,r,512
6470000000,r,512
6470000000,r,512
6470000000,r,512
6470000000,r,512
6470000000,r,512
6470000000,r,512
6470000000,r,512
6470000000,s,512
6470000000,r,512
6470000000,r,512
6470000000,r,512
6470000000,r,512
6470000000,s,512
6480000000,r,512
6480000000,r,512
6480000000,r,512
6480000000,r,512
6480000000,r,512
6480000000,r,512
6480000000,r,512
6480000000,r,512
6480000000,r,512
6480000000,r,512
6480000000,r,512
6480000000,r,512
6480000000,r,512
6480000000,r,512
6480000000,r,512
6500000000,s,512
6500000000,s,512
6550000000,r,512
6550000000,r,512
6550000000,r,512
6550000000,r,512
6570000000,r,512
6570000000,r,512
6570000000,r,512
6570000000,r,512
6570000000,r,512
6570000000,s,512
6570000000,r,512
6570000000,r,512
6570000000,r,512
6570000000,r,512
6570000000,r,512
6570000000,r,512
6570000000,r,512
6570000000,r,512
6570000000,r,512
6570000000,r,512
6570000000,r,512
6570000000,r,512
6570000000,r,512
6570000000,r,512
6570000000,r,512
6570000000,r,512
6570000000,r,512
6570000000,r,512
6570000000,r,512
6570000000,r,512
6570000000,r,512
6570000000,r,512
6570000000,r,512
6570000000,r,512
6570000000,r,512
6570000000,r,512
6570000000,r,512
6570000000,r,512
6570000000,r,512
6570000000,r,512
6570000000,r,512
6570000000,r,512
6570000000,r,512
6570000000,r,512
6570000000,r,512
6570000000,r,512
6570000000,r,512
6570000000,r,512
6570000000,r,512
6570000000,r,512
6570000000,r,512
6570000000,r,512
6570000000,r,512
6570000000,r,512
6570000000,r,512
6570000000,r,512
6570000000,r,512
6570000000,r,512
6570000000,r,512
6590000000,r,512
6590000000,s,512
6590000000,r,512
6590000000,s,512
6590000000,r,512
6590000000,r,512
6590000000,r,512
6590000000,r,512
6590000000,r,512
6590000000,r,512
6590000000,r,512
6590000000,r,512
6590000000,r,512
6590000000,r,512
6590000000,r,512
6590000000,r,512
6590000000,r,512
6590000000,r,512
6590000000,r,512
6590000000,r,512
6590000000,r,512
6590000000,r,512
6590000000,r,512
6590000000,r,512
6590000000,r,512
6590000000,r,512
6590000000,r,512
6590000000,r,512
6590000000,r,512
6590000000,r,512
6590000000,r,512
6590000000,r,512
6590000000,r,512
6590000000,r,512
6590000000,r,512
6590000000,r,512
6590000000,r,512
6590000000,r,512
6590000000,r,512
6590000000,r,512
6590000000,r,512
6590000000,r,512
6590000000,r,512
6590000000,r,512
6590000000,r,512
6590000000,r,512
6590000000,r,512
6590000000,r,512
6590000000,r,512
6590000000,r,512
6590000000,r,512
6590000000,r,512
6590000000,r,512
6590000000,s,512
6590000000,r,512
6590000000,r,512
6590000000,r,512
6590000000,r,512
6590000000,r,512
6590000000,r,512
6590000000,r,512
6590000000,r,512
6590000000,r,512
6590000000,r,512
6590000000,r,512
6590000000,r,512
6590000000,r,512
6590000000,r,512
6590000000,r,512
6590000000,r,512
6590000000,r,512
6590000000,r,512
6590000000,r,512
6590000000,r,512
6610000000,r,512
6610000000,r,512
6640000000,r,512
6640000000,r,512
6660000000,r,512
6660000000,r,512
6660000000,r,512
6660000000,r,512
6660000000,r,512
6660000000,r,512
6660000000,r,512
6660000000,s,512
6660000000,s,512
6660000000,r,512
6660000000,r,512
6660000000,r,512
6660000000,r,512
6660000000,r,512
6660000000,r,512
6660000000,r,512
6660000000,r,512
6660000000,r,512
6660000000,r,512
6660000000,r,512
6660000000,r,512
6660000000,r,512
6660000000,r,512
6660000000,r,512
6660000000,r,512
6660000000,r,512
6660000000,r,512
6660000000,r,512
6660000000,r,512
6660000000,s,512
6660000000,r,512
6660000000,r,512
6660000000,r,512
6660000000,r,512
6660000000,r,512
6680000000,r,512
6680000000,r,512
6680000000,r,512
6680000000,r,512
6680000000,r,512
6680000000,r,512
6680000000,r,512
6680000000,r,512
6680000000,r,512
6700000000,r,512
6700000000,r,512
6700000000,r,512
6700000000,s,512
6730000000,r,512
6730000000,r,512
6730000000,r,512
6730000000,r,512
6730000000,r,512
6730000000,r,512
6740000000,s,512
6830000000,r,512
6890000000,r,512
6890000000,r,512
6890000000,r,512
6890000000,r,512
6890000000,r,512
6890000000,r,512
6890000000,r,512
6890000000,r,512
6910000000,r,512
6910000000,r,512
6910000000,r,512
6910000000,r,512
6910000000,r,512
6910000000,r,512
6910000000,r,512
6910000000,r,512
6910000000,r,512
6910000000,r,512
6910000000,r,512
6910000000,r,512
6910000000,r,512
6910000000,r,512
6910000000,r,512
6910000000,r,512
6910000000,r,512
6910000000,r,512
6910000000,r,512
6910000000,r,512
6910000000,r,512
6910000000,r,512
6910000000,r,512
6910000000,r,512
6910000000,r,512
6910000000,r,512
6910000000,r,512
6910000000,r,512
6910000000,r,512
6910000000,r,512
6910000000,r,512
6910000000,r,512
6910000000,r,512
6910000000,r,512
6910000000,r,512
6910000000,r,512
6910000000,s,512
6920000000,r,512
6930000000,r,512
6930000000,r,512
6930000000,r,512
6930000000,r,512
6930000000,r,512
6930000000,r,512
6930000000,r,512
6930000000,r,512
6930000000,r,512
6930000000,r,512
6930000000,r,512
6930000000,r,512
6930000000,r,512
6930000000,r,512
6930000000,r,512
6930000000,r,512
6930000000,r,512
6930000000,r,512
6930000000,r,512
6930000000,r,512
6930000000,r,512
6930000000,r,512
6930000000,r,512
6930000000,r,512
6930000000,r,512
6930000000,r,512
6930000000,r,512
6930000000,r,512
6930000000,r,512
6930000000,r,512
6930000000,r,512
6930000000,r,512
6930000000,s,512
6930000000,r,512
6930000000,r,512
6930000000,r,512
6930000000,r,512
6930000000,r,512
6940000000,r,512
6940000000,r,512
6940000000,r,512
6940000000,r,512
6940000000,r,512
6940000000,r,512
6940000000,r,512
6940000000,s,512
6940000000,r,512
6940000000,r,512
6940000000,r,512
6940000000,r,512
6940000000,r,512
6940000000,r,512
6940000000,r,512
6940000000,r,512
6940000000,r,512
6940000000,r,512
6940000000,r,512
6940000000,r,512
6940000000,r,512
6950000000,r,512
6950000000,r,512
6950000000,r,512
6950000000,r,512
6950000000,r,512
6950000000,r,512
6950000000,r,512
6950000000,r,512
6950000000,r,512
6950000000,r,512
6950000000,r,512
6950000000,r,512
6950000000,r,512
6950000000,r,512
6950000000,r,512
6950000000,r,512
6960000000,r,512
6960000000,r,512
6960000000,r,512
6960000000,r,512
6960000000,r,512
6960000000,r,512
6960000000,r,512
6960000000,r,512
6960000000,r,512
6960000000,r,512
6960000000,r,512
6960000000,r,512
6960000000,r,512
6960000000,r,512
6960000000,r,512
6960000000,r,512
6960000000,r,512
6960000000,r,512
6960000000,r,512
6960000000,r,512
6970000000,r,512
6970000000,s,512
6970000000,r,512
6970000000,r,512
6970000000,r,512
6970000000,r,512
6970000000,r,512
6970000000,r,512
6970000000,r,512
6970000000,r,512
6970000000,r,512
6970000000,r,512
6970000000,r,512
6970000000,r,512
6970000000,r,512
6970000000,r,512
6970000000,r,512
6970000000,r,512
6970000000,r,512
6970000000,r,512
6970000000,r,512
6970000000,r,512
6970000000,r,512
6970000000,r,512
6980000000,r,512
6980000000,r,512
6980000000,r,512
7070000000,r,512
7070000000,r,512
7070000000,r,512
7070000000,r,512
7070000000,r,512
7070000000,r,512
7070000000,r,512
7070000000,r,512
7070000000,s,512
7110000000,s,512
7400000000,r,512
7420000000,s,512
7490000000,r,512
7490000000,r,512
7490000000,s,512
7630000000,r,512
7630000000,r,512
7630000000,s,512
7630000000,r,512
7630000000,r,512
7630000000,r,512
7630000000,r,512
7630000000,r,512
7660000000,r,512
7660000000,r,512
7660000000,r,512
7660000000,r,512
7660000000,r,512
7660000000,r,512
7660000000,r,512
7660000000,s,512
7660000000,r,512
7660000000,r,512
7660000000,r,512
7660000000,r,512
7660000000,r,512
7660000000,r,512
7660000000,r,512
7660000000,r,512
7660000000,r,512
7660000000,r,512
7660000000,r,512
7660000000,r,512
7660000000,r,512
7660000000,r,512
7660000000,r,512
7660000000,r,512
7660000000,r,512
7660000000,r,512
7660000000,r,512
7660000000,r,512
7660000000,r,512
7660000000,r,512
7660000000,r,512
7660000000,r,512
7660000000,r,512
7660000000,r,512
7660000000,r,512
7670000000,r,512
7670000000,r,512
7670000000,r,512
7670000000,r,512
7670000000,r,512
7670000000,r,512
7670000000,r,512
7670000000,r,512
7670000000,r,512
7670000000,r,512
7670000000,r,512
7670000000,r,512
7670000000,r,512
7670000000,r,512
7670000000,r,512
7670000000,r,512
7670000000,r,512
7670000000,r,512
7670000000,r,512
7670000000,r,512
7670000000,r,512
7670000000,r,512
7670000000,r,512
7670000000,s,512
7670000000,r,512
7670000000,r,512
7680000000,r,512
7680000000,r,512
7680000000,r,512
7680000000,r,512
7680000000,r,512
7680000000,r,512
7680000000,r,512
7680000000,r,512
7680000000,r,512
7700000000,r,512
7700000000,r,512
7700000000,r,512
7700000000,r,512
7700000000,r,512
7700000000,r,512
7700000000,r,512
7700000000,r,512
7720000000,r,512
7720000000,r,512
7720000000,r,512
7720000000,r,512
7720000000,s,512
7800000000,s,512
7800000000,s,512
7810000000,r,512
7810000000,r,512
7980000000,r,512
7980000000,s,512
7980000000,s,512
8080000000,r,512
8080000000,s,512
8080000000,s,512
8160000000,r,512
8160000000,r,512
8160000000,r,512
8160000000,r,512
8160000000,r,512
8160000000,r,512
8160000000,r,512
8170000000,r,512
8170000000,r,512
8170000000,r,512
8170000000,s,512
8260000000,r,512
8260000000,r,512
8260000000,r,512
8260000000,s,512
8260000000,r,512
8260000000,r,512
8260000000,r,512
8260000000,r,512
8400000000,r,512
8400000000,r,512
8400000000,s,512
8400000000,r,512
8400000000,r,512
8410000000,s,512
8410000000,s,512
8539999999,s,512
8539999999,s,512
8580000000,r,512
8580000000,r,512
8590000000,s,512
8590000000,s,512
8680000000,r,512
8680000000,r,512
8680000000,r,512
8680000000,r,512
8680000000,r,512
8680000000,r,512
8680000000,r,512
8680000000,r,512
8680000000,r,512
8680000000,r,512
8680000000,r,512
8680000000,r,512
8680000000,r,512
8680000000,r,512
8680000000,r,512
8680000000,r,512
8680000000,s,512
8680000000,r,512
8680000000,r,512
8680000000,r,512
8680000000,r,512
8680000000,r,512
8680000000,r,512
8680000000,r,512
8680000000,r,512
8680000000,r,512
8680000000,r,512
8680000000,r,512
8680000000,r,512
8680000000,r,512
8680000000,r,512
8680000000,r,512
8680000000,r,512
8680000000,r,512
8680000000,r,512
8680000000,r,512
8680000000,r,512
8680000000,r,512
8680000000,r,512
8680000000,r,512
8680000000,r,512
8680000000,r,512
8680000000,r,512
8680000000,r,512
8680000000,r,512
8680000000,r,512
8680000000,r,512
8680000000,r,512
8680000000,r,512
8680000000,r,512
8680000000,r,512
8680000000,r,512
8680000000,r,512
8680000000,s,512
8700000000,r,512
8700000000,r,512
8700000000,r,512
8720000000,r,512
8720000000,r,512
8720000000,r,512
8720000000,r,512
8720000000,r,512
8720000000,r,512
8720000000,r,512
8720000000,r,512
8720000000,r,512
8720000000,s,512
8820000000,r,512
8820000000,r,512
8820000000,r,512
8820000000,r,512
8820000000,r,512
8820000000,r,512
8820000000,r,512
8820000000,r,512
8820000000,r,512
8820000000,r,512
8820000000,r,512
8820000000,r,512
8820000000,r,512
8820000000,r,512
8820000000,r,512
8820000000,r,512
8820000000,r,512
8820000000,r,512
8820000000,r,512
8820000000,r,512
8820000000,r,512
8820000000,r,512
8820000000,r,512
8820000000,s,512
8830000000,r,512
8830000000,r,512
8830000000,r,512
8830000000,s,512
8830000000,r,512
8830000000,r,512
8830000000,r,512
8830000000,r,512
8830000000,r,512
8830000000,r,512
8830000000,r,512
8830000000,r,512
8830000000,r,512
8830000000,r,512
8830000000,r,512
8830000000,r,512
8830000000,r,512
8830000000,r,512
8840000000,r,512
8840000000,s,512
8840000000,r,512
8840000000,r,512
8840000000,r,512
8840000000,r,512
8840000000,r,512
8840000000,r,512
8840000000,r,512
8840000000,r,512
8840000000,r,512
8840000000,r,512
8840000000,r,512
8850000000,r,512
8850000000,r,512
8850000000,r,512
8850000000,r,512
8850000000,r,512
8850000000,r,512
8850000000,r,512
8850000000,r,512
8890000000,r,512
8890000000,r,512
8890000000,r,512
8890000000,s,512
8890000000,s,512
8890000000,s,512
8920000000,r,512
9580000000,s,512
9780000000,r,512
9780000000,r,512
9780000000,r,512
9780000000,r,512
9780000000,r,512
9780000000,r,512
9780000000,r,512
9840000000,r,512
9840000000,r,512
9840000000,r,512
9840000000,r,512
9840000000,r,512
9840000000,r,512
9840000000,r,512
9840000000,r,512
9880000000,r,512
9880000000,r,512
9880000000,r,512
9880000000,r,512
9880000000,r,512
9880000000,r,512
9880000000,r,512
9880000000,r,512
9900000000,r,512
9900000000,r,512
9900000000,s,512
9900000000,r,512
9900000000,r,512
9900000000,r,512
9900000000,r,512
9900000000,r,512
9900000000,r,512
9900000000,r,512
9900000000,r,512
9900000000,r,512
9900000000,r,512
9900000000,r,512
9900000000,r,512
9900000000,r,512
9900000000,r,512
9900000000,r,512
9900000000,r,512
9900000000,r,512
9900000000,r,512
9900000000,r,512
9900000000,r,512
9900000000,r,512
9900000000,r,512
9900000000,r,512
9900000000,r,512
9900000000,r,512
9900000000,r,512
9900000000,r,512
9900000000,r,512
9930000000,r,512
9930000000,r,512
9930000000,r,512
9930000000,r,512
9930000000,r,512
9930000000,r,512
9930000000,r,512
9930000000,r,512
9930000000,r,512
9930000000,s,512
9940000000,r,512
9940000000,r,512
9940000000,r,512
9940000000,r,512
9940000000,r,512
9940000000,r,512
9940000000,r,512
9940000000,r,512
9940000000,r,512
9940000000,r,512
9940000000,r,512
9940000000,r,512
9940000000,r,512
9940000000,r,512
9940000000,r,512
9940000000,r,512
9940000000,r,512
9940000000,r,512
9940000000,r,512
9940000000,r,512
9940000000,r,512
9940000000,r,512
9940000000,r,512
9940000000,r,512
9940000000,r,512
9940000000,r,512
9940000000,r,512
9940000000,r,512
9940000000,r,512
9940000000,r,512
9940000000,r,512
9940000000,s,512
9970000000,r,512
9970000000,r,512
9970000000,r,512
9970000000,r,512
9970000000,r,512
9970000000,r,512
9970000000,r,512
9970000000,r,512
9970000000,r,512
9970000000,r,512
10000000000,s,512
10250000000,r,512
10250000000,r,512
10250000000,r,512
10250000000,r,512
10250000000,r,512
10250000000,r,512
10250000000,r,512
10250000000,r,512
10250000000,r,512
10250000000,r,512
10250000000,r,512
10250000000,r,512
10250000000,r,512
10250000000,r,512
10250000000,r,512
10250000000,r,512
10250000000,r,512
10250000000,r,512
10250000000,r,512
10250000000,r,512
10250000000,r,512
10250000000,r,512
10250000000,r,512
10250000000,s,512
10280000000,r,512
10280000000,r,512
10280000000,r,512
10280000000,r,512
10280000000,r,512
10280000000,r,512
10280000000,r,512
10280000000,r,512
10280000000,r,512
10280000000,r,512
10280000000,r,512
10280000000,r,512
10280000000,r,512
10280000000,r,512
10280000000,r,512
10280000000,r,512
10280000000,r,512
10280000000,r,512
10280000000,r,512
10280000000,r,512
10280000000,r,512
10280000000,r,512
10280000000,r,512
10280000000,r,512
10280000000,r,512
10280000000,r,512
10280000000,r,512
10280000000,r,512
10280000000,r,512
10280000000,r,512
10280000000,r,512
10280000000,r,512
10280000000,r,512
10280000000,r,512
10280000000,r,512
10280000000,r,512
10280000000,s,512
10280000000,r,512
10280000000,r,512
10280000000,r,512
10280000000,r,512
10280000000,r,512
10280000000,r,512
10280000000,r,512
10280000000,r,512
10280000000,r,512
10280000000,r,512
10280000000,r,512
10280000000,r,512
10280000000,r,512
10280000000,s,512
10280000000,r,512
10280000000,r,512
10280000000,r,512
10280000000,r,512
10280000000,r,512
10280000000,r,512
10280000000,r,512
10280000000,r,512
10280000000,r,512
10280000000,r,512
10280000000,r,512
10280000000,r,512
10280000000,r,512
10280000000,r,512
10280000000,r,512
10280000000,r,512
10280000000,r,512
10280000000,r,512
10280000000,r,512
10280000000,r,512
10280000000,r,512
10280000000,r,512
10280000000,r,512
10280000000,r,512
10280000000,r,512
10280000000,r,512
10280000000,r,512
10280000000,r,512
10280000000,r,512
10280000000,r,512
10300000000,r,512
10340000000,r,512
10340000000,r,512
10340000000,r,512
10340000000,r,512
10340000000,r,512
10340000000,r,512
10590000000,s,512
21390000000,r,512
34430000000,s,512
34700000000,r,512
