0,r,512
90000000,r,512
90000000,s,512
200000000,r,512
1390000000,s,512
1510000000,r,512
1510000000,s,512
1510000000,s,512
1640000000,r,512
1640000000,r,512
1640000000,r,512
1640000000,r,512
1640000000,r,512
1640000000,r,512
1640000000,r,512
1740000000,r,512
1740000000,r,512
1740000000,r,512
1740000000,r,512
1740000000,s,512
1740000000,s,512
1850000000,r,512
2170000000,r,512
2170000000,r,512
2170000000,r,512
2170000000,r,512
2170000000,r,512
2170000000,r,512
2170000000,r,512
2180000000,r,512
2180000000,r,512
2180000000,r,512
2180000000,r,512
2180000000,r,512
2180000000,r,512
2180000000,r,512
2180000000,r,512
2180000000,r,512
2180000000,r,512
2180000000,r,512
2250000000,r,512
2250000000,r,512
2250000000,r,512
2250000000,r,512
2250000000,r,512
2250000000,r,512
2250000000,r,512
2250000000,r,512
2250000000,r,512
2250000000,r,512
2250000000,r,512
2250000000,r,512
2250000000,r,512
2260000000,r,512
2260000000,r,512
2260000000,r,512
2260000000,r,512
2260000000,r,512
2260000000,r,512
2260000000,r,512
2260000000,s,512
2260000000,r,512
2260000000,r,512
2260000000,r,512
2260000000,r,512
2260000000,r,512
2270000000,s,512
2270000000,s,512
2330000000,r,512
2330000000,r,512
2330000000,r,512
2330000000,r,512
2330000000,r,512
2330000000,r,512
2330000000,r,512
2330000000,r,512
2330000000,r,512
2330000000,r,512
2330000000,r,512
2330000000,r,512
2330000000,r,512
2330000000,r,512
2330000000,r,512
2330000000,r,512
2330000000,r,512
2330000000,r,512
2330000000,r,512
2330000000,r,512
2330000000,r,512
2330000000,r,512
2400000000,r,512
2400000000,r,512
2400000000,r,512
2400000000,r,512
2400000000,r,512
2400000000,r,512
2400000000,r,512
2400000000,r,512
2400000000,r,512
2400000000,r,512
2400000000,r,512
2410000000,r,512
2410000000,r,512
2410000000,r,512
2410000000,r,512
2410000000,r,512
2410000000,r,512
2410000000,r,512
2410000000,r,512
2410000000,r,512
2410000000,r,512
2410000000,r,512
2430000000,r,512
2430000000,s,512
2430000000,r,512
2430000000,r,512
2430000000,r,512
2430000000,r,512
2480000000,r,512
2480000000,r,512
2480000000,r,512
2480000000,r,512
2480000000,r,512
2480000000,r,512
2480000000,r,512
2480000000,r,512
2480000000,r,512
2480000000,r,512
2480000000,r,512
2480000000,r,512
2480000000,r,512
2480000000,r,512
2480000000,r,512
2480000000,r,512
2480000000,r,512
2480000000,r,512
2480000000,r,512
2480000000,r,512
2480000000,r,512
2480000000,r,512
2480000000,r,512
2480000000,r,512
2480000000,r,512
2550000000,r,512
2550000000,r,512
2550000000,r,512
2550000000,r,512
2550000000,r,512
2550000000,r,512
2550000000,r,512
2550000000,r,512
2550000000,r,512
2550000000,r,512
2550000000,r,512
2550000000,r,512
2550000000,r,512
2550000000,r,512
2550000000,r,512
2550000000,r,512
2550000000,r,512
2550000000,r,512
2560000000,r,512
2560000000,r,512
2560000000,r,512
2560000000,r,512
2560000000,r,512
2560000000,r,512
2560000000,r,512
2560000000,r,512
2560000000,r,512
2560000000,r,512
2630000000,r,512
2630000000,r,512
3590000000,s,512
3590000000,s,512
3710000000,r,512
3710000000,s,512
3710000000,s,512
3810000000,r,512
3810000000,s,512
3810000000,s,512
3920000000,r,512
3920000000,r,512
3920000000,r,512
3920000000,r,512
3920000000,r,512
3920000000,r,512
3920000000,r,512
3990000000,r,512
3990000000,r,512
3990000000,r,512
3990000000,r,512
3990000000,s,512
4000000000,s,512
4030000000,r,512
4030000000,r,512
4030000000,r,512
4030000000,r,512
4030000000,r,512
4030000000,r,512
4030000000,r,512
4070000000,r,512
4070000000,r,512
4070000000,r,512
4070000000,r,512
4070000000,s,512
4070000000,s,512
4139999999,r,512
4280000000,r,512
4400000000,r,512
4400000000,r,512
4400000000,r,512
4400000000,r,512
4400000000,r,512
4400000000,r,512
4400000000,r,512
4400000000,r,512
4400000000,r,512
4430000000,r,512
4430000000,r,512
4430000000,r,512
4430000000,r,512
4430000000,r,512
4430000000,r,512
4430000000,r,512
4430000000,r,512
4430000000,s,512
4430000000,r,512
4430000000,r,512
4430000000,r,512
4480000000,r,512
4480000000,r,512
4480000000,r,512
4480000000,r,512
4480000000,r,512
4480000000,r,512
4480000000,r,512
4480000000,r,512
4480000000,r,512
4480000000,r,512
4480000000,r,512
4480000000,r,512
4480000000,r,512
4480000000,r,512
4480000000,s,512
4510000000,r,512
4510000000,r,512
4510000000,r,512
4510000000,r,512
4510000000,r,512
4510000000,r,512
4510000000,r,512
4510000000,r,512
4510000000,r,512
4510000000,r,512
4510000000,r,512
4510000000,r,512
4510000000,r,512
4510000000,r,512
4510000000,r,512
4510000000,r,512
4510000000,r,512
4510000000,s,512
4510000000,r,512
4510000000,r,512
4520000000,s,512
4550000000,r,512
4550000000,r,512
4550000000,r,512
4550000000,r,512
4550000000,r,512
4550000000,r,512
4550000000,r,512
4580000000,r,512
4580000000,r,512
4580000000,r,512
4580000000,r,512
4580000000,r,512
4580000000,r,512
4580000000,r,512
4580000000,r,512
4580000000,r,512
4580000000,r,512
4580000000,r,512
4580000000,r,512
4580000000,r,512
4580000000,r,512
4580000000,r,512
4580000000,r,512
4580000000,r,512
4580000000,r,512
4580000000,r,512
4580000000,r,512
4580000000,r,512
4580000000,r,512
4580000000,r,512
4580000000,r,512
4580000000,r,512
4580000000,r,512
4630000000,r,512
4630000000,r,512
4630000000,r,512
4630000000,r,512
4630000000,r,512
4630000000,r,512
4630000000,r,512
4630000000,r,512
4630000000,r,512
4630000000,r,512
4630000000,r,512
4660000000,r,512
4660000000,r,512
4660000000,r,512
4660000000,r,512
4660000000,s,512
4660000000,r,512
4660000000,r,512
4660000000,r,512
4660000000,r,512
4660000000,r,512
4660000000,r,512
4660000000,r,512
4660000000,r,512
4660000000,r,512
4660000000,r,512
4660000000,r,512
4700000000,r,512
4700000000,r,512
4700000000,r,512
4700000000,r,512
4700000000,r,512
4700000000,s,512
4700000000,r,512
4700000000,r,512
4700000000,r,512
4700000000,r,512
4700000000,r,512
4710000000,r,512
4710000000,r,512
4710000000,r,512
4710000000,r,512
4710000000,r,512
4710000000,r,512
4710000000,r,512
4710000000,r,512
4750000000,r,512
4750000000,r,512
4750000000,r,512
4750000000,r,512
4750000000,r,512
4750000000,r,512
4750000000,r,512
4750000000,r,512
4750000000,r,512
4750000000,r,512
4750000000,r,512
4750000000,r,512
4750000000,r,512
4750000000,r,512
4750000000,r,512
4750000000,r,512
4750000000,r,512
4750000000,r,512
4750000000,r,512
4750000000,r,512
4750000000,r,512
4750000000,r,512
4750000000,r,512
4750000000,s,512
4750000000,r,512
4750000000,r,512
4780000000,r,512
4780000000,r,512
4780000000,r,512
4780000000,r,512
4780000000,r,512
4780000000,r,512
4780000000,r,512
4790000000,s,512
4790000000,s,512
4790000000,s,512
4790000000,s,512
4810000000,s,512
4810000000,s,512
4970000000,r,512
4970000000,r,512
4970000000,r,512
4970000000,r,512
4970000000,r,512
4970000000,r,512
4980000000,s,512
4980000000,s,512
4990000000,r,512
4990000000,s,512
4990000000,s,512
5000000000,r,512
5000000000,r,512
5000000000,r,512
5000000000,r,512
5000000000,r,512
5000000000,r,512
5000000000,r,512
5010000000,r,512
5010000000,r,512
5010000000,r,512
5010000000,s,512
5010000000,s,512
5010000000,s,512
5010000000,s,512
5040000000,r,512
5110000000,r,512
5110000000,r,512
5110000000,r,512
5110000000,r,512
5110000000,r,512
5110000000,r,512
5110000000,r,512
5110000000,s,512
5120000000,r,512
5120000000,r,512
5120000000,r,512
5120000000,r,512
5150000000,r,512
5150000000,r,512
5150000000,r,512
5150000000,r,512
5150000000,r,512
5150000000,r,512
5150000000,r,512
5160000000,r,512
5160000000,r,512
5160000000,r,512
5160000000,r,512
5160000000,r,512
5160000000,r,512
5160000000,r,512
5160000000,r,512
5160000000,r,512
5160000000,r,512
5170000000,s,512
5180000000,s,512
5190000000,r,512
5190000000,r,512
5190000000,r,512
5190000000,r,512
5190000000,r,512
5190000000,r,512
5190000000,r,512
5190000000,s,512
5200000000,r,512
5200000000,r,512
5200000000,r,512
5200000000,r,512
5200000000,r,512
5200000000,r,512
5200000000,s,512
5200000000,r,512
5200000000,r,512
5200000000,r,512
5200000000,r,512
5200000000,r,512
5200000000,r,512
5200000000,r,512
5210000000,s,512
5220000000,r,512
5220000000,r,512
5220000000,r,512
5220000000,r,512
5220000000,r,512
5220000000,r,512
5240000000,r,512
5240000000,r,512
5240000000,r,512
5240000000,r,512
5240000000,r,512
5240000000,r,512
5240000000,r,512
5270000000,r,512
5270000000,r,512
5270000000,r,512
5270000000,r,512
5270000000,r,512
5270000000,r,512
5270000000,s,512
5270000000,r,512
5270000000,r,512
5270000000,r,512
5270000000,r,512
5270000000,r,512
5280000000,r,512
5280000000,r,512
5280000000,r,512
5280000000,r,512
5280000000,r,512
5280000000,r,512
5280000000,r,512
5290000000,r,512
5290000000,r,512
5290000000,r,512
5290000000,r,512
5290000000,r,512
5290000000,r,512
5290000000,r,512
5310000000,r,512
5310000000,r,512
5310000000,r,512
5310000000,r,512
5310000000,r,512
5310000000,r,512
5310000000,r,512
5310000000,r,512
5350000000,r,512
5360000000,r,512
5360000000,r,512
5360000000,r,512
5360000000,r,512
5360000000,r,512
5360000000,r,512
5360000000,r,512
5360000000,s,512
5390000000,r,512
5390000000,r,512
5390000000,r,512
5390000000,r,512
5390000000,r,512
5390000000,r,512
5390000000,r,512
5390000000,s,512
5390000000,s,512
5390000000,s,512
5390000000,r,512
5390000000,s,512
5390000000,s,512
5440000000,s,512
5460000000,s,512
5500000000,s,512
5590000000,r,512
5590000000,r,512
5590000000,r,512
5590000000,r,512
5590000000,r,512
5590000000,r,512
5600000000,s,512
5600000000,s,512
5680000000,r,512
5680000000,r,512
5690000000,s,512
5690000000,s,512
5690000000,s,512
5690000000,s,512
5710000000,r,512
5710000000,s,512
5710000000,s,512
5780000000,r,512
5780000000,s,512
5840000000,r,512
5840000000,r,512
5840000000,r,512
5840000000,r,512
5860000000,r,512
5860000000,r,512
5860000000,r,512
5860000000,r,512
5860000000,r,512
5860000000,r,512
5860000000,r,512
5870000000,s,512
5880000000,r,512
5880000000,r,512
5880000000,r,512
5880000000,s,512
6200000000,s,512
6200000000,r,512
6200000000,r,512
6200000000,r,512
6200000000,r,512
6200000000,r,512
6200000000,r,512
6200000000,r,512
6200000000,r,512
6200000000,r,512
6200000000,r,512
6200000000,r,512
6200000000,s,512
6200000000,r,512
6200000000,r,512
6200000000,r,512
6200000000,r,512
6200000000,r,512
6200000000,r,512
6200000000,r,512
6200000000,r,512
6200000000,r,512
6200000000,r,512
6200000000,r,512
6210000000,s,512
6210000000,s,512
6210000000,s,512
6210000000,s,512
6210000000,s,512
6210000000,s,512
6260000000,s,512
6260000000,s,512
6330000000,r,512
6350000000,r,512
6350000000,r,512
6350000000,r,512
6350000000,r,512
6350000000,r,512
6350000000,r,512
6350000000,r,512
6350000000,r,512
6350000000,r,512
6350000000,r,512
6350000000,r,512
6350000000,r,512
6350000000,r,512
6350000000,r,512
6350000000,r,512
6350000000,s,512
6350000000,s,512
6350000000,s,512
6350000000,r,512
6350000000,r,512
6350000000,r,512
6350000000,r,512
6350000000,r,512
6350000000,r,512
6350000000,r,512
6350000000,r,512
6360000000,r,512
6360000000,r,512
6360000000,r,512
6360000000,r,512
6360000000,r,512
6360000000,r,512
6360000000,r,512
6360000000,r,512
6360000000,r,512
6420000000,r,512
6420000000,r,512
6420000000,r,512
6420000000,r,512
6420000000,r,512
6420000000,r,512
6430000000,r,512
6430000000,r,512
6430000000,r,512
6430000000,r,512
6430000000,r,512
6430000000,r,512
6430000000,r,512
6430000000,r,512
6430000000,r,512
6430000000,r,512
6430000000,r,512
6430000000,r,512
6430000000,r,512
6430000000,r,512
6430000000,r,512
6440000000,r,512
6440000000,r,512
6440000000,r,512
6440000000,r,512
6440000000,r,512
6440000000,r,512
6440000000,r,512
6440000000,r,512
6440000000,r,512
6440000000,r,512
6440000000,r,512
6440000000,r,512
6440000000,r,512
6440000000,r,512
6440000000,r,512
6440000000,r,512
6460000000,s,512
6470000000,s,512
6470000000,s,512
6500000000,r,512
6500000000,r,512
6500000000,r,512
6500000000,r,512
6500000000,r,512
6500000000,r,512
6500000000,r,512
6500000000,r,512
6500000000,r,512
6500000000,r,512
6500000000,r,512
6500000000,r,512
6500000000,r,512
6500000000,r,512
6500000000,r,512
6500000000,r,512
6500000000,r,512
6500000000,r,512
6500000000,r,512
6500000000,r,512
6500000000,s,512
6500000000,r,512
6500000000,r,512
6500000000,r,512
6500000000,r,512
6500000000,r,512
6500000000,r,512
6500000000,r,512
6500000000,r,512
6510000000,r,512
6510000000,r,512
6510000000,r,512
6510000000,r,512
6510000000,r,512
6510000000,r,512
6510000000,r,512
6510000000,r,512
6580000000,r,512
6580000000,r,512
6580000000,s,512
6580000000,r,512
6580000000,r,512
6580000000,r,512
6580000000,r,512
6580000000,r,512
6580000000,r,512
6580000000,r,512
6580000000,r,512
6580000000,r,512
6580000000,r,512
6580000000,r,512
6580000000,r,512
6580000000,r,512
6580000000,r,512
6580000000,r,512
6580000000,r,512
6580000000,r,512
6580000000,r,512
6580000000,r,512
6580000000,r,512
6580000000,r,512
6580000000,r,512
6590000000,r,512
6590000000,r,512
6590000000,r,512
6590000000,r,512
6590000000,r,512
6590000000,r,512
6590000000,r,512
6590000000,r,512
6590000000,r,512
6600000000,s,512
6600000000,s,512
6690000000,r,512
6690000000,s,512
6690000000,s,512
6760000000,r,512
6770000000,s,512
6880000000,r,512
6880000000,r,512
6900000000,s,512
7030000000,r,512
7030000000,r,512
7030000000,r,512
7030000000,r,512
7030000000,r,512
7030000000,r,512
7030000000,r,512
7030000000,s,512
7030000000,s,512
7050000000,r,512
7050000000,r,512
7050000000,r,512
7050000000,r,512
7050000000,r,512
7050000000,r,512
7050000000,r,512
7050000000,r,512
7050000000,r,512
7050000000,r,512
7050000000,r,512
7050000000,r,512
7050000000,r,512
7050000000,r,512
7050000000,r,512
7060000000,r,512
7060000000,r,512
7060000000,r,512
7060000000,r,512
7060000000,r,512
7060000000,r,512
7060000000,r,512
7060000000,r,512
7060000000,r,512
7060000000,r,512
7060000000,r,512
7060000000,r,512
7060000000,r,512
7060000000,r,512
7060000000,r,512
7060000000,s,512
7070000000,r,512
7070000000,r,512
7070000000,r,512
7070000000,r,512
7070000000,r,512
7070000000,r,512
7070000000,r,512
7070000000,r,512
7120000000,r,512
7120000000,r,512
7120000000,r,512
7120000000,s,512
7120000000,r,512
7120000000,r,512
7120000000,r,512
7120000000,r,512
7130000000,r,512
7130000000,r,512
7130000000,r,512
7130000000,r,512
7130000000,r,512
7130000000,r,512
7130000000,r,512
7130000000,r,512
7130000000,r,512
7130000000,r,512
7130000000,r,512
7130000000,r,512
7130000000,r,512
7130000000,r,512
7130000000,r,512
7130000000,r,512
7130000000,r,512
7140000000,r,512
7140000000,r,512
7140000000,r,512
7140000000,r,512
7140000000,r,512
7140000000,r,512
7140000000,r,512
7140000000,r,512
7140000000,r,512
7140000000,r,512
7140000000,r,512
7140000000,r,512
7140000000,r,512
7140000000,r,512
7140000000,r,512
7140000000,s,512
7140000000,r,512
7140000000,r,512
7140000000,r,512
7140000000,r,512
7140000000,r,512
7140000000,r,512
7200000000,r,512
7200000000,r,512
7200000000,r,512
7200000000,r,512
7200000000,r,512
7200000000,r,512
7200000000,r,512
7200000000,r,512
7200000000,r,512
7200000000,r,512
7200000000,r,512
7200000000,r,512
7200000000,r,512
7200000000,r,512
7200000000,r,512
7210000000,r,512
7210000000,r,512
7210000000,r,512
7210000000,r,512
7210000000,r,512
7210000000,r,512
7210000000,r,512
7220000000,r,512
7220000000,r,512
7220000000,r,512
7220000000,r,512
7220000000,r,512
7220000000,r,512
7220000000,r,512
7220000000,r,512
7220000000,r,512
7220000000,r,512
7220000000,r,512
7220000000,r,512
7220000000,r,512
7220000000,r,512
7220000000,r,512
7220000000,r,512
7220000000,r,512
7220000000,r,512
7220000000,r,512
7220000000,r,512
7220000000,r,512
7220000000,r,512
7220000000,s,512
7280000000,r,512
7280000000,r,512
7280000000,r,512
7280000000,r,512
7280000000,r,512
7280000000,r,512
7280000000,r,512
7280000000,r,512
7280000000,r,512
7280000000,r,512
7280000000,r,512
7280000000,r,512
7290000000,r,512
7290000000,r,512
7290000000,s,512
7290000000,r,512
7290000000,r,512
7290000000,r,512
7290000000,r,512
7290000000,r,512
7290000000,r,512
7290000000,r,512
7290000000,r,512
7290000000,r,512
7290000000,r,512
7290000000,r,512
7290000000,r,512
7290000000,r,512
7290000000,r,512
7290000000,r,512
7290000000,r,512
7290000000,r,512
7290000000,r,512
7290000000,r,512
7290000000,r,512
7290000000,r,512
7290000000,r,512
7290000000,r,512
7290000000,r,512
7290000000,r,512
7330000000,r,512
7330000000,r,512
7330000000,r,512
7330000000,r,512
7330000000,r,512
7330000000,r,512
7330000000,r,512
7330000000,r,512
7340000000,s,512
7350000000,r,512
7390000000,s,512
7560000000,r,512
7560000000,r,512
7570000000,s,512
7570000000,s,512
7590000000,r,512
7590000000,r,512
7590000000,r,512
7590000000,r,512
7590000000,r,512
7590000000,r,512
7590000000,r,512
7600000000,r,512
7600000000,r,512
7600000000,r,512
7600000000,r,512
7600000000,r,512
7600000000,r,512
7600000000,r,512
7600000000,r,512
7600000000,r,512
7600000000,r,512
7600000000,r,512
7600000000,r,512
7600000000,r,512
7600000000,r,512
7600000000,r,512
7600000000,r,512
7640000000,r,512
7640000000,r,512
7640000000,r,512
7670000000,s,512
7670000000,s,512
7780000000,r,512
7790000000,r,512
7790000000,r,512
7790000000,r,512
7790000000,r,512
7790000000,r,512
7790000000,r,512
7790000000,r,512
7800000000,r,512
7800000000,r,512
7800000000,r,512
7800000000,r,512
7800000000,r,512
7800000000,r,512
7800000000,s,512
7800000000,r,512
7800000000,r,512
7810000000,r,512
7810000000,r,512
7810000000,r,512
7810000000,r,512
7810000000,r,512
7810000000,r,512
7810000000,r,512
7810000000,r,512
7810000000,s,512
7810000000,s,512
7870000000,r,512
7870000000,r,512
7870000000,r,512
7870000000,r,512
7870000000,r,512
7870000000,r,512
7870000000,r,512
7870000000,r,512
7870000000,r,512
7900000000,s,512
7900000000,s,512
7910000000,s,512
8050000000,r,512
8050000000,r,512
8050000000,r,512
8050000000,r,512
8050000000,r,512
8050000000,r,512
8050000000,s,512
8050000000,r,512
8050000000,r,512
8050000000,r,512
8050000000,r,512
8050000000,r,512
8050000000,r,512
8050000000,r,512
8050000000,r,512
8050000000,r,512
8050000000,r,512
8050000000,r,512
8050000000,r,512
8050000000,r,512
8050000000,r,512
8050000000,s,512
8050000000,r,512
8050000000,r,512
8050000000,r,512
8060000000,r,512
8060000000,r,512
8060000000,r,512
8060000000,r,512
8060000000,r,512
8060000000,r,512
8060000000,r,512
8060000000,r,512
8060000000,r,512
8060000000,r,512
8060000000,r,512
8119999999,r,512
8119999999,r,512
8119999999,r,512
8119999999,r,512
8119999999,r,512
8119999999,r,512
8119999999,r,512
8130000000,s,512
8130000000,s,512
8130000000,s,512
8130000000,s,512
8180000000,s,512
8189999999,r,512
8350000000,r,512
8350000000,r,512
8350000000,r,512
8350000000,r,512
8350000000,r,512
8350000000,r,512
8350000000,r,512
8350000000,s,512
8350000000,s,512
8359999999,r,512
8359999999,r,512
8359999999,r,512
8359999999,r,512
8359999999,r,512
8359999999,r,512
8359999999,r,512
8359999999,r,512
8359999999,s,512
8420000000,r,512
8420000000,r,512
8420000000,r,512
8420000000,r,512
8420000000,r,512
8420000000,r,512
8430000000,s,512
8539999999,r,512
8539999999,r,512
8539999999,r,512
8539999999,r,512
8539999999,r,512
8539999999,r,512
8539999999,r,512
8580000000,r,512
8580000000,s,512
8610000000,r,512
8610000000,r,512
8610000000,s,512
8610000000,s,512
8700000000,r,512
8700000000,r,512
8700000000,s,512
8860000000,r,512
8860000000,r,512
8860000000,r,512
8860000000,r,512
8860000000,s,512
8860000000,s,512
8860000000,s,512
8860000000,s,512
8950000000,r,512
8950000000,r,512
8960000000,s,512
8960000000,s,512
8960000000,s,512
8960000000,s,512
9020000000,r,512
9020000000,r,512
9020000000,r,512
9020000000,r,512
9020000000,r,512
9020000000,r,512
9020000000,r,512
9020000000,s,512
9020000000,r,512
9020000000,r,512
9020000000,r,512
9020000000,r,512
9020000000,r,512
9020000000,r,512
9020000000,r,512
9020000000,r,512
9020000000,r,512
9020000000,r,512
9020000000,r,512
9020000000,r,512
9020000000,r,512
9020000000,r,512
9020000000,r,512
9020000000,r,512
9020000000,r,512
9020000000,r,512
9020000000,r,512
9020000000,r,512
9020000000,r,512
9030000000,r,512
9030000000,r,512
9030000000,s,512
9030000000,r,512
9030000000,r,512
9030000000,r,512
9030000000,r,512
9030000000,r,512
9030000000,r,512
9030000000,r,512
9030000000,r,512
9030000000,r,512
9040000000,r,512
9040000000,s,512
9040000000,r,512
9040000000,r,512
9040000000,r,512
9040000000,r,512
9040000000,r,512
9040000000,r,512
9100000000,r,512
9100000000,r,512
9100000000,r,512
9100000000,r,512
9100000000,r,512
9100000000,r,512
9100000000,r,512
9100000000,r,512
9100000000,r,512
9100000000,r,512
9100000000,r,512
9100000000,r,512
9100000000,r,512
9100000000,r,512
9100000000,r,512
9100000000,r,512
9100000000,r,512
9100000000,r,512
9100000000,r,512
9100000000,r,512
9100000000,r,512
9100000000,r,512
9110000000,r,512
9110000000,r,512
9110000000,r,512
9110000000,r,512
9110000000,r,512
9110000000,r,512
9110000000,r,512
9110000000,r,512
9110000000,r,512
9110000000,r,512
9110000000,r,512
9110000000,r,512
9110000000,r,512
9110000000,r,512
9110000000,r,512
9110000000,r,512
9110000000,r,512
9110000000,r,512
9110000000,r,512
9110000000,r,512
9110000000,r,512
9110000000,r,512
9110000000,s,512
9110000000,r,512
9110000000,r,512
9110000000,r,512
9170000000,r,512
9170000000,r,512
9170000000,r,512
9170000000,r,512
9170000000,r,512
9180000000,r,512
9180000000,r,512
9180000000,r,512
9180000000,r,512
9180000000,r,512
9180000000,r,512
9180000000,r,512
9180000000,r,512
9180000000,r,512
9180000000,r,512
9180000000,r,512
9180000000,r,512
9180000000,r,512
9180000000,r,512
9180000000,r,512
9180000000,r,512
9180000000,r,512
9180000000,r,512
9180000000,r,512
9180000000,r,512
9180000000,r,512
9180000000,r,512
9180000000,r,512
9180000000,r,512
9180000000,r,512
9180000000,r,512
9180000000,r,512
9180000000,r,512
9180000000,r,512
9180000000,r,512
9180000000,r,512
9190000000,r,512
9190000000,s,512
9190000000,r,512
9190000000,r,512
9190000000,r,512
9190000000,r,512
9190000000,r,512
9190000000,r,512
9190000000,r,512
9190000000,r,512
9190000000,r,512
9190000000,r,512
9190000000,s,512
9250000000,r,512
9250000000,r,512
9250000000,r,512
9250000000,r,512
9250000000,r,512
9250000000,r,512
9250000000,r,512
9250000000,r,512
9250000000,r,512
9250000000,r,512
9250000000,r,512
9260000000,r,512
9260000000,r,512
9260000000,r,512
9260000000,r,512
9260000000,r,512
9260000000,r,512
9260000000,r,512
9260000000,r,512
9260000000,r,512
9260000000,r,512
9260000000,r,512
9260000000,r,512
9260000000,r,512
9270000000,r,512
9270000000,r,512
9270000000,r,512
9270000000,r,512
9270000000,r,512
9270000000,r,512
9270000000,r,512
9270000000,r,512
9270000000,r,512
9270000000,r,512
9270000000,r,512
9270000000,r,512
9270000000,r,512
9270000000,r,512
9270000000,r,512
9270000000,r,512
9270000000,r,512
9270000000,r,512
9270000000,r,512
9270000000,r,512
9270000000,r,512
9270000000,r,512
9270000000,r,512
9330000000,r,512
9330000000,r,512
9330000000,r,512
9330000000,s,512
9330000000,r,512
9330000000,r,512
9330000000,r,512
9330000000,r,512
9330000000,r,512
9330000000,r,512
9330000000,r,512
9330000000,r,512
9340000000,r,512
9340000000,r,512
9340000000,r,512
9340000000,r,512
9340000000,r,512
9340000000,r,512
9340000000,r,512
9340000000,r,512
9340000000,r,512
9340000000,r,512
9340000000,r,512
9340000000,r,512
9340000000,r,512
9340000000,r,512
9340000000,r,512
9340000000,r,512
9340000000,r,512
9340000000,r,512
9340000000,r,512
9350000000,r,512
9360000000,r,512
9360000000,r,512
9360000000,r,512
9360000000,r,512
9360000000,r,512
9360000000,r,512
9360000000,r,512
9360000000,r,512
9360000000,r,512
9360000000,r,512
9360000000,r,512
9360000000,r,512
9360000000,s,512
9360000000,r,512
9360000000,r,512
9360000000,r,512
9360000000,r,512
9360000000,r,512
9360000000,r,512
9360000000,r,512
9360000000,r,512
9360000000,r,512
9360000000,r,512
9360000000,s,512
9400000000,r,512
9400000000,r,512
9400000000,r,512
9400000000,r,512
9400000000,r,512
9410000000,r,512
9410000000,r,512
9410000000,r,512
9410000000,r,512
9410000000,r,512
9410000000,r,512
9410000000,r,512
9410000000,r,512
9410000000,r,512
9410000000,r,512
9410000000,r,512
9410000000,r,512
9410000000,r,512
9420000000,r,512
9420000000,r,512
9420000000,r,512
9420000000,s,512
9420000000,s,512
9420000000,r,512
9420000000,r,512
9420000000,r,512
9420000000,r,512
9420000000,r,512
9420000000,r,512
9420000000,r,512
9420000000,r,512
9420000000,r,512
9420000000,r,512
9420000000,r,512
9420000000,r,512
9420000000,r,512
9420000000,r,512
9420000000,r,512
9420000000,r,512
9420000000,r,512
9420000000,r,512
9420000000,r,512
9420000000,r,512
9420000000,r,512
9420000000,r,512
9430000000,r,512
9430000000,r,512
9430000000,r,512
9430000000,r,512
9430000000,r,512
9430000000,r,512
9480000000,r,512
9480000000,r,512
9480000000,r,512
9480000000,r,512
9480000000,r,512
9480000000,r,512
9480000000,r,512
9480000000,r,512
9480000000,r,512
9480000000,r,512
9480000000,s,512
9480000000,r,512
9480000000,r,512
9490000000,r,512
9490000000,r,512
9490000000,r,512
9490000000,r,512
9490000000,r,512
9490000000,r,512
9490000000,r,512
9490000000,r,512
9490000000,r,512
9490000000,r,512
9490000000,r,512
9490000000,r,512
9490000000,r,512
9490000000,r,512
9490000000,r,512
9490000000,r,512
9490000000,r,512
9490000000,r,512
9490000000,r,512
9490000000,r,512
9490000000,r,512
9490000000,r,512
9490000000,s,512
9490000000,s,512
9500000000,s,512
9620000000,s,512
9620000000,s,512
9620000000,s,512
9700000000,s,512
9700000000,s,512
9730000000,s,512
9730000000,s,512
9730000000,s,512
9730000000,s,512
9730000000,s,512
9730000000,s,512
9730000000,s,512
9730000000,s,512
9730000000,s,512
9740000000,r,512
9740000000,s,512
9740000000,s,512
9740000000,s,512
9740000000,s,512
9810000000,r,512
9820000000,s,512
9820000000,s,512
9860000000,r,512
9860000000,r,512
9870000000,s,512
9870000000,s,512
9870000000,s,512
9870000000,s,512
9880000000,r,512
9880000000,r,512
9880000000,r,512
9880000000,s,512
9880000000,s,512
9880000000,s,512
9880000000,s,512
9880000000,s,512
9880000000,s,512
9890000000,r,512
9890000000,r,512
9890000000,r,512
9890000000,s,512
9890000000,s,512
9890000000,s,512
9890000000,s,512
9890000000,s,512
9890000000,s,512
9920000000,r,512
9920000000,r,512
9920000000,s,512
9920000000,s,512
9920000000,s,512
9920000000,s,512
9930000000,r,512
9930000000,r,512
9930000000,s,512
9930000000,s,512
9940000000,s,512
9940000000,s,512
9960000000,r,512
9960000000,r,512
9960000000,r,512
9960000000,r,512
9960000000,r,512
9960000000,r,512
9960000000,r,512
9960000000,r,512
9960000000,r,512
9960000000,s,512
9960000000,s,512
9960000000,s,512
9960000000,s,512
9960000000,s,512
9970000000,r,512
9970000000,r,512
9970000000,r,512
9970000000,s,512
9970000000,s,512
9970000000,s,512
9980000000,r,512
9990000000,r,512
9990000000,r,512
9990000000,r,512
9990000000,r,512
9990000000,r,512
9990000000,r,512
9990000000,r,512
9990000000,s,512
10000000000,s,512
10000000000,s,512
10000000000,s,512
10000000000,r,512
10000000000,r,512
10000000000,r,512
10000000000,r,512
10000000000,r,512
10000000000,r,512
10000000000,r,512
10000000000,r,512
10000000000,r,512
10000000000,r,512
10000000000,r,512
10000000000,r,512
10000000000,r,512
10000000000,r,512
10010000000,r,512
10010000000,r,512
10010000000,r,512
10010000000,r,512
10010000000,r,512
10010000000,r,512
10010000000,r,512
10010000000,r,512
10010000000,r,512
10010000000,r,512
10020000000,r,512
10020000000,r,512
10020000000,r,512
10020000000,r,512
10020000000,r,512
10020000000,r,512
10020000000,r,512
10020000000,r,512
10020000000,r,512
10020000000,r,512
10020000000,r,512
10020000000,r,512
10020000000,r,512
10020000000,r,512
10020000000,r,512
10020000000,r,512
10020000000,r,512
10020000000,s,512
10020000000,s,512
10020000000,s,512
10030000000,s,512
10030000000,s,512
10030000000,s,512
10030000000,s,512
10030000000,s,512
10030000000,s,512
10030000000,r,512
10030000000,r,512
10040000000,s,512
10040000000,s,512
10060000000,r,512
10060000000,r,512
10060000000,r,512
10060000000,r,512
10060000000,r,512
10060000000,r,512
10060000000,r,512
10060000000,r,512
10060000000,r,512
10070000000,r,512
10070000000,r,512
10070000000,r,512
10070000000,r,512
10070000000,r,512
10070000000,r,512
10070000000,r,512
10070000000,r,512
10080000000,s,512
10080000000,s,512
10090000000,r,512
10090000000,r,512
10090000000,r,512
10090000000,r,512
10090000000,r,512
10090000000,r,512
10090000000,r,512
10090000000,r,512
10090000000,r,512
10090000000,r,512
10090000000,r,512
10090000000,r,512
10090000000,r,512
10090000000,r,512
10090000000,r,512
10090000000,r,512
10090000000,r,512
10090000000,r,512
10090000000,r,512
10090000000,r,512
10090000000,r,512
10090000000,r,512
10090000000,r,512
10100000000,r,512
10100000000,r,512
10100000000,r,512
10100000000,r,512
10100000000,r,512
10100000000,r,512
10100000000,r,512
10100000000,s,512
10100000000,s,512
10100000000,s,512
10100000000,s,512
10100000000,s,512
10100000000,s,512
10100000000,s,512
10100000000,s,512
10120000000,r,512
10120000000,r,512
10120000000,r,512
10120000000,r,512
10120000000,r,512
10120000000,r,512
10120000000,r,512
10120000000,r,512
10120000000,r,512
10120000000,r,512
10120000000,r,512
10130000000,s,512
10130000000,s,512
10140000000,r,512
10140000000,r,512
10140000000,r,512
10140000000,r,512
10140000000,r,512
10140000000,r,512
10140000000,r,512
10140000000,r,512
10140000000,r,512
10140000000,s,512
10140000000,s,512
10150000000,r,512
10150000000,r,512
10150000000,r,512
10150000000,r,512
10150000000,r,512
10150000000,r,512
10150000000,r,512
10150000000,r,512
10150000000,s,512
10150000000,s,512
10160000000,r,512
10160000000,r,512
10160000000,r,512
10160000000,s,512
10170000000,r,512
10170000000,r,512
10170000000,r,512
10170000000,r,512
10170000000,r,512
10170000000,r,512
10170000000,r,512
10170000000,s,512
10170000000,r,512
10170000000,r,512
10170000000,r,512
10170000000,r,512
10170000000,r,512
10170000000,r,512
10170000000,r,512
10170000000,r,512
10170000000,r,512
10170000000,s,512
10170000000,s,512
10170000000,r,512
10170000000,r,512
10170000000,r,512
10170000000,s,512
10170000000,s,512
10170000000,s,512
10170000000,s,512
10170000000,r,512
10170000000,r,512
10170000000,r,512
10170000000,r,512
10170000000,r,512
10170000000,r,512
10170000000,r,512
10180000000,s,512
10180000000,s,512
10200000000,r,512
10200000000,r,512
10200000000,r,512
10200000000,r,512
10200000000,r,512
10200000000,r,512
10200000000,r,512
10210000000,r,512
10210000000,r,512
10210000000,r,512
10210000000,r,512
10210000000,r,512
10210000000,r,512
10210000000,r,512
10210000000,r,512
10210000000,r,512
10210000000,r,512
10210000000,r,512
10210000000,r,512
10230000000,r,512
10230000000,r,512
10230000000,r,512
10230000000,r,512
10230000000,r,512
10230000000,r,512
10230000000,r,512
10230000000,r,512
10230000000,r,512
10230000000,r,512
10230000000,r,512
10250000000,r,512
10250000000,r,512
10250000000,r,512
10250000000,r,512
10250000000,r,512
10250000000,r,512
10250000000,r,512
10250000000,s,512
10250000000,r,512
10250000000,r,512
10250000000,s,512
10250000000,r,512
10250000000,r,512
10250000000,r,512
10250000000,r,512
10250000000,r,512
10250000000,s,512
10250000000,s,512
10250000000,s,512
10250000000,r,512
10250000000,r,512
10250000000,r,512
10250000000,s,512
10250000000,r,512
10250000000,r,512
10250000000,r,512
10250000000,r,512
10250000000,s,512
10260000000,s,512
10260000000,s,512
10260000000,r,512
10260000000,r,512
10260000000,r,512
10260000000,r,512
10260000000,r,512
10260000000,r,512
10280000000,r,512
10280000000,r,512
10280000000,r,512
10280000000,r,512
10280000000,r,512
10280000000,r,512
10280000000,r,512
10280000000,r,512
10280000000,r,512
10280000000,r,512
10280000000,r,512
10280000000,r,512
10280000000,s,512
10280000000,s,512
10280000000,r,512
10280000000,r,512
10290000000,s,512
10290000000,s,512
10290000000,r,512
10290000000,r,512
10290000000,r,512
10290000000,r,512
10290000000,r,512
10290000000,r,512
10290000000,r,512
10300000000,r,512
10300000000,r,512
10300000000,r,512
10300000000,r,512
10300000000,r,512
10300000000,r,512
10300000000,r,512
10300000000,r,512
10320000000,s,512
10320000000,r,512
10320000000,r,512
10320000000,r,512
10320000000,r,512
10320000000,r,512
10320000000,r,512
10320000000,r,512
10320000000,s,512
10320000000,r,512
10320000000,r,512
10320000000,r,512
10320000000,r,512
10320000000,r,512
10330000000,r,512
10330000000,r,512
10330000000,r,512
10330000000,r,512
10330000000,r,512
10330000000,r,512
10330000000,r,512
10330000000,r,512
10330000000,r,512
10330000000,r,512
10330000000,r,512
10330000000,r,512
10330000000,r,512
10330000000,r,512
10330000000,r,512
10330000000,r,512
10330000000,r,512
10330000000,r,512
10330000000,r,512
10330000000,r,512
10330000000,r,512
10330000000,r,512
10330000000,r,512
10330000000,s,512
10330000000,s,512
10350000000,r,512
10350000000,r,512
10350000000,r,512
10350000000,r,512
10350000000,r,512
10350000000,r,512
10350000000,r,512
10360000000,r,512
10360000000,r,512
10360000000,r,512
10360000000,r,512
10360000000,r,512
10360000000,r,512
10360000000,r,512
10360000000,s,512
10360000000,s,512
10370000000,r,512
10370000000,r,512
10370000000,r,512
10370000000,r,512
10370000000,r,512
10370000000,r,512
10370000000,s,512
10380000000,r,512
10380000000,r,512
10380000000,r,512
10380000000,r,512
10380000000,r,512
10390000000,r,512
10390000000,s,512
10390000000,r,512
10390000000,r,512
10390000000,r,512
10390000000,r,512
10390000000,r,512
10390000000,r,512
10400000000,r,512
10400000000,r,512
10400000000,r,512
10400000000,r,512
10400000000,r,512
10400000000,r,512
10400000000,r,512
10400000000,r,512
10400000000,r,512
10400000000,r,512
10400000000,r,512
10400000000,r,512
10400000000,r,512
10400000000,r,512
10400000000,s,512
10400000000,r,512
10400000000,r,512
10400000000,r,512
10400000000,r,512
10400000000,r,512
10400000000,r,512
10400000000,r,512
10400000000,r,512
10400000000,r,512
10410000000,r,512
10410000000,r,512
10410000000,r,512
10410000000,r,512
10410000000,r,512
10410000000,r,512
10420000000,s,512
10430000000,s,512
10440000000,r,512
10440000000,r,512
10440000000,r,512
10440000000,r,512
10440000000,r,512
10440000000,r,512
10440000000,s,512
10440000000,r,512
10440000000,r,512
10440000000,r,512
10440000000,r,512
10440000000,r,512
10440000000,s,512
10440000000,r,512
10440000000,r,512
10440000000,r,512
10440000000,r,512
10440000000,r,512
10450000000,r,512
10450000000,r,512
10450000000,r,512
10450000000,r,512
10450000000,r,512
10450000000,r,512
10460000000,r,512
10460000000,r,512
10460000000,r,512
10460000000,r,512
10460000000,r,512
10460000000,r,512
10460000000,s,512
10470000000,r,512
10470000000,r,512
10470000000,r,512
10470000000,r,512
10470000000,r,512
10470000000,r,512
10470000000,r,512
10470000000,s,512
10470000000,s,512
10470000000,r,512
10470000000,r,512
10470000000,r,512
10470000000,r,512
10470000000,r,512
10470000000,r,512
10470000000,r,512
10470000000,r,512
10470000000,r,512
10480000000,r,512
10480000000,r,512
10480000000,r,512
10480000000,r,512
10480000000,r,512
10480000000,r,512
10480000000,r,512
10480000000,r,512
10480000000,r,512
10480000000,r,512
10480000000,r,512
10480000000,s,512
10480000000,s,512
10480000000,s,512
10480000000,s,512
10490000000,r,512
10490000000,r,512
10490000000,r,512
10490000000,r,512
10490000000,r,512
10490000000,r,512
10490000000,s,512
10490000000,s,512
10490000000,s,512
10510000000,r,512
10510000000,r,512
10510000000,r,512
10510000000,r,512
10510000000,s,512
10510000000,r,512
10510000000,r,512
10510000000,r,512
10510000000,r,512
10510000000,r,512
10510000000,r,512
10510000000,r,512
10510000000,r,512
10510000000,r,512
10510000000,r,512
10510000000,r,512
10510000000,r,512
10510000000,r,512
10520000000,r,512
10520000000,r,512
10520000000,r,512
10520000000,r,512
10520000000,r,512
10530000000,s,512
10530000000,r,512
10530000000,r,512
10530000000,r,512
10530000000,r,512
10530000000,r,512
10530000000,r,512
10550000000,r,512
10550000000,r,512
10550000000,r,512
10550000000,r,512
10550000000,r,512
10550000000,r,512
10550000000,r,512
10550000000,s,512
10550000000,r,512
10550000000,r,512
10550000000,r,512
10550000000,r,512
10550000000,r,512
10550000000,r,512
10560000000,r,512
10560000000,r,512
10560000000,r,512
10560000000,r,512
10560000000,r,512
10560000000,r,512
10560000000,r,512
10560000000,r,512
10560000000,r,512
10560000000,r,512
10560000000,r,512
10560000000,r,512
10560000000,r,512
10560000000,r,512
10560000000,r,512
10560000000,r,512
10560000000,r,512
10560000000,r,512
10560000000,r,512
10560000000,r,512
10560000000,r,512
10560000000,r,512
10570000000,r,512
10570000000,r,512
10570000000,r,512
10590000000,r,512
10590000000,r,512
10590000000,r,512
10590000000,r,512
10590000000,r,512
10590000000,r,512
10590000000,r,512
10590000000,r,512
10590000000,r,512
10600000000,r,512
10600000000,r,512
10600000000,r,512
10600000000,r,512
10600000000,r,512
10600000000,r,512
10600000000,r,512
10600000000,r,512
10610000000,r,512
10610000000,r,512
10610000000,r,512
10610000000,r,512
10610000000,r,512
10630000000,r,512
10630000000,r,512
10630000000,r,512
10630000000,r,512
10630000000,r,512
10630000000,r,512
10630000000,r,512
10630000000,r,512
10630000000,r,512
10630000000,r,512
10630000000,r,512
10630000000,r,512
10630000000,r,512
10630000000,r,512
10630000000,r,512
10630000000,r,512
10630000000,s,512
10630000000,r,512
10630000000,r,512
10630000000,r,512
10630000000,r,512
10630000000,r,512
10630000000,r,512
10630000000,r,512
10630000000,r,512
10630000000,r,512
10630000000,r,512
10630000000,r,512
10630000000,s,512
10630000000,r,512
10630000000,r,512
10630000000,r,512
10630000000,r,512
10630000000,r,512
10630000000,r,512
10630000000,r,512
10630000000,r,512
10630000000,r,512
10640000000,r,512
10640000000,r,512
10640000000,r,512
10640000000,r,512
10640000000,r,512
10640000000,r,512
10650000000,s,512
10660000000,r,512
10660000000,r,512
10660000000,r,512
10660000000,r,512
10660000000,r,512
10660000000,r,512
10660000000,r,512
10660000000,r,512
10670000000,r,512
10670000000,r,512
10670000000,r,512
10670000000,r,512
10670000000,r,512
10670000000,r,512
10680000000,r,512
10680000000,r,512
10680000000,r,512
10680000000,r,512
10680000000,r,512
10680000000,r,512
10680000000,r,512
10690000000,r,512
10690000000,r,512
10690000000,r,512
10690000000,r,512
10700000000,r,512
10700000000,r,512
10700000000,r,512
10700000000,r,512
10700000000,r,512
10700000000,r,512
10700000000,r,512
10710000000,r,512
10710000000,r,512
10710000000,r,512
10710000000,s,512
10710000000,r,512
10710000000,r,512
10710000000,r,512
10710000000,r,512
10710000000,r,512
10710000000,r,512
10710000000,r,512
10710000000,r,512
10710000000,r,512
10710000000,r,512
10710000000,r,512
10710000000,r,512
10710000000,r,512
10710000000,r,512
10710000000,r,512
10710000000,r,512
10710000000,r,512
10710000000,r,512
10710000000,r,512
10710000000,r,512
10710000000,r,512
10710000000,r,512
10710000000,r,512
10710000000,r,512
10710000000,r,512
10710000000,r,512
10710000000,r,512
10710000000,r,512
10710000000,r,512
10720000000,s,512
10720000000,s,512
10720000000,s,512
10740000000,r,512
10740000000,r,512
10740000000,r,512
10740000000,r,512
10740000000,r,512
10740000000,r,512
10740000000,r,512
10740000000,r,512
10740000000,r,512
10740000000,r,512
10740000000,s,512
10740000000,r,512
10740000000,r,512
10740000000,r,512
10740000000,r,512
10740000000,r,512
10740000000,r,512
10760000000,r,512
10760000000,r,512
10760000000,r,512
10760000000,r,512
10760000000,r,512
10760000000,s,512
10760000000,r,512
10760000000,r,512
10760000000,r,512
10760000000,r,512
10760000000,r,512
10760000000,r,512
10780000000,r,512
10780000000,r,512
10780000000,r,512
10780000000,r,512
10780000000,r,512
10780000000,r,512
10780000000,r,512
10780000000,r,512
10780000000,r,512
10780000000,r,512
10780000000,r,512
10780000000,r,512
10780000000,r,512
10780000000,r,512
10780000000,r,512
10780000000,r,512
10780000000,r,512
10780000000,r,512
10780000000,r,512
10780000000,r,512
10780000000,r,512
10780000000,r,512
10780000000,r,512
10790000000,r,512
10790000000,r,512
10790000000,r,512
10790000000,r,512
10790000000,r,512
10790000000,r,512
10790000000,r,512
10790000000,r,512
10790000000,r,512
10790000000,r,512
10790000000,r,512
10790000000,r,512
10790000000,r,512
10790000000,r,512
10790000000,r,512
10790000000,r,512
10810000000,r,512
10810000000,r,512
10810000000,r,512
10810000000,r,512
10810000000,r,512
10810000000,s,512
10810000000,r,512
10810000000,r,512
10810000000,r,512
10810000000,r,512
10810000000,r,512
10810000000,r,512
10820000000,r,512
10820000000,r,512
10820000000,r,512
10820000000,r,512
10820000000,r,512
10820000000,r,512
10830000000,r,512
10830000000,r,512
10830000000,r,512
10830000000,r,512
10830000000,r,512
10840000000,r,512
10840000000,r,512
10840000000,r,512
10840000000,r,512
10840000000,r,512
10840000000,r,512
10860000000,r,512
10860000000,r,512
10860000000,r,512
10860000000,r,512
10860000000,r,512
10860000000,r,512
10860000000,r,512
10860000000,r,512
10860000000,r,512
10860000000,r,512
10860000000,r,512
10860000000,r,512
10860000000,r,512
10860000000,r,512
10860000000,r,512
10860000000,r,512
10860000000,s,512
10860000000,r,512
10860000000,r,512
10860000000,r,512
10860000000,r,512
10860000000,r,512
10860000000,r,512
10860000000,r,512
10860000000,r,512
10860000000,r,512
10860000000,r,512
10860000000,r,512
10860000000,s,512
10860000000,r,512
10860000000,r,512
10860000000,r,512
10860000000,r,512
10860000000,r,512
10860000000,r,512
10860000000,r,512
10860000000,r,512
10870000000,r,512
10870000000,r,512
10870000000,r,512
10890000000,r,512
10890000000,r,512
10890000000,r,512
10890000000,r,512
10890000000,r,512
10890000000,r,512
10890000000,r,512
10890000000,r,512
10890000000,r,512
10890000000,r,512
10890000000,r,512
10890000000,r,512
10890000000,s,512
10890000000,r,512
10890000000,r,512
10890000000,r,512
10890000000,r,512
10890000000,r,512
10890000000,r,512
10890000000,r,512
10890000000,r,512
10910000000,r,512
10910000000,r,512
10910000000,r,512
10910000000,r,512
10910000000,r,512
10910000000,r,512
10910000000,r,512
10910000000,r,512
10910000000,r,512
10910000000,r,512
10910000000,r,512
10910000000,r,512
10910000000,r,512
10910000000,r,512
10930000000,s,512
10930000000,s,512
10930000000,r,512
10930000000,r,512
10930000000,r,512
10930000000,r,512
10930000000,r,512
10930000000,r,512
10930000000,r,512
10930000000,r,512
10930000000,r,512
10930000000,r,512
10930000000,r,512
10930000000,r,512
10930000000,r,512
10930000000,r,512
10930000000,r,512
10930000000,s,512
10930000000,r,512
10930000000,r,512
10930000000,r,512
10930000000,r,512
10930000000,r,512
10930000000,r,512
10930000000,r,512
10940000000,r,512
10940000000,r,512
10940000000,r,512
10940000000,r,512
10940000000,r,512
10940000000,r,512
10940000000,r,512
10940000000,r,512
10940000000,r,512
10940000000,r,512
10940000000,r,512
10940000000,r,512
10940000000,r,512
10940000000,r,512
10940000000,r,512
10940000000,r,512
10940000000,r,512
10960000000,r,512
10960000000,r,512
10960000000,r,512
10960000000,r,512
10960000000,r,512
10960000000,s,512
10970000000,r,512
10970000000,r,512
10970000000,r,512
10970000000,r,512
10970000000,r,512
10970000000,r,512
10970000000,r,512
10980000000,r,512
10980000000,r,512
10980000000,r,512
10980000000,r,512
10980000000,s,512
10980000000,s,512
11000000000,r,512
11000000000,r,512
11000000000,r,512
11000000000,r,512
11000000000,r,512
11000000000,r,512
11000000000,r,512
11000000000,s,512
11000000000,s,512
11000000000,s,512
11000000000,r,512
11000000000,r,512
11000000000,r,512
11000000000,r,512
11000000000,r,512
11000000000,r,512
11000000000,r,512
11010000000,s,512
11010000000,r,512
11010000000,r,512
11010000000,r,512
11010000000,r,512
11010000000,r,512
11010000000,r,512
11010000000,r,512
11010000000,r,512
11010000000,r,512
11010000000,r,512
11010000000,r,512
11010000000,r,512
11010000000,r,512
11010000000,r,512
11010000000,r,512
11010000000,r,512
11010000000,r,512
11010000000,r,512
11010000000,r,512
11010000000,r,512
11010000000,r,512
11010000000,r,512
11010000000,r,512
11010000000,r,512
11010000000,r,512
11010000000,r,512
11010000000,r,512
11010000000,r,512
11010000000,r,512
11010000000,r,512
11010000000,r,512
11010000000,r,512
11010000000,r,512
11020000000,r,512
11020000000,r,512
11020000000,r,512
11020000000,s,512
11020000000,r,512
11020000000,r,512
11020000000,r,512
11020000000,r,512
11020000000,r,512
11020000000,r,512
11020000000,r,512
11020000000,r,512
11020000000,r,512
11040000000,r,512
11040000000,r,512
11040000000,r,512
11040000000,r,512
11040000000,r,512
11050000000,r,512
11050000000,r,512
11050000000,r,512
11050000000,r,512
11050000000,r,512
11050000000,r,512
11050000000,r,512
11050000000,r,512
11070000000,r,512
11070000000,r,512
11070000000,r,512
11070000000,r,512
11070000000,r,512
11070000000,r,512
11070000000,r,512
11070000000,r,512
11070000000,r,512
11070000000,r,512
11070000000,r,512
11070000000,r,512
11070000000,r,512
11070000000,r,512
11080000000,r,512
11080000000,r,512
11080000000,r,512
11080000000,s,512
11080000000,s,512
11080000000,s,512
11080000000,s,512
11090000000,r,512
11090000000,r,512
11090000000,r,512
11090000000,r,512
11090000000,r,512
11090000000,r,512
11090000000,r,512
11090000000,r,512
11090000000,r,512
11090000000,r,512
11090000000,r,512
11090000000,r,512
11090000000,r,512
11090000000,r,512
11090000000,r,512
11090000000,r,512
11090000000,r,512
11090000000,r,512
11090000000,r,512
11090000000,s,512
11090000000,r,512
11090000000,r,512
11090000000,r,512
11090000000,r,512
11090000000,r,512
11090000000,r,512
11090000000,r,512
11090000000,r,512
11090000000,r,512
11090000000,r,512
11090000000,r,512
11090000000,r,512
11090000000,r,512
11090000000,r,512
11090000000,r,512
11090000000,r,512
11090000000,r,512
11090000000,s,512
11090000000,s,512
11090000000,s,512
11090000000,s,512
11090000000,r,512
11090000000,r,512
11090000000,r,512
11090000000,r,512
11090000000,r,512
11090000000,r,512
11120000000,r,512
11120000000,r,512
11120000000,r,512
11120000000,r,512
11120000000,r,512
11120000000,r,512
11120000000,r,512
11120000000,s,512
11120000000,r,512
11120000000,s,512
11120000000,s,512
11130000000,r,512
11130000000,r,512
11130000000,r,512
11130000000,r,512
11130000000,r,512
11130000000,s,512
11130000000,s,512
11130000000,s,512
11130000000,s,512
11130000000,s,512
11130000000,s,512
11140000000,r,512
11140000000,r,512
11140000000,r,512
11140000000,r,512
11140000000,r,512
11140000000,r,512
11140000000,s,512
11140000000,r,512
11140000000,r,512
11140000000,r,512
11140000000,r,512
11140000000,r,512
11140000000,r,512
11140000000,r,512
11140000000,r,512
11140000000,r,512
11140000000,r,512
11140000000,r,512
11150000000,s,512
11150000000,s,512
11150000000,s,512
11150000000,s,512
11160000000,r,512
11160000000,r,512
11160000000,r,512
11160000000,r,512
11160000000,s,512
11160000000,r,512
11160000000,r,512
11160000000,r,512
11160000000,r,512
11160000000,r,512
11160000000,r,512
11160000000,r,512
11160000000,r,512
11160000000,r,512
11160000000,r,512
11160000000,r,512
11160000000,r,512
11160000000,r,512
11160000000,r,512
11160000000,r,512
11160000000,r,512
11160000000,r,512
11160000000,r,512
11160000000,r,512
11160000000,r,512
11160000000,r,512
11160000000,r,512
11160000000,r,512
11160000000,r,512
11160000000,r,512
11170000000,r,512
11170000000,r,512
11170000000,r,512
11170000000,r,512
11170000000,r,512
11170000000,r,512
11170000000,s,512
11170000000,r,512
11170000000,r,512
11170000000,r,512
11170000000,r,512
11170000000,r,512
11170000000,r,512
11170000000,r,512
11170000000,r,512
11170000000,r,512
11170000000,r,512
11170000000,r,512
11170000000,r,512
11190000000,r,512
11190000000,r,512
11190000000,r,512
11190000000,r,512
11190000000,r,512
11190000000,r,512
11200000000,r,512
11200000000,s,512
11200000000,r,512
11200000000,r,512
11200000000,r,512
11200000000,r,512
11200000000,r,512
11200000000,r,512
11200000000,r,512
11210000000,r,512
11210000000,r,512
11210000000,r,512
11210000000,r,512
11210000000,r,512
11220000000,r,512
11220000000,r,512
11220000000,r,512
11220000000,r,512
11220000000,r,512
11220000000,r,512
11220000000,r,512
11220000000,r,512
11220000000,r,512
11220000000,r,512
11220000000,r,512
11230000000,s,512
11230000000,s,512
11230000000,s,512
11230000000,s,512
11230000000,s,512
11230000000,s,512
11230000000,s,512
11230000000,r,512
11230000000,r,512
11240000000,r,512
11240000000,r,512
11240000000,r,512
11240000000,r,512
11240000000,r,512
11240000000,s,512
11240000000,r,512
11240000000,r,512
11240000000,r,512
11240000000,r,512
11240000000,r,512
11240000000,r,512
11240000000,r,512
11240000000,r,512
11240000000,s,512
11240000000,r,512
11240000000,r,512
11240000000,r,512
11240000000,r,512
11240000000,r,512
11240000000,r,512
11240000000,r,512
11250000000,s,512
11260000000,s,512
11260000000,s,512
11270000000,s,512
11280000000,r,512
11280000000,r,512
11280000000,r,512
11280000000,r,512
11280000000,r,512
11280000000,r,512
11280000000,r,512
11280000000,r,512
11280000000,r,512
11280000000,r,512
11280000000,r,512
11280000000,s,512
11280000000,s,512
11280000000,s,512
11280000000,s,512
11280000000,s,512
11290000000,r,512
11290000000,r,512
11290000000,r,512
11290000000,r,512
11290000000,r,512
11290000000,r,512
11290000000,r,512
11290000000,r,512
11290000000,r,512
11290000000,r,512
11290000000,r,512
11290000000,r,512
11290000000,r,512
11290000000,r,512
11290000000,r,512
11290000000,r,512
11290000000,s,512
11290000000,s,512
11290000000,s,512
11290000000,r,512
11290000000,r,512
11290000000,r,512
11290000000,s,512
11290000000,s,512
11300000000,s,512
11300000000,r,512
11300000000,r,512
11300000000,r,512
11300000000,r,512
11300000000,r,512
11300000000,r,512
11300000000,r,512
11300000000,s,512
11300000000,s,512
11310000000,r,512
11310000000,r,512
11310000000,s,512
11310000000,r,512
11310000000,r,512
11310000000,r,512
11310000000,r,512
11310000000,r,512
11310000000,r,512
11310000000,r,512
11310000000,r,512
11310000000,r,512
11310000000,r,512
11310000000,r,512
11310000000,r,512
11310000000,r,512
11310000000,r,512
11310000000,r,512
11310000000,r,512
11310000000,r,512
11310000000,s,512
11310000000,r,512
11310000000,r,512
11310000000,r,512
11310000000,r,512
11310000000,r,512
11310000000,r,512
11310000000,r,512
11310000000,r,512
11310000000,s,512
11320000000,s,512
11320000000,r,512
11320000000,s,512
11320000000,s,512
11320000000,s,512
11380000000,r,512
11380000000,r,512
11380000000,r,512
11380000000,r,512
11380000000,r,512
11380000000,r,512
11380000000,r,512
11380000000,r,512
11380000000,r,512
11380000000,r,512
11380000000,r,512
11380000000,r,512
11380000000,r,512
11380000000,r,512
11380000000,r,512
11380000000,r,512
11380000000,r,512
11380000000,r,512
11380000000,r,512
11380000000,r,512
11380000000,r,512
11380000000,r,512
11380000000,r,512
11380000000,s,512
11380000000,r,512
11380000000,r,512
11380000000,r,512
11380000000,r,512
11380000000,r,512
11380000000,r,512
11380000000,r,512
11380000000,s,512
11390000000,r,512
11390000000,r,512
11390000000,r,512
11390000000,r,512
11390000000,r,512
11390000000,r,512
11390000000,r,512
11390000000,r,512
11390000000,r,512
11390000000,r,512
11390000000,r,512
11390000000,r,512
11390000000,r,512
11390000000,r,512
11390000000,r,512
11390000000,r,512
11390000000,r,512
11390000000,r,512
11390000000,r,512
11390000000,r,512
11390000000,r,512
11390000000,r,512
11390000000,r,512
11390000000,r,512
11390000000,r,512
11390000000,r,512
11390000000,r,512
11390000000,r,512
11390000000,s,512
11390000000,s,512
11390000000,s,512
11400000000,r,512
11400000000,s,512
11400000000,r,512
11400000000,r,512
11400000000,r,512
11400000000,r,512
11400000000,r,512
11400000000,r,512
11400000000,r,512
11400000000,r,512
11400000000,r,512
11400000000,r,512
11400000000,r,512
11400000000,r,512
11400000000,r,512
11400000000,r,512
11400000000,r,512
11400000000,s,512
11400000000,r,512
11410000000,r,512
11420000000,s,512
11420000000,s,512
11440000000,r,512
11440000000,r,512
11440000000,s,512
11440000000,s,512
11440000000,s,512
11450000000,s,512
11450000000,r,512
11450000000,r,512
11450000000,r,512
11450000000,r,512
11450000000,s,512
11450000000,s,512
11450000000,s,512
11450000000,s,512
11450000000,r,512
11450000000,r,512
11450000000,s,512
11450000000,s,512
11450000000,s,512
11470000000,r,512
11470000000,r,512
11470000000,r,512
11470000000,r,512
11470000000,r,512
11470000000,r,512
11470000000,s,512
11470000000,s,512
11470000000,r,512
11470000000,r,512
11470000000,r,512
11470000000,r,512
11470000000,s,512
11470000000,s,512
11470000000,s,512
11470000000,s,512
11470000000,s,512
11510000000,r,512
11510000000,r,512
11510000000,s,512
11510000000,r,512
11510000000,r,512
11510000000,r,512
11510000000,r,512
11510000000,r,512
11510000000,r,512
11510000000,r,512
11510000000,s,512
11510000000,s,512
11520000000,r,512
11520000000,r,512
11520000000,r,512
11520000000,r,512
11520000000,r,512
11520000000,r,512
11520000000,r,512
11520000000,r,512
11520000000,r,512
11520000000,r,512
11520000000,r,512
11520000000,r,512
11520000000,r,512
11520000000,r,512
11520000000,r,512
11520000000,r,512
11520000000,r,512
11520000000,r,512
11520000000,r,512
11520000000,r,512
11520000000,r,512
11520000000,r,512
11520000000,r,512
11520000000,r,512
11520000000,r,512
11520000000,r,512
11540000000,r,512
11540000000,r,512
11540000000,s,512
11540000000,r,512
11540000000,r,512
11540000000,r,512
11540000000,r,512
11540000000,r,512
11540000000,r,512
11540000000,r,512
11560000000,r,512
11560000000,r,512
11560000000,s,512
11570000000,r,512
11570000000,r,512
11570000000,r,512
11570000000,r,512
11570000000,s,512
11570000000,s,512
11570000000,r,512
11570000000,r,512
11570000000,r,512
11570000000,r,512
11570000000,r,512
11570000000,r,512
11570000000,r,512
11580000000,r,512
11580000000,r,512
11580000000,r,512
11590000000,s,512
11590000000,s,512
11590000000,s,512
11590000000,s,512
11590000000,r,512
11590000000,r,512
11590000000,r,512
11590000000,r,512
11590000000,r,512
11590000000,r,512
11590000000,r,512
11590000000,r,512
11590000000,r,512
11590000000,r,512
11590000000,r,512
11590000000,r,512
11590000000,r,512
11590000000,r,512
11590000000,r,512
11590000000,r,512
11590000000,r,512
11590000000,r,512
11590000000,r,512
11590000000,r,512
11590000000,r,512
11590000000,r,512
11590000000,r,512
11590000000,r,512
11590000000,r,512
11590000000,r,512
11590000000,r,512
11590000000,r,512
11590000000,s,512
11590000000,r,512
11590000000,r,512
11590000000,r,512
11590000000,r,512
11590000000,r,512
11590000000,r,512
11590000000,s,512
11590000000,r,512
11590000000,r,512
11590000000,r,512
11590000000,r,512
11590000000,r,512
11590000000,r,512
11590000000,r,512
11590000000,r,512
11590000000,r,512
11590000000,r,512
11600000000,r,512
11600000000,r,512
11600000000,r,512
11600000000,r,512
11600000000,r,512
11600000000,r,512
11600000000,r,512
11600000000,r,512
11600000000,r,512
11600000000,r,512
11600000000,r,512
11600000000,r,512
11600000000,r,512
11600000000,r,512
11600000000,r,512
11600000000,r,512
11600000000,r,512
11640000000,r,512
11640000000,r,512
11640000000,r,512
11640000000,r,512
11640000000,r,512
11640000000,r,512
11640000000,r,512
11660000000,r,512
11660000000,r,512
11660000000,r,512
11660000000,r,512
11660000000,r,512
11660000000,r,512
11660000000,r,512
11660000000,r,512
11660000000,r,512
11660000000,r,512
11660000000,r,512
11660000000,r,512
11660000000,r,512
11660000000,r,512
11660000000,r,512
11660000000,r,512
11660000000,s,512
11660000000,r,512
11660000000,r,512
11660000000,r,512
11660000000,r,512
11660000000,r,512
11660000000,r,512
11660000000,r,512
11660000000,r,512
11660000000,r,512
11670000000,r,512
11670000000,r,512
11670000000,r,512
11670000000,r,512
11670000000,r,512
11670000000,r,512
11670000000,r,512
11670000000,r,512
11670000000,r,512
11670000000,r,512
11670000000,r,512
11670000000,r,512
11670000000,r,512
11670000000,r,512
11670000000,r,512
11670000000,r,512
11670000000,r,512
11670000000,r,512
11670000000,r,512
11670000000,r,512
11670000000,r,512
11670000000,r,512
11670000000,r,512
11670000000,r,512
11670000000,r,512
11670000000,r,512
11670000000,r,512
11670000000,r,512
11670000000,r,512
11670000000,r,512
11670000000,r,512
11670000000,r,512
11670000000,r,512
11670000000,r,512
11670000000,r,512
11670000000,s,512
11680000000,r,512
11680000000,r,512
11680000000,r,512
11680000000,r,512
11680000000,r,512
11680000000,r,512
11680000000,s,512
11680000000,r,512
11680000000,r,512
11680000000,r,512
11680000000,r,512
11680000000,r,512
11680000000,r,512
11680000000,r,512
11710000000,r,512
11710000000,r,512
11710000000,r,512
11710000000,r,512
11710000000,r,512
11710000000,r,512
11710000000,r,512
11710000000,r,512
11710000000,r,512
11740000000,r,512
11740000000,r,512
11740000000,r,512
11740000000,r,512
11740000000,r,512
11740000000,r,512
11740000000,r,512
11740000000,r,512
11740000000,r,512
11740000000,r,512
11740000000,r,512
11740000000,r,512
11740000000,r,512
11740000000,r,512
11740000000,r,512
11740000000,r,512
11740000000,r,512
11740000000,r,512
11740000000,r,512
11740000000,r,512
11740000000,r,512
11740000000,r,512
11740000000,r,512
11740000000,r,512
11740000000,r,512
11740000000,r,512
11740000000,r,512
11740000000,r,512
11740000000,r,512
11740000000,r,512
11740000000,r,512
11740000000,r,512
11740000000,r,512
11740000000,r,512
11740000000,r,512
11740000000,r,512
11740000000,r,512
11740000000,r,512
11740000000,r,512
11740000000,r,512
11740000000,r,512
11740000000,r,512
11740000000,r,512
11740000000,r,512
11740000000,r,512
11740000000,r,512
11740000000,r,512
11740000000,r,512
11740000000,r,512
11740000000,r,512
11740000000,r,512
11740000000,r,512
11740000000,r,512
11740000000,r,512
11740000000,r,512
11740000000,s,512
11740000000,r,512
11740000000,r,512
11740000000,r,512
11740000000,r,512
11740000000,r,512
11740000000,r,512
11750000000,r,512
11750000000,r,512
11750000000,r,512
11750000000,r,512
11750000000,r,512
11750000000,r,512
11750000000,r,512
11750000000,r,512
11750000000,r,512
11750000000,r,512
11750000000,r,512
11790000000,r,512
11790000000,r,512
11790000000,r,512
11790000000,r,512
11790000000,r,512
11790000000,r,512
11790000000,s,512
11790000000,r,512
11790000000,r,512
11790000000,r,512
11790000000,r,512
11790000000,r,512
11810000000,r,512
11810000000,r,512
11810000000,r,512
11810000000,r,512
11810000000,r,512
11810000000,r,512
11810000000,r,512
11810000000,s,512
11810000000,r,512
11810000000,r,512
11810000000,r,512
11810000000,r,512
11810000000,r,512
11810000000,r,512
11810000000,r,512
11810000000,s,512
11810000000,s,512
11820000000,r,512
11820000000,r,512
11820000000,r,512
11820000000,r,512
11820000000,r,512
11820000000,r,512
11820000000,r,512
11820000000,r,512
11820000000,r,512
11820000000,r,512
11820000000,r,512
11820000000,r,512
11820000000,r,512
11820000000,r,512
11820000000,r,512
11820000000,r,512
11820000000,r,512
11820000000,r,512
11820000000,r,512
11820000000,r,512
11820000000,r,512
11820000000,r,512
11820000000,r,512
11820000000,r,512
11820000000,r,512
11820000000,r,512
11820000000,r,512
11820000000,r,512
11820000000,r,512
11820000000,r,512
11820000000,r,512
11820000000,r,512
11820000000,r,512
11830000000,r,512
11830000000,s,512
11830000000,s,512
11830000000,s,512
11830000000,s,512
11830000000,s,512
11830000000,r,512
11830000000,r,512
11830000000,r,512
11830000000,r,512
11830000000,r,512
11830000000,r,512
11830000000,r,512
11830000000,r,512
11830000000,r,512
11830000000,r,512
11830000000,r,512
11830000000,r,512
11830000000,r,512
11830000000,r,512
11830000000,r,512
11830000000,r,512
11830000000,r,512
11830000000,r,512
11830000000,r,512
11830000000,r,512
11830000000,r,512
11830000000,r,512
11830000000,r,512
11830000000,r,512
11830000000,r,512
11830000000,r,512
11830000000,r,512
11840000000,s,512
11840000000,s,512
11840000000,s,512
11840000000,s,512
11840000000,s,512
11850000000,s,512
11850000000,s,512
11850000000,s,512
11850000000,s,512
11850000000,s,512
11850000000,s,512
11850000000,s,512
11850000000,s,512
11870000000,r,512
11870000000,r,512
11870000000,s,512
11870000000,s,512
11870000000,r,512
11870000000,r,512
11870000000,r,512
11870000000,r,512
11870000000,r,512
11870000000,r,512
11870000000,r,512
11870000000,r,512
11870000000,r,512
11870000000,r,512
11870000000,r,512
11870000000,r,512
11870000000,s,512
11880000000,s,512
11900000000,s,512
11910000000,s,512
11930000000,s,512
11930000000,s,512
11970000000,r,512
11970000000,s,512
11980000000,r,512
11980000000,r,512
11980000000,r,512
11980000000,r,512
11980000000,r,512
11980000000,r,512
11980000000,s,512
11980000000,r,512
11980000000,r,512
11980000000,s,512
11980000000,r,512
11980000000,r,512
11980000000,r,512
11980000000,r,512
11980000000,r,512
11980000000,r,512
11980000000,r,512
11980000000,r,512
11980000000,r,512
11980000000,r,512
11980000000,r,512
11980000000,r,512
11990000000,r,512
11990000000,r,512
11990000000,r,512
11990000000,r,512
11990000000,r,512
11990000000,r,512
11990000000,r,512
11990000000,s,512
11990000000,s,512
11990000000,r,512
11990000000,r,512
11990000000,r,512
11990000000,r,512
11990000000,r,512
11990000000,r,512
11990000000,r,512
12000000000,s,512
12000000000,s,512
12000000000,s,512
12000000000,s,512
12000000000,r,512
12000000000,r,512
12000000000,r,512
12000000000,r,512
12000000000,s,512
12000000000,s,512
12000000000,s,512
12000000000,s,512
12000000000,s,512
12010000000,r,512
12010000000,r,512
12010000000,r,512
12010000000,s,512
12010000000,s,512
12010000000,s,512
12020000000,s,512
12020000000,s,512
12020000000,s,512
12030000000,r,512
12030000000,r,512
12030000000,r,512
12030000000,s,512
12050000000,r,512
12060000000,r,512
12060000000,r,512
12060000000,s,512
12070000000,s,512
12110000000,s,512
12110000000,s,512
12110000000,r,512
12110000000,r,512
12110000000,s,512
12110000000,s,512
12110000000,s,512
12110000000,s,512
12130000000,r,512
12130000000,r,512
12130000000,r,512
12130000000,s,512
12130000000,s,512
12140000000,r,512
12140000000,r,512
12140000000,r,512
12140000000,r,512
12140000000,r,512
12140000000,s,512
12160000000,r,512
12160000000,r,512
12160000000,r,512
12160000000,r,512
12160000000,r,512
12160000000,r,512
12160000000,r,512
12160000000,s,512
12160000000,s,512
12170000000,r,512
12170000000,r,512
12170000000,r,512
12170000000,r,512
12170000000,r,512
12170000000,r,512
12170000000,r,512
12170000000,r,512
12170000000,r,512
12170000000,r,512
12180000000,s,512
12210000000,r,512
12210000000,r,512
12210000000,s,512
12210000000,s,512
12210000000,s,512
12210000000,s,512
12220000000,s,512
12270000000,r,512
12270000000,r,512
12270000000,r,512
12270000000,r,512
12270000000,r,512
12270000000,r,512
12270000000,r,512
12270000000,r,512
12270000000,s,512
12270000000,s,512
12270000000,s,512
12270000000,s,512
12270000000,s,512
12280000000,r,512
12280000000,r,512
12280000000,s,512
12290000000,s,512
12290000000,s,512
12290000000,r,512
12290000000,r,512
12290000000,r,512
12300000000,s,512
12300000000,s,512
12310000000,r,512
12310000000,r,512
12310000000,r,512
12310000000,r,512
12310000000,r,512
12310000000,r,512
12310000000,r,512
12310000000,r,512
12310000000,r,512
12310000000,r,512
12310000000,r,512
12310000000,r,512
12320000000,s,512
12320000000,s,512
12320000000,s,512
12340000000,s,512
12350000000,r,512
12360000000,s,512
12360000000,s,512
12360000000,r,512
12360000000,r,512
12390000000,r,512
12390000000,r,512
12390000000,r,512
12390000000,s,512
12400000000,s,512
12400000000,s,512
12400000000,s,512
12400000000,r,512
12400000000,s,512
12420000000,s,512
12420000000,r,512
12420000000,r,512
12460000000,r,512
12460000000,r,512
12460000000,r,512
12460000000,r,512
12460000000,s,512
12460000000,r,512
12460000000,r,512
12460000000,r,512
12470000000,r,512
12470000000,r,512
12470000000,r,512
12470000000,r,512
12470000000,r,512
12470000000,r,512
12470000000,r,512
12470000000,r,512
12470000000,r,512
12470000000,s,512
12490000000,r,512
12490000000,r,512
12490000000,r,512
12490000000,s,512
12490000000,s,512
12490000000,r,512
12490000000,r,512
12490000000,r,512
12490000000,r,512
12490000000,r,512
12490000000,r,512
12490000000,r,512
12500000000,s,512
12500000000,s,512
12500000000,s,512
12500000000,r,512
12500000000,r,512
12500000000,s,512
12500000000,s,512
12510000000,r,512
12510000000,r,512
12540000000,r,512
12540000000,r,512
12540000000,r,512
12540000000,r,512
12540000000,r,512
12550000000,s,512
12550000000,s,512
12550000000,s,512
12550000000,s,512
12550000000,s,512
12550000000,s,512
12570000000,r,512
12570000000,s,512
12610000000,r,512
12610000000,r,512
12610000000,r,512
12610000000,r,512
12610000000,r,512
12610000000,r,512
12620000000,s,512
12630000000,r,512
12630000000,r,512
12630000000,s,512
12640000000,r,512
12640000000,r,512
12640000000,s,512
12650000000,r,512
12650000000,r,512
12650000000,r,512
12650000000,r,512
12650000000,r,512
12650000000,r,512
12650000000,r,512
12650000000,r,512
12650000000,r,512
12670000000,r,512
12670000000,r,512
12680000000,r,512
12680000000,r,512
12680000000,r,512
12680000000,r,512
12680000000,s,512
12690000000,s,512
12720000000,r,512
12720000000,r,512
12740000000,s,512
12750000000,r,512
12750000000,r,512
12760000000,s,512
12770000000,r,512
12770000000,r,512
12770000000,r,512
12770000000,r,512
12770000000,r,512
12780000000,s,512
12780000000,s,512
12780000000,s,512
12780000000,s,512
12870000000,r,512
12870000000,r,512
12940000000,r,512
12940000000,s,512
13000000000,r,512
13000000000,s,512
13000000000,s,512
13030000000,r,512
13030000000,r,512
13050000000,s,512
13110000000,r,512
13110000000,r,512
13110000000,r,512
13110000000,r,512
13110000000,r,512
13110000000,r,512
13110000000,r,512
13150000000,r,512
13150000000,r,512
13180000000,r,512
13180000000,r,512
13180000000,r,512
13180000000,r,512
13180000000,r,512
13180000000,r,512
13180000000,r,512
13190000000,s,512
13260000000,r,512
13260000000,r,512
13380000000,r,512
13380000000,r,512
13410000000,s,512
13410000000,s,512
13530000000,r,512
13530000000,r,512
13530000000,s,512
13620000000,r,512
13620000000,r,512
13620000000,s,512
13950000000,s,512
14080000000,r,512
14080000000,s,512
14100000000,s,512
14320000000,r,512
14330000000,s,512
15090000000,s,512
17020000000,s,512
20330000000,r,512
21120000000,s,512
21260000000,r,512
21340000000,r,512
30870000000,r,512
30870000000,r,512
31400000000,r,512
31400000000,s,512
31400000000,r,512
32400000000,r,512
32400000000,r,512
32939999999,r,512
32939999999,s,512
32939999999,s,512
32939999999,s,512
33009999999,r,512
33090000000,r,512
33090000000,r,512
33100000000,s,512
33240000000,r,512
57120000000,s,512
57250000000,r,512
