0,r,512
170000000,r,512
170000000,s,512
400000000,r,512
1270000000,s,512
1630000000,r,512
1630000000,s,512
1630000000,s,512
1920000000,r,512
1920000000,r,512
1920000000,r,512
1920000000,r,512
1920000000,r,512
1920000000,r,512
1920000000,r,512
2000000000,r,512
2000000000,r,512
2000000000,r,512
2000000000,r,512
2000000000,r,512
2000000000,r,512
2000000000,s,512
2310000000,r,512
2310000000,r,512
2310000000,s,512
2420000000,r,512
2700000000,s,512
3020000000,r,512
3020000000,s,512
3020000000,s,512
3300000000,r,512
3300000000,r,512
3300000000,r,512
3300000000,r,512
3300000000,r,512
3300000000,r,512
3300000000,r,512
3350000000,r,512
3350000000,r,512
3380000000,r,512
3380000000,r,512
3380000000,r,512
3380000000,r,512
3390000000,s,512
3390000000,s,512
3690000000,r,512
3690000000,r,512
3690000000,s,512
3820000000,r,512
3820000000,r,512
3820000000,r,512
3820000000,r,512
3820000000,r,512
3820000000,r,512
3820000000,r,512
3840000000,r,512
3840000000,r,512
3840000000,r,512
3840000000,r,512
3840000000,r,512
3840000000,r,512
3840000000,r,512
3840000000,r,512
3840000000,r,512
3840000000,r,512
3870000000,r,512
3870000000,r,512
3870000000,r,512
3870000000,r,512
3870000000,r,512
3870000000,r,512
3870000000,r,512
3880000000,r,512
3880000000,r,512
3900000000,r,512
3900000000,r,512
3900000000,r,512
3900000000,r,512
3900000000,r,512
3900000000,r,512
3900000000,r,512
3900000000,r,512
3900000000,r,512
3900000000,s,512
3900000000,r,512
3900000000,r,512
3900000000,r,512
3900000000,r,512
3900000000,r,512
3900000000,r,512
3920000000,r,512
3920000000,r,512
3920000000,r,512
3920000000,r,512
3920000000,r,512
3920000000,r,512
3920000000,r,512
3920000000,r,512
3920000000,r,512
3920000000,r,512
3980000000,s,512
3980000000,s,512
3980000000,s,512
3980000000,s,512
3980000000,s,512
3980000000,s,512
3980000000,s,512
3980000000,s,512
3980000000,s,512
3980000000,s,512
3980000000,s,512
3980000000,s,512
3980000000,s,512
3980000000,s,512
3980000000,s,512
3980000000,s,512
4179999999,r,512
4179999999,s,512
4179999999,s,512
4200000000,r,512
4200000000,r,512
4200000000,r,512
4200000000,r,512
4200000000,r,512
4200000000,s,512
4200000000,s,512
4210000000,s,512
4210000000,s,512
4210000000,s,512
4210000000,s,512
4210000000,s,512
4210000000,s,512
4210000000,s,512
4210000000,s,512
4240000000,r,512
4240000000,r,512
4240000000,s,512
4240000000,s,512
4250000000,s,512
4250000000,s,512
4280000000,r,512
4280000000,r,512
4280000000,r,512
4280000000,s,512
4280000000,s,512
4280000000,s,512
4280000000,s,512
4280000000,s,512
4280000000,s,512
4320000000,r,512
4320000000,r,512
4360000000,r,512
4360000000,r,512
4360000000,r,512
4360000000,r,512
4360000000,r,512
4360000000,r,512
4360000000,r,512
4360000000,r,512
4360000000,r,512
4360000000,r,512
4360000000,r,512
4360000000,r,512
4370000000,r,512
4370000000,r,512
4370000000,r,512
4370000000,r,512
4370000000,s,512
4370000000,r,512
4370000000,r,512
4370000000,s,512
4370000000,s,512
4370000000,s,512
4370000000,s,512
4370000000,s,512
4370000000,s,512
4390000000,r,512
4390000000,r,512
4390000000,r,512
4390000000,r,512
4390000000,r,512
4390000000,r,512
4390000000,r,512
4390000000,r,512
4390000000,r,512
4390000000,r,512
4390000000,r,512
4390000000,r,512
4390000000,r,512
4390000000,r,512
4390000000,s,512
4390000000,s,512
4400000000,r,512
4400000000,r,512
4410000000,r,512
4410000000,r,512
4410000000,r,512
4410000000,r,512
4410000000,r,512
4410000000,r,512
4410000000,r,512
4410000000,r,512
4410000000,r,512
4410000000,r,512
4410000000,s,512
4410000000,s,512
4410000000,r,512
4410000000,r,512
4410000000,r,512
4410000000,r,512
4410000000,r,512
4410000000,r,512
4410000000,r,512
4430000000,r,512
4430000000,r,512
4430000000,r,512
4430000000,r,512
4430000000,r,512
4430000000,r,512
4430000000,r,512
4430000000,r,512
4430000000,r,512
4430000000,r,512
4430000000,r,512
4430000000,r,512
4430000000,r,512
4430000000,s,512
4430000000,s,512
4440000000,r,512
4440000000,r,512
4440000000,r,512
4440000000,r,512
4440000000,r,512
4440000000,r,512
4440000000,r,512
4440000000,r,512
4440000000,r,512
4450000000,s,512
4450000000,s,512
4450000000,r,512
4450000000,r,512
4450000000,r,512
4450000000,r,512
4450000000,r,512
4450000000,r,512
4450000000,r,512
4450000000,r,512
4450000000,r,512
4450000000,r,512
4450000000,r,512
4450000000,r,512
4450000000,r,512
4450000000,r,512
4450000000,r,512
4450000000,r,512
4450000000,r,512
4450000000,r,512
4450000000,r,512
4450000000,r,512
4450000000,r,512
4450000000,r,512
4450000000,r,512
4450000000,r,512
4450000000,r,512
4450000000,s,512
4450000000,s,512
4460000000,r,512
4460000000,r,512
4460000000,r,512
4460000000,r,512
4460000000,r,512
4460000000,r,512
4460000000,r,512
4460000000,r,512
4460000000,r,512
4460000000,r,512
4460000000,r,512
4460000000,r,512
4460000000,r,512
4460000000,r,512
4460000000,r,512
4460000000,r,512
4460000000,r,512
4460000000,r,512
4460000000,s,512
4470000000,s,512
4510000000,r,512
4510000000,r,512
4510000000,r,512
4510000000,r,512
4510000000,r,512
4510000000,r,512
4510000000,r,512
4510000000,r,512
4510000000,r,512
4510000000,r,512
4510000000,r,512
4510000000,r,512
4510000000,r,512
4510000000,r,512
4510000000,r,512
4510000000,r,512
4510000000,r,512
4510000000,r,512
4510000000,r,512
4510000000,r,512
4510000000,r,512
4510000000,r,512
4510000000,r,512
4510000000,r,512
4510000000,r,512
4510000000,r,512
4510000000,r,512
4510000000,r,512
4510000000,r,512
4510000000,r,512
4510000000,r,512
4510000000,r,512
4510000000,r,512
4510000000,r,512
4510000000,r,512
4510000000,s,512
4510000000,r,512
4510000000,r,512
4510000000,r,512
4510000000,r,512
4510000000,r,512
4510000000,r,512
4510000000,r,512
4510000000,r,512
4510000000,r,512
4510000000,r,512
4510000000,s,512
4510000000,s,512
4510000000,s,512
4520000000,r,512
4520000000,r,512
4520000000,r,512
4520000000,r,512
4520000000,r,512
4520000000,r,512
4520000000,r,512
4520000000,r,512
4520000000,r,512
4520000000,r,512
4520000000,r,512
4520000000,r,512
4520000000,r,512
4520000000,r,512
4520000000,r,512
4520000000,r,512
4520000000,r,512
4520000000,r,512
4520000000,r,512
4520000000,r,512
4520000000,r,512
4520000000,r,512
4520000000,r,512
4520000000,r,512
4520000000,r,512
4520000000,s,512
4520000000,s,512
4530000000,r,512
4530000000,r,512
4530000000,r,512
4530000000,r,512
4540000000,r,512
4540000000,r,512
4540000000,r,512
4560000000,r,512
4560000000,r,512
4560000000,r,512
4560000000,r,512
4560000000,r,512
4560000000,r,512
4560000000,r,512
4630000000,r,512
4630000000,r,512
4630000000,r,512
4630000000,r,512
4630000000,r,512
4630000000,r,512
4630000000,r,512
4630000000,r,512
4630000000,r,512
4630000000,r,512
4630000000,r,512
4630000000,r,512
4630000000,r,512
4630000000,r,512
4630000000,r,512
4630000000,r,512
4630000000,s,512
4630000000,r,512
4630000000,r,512
4630000000,r,512
4630000000,r,512
4630000000,r,512
4630000000,r,512
4630000000,r,512
4630000000,s,512
4640000000,r,512
4640000000,r,512
4640000000,r,512
4640000000,r,512
4640000000,r,512
4640000000,r,512
4640000000,r,512
4640000000,r,512
4640000000,r,512
4640000000,r,512
4640000000,r,512
4640000000,r,512
4640000000,r,512
4640000000,r,512
4640000000,r,512
4640000000,r,512
4640000000,r,512
4640000000,r,512
4640000000,r,512
4640000000,r,512
4640000000,r,512
4640000000,r,512
4640000000,r,512
4640000000,r,512
4640000000,r,512
4640000000,r,512
4640000000,r,512
4640000000,r,512
4640000000,r,512
4640000000,r,512
4640000000,r,512
4640000000,r,512
4640000000,s,512
4640000000,s,512
4640000000,s,512
4640000000,s,512
4640000000,s,512
4640000000,r,512
4640000000,r,512
4640000000,r,512
4640000000,s,512
4640000000,s,512
4640000000,r,512
4640000000,r,512
4640000000,r,512
4640000000,r,512
4640000000,r,512
4640000000,r,512
4640000000,r,512
4640000000,s,512
4650000000,r,512
4650000000,r,512
4650000000,r,512
4650000000,r,512
4650000000,r,512
4650000000,r,512
4650000000,r,512
4650000000,r,512
4650000000,r,512
4650000000,r,512
4650000000,s,512
4650000000,s,512
4650000000,s,512
4670000000,r,512
4670000000,r,512
4670000000,r,512
4670000000,r,512
4670000000,r,512
4670000000,r,512
4680000000,r,512
4680000000,r,512
4680000000,r,512
4680000000,r,512
4680000000,r,512
4680000000,r,512
4680000000,r,512
4680000000,r,512
4680000000,r,512
4680000000,r,512
4680000000,r,512
4680000000,r,512
4680000000,r,512
4680000000,r,512
4680000000,r,512
4680000000,r,512
4680000000,r,512
4680000000,r,512
4680000000,r,512
4680000000,r,512
4680000000,r,512
4680000000,r,512
4680000000,r,512
4680000000,r,512
4680000000,r,512
4680000000,r,512
4680000000,r,512
4680000000,r,512
4680000000,s,512
4680000000,s,512
4680000000,r,512
4680000000,r,512
4680000000,r,512
4680000000,r,512
4690000000,r,512
4690000000,r,512
4690000000,r,512
4690000000,r,512
4690000000,s,512
4690000000,r,512
4690000000,r,512
4690000000,r,512
4690000000,r,512
4690000000,r,512
4690000000,r,512
4690000000,r,512
4690000000,r,512
4690000000,r,512
4690000000,r,512
4690000000,r,512
4690000000,r,512
4690000000,r,512
4690000000,r,512
4690000000,r,512
4690000000,r,512
4690000000,r,512
4690000000,r,512
4690000000,r,512
4690000000,r,512
4690000000,r,512
4690000000,r,512
4690000000,r,512
4690000000,r,512
4690000000,r,512
4690000000,r,512
4690000000,r,512
4690000000,r,512
4690000000,r,512
4690000000,r,512
4690000000,r,512
4690000000,s,512
4690000000,s,512
4690000000,s,512
4690000000,s,512
4690000000,s,512
4690000000,s,512
4690000000,s,512
4690000000,s,512
4690000000,r,512
4690000000,r,512
4690000000,r,512
4690000000,r,512
4690000000,r,512
4690000000,r,512
4690000000,r,512
4690000000,r,512
4690000000,r,512
4690000000,r,512
4690000000,r,512
4690000000,r,512
4690000000,r,512
4690000000,r,512
4690000000,r,512
4690000000,r,512
4690000000,r,512
4690000000,r,512
4690000000,r,512
4690000000,r,512
4690000000,r,512
4690000000,r,512
4690000000,r,512
4690000000,r,512
4690000000,r,512
4690000000,r,512
4690000000,r,512
4690000000,r,512
4690000000,r,512
4690000000,r,512
4690000000,r,512
4690000000,r,512
4690000000,r,512
4690000000,r,512
4690000000,r,512
4690000000,r,512
4690000000,s,512
4690000000,r,512
4690000000,r,512
4690000000,r,512
4690000000,r,512
4690000000,r,512
4690000000,r,512
4690000000,r,512
4690000000,r,512
4690000000,s,512
4700000000,r,512
4700000000,r,512
4700000000,r,512
4720000000,r,512
4720000000,r,512
4720000000,r,512
4720000000,r,512
4720000000,r,512
4720000000,r,512
4720000000,r,512
4720000000,r,512
4720000000,r,512
4720000000,r,512
4720000000,r,512
4720000000,r,512
4720000000,r,512
4720000000,s,512
4720000000,s,512
4720000000,r,512
4720000000,r,512
4720000000,r,512
4720000000,r,512
4720000000,r,512
4720000000,r,512
4720000000,r,512
4720000000,r,512
4720000000,r,512
4720000000,r,512
4720000000,s,512
4720000000,r,512
4720000000,r,512
4720000000,r,512
4720000000,r,512
4720000000,r,512
4720000000,r,512
4720000000,r,512
4720000000,r,512
4720000000,r,512
4720000000,r,512
4720000000,r,512
4720000000,r,512
4720000000,r,512
4720000000,r,512
4720000000,r,512
4720000000,r,512
4720000000,r,512
4720000000,r,512
4720000000,r,512
4720000000,r,512
4720000000,r,512
4720000000,r,512
4720000000,r,512
4720000000,r,512
4720000000,r,512
4720000000,r,512
4720000000,r,512
4720000000,r,512
4720000000,r,512
4720000000,r,512
4720000000,r,512
4720000000,r,512
4730000000,r,512
4730000000,r,512
4730000000,r,512
4730000000,r,512
4730000000,r,512
4730000000,r,512
4730000000,s,512
4730000000,s,512
4740000000,r,512
4740000000,r,512
4740000000,r,512
4740000000,r,512
4740000000,s,512
4740000000,r,512
4740000000,r,512
4740000000,r,512
4740000000,r,512
4760000000,r,512
4760000000,r,512
4800000000,r,512
4800000000,r,512
4800000000,r,512
4800000000,r,512
4880000000,r,512
4880000000,r,512
4880000000,r,512
4880000000,r,512
4880000000,r,512
4880000000,r,512
4880000000,r,512
4880000000,s,512
4900000000,r,512
4900000000,r,512
4900000000,s,512
4900000000,s,512
4900000000,s,512
4900000000,r,512
4900000000,r,512
4900000000,s,512
4900000000,s,512
4980000000,r,512
4980000000,r,512
4990000000,s,512
5150000000,r,512
5150000000,s,512
5230000000,r,512
5250000000,r,512
5250000000,r,512
5250000000,r,512
5250000000,r,512
5250000000,r,512
5250000000,r,512
5250000000,r,512
5250000000,s,512
5250000000,s,512
5250000000,r,512
5250000000,r,512
5250000000,r,512
5250000000,r,512
5250000000,r,512
5250000000,s,512
5250000000,s,512
5350000000,s,512
5360000000,s,512
5390000000,s,512
5450000000,s,512
5450000000,s,512
5480000000,s,512
5600000000,r,512
5600000000,r,512
5600000000,s,512
5600000000,s,512
5600000000,s,512
5600000000,s,512
5640000000,r,512
5640000000,r,512
5640000000,r,512
5640000000,r,512
5640000000,r,512
5640000000,r,512
5640000000,r,512
5660000000,r,512
5660000000,r,512
5660000000,r,512
5660000000,r,512
5660000000,r,512
5660000000,r,512
5660000000,r,512
5710000000,r,512
5710000000,r,512
5720000000,r,512
5720000000,r,512
5720000000,r,512
5720000000,s,512
5720000000,r,512
5720000000,r,512
5720000000,s,512
5720000000,s,512
5800000000,r,512
5800000000,r,512
5800000000,s,512
5800000000,s,512
5800000000,s,512
5800000000,s,512
5860000000,r,512
5860000000,r,512
5860000000,s,512
5860000000,r,512
5860000000,r,512
5860000000,r,512
5860000000,r,512
5860000000,r,512
5880000000,r,512
5880000000,r,512
5880000000,s,512
5920000000,r,512
5920000000,r,512
5920000000,r,512
5920000000,r,512
5920000000,r,512
5920000000,r,512
5920000000,r,512
5990000000,r,512
5990000000,r,512
5990000000,r,512
5990000000,r,512
5990000000,r,512
5990000000,r,512
5990000000,r,512
5990000000,r,512
5990000000,r,512
5990000000,r,512
5990000000,r,512
5990000000,r,512
5990000000,r,512
5990000000,r,512
5990000000,r,512
6000000000,r,512
6000000000,r,512
6000000000,s,512
6000000000,s,512
6010000000,r,512
6010000000,r,512
6010000000,r,512
6010000000,r,512
6010000000,r,512
6010000000,r,512
6010000000,r,512
6010000000,s,512
6010000000,s,512
6010000000,s,512
6030000000,r,512
6030000000,r,512
6030000000,r,512
6030000000,r,512
6030000000,r,512
6030000000,r,512
6030000000,r,512
6030000000,r,512
6030000000,r,512
6030000000,r,512
6030000000,r,512
6030000000,r,512
6030000000,r,512
6030000000,s,512
6030000000,s,512
6190000000,r,512
6230000000,r,512
6230000000,r,512
6230000000,r,512
6230000000,r,512
6230000000,s,512
6230000000,s,512
6240000000,s,512
6240000000,s,512
6240000000,s,512
6240000000,s,512
6260000000,r,512
6300000000,r,512
6300000000,r,512
6300000000,r,512
6300000000,s,512
6410000000,r,512
6410000000,r,512
6410000000,r,512
6410000000,r,512
6410000000,s,512
6520000000,r,512
6520000000,r,512
6520000000,r,512
6520000000,r,512
6520000000,r,512
6520000000,r,512
6520000000,r,512
6520000000,r,512
6520000000,r,512
6520000000,r,512
6520000000,r,512
6520000000,r,512
6520000000,r,512
6520000000,r,512
6520000000,r,512
6520000000,r,512
6520000000,r,512
6520000000,r,512
6520000000,r,512
6520000000,r,512
6520000000,r,512
6520000000,r,512
6520000000,r,512
6520000000,s,512
6520000000,s,512
6520000000,s,512
6520000000,s,512
6520000000,s,512
6530000000,r,512
6530000000,r,512
6530000000,r,512
6530000000,r,512
6530000000,r,512
6530000000,r,512
6530000000,r,512
6530000000,r,512
6530000000,r,512
6530000000,r,512
6530000000,r,512
6530000000,r,512
6530000000,r,512
6530000000,r,512
6530000000,r,512
6530000000,s,512
6530000000,r,512
6530000000,r,512
6530000000,r,512
6530000000,r,512
6530000000,r,512
6530000000,r,512
6530000000,r,512
6530000000,r,512
6530000000,r,512
6530000000,r,512
6530000000,r,512
6530000000,r,512
6530000000,r,512
6530000000,r,512
6530000000,r,512
6530000000,r,512
6530000000,r,512
6530000000,r,512
6530000000,r,512
6530000000,r,512
6530000000,s,512
6530000000,s,512
6530000000,r,512
6530000000,r,512
6530000000,r,512
6530000000,r,512
6540000000,r,512
6540000000,r,512
6540000000,r,512
6540000000,r,512
6540000000,r,512
6540000000,r,512
6540000000,r,512
6540000000,r,512
6540000000,r,512
6540000000,r,512
6540000000,r,512
6540000000,r,512
6540000000,s,512
6540000000,r,512
6540000000,s,512
6540000000,s,512
6560000000,r,512
6560000000,r,512
6560000000,r,512
6560000000,r,512
6560000000,r,512
6560000000,r,512
6560000000,s,512
6620000000,r,512
6620000000,r,512
6620000000,r,512
6740000000,r,512
6740000000,s,512
6790000000,r,512
6790000000,r,512
6790000000,r,512
6790000000,r,512
6790000000,r,512
6790000000,r,512
6790000000,r,512
6800000000,r,512
6800000000,r,512
6800000000,r,512
6800000000,r,512
6800000000,r,512
6800000000,r,512
6800000000,r,512
6800000000,r,512
6810000000,r,512
6810000000,r,512
6810000000,r,512
6810000000,r,512
6810000000,r,512
6810000000,r,512
6810000000,r,512
6810000000,r,512
6840000000,r,512
6840000000,r,512
6840000000,r,512
6840000000,r,512
6840000000,r,512
6840000000,r,512
6840000000,s,512
6840000000,s,512
6840000000,s,512
7400000000,s,512
7610000000,r,512
7610000000,s,512
7610000000,s,512
7790000000,r,512
7790000000,r,512
7790000000,r,512
7790000000,r,512
7790000000,r,512
7790000000,r,512
7790000000,r,512
7820000000,r,512
7820000000,r,512
7880000000,r,512
7880000000,r,512
7880000000,r,512
7880000000,r,512
7880000000,s,512
7880000000,s,512
8130000000,r,512
8130000000,r,512
8130000000,s,512
8240000000,r,512
8240000000,r,512
8240000000,r,512
8240000000,r,512
8240000000,r,512
8240000000,r,512
8240000000,r,512
8240000000,r,512
8240000000,r,512
8240000000,s,512
8240000000,r,512
8240000000,r,512
8240000000,r,512
8240000000,r,512
8240000000,r,512
8240000000,r,512
8250000000,r,512
8250000000,r,512
8250000000,r,512
8250000000,r,512
8250000000,r,512
8250000000,r,512
8250000000,r,512
8250000000,r,512
8260000000,r,512
8260000000,r,512
8260000000,r,512
8260000000,r,512
8260000000,r,512
8260000000,r,512
8260000000,r,512
8260000000,r,512
8260000000,r,512
8260000000,r,512
8260000000,r,512
8260000000,r,512
8260000000,r,512
8260000000,r,512
8260000000,r,512
8260000000,r,512
8260000000,r,512
8260000000,r,512
8260000000,r,512
8260000000,r,512
8260000000,r,512
8260000000,r,512
8260000000,r,512
8260000000,r,512
8260000000,r,512
8260000000,r,512
8260000000,r,512
8260000000,r,512
8260000000,r,512
8260000000,s,512
8289999999,r,512
8289999999,r,512
8289999999,r,512
8289999999,r,512
8320000000,r,512
8320000000,r,512
8320000000,r,512
8320000000,r,512
8320000000,r,512
8320000000,r,512
8320000000,r,512
8340000000,r,512
9430000000,s,512
9660000000,r,512
9660000000,s,512
9660000000,s,512
9840000000,r,512
9840000000,r,512
9840000000,r,512
9840000000,r,512
9840000000,r,512
9840000000,r,512
9840000000,r,512
9880000000,r,512
9880000000,r,512
9920000000,r,512
9920000000,r,512
9920000000,r,512
9920000000,r,512
9920000000,s,512
9920000000,s,512
10210000000,r,512
10210000000,r,512
10210000000,s,512
10260000000,r,512
10260000000,r,512
10260000000,r,512
10260000000,r,512
10260000000,r,512
10260000000,r,512
10260000000,r,512
10270000000,r,512
10270000000,r,512
10270000000,r,512
10270000000,r,512
10270000000,r,512
10270000000,r,512
10270000000,r,512
10280000000,r,512
10280000000,r,512
10280000000,r,512
10280000000,r,512
10280000000,r,512
10280000000,r,512
10280000000,r,512
10340000000,r,512
10340000000,r,512
10340000000,r,512
10340000000,r,512
10340000000,r,512
10340000000,r,512
10340000000,r,512
10340000000,r,512
10340000000,r,512
10340000000,s,512
10340000000,r,512
10340000000,r,512
10340000000,r,512
10340000000,r,512
10340000000,r,512
10340000000,r,512
10340000000,r,512
10340000000,r,512
10340000000,r,512
10340000000,r,512
10340000000,r,512
10340000000,r,512
10340000000,r,512
10340000000,r,512
10340000000,r,512
10340000000,r,512
10340000000,r,512
10340000000,r,512
10340000000,r,512
10340000000,s,512
10340000000,r,512
10340000000,r,512
10340000000,r,512
10340000000,r,512
10340000000,r,512
10340000000,r,512
10340000000,r,512
10340000000,r,512
10340000000,r,512
10340000000,r,512
10340000000,r,512
10340000000,r,512
10340000000,r,512
10340000000,r,512
10340000000,r,512
10360000000,r,512
10360000000,r,512
10360000000,r,512
10360000000,r,512
10360000000,r,512
10360000000,r,512
10360000000,r,512
10360000000,r,512
10360000000,r,512
10360000000,r,512
10360000000,r,512
10360000000,r,512
10360000000,r,512
10360000000,r,512
10360000000,r,512
10360000000,r,512
10420000000,r,512
10420000000,r,512
10420000000,r,512
10420000000,r,512
10420000000,r,512
10420000000,s,512
10420000000,r,512
10420000000,r,512
10420000000,r,512
10420000000,r,512
10420000000,r,512
10420000000,r,512
10420000000,r,512
10420000000,r,512
10420000000,r,512
10420000000,r,512
10420000000,r,512
10420000000,r,512
10420000000,r,512
10420000000,r,512
10420000000,r,512
10420000000,r,512
10420000000,r,512
10420000000,r,512
10420000000,r,512
10420000000,r,512
10420000000,r,512
10420000000,r,512
10420000000,r,512
10420000000,r,512
10420000000,r,512
10420000000,r,512
10420000000,r,512
10420000000,r,512
10420000000,r,512
10420000000,r,512
10420000000,r,512
10420000000,r,512
10420000000,r,512
10420000000,r,512
10420000000,r,512
10420000000,r,512
10420000000,r,512
10420000000,r,512
10420000000,r,512
10420000000,r,512
10420000000,r,512
10420000000,r,512
10420000000,r,512
10420000000,r,512
10420000000,r,512
10420000000,s,512
10420000000,r,512
10420000000,r,512
10420000000,r,512
10420000000,r,512
10420000000,r,512
10420000000,r,512
10420000000,r,512
10420000000,r,512
10420000000,r,512
10420000000,r,512
10420000000,r,512
10420000000,r,512
10420000000,r,512
10420000000,s,512
10420000000,r,512
10420000000,r,512
10420000000,r,512
10420000000,r,512
10420000000,r,512
10420000000,r,512
10420000000,r,512
10420000000,r,512
10420000000,r,512
10420000000,r,512
10420000000,r,512
10420000000,r,512
10420000000,r,512
10420000000,r,512
10420000000,r,512
10430000000,r,512
10430000000,r,512
10430000000,r,512
10430000000,r,512
10430000000,r,512
10430000000,r,512
10430000000,r,512
10430000000,r,512
10430000000,r,512
10430000000,r,512
10430000000,r,512
10430000000,r,512
10430000000,r,512
10430000000,r,512
10430000000,r,512
10430000000,r,512
10430000000,r,512
10430000000,r,512
10430000000,r,512
10430000000,r,512
10430000000,r,512
10440000000,r,512
10440000000,r,512
10440000000,r,512
10440000000,r,512
10440000000,r,512
10440000000,r,512
10440000000,s,512
10440000000,r,512
10440000000,r,512
10440000000,r,512
10440000000,r,512
10440000000,r,512
10440000000,r,512
10440000000,r,512
10440000000,r,512
10440000000,r,512
10470000000,r,512
10470000000,r,512
10470000000,r,512
10470000000,r,512
10470000000,r,512
10470000000,r,512
10470000000,r,512
10490000000,r,512
10530000000,r,512
10530000000,r,512
10530000000,r,512
10530000000,r,512
10530000000,r,512
10530000000,r,512
10530000000,r,512
10530000000,r,512
10530000000,r,512
10530000000,r,512
10530000000,r,512
10530000000,r,512
10530000000,r,512
10530000000,r,512
10530000000,r,512
10530000000,r,512
10530000000,r,512
10530000000,r,512
10530000000,r,512
10530000000,r,512
10530000000,r,512
10530000000,r,512
10530000000,r,512
10530000000,r,512
10530000000,r,512
10530000000,r,512
10530000000,r,512
10530000000,r,512
10530000000,s,512
10530000000,r,512
10530000000,r,512
10530000000,r,512
10530000000,r,512
10530000000,r,512
10530000000,s,512
10530000000,r,512
10530000000,r,512
10530000000,r,512
10530000000,r,512
10530000000,r,512
10530000000,r,512
10530000000,r,512
10530000000,r,512
10530000000,r,512
10530000000,r,512
10530000000,r,512
10530000000,r,512
10530000000,r,512
10530000000,r,512
10530000000,r,512
10530000000,r,512
10530000000,r,512
10530000000,r,512
10530000000,r,512
10530000000,r,512
10530000000,r,512
10530000000,r,512
10530000000,r,512
10530000000,r,512
10530000000,r,512
10530000000,r,512
10530000000,r,512
10530000000,r,512
10530000000,r,512
10530000000,r,512
10530000000,r,512
10530000000,r,512
10530000000,r,512
10530000000,r,512
10530000000,r,512
10530000000,r,512
10530000000,r,512
10530000000,r,512
10540000000,r,512
10540000000,r,512
10540000000,r,512
10540000000,r,512
10540000000,r,512
10540000000,r,512
10540000000,r,512
10540000000,r,512
10540000000,r,512
10540000000,r,512
10540000000,r,512
10540000000,r,512
10540000000,r,512
10540000000,r,512
10540000000,r,512
10540000000,r,512
10540000000,r,512
10540000000,r,512
10540000000,r,512
10540000000,r,512
10540000000,r,512
10540000000,r,512
10540000000,r,512
10540000000,r,512
10540000000,r,512
10540000000,r,512
10540000000,r,512
10540000000,r,512
10540000000,r,512
10540000000,r,512
10540000000,r,512
10540000000,r,512
10540000000,r,512
10540000000,r,512
10540000000,r,512
10540000000,r,512
10540000000,r,512
10540000000,r,512
10540000000,r,512
10540000000,r,512
10540000000,r,512
10540000000,r,512
10540000000,r,512
10540000000,r,512
10540000000,r,512
10540000000,r,512
10540000000,r,512
10540000000,r,512
10540000000,r,512
10540000000,r,512
10540000000,r,512
10540000000,r,512
10540000000,r,512
10540000000,r,512
10540000000,r,512
10540000000,r,512
10540000000,r,512
10540000000,s,512
10540000000,r,512
10540000000,r,512
10540000000,r,512
10540000000,r,512
10540000000,r,512
10540000000,r,512
10540000000,r,512
10540000000,r,512
10540000000,r,512
10540000000,r,512
10540000000,s,512
10540000000,s,512
10540000000,r,512
10540000000,r,512
10540000000,r,512
10540000000,r,512
10540000000,r,512
10540000000,r,512
10540000000,r,512
10540000000,r,512
10540000000,r,512
10540000000,r,512
10540000000,r,512
10540000000,r,512
10540000000,r,512
10540000000,r,512
10540000000,r,512
10540000000,r,512
10540000000,r,512
10540000000,r,512
10540000000,r,512
10540000000,r,512
10540000000,r,512
10540000000,r,512
10540000000,r,512
10540000000,r,512
10540000000,r,512
10540000000,r,512
10540000000,r,512
10540000000,r,512
10540000000,r,512
10540000000,r,512
10540000000,r,512
10540000000,r,512
10540000000,r,512
10540000000,r,512
10540000000,r,512
10540000000,r,512
10540000000,r,512
10540000000,r,512
10540000000,r,512
10540000000,r,512
10540000000,r,512
10540000000,r,512
10540000000,r,512
10540000000,r,512
10540000000,r,512
10540000000,r,512
10540000000,r,512
10540000000,s,512
10550000000,r,512
10550000000,r,512
10550000000,r,512
10550000000,r,512
10550000000,r,512
10550000000,r,512
10550000000,r,512
10550000000,r,512
10550000000,r,512
10550000000,r,512
10550000000,r,512
10550000000,r,512
10550000000,r,512
10550000000,r,512
10550000000,r,512
10550000000,r,512
10550000000,r,512
10550000000,r,512
10550000000,r,512
10550000000,r,512
10550000000,r,512
10550000000,r,512
10550000000,r,512
10550000000,r,512
10550000000,r,512
10550000000,r,512
10550000000,r,512
10550000000,r,512
10550000000,r,512
10550000000,r,512
10550000000,r,512
10550000000,r,512
10550000000,r,512
10550000000,r,512
10550000000,r,512
10550000000,r,512
10550000000,r,512
10550000000,r,512
10550000000,r,512
10560000000,r,512
10560000000,r,512
10560000000,r,512
10560000000,r,512
10560000000,s,512
10560000000,r,512
10560000000,r,512
10560000000,r,512
10560000000,r,512
10620000000,r,512
10620000000,s,512
10620000000,r,512
10620000000,r,512
11460000000,s,512
11540000000,s,512
11680000000,r,512
11680000000,s,512
11680000000,s,512
11860000000,r,512
11860000000,r,512
11860000000,r,512
11860000000,r,512
11860000000,r,512
11860000000,r,512
11860000000,r,512
11940000000,r,512
11940000000,r,512
11940000000,r,512
11940000000,r,512
11940000000,r,512
11940000000,r,512
11940000000,s,512
11940000000,s,512
12160000000,r,512
12160000000,r,512
12160000000,r,512
12160000000,r,512
12160000000,r,512
12160000000,r,512
12160000000,r,512
12160000000,r,512
12160000000,r,512
12160000000,r,512
12160000000,r,512
12160000000,r,512
12160000000,r,512
12160000000,r,512
12160000000,r,512
12160000000,r,512
12160000000,r,512
12160000000,r,512
12160000000,r,512
12160000000,r,512
12160000000,r,512
12160000000,r,512
12160000000,r,512
12160000000,s,512
12180000000,r,512
12180000000,r,512
12180000000,r,512
12180000000,r,512
12180000000,r,512
12180000000,r,512
12180000000,r,512
12180000000,r,512
12180000000,r,512
12180000000,r,512
12180000000,r,512
12180000000,r,512
12180000000,r,512
12180000000,r,512
12180000000,r,512
12180000000,r,512
12180000000,r,512
12180000000,r,512
12180000000,r,512
12180000000,r,512
12180000000,r,512
12180000000,r,512
12180000000,r,512
12180000000,r,512
12180000000,r,512
12180000000,r,512
12180000000,r,512
12180000000,r,512
12180000000,r,512
12180000000,r,512
12180000000,r,512
12180000000,s,512
12210000000,r,512
12210000000,r,512
12210000000,r,512
12210000000,r,512
13520000000,s,512
13760000000,r,512
13760000000,r,512
13760000000,r,512
13760000000,r,512
13760000000,r,512
13760000000,r,512
13760000000,r,512
13760000000,r,512
13760000000,r,512
13760000000,r,512
13760000000,r,512
13760000000,r,512
13760000000,r,512
13760000000,r,512
13760000000,r,512
13760000000,r,512
13760000000,r,512
13760000000,r,512
13760000000,r,512
13760000000,r,512
13760000000,r,512
13760000000,r,512
13760000000,s,512
13780000000,r,512
13780000000,r,512
13780000000,r,512
13780000000,r,512
13780000000,r,512
13780000000,r,512
13780000000,r,512
13780000000,r,512
13780000000,r,512
13780000000,r,512
13780000000,r,512
13780000000,r,512
13780000000,r,512
13780000000,r,512
13780000000,r,512
13780000000,r,512
13780000000,r,512
13780000000,r,512
13780000000,r,512
13780000000,r,512
13780000000,r,512
13780000000,r,512
13780000000,r,512
13780000000,r,512
13780000000,r,512
13780000000,r,512
13780000000,r,512
13780000000,r,512
13780000000,r,512
13780000000,r,512
13780000000,r,512
13780000000,r,512
13780000000,r,512
13780000000,r,512
13780000000,r,512
13780000000,r,512
13780000000,r,512
13780000000,r,512
13780000000,r,512
13780000000,r,512
13780000000,r,512
13780000000,r,512
13780000000,r,512
13780000000,r,512
13780000000,r,512
13780000000,r,512
13780000000,r,512
13780000000,r,512
13780000000,r,512
13780000000,s,512
13800000000,r,512
13800000000,r,512
13800000000,r,512
13800000000,r,512
13800000000,r,512
13800000000,r,512
13800000000,r,512
13800000000,r,512
13800000000,r,512
13800000000,r,512
13800000000,r,512
13800000000,r,512
13800000000,r,512
13800000000,r,512
13800000000,r,512
13860000000,r,512
13860000000,r,512
13860000000,r,512
13860000000,r,512
13860000000,r,512
13860000000,r,512
15540000000,s,512
15790000000,r,512
15790000000,r,512
15790000000,r,512
15790000000,r,512
15790000000,r,512
15790000000,r,512
15790000000,r,512
15800000000,r,512
15800000000,r,512
15800000000,r,512
15800000000,r,512
15800000000,r,512
15800000000,r,512
15800000000,r,512
15800000000,r,512
15800000000,r,512
15800000000,r,512
15800000000,r,512
15800000000,r,512
15800000000,r,512
15800000000,r,512
15800000000,s,512
15800000000,r,512
15800000000,r,512
15860000000,r,512
15860000000,r,512
15860000000,r,512
15860000000,r,512
15860000000,r,512
15860000000,r,512
15860000000,r,512
15860000000,s,512
15870000000,r,512
15870000000,r,512
15870000000,r,512
15870000000,r,512
15870000000,r,512
15870000000,r,512
15870000000,r,512
15870000000,r,512
15870000000,r,512
15870000000,r,512
15870000000,r,512
15870000000,r,512
15870000000,r,512
15870000000,r,512
15870000000,r,512
15870000000,r,512
15870000000,r,512
15870000000,r,512
15870000000,r,512
15870000000,r,512
15870000000,r,512
15870000000,r,512
15870000000,r,512
15870000000,r,512
15870000000,r,512
15870000000,r,512
15870000000,r,512
15870000000,r,512
15870000000,r,512
15870000000,r,512
15870000000,r,512
15890000000,r,512
15890000000,r,512
15890000000,r,512
15890000000,r,512
15890000000,r,512
15890000000,r,512
15890000000,r,512
15890000000,r,512
15890000000,r,512
15890000000,r,512
15890000000,s,512
15890000000,r,512
15900000000,r,512
15900000000,r,512
15900000000,r,512
15900000000,r,512
15900000000,r,512
15900000000,r,512
15940000000,r,512
15940000000,r,512
15940000000,r,512
15940000000,r,512
15940000000,r,512
15940000000,r,512
15940000000,r,512
15940000000,r,512
15940000000,r,512
15940000000,r,512
15940000000,r,512
15940000000,r,512
15940000000,r,512
15940000000,r,512
15950000000,r,512
15950000000,r,512
15950000000,r,512
15950000000,r,512
15950000000,r,512
15950000000,r,512
15950000000,r,512
15950000000,r,512
15950000000,r,512
15950000000,r,512
15950000000,r,512
15950000000,r,512
15950000000,r,512
15950000000,r,512
15950000000,r,512
15950000000,r,512
15950000000,r,512
15950000000,r,512
15950000000,r,512
15950000000,r,512
15950000000,r,512
15950000000,r,512
15950000000,r,512
15950000000,r,512
15950000000,r,512
15950000000,r,512
15950000000,r,512
15950000000,r,512
15950000000,r,512
15950000000,r,512
15950000000,r,512
15950000000,r,512
15950000000,r,512
15950000000,r,512
15950000000,r,512
15950000000,r,512
15950000000,r,512
15950000000,r,512
15950000000,s,512
15950000000,r,512
15950000000,r,512
15950000000,r,512
15950000000,r,512
15950000000,r,512
15950000000,r,512
15950000000,r,512
15950000000,r,512
15950000000,r,512
15950000000,r,512
15950000000,r,512
15950000000,r,512
15950000000,r,512
15950000000,r,512
15950000000,r,512
15950000000,r,512
15950000000,r,512
15950000000,r,512
15950000000,r,512
15950000000,r,512
15950000000,r,512
15950000000,r,512
15950000000,r,512
15950000000,r,512
15950000000,r,512
15950000000,r,512
15950000000,s,512
15960000000,r,512
15960000000,r,512
15960000000,r,512
15960000000,r,512
15960000000,r,512
15960000000,r,512
15960000000,r,512
15960000000,r,512
15960000000,r,512
15960000000,r,512
15960000000,r,512
15960000000,r,512
15960000000,r,512
15960000000,r,512
15960000000,r,512
15960000000,s,512
15960000000,r,512
15960000000,r,512
15960000000,r,512
15960000000,r,512
15960000000,r,512
15960000000,r,512
15980000000,r,512
15980000000,r,512
15980000000,r,512
15980000000,r,512
15980000000,r,512
15980000000,r,512
15980000000,r,512
15980000000,r,512
15980000000,r,512
17580000000,s,512
17800000000,r,512
17800000000,r,512
17800000000,r,512
17800000000,r,512
17800000000,r,512
17800000000,r,512
17800000000,r,512
17800000000,r,512
17800000000,r,512
17800000000,r,512
17800000000,r,512
17800000000,r,512
17800000000,r,512
17800000000,r,512
17800000000,r,512
17820000000,r,512
17820000000,r,512
17820000000,r,512
17820000000,r,512
17820000000,r,512
17820000000,r,512
17820000000,r,512
17820000000,r,512
17880000000,r,512
17880000000,r,512
17880000000,r,512
17880000000,r,512
17880000000,r,512
17880000000,r,512
17880000000,r,512
17900000000,r,512
17900000000,r,512
17900000000,r,512
17900000000,r,512
17900000000,r,512
17900000000,s,512
19610000000,s,512
19770000000,r,512
19770000000,r,512
19770000000,r,512
19770000000,r,512
19770000000,r,512
19770000000,r,512
19770000000,s,512
19770000000,r,512
19790000000,r,512
19790000000,r,512
19790000000,s,512
19790000000,r,512
19790000000,r,512
19790000000,r,512
19790000000,r,512
19790000000,r,512
19790000000,r,512
19820000000,r,512
19820000000,r,512
19820000000,r,512
19820000000,r,512
19820000000,r,512
19820000000,r,512
19820000000,r,512
19850000000,r,512
19850000000,r,512
19850000000,r,512
19850000000,r,512
19850000000,r,512
19850000000,r,512
19850000000,r,512
19850000000,r,512
19850000000,r,512
19850000000,r,512
19850000000,r,512
19850000000,r,512
19850000000,r,512
19850000000,r,512
19850000000,r,512
19850000000,r,512
19860000000,r,512
19860000000,r,512
19860000000,r,512
19860000000,r,512
19860000000,r,512
19860000000,r,512
19860000000,r,512
19860000000,r,512
19870000000,r,512
19870000000,r,512
19870000000,r,512
19870000000,r,512
19870000000,r,512
19870000000,r,512
19870000000,r,512
19870000000,r,512
19870000000,r,512
19870000000,r,512
19870000000,s,512
19870000000,r,512
19870000000,r,512
19870000000,r,512
19870000000,r,512
19870000000,r,512
19870000000,r,512
19870000000,r,512
19870000000,r,512
19870000000,r,512
19870000000,r,512
19870000000,r,512
19870000000,r,512
19870000000,r,512
19870000000,r,512
19900000000,r,512
19900000000,r,512
19900000000,r,512
19900000000,r,512
19900000000,r,512
19900000000,r,512
19900000000,r,512
19930000000,r,512
19930000000,r,512
19930000000,r,512
19930000000,r,512
19930000000,r,512
19930000000,r,512
19930000000,r,512
19930000000,r,512
19930000000,r,512
19930000000,r,512
19930000000,r,512
19930000000,r,512
19930000000,r,512
19930000000,r,512
19930000000,r,512
19930000000,r,512
19930000000,r,512
19930000000,r,512
19930000000,r,512
19930000000,r,512
19930000000,r,512
19930000000,r,512
19930000000,r,512
19930000000,r,512
19930000000,r,512
19930000000,r,512
19930000000,r,512
19930000000,r,512
19930000000,r,512
19930000000,s,512
19930000000,r,512
19930000000,r,512
19930000000,r,512
19930000000,s,512
19930000000,r,512
19930000000,r,512
19930000000,r,512
19930000000,r,512
19930000000,r,512
19930000000,r,512
19930000000,r,512
19930000000,r,512
19930000000,r,512
19930000000,r,512
19930000000,r,512
19930000000,r,512
19930000000,r,512
19930000000,r,512
19930000000,r,512
19930000000,r,512
19930000000,r,512
19930000000,r,512
19930000000,r,512
19930000000,r,512
19930000000,r,512
19930000000,r,512
19930000000,r,512
19930000000,r,512
19930000000,r,512
19930000000,r,512
19930000000,r,512
19930000000,r,512
19930000000,r,512
19930000000,r,512
19930000000,r,512
19930000000,r,512
19930000000,r,512
19930000000,r,512
19930000000,r,512
19930000000,r,512
19930000000,r,512
19930000000,r,512
19930000000,r,512
19930000000,r,512
19940000000,r,512
19940000000,r,512
19950000000,r,512
19950000000,r,512
19950000000,r,512
19950000000,r,512
19950000000,r,512
19950000000,s,512
19950000000,r,512
19950000000,r,512
19950000000,r,512
19970000000,r,512
19970000000,r,512
19970000000,r,512
19970000000,r,512
19970000000,r,512
19970000000,r,512
19970000000,r,512
19980000000,r,512
19980000000,r,512
19980000000,r,512
19980000000,r,512
19980000000,r,512
19980000000,r,512
19980000000,r,512
19980000000,r,512
19980000000,r,512
19990000000,r,512
19990000000,r,512
19990000000,r,512
19990000000,r,512
19990000000,r,512
19990000000,r,512
19990000000,r,512
19990000000,r,512
20010000000,r,512
20010000000,r,512
20010000000,r,512
20010000000,r,512
20010000000,r,512
20010000000,r,512
20010000000,r,512
20010000000,r,512
20010000000,r,512
20010000000,r,512
20010000000,r,512
20010000000,r,512
20010000000,r,512
20010000000,r,512
20010000000,r,512
20010000000,r,512
20010000000,r,512
20010000000,r,512
20010000000,r,512
20010000000,r,512
20010000000,r,512
20010000000,r,512
20010000000,r,512
20010000000,s,512
20010000000,r,512
20010000000,r,512
20010000000,r,512
20010000000,s,512
20010000000,r,512
20010000000,r,512
20010000000,r,512
20010000000,r,512
20010000000,r,512
20010000000,r,512
20010000000,r,512
20010000000,r,512
20010000000,r,512
20010000000,r,512
20010000000,r,512
20010000000,r,512
20010000000,r,512
20010000000,r,512
20010000000,r,512
20010000000,r,512
20010000000,r,512
20010000000,r,512
20010000000,r,512
20010000000,r,512
20010000000,r,512
20010000000,r,512
20010000000,r,512
20010000000,r,512
20010000000,r,512
20010000000,r,512
20010000000,r,512
20010000000,r,512
20010000000,r,512
20010000000,r,512
20010000000,r,512
20010000000,r,512
20010000000,r,512
20010000000,r,512
20010000000,r,512
20010000000,r,512
20010000000,r,512
20010000000,r,512
20010000000,r,512
20010000000,r,512
20010000000,r,512
20010000000,r,512
20010000000,r,512
20010000000,r,512
20010000000,r,512
20010000000,r,512
20010000000,r,512
20010000000,s,512
20010000000,r,512
20010000000,r,512
20010000000,r,512
20010000000,r,512
20010000000,r,512
20010000000,r,512
20010000000,r,512
20010000000,r,512
20010000000,r,512
20010000000,r,512
20010000000,r,512
20010000000,r,512
20010000000,r,512
20010000000,r,512
20010000000,r,512
20010000000,r,512
20010000000,r,512
20010000000,r,512
20010000000,r,512
20010000000,r,512
20010000000,r,512
20010000000,r,512
20010000000,r,512
20010000000,r,512
20010000000,r,512
20010000000,r,512
20010000000,r,512
20010000000,r,512
20010000000,r,512
20010000000,r,512
20010000000,r,512
20010000000,r,512
20010000000,r,512
20010000000,r,512
20010000000,r,512
20010000000,r,512
20010000000,r,512
20010000000,r,512
20010000000,r,512
20010000000,r,512
20010000000,r,512
20010000000,r,512
20010000000,r,512
20010000000,r,512
20010000000,r,512
20010000000,r,512
20010000000,r,512
20010000000,r,512
20010000000,r,512
20010000000,r,512
20010000000,r,512
20010000000,r,512
20010000000,r,512
20010000000,s,512
20010000000,r,512
20010000000,r,512
20010000000,r,512
20010000000,r,512
20010000000,r,512
20010000000,r,512
20010000000,r,512
20010000000,r,512
20010000000,r,512
20010000000,r,512
20010000000,r,512
20010000000,r,512
20010000000,r,512
20010000000,r,512
20010000000,r,512
20010000000,r,512
20010000000,r,512
20010000000,r,512
20010000000,r,512
20010000000,r,512
20010000000,r,512
20010000000,r,512
20010000000,r,512
20010000000,r,512
20010000000,r,512
20010000000,r,512
20010000000,r,512
20010000000,r,512
20010000000,r,512
20010000000,r,512
20010000000,r,512
20010000000,r,512
20010000000,r,512
20010000000,r,512
20010000000,r,512
20010000000,r,512
20010000000,s,512
20030000000,r,512
20030000000,r,512
20030000000,r,512
20060000000,r,512
20060000000,r,512
20060000000,r,512
20060000000,r,512
20060000000,r,512
20060000000,r,512
20060000000,r,512
20080000000,r,512
20080000000,s,512
20090000000,r,512
20090000000,r,512
20090000000,r,512
20090000000,r,512
20090000000,r,512
20090000000,r,512
20090000000,r,512
20090000000,r,512
21650000000,s,512
21810000000,r,512
21810000000,r,512
21810000000,r,512
21810000000,r,512
21810000000,r,512
21810000000,r,512
21810000000,r,512
21810000000,r,512
21810000000,r,512
21810000000,r,512
21810000000,r,512
21810000000,r,512
21810000000,r,512
21810000000,r,512
21810000000,r,512
21830000000,r,512
21830000000,r,512
21830000000,r,512
21830000000,r,512
21830000000,r,512
21830000000,r,512
21830000000,r,512
21830000000,r,512
21890000000,r,512
21890000000,r,512
21890000000,r,512
21890000000,r,512
21890000000,r,512
21890000000,r,512
21890000000,r,512
21890000000,r,512
21890000000,r,512
21890000000,r,512
21890000000,r,512
21890000000,r,512
21890000000,r,512
21890000000,r,512
21890000000,r,512
21890000000,r,512
21890000000,r,512
21890000000,r,512
21890000000,r,512
21890000000,r,512
21890000000,r,512
21890000000,r,512
21890000000,s,512
21890000000,r,512
21890000000,r,512
21890000000,r,512
21890000000,r,512
21890000000,r,512
21890000000,r,512
21890000000,r,512
21890000000,r,512
21890000000,r,512
21890000000,r,512
21890000000,r,512
21890000000,r,512
21890000000,r,512
21890000000,r,512
21890000000,r,512
21890000000,r,512
21890000000,r,512
21890000000,s,512
21910000000,r,512
21910000000,r,512
21910000000,r,512
21910000000,r,512
21910000000,r,512
21910000000,r,512
21910000000,r,512
21910000000,r,512
21910000000,r,512
21910000000,r,512
21910000000,r,512
21910000000,r,512
21910000000,r,512
21970000000,r,512
21970000000,r,512
21970000000,r,512
21970000000,r,512
21970000000,r,512
21970000000,r,512
21970000000,r,512
21970000000,r,512
21970000000,r,512
21970000000,r,512
21970000000,r,512
21970000000,r,512
21970000000,r,512
21970000000,r,512
21970000000,r,512
21970000000,r,512
21970000000,r,512
21970000000,r,512
21970000000,r,512
21970000000,r,512
21970000000,r,512
21970000000,r,512
21970000000,r,512
21970000000,r,512
21970000000,r,512
21970000000,s,512
21970000000,r,512
21970000000,r,512
21970000000,r,512
21970000000,r,512
21970000000,r,512
21970000000,r,512
21970000000,r,512
21970000000,r,512
21970000000,r,512
21970000000,r,512
21970000000,r,512
21970000000,r,512
21970000000,r,512
21970000000,r,512
21970000000,r,512
21970000000,r,512
21970000000,r,512
21970000000,r,512
21970000000,r,512
21970000000,r,512
21970000000,r,512
21970000000,r,512
21970000000,r,512
21970000000,r,512
21970000000,r,512
21970000000,r,512
21970000000,r,512
21970000000,r,512
21970000000,r,512
21970000000,r,512
21970000000,r,512
21970000000,r,512
21970000000,r,512
21970000000,r,512
21970000000,r,512
21970000000,r,512
21970000000,r,512
21970000000,r,512
21970000000,r,512
21970000000,r,512
21970000000,r,512
21970000000,r,512
21970000000,r,512
21970000000,r,512
21970000000,r,512
21970000000,s,512
21970000000,r,512
21970000000,r,512
21970000000,r,512
21970000000,r,512
21970000000,r,512
21970000000,r,512
21970000000,r,512
21970000000,r,512
21970000000,r,512
21970000000,r,512
21970000000,r,512
21970000000,r,512
21970000000,r,512
21970000000,r,512
21970000000,r,512
21970000000,r,512
21970000000,r,512
21970000000,s,512
21990000000,r,512
21990000000,r,512
21990000000,r,512
21990000000,r,512
21990000000,r,512
21990000000,r,512
21990000000,r,512
21990000000,r,512
21990000000,r,512
21990000000,r,512
21990000000,r,512
21990000000,r,512
21990000000,r,512
21990000000,r,512
21990000000,r,512
21990000000,r,512
21990000000,r,512
21990000000,r,512
22050000000,r,512
22050000000,r,512
22050000000,r,512
22050000000,r,512
22050000000,r,512
22050000000,r,512
22050000000,r,512
22050000000,r,512
22050000000,r,512
22050000000,r,512
22050000000,r,512
22050000000,r,512
22050000000,r,512
22050000000,r,512
22050000000,r,512
22050000000,r,512
22050000000,r,512
22050000000,r,512
22050000000,r,512
22050000000,r,512
22050000000,r,512
22050000000,r,512
22050000000,r,512
22050000000,r,512
22050000000,r,512
22050000000,r,512
22050000000,r,512
22050000000,r,512
22050000000,r,512
22050000000,r,512
22050000000,r,512
22050000000,r,512
22050000000,r,512
22050000000,r,512
22050000000,r,512
22050000000,r,512
22050000000,r,512
22050000000,r,512
22050000000,r,512
22050000000,s,512
22050000000,r,512
22050000000,r,512
22050000000,r,512
22050000000,r,512
22050000000,r,512
22050000000,r,512
22050000000,r,512
22050000000,r,512
22050000000,r,512
22050000000,r,512
22050000000,r,512
22050000000,r,512
22050000000,r,512
22050000000,r,512
22050000000,r,512
22050000000,r,512
22050000000,r,512
22050000000,r,512
22050000000,r,512
22050000000,r,512
22050000000,r,512
22050000000,r,512
22050000000,r,512
22050000000,r,512
22050000000,r,512
22050000000,r,512
22050000000,s,512
22050000000,r,512
22050000000,r,512
22050000000,r,512
22050000000,r,512
22050000000,r,512
22050000000,r,512
22050000000,r,512
22050000000,r,512
22050000000,r,512
22050000000,r,512
22050000000,r,512
22050000000,r,512
22050000000,r,512
22050000000,r,512
22050000000,r,512
22050000000,r,512
22050000000,r,512
22050000000,r,512
22050000000,r,512
22050000000,r,512
22050000000,r,512
22050000000,r,512
22050000000,r,512
22050000000,r,512
22050000000,r,512
22050000000,r,512
22050000000,r,512
22050000000,r,512
22050000000,r,512
22050000000,r,512
22050000000,r,512
22050000000,r,512
22050000000,r,512
22050000000,r,512
22050000000,r,512
22050000000,r,512
22050000000,r,512
22050000000,s,512
22050000000,r,512
22050000000,r,512
22050000000,r,512
22050000000,r,512
22050000000,r,512
22050000000,r,512
22050000000,r,512
22050000000,r,512
22050000000,r,512
22050000000,r,512
22050000000,r,512
22050000000,r,512
22050000000,r,512
22050000000,r,512
22050000000,r,512
22050000000,r,512
22050000000,r,512
22050000000,r,512
22050000000,s,512
22050000000,r,512
22050000000,r,512
22050000000,r,512
22050000000,r,512
22050000000,r,512
22050000000,r,512
22050000000,r,512
22050000000,r,512
22050000000,r,512
22050000000,r,512
22050000000,r,512
22050000000,r,512
22050000000,r,512
22050000000,r,512
22050000000,r,512
22050000000,r,512
22060000000,r,512
22060000000,r,512
22060000000,r,512
22060000000,r,512
22060000000,r,512
22060000000,r,512
22060000000,r,512
22060000000,r,512
22060000000,r,512
22060000000,r,512
22060000000,r,512
22060000000,r,512
22060000000,r,512
22060000000,r,512
22060000000,r,512
22060000000,r,512
22060000000,r,512
22060000000,r,512
22060000000,r,512
22060000000,r,512
22060000000,r,512
22060000000,r,512
22060000000,r,512
22060000000,r,512
22060000000,r,512
22060000000,r,512
22060000000,r,512
22060000000,r,512
22060000000,r,512
22060000000,s,512
22060000000,r,512
22060000000,r,512
22060000000,r,512
22060000000,r,512
22060000000,r,512
22060000000,r,512
22060000000,r,512
22060000000,r,512
22060000000,s,512
22060000000,r,512
22060000000,r,512
22060000000,r,512
22060000000,r,512
22060000000,r,512
22060000000,r,512
22060000000,r,512
22060000000,r,512
22060000000,r,512
22060000000,r,512
22060000000,r,512
22060000000,r,512
22060000000,r,512
22060000000,r,512
22060000000,r,512
22060000000,r,512
22060000000,r,512
22060000000,r,512
22060000000,r,512
22060000000,r,512
22060000000,r,512
22060000000,r,512
22060000000,r,512
22070000000,r,512
22070000000,r,512
22070000000,r,512
22070000000,r,512
22070000000,r,512
22070000000,r,512
22070000000,r,512
22070000000,r,512
22130000000,r,512
22130000000,r,512
22130000000,r,512
22130000000,r,512
23690000000,s,512
23900000000,r,512
23900000000,r,512
23900000000,r,512
23900000000,r,512
23900000000,r,512
23900000000,r,512
23900000000,r,512
23900000000,r,512
23900000000,r,512
23900000000,r,512
23900000000,r,512
23900000000,r,512
23900000000,s,512
23900000000,r,512
23900000000,r,512
23900000000,r,512
23920000000,r,512
23920000000,r,512
23920000000,r,512
23920000000,r,512
23920000000,r,512
23920000000,r,512
23920000000,r,512
23920000000,r,512
23980000000,r,512
23980000000,r,512
23980000000,r,512
23980000000,r,512
23980000000,r,512
23980000000,r,512
23980000000,r,512
23980000000,r,512
23980000000,r,512
23980000000,r,512
23980000000,r,512
23980000000,r,512
23980000000,r,512
23980000000,r,512
23980000000,r,512
23980000000,r,512
23980000000,r,512
23980000000,r,512
23980000000,r,512
23980000000,r,512
23980000000,r,512
23980000000,r,512
23980000000,r,512
24000000000,r,512
24000000000,r,512
24000000000,r,512
24000000000,r,512
24000000000,r,512
24000000000,r,512
24000000000,r,512
24000000000,r,512
24060000000,r,512
25710000000,s,512
26000000000,r,512
26000000000,r,512
26000000000,s,512
26000000000,r,512
26000000000,r,512
26000000000,r,512
26000000000,r,512
26000000000,r,512
26000000000,r,512
26000000000,r,512
26000000000,r,512
26000000000,s,512
26000000000,r,512
26000000000,r,512
26000000000,r,512
26000000000,r,512
26020000000,r,512
26020000000,r,512
26020000000,r,512
26020000000,r,512
26080000000,r,512
26080000000,r,512
27740000000,s,512
27900000000,r,512
27900000000,r,512
27900000000,r,512
27900000000,r,512
27900000000,r,512
27900000000,r,512
27900000000,r,512
27920000000,r,512
27920000000,r,512
27920000000,r,512
27920000000,r,512
27920000000,r,512
27920000000,r,512
27920000000,r,512
27920000000,r,512
27950000000,r,512
27950000000,r,512
27950000000,r,512
27950000000,r,512
27950000000,r,512
27950000000,r,512
27950000000,r,512
27970000000,r,512
27980000000,r,512
27980000000,r,512
27980000000,r,512
27980000000,r,512
27980000000,r,512
27980000000,r,512
27980000000,s,512
27980000000,r,512
27980000000,r,512
27980000000,r,512
27980000000,r,512
27980000000,r,512
27980000000,r,512
27980000000,r,512
27980000000,r,512
27980000000,r,512
27990000000,r,512
27990000000,r,512
27990000000,r,512
27990000000,r,512
27990000000,r,512
27990000000,r,512
27990000000,r,512
27990000000,r,512
27990000000,r,512
27990000000,r,512
27990000000,r,512
27990000000,r,512
27990000000,r,512
27990000000,r,512
27990000000,r,512
28060000000,r,512
28060000000,r,512
28060000000,r,512
28060000000,r,512
28060000000,r,512
28060000000,r,512
29770000000,s,512
29970000000,r,512
29970000000,r,512
29970000000,r,512
29970000000,r,512
29970000000,r,512
29970000000,r,512
29970000000,r,512
29980000000,r,512
29980000000,r,512
29980000000,r,512
29980000000,r,512
29980000000,r,512
29980000000,r,512
29980000000,r,512
29990000000,r,512
29990000000,r,512
29990000000,r,512
29990000000,r,512
29990000000,r,512
29990000000,r,512
29990000000,r,512
29990000000,r,512
30050000000,r,512
30050000000,s,512
30050000000,r,512
30050000000,r,512
30050000000,r,512
30050000000,r,512
30050000000,r,512
30050000000,r,512
30050000000,r,512
30050000000,r,512
30050000000,r,512
30050000000,r,512
30050000000,r,512
30050000000,r,512
30050000000,r,512
30050000000,r,512
30050000000,r,512
30050000000,r,512
30050000000,r,512
30050000000,r,512
30050000000,r,512
30050000000,r,512
30050000000,r,512
30050000000,r,512
30050000000,s,512
30050000000,r,512
30050000000,r,512
30050000000,r,512
30050000000,r,512
30050000000,r,512
31810000000,s,512
31980000000,r,512
31980000000,r,512
31980000000,r,512
31980000000,r,512
31980000000,r,512
31980000000,r,512
31980000000,r,512
31980000000,s,512
31980000000,r,512
31980000000,r,512
31980000000,r,512
31980000000,r,512
31980000000,r,512
31980000000,r,512
31980000000,r,512
31980000000,r,512
32000000000,r,512
32000000000,r,512
32000000000,r,512
32000000000,r,512
32000000000,r,512
32000000000,r,512
32000000000,r,512
32060000000,r,512
32060000000,r,512
32060000000,r,512
32060000000,r,512
32060000000,r,512
32060000000,r,512
32060000000,r,512
32060000000,r,512
32060000000,r,512
32060000000,r,512
32060000000,r,512
32060000000,r,512
32060000000,r,512
32060000000,r,512
32060000000,r,512
32060000000,r,512
32060000000,r,512
32060000000,r,512
32060000000,r,512
32060000000,r,512
32060000000,r,512
32060000000,r,512
32060000000,r,512
32060000000,r,512
32060000000,r,512
32060000000,r,512
32060000000,r,512
32060000000,r,512
32060000000,r,512
32060000000,r,512
32060000000,r,512
32060000000,r,512
32060000000,r,512
32060000000,r,512
32060000000,r,512
32060000000,r,512
32060000000,r,512
32060000000,r,512
32060000000,r,512
32060000000,r,512
32060000000,s,512
32070000000,r,512
32070000000,r,512
32070000000,r,512
32070000000,r,512
32070000000,r,512
32070000000,r,512
32070000000,r,512
32070000000,r,512
32070000000,r,512
32070000000,r,512
32070000000,r,512
32070000000,s,512
32070000000,r,512
32070000000,r,512
32070000000,r,512
32070000000,r,512
32140000000,r,512
32140000000,r,512
32140000000,r,512
32140000000,r,512
32140000000,r,512
32140000000,r,512
32140000000,r,512
32140000000,r,512
32140000000,r,512
32140000000,r,512
32140000000,r,512
32140000000,r,512
32140000000,r,512
32140000000,r,512
32140000000,r,512
32140000000,r,512
32140000000,r,512
32140000000,r,512
32140000000,r,512
32140000000,r,512
32140000000,r,512
32140000000,r,512
32140000000,r,512
32140000000,r,512
32140000000,r,512
32140000000,r,512
32140000000,r,512
32140000000,r,512
32140000000,r,512
32140000000,r,512
32140000000,s,512
32140000000,r,512
32140000000,r,512
32140000000,r,512
32140000000,r,512
32140000000,r,512
32140000000,r,512
32140000000,r,512
32140000000,r,512
32140000000,r,512
32140000000,r,512
32140000000,r,512
32140000000,r,512
32140000000,r,512
32140000000,r,512
32140000000,r,512
32140000000,r,512
32140000000,r,512
32140000000,r,512
32140000000,r,512
32140000000,r,512
32140000000,r,512
32140000000,r,512
32140000000,r,512
32140000000,r,512
32140000000,r,512
32140000000,r,512
32140000000,r,512
32140000000,r,512
32140000000,r,512
32140000000,r,512
32140000000,r,512
32140000000,r,512
32140000000,r,512
32140000000,r,512
32140000000,r,512
32140000000,r,512
32140000000,r,512
32140000000,r,512
32140000000,r,512
32140000000,r,512
32140000000,r,512
32150000000,r,512
32150000000,r,512
32150000000,r,512
32150000000,r,512
32150000000,r,512
32150000000,r,512
32150000000,r,512
32150000000,r,512
32150000000,r,512
32150000000,r,512
32150000000,r,512
32150000000,r,512
32150000000,r,512
32150000000,r,512
32150000000,r,512
32150000000,r,512
32150000000,s,512
32150000000,r,512
32150000000,r,512
32150000000,r,512
32150000000,r,512
32150000000,r,512
32150000000,r,512
32150000000,r,512
32150000000,r,512
32159999999,r,512
32159999999,s,512
32159999999,r,512
32159999999,r,512
32159999999,r,512
32159999999,r,512
32159999999,r,512
32159999999,r,512
32159999999,r,512
32159999999,r,512
32159999999,r,512
32220000000,r,512
32220000000,r,512
32220000000,r,512
32220000000,r,512
32220000000,r,512
32220000000,r,512
32220000000,r,512
32220000000,r,512
32220000000,r,512
32220000000,r,512
32220000000,r,512
32220000000,r,512
32220000000,r,512
32220000000,r,512
32220000000,r,512
32220000000,r,512
32220000000,r,512
32220000000,r,512
32220000000,r,512
32220000000,r,512
32220000000,r,512
32220000000,r,512
32220000000,r,512
32220000000,r,512
32220000000,r,512
32220000000,r,512
32220000000,r,512
32220000000,r,512
32220000000,r,512
32220000000,r,512
32220000000,r,512
32220000000,s,512
32220000000,r,512
32220000000,r,512
32220000000,r,512
32220000000,r,512
32220000000,r,512
32220000000,r,512
32220000000,r,512
32220000000,r,512
32220000000,r,512
32220000000,r,512
32220000000,r,512
32220000000,r,512
32220000000,r,512
32220000000,r,512
32220000000,r,512
32220000000,r,512
32220000000,r,512
32220000000,r,512
32220000000,r,512
32220000000,r,512
32220000000,r,512
32220000000,r,512
32220000000,r,512
32220000000,r,512
32220000000,r,512
32220000000,r,512
32220000000,r,512
32220000000,r,512
32220000000,r,512
32220000000,r,512
32220000000,r,512
32220000000,r,512
32220000000,r,512
32220000000,r,512
32220000000,r,512
32220000000,r,512
32220000000,r,512
32220000000,r,512
32220000000,r,512
32220000000,r,512
32220000000,r,512
32220000000,r,512
32220000000,r,512
32220000000,r,512
32220000000,r,512
32220000000,r,512
32220000000,r,512
32220000000,r,512
32220000000,r,512
32220000000,r,512
32220000000,r,512
32220000000,r,512
32220000000,r,512
32220000000,r,512
32220000000,r,512
32220000000,r,512
32220000000,r,512
32220000000,r,512
32220000000,r,512
32220000000,r,512
32220000000,s,512
32220000000,r,512
32220000000,r,512
32220000000,r,512
32220000000,s,512
32220000000,r,512
32220000000,r,512
32220000000,r,512
32220000000,r,512
32220000000,r,512
32220000000,r,512
32220000000,r,512
32220000000,r,512
32220000000,r,512
32220000000,r,512
32220000000,r,512
32220000000,r,512
32220000000,r,512
32220000000,r,512
32220000000,r,512
32220000000,r,512
32220000000,r,512
32220000000,r,512
32220000000,r,512
32220000000,r,512
32220000000,r,512
32220000000,r,512
32220000000,r,512
32220000000,r,512
32220000000,r,512
32220000000,r,512
32220000000,r,512
32220000000,r,512
32220000000,r,512
32220000000,r,512
32220000000,r,512
32220000000,r,512
32220000000,r,512
32220000000,r,512
32220000000,r,512
32220000000,r,512
32220000000,r,512
32220000000,r,512
32220000000,r,512
32220000000,r,512
32220000000,r,512
32220000000,r,512
32220000000,r,512
32220000000,r,512
32220000000,r,512
32220000000,r,512
32220000000,r,512
32220000000,r,512
32220000000,r,512
32220000000,r,512
32220000000,r,512
32220000000,r,512
32220000000,r,512
32220000000,r,512
32220000000,r,512
32220000000,s,512
32220000000,r,512
32220000000,r,512
32220000000,r,512
32220000000,r,512
32220000000,r,512
32220000000,r,512
32220000000,r,512
32220000000,r,512
32220000000,r,512
32220000000,r,512
32220000000,r,512
32220000000,r,512
32220000000,r,512
32220000000,r,512
32220000000,r,512
32220000000,r,512
32220000000,r,512
32220000000,r,512
32220000000,r,512
32220000000,r,512
32220000000,r,512
32220000000,r,512
32220000000,r,512
32220000000,r,512
32220000000,r,512
32220000000,r,512
32220000000,r,512
32220000000,r,512
32220000000,r,512
32220000000,s,512
32240000000,r,512
32240000000,r,512
32240000000,r,512
32240000000,r,512
32240000000,r,512
32240000000,r,512
32240000000,r,512
32240000000,r,512
32240000000,r,512
32310000000,r,512
32310000000,r,512
33850000000,s,512
34020000000,r,512
34020000000,r,512
34020000000,r,512
34020000000,s,512
34020000000,r,512
34020000000,r,512
34020000000,r,512
34020000000,r,512
34030000000,r,512
34030000000,r,512
34030000000,r,512
34030000000,r,512
34030000000,r,512
34030000000,r,512
34030000000,r,512
34030000000,r,512
34060000000,r,512
34060000000,r,512
34060000000,r,512
34060000000,r,512
34060000000,r,512
34060000000,r,512
34060000000,r,512
34080000000,r,512
34100000000,r,512
34100000000,r,512
34100000000,r,512
34100000000,r,512
34100000000,r,512
34100000000,r,512
34100000000,r,512
34100000000,r,512
34100000000,r,512
34100000000,r,512
34100000000,r,512
34100000000,r,512
34100000000,r,512
34100000000,r,512
34100000000,r,512
34100000000,r,512
34100000000,r,512
34100000000,r,512
34100000000,r,512
34100000000,r,512
34100000000,r,512
34100000000,r,512
34100000000,r,512
34100000000,r,512
34100000000,r,512
34100000000,r,512
34100000000,r,512
34100000000,s,512
35670000000,r,512
35670000000,r,512
35880000000,s,512
36050000000,r,512
36050000000,r,512
36050000000,r,512
36050000000,r,512
36050000000,r,512
36050000000,r,512
36050000000,r,512
36050000000,r,512
36050000000,r,512
36050000000,r,512
36050000000,r,512
36050000000,r,512
36050000000,r,512
36050000000,r,512
36050000000,r,512
36060000000,r,512
36060000000,r,512
36060000000,r,512
36060000000,r,512
36060000000,r,512
36060000000,s,512
36060000000,r,512
36060000000,r,512
36060000000,r,512
36120000000,r,512
36120000000,r,512
36120000000,r,512
36120000000,r,512
36120000000,r,512
36120000000,r,512
36120000000,r,512
36130000000,r,512
36130000000,r,512
36130000000,r,512
36130000000,r,512
36130000000,r,512
36130000000,r,512
36130000000,r,512
36130000000,r,512
36130000000,r,512
36130000000,r,512
36130000000,r,512
36130000000,r,512
36130000000,r,512
36130000000,r,512
36130000000,r,512
36130000000,r,512
36130000000,r,512
36140000000,r,512
36140000000,r,512
36140000000,r,512
36140000000,r,512
36140000000,r,512
36140000000,s,512
36140000000,r,512
36210000000,r,512
36210000000,r,512
36210000000,r,512
37910000000,s,512
38090000000,r,512
38090000000,r,512
38090000000,r,512
38090000000,r,512
38090000000,r,512
38090000000,r,512
38090000000,r,512
38100000000,r,512
38100000000,r,512
38100000000,r,512
38100000000,r,512
38100000000,r,512
38100000000,r,512
38100000000,r,512
38100000000,s,512
38120000000,r,512
38120000000,r,512
38120000000,r,512
38120000000,r,512
38120000000,r,512
38120000000,r,512
38120000000,r,512
38120000000,r,512
38120000000,r,512
38170000000,r,512
38170000000,r,512
38170000000,r,512
38170000000,r,512
38170000000,r,512
38170000000,r,512
38170000000,r,512
38170000000,r,512
38170000000,r,512
38170000000,r,512
38170000000,r,512
38170000000,r,512
38170000000,r,512
38170000000,r,512
38170000000,r,512
38170000000,r,512
38170000000,r,512
38170000000,r,512
38170000000,r,512
38170000000,r,512
38170000000,r,512
38170000000,r,512
38170000000,r,512
38170000000,r,512
38170000000,r,512
38170000000,r,512
38170000000,r,512
38170000000,r,512
38170000000,r,512
38170000000,r,512
38170000000,r,512
38170000000,r,512
38190000000,r,512
38190000000,r,512
38190000000,r,512
38190000000,r,512
38190000000,r,512
38190000000,r,512
38250000000,r,512
38250000000,r,512
38250000000,r,512
38250000000,s,512
38250000000,r,512
38250000000,r,512
38250000000,r,512
38250000000,r,512
38270000000,r,512
56020000000,r,512
56020000000,r,512
