0,r,512
230000000,r,512
230000000,s,512
610000000,r,512
990000000,s,512
1360000000,r,512
1360000000,s,512
1360000000,s,512
1740000000,r,512
1740000000,r,512
1740000000,r,512
1740000000,r,512
1740000000,r,512
1740000000,r,512
1740000000,r,512
1740000000,s,512
1860000000,r,512
1860000000,s,512
2190000000,r,512
2190000000,s,512
2300000000,r,512
2300000000,r,512
2530000000,r,512
2530000000,r,512
2530000000,s,512
2530000000,s,512
2880000000,r,512
3030000000,s,512
3360000000,r,512
3360000000,s,512
3360000000,s,512
3710000000,r,512
3710000000,r,512
3710000000,r,512
3710000000,r,512
3710000000,r,512
3710000000,r,512
3710000000,r,512
3850000000,r,512
3850000000,r,512
3850000000,r,512
3850000000,s,512
4190000000,r,512
4190000000,r,512
4190000000,s,512
4190000000,s,512
4640000000,r,512
4640000000,s,512
4750000000,r,512
4900000000,s,512
6100000000,r,512
6100000000,r,512
6100000000,r,512
6100000000,r,512
6100000000,r,512
6100000000,r,512
6100000000,r,512
6100000000,r,512
6100000000,r,512
6100000000,r,512
6100000000,r,512
6100000000,r,512
6100000000,r,512
6100000000,r,512
6210000000,r,512
6210000000,r,512
6210000000,r,512
6230000000,r,512
6230000000,r,512
6230000000,r,512
6230000000,r,512
6230000000,r,512
6230000000,r,512
6230000000,r,512
6280000000,r,512
6280000000,r,512
6280000000,r,512
6280000000,r,512
6280000000,r,512
6280000000,r,512
6280000000,r,512
6280000000,r,512
6280000000,r,512
6280000000,r,512
6280000000,r,512
6280000000,r,512
6280000000,r,512
6280000000,r,512
6280000000,r,512
6280000000,r,512
6280000000,s,512
6330000000,r,512
6330000000,r,512
6330000000,r,512
6330000000,r,512
6330000000,r,512
6330000000,r,512
6330000000,r,512
6330000000,r,512
6330000000,r,512
6340000000,r,512
6340000000,r,512
6340000000,r,512
6340000000,r,512
6340000000,r,512
6340000000,r,512
6340000000,r,512
6340000000,r,512
6340000000,r,512
6340000000,r,512
6340000000,r,512
6360000000,s,512
6360000000,s,512
6360000000,s,512
6360000000,s,512
6360000000,s,512
6360000000,s,512
6540000000,r,512
6540000000,r,512
6540000000,r,512
6540000000,r,512
6540000000,r,512
6540000000,r,512
6540000000,r,512
6570000000,s,512
6570000000,s,512
6570000000,s,512
6570000000,s,512
6580000000,s,512
6580000000,s,512
6650000000,r,512
6800000000,r,512
6800000000,r,512
6800000000,s,512
6800000000,s,512
6800000000,s,512
6800000000,s,512
6910000000,r,512
7020000000,r,512
7030000000,s,512
7030000000,s,512
7140000000,r,512
7140000000,r,512
7140000000,r,512
7140000000,r,512
7140000000,s,512
7140000000,r,512
7140000000,s,512
7140000000,s,512
7180000000,r,512
7180000000,r,512
7180000000,r,512
7180000000,r,512
7180000000,r,512
7180000000,r,512
7180000000,r,512
7180000000,r,512
7180000000,r,512
7180000000,s,512
7180000000,s,512
7180000000,s,512
7180000000,s,512
7230000000,r,512
7230000000,r,512
7230000000,r,512
7230000000,r,512
7230000000,r,512
7230000000,r,512
7230000000,r,512
7230000000,r,512
7250000000,r,512
7250000000,r,512
7250000000,r,512
7250000000,r,512
7250000000,r,512
7250000000,r,512
7250000000,r,512
7250000000,s,512
7250000000,s,512
7250000000,s,512
7250000000,s,512
7250000000,s,512
7250000000,s,512
7250000000,s,512
7280000000,r,512
7280000000,r,512
7280000000,r,512
7280000000,r,512
7280000000,r,512
7280000000,r,512
7280000000,r,512
7350000000,r,512
7350000000,r,512
7350000000,r,512
7350000000,r,512
7350000000,r,512
7350000000,r,512
7360000000,r,512
7360000000,r,512
7360000000,r,512
7360000000,r,512
7360000000,r,512
7360000000,r,512
7360000000,r,512
7470000000,r,512
7470000000,r,512
7570000000,r,512
7570000000,r,512
7580000000,s,512
7580000000,s,512
7580000000,s,512
7600000000,r,512
7600000000,r,512
7600000000,r,512
7600000000,r,512
7600000000,r,512
7600000000,r,512
7600000000,r,512
7600000000,r,512
7600000000,r,512
7600000000,r,512
7600000000,r,512
7600000000,r,512
7600000000,r,512
7600000000,r,512
7610000000,s,512
7610000000,s,512
7630000000,r,512
7630000000,r,512
7630000000,r,512
7630000000,r,512
7630000000,r,512
7630000000,r,512
7690000000,r,512
7690000000,r,512
7690000000,r,512
7690000000,r,512
7690000000,r,512
7690000000,r,512
7690000000,r,512
7700000000,s,512
7700000000,s,512
7700000000,s,512
7730000000,r,512
7730000000,r,512
7740000000,r,512
7740000000,r,512
7740000000,r,512
7740000000,r,512
7790000000,r,512
7790000000,r,512
7790000000,r,512
7790000000,r,512
7790000000,r,512
7790000000,r,512
7790000000,r,512
7790000000,r,512
7790000000,r,512
7790000000,r,512
7790000000,r,512
7790000000,r,512
7790000000,r,512
7790000000,r,512
7790000000,r,512
7790000000,r,512
7790000000,r,512
7790000000,r,512
7790000000,r,512
7790000000,r,512
7790000000,r,512
7790000000,s,512
7790000000,r,512
7790000000,r,512
7790000000,r,512
7790000000,r,512
7790000000,r,512
7790000000,r,512
7790000000,r,512
7790000000,r,512
7790000000,r,512
7790000000,r,512
7790000000,r,512
7790000000,s,512
7790000000,s,512
7790000000,s,512
7790000000,s,512
7790000000,s,512
7810000000,r,512
7810000000,r,512
7810000000,r,512
7810000000,r,512
7810000000,r,512
7810000000,r,512
7810000000,r,512
7810000000,r,512
7810000000,r,512
7810000000,r,512
7810000000,r,512
7850000000,r,512
7850000000,r,512
7850000000,r,512
7850000000,r,512
7850000000,r,512
7850000000,r,512
7880000000,r,512
7880000000,r,512
7880000000,r,512
7880000000,r,512
7880000000,r,512
7880000000,r,512
7880000000,r,512
7880000000,r,512
7880000000,s,512
7880000000,r,512
7880000000,r,512
7880000000,r,512
7880000000,r,512
7880000000,r,512
7880000000,r,512
7880000000,r,512
7890000000,r,512
7890000000,r,512
7890000000,r,512
7890000000,r,512
7890000000,r,512
7890000000,r,512
7890000000,r,512
7890000000,r,512
7890000000,r,512
7890000000,r,512
7890000000,r,512
7890000000,r,512
7890000000,r,512
7890000000,r,512
7890000000,r,512
7890000000,r,512
7900000000,r,512
7900000000,r,512
7900000000,r,512
7900000000,r,512
7900000000,r,512
7900000000,r,512
7900000000,r,512
7900000000,r,512
7900000000,r,512
7900000000,r,512
7900000000,r,512
7900000000,r,512
7900000000,r,512
7900000000,r,512
7900000000,r,512
7900000000,r,512
7900000000,r,512
7900000000,r,512
7900000000,r,512
7900000000,r,512
7900000000,r,512
7900000000,r,512
7900000000,r,512
7900000000,r,512
7900000000,r,512
7900000000,r,512
7900000000,r,512
7900000000,s,512
7900000000,r,512
7900000000,r,512
7900000000,r,512
7900000000,r,512
7900000000,r,512
7900000000,r,512
7900000000,r,512
7900000000,r,512
7900000000,r,512
7910000000,r,512
7910000000,r,512
7910000000,r,512
7910000000,r,512
7910000000,r,512
7910000000,s,512
7910000000,r,512
7910000000,r,512
7910000000,r,512
7990000000,r,512
7990000000,r,512
7990000000,r,512
7990000000,r,512
7990000000,s,512
7990000000,s,512
7990000000,s,512
8029999999,s,512
8039999999,r,512
8039999999,r,512
8039999999,r,512
8039999999,r,512
8039999999,r,512
8039999999,r,512
8039999999,r,512
8039999999,r,512
8039999999,r,512
8039999999,r,512
8039999999,r,512
8039999999,r,512
8039999999,r,512
8039999999,r,512
8039999999,r,512
8039999999,r,512
8039999999,r,512
8039999999,s,512
8050000000,s,512
8050000000,s,512
8050000000,r,512
8050000000,r,512
8050000000,r,512
8050000000,r,512
8050000000,r,512
8050000000,r,512
8050000000,r,512
8050000000,r,512
8070000000,r,512
8070000000,r,512
8070000000,r,512
8070000000,r,512
8070000000,r,512
8070000000,r,512
8070000000,r,512
8070000000,s,512
8070000000,r,512
8070000000,r,512
8070000000,r,512
8070000000,r,512
8070000000,r,512
8070000000,r,512
8070000000,r,512
8070000000,r,512
8070000000,r,512
8070000000,s,512
8070000000,s,512
8100000000,r,512
8100000000,s,512
8100000000,r,512
8100000000,r,512
8100000000,r,512
8100000000,r,512
8100000000,r,512
8100000000,r,512
8100000000,r,512
8100000000,r,512
8100000000,r,512
8100000000,r,512
8100000000,r,512
8100000000,r,512
8100000000,r,512
8100000000,r,512
8100000000,r,512
8100000000,r,512
8100000000,r,512
8100000000,r,512
8100000000,r,512
8100000000,r,512
8100000000,r,512
8100000000,r,512
8100000000,r,512
8100000000,r,512
8100000000,r,512
8100000000,r,512
8100000000,r,512
8100000000,r,512
8100000000,r,512
8100000000,r,512
8100000000,r,512
8100000000,r,512
8100000000,r,512
8100000000,r,512
8100000000,r,512
8100000000,r,512
8100000000,r,512
8100000000,r,512
8100000000,r,512
8100000000,r,512
8100000000,r,512
8100000000,r,512
8100000000,r,512
8100000000,r,512
8100000000,r,512
8100000000,r,512
8100000000,r,512
8100000000,r,512
8100000000,r,512
8220000000,r,512
8220000000,s,512
8220000000,r,512
8220000000,s,512
8220000000,r,512
8220000000,r,512
8220000000,r,512
8220000000,r,512
8220000000,r,512
8220000000,r,512
8220000000,r,512
8220000000,r,512
8220000000,r,512
8220000000,r,512
8220000000,r,512
8220000000,r,512
8220000000,r,512
8220000000,r,512
8220000000,r,512
8220000000,r,512
8220000000,r,512
8220000000,r,512
8220000000,r,512
8220000000,r,512
8220000000,r,512
8220000000,s,512
8220000000,s,512
8220000000,s,512
8240000000,r,512
8240000000,r,512
8240000000,r,512
8240000000,r,512
8240000000,r,512
8240000000,r,512
8240000000,r,512
8250000000,r,512
8250000000,r,512
8250000000,r,512
8250000000,r,512
8250000000,r,512
8250000000,r,512
8250000000,r,512
8250000000,r,512
8260000000,r,512
8260000000,r,512
8260000000,r,512
8260000000,r,512
8260000000,r,512
8260000000,r,512
8310000000,r,512
8310000000,r,512
8310000000,s,512
8310000000,r,512
8310000000,r,512
8310000000,r,512
8310000000,r,512
8310000000,r,512
8330000000,r,512
8330000000,r,512
8330000000,r,512
8330000000,s,512
8330000000,s,512
8330000000,s,512
8330000000,s,512
8410000000,r,512
8410000000,r,512
8410000000,r,512
8410000000,r,512
8410000000,r,512
8410000000,r,512
8410000000,r,512
8410000000,r,512
8410000000,r,512
8410000000,r,512
8410000000,r,512
8410000000,r,512
8410000000,r,512
8410000000,r,512
8410000000,r,512
8410000000,r,512
8410000000,r,512
8410000000,r,512
8410000000,r,512
8410000000,r,512
8410000000,r,512
8410000000,r,512
8410000000,r,512
8410000000,r,512
8410000000,r,512
8410000000,r,512
8410000000,r,512
8410000000,r,512
8410000000,r,512
8410000000,r,512
8410000000,r,512
8410000000,r,512
8410000000,r,512
8410000000,r,512
8410000000,r,512
8410000000,r,512
8410000000,r,512
8410000000,r,512
8410000000,r,512
8410000000,r,512
8410000000,r,512
8410000000,r,512
8410000000,r,512
8410000000,r,512
8410000000,r,512
8410000000,r,512
8410000000,r,512
8410000000,r,512
8410000000,s,512
8410000000,r,512
8410000000,r,512
8410000000,r,512
8410000000,r,512
8410000000,r,512
8410000000,r,512
8410000000,s,512
8410000000,s,512
8410000000,s,512
8410000000,r,512
8410000000,r,512
8410000000,r,512
8410000000,r,512
8410000000,r,512
8410000000,r,512
8410000000,r,512
8410000000,r,512
8410000000,r,512
8410000000,r,512
8410000000,r,512
8410000000,r,512
8410000000,r,512
8410000000,r,512
8410000000,r,512
8410000000,r,512
8410000000,r,512
8410000000,r,512
8410000000,r,512
8410000000,r,512
8410000000,r,512
8410000000,r,512
8410000000,r,512
8410000000,r,512
8410000000,s,512
8410000000,r,512
8410000000,r,512
8410000000,r,512
8410000000,r,512
8410000000,r,512
8410000000,r,512
8410000000,r,512
8410000000,r,512
8410000000,r,512
8410000000,r,512
8410000000,r,512
8410000000,r,512
8410000000,r,512
8410000000,r,512
8410000000,r,512
8410000000,r,512
8410000000,r,512
8410000000,r,512
8410000000,r,512
8410000000,r,512
8410000000,r,512
8410000000,r,512
8410000000,r,512
8410000000,r,512
8410000000,r,512
8430000000,s,512
8439999999,r,512
8439999999,r,512
8439999999,r,512
8439999999,r,512
8439999999,r,512
8439999999,r,512
8449999999,s,512
8510000000,r,512
8510000000,r,512
8510000000,r,512
8510000000,r,512
8510000000,r,512
8510000000,r,512
8510000000,r,512
8529999999,s,512
8550000000,r,512
8550000000,r,512
8550000000,r,512
8550000000,r,512
8560000000,s,512
8660000000,r,512
8660000000,r,512
8660000000,r,512
8660000000,r,512
8920000000,r,512
8920000000,r,512
8920000000,r,512
8920000000,r,512
8920000000,s,512
8920000000,s,512
8920000000,s,512
9020000000,r,512
9020000000,r,512
9020000000,r,512
9020000000,r,512
9020000000,r,512
9020000000,r,512
9020000000,r,512
9020000000,r,512
9020000000,r,512
9020000000,r,512
9020000000,r,512
9030000000,r,512
9030000000,r,512
9030000000,r,512
9030000000,r,512
9030000000,r,512
9030000000,r,512
9030000000,r,512
9030000000,r,512
9040000000,s,512
9040000000,s,512
9040000000,r,512
9040000000,r,512
9040000000,r,512
9040000000,s,512
9040000000,r,512
9040000000,r,512
9040000000,r,512
9040000000,r,512
9040000000,r,512
9040000000,r,512
9040000000,r,512
9040000000,r,512
9040000000,r,512
9040000000,r,512
9040000000,r,512
9040000000,r,512
9040000000,r,512
9040000000,r,512
9040000000,r,512
9040000000,r,512
9040000000,r,512
9040000000,r,512
9040000000,r,512
9040000000,r,512
9040000000,r,512
9040000000,r,512
9040000000,r,512
9040000000,r,512
9040000000,r,512
9040000000,r,512
9040000000,r,512
9040000000,r,512
9040000000,r,512
9040000000,r,512
9040000000,r,512
9040000000,r,512
9040000000,r,512
9040000000,r,512
9040000000,r,512
9040000000,r,512
9040000000,r,512
9040000000,r,512
9040000000,s,512
9140000000,r,512
9140000000,r,512
9140000000,r,512
9260000000,r,512
9260000000,r,512
9260000000,r,512
9260000000,r,512
9260000000,r,512
9260000000,r,512
9260000000,r,512
9260000000,r,512
9260000000,r,512
9260000000,r,512
9260000000,r,512
9360000000,s,512
9370000000,r,512
9370000000,r,512
9370000000,s,512
9370000000,r,512
9370000000,r,512
9370000000,r,512
9400000000,s,512
9520000000,r,512
9520000000,r,512
9520000000,r,512
9520000000,r,512
9520000000,r,512
9520000000,r,512
9520000000,r,512
9630000000,r,512
9630000000,r,512
9630000000,r,512
9630000000,r,512
9630000000,r,512
9630000000,r,512
9630000000,r,512
9630000000,r,512
9630000000,s,512
9630000000,s,512
9630000000,s,512
9630000000,r,512
9630000000,r,512
9750000000,r,512
9750000000,r,512
9750000000,r,512
9750000000,r,512
9750000000,r,512
9750000000,r,512
9750000000,r,512
9880000000,r,512
9900000000,s,512
10040000000,r,512
10040000000,r,512
10040000000,s,512
10040000000,s,512
10040000000,s,512
10260000000,r,512
10260000000,r,512
10260000000,r,512
10260000000,r,512
10260000000,r,512
10260000000,r,512
10260000000,r,512
10260000000,r,512
10260000000,r,512
10260000000,r,512
10260000000,r,512
10260000000,r,512
10260000000,r,512
10260000000,r,512
10260000000,r,512
10260000000,s,512
10310000000,r,512
10310000000,r,512
10310000000,s,512
10370000000,r,512
10370000000,r,512
10370000000,r,512
10370000000,r,512
10370000000,r,512
10370000000,r,512
10370000000,r,512
10370000000,r,512
10470000000,r,512
10470000000,r,512
10470000000,r,512
10470000000,r,512
10470000000,r,512
10470000000,r,512
10470000000,r,512
10480000000,r,512
10480000000,r,512
10640000000,s,512
10640000000,s,512
10640000000,r,512
10640000000,r,512
10640000000,r,512
10640000000,r,512
10640000000,r,512
10640000000,r,512
10640000000,r,512
10750000000,r,512
10750000000,r,512
10750000000,r,512
10750000000,r,512
10750000000,r,512
10750000000,r,512
10750000000,r,512
10750000000,r,512
10750000000,r,512
10750000000,r,512
10750000000,r,512
10750000000,r,512
10750000000,r,512
10750000000,r,512
10750000000,r,512
10780000000,s,512
10980000000,r,512
10980000000,s,512
10980000000,s,512
11110000000,r,512
11110000000,r,512
11110000000,r,512
11110000000,r,512
11110000000,r,512
11110000000,r,512
11110000000,r,512
11110000000,r,512
11110000000,r,512
11110000000,r,512
11110000000,r,512
11110000000,r,512
11110000000,r,512
11110000000,r,512
11110000000,r,512
11110000000,r,512
11110000000,r,512
11110000000,r,512
11110000000,r,512
11110000000,r,512
11110000000,r,512
11110000000,r,512
11110000000,r,512
11110000000,r,512
11110000000,r,512
11110000000,r,512
11120000000,r,512
11120000000,r,512
11120000000,r,512
11120000000,r,512
11120000000,r,512
11120000000,s,512
11120000000,r,512
11120000000,r,512
11120000000,r,512
11120000000,r,512
11120000000,r,512
11120000000,r,512
11120000000,r,512
11120000000,r,512
11120000000,r,512
11120000000,r,512
11120000000,r,512
11120000000,r,512
11120000000,r,512
11120000000,r,512
11130000000,r,512
11130000000,r,512
11130000000,r,512
11130000000,r,512
11130000000,r,512
11130000000,r,512
11130000000,r,512
11130000000,r,512
11130000000,r,512
11140000000,r,512
11140000000,r,512
11140000000,r,512
11140000000,r,512
11140000000,r,512
11140000000,r,512
11140000000,r,512
11140000000,s,512
11200000000,r,512
11200000000,r,512
11200000000,r,512
11200000000,r,512
11200000000,r,512
11200000000,r,512
11200000000,r,512
11200000000,r,512
11200000000,r,512
11200000000,r,512
11200000000,r,512
11200000000,r,512
11200000000,r,512
11200000000,r,512
11200000000,r,512
11200000000,r,512
11200000000,r,512
11210000000,r,512
11210000000,r,512
11210000000,r,512
11210000000,s,512
11210000000,r,512
11210000000,r,512
11210000000,r,512
11210000000,r,512
11210000000,r,512
11210000000,r,512
11210000000,r,512
11210000000,r,512
11210000000,r,512
11210000000,r,512
11210000000,r,512
11210000000,r,512
11210000000,r,512
11210000000,r,512
11210000000,r,512
11210000000,r,512
11210000000,r,512
11210000000,r,512
11210000000,r,512
11210000000,r,512
11210000000,r,512
11210000000,r,512
11210000000,r,512
11210000000,r,512
11210000000,r,512
11210000000,r,512
11210000000,r,512
11210000000,r,512
11220000000,r,512
11230000000,r,512
11230000000,r,512
11230000000,r,512
11230000000,r,512
11230000000,r,512
11230000000,r,512
11230000000,r,512
11230000000,r,512
11230000000,r,512
11230000000,r,512
11230000000,r,512
11230000000,r,512
11230000000,r,512
11230000000,r,512
11230000000,r,512
11230000000,r,512
11230000000,r,512
11230000000,r,512
11230000000,r,512
11230000000,r,512
11230000000,r,512
11230000000,r,512
11230000000,r,512
11230000000,s,512
11230000000,r,512
11230000000,r,512
11230000000,r,512
11230000000,r,512
11230000000,r,512
11230000000,r,512
11230000000,r,512
11230000000,r,512
11230000000,r,512
11230000000,r,512
11230000000,r,512
11230000000,r,512
11230000000,r,512
11230000000,r,512
11230000000,r,512
11230000000,r,512
11230000000,r,512
11230000000,r,512
11230000000,r,512
11230000000,r,512
11230000000,r,512
11230000000,r,512
11230000000,r,512
11230000000,r,512
11230000000,r,512
11230000000,r,512
11230000000,r,512
11230000000,r,512
11230000000,s,512
11230000000,r,512
11230000000,r,512
11230000000,r,512
11230000000,r,512
11230000000,r,512
11230000000,r,512
11230000000,r,512
11230000000,r,512
11230000000,r,512
11240000000,r,512
11240000000,r,512
11240000000,r,512
11240000000,r,512
11240000000,r,512
11240000000,r,512
11240000000,r,512
11240000000,r,512
11240000000,r,512
11250000000,r,512
11250000000,r,512
11250000000,s,512
11250000000,r,512
11250000000,r,512
11250000000,r,512
11250000000,r,512
11250000000,r,512
11290000000,r,512
11290000000,r,512
11290000000,r,512
11290000000,r,512
11290000000,r,512
11290000000,r,512
11290000000,r,512
11290000000,r,512
11290000000,r,512
11320000000,r,512
11320000000,r,512
11320000000,r,512
11320000000,r,512
11320000000,r,512
11320000000,r,512
11320000000,r,512
11320000000,r,512
11320000000,r,512
11320000000,r,512
11320000000,r,512
11320000000,r,512
11320000000,r,512
11320000000,r,512
11320000000,r,512
11320000000,r,512
11320000000,r,512
11320000000,r,512
11320000000,r,512
11320000000,r,512
11320000000,r,512
11320000000,r,512
11320000000,r,512
11320000000,r,512
11320000000,r,512
11320000000,r,512
11320000000,r,512
11320000000,r,512
11320000000,r,512
11320000000,r,512
11320000000,r,512
11320000000,r,512
11320000000,r,512
11320000000,r,512
11320000000,r,512
11320000000,r,512
11320000000,r,512
11320000000,r,512
11320000000,r,512
11320000000,r,512
11320000000,r,512
11320000000,r,512
11320000000,r,512
11320000000,r,512
11320000000,r,512
11320000000,r,512
11320000000,r,512
11320000000,r,512
11320000000,r,512
11320000000,r,512
11320000000,r,512
11320000000,r,512
11320000000,r,512
11320000000,r,512
11320000000,r,512
11320000000,s,512
11320000000,r,512
11320000000,r,512
11320000000,r,512
11320000000,r,512
11320000000,r,512
11320000000,r,512
11320000000,r,512
11320000000,r,512
11320000000,r,512
11320000000,r,512
11320000000,r,512
11320000000,s,512
11320000000,r,512
11320000000,r,512
11320000000,r,512
11320000000,r,512
11320000000,r,512
11340000000,r,512
11340000000,r,512
11340000000,r,512
11340000000,r,512
11340000000,r,512
11340000000,r,512
11340000000,r,512
11340000000,r,512
11340000000,r,512
11340000000,r,512
11340000000,r,512
11340000000,r,512
11340000000,r,512
11340000000,r,512
11340000000,r,512
11340000000,r,512
11340000000,r,512
11340000000,r,512
11340000000,r,512
11340000000,r,512
11340000000,r,512
11340000000,r,512
11340000000,r,512
11340000000,r,512
11340000000,r,512
11340000000,r,512
11340000000,r,512
11340000000,r,512
11340000000,r,512
11340000000,r,512
11340000000,r,512
11340000000,r,512
11340000000,s,512
11340000000,r,512
11340000000,r,512
11340000000,r,512
11340000000,r,512
11340000000,r,512
11340000000,r,512
11340000000,r,512
11340000000,r,512
11340000000,r,512
11340000000,r,512
11340000000,r,512
11340000000,r,512
11340000000,r,512
11340000000,r,512
11340000000,r,512
11340000000,r,512
11340000000,r,512
11340000000,r,512
11340000000,r,512
11340000000,r,512
11340000000,r,512
11340000000,r,512
11340000000,r,512
11340000000,r,512
11340000000,r,512
11340000000,r,512
11340000000,r,512
11340000000,r,512
11340000000,r,512
11340000000,r,512
11340000000,r,512
11340000000,r,512
11340000000,r,512
11340000000,r,512
11340000000,r,512
11340000000,r,512
11340000000,r,512
11340000000,r,512
11340000000,r,512
11340000000,r,512
11340000000,s,512
11340000000,r,512
11340000000,r,512
11340000000,r,512
11340000000,r,512
11340000000,r,512
11340000000,r,512
11340000000,r,512
11340000000,r,512
11340000000,r,512
11340000000,r,512
11350000000,r,512
11350000000,r,512
11350000000,r,512
11350000000,r,512
11350000000,r,512
11350000000,r,512
11350000000,r,512
11350000000,r,512
11350000000,r,512
11350000000,r,512
11350000000,r,512
11350000000,r,512
11350000000,r,512
11350000000,s,512
11350000000,r,512
11350000000,r,512
11350000000,r,512
11350000000,r,512
11350000000,r,512
11350000000,r,512
11350000000,r,512
11350000000,r,512
11350000000,r,512
11350000000,r,512
11350000000,r,512
11350000000,r,512
11350000000,r,512
11350000000,r,512
11350000000,r,512
11350000000,r,512
11350000000,r,512
11350000000,r,512
11350000000,r,512
11350000000,r,512
11350000000,s,512
11360000000,r,512
11360000000,r,512
11360000000,r,512
11360000000,r,512
11360000000,r,512
11360000000,r,512
11360000000,r,512
11360000000,r,512
11360000000,r,512
11400000000,r,512
11400000000,r,512
11400000000,r,512
11400000000,r,512
11400000000,r,512
11400000000,r,512
11400000000,r,512
11400000000,r,512
11400000000,r,512
11400000000,r,512
11400000000,r,512
11400000000,r,512
11400000000,r,512
11400000000,r,512
11400000000,r,512
11400000000,r,512
11400000000,r,512
11400000000,r,512
11400000000,r,512
11400000000,r,512
11400000000,r,512
11400000000,r,512
11400000000,r,512
11430000000,r,512
11430000000,r,512
11430000000,r,512
11430000000,r,512
11430000000,r,512
11430000000,r,512
11430000000,r,512
11430000000,r,512
11430000000,r,512
11430000000,r,512
11430000000,r,512
11430000000,r,512
11430000000,r,512
11430000000,r,512
11430000000,r,512
11430000000,r,512
11430000000,r,512
11430000000,r,512
11430000000,s,512
11430000000,r,512
11430000000,r,512
11430000000,r,512
11430000000,r,512
11430000000,r,512
11430000000,r,512
11430000000,r,512
11430000000,r,512
11430000000,r,512
11430000000,r,512
11430000000,r,512
11430000000,r,512
11430000000,r,512
11430000000,r,512
11430000000,r,512
11430000000,r,512
11430000000,r,512
11430000000,r,512
11430000000,r,512
11430000000,r,512
11430000000,r,512
11430000000,r,512
11430000000,r,512
11430000000,r,512
11430000000,r,512
11430000000,r,512
11430000000,r,512
11430000000,r,512
11430000000,r,512
11430000000,r,512
11430000000,s,512
11430000000,r,512
11430000000,r,512
11430000000,r,512
11430000000,r,512
11430000000,r,512
11430000000,r,512
11470000000,r,512
11470000000,r,512
11470000000,r,512
11470000000,r,512
11470000000,r,512
11470000000,r,512
11470000000,s,512
11540000000,r,512
11540000000,r,512
11540000000,r,512
11540000000,r,512
11540000000,r,512
11540000000,r,512
11540000000,r,512
11590000000,r,512
11590000000,r,512
11590000000,r,512
11590000000,s,512
11590000000,s,512
11860000000,s,512
11990000000,r,512
11990000000,r,512
12000000000,s,512
12150000000,r,512
12150000000,r,512
12150000000,r,512
12150000000,r,512
12150000000,r,512
12150000000,r,512
12150000000,r,512
12150000000,s,512
12190000000,r,512
12190000000,r,512
12190000000,r,512
12190000000,r,512
12190000000,r,512
12190000000,r,512
12190000000,r,512
12190000000,r,512
12190000000,r,512
12190000000,r,512
12190000000,r,512
12190000000,r,512
12190000000,r,512
12190000000,r,512
12190000000,r,512
12190000000,r,512
12190000000,r,512
12190000000,s,512
12190000000,r,512
12190000000,r,512
12190000000,r,512
12190000000,r,512
12190000000,r,512
12190000000,r,512
12190000000,r,512
12190000000,r,512
12190000000,r,512
12190000000,r,512
12190000000,r,512
12190000000,r,512
12190000000,r,512
12190000000,r,512
12190000000,r,512
12190000000,r,512
12190000000,r,512
12190000000,r,512
12200000000,r,512
12200000000,r,512
12200000000,r,512
12200000000,r,512
12200000000,r,512
12200000000,r,512
12200000000,r,512
12200000000,r,512
12200000000,r,512
12200000000,r,512
12200000000,r,512
12200000000,r,512
12200000000,r,512
12200000000,r,512
12200000000,r,512
12200000000,r,512
12200000000,r,512
12200000000,r,512
12200000000,r,512
12200000000,r,512
12200000000,r,512
12200000000,r,512
12200000000,r,512
12200000000,r,512
12200000000,r,512
12200000000,r,512
12200000000,r,512
12220000000,s,512
12260000000,r,512
12260000000,r,512
12260000000,r,512
12260000000,r,512
12260000000,r,512
12260000000,s,512
12260000000,r,512
12260000000,r,512
12260000000,r,512
12260000000,s,512
12370000000,r,512
12370000000,r,512
12370000000,r,512
12370000000,r,512
12370000000,r,512
12390000000,s,512
12500000000,r,512
12500000000,r,512
12500000000,r,512
12500000000,s,512
12520000000,s,512
12620000000,r,512
12620000000,r,512
12620000000,r,512
12620000000,r,512
12620000000,r,512
12620000000,r,512
12620000000,r,512
12620000000,r,512
12620000000,r,512
12620000000,r,512
12620000000,r,512
12620000000,r,512
12620000000,r,512
12620000000,r,512
12620000000,r,512
12620000000,r,512
12620000000,r,512
12620000000,r,512
12620000000,r,512
12620000000,r,512
12620000000,r,512
12620000000,r,512
12620000000,r,512
12620000000,r,512
12620000000,r,512
12620000000,r,512
12620000000,r,512
12620000000,r,512
12620000000,r,512
12620000000,r,512
12620000000,r,512
12620000000,r,512
12620000000,r,512
12620000000,r,512
12620000000,r,512
12620000000,r,512
12620000000,r,512
12620000000,r,512
12620000000,r,512
12650000000,r,512
12650000000,r,512
12650000000,r,512
12650000000,r,512
12650000000,r,512
12650000000,s,512
12650000000,r,512
12650000000,r,512
12650000000,r,512
12730000000,r,512
12730000000,r,512
12730000000,r,512
12730000000,r,512
12730000000,r,512
12730000000,r,512
12730000000,r,512
12730000000,r,512
12760000000,r,512
12760000000,r,512
12760000000,r,512
12760000000,r,512
12870000000,s,512
12980000000,r,512
12980000000,s,512
12980000000,s,512
13300000000,r,512
13300000000,r,512
13300000000,r,512
13300000000,r,512
13300000000,r,512
13300000000,r,512
13300000000,r,512
13300000000,r,512
13300000000,r,512
13300000000,r,512
13300000000,r,512
13300000000,r,512
13300000000,r,512
13300000000,r,512
13300000000,r,512
13300000000,r,512
13300000000,r,512
13300000000,r,512
13310000000,r,512
13310000000,r,512
13310000000,r,512
13310000000,r,512
13310000000,r,512
13310000000,r,512
13310000000,r,512
13390000000,r,512
13390000000,r,512
13410000000,r,512
13410000000,r,512
13410000000,r,512
13410000000,r,512
13410000000,r,512
13410000000,r,512
13410000000,s,512
13410000000,r,512
13410000000,r,512
13410000000,s,512
13520000000,r,512
13520000000,r,512
13520000000,r,512
13520000000,r,512
13520000000,r,512
13520000000,r,512
13520000000,r,512
13690000000,r,512
13690000000,r,512
13690000000,s,512
14030000000,r,512
14030000000,r,512
14030000000,s,512
14030000000,s,512
14030000000,s,512
14360000000,r,512
14360000000,s,512
14460000000,r,512
14460000000,r,512
14460000000,r,512
14460000000,r,512
14460000000,r,512
14460000000,r,512
14460000000,r,512
14470000000,r,512
14470000000,r,512
14470000000,r,512
14470000000,r,512
14470000000,r,512
14470000000,r,512
14470000000,r,512
14470000000,r,512
14470000000,r,512
14470000000,r,512
14470000000,r,512
14470000000,r,512
14470000000,r,512
14470000000,r,512
14470000000,r,512
14470000000,r,512
14560000000,r,512
14560000000,r,512
14560000000,r,512
14560000000,r,512
14560000000,r,512
14560000000,r,512
14560000000,r,512
14570000000,r,512
14580000000,r,512
14580000000,r,512
14580000000,r,512
14580000000,r,512
14580000000,r,512
14580000000,r,512
14580000000,r,512
14580000000,r,512
14580000000,r,512
14580000000,s,512
14580000000,r,512
14580000000,r,512
14580000000,r,512
14580000000,r,512
14580000000,r,512
14580000000,r,512
14580000000,r,512
14580000000,r,512
14580000000,r,512
14580000000,r,512
14580000000,r,512
14580000000,r,512
14580000000,r,512
14580000000,r,512
14580000000,r,512
14580000000,r,512
14580000000,r,512
14580000000,r,512
14580000000,r,512
14580000000,r,512
14580000000,r,512
14580000000,r,512
14580000000,r,512
14580000000,r,512
14580000000,r,512
14580000000,r,512
14580000000,r,512
14580000000,r,512
14580000000,r,512
14580000000,r,512
14580000000,r,512
14580000000,r,512
14580000000,r,512
14580000000,r,512
14580000000,r,512
14580000000,r,512
14580000000,r,512
14580000000,r,512
14580000000,r,512
14670000000,r,512
14670000000,r,512
14670000000,r,512
14670000000,r,512
14670000000,r,512
14670000000,r,512
14670000000,r,512
14670000000,s,512
14670000000,r,512
14670000000,r,512
14670000000,r,512
14670000000,r,512
14670000000,r,512
14670000000,s,512
14690000000,r,512
14690000000,r,512
14690000000,r,512
14690000000,r,512
14690000000,r,512
14690000000,r,512
14690000000,r,512
14690000000,r,512
14690000000,r,512
14690000000,r,512
14690000000,r,512
14690000000,r,512
14690000000,r,512
14690000000,r,512
14690000000,r,512
14690000000,r,512
14690000000,r,512
14690000000,r,512
14690000000,r,512
14690000000,r,512
14690000000,r,512
14690000000,r,512
14690000000,r,512
14690000000,r,512
14690000000,r,512
14690000000,r,512
14690000000,r,512
14690000000,r,512
14690000000,r,512
14690000000,r,512
14690000000,r,512
14690000000,r,512
14690000000,r,512
14690000000,r,512
14690000000,r,512
14690000000,r,512
14690000000,r,512
14690000000,r,512
14690000000,r,512
14690000000,r,512
14690000000,r,512
14690000000,r,512
14690000000,r,512
14690000000,r,512
14690000000,r,512
14690000000,r,512
14690000000,r,512
14690000000,r,512
14690000000,r,512
14690000000,s,512
14690000000,r,512
14690000000,r,512
14690000000,r,512
14690000000,r,512
14690000000,r,512
14690000000,r,512
14690000000,r,512
14690000000,r,512
14690000000,r,512
14690000000,r,512
14690000000,r,512
14690000000,r,512
14690000000,r,512
14690000000,r,512
14690000000,r,512
14690000000,r,512
14690000000,r,512
14700000000,r,512
14700000000,r,512
14700000000,r,512
14700000000,r,512
14700000000,r,512
14700000000,r,512
14700000000,r,512
14700000000,r,512
14700000000,r,512
14700000000,r,512
14700000000,r,512
14700000000,r,512
14700000000,r,512
14700000000,r,512
14700000000,r,512
14700000000,r,512
14700000000,r,512
14700000000,r,512
14700000000,r,512
14700000000,r,512
14700000000,r,512
14700000000,r,512
14700000000,r,512
14710000000,r,512
14710000000,r,512
14710000000,r,512
14710000000,r,512
14710000000,r,512
14710000000,r,512
14710000000,s,512
14710000000,r,512
14710000000,r,512
14710000000,r,512
14710000000,r,512
14710000000,s,512
14710000000,r,512
14710000000,r,512
14710000000,r,512
14710000000,r,512
14710000000,r,512
14710000000,r,512
14780000000,r,512
14780000000,r,512
14780000000,r,512
14780000000,r,512
14780000000,r,512
14780000000,r,512
14780000000,r,512
14780000000,r,512
14780000000,r,512
14780000000,r,512
14780000000,r,512
14780000000,r,512
14780000000,r,512
14780000000,r,512
14780000000,r,512
14780000000,r,512
14780000000,r,512
14780000000,r,512
14800000000,r,512
14800000000,r,512
14800000000,r,512
14800000000,r,512
14800000000,r,512
14800000000,r,512
14800000000,r,512
14800000000,r,512
14800000000,r,512
14800000000,r,512
14800000000,r,512
14800000000,r,512
14800000000,r,512
14800000000,r,512
14800000000,r,512
14800000000,r,512
14800000000,r,512
14800000000,r,512
14800000000,r,512
14800000000,r,512
14800000000,r,512
14800000000,r,512
14800000000,r,512
14800000000,r,512
14800000000,r,512
14800000000,r,512
14800000000,r,512
14800000000,r,512
14800000000,r,512
14800000000,r,512
14800000000,r,512
14800000000,r,512
14800000000,r,512
14800000000,r,512
14800000000,r,512
14800000000,r,512
14800000000,r,512
14800000000,r,512
14800000000,r,512
14800000000,r,512
14800000000,r,512
14800000000,r,512
14800000000,r,512
14800000000,r,512
14800000000,r,512
14800000000,r,512
14800000000,r,512
14800000000,r,512
14800000000,r,512
14800000000,r,512
14800000000,r,512
14800000000,r,512
14800000000,r,512
14800000000,r,512
14800000000,r,512
14800000000,r,512
14800000000,r,512
14800000000,r,512
14800000000,r,512
14800000000,r,512
14800000000,r,512
14800000000,r,512
14800000000,r,512
14800000000,s,512
14800000000,r,512
14800000000,r,512
14800000000,r,512
14800000000,r,512
14800000000,r,512
14800000000,r,512
14800000000,r,512
14800000000,r,512
14800000000,r,512
14800000000,s,512
14800000000,r,512
14800000000,r,512
14800000000,r,512
14800000000,r,512
14800000000,r,512
14800000000,r,512
14800000000,r,512
14800000000,s,512
14810000000,r,512
14810000000,r,512
14810000000,r,512
14810000000,r,512
14810000000,r,512
14810000000,s,512
15100000000,s,512
15450000000,r,512
15450000000,r,512
15450000000,r,512
15450000000,r,512
15450000000,r,512
15450000000,r,512
15450000000,r,512
15460000000,r,512
15460000000,r,512
15460000000,r,512
15460000000,r,512
15460000000,r,512
15460000000,r,512
15460000000,r,512
15460000000,r,512
15460000000,r,512
15460000000,r,512
15460000000,r,512
15460000000,r,512
15460000000,r,512
15460000000,r,512
15460000000,r,512
15540000000,r,512
15540000000,s,512
15540000000,r,512
15540000000,r,512
15540000000,r,512
15540000000,r,512
15540000000,r,512
15540000000,r,512
15540000000,r,512
15550000000,s,512
15550000000,s,512
15560000000,r,512
15560000000,r,512
15560000000,r,512
15560000000,r,512
15560000000,r,512
15560000000,r,512
15560000000,r,512
15560000000,r,512
15560000000,r,512
15560000000,r,512
15560000000,r,512
15560000000,r,512
15560000000,r,512
15560000000,r,512
15560000000,r,512
15560000000,s,512
16040000000,r,512
16040000000,s,512
16040000000,s,512
16160000000,r,512
16160000000,s,512
16160000000,s,512
16370000000,r,512
16370000000,r,512
16370000000,r,512
16370000000,r,512
16370000000,r,512
16370000000,r,512
16370000000,r,512
16520000000,r,512
16520000000,r,512
16520000000,s,512
16590000000,r,512
16590000000,r,512
16590000000,r,512
16590000000,r,512
16590000000,r,512
16590000000,r,512
16590000000,r,512
16629999999,r,512
16629999999,r,512
16629999999,r,512
16629999999,s,512
16840000000,r,512
16840000000,r,512
16840000000,r,512
16840000000,r,512
16840000000,r,512
16840000000,r,512
16840000000,r,512
16840000000,s,512
16930000000,r,512
16930000000,r,512
16930000000,r,512
16930000000,r,512
16930000000,r,512
16930000000,r,512
16930000000,r,512
16930000000,r,512
16930000000,r,512
16930000000,r,512
16930000000,r,512
16930000000,r,512
16930000000,r,512
16930000000,r,512
16930000000,r,512
16940000000,r,512
16940000000,r,512
16940000000,r,512
16940000000,s,512
16940000000,r,512
16940000000,r,512
16940000000,r,512
16940000000,r,512
16940000000,r,512
16940000000,r,512
16940000000,r,512
16940000000,r,512
16940000000,r,512
16940000000,r,512
16940000000,r,512
16940000000,r,512
16950000000,r,512
16950000000,r,512
16950000000,r,512
16960000000,r,512
16960000000,s,512
16960000000,r,512
16960000000,r,512
16960000000,r,512
16960000000,r,512
16960000000,r,512
16960000000,r,512
16960000000,r,512
16960000000,r,512
16960000000,r,512
16960000000,r,512
16960000000,r,512
16960000000,r,512
16960000000,r,512
16960000000,s,512
16960000000,r,512
16960000000,r,512
16960000000,r,512
16960000000,r,512
16960000000,r,512
16960000000,r,512
16960000000,r,512
16960000000,r,512
16980000000,s,512
17030000000,r,512
17030000000,r,512
17030000000,r,512
17030000000,r,512
17030000000,r,512
17030000000,r,512
17030000000,r,512
17030000000,r,512
17050000000,r,512
17050000000,r,512
17050000000,r,512
17050000000,r,512
17050000000,r,512
17050000000,r,512
17050000000,r,512
17050000000,r,512
17050000000,r,512
17050000000,r,512
17050000000,r,512
17050000000,r,512
17050000000,r,512
17050000000,r,512
17050000000,r,512
17050000000,r,512
17050000000,r,512
17050000000,r,512
17050000000,r,512
17050000000,r,512
17050000000,r,512
17050000000,r,512
17050000000,r,512
17050000000,s,512
17050000000,r,512
17050000000,r,512
17050000000,r,512
17050000000,r,512
17050000000,r,512
17050000000,r,512
17050000000,r,512
17050000000,r,512
17050000000,r,512
17050000000,r,512
17050000000,r,512
17050000000,r,512
17050000000,r,512
17050000000,r,512
17050000000,r,512
17050000000,r,512
17050000000,r,512
17050000000,r,512
17050000000,r,512
17050000000,r,512
17050000000,r,512
17050000000,r,512
17050000000,r,512
17050000000,r,512
17070000000,r,512
17070000000,r,512
17070000000,r,512
17070000000,r,512
17070000000,r,512
17070000000,r,512
17070000000,r,512
17070000000,r,512
17070000000,s,512
17070000000,r,512
17070000000,r,512
17070000000,r,512
17070000000,r,512
17070000000,r,512
17070000000,r,512
17070000000,r,512
17070000000,r,512
17070000000,r,512
17070000000,r,512
17070000000,r,512
17070000000,r,512
17070000000,r,512
17070000000,r,512
17070000000,r,512
17070000000,r,512
17070000000,r,512
17070000000,r,512
17070000000,s,512
17070000000,r,512
17070000000,r,512
17070000000,r,512
17070000000,r,512
17070000000,r,512
17070000000,r,512
17070000000,r,512
17070000000,r,512
17070000000,r,512
17070000000,r,512
17070000000,r,512
17070000000,r,512
17070000000,r,512
17070000000,r,512
17070000000,r,512
17070000000,r,512
17070000000,r,512
17070000000,r,512
17070000000,r,512
17070000000,r,512
17070000000,r,512
17070000000,r,512
17070000000,r,512
17070000000,r,512
17070000000,r,512
17070000000,r,512
17070000000,r,512
17070000000,r,512
17070000000,r,512
17070000000,r,512
17070000000,r,512
17070000000,r,512
17070000000,r,512
17070000000,r,512
17070000000,r,512
17160000000,r,512
17160000000,r,512
17160000000,r,512
17160000000,r,512
17160000000,r,512
17160000000,r,512
17160000000,r,512
17160000000,r,512
17160000000,r,512
17160000000,r,512
17160000000,r,512
17160000000,r,512
17160000000,r,512
17160000000,r,512
17160000000,r,512
17160000000,r,512
17160000000,r,512
17160000000,r,512
17160000000,r,512
17160000000,r,512
17160000000,r,512
17160000000,r,512
17160000000,r,512
17160000000,r,512
17160000000,r,512
17160000000,r,512
17160000000,r,512
17160000000,r,512
17160000000,r,512
17160000000,r,512
17160000000,r,512
17160000000,r,512
17160000000,r,512
17160000000,r,512
17160000000,r,512
17160000000,r,512
17160000000,s,512
17160000000,r,512
17160000000,r,512
17160000000,r,512
17160000000,r,512
17160000000,r,512
17160000000,r,512
17160000000,r,512
17160000000,r,512
17160000000,r,512
17160000000,r,512
17160000000,r,512
17160000000,s,512
17160000000,r,512
17160000000,r,512
17160000000,r,512
17160000000,r,512
17160000000,r,512
17160000000,r,512
17160000000,r,512
17160000000,r,512
17160000000,r,512
17160000000,r,512
17160000000,r,512
17160000000,r,512
17160000000,r,512
17160000000,r,512
17160000000,r,512
17160000000,r,512
17160000000,r,512
17160000000,r,512
17160000000,r,512
17160000000,r,512
17160000000,r,512
17160000000,s,512
17160000000,r,512
17160000000,r,512
17160000000,r,512
17160000000,r,512
17160000000,r,512
17160000000,r,512
17160000000,r,512
17160000000,r,512
17160000000,r,512
17160000000,r,512
17160000000,r,512
17160000000,r,512
17160000000,r,512
17160000000,r,512
17160000000,r,512
17160000000,r,512
17160000000,r,512
17160000000,r,512
17160000000,r,512
17160000000,r,512
17160000000,r,512
17160000000,r,512
17160000000,r,512
17160000000,r,512
17160000000,r,512
17160000000,r,512
17160000000,r,512
17160000000,r,512
17160000000,r,512
17160000000,r,512
17160000000,r,512
17160000000,r,512
17160000000,r,512
17160000000,r,512
17160000000,r,512
17160000000,r,512
17160000000,r,512
17160000000,r,512
17160000000,r,512
17160000000,r,512
17180000000,r,512
17180000000,r,512
17180000000,r,512
17180000000,r,512
17180000000,r,512
17180000000,r,512
17180000000,r,512
17180000000,s,512
17180000000,r,512
17180000000,r,512
17180000000,r,512
17180000000,r,512
17180000000,r,512
17180000000,r,512
17180000000,r,512
17180000000,r,512
17180000000,r,512
17190000000,r,512
17190000000,r,512
17190000000,r,512
17190000000,r,512
17190000000,r,512
17190000000,r,512
17190000000,r,512
17190000000,r,512
17190000000,r,512
17190000000,r,512
17190000000,r,512
17190000000,r,512
17190000000,r,512
17190000000,r,512
17190000000,r,512
17190000000,r,512
17190000000,r,512
17190000000,r,512
17190000000,r,512
17190000000,r,512
17190000000,r,512
17190000000,r,512
17190000000,r,512
17190000000,s,512
17190000000,r,512
17190000000,r,512
17190000000,r,512
17190000000,r,512
17190000000,r,512
17190000000,r,512
17190000000,r,512
17190000000,r,512
17190000000,r,512
17190000000,r,512
17190000000,r,512
17190000000,r,512
17190000000,r,512
17190000000,r,512
17190000000,r,512
17190000000,r,512
17270000000,r,512
17270000000,r,512
17270000000,s,512
17270000000,r,512
17270000000,r,512
17270000000,r,512
17270000000,r,512
17270000000,s,512
17270000000,s,512
17270000000,s,512
17510000000,s,512
17860000000,r,512
17860000000,s,512
18110000000,s,512
18110000000,s,512
18110000000,s,512
18110000000,s,512
18110000000,s,512
18110000000,s,512
18110000000,s,512
18110000000,s,512
18110000000,s,512
18110000000,s,512
18110000000,s,512
18110000000,s,512
18580000000,r,512
18580000000,r,512
18580000000,r,512
18580000000,r,512
18580000000,r,512
18580000000,r,512
18580000000,r,512
18680000000,r,512
18680000000,r,512
18680000000,r,512
18680000000,r,512
18680000000,r,512
18680000000,r,512
18680000000,r,512
18700000000,r,512
18710000000,r,512
18710000000,r,512
18710000000,r,512
18710000000,r,512
18710000000,r,512
18710000000,r,512
18710000000,r,512
18710000000,r,512
18710000000,r,512
18710000000,r,512
18710000000,r,512
18710000000,r,512
18710000000,r,512
18710000000,r,512
18710000000,r,512
18710000000,r,512
18710000000,r,512
18710000000,r,512
18710000000,r,512
18710000000,r,512
18710000000,r,512
18710000000,r,512
18710000000,r,512
18710000000,s,512
18810000000,r,512
18810000000,r,512
18810000000,r,512
18820000000,s,512
18930000000,s,512
18930000000,s,512
18930000000,s,512
18930000000,s,512
18930000000,s,512
19260000000,r,512
19520000000,r,512
19520000000,r,512
19520000000,r,512
19520000000,r,512
20690000000,s,512
20690000000,s,512
21190000000,r,512
21190000000,r,512
32970000000,r,512
32970000000,r,512
33310000000,r,512
33310000000,r,512
