0,r,512
210000000,r,512
210000000,s,512
510000000,r,512
520000000,s,512
930000000,r,512
930000000,s,512
930000000,s,512
1710000000,r,512
1710000000,r,512
1710000000,r,512
1710000000,r,512
1710000000,r,512
1710000000,r,512
1710000000,r,512
1820000000,r,512
1820000000,r,512
1820000000,r,512
1820000000,r,512
1820000000,s,512
1820000000,s,512
2210000000,r,512
2360000000,r,512
2360000000,s,512
2980000000,r,512
2980000000,r,512
2980000000,s,512
4099999999,r,512
4099999999,r,512
4099999999,r,512
4099999999,r,512
4099999999,r,512
4260000000,s,512
4260000000,s,512
4960000000,r,512
4960000000,r,512
4960000000,r,512
4960000000,r,512
4960000000,r,512
4960000000,r,512
4960000000,r,512
5060000000,r,512
5060000000,r,512
5060000000,r,512
5300000000,r,512
5300000000,r,512
5300000000,r,512
5300000000,r,512
5300000000,r,512
5300000000,r,512
5300000000,r,512
5400000000,r,512
5400000000,r,512
5410000000,r,512
5410000000,r,512
5410000000,r,512
5410000000,r,512
5410000000,r,512
5410000000,r,512
5510000000,r,512
5510000000,r,512
5510000000,r,512
5510000000,r,512
5510000000,r,512
5510000000,r,512
5510000000,r,512
5510000000,r,512
5510000000,s,512
5510000000,r,512
5740000000,r,512
5740000000,r,512
5740000000,r,512
5740000000,r,512
5740000000,r,512
5740000000,r,512
5830000000,r,512
5830000000,r,512
5830000000,r,512
5830000000,r,512
5830000000,r,512
5830000000,r,512
5830000000,r,512
5890000000,r,512
5890000000,r,512
5890000000,r,512
5890000000,r,512
5890000000,r,512
5890000000,r,512
5890000000,r,512
5890000000,r,512
5890000000,r,512
5890000000,s,512
5900000000,s,512
5900000000,s,512
5900000000,s,512
5900000000,s,512
5900000000,s,512
5900000000,s,512
5900000000,s,512
5900000000,s,512
5990000000,r,512
5990000000,r,512
5990000000,r,512
5990000000,r,512
5990000000,r,512
6100000000,r,512
6100000000,r,512
6120000000,s,512
6120000000,s,512
6120000000,s,512
6420000000,r,512
6430000000,s,512
6430000000,s,512
6740000000,r,512
6740000000,r,512
6740000000,r,512
6740000000,r,512
6740000000,r,512
6740000000,r,512
6740000000,s,512
6740000000,s,512
6740000000,s,512
6740000000,s,512
6740000000,s,512
6740000000,s,512
6740000000,s,512
6740000000,s,512
6750000000,s,512
6750000000,s,512
6750000000,s,512
6750000000,s,512
6850000000,r,512
6850000000,r,512
6850000000,r,512
6850000000,s,512
6850000000,s,512
6850000000,s,512
6850000000,s,512
6850000000,s,512
6850000000,s,512
7070000000,r,512
7070000000,r,512
7070000000,s,512
7070000000,s,512
7070000000,s,512
7070000000,s,512
7450000000,r,512
7450000000,r,512
7450000000,r,512
7450000000,r,512
7450000000,r,512
7450000000,r,512
7450000000,r,512
7600000000,r,512
7600000000,r,512
7600000000,r,512
7600000000,r,512
7600000000,r,512
7600000000,r,512
7600000000,r,512
7600000000,r,512
7600000000,s,512
7600000000,s,512
7600000000,s,512
8010000000,r,512
8010000000,r,512
8010000000,r,512
8010000000,s,512
8010000000,r,512
8010000000,r,512
8010000000,r,512
8010000000,r,512
8020000000,s,512
8020000000,s,512
8119999999,r,512
8119999999,r,512
8119999999,r,512
8119999999,r,512
8119999999,r,512
8119999999,r,512
8220000000,r,512
8220000000,r,512
8220000000,r,512
8220000000,r,512
8220000000,r,512
8220000000,r,512
8220000000,r,512
8220000000,s,512
8220000000,r,512
8220000000,r,512
8220000000,r,512
8220000000,s,512
8320000000,r,512
8320000000,r,512
8320000000,r,512
8320000000,r,512
8320000000,r,512
8320000000,r,512
8320000000,r,512
8320000000,s,512
8320000000,s,512
8330000000,s,512
8340000000,r,512
8340000000,r,512
8340000000,r,512
8369999999,r,512
8369999999,r,512
8369999999,r,512
8369999999,s,512
8369999999,s,512
8449999999,r,512
8449999999,r,512
8449999999,r,512
8449999999,r,512
8449999999,r,512
8449999999,r,512
8449999999,r,512
8449999999,r,512
8449999999,r,512
8449999999,r,512
8449999999,r,512
8449999999,r,512
8449999999,s,512
8449999999,s,512
8480000000,r,512
8480000000,r,512
8550000000,r,512
8550000000,r,512
8550000000,r,512
8550000000,r,512
8550000000,r,512
8560000000,s,512
8560000000,s,512
8580000000,r,512
8580000000,r,512
8580000000,r,512
8580000000,r,512
8580000000,r,512
8580000000,r,512
8650000000,r,512
8650000000,r,512
8650000000,r,512
8650000000,r,512
8660000000,r,512
8660000000,s,512
8660000000,s,512
8740000000,r,512
8740000000,r,512
8740000000,r,512
8740000000,r,512
8740000000,r,512
8740000000,r,512
8740000000,r,512
8760000000,r,512
8760000000,r,512
8760000000,r,512
8760000000,r,512
8760000000,r,512
8760000000,r,512
8760000000,s,512
8840000000,r,512
8840000000,r,512
8840000000,r,512
8840000000,r,512
8840000000,r,512
8840000000,r,512
9040000000,r,512
9040000000,r,512
9040000000,r,512
9040000000,r,512
9040000000,r,512
9040000000,s,512
9040000000,s,512
9150000000,r,512
9150000000,r,512
9150000000,r,512
9150000000,r,512
9150000000,r,512
9150000000,r,512
9150000000,r,512
9150000000,s,512
9250000000,r,512
9250000000,r,512
9250000000,r,512
9250000000,s,512
9360000000,r,512
9360000000,r,512
9360000000,r,512
9360000000,s,512
9360000000,r,512
9360000000,r,512
9360000000,r,512
9360000000,r,512
9360000000,r,512
9360000000,s,512
9360000000,s,512
9360000000,s,512
9620000000,r,512
9620000000,r,512
9620000000,r,512
9620000000,r,512
9620000000,r,512
9620000000,r,512
9620000000,r,512
9730000000,r,512
9730000000,r,512
9730000000,r,512
9730000000,r,512
9850000000,r,512
9850000000,r,512
9850000000,r,512
9850000000,r,512
9850000000,r,512
10060000000,r,512
10060000000,r,512
10060000000,r,512
10060000000,r,512
10060000000,r,512
10060000000,r,512
10060000000,r,512
10160000000,r,512
10160000000,r,512
10160000000,r,512
10160000000,r,512
10160000000,r,512
10160000000,r,512
10160000000,r,512
10160000000,r,512
10170000000,r,512
10170000000,r,512
10170000000,r,512
10170000000,s,512
10170000000,r,512
10170000000,r,512
10170000000,r,512
10170000000,r,512
10270000000,r,512
10270000000,r,512
10270000000,r,512
10270000000,r,512
10270000000,r,512
10380000000,r,512
10380000000,r,512
10380000000,r,512
10380000000,r,512
10380000000,r,512
10380000000,r,512
10380000000,r,512
10490000000,r,512
10490000000,r,512
10490000000,r,512
10490000000,r,512
10920000000,r,512
10920000000,r,512
10920000000,r,512
10920000000,r,512
10920000000,r,512
10920000000,r,512
10920000000,r,512
11030000000,r,512
11030000000,r,512
11030000000,r,512
11030000000,r,512
11030000000,r,512
11030000000,r,512
11130000000,r,512
11130000000,r,512
11130000000,r,512
11150000000,s,512
11250000000,s,512
11470000000,r,512
11470000000,r,512
11470000000,r,512
11470000000,r,512
11470000000,r,512
11470000000,r,512
11470000000,r,512
11470000000,r,512
11470000000,r,512
11470000000,r,512
11470000000,r,512
11470000000,r,512
11470000000,r,512
11470000000,r,512
11470000000,r,512
11470000000,s,512
11550000000,r,512
11550000000,r,512
11550000000,r,512
11550000000,r,512
11570000000,r,512
11570000000,r,512
11570000000,r,512
11570000000,r,512
12010000000,r,512
12010000000,r,512
12010000000,s,512
12010000000,r,512
12010000000,r,512
12010000000,r,512
12010000000,r,512
12010000000,r,512
12010000000,r,512
12010000000,r,512
12010000000,r,512
12010000000,r,512
12010000000,r,512
12010000000,r,512
12010000000,r,512
12010000000,r,512
12050000000,s,512
12070000000,r,512
12070000000,r,512
12120000000,r,512
12120000000,r,512
12120000000,r,512
12120000000,r,512
12120000000,r,512
12120000000,r,512
12120000000,r,512
12120000000,r,512
12220000000,r,512
12220000000,r,512
12220000000,r,512
12220000000,r,512
12220000000,r,512
12220000000,r,512
12610000000,r,512
12610000000,r,512
12610000000,r,512
12610000000,r,512
12610000000,r,512
12610000000,r,512
12610000000,r,512
12620000000,r,512
12620000000,r,512
12620000000,r,512
12620000000,s,512
12620000000,r,512
12700000000,r,512
12700000000,r,512
12700000000,r,512
12700000000,r,512
12700000000,r,512
12720000000,r,512
12720000000,r,512
12720000000,r,512
12820000000,r,512
12820000000,r,512
12820000000,r,512
12820000000,r,512
12820000000,r,512
12910000000,r,512
12910000000,r,512
12910000000,r,512
12910000000,r,512
12910000000,r,512
12910000000,r,512
12910000000,r,512
12910000000,r,512
12920000000,r,512
12920000000,r,512
12920000000,r,512
13030000000,r,512
13030000000,r,512
13030000000,r,512
13030000000,r,512
13030000000,r,512
13190000000,r,512
13190000000,r,512
13190000000,r,512
13260000000,r,512
13260000000,r,512
13260000000,r,512
13260000000,r,512
13260000000,r,512
13260000000,r,512
13260000000,r,512
13290000000,r,512
13290000000,r,512
13290000000,r,512
13290000000,r,512
13290000000,r,512
13290000000,r,512
13290000000,r,512
13290000000,r,512
13360000000,r,512
13360000000,r,512
13360000000,s,512
13360000000,r,512
13360000000,r,512
13360000000,r,512
13360000000,r,512
13360000000,r,512
13400000000,r,512
13400000000,r,512
13400000000,r,512
13400000000,r,512
13400000000,r,512
13460000000,r,512
13460000000,s,512
13460000000,r,512
13460000000,r,512
13460000000,r,512
13460000000,r,512
13460000000,s,512
13460000000,s,512
13500000000,r,512
13500000000,r,512
13500000000,r,512
13660000000,r,512
13660000000,r,512
13660000000,r,512
13660000000,r,512
13660000000,r,512
13660000000,r,512
13660000000,r,512
13670000000,s,512
13670000000,s,512
13670000000,s,512
13670000000,s,512
13770000000,r,512
13770000000,r,512
13770000000,r,512
13770000000,r,512
13770000000,r,512
13770000000,r,512
13770000000,r,512
13880000000,r,512
13880000000,r,512
13880000000,r,512
13880000000,r,512
13880000000,r,512
13880000000,r,512
13880000000,r,512
13880000000,r,512
13880000000,r,512
13880000000,r,512
13880000000,r,512
13880000000,r,512
13880000000,r,512
13880000000,r,512
13880000000,r,512
13880000000,r,512
13880000000,r,512
14030000000,r,512
14030000000,r,512
14030000000,r,512
14030000000,r,512
14030000000,r,512
14030000000,r,512
14030000000,r,512
14190000000,r,512
14190000000,r,512
14190000000,r,512
14190000000,r,512
14190000000,r,512
14190000000,r,512
14200000000,r,512
14200000000,r,512
14200000000,r,512
14200000000,r,512
14200000000,r,512
14200000000,r,512
14200000000,r,512
14300000000,r,512
14300000000,r,512
14350000000,r,512
14350000000,r,512
14350000000,r,512
14350000000,r,512
14350000000,r,512
14350000000,r,512
14350000000,r,512
14400000000,r,512
14400000000,r,512
14400000000,r,512
14400000000,r,512
14400000000,r,512
14400000000,r,512
14400000000,s,512
14410000000,r,512
14410000000,r,512
14410000000,r,512
14410000000,r,512
14410000000,r,512
14500000000,r,512
14500000000,r,512
14500000000,r,512
14500000000,r,512
14500000000,r,512
14500000000,r,512
14510000000,r,512
14510000000,r,512
14510000000,r,512
14610000000,r,512
14610000000,r,512
14610000000,r,512
14610000000,r,512
14610000000,r,512
14740000000,r,512
14740000000,r,512
14740000000,r,512
14740000000,r,512
14740000000,r,512
14740000000,r,512
14840000000,r,512
14840000000,r,512
14840000000,r,512
14840000000,s,512
14840000000,r,512
14840000000,r,512
14840000000,r,512
14840000000,r,512
14840000000,s,512
14950000000,r,512
15090000000,r,512
15090000000,r,512
15090000000,r,512
15090000000,r,512
15090000000,r,512
15090000000,r,512
15090000000,s,512
15090000000,s,512
15090000000,s,512
15150000000,r,512
15150000000,r,512
15150000000,r,512
15150000000,r,512
15150000000,r,512
15150000000,r,512
15150000000,r,512
15150000000,r,512
15150000000,r,512
15150000000,r,512
15150000000,r,512
15150000000,r,512
15150000000,r,512
15150000000,r,512
15250000000,r,512
15250000000,r,512
15250000000,r,512
15250000000,r,512
15250000000,r,512
15250000000,r,512
15400000000,r,512
15400000000,r,512
15400000000,r,512
15400000000,r,512
15400000000,r,512
15510000000,r,512
15510000000,r,512
15510000000,r,512
15510000000,r,512
15510000000,r,512
15510000000,r,512
15510000000,r,512
15510000000,r,512
15510000000,s,512
15610000000,r,512
15610000000,r,512
15610000000,r,512
15610000000,r,512
15610000000,r,512
15610000000,r,512
15610000000,r,512
15610000000,r,512
15790000000,r,512
15790000000,r,512
15790000000,r,512
15790000000,r,512
15790000000,r,512
15790000000,r,512
15790000000,r,512
15890000000,r,512
15890000000,r,512
15890000000,r,512
15890000000,r,512
15890000000,r,512
15980000000,r,512
15980000000,r,512
15980000000,r,512
15980000000,r,512
15980000000,r,512
15980000000,r,512
15980000000,r,512
16000000000,r,512
16000000000,r,512
16000000000,r,512
16000000000,r,512
16000000000,s,512
16300000000,r,512
16300000000,r,512
16300000000,r,512
16300000000,r,512
16300000000,r,512
16300000000,r,512
16300000000,r,512
16300000000,s,512
16399999999,r,512
16399999999,r,512
16399999999,r,512
16399999999,r,512
16399999999,r,512
16399999999,r,512
16399999999,r,512
16399999999,r,512
16410000000,s,512
16410000000,s,512
16510000000,r,512
16510000000,r,512
16510000000,r,512
16510000000,r,512
16510000000,r,512
16680000000,r,512
16680000000,r,512
16680000000,r,512
16680000000,r,512
16680000000,r,512
16680000000,s,512
16680000000,r,512
16680000000,r,512
16780000000,r,512
16780000000,r,512
16780000000,r,512
16780000000,r,512
16780000000,r,512
16780000000,r,512
16780000000,r,512
16780000000,r,512
16780000000,r,512
16860000000,r,512
16860000000,r,512
16860000000,r,512
16860000000,r,512
16860000000,r,512
16860000000,r,512
16860000000,r,512
16890000000,r,512
16890000000,r,512
16890000000,r,512
16890000000,r,512
17450000000,r,512
17450000000,r,512
17450000000,r,512
17450000000,r,512
17450000000,r,512
17450000000,r,512
17450000000,r,512
17450000000,s,512
17560000000,r,512
17560000000,r,512
17560000000,r,512
17560000000,r,512
17660000000,r,512
17660000000,r,512
17660000000,r,512
17660000000,r,512
17660000000,r,512
17660000000,r,512
17660000000,r,512
17660000000,r,512
17760000000,r,512
17760000000,r,512
17760000000,r,512
17760000000,r,512
17760000000,r,512
17760000000,r,512
17870000000,r,512
17870000000,r,512
17870000000,r,512
17870000000,r,512
17870000000,r,512
17920000000,r,512
17920000000,r,512
17920000000,r,512
17920000000,r,512
17920000000,r,512
17920000000,r,512
17920000000,r,512
17920000000,r,512
17970000000,r,512
17970000000,r,512
17970000000,r,512
18080000000,r,512
18080000000,r,512
18080000000,r,512
18080000000,r,512
18080000000,r,512
18080000000,r,512
18080000000,r,512
18080000000,r,512
18120000000,r,512
18120000000,r,512
18120000000,r,512
18120000000,r,512
18120000000,r,512
18120000000,r,512
18120000000,r,512
18180000000,r,512
18180000000,r,512
18180000000,r,512
18180000000,r,512
18180000000,r,512
18180000000,r,512
18200000000,r,512
18200000000,r,512
18200000000,r,512
18200000000,r,512
18200000000,r,512
18200000000,r,512
18200000000,s,512
18200000000,r,512
18290000000,r,512
18290000000,r,512
18290000000,r,512
18290000000,r,512
18330000000,r,512
18330000000,r,512
18330000000,r,512
18330000000,r,512
18330000000,r,512
18330000000,s,512
18330000000,r,512
18330000000,r,512
18330000000,r,512
18330000000,r,512
18330000000,r,512
18330000000,r,512
18330000000,r,512
18330000000,r,512
18330000000,r,512
18400000000,r,512
18400000000,r,512
18400000000,r,512
18500000000,r,512
18500000000,r,512
18500000000,r,512
18500000000,r,512
18500000000,r,512
18500000000,r,512
18500000000,r,512
18500000000,r,512
18500000000,r,512
18500000000,r,512
18500000000,s,512
18500000000,r,512
18500000000,r,512
18500000000,r,512
18500000000,r,512
18550000000,r,512
18550000000,r,512
18550000000,r,512
18550000000,r,512
18550000000,r,512
18550000000,r,512
18610000000,r,512
18610000000,r,512
18610000000,r,512
18610000000,r,512
18610000000,s,512
18610000000,s,512
18630000000,r,512
18630000000,r,512
18630000000,r,512
18630000000,r,512
18630000000,r,512
18630000000,r,512
18630000000,r,512
18630000000,s,512
18650000000,r,512
18650000000,r,512
18650000000,r,512
18650000000,r,512
18650000000,r,512
18650000000,r,512
18720000000,r,512
18720000000,r,512
18720000000,r,512
18820000000,r,512
18820000000,r,512
18820000000,r,512
18820000000,r,512
18820000000,r,512
18820000000,r,512
18820000000,r,512
18940000000,r,512
18940000000,r,512
18940000000,r,512
18940000000,r,512
18940000000,r,512
18940000000,r,512
18940000000,r,512
18940000000,r,512
18940000000,r,512
18940000000,r,512
18940000000,r,512
18940000000,r,512
18940000000,r,512
18940000000,r,512
18940000000,r,512
18940000000,r,512
18940000000,s,512
18940000000,r,512
18940000000,r,512
18940000000,r,512
18940000000,r,512
18940000000,r,512
18940000000,r,512
18940000000,r,512
18950000000,r,512
18950000000,r,512
18950000000,r,512
18950000000,r,512
18950000000,r,512
18960000000,r,512
19050000000,r,512
19050000000,r,512
19050000000,r,512
19050000000,r,512
19050000000,r,512
19050000000,r,512
19160000000,r,512
19160000000,r,512
19160000000,r,512
19160000000,r,512
19160000000,r,512
19230000000,r,512
19230000000,s,512
19230000000,r,512
19230000000,r,512
19230000000,r,512
19230000000,r,512
19230000000,r,512
19230000000,r,512
19300000000,r,512
19300000000,r,512
19300000000,r,512
19300000000,r,512
19300000000,r,512
19410000000,r,512
19410000000,r,512
19410000000,r,512
19410000000,r,512
19410000000,r,512
19430000000,r,512
19430000000,r,512
19430000000,r,512
19430000000,r,512
19430000000,r,512
19430000000,r,512
19430000000,r,512
19430000000,r,512
19430000000,r,512
19430000000,r,512
19430000000,r,512
19430000000,r,512
19430000000,r,512
19430000000,r,512
19740000000,r,512
19740000000,s,512
19740000000,r,512
19740000000,r,512
19740000000,r,512
19740000000,r,512
19740000000,r,512
19740000000,r,512
19840000000,r,512
19840000000,r,512
19840000000,r,512
19840000000,r,512
19840000000,r,512
19840000000,r,512
20060000000,r,512
20060000000,r,512
20060000000,r,512
20060000000,r,512
20060000000,r,512
20060000000,r,512
20060000000,r,512
20160000000,r,512
20160000000,r,512
20160000000,r,512
20160000000,r,512
20160000000,r,512
20160000000,r,512
20500000000,r,512
20500000000,r,512
20500000000,r,512
20500000000,r,512
20500000000,r,512
20500000000,r,512
20500000000,r,512
20640000000,r,512
20640000000,r,512
20640000000,r,512
20640000000,r,512
20640000000,r,512
20750000000,r,512
20750000000,r,512
20750000000,r,512
20750000000,r,512
20750000000,r,512
21060000000,r,512
21060000000,r,512
21060000000,r,512
21060000000,r,512
21060000000,r,512
21060000000,s,512
21060000000,r,512
21060000000,r,512
21170000000,r,512
21170000000,r,512
21170000000,r,512
21170000000,r,512
21170000000,r,512
21280000000,r,512
21280000000,r,512
21280000000,r,512
21280000000,r,512
21280000000,r,512
21280000000,r,512
21280000000,r,512
21310000000,r,512
21310000000,r,512
21310000000,r,512
21310000000,r,512
21310000000,r,512
21420000000,r,512
21420000000,r,512
21520000000,r,512
21520000000,s,512
21520000000,r,512
21520000000,r,512
21520000000,r,512
21520000000,r,512
21520000000,r,512
21520000000,r,512
21520000000,r,512
21710000000,r,512
21710000000,r,512
21710000000,r,512
21710000000,r,512
21710000000,r,512
21710000000,r,512
21710000000,r,512
21810000000,r,512
21810000000,r,512
21810000000,r,512
21810000000,r,512
21810000000,r,512
21810000000,r,512
21910000000,r,512
21910000000,r,512
21910000000,r,512
21910000000,r,512
21910000000,r,512
21910000000,r,512
21910000000,s,512
21910000000,r,512
22040000000,r,512
22040000000,r,512
22040000000,r,512
22040000000,r,512
22040000000,r,512
22040000000,r,512
22040000000,r,512
22140000000,r,512
22140000000,r,512
22140000000,r,512
22140000000,r,512
22140000000,r,512
22150000000,r,512
22150000000,r,512
22150000000,r,512
22150000000,r,512
22150000000,r,512
22150000000,r,512
22150000000,r,512
22250000000,r,512
22250000000,r,512
22250000000,r,512
22250000000,r,512
22250000000,r,512
22250000000,r,512
22250000000,r,512
22250000000,r,512
22250000000,r,512
22250000000,r,512
22250000000,r,512
22250000000,s,512
22250000000,r,512
22250000000,r,512
22450000000,r,512
22450000000,r,512
22450000000,r,512
22450000000,r,512
22450000000,r,512
22450000000,r,512
22450000000,r,512
22560000000,r,512
22560000000,r,512
22560000000,r,512
22560000000,r,512
22560000000,r,512
22560000000,r,512
22800000000,r,512
22800000000,r,512
22800000000,r,512
22800000000,r,512
22800000000,r,512
22800000000,r,512
22800000000,r,512
22910000000,r,512
22910000000,r,512
22910000000,r,512
22910000000,r,512
22910000000,r,512
22910000000,r,512
22910000000,r,512
22910000000,r,512
22910000000,r,512
22910000000,r,512
22910000000,r,512
22910000000,s,512
22910000000,r,512
23010000000,r,512
23010000000,r,512
23010000000,r,512
23010000000,r,512
23010000000,r,512
23010000000,r,512
23010000000,r,512
23010000000,r,512
23120000000,r,512
23120000000,s,512
23120000000,r,512
23120000000,r,512
23120000000,r,512
23120000000,r,512
23120000000,r,512
23120000000,r,512
23120000000,r,512
23220000000,r,512
23220000000,r,512
23220000000,r,512
23220000000,r,512
23220000000,r,512
23220000000,s,512
23220000000,r,512
23220000000,r,512
23220000000,r,512
23220000000,r,512
23220000000,r,512
23220000000,r,512
23220000000,r,512
23220000000,r,512
23220000000,r,512
23220000000,r,512
23330000000,r,512
23330000000,r,512
23330000000,r,512
23330000000,r,512
23540000000,r,512
23540000000,r,512
23540000000,r,512
23540000000,r,512
23540000000,r,512
23540000000,r,512
23540000000,r,512
23640000000,r,512
23640000000,r,512
23640000000,r,512
23640000000,r,512
23640000000,r,512
23640000000,r,512
23750000000,r,512
23750000000,r,512
23750000000,r,512
23750000000,r,512
23750000000,r,512
23750000000,r,512
23750000000,r,512
23860000000,r,512
23860000000,r,512
23860000000,r,512
23860000000,r,512
23860000000,r,512
23860000000,r,512
23860000000,r,512
23970000000,r,512
23970000000,r,512
23970000000,r,512
23970000000,r,512
23970000000,r,512
23970000000,r,512
23970000000,r,512
23970000000,r,512
24010000000,r,512
24010000000,r,512
24010000000,r,512
24010000000,r,512
24010000000,r,512
24010000000,r,512
24010000000,r,512
24070000000,r,512
24070000000,r,512
24070000000,r,512
24070000000,r,512
24180000000,r,512
24180000000,r,512
24180000000,r,512
24180000000,r,512
24180000000,r,512
24180000000,r,512
24180000000,r,512
24330000000,r,512
24330000000,r,512
24330000000,r,512
24330000000,r,512
24330000000,r,512
24330000000,r,512
24330000000,r,512
24330000000,r,512
24430000000,r,512
24430000000,r,512
24430000000,s,512
24430000000,r,512
24430000000,r,512
24430000000,r,512
24430000000,r,512
24430000000,r,512
24430000000,r,512
24440000000,r,512
24440000000,r,512
24440000000,r,512
24440000000,r,512
24440000000,r,512
24440000000,s,512
24440000000,r,512
24440000000,r,512
24440000000,r,512
24440000000,r,512
24440000000,r,512
24440000000,r,512
24440000000,r,512
24440000000,r,512
24440000000,r,512
24540000000,r,512
24540000000,r,512
24540000000,r,512
24540000000,r,512
24540000000,r,512
24540000000,r,512
24540000000,r,512
24540000000,r,512
24540000000,r,512
24540000000,r,512
24540000000,r,512
24540000000,r,512
24640000000,r,512
24640000000,r,512
24640000000,r,512
24640000000,r,512
24640000000,r,512
24640000000,r,512
24660000000,r,512
24660000000,r,512
24660000000,r,512
24660000000,r,512
24660000000,r,512
24660000000,r,512
24660000000,r,512
24750000000,r,512
24750000000,r,512
24750000000,r,512
24750000000,r,512
24750000000,r,512
24750000000,r,512
24760000000,r,512
24760000000,r,512
24760000000,r,512
24760000000,r,512
24760000000,r,512
24760000000,r,512
24760000000,r,512
24760000000,r,512
24760000000,r,512
24760000000,r,512
24760000000,r,512
24760000000,r,512
24760000000,r,512
24760000000,s,512
24760000000,s,512
24860000000,r,512
24860000000,r,512
24860000000,r,512
24860000000,r,512
24860000000,r,512
24860000000,r,512
24860000000,r,512
24860000000,r,512
24860000000,r,512
24860000000,r,512
24860000000,r,512
24860000000,r,512
24860000000,r,512
24870000000,r,512
24870000000,r,512
24870000000,r,512
24870000000,r,512
24870000000,r,512
24870000000,r,512
24960000000,r,512
24960000000,r,512
24960000000,r,512
24960000000,r,512
24960000000,r,512
24960000000,r,512
24960000000,r,512
24960000000,r,512
24960000000,r,512
24960000000,r,512
24960000000,r,512
25010000000,r,512
25010000000,s,512
25010000000,r,512
25010000000,r,512
25010000000,r,512
25010000000,r,512
25010000000,r,512
25060000000,r,512
25060000000,r,512
25060000000,r,512
25060000000,r,512
25060000000,r,512
25060000000,r,512
25060000000,r,512
25060000000,r,512
25060000000,r,512
25060000000,r,512
25060000000,r,512
25060000000,s,512
25060000000,r,512
25060000000,r,512
25060000000,r,512
25120000000,r,512
25120000000,r,512
25120000000,r,512
25120000000,r,512
25120000000,r,512
25120000000,r,512
25120000000,r,512
25120000000,r,512
25170000000,r,512
25170000000,r,512
25170000000,r,512
25170000000,r,512
25170000000,r,512
25170000000,r,512
25170000000,r,512
25170000000,r,512
25170000000,r,512
25170000000,r,512
25170000000,r,512
25170000000,r,512
25170000000,r,512
25170000000,r,512
25170000000,r,512
25220000000,r,512
25220000000,r,512
25220000000,r,512
25220000000,r,512
25220000000,r,512
25330000000,r,512
25330000000,r,512
25330000000,r,512
25330000000,r,512
25330000000,r,512
25330000000,r,512
25330000000,r,512
25480000000,r,512
25480000000,r,512
25480000000,r,512
25480000000,r,512
25480000000,r,512
25480000000,r,512
25480000000,r,512
25580000000,r,512
25580000000,r,512
25580000000,r,512
25580000000,r,512
25580000000,r,512
25580000000,r,512
25580000000,r,512
25580000000,r,512
25580000000,r,512
25710000000,r,512
25710000000,r,512
25710000000,r,512
25710000000,r,512
25710000000,r,512
25710000000,r,512
25710000000,r,512
25710000000,r,512
25710000000,r,512
25710000000,r,512
25710000000,r,512
25710000000,r,512
25710000000,r,512
25710000000,r,512
25710000000,r,512
25710000000,s,512
25820000000,r,512
25820000000,r,512
25820000000,r,512
25820000000,r,512
25820000000,r,512
25820000000,r,512
25820000000,r,512
25820000000,r,512
25820000000,r,512
25820000000,r,512
25820000000,r,512
25820000000,r,512
25820000000,r,512
25820000000,r,512
25920000000,r,512
25920000000,r,512
25920000000,r,512
25920000000,r,512
25920000000,r,512
25920000000,r,512
25920000000,r,512
25920000000,r,512
25920000000,r,512
25920000000,r,512
25920000000,s,512
25920000000,r,512
25920000000,r,512
25920000000,r,512
25920000000,r,512
25920000000,r,512
25920000000,r,512
25920000000,r,512
25920000000,s,512
25920000000,r,512
25920000000,r,512
25920000000,r,512
25920000000,r,512
25920000000,r,512
25920000000,r,512
25920000000,r,512
25920000000,r,512
25920000000,r,512
25920000000,r,512
26020000000,r,512
26020000000,r,512
26020000000,r,512
26020000000,r,512
26020000000,r,512
26020000000,r,512
26020000000,r,512
26020000000,r,512
26020000000,r,512
26020000000,r,512
26020000000,r,512
26020000000,r,512
26020000000,r,512
26020000000,r,512
26020000000,r,512
26020000000,s,512
26070000000,r,512
26070000000,r,512
26130000000,r,512
26130000000,r,512
26130000000,r,512
26130000000,r,512
26130000000,r,512
26130000000,r,512
26130000000,r,512
26130000000,r,512
26130000000,r,512
26130000000,r,512
26130000000,r,512
26130000000,r,512
26130000000,r,512
26130000000,r,512
26130000000,r,512
26170000000,r,512
26170000000,r,512
26170000000,r,512
26170000000,r,512
26170000000,r,512
26170000000,r,512
26480000000,r,512
26480000000,r,512
26480000000,r,512
26480000000,r,512
26480000000,r,512
26480000000,r,512
26480000000,r,512
26480000000,s,512
26550000000,r,512
26550000000,r,512
26550000000,r,512
26550000000,r,512
26550000000,r,512
26550000000,r,512
26550000000,r,512
26550000000,r,512
26550000000,r,512
26550000000,r,512
26550000000,r,512
26550000000,r,512
26550000000,r,512
26550000000,r,512
26550000000,r,512
26580000000,r,512
26580000000,r,512
26580000000,r,512
26580000000,r,512
26680000000,r,512
26680000000,r,512
26680000000,r,512
26680000000,r,512
26680000000,r,512
26680000000,r,512
26680000000,r,512
26680000000,r,512
27310000000,r,512
27310000000,r,512
27310000000,r,512
27310000000,r,512
27310000000,r,512
27310000000,r,512
27310000000,r,512
28190000000,r,512
28190000000,r,512
28190000000,r,512
28190000000,r,512
28190000000,r,512
28190000000,r,512
28190000000,r,512
28300000000,r,512
28300000000,r,512
28300000000,r,512
28300000000,r,512
28300000000,s,512
28300000000,r,512
28300000000,r,512
28300000000,r,512
28300000000,r,512
28400000000,r,512
28400000000,r,512
28500000000,r,512
28500000000,r,512
28500000000,r,512
28500000000,r,512
28500000000,r,512
28500000000,r,512
28510000000,r,512
28510000000,r,512
28510000000,r,512
28510000000,r,512
28510000000,r,512
28510000000,r,512
28510000000,r,512
28610000000,r,512
28610000000,r,512
28610000000,r,512
28610000000,r,512
28610000000,r,512
28610000000,r,512
28610000000,r,512
28610000000,r,512
28620000000,r,512
28620000000,r,512
28620000000,r,512
28620000000,r,512
28620000000,r,512
28620000000,r,512
28620000000,r,512
28620000000,r,512
28620000000,r,512
28620000000,r,512
28620000000,r,512
28620000000,r,512
28620000000,r,512
28620000000,s,512
28620000000,r,512
28620000000,r,512
28710000000,r,512
28710000000,r,512
28710000000,s,512
28710000000,r,512
28710000000,r,512
28710000000,r,512
28710000000,r,512
28710000000,r,512
28730000000,r,512
28730000000,r,512
28730000000,r,512
28730000000,r,512
28730000000,r,512
28730000000,r,512
28730000000,r,512
28730000000,r,512
28730000000,r,512
28730000000,r,512
28730000000,r,512
28730000000,r,512
28730000000,r,512
28730000000,r,512
28830000000,r,512
28830000000,r,512
28830000000,r,512
28940000000,r,512
28940000000,r,512
28940000000,r,512
28940000000,r,512
28940000000,r,512
28940000000,r,512
28940000000,r,512
29170000000,r,512
29170000000,r,512
29170000000,r,512
29170000000,r,512
29170000000,r,512
29170000000,r,512
29170000000,r,512
29170000000,r,512
29170000000,r,512
29170000000,r,512
29170000000,r,512
29170000000,r,512
29170000000,r,512
29170000000,r,512
29170000000,r,512
29170000000,r,512
29170000000,r,512
29170000000,r,512
29170000000,r,512
29170000000,r,512
29170000000,r,512
29170000000,r,512
29170000000,r,512
29270000000,r,512
29270000000,r,512
29270000000,r,512
29270000000,r,512
29270000000,s,512
29270000000,r,512
29270000000,r,512
29270000000,r,512
29270000000,r,512
29270000000,r,512
29270000000,r,512
29280000000,r,512
29280000000,r,512
29280000000,r,512
29280000000,r,512
29280000000,r,512
29280000000,r,512
29280000000,r,512
29380000000,r,512
29380000000,r,512
29380000000,r,512
29380000000,r,512
29380000000,r,512
29380000000,r,512
29480000000,r,512
29480000000,r,512
29480000000,r,512
29480000000,r,512
29480000000,r,512
29480000000,r,512
29480000000,r,512
29480000000,r,512
29490000000,r,512
29490000000,r,512
29490000000,r,512
29490000000,r,512
29490000000,r,512
29490000000,r,512
29490000000,r,512
29490000000,r,512
29490000000,s,512
29490000000,r,512
29490000000,r,512
29490000000,r,512
29490000000,r,512
29590000000,r,512
29590000000,r,512
29590000000,r,512
29590000000,r,512
29690000000,r,512
29690000000,r,512
29690000000,r,512
29690000000,r,512
29690000000,r,512
29690000000,r,512
29970000000,r,512
29970000000,r,512
29970000000,r,512
29970000000,r,512
29970000000,r,512
29970000000,r,512
29970000000,r,512
29970000000,r,512
29970000000,r,512
29970000000,r,512
29970000000,r,512
29970000000,r,512
29970000000,r,512
29970000000,r,512
29970000000,r,512
29970000000,r,512
29970000000,r,512
29970000000,r,512
29970000000,r,512
29970000000,r,512
29970000000,r,512
29970000000,r,512
29970000000,r,512
29970000000,s,512
29970000000,r,512
29970000000,r,512
29970000000,r,512
29970000000,r,512
29970000000,r,512
29970000000,r,512
29970000000,r,512
29970000000,r,512
29970000000,r,512
30080000000,r,512
30080000000,r,512
30080000000,r,512
30080000000,r,512
30190000000,r,512
30190000000,r,512
30190000000,r,512
30190000000,r,512
30190000000,r,512
30190000000,r,512
30190000000,s,512
30190000000,r,512
30220000000,r,512
30220000000,r,512
30220000000,r,512
30220000000,r,512
30330000000,r,512
30330000000,r,512
30330000000,r,512
30330000000,r,512
30330000000,s,512
30330000000,r,512
30330000000,r,512
30400000000,r,512
30400000000,r,512
30400000000,r,512
30400000000,r,512
30400000000,r,512
30400000000,r,512
30400000000,r,512
30430000000,r,512
30430000000,r,512
30430000000,r,512
30430000000,r,512
30540000000,r,512
30540000000,r,512
30540000000,r,512
30540000000,r,512
30540000000,r,512
30540000000,r,512
30540000000,s,512
30540000000,r,512
30540000000,r,512
30640000000,r,512
30640000000,r,512
30640000000,r,512
30640000000,r,512
30640000000,r,512
30640000000,r,512
30640000000,r,512
30640000000,r,512
30880000000,r,512
30880000000,r,512
30880000000,r,512
30880000000,r,512
30880000000,r,512
31130000000,r,512
31130000000,r,512
31130000000,r,512
31130000000,r,512
31130000000,r,512
31130000000,r,512
31130000000,r,512
31230000000,r,512
31230000000,r,512
31230000000,r,512
31230000000,r,512
31230000000,r,512
31230000000,r,512
31230000000,r,512
31350000000,r,512
31350000000,r,512
31350000000,r,512
31350000000,r,512
31350000000,r,512
31350000000,r,512
31450000000,r,512
31450000000,r,512
31450000000,r,512
31450000000,r,512
31450000000,r,512
31560000000,r,512
31560000000,r,512
31680000000,r,512
31680000000,r,512
31680000000,r,512
31680000000,r,512
31680000000,r,512
31790000000,r,512
31790000000,r,512
31790000000,r,512
31790000000,r,512
31790000000,r,512
31790000000,r,512
31790000000,r,512
31790000000,r,512
31790000000,r,512
31790000000,r,512
31790000000,r,512
31790000000,r,512
31790000000,r,512
31790000000,r,512
31790000000,r,512
31790000000,r,512
31940000000,r,512
31940000000,r,512
31940000000,r,512
31940000000,r,512
31940000000,r,512
31940000000,r,512
31940000000,r,512
32049999999,r,512
32049999999,r,512
32049999999,r,512
32049999999,r,512
32119999999,r,512
32119999999,r,512
32119999999,r,512
32119999999,r,512
32119999999,r,512
32119999999,r,512
32119999999,r,512
32119999999,s,512
32150000000,r,512
32150000000,r,512
32150000000,r,512
32150000000,r,512
32150000000,r,512
32150000000,r,512
32150000000,r,512
32150000000,r,512
32150000000,r,512
32229999999,r,512
32229999999,r,512
32229999999,r,512
32229999999,r,512
32229999999,r,512
32229999999,r,512
32229999999,r,512
32229999999,r,512
32229999999,r,512
32229999999,r,512
32229999999,r,512
32229999999,r,512
32229999999,r,512
32229999999,r,512
32229999999,r,512
32259999999,r,512
32259999999,r,512
32259999999,r,512
32259999999,r,512
32259999999,r,512
32259999999,r,512
32259999999,r,512
32869999999,r,512
32869999999,r,512
32869999999,r,512
32869999999,r,512
32869999999,r,512
32869999999,r,512
32869999999,r,512
33420000000,r,512
33420000000,r,512
33420000000,r,512
33420000000,r,512
33420000000,r,512
33420000000,r,512
33420000000,r,512
33520000000,r,512
33520000000,r,512
33520000000,r,512
33520000000,r,512
33520000000,r,512
33520000000,r,512
33520000000,r,512
33520000000,r,512
33520000000,r,512
34070000000,r,512
34070000000,r,512
34070000000,r,512
34070000000,r,512
34070000000,r,512
34070000000,r,512
34070000000,r,512
34170000000,r,512
34170000000,r,512
34180000000,r,512
34180000000,r,512
34180000000,r,512
34180000000,r,512
34180000000,r,512
34180000000,r,512
34180000000,r,512
34180000000,s,512
34280000000,r,512
34280000000,r,512
34380000000,r,512
34380000000,r,512
34380000000,r,512
34380000000,r,512
34390000000,r,512
34390000000,r,512
34390000000,r,512
34390000000,r,512
34390000000,r,512
34390000000,r,512
34390000000,r,512
34480000000,r,512
34480000000,r,512
34480000000,r,512
34480000000,r,512
34480000000,r,512
34480000000,r,512
34480000000,r,512
34480000000,r,512
34480000000,r,512
34490000000,r,512
34490000000,r,512
34490000000,r,512
34490000000,r,512
34490000000,r,512
34490000000,s,512
34490000000,r,512
34490000000,r,512
34590000000,r,512
34590000000,s,512
34590000000,r,512
34590000000,r,512
34590000000,r,512
34600000000,r,512
34600000000,r,512
34600000000,r,512
34600000000,r,512
34600000000,r,512
34600000000,r,512
34600000000,r,512
34600000000,r,512
34600000000,r,512
34600000000,r,512
34700000000,r,512
34700000000,r,512
34730000000,r,512
34730000000,r,512
34810000000,r,512
34810000000,r,512
34810000000,r,512
34810000000,r,512
34810000000,r,512
34810000000,r,512
34810000000,r,512
34810000000,r,512
34810000000,r,512
34840000000,r,512
34840000000,r,512
34840000000,r,512
34840000000,r,512
34840000000,r,512
34840000000,r,512
34840000000,r,512
34840000000,r,512
34840000000,r,512
34840000000,r,512
34840000000,r,512
34840000000,r,512
34840000000,r,512
34840000000,r,512
34840000000,r,512
34840000000,r,512
34940000000,r,512
34940000000,s,512
34940000000,r,512
34940000000,r,512
34940000000,r,512
34940000000,r,512
34940000000,r,512
35020000000,r,512
35020000000,r,512
35020000000,r,512
35020000000,r,512
35020000000,r,512
35020000000,r,512
35020000000,r,512
35020000000,r,512
35050000000,r,512
35050000000,r,512
35050000000,r,512
35050000000,r,512
35050000000,r,512
35050000000,r,512
35050000000,r,512
35050000000,r,512
35050000000,r,512
35050000000,r,512
35050000000,r,512
35050000000,r,512
35050000000,r,512
35120000000,r,512
35120000000,r,512
35120000000,r,512
35120000000,r,512
35120000000,r,512
35120000000,r,512
35150000000,r,512
35150000000,r,512
35150000000,r,512
35150000000,r,512
35150000000,r,512
35150000000,r,512
35150000000,r,512
35150000000,r,512
35150000000,r,512
35150000000,r,512
35150000000,s,512
35150000000,r,512
35150000000,r,512
35230000000,r,512
35230000000,r,512
35230000000,r,512
35230000000,r,512
35230000000,r,512
35250000000,r,512
35250000000,r,512
35250000000,r,512
35250000000,r,512
35250000000,r,512
35250000000,r,512
35250000000,r,512
35360000000,r,512
35360000000,s,512
35360000000,r,512
35360000000,r,512
35360000000,r,512
35490000000,r,512
35490000000,r,512
35490000000,r,512
35490000000,r,512
35490000000,r,512
35490000000,r,512
35490000000,r,512
35600000000,r,512
35600000000,s,512
35600000000,r,512
35600000000,r,512
35600000000,r,512
35730000000,r,512
35730000000,r,512
35730000000,r,512
35730000000,r,512
35730000000,r,512
35730000000,r,512
35730000000,r,512
35730000000,r,512
35730000000,r,512
35730000000,r,512
35730000000,r,512
35730000000,r,512
35730000000,r,512
35730000000,r,512
35730000000,r,512
35730000000,r,512
35730000000,r,512
35730000000,r,512
35730000000,r,512
35730000000,r,512
35730000000,r,512
35730000000,r,512
35730000000,r,512
35740000000,r,512
35740000000,r,512
35740000000,r,512
35740000000,r,512
35740000000,r,512
35740000000,r,512
35740000000,r,512
35740000000,r,512
35740000000,r,512
35740000000,r,512
35740000000,r,512
35740000000,r,512
35740000000,r,512
35740000000,r,512
35740000000,r,512
35740000000,r,512
35820000000,r,512
35820000000,r,512
35820000000,r,512
35840000000,r,512
35840000000,r,512
35840000000,r,512
35840000000,r,512
35840000000,r,512
35920000000,r,512
35920000000,r,512
35920000000,r,512
35920000000,r,512
35920000000,r,512
35920000000,r,512
35920000000,r,512
35940000000,r,512
35940000000,r,512
35940000000,r,512
35940000000,s,512
35940000000,r,512
35940000000,r,512
35940000000,r,512
36050000000,r,512
36050000000,r,512
36050000000,r,512
36050000000,r,512
36050000000,r,512
36190000000,r,512
36190000000,r,512
36190000000,r,512
36190000000,r,512
36190000000,r,512
36190000000,r,512
36190000000,r,512
36190000000,r,512
36190000000,r,512
36190000000,r,512
36190000000,r,512
36190000000,r,512
36190000000,r,512
36190000000,r,512
36190000000,r,512
36190000000,r,512
36190000000,r,512
36190000000,r,512
36190000000,r,512
36190000000,r,512
36190000000,r,512
36190000000,s,512
36190000000,r,512
36190000000,r,512
36230000000,r,512
36230000000,r,512
36300000000,r,512
36300000000,r,512
36300000000,r,512
36300000000,r,512
36300000000,r,512
36300000000,r,512
36300000000,r,512
36300000000,r,512
36400000000,r,512
36400000000,r,512
36400000000,r,512
36400000000,r,512
36400000000,r,512
36400000000,r,512
36400000000,r,512
36400000000,r,512
36400000000,r,512
36450000000,r,512
36450000000,r,512
36450000000,r,512
36450000000,r,512
36450000000,r,512
36450000000,r,512
36730000000,r,512
36730000000,r,512
36730000000,r,512
36730000000,r,512
36730000000,r,512
36730000000,r,512
36730000000,r,512
36770000000,r,512
36770000000,r,512
36770000000,r,512
36770000000,r,512
36770000000,r,512
36770000000,r,512
36770000000,r,512
36830000000,r,512
36830000000,r,512
36880000000,r,512
36880000000,r,512
36880000000,s,512
36880000000,r,512
36880000000,r,512
36880000000,r,512
36880000000,r,512
36880000000,r,512
36940000000,r,512
36940000000,r,512
36940000000,r,512
36940000000,r,512
37040000000,r,512
37040000000,r,512
37040000000,r,512
37040000000,r,512
37040000000,r,512
37040000000,r,512
37040000000,r,512
37040000000,r,512
37150000000,r,512
37150000000,r,512
37150000000,r,512
37150000000,r,512
37150000000,r,512
37150000000,r,512
37150000000,r,512
37320000000,r,512
37320000000,r,512
37320000000,r,512
37320000000,r,512
37320000000,r,512
37320000000,r,512
37410000000,r,512
37410000000,r,512
37410000000,r,512
37410000000,r,512
37410000000,r,512
37410000000,r,512
37410000000,r,512
37430000000,r,512
37430000000,r,512
37950000000,r,512
37950000000,r,512
37950000000,r,512
37950000000,r,512
37950000000,r,512
37950000000,r,512
37950000000,r,512
38060000000,r,512
38170000000,r,512
38170000000,r,512
38170000000,r,512
38170000000,r,512
38170000000,r,512
38170000000,r,512
38170000000,r,512
38280000000,r,512
38280000000,r,512
38280000000,s,512
38280000000,r,512
38280000000,r,512
38380000000,r,512
38380000000,r,512
38380000000,r,512
38380000000,r,512
38380000000,r,512
38380000000,r,512
38390000000,r,512
38390000000,r,512
38390000000,r,512
38390000000,r,512
38390000000,r,512
38390000000,r,512
38390000000,r,512
38490000000,r,512
38490000000,r,512
38590000000,r,512
38590000000,r,512
38590000000,r,512
38590000000,r,512
38590000000,r,512
38590000000,r,512
38590000000,r,512
38590000000,r,512
38700000000,r,512
38700000000,s,512
38700000000,r,512
38700000000,r,512
38700000000,r,512
38700000000,r,512
38700000000,r,512
38700000000,r,512
38700000000,r,512
38710000000,r,512
38710000000,r,512
38710000000,r,512
38710000000,r,512
38710000000,r,512
38710000000,r,512
38710000000,r,512
38710000000,s,512
38710000000,r,512
38710000000,r,512
38710000000,r,512
38710000000,r,512
38710000000,r,512
38710000000,r,512
38710000000,r,512
38710000000,r,512
38800000000,r,512
38800000000,r,512
38800000000,r,512
38800000000,r,512
39020000000,r,512
39020000000,r,512
39020000000,r,512
39020000000,r,512
39020000000,r,512
39020000000,r,512
39020000000,r,512
39120000000,r,512
39120000000,r,512
39120000000,r,512
39120000000,r,512
39120000000,r,512
39120000000,r,512
39120000000,r,512
39120000000,r,512
39120000000,r,512
39120000000,r,512
39120000000,r,512
39120000000,r,512
39230000000,r,512
39230000000,r,512
39230000000,r,512
39230000000,r,512
39230000000,r,512
39230000000,r,512
39230000000,s,512
39230000000,r,512
39330000000,r,512
39330000000,r,512
39330000000,r,512
39330000000,r,512
39330000000,r,512
39330000000,r,512
39330000000,r,512
39330000000,r,512
39330000000,r,512
39330000000,r,512
39330000000,r,512
39330000000,r,512
39330000000,r,512
39500000000,r,512
39500000000,r,512
39500000000,r,512
39500000000,r,512
39500000000,r,512
39500000000,r,512
39500000000,r,512
39590000000,r,512
39590000000,r,512
39590000000,s,512
39590000000,r,512
39590000000,r,512
39590000000,r,512
39590000000,r,512
39590000000,r,512
39590000000,r,512
39610000000,r,512
39610000000,r,512
39610000000,r,512
39750000000,r,512
39750000000,r,512
39750000000,r,512
39750000000,r,512
39750000000,r,512
39750000000,r,512
39750000000,r,512
39750000000,r,512
39820000000,r,512
39820000000,r,512
39820000000,r,512
39820000000,r,512
39820000000,r,512
39820000000,r,512
39820000000,r,512
39860000000,r,512
39860000000,r,512
39860000000,r,512
39860000000,r,512
39960000000,r,512
39960000000,r,512
39960000000,r,512
39960000000,r,512
39960000000,r,512
39960000000,r,512
39960000000,r,512
39960000000,r,512
40070000000,r,512
40070000000,r,512
40070000000,r,512
40070000000,r,512
40070000000,r,512
40070000000,r,512
40070000000,r,512
40070000000,r,512
40480000000,r,512
40480000000,r,512
40480000000,r,512
40480000000,r,512
40480000000,r,512
40480000000,r,512
40480000000,r,512
40720000000,r,512
40720000000,r,512
40720000000,r,512
40720000000,s,512
40720000000,r,512
40720000000,r,512
40720000000,r,512
40720000000,r,512
40830000000,r,512
40830000000,r,512
40830000000,r,512
40830000000,r,512
40830000000,r,512
41130000000,r,512
41130000000,r,512
41130000000,r,512
41130000000,r,512
41130000000,r,512
41130000000,r,512
41130000000,r,512
41240000000,r,512
41680000000,r,512
41680000000,r,512
41680000000,r,512
41680000000,r,512
41680000000,r,512
41680000000,r,512
41680000000,r,512
41780000000,r,512
41780000000,r,512
41780000000,r,512
41780000000,r,512
41780000000,r,512
41780000000,r,512
41780000000,r,512
41780000000,r,512
41780000000,r,512
41890000000,r,512
41890000000,r,512
41890000000,r,512
41890000000,r,512
42000000000,r,512
42000000000,s,512
42000000000,r,512
42000000000,r,512
42000000000,r,512
42000000000,r,512
42000000000,r,512
42000000000,r,512
42110000000,r,512
42110000000,r,512
42110000000,s,512
42110000000,r,512
42110000000,r,512
42110000000,r,512
42110000000,r,512
42110000000,r,512
42110000000,r,512
42110000000,r,512
42110000000,r,512
42110000000,r,512
42110000000,r,512
42210000000,r,512
42210000000,r,512
42210000000,r,512
42210000000,r,512
42330000000,r,512
42330000000,r,512
42330000000,r,512
42330000000,r,512
42330000000,r,512
42330000000,r,512
42330000000,r,512
42430000000,r,512
42430000000,r,512
42430000000,r,512
42430000000,r,512
42430000000,r,512
42430000000,r,512
42430000000,r,512
42430000000,r,512
42440000000,r,512
42440000000,r,512
42440000000,r,512
42440000000,r,512
42440000000,r,512
42440000000,r,512
42440000000,r,512
42540000000,r,512
42540000000,r,512
42540000000,s,512
42540000000,r,512
42540000000,r,512
42540000000,r,512
42540000000,r,512
42540000000,r,512
42540000000,r,512
42550000000,r,512
42550000000,r,512
42550000000,r,512
42550000000,r,512
42550000000,r,512
42550000000,r,512
42550000000,r,512
42550000000,r,512
42550000000,r,512
42550000000,r,512
42550000000,r,512
42550000000,r,512
42550000000,r,512
42550000000,r,512
42550000000,r,512
42640000000,r,512
42640000000,r,512
42640000000,r,512
43060000000,r,512
43060000000,r,512
43060000000,r,512
43060000000,r,512
43060000000,r,512
43060000000,r,512
43060000000,r,512
43170000000,r,512
43170000000,r,512
43170000000,r,512
43170000000,r,512
43170000000,r,512
43170000000,r,512
43170000000,r,512
43270000000,r,512
43270000000,r,512
43270000000,r,512
43270000000,r,512
43270000000,r,512
43270000000,r,512
43270000000,r,512
43270000000,r,512
43270000000,r,512
43270000000,r,512
43270000000,r,512
43270000000,r,512
43270000000,r,512
43270000000,r,512
43270000000,r,512
43270000000,r,512
43270000000,r,512
43270000000,r,512
43270000000,r,512
43270000000,r,512
43270000000,r,512
43270000000,r,512
43270000000,r,512
43270000000,r,512
43270000000,s,512
43580000000,r,512
43580000000,r,512
43580000000,r,512
43580000000,r,512
43580000000,r,512
43580000000,r,512
43580000000,r,512
43580000000,s,512
43660000000,r,512
43660000000,r,512
43660000000,r,512
43660000000,r,512
43660000000,r,512
43660000000,r,512
43660000000,r,512
43680000000,r,512
43680000000,r,512
43790000000,r,512
43790000000,r,512
43790000000,r,512
43790000000,r,512
43790000000,r,512
43790000000,r,512
43790000000,r,512
43790000000,r,512
43790000000,r,512
43790000000,r,512
43790000000,r,512
43790000000,r,512
43790000000,r,512
43790000000,r,512
43790000000,r,512
43830000000,r,512
43830000000,r,512
43890000000,r,512
43890000000,r,512
43890000000,r,512
43890000000,r,512
43890000000,r,512
43890000000,r,512
43890000000,r,512
43930000000,r,512
43930000000,r,512
43930000000,r,512
43930000000,r,512
44000000000,r,512
44000000000,r,512
44000000000,r,512
44000000000,r,512
44000000000,r,512
44000000000,r,512
44000000000,r,512
44040000000,r,512
44040000000,r,512
44040000000,s,512
44040000000,r,512
44040000000,r,512
44560000000,r,512
44560000000,r,512
44560000000,r,512
44560000000,r,512
44560000000,r,512
44560000000,r,512
44560000000,r,512
44660000000,r,512
44660000000,r,512
44660000000,s,512
44660000000,r,512
44660000000,r,512
44770000000,r,512
44770000000,r,512
44770000000,r,512
44770000000,r,512
44770000000,r,512
44770000000,r,512
44770000000,r,512
44870000000,r,512
44870000000,r,512
44870000000,r,512
44870000000,r,512
44870000000,r,512
44870000000,r,512
44870000000,r,512
44870000000,r,512
44870000000,r,512
44870000000,r,512
44870000000,r,512
44870000000,r,512
44870000000,r,512
44870000000,r,512
44980000000,r,512
44980000000,r,512
44980000000,r,512
44980000000,r,512
44980000000,r,512
44980000000,r,512
44980000000,r,512
45080000000,r,512
45080000000,r,512
45080000000,r,512
45080000000,r,512
45080000000,r,512
45080000000,r,512
45080000000,s,512
45080000000,r,512
45080000000,r,512
45370000000,r,512
45370000000,r,512
45370000000,r,512
45370000000,r,512
45370000000,r,512
45370000000,r,512
45370000000,r,512
45390000000,r,512
45390000000,r,512
45390000000,r,512
45390000000,r,512
45390000000,r,512
45390000000,r,512
45390000000,r,512
45390000000,r,512
45390000000,r,512
45390000000,r,512
45390000000,r,512
45390000000,r,512
45390000000,r,512
45390000000,r,512
45390000000,r,512
45390000000,s,512
45470000000,r,512
45470000000,r,512
45470000000,r,512
45470000000,r,512
45470000000,r,512
45470000000,r,512
45470000000,r,512
45470000000,r,512
45470000000,r,512
45470000000,r,512
45580000000,r,512
45580000000,r,512
45580000000,r,512
45580000000,r,512
45580000000,r,512
45580000000,r,512
45580000000,r,512
45580000000,r,512
45580000000,r,512
45580000000,r,512
45580000000,r,512
45580000000,r,512
45580000000,r,512
45580000000,s,512
45620000000,r,512
45690000000,r,512
45690000000,r,512
45690000000,r,512
45690000000,r,512
45690000000,r,512
45690000000,r,512
45690000000,r,512
45730000000,r,512
45730000000,r,512
45730000000,r,512
45730000000,r,512
45790000000,r,512
45790000000,r,512
45790000000,r,512
45790000000,r,512
45790000000,r,512
45790000000,r,512
45790000000,r,512
45830000000,r,512
45830000000,r,512
45830000000,r,512
45830000000,r,512
45900000000,r,512
45900000000,r,512
45900000000,r,512
45900000000,r,512
45900000000,r,512
45900000000,r,512
45900000000,r,512
45900000000,r,512
45900000000,r,512
45900000000,r,512
45900000000,r,512
45900000000,r,512
45900000000,r,512
45900000000,r,512
45900000000,r,512
45940000000,r,512
45940000000,r,512
45940000000,r,512
45940000000,r,512
45940000000,r,512
45940000000,r,512
45940000000,r,512
46010000000,r,512
46010000000,r,512
46010000000,r,512
46010000000,r,512
46010000000,r,512
46010000000,r,512
46010000000,r,512
46040000000,r,512
46040000000,s,512
46040000000,r,512
46040000000,r,512
46040000000,r,512
46040000000,r,512
46040000000,r,512
46040000000,r,512
46040000000,r,512
46040000000,r,512
46040000000,s,512
46040000000,s,512
46040000000,s,512
46120000000,r,512
46120000000,r,512
46120000000,r,512
46120000000,r,512
46120000000,r,512
46120000000,r,512
46120000000,r,512
46140000000,r,512
46140000000,r,512
46140000000,r,512
46140000000,r,512
46140000000,r,512
46140000000,r,512
46140000000,s,512
46140000000,r,512
46140000000,r,512
46140000000,r,512
46450000000,r,512
46450000000,r,512
46450000000,r,512
46450000000,r,512
46450000000,r,512
46450000000,r,512
46970000000,r,512
46970000000,r,512
46970000000,r,512
46970000000,r,512
46970000000,r,512
46970000000,r,512
46970000000,r,512
47070000000,r,512
47070000000,r,512
47070000000,r,512
47070000000,r,512
47070000000,r,512
47070000000,r,512
47070000000,r,512
47070000000,r,512
47070000000,r,512
47070000000,r,512
47070000000,r,512
47070000000,r,512
47070000000,r,512
47070000000,r,512
47070000000,r,512
47070000000,r,512
47070000000,r,512
47070000000,r,512
47070000000,r,512
47070000000,r,512
47070000000,r,512
47070000000,r,512
47070000000,r,512
47070000000,r,512
47070000000,r,512
47070000000,r,512
47170000000,r,512
47170000000,r,512
47170000000,r,512
47170000000,r,512
47170000000,r,512
47170000000,r,512
47170000000,r,512
47180000000,r,512
47180000000,r,512
47180000000,r,512
47180000000,r,512
47530000000,r,512
47530000000,r,512
47530000000,r,512
47530000000,r,512
47530000000,r,512
47530000000,r,512
47530000000,r,512
47600000000,r,512
47600000000,r,512
47600000000,r,512
47600000000,r,512
47600000000,r,512
47600000000,r,512
47600000000,r,512
47630000000,r,512
47630000000,r,512
47740000000,r,512
47740000000,r,512
47740000000,r,512
47740000000,r,512
47740000000,r,512
47740000000,r,512
47740000000,r,512
47920000000,r,512
47920000000,r,512
47920000000,r,512
47920000000,s,512
47920000000,r,512
47920000000,r,512
47920000000,r,512
47920000000,s,512
47920000000,r,512
48020000000,r,512
48020000000,r,512
48020000000,r,512
48020000000,r,512
48020000000,r,512
48020000000,s,512
48470000000,r,512
48470000000,r,512
48470000000,r,512
48470000000,r,512
48470000000,r,512
48470000000,r,512
48470000000,r,512
48570000000,r,512
48680000000,r,512
48680000000,r,512
48680000000,r,512
48790000000,r,512
48790000000,r,512
48790000000,r,512
48790000000,r,512
48790000000,r,512
48790000000,r,512
48790000000,r,512
48900000000,r,512
49000000000,r,512
49000000000,r,512
49000000000,r,512
49120000000,r,512
49120000000,r,512
49120000000,r,512
49220000000,r,512
49220000000,r,512
49220000000,r,512
49220000000,r,512
49220000000,r,512
49220000000,r,512
49220000000,r,512
49220000000,r,512
49330000000,r,512
49330000000,r,512
49330000000,r,512
49330000000,r,512
49330000000,r,512
49330000000,r,512
49330000000,r,512
49430000000,r,512
49430000000,r,512
49430000000,r,512
49430000000,r,512
49440000000,r,512
49440000000,r,512
49440000000,r,512
49440000000,r,512
49440000000,r,512
49540000000,r,512
49540000000,r,512
49540000000,r,512
49540000000,r,512
49540000000,r,512
49540000000,r,512
49540000000,r,512
49540000000,r,512
49640000000,r,512
49640000000,r,512
49640000000,r,512
49640000000,r,512
49640000000,r,512
49640000000,r,512
49640000000,r,512
49640000000,r,512
49640000000,r,512
49750000000,r,512
49750000000,r,512
49750000000,r,512
49750000000,r,512
49750000000,r,512
49750000000,r,512
49750000000,r,512
49750000000,r,512
49790000000,r,512
49790000000,r,512
49790000000,r,512
49790000000,r,512
49790000000,r,512
49790000000,r,512
49850000000,r,512
49850000000,r,512
49850000000,s,512
49850000000,r,512
49850000000,r,512
49900000000,r,512
49900000000,r,512
49900000000,r,512
49900000000,r,512
49900000000,r,512
49900000000,r,512
49960000000,r,512
49960000000,s,512
49960000000,r,512
49960000000,r,512
49960000000,r,512
49960000000,r,512
49960000000,r,512
49960000000,r,512
50100000000,r,512
50100000000,r,512
50100000000,r,512
50100000000,r,512
50210000000,r,512
50210000000,r,512
50210000000,r,512
50210000000,r,512
50210000000,r,512
50210000000,r,512
50360000000,r,512
50360000000,r,512
50360000000,s,512
50360000000,r,512
50360000000,r,512
50360000000,r,512
50360000000,r,512
50360000000,r,512
50360000000,r,512
50460000000,r,512
50460000000,r,512
50460000000,r,512
50460000000,r,512
50460000000,r,512
50460000000,r,512
50460000000,r,512
50520000000,r,512
50520000000,r,512
50520000000,r,512
50520000000,r,512
50520000000,r,512
50520000000,r,512
50520000000,r,512
50570000000,r,512
50570000000,r,512
50580000000,r,512
50580000000,r,512
50580000000,r,512
50580000000,r,512
50580000000,r,512
50580000000,r,512
50580000000,r,512
50630000000,r,512
50630000000,r,512
50670000000,r,512
50670000000,r,512
50670000000,r,512
50670000000,r,512
50670000000,r,512
50670000000,r,512
50680000000,r,512
50680000000,r,512
50680000000,r,512
50680000000,r,512
50680000000,r,512
50680000000,r,512
50680000000,r,512
50780000000,r,512
50780000000,r,512
50880000000,r,512
50880000000,r,512
50880000000,r,512
50880000000,r,512
50880000000,r,512
50880000000,r,512
50990000000,r,512
50990000000,r,512
50990000000,r,512
50990000000,r,512
50990000000,r,512
50990000000,r,512
50990000000,r,512
50990000000,r,512
50990000000,r,512
50990000000,r,512
50990000000,r,512
50990000000,r,512
50990000000,r,512
50990000000,r,512
50990000000,r,512
50990000000,r,512
50990000000,r,512
50990000000,r,512
50990000000,r,512
50990000000,r,512
50990000000,r,512
50990000000,r,512
50990000000,r,512
50990000000,r,512
50990000000,r,512
51090000000,r,512
51090000000,r,512
51090000000,r,512
51090000000,r,512
51090000000,r,512
51090000000,s,512
51100000000,r,512
51100000000,r,512
51100000000,r,512
51100000000,r,512
51100000000,r,512
51100000000,s,512
51100000000,r,512
51100000000,r,512
51200000000,r,512
51200000000,r,512
51200000000,r,512
51200000000,r,512
51420000000,r,512
51420000000,r,512
51420000000,r,512
51630000000,r,512
51630000000,r,512
51630000000,r,512
51630000000,r,512
51630000000,r,512
51630000000,r,512
51630000000,r,512
51730000000,r,512
51730000000,r,512
51730000000,r,512
51730000000,r,512
51730000000,r,512
51730000000,r,512
51730000000,r,512
51730000000,r,512
51730000000,r,512
51760000000,r,512
51760000000,r,512
51760000000,r,512
51760000000,s,512
51760000000,r,512
51760000000,r,512
51760000000,r,512
51760000000,r,512
51840000000,r,512
51840000000,r,512
51840000000,r,512
51840000000,r,512
51840000000,r,512
51840000000,r,512
51840000000,r,512
51840000000,r,512
51840000000,r,512
51840000000,r,512
51840000000,r,512
51840000000,r,512
51840000000,r,512
51940000000,r,512
51940000000,r,512
51940000000,r,512
51940000000,r,512
51940000000,r,512
51940000000,r,512
51940000000,r,512
51990000000,r,512
51990000000,r,512
51990000000,r,512
51990000000,r,512
52250000000,r,512
52250000000,r,512
52250000000,r,512
52250000000,r,512
52250000000,r,512
52250000000,r,512
52250000000,r,512
52360000000,r,512
52360000000,r,512
52360000000,r,512
52360000000,r,512
52360000000,r,512
52360000000,r,512
52360000000,r,512
52360000000,r,512
52360000000,r,512
52360000000,r,512
52360000000,r,512
52370000000,r,512
52370000000,r,512
52370000000,r,512
52370000000,r,512
52370000000,r,512
52370000000,r,512
52370000000,r,512
52370000000,r,512
52370000000,s,512
52370000000,r,512
52460000000,r,512
52460000000,r,512
52460000000,r,512
52460000000,r,512
52460000000,r,512
52460000000,r,512
52900000000,r,512
52900000000,r,512
52900000000,r,512
52900000000,r,512
52900000000,r,512
52900000000,r,512
52900000000,s,512
52900000000,r,512
52900000000,r,512
52900000000,r,512
52900000000,r,512
52900000000,r,512
52900000000,r,512
52900000000,r,512
52900000000,r,512
52900000000,r,512
53010000000,r,512
53010000000,r,512
53010000000,r,512
53050000000,r,512
53050000000,r,512
53050000000,r,512
53050000000,r,512
53050000000,s,512
53050000000,r,512
53050000000,r,512
53050000000,r,512
53110000000,r,512
53110000000,r,512
