0,r,512
130000000,r,512
130000000,s,512
310000000,r,512
1300000000,s,512
1960000000,r,512
1960000000,s,512
1960000000,s,512
2380000000,r,512
2380000000,r,512
2380000000,r,512
2380000000,r,512
2380000000,r,512
2380000000,r,512
2380000000,r,512
2380000000,r,512
2380000000,s,512
2380000000,s,512
2720000000,r,512
2720000000,s,512
2890000000,r,512
2890000000,r,512
2890000000,s,512
3510000000,r,512
3650000000,r,512
3650000000,r,512
3790000000,s,512
4120000000,r,512
4120000000,s,512
4120000000,s,512
4760000000,r,512
4760000000,r,512
4760000000,r,512
4760000000,r,512
4760000000,r,512
4760000000,r,512
4760000000,r,512
4850000000,r,512
4860000000,s,512
4860000000,s,512
5200000000,r,512
5310000000,r,512
5310000000,r,512
5310000000,r,512
5310000000,r,512
5310000000,r,512
5310000000,r,512
5310000000,r,512
5410000000,r,512
5410000000,r,512
5410000000,r,512
5410000000,r,512
5410000000,r,512
5410000000,r,512
5450000000,s,512
5460000000,s,512
5460000000,s,512
5460000000,s,512
5460000000,s,512
5460000000,s,512
5460000000,s,512
5780000000,r,512
5780000000,s,512
5780000000,s,512
5840000000,r,512
5840000000,r,512
5850000000,s,512
5850000000,s,512
5850000000,s,512
5850000000,s,512
5910000000,r,512
5910000000,r,512
5910000000,r,512
5910000000,s,512
5910000000,s,512
5920000000,s,512
5920000000,s,512
5920000000,s,512
5920000000,s,512
6000000000,r,512
6000000000,r,512
6000000000,r,512
6000000000,r,512
6000000000,r,512
6000000000,r,512
6000000000,r,512
6010000000,r,512
6010000000,r,512
6050000000,r,512
6050000000,r,512
6050000000,r,512
6050000000,r,512
6050000000,s,512
6050000000,s,512
6110000000,r,512
6110000000,r,512
6110000000,r,512
6110000000,r,512
6110000000,r,512
6110000000,r,512
6110000000,r,512
6110000000,r,512
6110000000,r,512
6150000000,r,512
6150000000,r,512
6150000000,r,512
6150000000,r,512
6150000000,s,512
6150000000,s,512
6400000000,r,512
6400000000,r,512
6400000000,r,512
6400000000,r,512
6400000000,r,512
6400000000,r,512
6400000000,r,512
6400000000,r,512
6400000000,r,512
6400000000,r,512
6400000000,r,512
6400000000,r,512
6400000000,r,512
6400000000,r,512
6400000000,r,512
6400000000,r,512
6400000000,r,512
6400000000,r,512
6400000000,r,512
6400000000,r,512
6400000000,r,512
6400000000,r,512
6400000000,r,512
6400000000,s,512
6400000000,s,512
6400000000,s,512
6410000000,s,512
6420000000,s,512
6590000000,r,512
6590000000,r,512
6590000000,r,512
6590000000,r,512
6590000000,r,512
6590000000,r,512
6590000000,r,512
6600000000,r,512
6600000000,r,512
6600000000,r,512
6600000000,r,512
6600000000,r,512
6600000000,r,512
6600000000,r,512
6600000000,r,512
6600000000,r,512
6600000000,s,512
6600000000,r,512
6600000000,r,512
6610000000,s,512
6610000000,s,512
6610000000,s,512
6610000000,s,512
6690000000,r,512
6690000000,r,512
6690000000,r,512
6690000000,r,512
6690000000,r,512
6690000000,r,512
6690000000,s,512
6790000000,r,512
6790000000,r,512
6790000000,r,512
6790000000,r,512
6790000000,r,512
6790000000,r,512
6790000000,r,512
6790000000,r,512
6790000000,r,512
6790000000,r,512
6790000000,r,512
6790000000,r,512
6790000000,r,512
6790000000,r,512
6790000000,r,512
6790000000,r,512
6790000000,s,512
7240000000,r,512
7240000000,r,512
7240000000,r,512
7240000000,r,512
7240000000,r,512
7240000000,r,512
7240000000,r,512
7240000000,s,512
7240000000,s,512
7240000000,s,512
7340000000,r,512
7340000000,r,512
7340000000,r,512
7340000000,r,512
7340000000,r,512
7340000000,r,512
7340000000,r,512
7340000000,r,512
7340000000,r,512
7340000000,r,512
7340000000,r,512
7340000000,r,512
7350000000,s,512
7350000000,s,512
7350000000,s,512
7350000000,s,512
7350000000,s,512
7350000000,s,512
7350000000,s,512
7350000000,s,512
7480000000,r,512
7480000000,r,512
7480000000,r,512
7480000000,r,512
7480000000,r,512
7480000000,r,512
7480000000,r,512
7540000000,r,512
7540000000,r,512
7540000000,r,512
7540000000,r,512
7540000000,r,512
7540000000,r,512
7540000000,r,512
7630000000,r,512
7640000000,r,512
7640000000,r,512
7640000000,r,512
7640000000,r,512
7640000000,r,512
7640000000,r,512
7640000000,r,512
7740000000,r,512
7740000000,r,512
7740000000,r,512
8029999999,r,512
8029999999,r,512
8029999999,r,512
8029999999,r,512
8029999999,r,512
8029999999,r,512
8029999999,r,512
8119999999,r,512
8119999999,r,512
8119999999,r,512
8119999999,r,512
8119999999,r,512
8119999999,r,512
8119999999,r,512
8119999999,r,512
8150000000,r,512
8150000000,r,512
8150000000,r,512
8150000000,r,512
8150000000,r,512
8150000000,r,512
8150000000,r,512
8150000000,s,512
8150000000,s,512
8220000000,r,512
8220000000,r,512
8220000000,r,512
8220000000,r,512
8220000000,r,512
8220000000,r,512
8220000000,r,512
8220000000,r,512
8220000000,r,512
8220000000,r,512
8220000000,s,512
8220000000,s,512
8220000000,s,512
8289999999,r,512
8289999999,r,512
8289999999,r,512
8289999999,s,512
8289999999,r,512
8289999999,r,512
8289999999,r,512
8289999999,r,512
8289999999,r,512
8289999999,s,512
8289999999,s,512
8390000000,r,512
8390000000,s,512
8539999999,r,512
8560000000,r,512
8560000000,r,512
8560000000,r,512
8560000000,r,512
8560000000,r,512
8560000000,r,512
8560000000,r,512
8560000000,r,512
8560000000,r,512
8560000000,r,512
8560000000,r,512
8560000000,r,512
8560000000,r,512
8560000000,r,512
8560000000,r,512
8660000000,r,512
8660000000,r,512
8660000000,r,512
8660000000,r,512
8660000000,r,512
8660000000,r,512
8660000000,r,512
8660000000,r,512
8660000000,r,512
8660000000,r,512
8660000000,r,512
8660000000,r,512
8660000000,r,512
8660000000,r,512
8660000000,r,512
8660000000,r,512
8660000000,r,512
8660000000,r,512
8660000000,r,512
8660000000,r,512
8760000000,r,512
8760000000,r,512
8760000000,r,512
8760000000,r,512
8760000000,r,512
8760000000,r,512
8760000000,r,512
8760000000,r,512
8760000000,r,512
8760000000,r,512
8760000000,r,512
8760000000,r,512
8760000000,r,512
8760000000,r,512
8760000000,r,512
8760000000,r,512
8760000000,r,512
8760000000,r,512
8760000000,s,512
8950000000,r,512
8950000000,r,512
8950000000,r,512
8950000000,r,512
8950000000,r,512
8950000000,r,512
8950000000,r,512
8950000000,r,512
8950000000,r,512
8950000000,r,512
8950000000,r,512
8950000000,r,512
8950000000,r,512
8950000000,r,512
8950000000,r,512
8950000000,r,512
8950000000,r,512
8950000000,r,512
8950000000,r,512
8950000000,r,512
8950000000,r,512
8950000000,r,512
8950000000,r,512
8960000000,s,512
9050000000,r,512
9050000000,r,512
9050000000,r,512
9050000000,r,512
9050000000,r,512
9050000000,r,512
9050000000,r,512
9150000000,r,512
9150000000,r,512
9150000000,r,512
9150000000,r,512
9150000000,r,512
9150000000,r,512
9150000000,r,512
9250000000,r,512
9250000000,r,512
9250000000,r,512
9250000000,r,512
9250000000,s,512
9250000000,r,512
9250000000,r,512
9250000000,r,512
9250000000,r,512
9250000000,r,512
9250000000,r,512
9250000000,r,512
9250000000,r,512
9250000000,r,512
9250000000,r,512
9250000000,r,512
9340000000,r,512
9340000000,r,512
9340000000,r,512
9340000000,r,512
9340000000,r,512
9340000000,r,512
9340000000,r,512
9340000000,r,512
9340000000,r,512
9340000000,r,512
9340000000,r,512
9440000000,r,512
9440000000,s,512
9440000000,r,512
9440000000,r,512
9440000000,r,512
9440000000,r,512
9440000000,r,512
9440000000,r,512
9440000000,r,512
9440000000,r,512
9440000000,r,512
9440000000,r,512
9440000000,r,512
9440000000,r,512
9440000000,r,512
9440000000,r,512
9540000000,r,512
9540000000,r,512
9540000000,r,512
9540000000,r,512
9540000000,r,512
9540000000,r,512
9540000000,r,512
9540000000,r,512
9540000000,r,512
9540000000,r,512
9540000000,r,512
9540000000,r,512
9540000000,r,512
9540000000,r,512
9540000000,r,512
9540000000,r,512
9540000000,r,512
9540000000,r,512
9540000000,r,512
9630000000,r,512
9630000000,r,512
9630000000,r,512
9630000000,r,512
9630000000,r,512
9630000000,r,512
9630000000,r,512
9630000000,r,512
9630000000,r,512
9630000000,r,512
9630000000,r,512
9630000000,r,512
9630000000,r,512
9630000000,r,512
9630000000,r,512
9730000000,r,512
9730000000,r,512
9730000000,s,512
9730000000,r,512
9730000000,r,512
9730000000,r,512
9730000000,r,512
9730000000,r,512
9730000000,r,512
9730000000,r,512
9730000000,r,512
9730000000,r,512
9730000000,r,512
9730000000,r,512
9730000000,r,512
9730000000,r,512
9730000000,r,512
9730000000,r,512
9730000000,r,512
9730000000,r,512
9730000000,r,512
9730000000,r,512
9730000000,r,512
9730000000,r,512
9730000000,r,512
9830000000,r,512
9830000000,r,512
9830000000,r,512
9830000000,r,512
9830000000,r,512
9830000000,s,512
9830000000,r,512
9830000000,r,512
9830000000,r,512
9830000000,r,512
9830000000,r,512
9830000000,r,512
9830000000,r,512
9830000000,r,512
9830000000,r,512
9830000000,r,512
9830000000,r,512
9830000000,r,512
9830000000,r,512
9830000000,r,512
9830000000,r,512
9830000000,r,512
9830000000,r,512
9830000000,r,512
9830000000,r,512
9920000000,r,512
9920000000,r,512
9920000000,r,512
9920000000,r,512
9920000000,s,512
9920000000,r,512
10010000000,s,512
10010000000,s,512
10040000000,s,512
10040000000,s,512
10040000000,s,512
10040000000,s,512
10040000000,s,512
10040000000,s,512
10040000000,s,512
10040000000,s,512
10200000000,s,512
10310000000,r,512
10370000000,r,512
10370000000,s,512
10370000000,s,512
10460000000,r,512
10460000000,r,512
10460000000,r,512
10460000000,r,512
10460000000,r,512
10460000000,r,512
10460000000,r,512
10460000000,r,512
10460000000,r,512
10460000000,r,512
10460000000,r,512
10460000000,s,512
10460000000,s,512
10480000000,s,512
10500000000,r,512
10500000000,r,512
10500000000,s,512
10560000000,r,512
10560000000,r,512
10560000000,r,512
10560000000,r,512
10560000000,r,512
10560000000,r,512
10560000000,r,512
10560000000,r,512
10560000000,r,512
10560000000,r,512
10560000000,s,512
10560000000,s,512
10560000000,s,512
10560000000,s,512
10560000000,s,512
10600000000,r,512
10600000000,r,512
10600000000,r,512
10600000000,s,512
10600000000,s,512
10600000000,s,512
10600000000,s,512
10610000000,s,512
10610000000,s,512
10610000000,s,512
10610000000,s,512
10630000000,s,512
10700000000,r,512
10700000000,r,512
10700000000,r,512
10700000000,r,512
10700000000,r,512
10700000000,r,512
10700000000,r,512
10700000000,r,512
10700000000,s,512
10700000000,s,512
10790000000,s,512
10800000000,r,512
10800000000,r,512
10800000000,r,512
10800000000,r,512
10800000000,r,512
10800000000,r,512
10800000000,r,512
10850000000,r,512
10850000000,r,512
10850000000,r,512
10850000000,r,512
11050000000,r,512
11050000000,r,512
11050000000,r,512
11050000000,r,512
11050000000,r,512
11050000000,r,512
11050000000,r,512
11050000000,r,512
11050000000,r,512
11050000000,s,512
11050000000,r,512
11050000000,r,512
11050000000,r,512
11050000000,r,512
11050000000,r,512
11050000000,r,512
11150000000,r,512
11150000000,r,512
11150000000,r,512
11150000000,r,512
11150000000,r,512
11150000000,r,512
11150000000,r,512
11240000000,r,512
11240000000,r,512
11240000000,r,512
11240000000,r,512
11240000000,r,512
11240000000,r,512
11240000000,r,512
11240000000,r,512
11240000000,r,512
11240000000,r,512
11340000000,r,512
11340000000,r,512
11340000000,r,512
11340000000,r,512
11340000000,s,512
11340000000,r,512
11340000000,r,512
11340000000,r,512
11340000000,r,512
11340000000,r,512
11440000000,r,512
11440000000,r,512
11440000000,r,512
11440000000,r,512
11440000000,r,512
11440000000,r,512
11440000000,r,512
11440000000,r,512
11440000000,r,512
11440000000,r,512
11440000000,r,512
11440000000,r,512
11440000000,r,512
11440000000,r,512
11440000000,r,512
11540000000,r,512
11540000000,r,512
11540000000,r,512
11540000000,r,512
11540000000,r,512
11540000000,r,512
11540000000,r,512
11540000000,r,512
11540000000,r,512
11540000000,r,512
11540000000,r,512
11540000000,r,512
11640000000,r,512
11640000000,r,512
11640000000,r,512
11640000000,r,512
11640000000,r,512
11640000000,r,512
11640000000,r,512
11640000000,r,512
11640000000,s,512
11640000000,s,512
11680000000,r,512
11680000000,r,512
11680000000,r,512
11680000000,r,512
11680000000,r,512
11680000000,r,512
11680000000,r,512
11680000000,r,512
11680000000,s,512
11680000000,s,512
11730000000,r,512
11730000000,r,512
11730000000,r,512
11730000000,r,512
11730000000,r,512
11730000000,r,512
11730000000,r,512
11730000000,r,512
11770000000,r,512
11770000000,s,512
11770000000,r,512
11770000000,r,512
11770000000,r,512
11770000000,r,512
11770000000,r,512
11770000000,r,512
11770000000,r,512
11830000000,r,512
11830000000,r,512
11830000000,r,512
11830000000,r,512
11830000000,r,512
11830000000,r,512
11830000000,r,512
11830000000,r,512
11830000000,s,512
11830000000,s,512
11870000000,r,512
11870000000,r,512
11870000000,r,512
11870000000,r,512
11870000000,r,512
11870000000,r,512
11870000000,r,512
11870000000,r,512
11870000000,r,512
11870000000,r,512
11870000000,r,512
11870000000,r,512
11870000000,r,512
11870000000,r,512
11870000000,r,512
11870000000,r,512
11880000000,s,512
11880000000,s,512
11880000000,s,512
11930000000,r,512
11930000000,r,512
11930000000,r,512
11930000000,r,512
11930000000,r,512
11930000000,r,512
11930000000,r,512
11970000000,r,512
11970000000,r,512
11970000000,r,512
11970000000,r,512
11970000000,r,512
11970000000,r,512
11970000000,s,512
11970000000,r,512
11970000000,r,512
12030000000,r,512
12030000000,r,512
12030000000,r,512
12030000000,r,512
12030000000,r,512
12030000000,r,512
12030000000,r,512
12030000000,r,512
12060000000,r,512
12060000000,r,512
12060000000,r,512
12060000000,r,512
12060000000,r,512
12060000000,r,512
12060000000,r,512
12060000000,r,512
12070000000,r,512
12070000000,r,512
12070000000,r,512
12070000000,r,512
12070000000,r,512
12070000000,r,512
12070000000,r,512
12070000000,r,512
12070000000,s,512
12070000000,s,512
12120000000,r,512
12120000000,r,512
12120000000,r,512
12120000000,r,512
12120000000,r,512
12120000000,r,512
12120000000,r,512
12120000000,r,512
12130000000,s,512
12130000000,s,512
12160000000,r,512
12160000000,r,512
12160000000,r,512
12160000000,r,512
12160000000,r,512
12160000000,r,512
12160000000,r,512
12160000000,r,512
12330000000,r,512
12330000000,r,512
12330000000,r,512
12330000000,r,512
12330000000,r,512
12330000000,r,512
12330000000,r,512
12330000000,r,512
12330000000,r,512
12330000000,r,512
12330000000,r,512
12330000000,r,512
12330000000,r,512
12330000000,r,512
12330000000,r,512
12330000000,r,512
12330000000,r,512
12330000000,r,512
12330000000,r,512
12330000000,r,512
12330000000,r,512
12330000000,r,512
12330000000,s,512
12330000000,r,512
12330000000,r,512
12330000000,r,512
12330000000,r,512
12330000000,r,512
12330000000,r,512
12330000000,r,512
12330000000,r,512
12330000000,r,512
12430000000,r,512
12430000000,r,512
12430000000,r,512
12430000000,r,512
12430000000,r,512
12430000000,r,512
12430000000,r,512
12430000000,r,512
12530000000,r,512
12530000000,r,512
12530000000,r,512
12530000000,r,512
12530000000,r,512
12530000000,r,512
12530000000,r,512
12530000000,r,512
12630000000,r,512
12630000000,r,512
12630000000,r,512
12630000000,r,512
12630000000,r,512
12630000000,r,512
12630000000,r,512
12630000000,r,512
12630000000,r,512
12630000000,r,512
12630000000,r,512
12630000000,r,512
12630000000,s,512
12630000000,r,512
12630000000,r,512
12630000000,r,512
12630000000,r,512
12720000000,r,512
12720000000,r,512
12720000000,r,512
12720000000,r,512
12720000000,r,512
12720000000,r,512
12720000000,r,512
12720000000,r,512
12720000000,r,512
12720000000,r,512
12720000000,r,512
12720000000,r,512
12720000000,r,512
12720000000,r,512
12720000000,r,512
12720000000,s,512
12820000000,r,512
12820000000,r,512
12820000000,r,512
12820000000,r,512
12820000000,r,512
12820000000,r,512
12820000000,r,512
12820000000,r,512
12820000000,r,512
12820000000,r,512
12820000000,r,512
12820000000,r,512
12820000000,r,512
12820000000,r,512
12820000000,r,512
12820000000,r,512
12920000000,r,512
12920000000,r,512
12920000000,r,512
12920000000,r,512
12920000000,r,512
12920000000,r,512
12920000000,r,512
12920000000,r,512
12920000000,r,512
12920000000,r,512
12920000000,r,512
12920000000,r,512
12920000000,r,512
12920000000,r,512
12920000000,r,512
12920000000,r,512
13020000000,r,512
13020000000,r,512
13020000000,r,512
13020000000,r,512
13020000000,r,512
13020000000,r,512
13020000000,r,512
13020000000,r,512
13020000000,r,512
13020000000,r,512
13020000000,r,512
13020000000,r,512
13020000000,r,512
13020000000,r,512
13020000000,r,512
13020000000,r,512
13020000000,s,512
13020000000,s,512
13110000000,r,512
13110000000,r,512
13110000000,r,512
13110000000,r,512
13110000000,r,512
13110000000,r,512
13110000000,r,512
13110000000,r,512
13110000000,r,512
13110000000,r,512
13110000000,r,512
13110000000,r,512
13110000000,r,512
13110000000,r,512
13110000000,r,512
13120000000,s,512
13120000000,s,512
13210000000,r,512
13210000000,r,512
13210000000,r,512
13210000000,r,512
13210000000,r,512
13210000000,r,512
13210000000,r,512
13210000000,r,512
13210000000,r,512
13210000000,r,512
13210000000,r,512
13210000000,r,512
13210000000,r,512
13210000000,r,512
13210000000,r,512
13210000000,r,512
13210000000,r,512
13210000000,r,512
13210000000,r,512
13210000000,s,512
13210000000,r,512
13210000000,r,512
13210000000,r,512
13210000000,r,512
13210000000,r,512
13310000000,r,512
13310000000,r,512
13310000000,r,512
13310000000,r,512
13310000000,r,512
13310000000,r,512
13310000000,r,512
13310000000,r,512
13310000000,r,512
13310000000,r,512
13310000000,r,512
13310000000,r,512
13310000000,s,512
13310000000,r,512
13310000000,r,512
13310000000,r,512
13310000000,r,512
13310000000,r,512
13310000000,r,512
13310000000,r,512
13310000000,r,512
13310000000,r,512
13310000000,r,512
13310000000,r,512
13310000000,r,512
13310000000,s,512
13310000000,s,512
13310000000,s,512
13410000000,r,512
13410000000,r,512
13410000000,r,512
13410000000,r,512
13410000000,r,512
13410000000,r,512
13410000000,r,512
13410000000,r,512
13500000000,r,512
13500000000,r,512
13500000000,r,512
13500000000,r,512
13500000000,r,512
13500000000,r,512
13500000000,r,512
13500000000,r,512
13500000000,r,512
13500000000,r,512
13500000000,r,512
13500000000,r,512
13500000000,r,512
13500000000,r,512
13500000000,r,512
13500000000,r,512
13500000000,r,512
13500000000,r,512
13500000000,r,512
13500000000,r,512
13500000000,r,512
13500000000,r,512
13500000000,r,512
13700000000,r,512
13700000000,r,512
13700000000,r,512
13700000000,r,512
13700000000,r,512
13700000000,r,512
13700000000,r,512
13700000000,r,512
13780000000,r,512
13780000000,r,512
13780000000,r,512
13780000000,r,512
13780000000,r,512
13780000000,r,512
13780000000,r,512
13780000000,r,512
13800000000,r,512
13800000000,r,512
13800000000,r,512
13800000000,r,512
13800000000,r,512
13800000000,r,512
13800000000,r,512
13800000000,r,512
13890000000,r,512
13890000000,r,512
13890000000,r,512
13890000000,r,512
13890000000,r,512
13890000000,r,512
13890000000,r,512
13890000000,r,512
13930000000,r,512
13930000000,r,512
13930000000,r,512
13930000000,r,512
13930000000,r,512
13930000000,r,512
13930000000,r,512
13930000000,r,512
13930000000,s,512
13990000000,r,512
13990000000,r,512
13990000000,r,512
13990000000,r,512
13990000000,r,512
13990000000,r,512
13990000000,r,512
14090000000,r,512
14090000000,r,512
14090000000,r,512
14090000000,r,512
14090000000,r,512
14090000000,r,512
14090000000,r,512
14090000000,s,512
14090000000,r,512
14090000000,r,512
14090000000,r,512
14090000000,r,512
14090000000,r,512
14090000000,r,512
14090000000,r,512
14090000000,r,512
14090000000,r,512
14090000000,s,512
14190000000,r,512
14190000000,r,512
14190000000,r,512
14190000000,r,512
14190000000,r,512
14190000000,r,512
14190000000,r,512
14190000000,r,512
14190000000,r,512
14190000000,r,512
14190000000,r,512
14190000000,r,512
14190000000,r,512
14190000000,r,512
14190000000,r,512
14190000000,r,512
14230000000,r,512
14230000000,r,512
14230000000,r,512
14230000000,r,512
14230000000,r,512
14230000000,r,512
14230000000,s,512
14230000000,r,512
14230000000,r,512
14280000000,r,512
14280000000,r,512
14280000000,r,512
14280000000,r,512
14280000000,r,512
14280000000,r,512
14280000000,r,512
14280000000,r,512
14280000000,s,512
14330000000,r,512
14330000000,r,512
14330000000,r,512
14330000000,r,512
14330000000,r,512
14330000000,r,512
14330000000,r,512
14330000000,r,512
14330000000,s,512
14380000000,r,512
14380000000,r,512
14380000000,r,512
14380000000,r,512
14380000000,r,512
14380000000,r,512
14380000000,r,512
14380000000,r,512
14380000000,r,512
14380000000,r,512
14380000000,r,512
14380000000,r,512
14380000000,r,512
14380000000,r,512
14380000000,r,512
14420000000,r,512
14420000000,r,512
14420000000,r,512
14420000000,r,512
14420000000,r,512
14420000000,r,512
14420000000,r,512
14420000000,r,512
14480000000,r,512
14480000000,r,512
14480000000,r,512
14480000000,r,512
14480000000,r,512
14480000000,r,512
14480000000,r,512
14480000000,r,512
14480000000,r,512
14480000000,r,512
14480000000,r,512
14480000000,r,512
14480000000,r,512
14480000000,r,512
14480000000,s,512
14480000000,r,512
14480000000,r,512
14520000000,r,512
14520000000,r,512
14520000000,r,512
14520000000,r,512
14520000000,r,512
14520000000,r,512
14520000000,r,512
14520000000,r,512
14570000000,r,512
14570000000,r,512
14570000000,r,512
14570000000,s,512
14570000000,r,512
14570000000,r,512
14570000000,r,512
14570000000,r,512
14570000000,r,512
14570000000,r,512
14570000000,r,512
14570000000,r,512
14570000000,r,512
14570000000,r,512
14570000000,r,512
14570000000,r,512
14570000000,r,512
14610000000,r,512
14610000000,r,512
14610000000,r,512
14610000000,r,512
14610000000,r,512
14610000000,r,512
14610000000,r,512
14670000000,r,512
14670000000,r,512
14670000000,r,512
14670000000,r,512
14670000000,r,512
14670000000,r,512
14670000000,r,512
14670000000,r,512
14670000000,r,512
14670000000,r,512
14670000000,r,512
14670000000,r,512
14670000000,r,512
14670000000,r,512
14670000000,r,512
14670000000,r,512
14670000000,r,512
14670000000,r,512
14670000000,r,512
14670000000,r,512
14670000000,r,512
14670000000,r,512
14670000000,r,512
14670000000,r,512
14710000000,r,512
14710000000,r,512
14710000000,r,512
14710000000,r,512
14710000000,r,512
14710000000,r,512
14710000000,s,512
14710000000,r,512
14710000000,r,512
14770000000,r,512
14770000000,r,512
14770000000,r,512
14770000000,r,512
14770000000,r,512
14770000000,r,512
14770000000,r,512
14770000000,r,512
14770000000,r,512
14770000000,r,512
14770000000,r,512
14770000000,r,512
14770000000,r,512
14770000000,r,512
14770000000,r,512
14770000000,r,512
14770000000,s,512
14770000000,s,512
14910000000,r,512
14910000000,r,512
14910000000,r,512
14910000000,r,512
14910000000,r,512
14910000000,r,512
14910000000,r,512
14910000000,r,512
14910000000,r,512
14910000000,r,512
14910000000,r,512
14910000000,r,512
14910000000,r,512
14910000000,r,512
14910000000,r,512
14910000000,r,512
14910000000,r,512
14910000000,r,512
14910000000,r,512
14910000000,s,512
14910000000,r,512
14910000000,r,512
14910000000,r,512
14910000000,r,512
14910000000,s,512
14940000000,s,512
14970000000,s,512
14970000000,s,512
14990000000,r,512
14990000000,r,512
14990000000,r,512
14990000000,r,512
14990000000,r,512
14990000000,r,512
14990000000,r,512
14990000000,r,512
14990000000,s,512
14990000000,s,512
15140000000,r,512
15140000000,r,512
15140000000,r,512
15140000000,r,512
15140000000,r,512
15140000000,r,512
15140000000,r,512
15140000000,r,512
15180000000,r,512
15180000000,r,512
15180000000,r,512
15180000000,r,512
15180000000,r,512
15180000000,r,512
15180000000,r,512
15180000000,r,512
15240000000,r,512
15240000000,r,512
15240000000,r,512
15240000000,r,512
15240000000,r,512
15240000000,r,512
15240000000,r,512
15240000000,r,512
15240000000,r,512
15240000000,r,512
15240000000,r,512
15240000000,r,512
15240000000,r,512
15240000000,r,512
15240000000,r,512
15240000000,r,512
15280000000,r,512
15280000000,r,512
15280000000,r,512
15280000000,r,512
15280000000,r,512
15280000000,r,512
15280000000,r,512
15280000000,r,512
15340000000,r,512
15340000000,r,512
15340000000,r,512
15340000000,r,512
15340000000,r,512
15340000000,r,512
15340000000,r,512
15370000000,r,512
15380000000,r,512
15380000000,r,512
15380000000,r,512
15380000000,r,512
15380000000,r,512
15380000000,r,512
15380000000,r,512
15430000000,r,512
15430000000,r,512
15430000000,r,512
15430000000,r,512
15430000000,r,512
15430000000,r,512
15430000000,r,512
15430000000,r,512
15440000000,r,512
15440000000,r,512
15440000000,s,512
15440000000,r,512
15440000000,r,512
15440000000,r,512
15440000000,r,512
15440000000,r,512
15440000000,r,512
15470000000,r,512
15470000000,r,512
15470000000,r,512
15470000000,r,512
15470000000,r,512
15470000000,r,512
15470000000,r,512
15470000000,r,512
15530000000,r,512
15530000000,r,512
15530000000,r,512
15530000000,r,512
15530000000,r,512
15530000000,r,512
15530000000,r,512
15530000000,s,512
15530000000,r,512
15530000000,r,512
15530000000,r,512
15530000000,s,512
15530000000,r,512
15530000000,r,512
15530000000,r,512
15530000000,r,512
15530000000,r,512
15530000000,r,512
15570000000,r,512
15570000000,r,512
15570000000,r,512
15570000000,r,512
15570000000,r,512
15570000000,r,512
15570000000,r,512
15570000000,r,512
15630000000,r,512
15630000000,r,512
15630000000,r,512
15630000000,r,512
15630000000,r,512
15630000000,r,512
15630000000,r,512
15630000000,r,512
15630000000,r,512
15630000000,r,512
15630000000,r,512
15630000000,r,512
15630000000,r,512
15630000000,r,512
15630000000,r,512
15630000000,s,512
15630000000,s,512
15660000000,r,512
15660000000,r,512
15660000000,r,512
15660000000,r,512
15660000000,r,512
15660000000,r,512
15660000000,r,512
15660000000,r,512
15700000000,s,512
15710000000,r,512
15710000000,r,512
15710000000,r,512
15710000000,r,512
15710000000,r,512
15710000000,r,512
15710000000,r,512
15710000000,r,512
15720000000,r,512
15720000000,r,512
15720000000,r,512
15720000000,r,512
15720000000,r,512
15720000000,r,512
15720000000,r,512
15730000000,r,512
15730000000,r,512
15730000000,r,512
15730000000,r,512
15730000000,r,512
15730000000,r,512
15730000000,r,512
15730000000,s,512
15760000000,r,512
15760000000,r,512
15760000000,r,512
15760000000,r,512
15760000000,r,512
15760000000,r,512
15760000000,r,512
15760000000,r,512
15820000000,r,512
15820000000,r,512
15820000000,r,512
15820000000,r,512
15820000000,r,512
15820000000,r,512
15820000000,r,512
15820000000,r,512
15820000000,r,512
15820000000,r,512
15820000000,r,512
15860000000,r,512
15920000000,r,512
15920000000,r,512
15920000000,r,512
15920000000,r,512
15920000000,r,512
15920000000,r,512
15920000000,r,512
15920000000,r,512
15940000000,r,512
15940000000,r,512
15940000000,r,512
15940000000,r,512
15940000000,r,512
15940000000,r,512
15940000000,r,512
15940000000,r,512
15940000000,r,512
15950000000,s,512
15950000000,s,512
15990000000,r,512
15990000000,r,512
15990000000,r,512
15990000000,r,512
15990000000,r,512
15990000000,r,512
15990000000,r,512
16010000000,r,512
16010000000,s,512
16010000000,r,512
16010000000,r,512
16010000000,r,512
16010000000,r,512
16010000000,r,512
16010000000,s,512
16010000000,r,512
16010000000,r,512
16110000000,r,512
16110000000,r,512
16110000000,r,512
16110000000,r,512
16110000000,r,512
16110000000,r,512
16110000000,r,512
16110000000,r,512
16160000000,r,512
16160000000,r,512
16160000000,r,512
16180000000,r,512
16180000000,r,512
16180000000,r,512
16180000000,r,512
16180000000,r,512
16180000000,r,512
16180000000,r,512
16180000000,s,512
16180000000,r,512
16180000000,r,512
16180000000,r,512
16180000000,r,512
16180000000,r,512
16180000000,r,512
16180000000,r,512
16180000000,r,512
16200000000,r,512
16200000000,r,512
16200000000,r,512
16200000000,r,512
16200000000,r,512
16200000000,r,512
16200000000,r,512
16200000000,r,512
16200000000,r,512
16200000000,r,512
16260000000,r,512
16260000000,r,512
16260000000,r,512
16260000000,r,512
16260000000,r,512
16260000000,r,512
16260000000,r,512
16260000000,r,512
16260000000,r,512
16260000000,r,512
16260000000,r,512
16280000000,r,512
16280000000,r,512
16280000000,r,512
16280000000,r,512
16280000000,r,512
16280000000,r,512
16280000000,r,512
16300000000,r,512
16300000000,r,512
16300000000,r,512
16300000000,r,512
16300000000,r,512
16300000000,r,512
16300000000,s,512
16300000000,r,512
16300000000,r,512
16300000000,r,512
16300000000,r,512
16300000000,r,512
16300000000,r,512
16300000000,r,512
16300000000,r,512
16300000000,r,512
16300000000,r,512
16300000000,r,512
16300000000,r,512
16300000000,r,512
16300000000,r,512
16360000000,r,512
16360000000,r,512
16360000000,r,512
16360000000,r,512
16360000000,r,512
16360000000,r,512
16360000000,r,512
16360000000,r,512
16370000000,r,512
16370000000,r,512
16370000000,r,512
16370000000,r,512
16370000000,r,512
16370000000,r,512
16370000000,r,512
16370000000,r,512
16370000000,r,512
16440000000,r,512
16440000000,r,512
16440000000,s,512
16440000000,r,512
16480000000,s,512
16480000000,s,512
16559999999,s,512
16559999999,s,512
16570000000,r,512
16600000000,r,512
16600000000,r,512
16600000000,r,512
16600000000,r,512
16600000000,r,512
16600000000,r,512
16600000000,r,512
16670000000,r,512
16670000000,r,512
16670000000,r,512
16670000000,r,512
16670000000,r,512
16670000000,r,512
16899999999,r,512
16899999999,r,512
16899999999,r,512
16910000000,s,512
16920000000,s,512
17129999999,r,512
17129999999,r,512
17129999999,r,512
17129999999,r,512
17129999999,r,512
17129999999,r,512
17129999999,r,512
17180000000,r,512
17180000000,r,512
17180000000,r,512
17180000000,r,512
17180000000,r,512
17180000000,r,512
17180000000,s,512
17180000000,r,512
17180000000,r,512
17290000000,r,512
17290000000,r,512
17290000000,r,512
17290000000,r,512
17290000000,r,512
17290000000,r,512
17290000000,r,512
17290000000,r,512
17290000000,r,512
17290000000,r,512
17290000000,r,512
17290000000,r,512
17290000000,r,512
17290000000,r,512
17320000000,r,512
17320000000,r,512
17320000000,r,512
17320000000,r,512
17320000000,r,512
17320000000,r,512
17320000000,r,512
17320000000,r,512
17320000000,r,512
17350000000,r,512
17350000000,r,512
17350000000,r,512
17350000000,r,512
17350000000,r,512
17350000000,r,512
17350000000,r,512
17350000000,r,512
17390000000,r,512
17390000000,r,512
17390000000,r,512
17390000000,r,512
17390000000,r,512
17390000000,r,512
17390000000,r,512
17390000000,r,512
17390000000,r,512
17390000000,r,512
17390000000,r,512
17390000000,r,512
17390000000,r,512
17390000000,r,512
17390000000,r,512
17390000000,r,512
17420000000,r,512
17420000000,s,512
17420000000,r,512
17420000000,r,512
17420000000,r,512
17420000000,r,512
17420000000,r,512
17420000000,r,512
17420000000,r,512
17470000000,r,512
17470000000,r,512
17470000000,r,512
17470000000,r,512
17470000000,r,512
17470000000,r,512
17470000000,r,512
17470000000,r,512
17470000000,r,512
17470000000,r,512
17470000000,r,512
17470000000,r,512
17470000000,r,512
17470000000,s,512
17470000000,r,512
17470000000,r,512
17520000000,r,512
17520000000,r,512
17520000000,r,512
17520000000,r,512
17520000000,r,512
17520000000,r,512
17520000000,r,512
17520000000,r,512
17520000000,r,512
17520000000,r,512
17520000000,r,512
17520000000,r,512
17520000000,r,512
17520000000,r,512
17520000000,r,512
17520000000,r,512
17550000000,r,512
17550000000,r,512
17550000000,r,512
17550000000,r,512
17550000000,r,512
17550000000,r,512
17550000000,r,512
17550000000,r,512
17600000000,r,512
17600000000,r,512
17600000000,r,512
17600000000,r,512
17600000000,s,512
17600000000,r,512
17600000000,r,512
17600000000,r,512
17600000000,r,512
17600000000,r,512
17600000000,r,512
17600000000,r,512
17600000000,r,512
17600000000,r,512
17600000000,r,512
17600000000,r,512
17600000000,r,512
17620000000,r,512
17620000000,r,512
17620000000,r,512
17620000000,r,512
17620000000,r,512
17620000000,r,512
17620000000,r,512
17620000000,r,512
17620000000,r,512
17620000000,r,512
17620000000,r,512
17620000000,r,512
17620000000,r,512
17620000000,r,512
17620000000,r,512
17630000000,r,512
17630000000,r,512
17630000000,r,512
17630000000,r,512
17630000000,r,512
17630000000,r,512
17630000000,r,512
17630000000,r,512
17650000000,r,512
17650000000,r,512
17650000000,r,512
17650000000,r,512
17650000000,r,512
17650000000,r,512
17650000000,r,512
17650000000,r,512
17690000000,r,512
17690000000,r,512
17690000000,r,512
17690000000,r,512
17690000000,r,512
17690000000,r,512
17690000000,r,512
17690000000,s,512
17700000000,r,512
17700000000,r,512
17700000000,r,512
17700000000,r,512
17700000000,r,512
17700000000,r,512
17700000000,r,512
17700000000,r,512
17720000000,r,512
17720000000,r,512
17720000000,r,512
17720000000,r,512
17720000000,r,512
17720000000,r,512
17720000000,r,512
17720000000,r,512
17720000000,r,512
17720000000,r,512
17720000000,r,512
17720000000,r,512
17720000000,s,512
17720000000,r,512
17720000000,r,512
17720000000,r,512
17720000000,r,512
17720000000,r,512
17730000000,r,512
17730000000,r,512
17730000000,r,512
17730000000,r,512
17730000000,r,512
17730000000,r,512
17730000000,r,512
17850000000,r,512
17850000000,r,512
17900000000,s,512
18170000000,r,512
18170000000,r,512
18170000000,r,512
18170000000,r,512
18170000000,r,512
18170000000,r,512
18170000000,r,512
18210000000,r,512
18210000000,r,512
18210000000,r,512
18210000000,r,512
18210000000,r,512
18210000000,r,512
18210000000,r,512
18600000000,r,512
18600000000,r,512
18600000000,r,512
18600000000,s,512
18600000000,r,512
18600000000,r,512
18600000000,r,512
18600000000,r,512
18600000000,r,512
18600000000,r,512
18600000000,r,512
18600000000,r,512
18600000000,r,512
18600000000,r,512
18640000000,s,512
18640000000,s,512
18690000000,r,512
18690000000,r,512
18690000000,r,512
18690000000,r,512
18690000000,r,512
18730000000,s,512
18760000000,s,512
18760000000,s,512
18770000000,s,512
18780000000,s,512
18840000000,s,512
18840000000,r,512
18840000000,r,512
18840000000,r,512
18840000000,r,512
18840000000,r,512
18840000000,r,512
18950000000,r,512
18950000000,r,512
18950000000,r,512
18950000000,r,512
18950000000,r,512
18950000000,r,512
18950000000,r,512
19050000000,r,512
19050000000,r,512
19050000000,r,512
19050000000,r,512
19050000000,r,512
19050000000,r,512
19050000000,r,512
19050000000,r,512
19050000000,r,512
19050000000,r,512
19050000000,r,512
19050000000,r,512
19050000000,r,512
19050000000,r,512
19050000000,r,512
19100000000,r,512
19100000000,r,512
19100000000,r,512
19100000000,r,512
19100000000,r,512
19100000000,r,512
19100000000,r,512
19100000000,r,512
19100000000,r,512
19150000000,r,512
19150000000,r,512
19150000000,r,512
19150000000,r,512
19150000000,r,512
19150000000,r,512
19150000000,r,512
19160000000,s,512
19160000000,s,512
19190000000,r,512
19190000000,r,512
19190000000,r,512
19190000000,r,512
19190000000,r,512
19190000000,s,512
19190000000,s,512
19200000000,s,512
19230000000,s,512
19230000000,s,512
19300000000,r,512
19300000000,r,512
19300000000,r,512
19300000000,s,512
19300000000,s,512
19300000000,s,512
19300000000,s,512
19300000000,s,512
19300000000,s,512
19490000000,r,512
19490000000,s,512
19490000000,r,512
19490000000,r,512
19490000000,r,512
19490000000,r,512
19530000000,r,512
19530000000,r,512
19530000000,r,512
19530000000,s,512
19530000000,r,512
19530000000,r,512
19530000000,r,512
19530000000,r,512
19600000000,r,512
19600000000,r,512
19600000000,r,512
19600000000,r,512
19600000000,r,512
19600000000,s,512
19600000000,s,512
19640000000,r,512
19650000000,r,512
19650000000,r,512
19650000000,r,512
19650000000,s,512
19650000000,r,512
19650000000,r,512
19650000000,r,512
19650000000,r,512
19650000000,s,512
19650000000,s,512
19700000000,r,512
19700000000,r,512
19700000000,r,512
19700000000,r,512
19700000000,r,512
19700000000,r,512
19700000000,r,512
19700000000,r,512
19700000000,r,512
19700000000,r,512
19700000000,r,512
19700000000,r,512
19700000000,r,512
19700000000,r,512
19700000000,r,512
19710000000,s,512
19740000000,r,512
19740000000,r,512
19740000000,r,512
19750000000,r,512
19750000000,r,512
19750000000,r,512
19750000000,r,512
19750000000,r,512
19750000000,r,512
19750000000,r,512
19750000000,r,512
19750000000,r,512
19750000000,r,512
19750000000,r,512
19750000000,r,512
19750000000,r,512
19750000000,r,512
19790000000,r,512
19790000000,r,512
19790000000,r,512
19790000000,r,512
19790000000,r,512
19790000000,r,512
19790000000,r,512
19790000000,r,512
19790000000,r,512
19790000000,r,512
19790000000,r,512
19790000000,r,512
19790000000,r,512
19790000000,r,512
19840000000,r,512
19840000000,r,512
19840000000,r,512
19840000000,r,512
19840000000,r,512
19840000000,r,512
19840000000,r,512
19840000000,r,512
19840000000,r,512
19850000000,s,512
19850000000,r,512
19850000000,r,512
19860000000,s,512
19910000000,r,512
19910000000,r,512
19910000000,r,512
19910000000,r,512
19910000000,r,512
19910000000,r,512
19910000000,r,512
19910000000,r,512
19910000000,s,512
19910000000,s,512
19920000000,r,512
19920000000,r,512
19920000000,s,512
19950000000,r,512
19950000000,r,512
19950000000,r,512
19950000000,r,512
19950000000,r,512
19950000000,r,512
19950000000,r,512
19970000000,s,512
19990000000,r,512
19990000000,r,512
19990000000,r,512
19990000000,r,512
19990000000,r,512
19990000000,r,512
19990000000,r,512
19990000000,r,512
19990000000,s,512
19990000000,s,512
20030000000,r,512
20150000000,r,512
20150000000,r,512
20150000000,r,512
20150000000,r,512
20150000000,s,512
20150000000,r,512
20150000000,r,512
20150000000,r,512
20150000000,r,512
20150000000,r,512
20150000000,r,512
20150000000,r,512
20150000000,r,512
20150000000,r,512
20150000000,r,512
20150000000,r,512
20150000000,r,512
20150000000,r,512
20150000000,r,512
20150000000,r,512
20150000000,r,512
20150000000,r,512
20150000000,r,512
20150000000,r,512
20150000000,r,512
20150000000,r,512
20150000000,r,512
20150000000,r,512
20150000000,r,512
20150000000,r,512
20150000000,r,512
20150000000,r,512
20150000000,r,512
20240000000,r,512
20240000000,r,512
20240000000,r,512
20240000000,r,512
20240000000,r,512
20240000000,r,512
20240000000,r,512
20240000000,r,512
20340000000,r,512
20340000000,s,512
20340000000,r,512
20340000000,r,512
20340000000,r,512
20340000000,r,512
20340000000,r,512
20340000000,r,512
20400000000,s,512
20440000000,r,512
20440000000,r,512
20440000000,r,512
20440000000,r,512
20440000000,r,512
20440000000,r,512
20440000000,r,512
20440000000,r,512
20440000000,r,512
20440000000,r,512
20440000000,r,512
20440000000,r,512
20440000000,r,512
20440000000,r,512
20440000000,r,512
20440000000,r,512
20440000000,r,512
20440000000,r,512
20440000000,r,512
20440000000,r,512
20440000000,r,512
20440000000,r,512
20440000000,r,512
20440000000,r,512
20440000000,s,512
20440000000,s,512
20440000000,s,512
20490000000,s,512
20540000000,r,512
20540000000,r,512
20540000000,r,512
20540000000,r,512
20540000000,r,512
20540000000,s,512
20540000000,s,512
20540000000,s,512
20560000000,s,512
20560000000,s,512
20730000000,r,512
20730000000,r,512
20730000000,r,512
20730000000,r,512
20730000000,r,512
20730000000,r,512
20730000000,r,512
20830000000,r,512
20830000000,r,512
20830000000,r,512
20830000000,r,512
20830000000,r,512
20830000000,r,512
20830000000,r,512
20830000000,r,512
20830000000,r,512
20830000000,r,512
20830000000,r,512
20830000000,r,512
20830000000,r,512
20830000000,r,512
20830000000,r,512
20830000000,r,512
20930000000,r,512
20930000000,r,512
20930000000,r,512
20930000000,r,512
20930000000,r,512
20930000000,s,512
20930000000,r,512
20930000000,r,512
20930000000,r,512
20930000000,r,512
21020000000,r,512
21020000000,r,512
21020000000,r,512
21020000000,r,512
21020000000,r,512
21020000000,r,512
21020000000,r,512
21020000000,r,512
21020000000,r,512
21020000000,r,512
21020000000,s,512
21020000000,r,512
21020000000,r,512
21020000000,r,512
21020000000,r,512
21020000000,r,512
21120000000,r,512
21120000000,r,512
21120000000,r,512
21120000000,r,512
21120000000,r,512
21120000000,r,512
21120000000,r,512
21120000000,r,512
21160000000,r,512
21160000000,r,512
21160000000,r,512
21160000000,r,512
21160000000,r,512
21160000000,r,512
21160000000,r,512
21180000000,s,512
21180000000,s,512
21220000000,r,512
21220000000,r,512
21220000000,r,512
21220000000,r,512
21220000000,r,512
21220000000,r,512
21220000000,r,512
21220000000,r,512
21280000000,r,512
21280000000,r,512
21280000000,r,512
21280000000,r,512
21280000000,r,512
21280000000,r,512
21280000000,r,512
21280000000,r,512
21310000000,r,512
21310000000,r,512
21310000000,r,512
21310000000,r,512
21310000000,r,512
21310000000,r,512
21310000000,r,512
21310000000,r,512
21310000000,r,512
21310000000,r,512
21310000000,r,512
21310000000,r,512
21310000000,r,512
21310000000,r,512
21310000000,r,512
21310000000,r,512
21410000000,r,512
21410000000,r,512
21410000000,r,512
21410000000,r,512
21410000000,r,512
21410000000,r,512
21410000000,s,512
21410000000,r,512
21410000000,r,512
21410000000,r,512
21410000000,r,512
21410000000,r,512
21410000000,r,512
21410000000,r,512
21410000000,r,512
21410000000,r,512
21510000000,r,512
21510000000,r,512
21510000000,r,512
21510000000,r,512
21510000000,r,512
21510000000,r,512
21510000000,r,512
21510000000,r,512
21510000000,r,512
21510000000,r,512
21510000000,r,512
21510000000,r,512
21510000000,r,512
21510000000,r,512
21510000000,r,512
21510000000,r,512
21510000000,r,512
21510000000,r,512
21510000000,r,512
21510000000,s,512
21510000000,r,512
21510000000,r,512
21510000000,r,512
21510000000,r,512
21510000000,r,512
21600000000,r,512
21600000000,r,512
21600000000,r,512
21600000000,r,512
21600000000,r,512
21600000000,r,512
21600000000,r,512
21600000000,r,512
21600000000,r,512
21600000000,r,512
21600000000,r,512
21600000000,r,512
21600000000,r,512
21600000000,r,512
21600000000,r,512
21600000000,r,512
21800000000,r,512
21800000000,s,512
21800000000,r,512
21800000000,r,512
21800000000,r,512
21800000000,r,512
21800000000,r,512
21800000000,r,512
21800000000,r,512
21800000000,r,512
21800000000,r,512
21800000000,r,512
21800000000,r,512
21800000000,r,512
21800000000,r,512
21800000000,r,512
21800000000,r,512
21800000000,r,512
21800000000,r,512
21800000000,r,512
21800000000,r,512
21800000000,r,512
21800000000,r,512
21800000000,r,512
21800000000,s,512
21800000000,s,512
21900000000,r,512
21900000000,r,512
21900000000,r,512
21900000000,r,512
21900000000,r,512
21900000000,r,512
21900000000,r,512
21900000000,r,512
21910000000,r,512
21910000000,r,512
21910000000,r,512
21910000000,r,512
21910000000,r,512
21910000000,r,512
21910000000,r,512
21910000000,r,512
22000000000,r,512
22000000000,r,512
22000000000,r,512
22000000000,r,512
22000000000,r,512
22000000000,r,512
22000000000,r,512
22000000000,r,512
22100000000,r,512
22100000000,r,512
22100000000,r,512
22100000000,r,512
22100000000,r,512
22100000000,s,512
22100000000,r,512
22100000000,r,512
22100000000,r,512
22100000000,r,512
22100000000,r,512
22100000000,r,512
22100000000,r,512
22100000000,r,512
22100000000,r,512
22100000000,r,512
22100000000,r,512
22190000000,r,512
22190000000,r,512
22190000000,r,512
22190000000,r,512
22190000000,r,512
22190000000,r,512
22190000000,r,512
22190000000,r,512
22390000000,r,512
22390000000,r,512
22390000000,r,512
22390000000,r,512
22390000000,r,512
22390000000,r,512
22390000000,r,512
22390000000,r,512
22390000000,r,512
22390000000,s,512
22390000000,r,512
22390000000,r,512
22390000000,r,512
22390000000,r,512
22390000000,r,512
22390000000,r,512
22390000000,r,512
22390000000,r,512
22390000000,r,512
22390000000,r,512
22390000000,r,512
22390000000,r,512
22390000000,r,512
22390000000,r,512
22570000000,r,512
22570000000,r,512
22570000000,r,512
22570000000,r,512
22570000000,r,512
22570000000,r,512
22570000000,r,512
22570000000,r,512
22620000000,r,512
22620000000,r,512
22620000000,r,512
22620000000,r,512
22620000000,s,512
22620000000,r,512
22620000000,r,512
22620000000,r,512
22620000000,r,512
22720000000,r,512
22720000000,r,512
22720000000,r,512
22720000000,r,512
22720000000,r,512
22720000000,r,512
22720000000,r,512
22720000000,r,512
22820000000,r,512
22820000000,r,512
22820000000,r,512
22820000000,r,512
22820000000,r,512
22820000000,r,512
22820000000,r,512
22820000000,r,512
22820000000,r,512
22820000000,r,512
22820000000,r,512
22820000000,r,512
22820000000,r,512
22820000000,r,512
22820000000,r,512
22820000000,r,512
22910000000,r,512
22910000000,r,512
22910000000,r,512
22910000000,r,512
22910000000,r,512
22910000000,r,512
22910000000,r,512
22910000000,r,512
22910000000,r,512
22910000000,r,512
22910000000,r,512
22910000000,r,512
22910000000,r,512
22910000000,r,512
22910000000,r,512
23010000000,r,512
23010000000,r,512
23010000000,r,512
23010000000,r,512
23010000000,r,512
23010000000,r,512
23010000000,r,512
23010000000,s,512
23010000000,r,512
23010000000,r,512
23010000000,r,512
23010000000,r,512
23010000000,r,512
23010000000,r,512
23010000000,r,512
23010000000,r,512
23010000000,r,512
23010000000,s,512
23010000000,s,512
23010000000,s,512
23020000000,s,512
23050000000,r,512
23050000000,r,512
23050000000,r,512
23050000000,r,512
23050000000,r,512
23050000000,r,512
23050000000,r,512
23050000000,r,512
23050000000,s,512
23050000000,s,512
23110000000,r,512
23110000000,r,512
23110000000,r,512
23110000000,r,512
23110000000,r,512
23110000000,r,512
23110000000,r,512
23110000000,r,512
23150000000,r,512
23150000000,s,512
23150000000,r,512
23150000000,s,512
23150000000,r,512
23150000000,r,512
23150000000,r,512
23150000000,r,512
23150000000,r,512
23150000000,r,512
23150000000,r,512
23150000000,r,512
23150000000,s,512
23150000000,s,512
23210000000,r,512
23210000000,r,512
23210000000,r,512
23210000000,s,512
23210000000,r,512
23210000000,r,512
23210000000,r,512
23210000000,r,512
23210000000,r,512
23210000000,r,512
23210000000,r,512
23210000000,r,512
23210000000,r,512
23210000000,r,512
23300000000,r,512
23300000000,r,512
23300000000,r,512
23300000000,r,512
23300000000,r,512
23300000000,r,512
23300000000,r,512
23310000000,s,512
23400000000,r,512
23410000000,s,512
23480000000,r,512
23480000000,r,512
23480000000,r,512
23480000000,r,512
23480000000,r,512
23480000000,r,512
23480000000,r,512
23480000000,r,512
23490000000,s,512
23490000000,s,512
23540000000,r,512
23540000000,r,512
23540000000,r,512
23540000000,s,512
23540000000,s,512
23680000000,r,512
23680000000,r,512
23680000000,r,512
23680000000,r,512
23770000000,r,512
23870000000,r,512
24010000000,r,512
24010000000,r,512
24010000000,r,512
24010000000,s,512
24330000000,r,512
24330000000,r,512
24330000000,r,512
24330000000,r,512
24330000000,r,512
24330000000,r,512
24330000000,r,512
24480000000,r,512
24480000000,r,512
24480000000,r,512
24480000000,r,512
24500000000,s,512
24560000000,s,512
24560000000,s,512
24580000000,r,512
25210000000,r,512
25210000000,r,512
25410000000,r,512
25410000000,r,512
25410000000,s,512
25410000000,r,512
25410000000,r,512
25410000000,r,512
25410000000,r,512
25410000000,r,512
25500000000,r,512
25500000000,r,512
25500000000,r,512
25500000000,r,512
25500000000,r,512
25500000000,r,512
25500000000,r,512
25540000000,r,512
25540000000,r,512
25540000000,r,512
25600000000,s,512
25600000000,s,512
25920000000,r,512
25920000000,s,512
25920000000,s,512
26020000000,r,512
26020000000,s,512
26020000000,s,512
26520000000,r,512
26520000000,r,512
26520000000,r,512
26520000000,r,512
26520000000,r,512
26520000000,r,512
26520000000,r,512
26620000000,r,512
26620000000,r,512
26620000000,r,512
26620000000,s,512
26620000000,s,512
27070000000,r,512
27070000000,r,512
27070000000,r,512
27070000000,r,512
27070000000,r,512
27070000000,r,512
27070000000,r,512
27070000000,r,512
27070000000,r,512
27070000000,s,512
27070000000,s,512
27160000000,r,512
27160000000,r,512
27160000000,r,512
27160000000,r,512
27170000000,s,512
27370000000,r,512
27370000000,r,512
27370000000,s,512
27370000000,s,512
27470000000,r,512
27470000000,r,512
27490000000,s,512
27490000000,s,512
27720000000,r,512
27720000000,r,512
27720000000,r,512
27720000000,r,512
27720000000,r,512
27720000000,r,512
27720000000,r,512
27820000000,r,512
27820000000,r,512
27820000000,r,512
27820000000,r,512
27830000000,s,512
27910000000,r,512
27910000000,r,512
27910000000,r,512
27910000000,r,512
27910000000,r,512
27910000000,r,512
27910000000,r,512
28010000000,r,512
28010000000,r,512
28010000000,r,512
28010000000,r,512
28010000000,r,512
28010000000,r,512
28010000000,r,512
28010000000,r,512
28010000000,r,512
28010000000,r,512
28010000000,r,512
28010000000,r,512
28010000000,r,512
28010000000,r,512
28110000000,r,512
28110000000,r,512
28110000000,r,512
28110000000,r,512
28110000000,r,512
28110000000,r,512
28110000000,r,512
28110000000,r,512
28210000000,r,512
28210000000,r,512
28210000000,r,512
28210000000,s,512
28210000000,s,512
28870000000,r,512
28960000000,r,512
28960000000,r,512
28960000000,r,512
28960000000,r,512
28960000000,r,512
28960000000,r,512
28960000000,r,512
28970000000,s,512
28970000000,s,512
29090000000,r,512
29090000000,r,512
29090000000,r,512
29230000000,r,512
29230000000,r,512
29230000000,r,512
29230000000,r,512
29230000000,r,512
29230000000,r,512
29230000000,r,512
29230000000,s,512
29300000000,r,512
29360000000,r,512
29360000000,r,512
29360000000,r,512
29370000000,s,512
29710000000,r,512
29840000000,s,512
29850000000,s,512
29850000000,s,512
29850000000,s,512
30010000000,r,512
30010000000,r,512
30010000000,r,512
30010000000,r,512
30010000000,r,512
30010000000,r,512
30500000000,r,512
30500000000,r,512
30500000000,r,512
30500000000,r,512
30500000000,r,512
30500000000,r,512
30500000000,r,512
30500000000,r,512
30500000000,r,512
30520000000,r,512
30520000000,r,512
30520000000,r,512
30520000000,r,512
30520000000,r,512
30610000000,r,512
30610000000,r,512
30610000000,r,512
30610000000,r,512
30610000000,r,512
30610000000,r,512
30610000000,r,512
30990000000,r,512
30990000000,r,512
30990000000,r,512
30990000000,r,512
30990000000,r,512
30990000000,r,512
30990000000,r,512
30990000000,s,512
30990000000,r,512
30990000000,r,512
30990000000,r,512
30990000000,r,512
30990000000,r,512
30990000000,r,512
30990000000,r,512
30990000000,r,512
30990000000,r,512
30990000000,r,512
31080000000,r,512
31080000000,r,512
31080000000,r,512
31080000000,r,512
31080000000,r,512
31080000000,r,512
31080000000,r,512
31080000000,r,512
31180000000,r,512
31180000000,r,512
31180000000,r,512
31180000000,r,512
31180000000,r,512
31180000000,s,512
31180000000,r,512
31180000000,r,512
31180000000,r,512
31320000000,r,512
31320000000,r,512
31320000000,r,512
31320000000,r,512
31320000000,r,512
31320000000,r,512
31320000000,r,512
31320000000,r,512
31330000000,s,512
31330000000,s,512
31340000000,s,512
31340000000,s,512
31340000000,s,512
31380000000,s,512
31380000000,s,512
31380000000,s,512
31380000000,s,512
31660000000,r,512
32140000000,r,512
32140000000,r,512
32229999999,r,512
32229999999,r,512
32229999999,s,512
32229999999,s,512
32240000000,s,512
32240000000,s,512
32700000000,r,512
32700000000,r,512
32700000000,r,512
32700000000,r,512
32700000000,r,512
32700000000,r,512
32710000000,r,512
32710000000,r,512
32710000000,r,512
32710000000,r,512
32710000000,r,512
32710000000,s,512
32790000000,s,512
32900000000,r,512
32900000000,r,512
32900000000,r,512
32900000000,r,512
32900000000,r,512
32900000000,r,512
32900000000,r,512
32900000000,r,512
32900000000,s,512
32900000000,s,512
32930000000,r,512
33040000000,r,512
33040000000,r,512
33040000000,r,512
33040000000,r,512
33040000000,r,512
33040000000,r,512
33180000000,r,512
33180000000,r,512
33180000000,s,512
33180000000,s,512
33270000000,r,512
33270000000,r,512
33290000000,s,512
33290000000,s,512
33470000000,r,512
33470000000,r,512
33470000000,r,512
33470000000,r,512
33470000000,r,512
33470000000,r,512
33470000000,r,512
33950000000,r,512
33950000000,r,512
33950000000,s,512
33950000000,s,512
33950000000,s,512
34240000000,r,512
35190000000,r,512
35190000000,r,512
35190000000,r,512
35190000000,r,512
35190000000,r,512
35190000000,r,512
35190000000,r,512
35290000000,r,512
35290000000,r,512
35290000000,r,512
35290000000,r,512
35290000000,r,512
35290000000,r,512
35290000000,r,512
35380000000,r,512
35380000000,r,512
35380000000,r,512
35380000000,r,512
35380000000,r,512
35380000000,r,512
35380000000,r,512
35420000000,r,512
35420000000,r,512
35420000000,r,512
35420000000,r,512
35420000000,s,512
35420000000,r,512
35420000000,r,512
35420000000,r,512
35420000000,r,512
35560000000,r,512
35560000000,r,512
35560000000,r,512
35560000000,r,512
35560000000,r,512
35560000000,r,512
35560000000,r,512
35560000000,r,512
35670000000,r,512
35670000000,r,512
35670000000,r,512
35670000000,r,512
35670000000,s,512
35670000000,r,512
35670000000,r,512
36070000000,r,512
36070000000,r,512
36070000000,r,512
36070000000,r,512
36070000000,r,512
36070000000,r,512
36070000000,r,512
36070000000,r,512
36070000000,r,512
36070000000,r,512
36070000000,r,512
36070000000,r,512
36070000000,r,512
36070000000,r,512
36070000000,r,512
36070000000,r,512
36070000000,r,512
36070000000,r,512
36070000000,r,512
36130000000,r,512
36130000000,r,512
36270000000,r,512
36270000000,r,512
36270000000,r,512
36270000000,r,512
36270000000,r,512
36270000000,r,512
36270000000,r,512
36310000000,r,512
36310000000,r,512
36310000000,r,512
36310000000,r,512
36310000000,r,512
36310000000,r,512
36310000000,r,512
36360000000,r,512
36360000000,r,512
36360000000,r,512
36360000000,r,512
36360000000,r,512
36360000000,r,512
36360000000,r,512
36360000000,r,512
36460000000,r,512
36460000000,r,512
36460000000,r,512
36460000000,r,512
36460000000,r,512
36460000000,s,512
36460000000,r,512
36460000000,r,512
36460000000,r,512
36460000000,r,512
36460000000,r,512
36460000000,r,512
36460000000,r,512
36700000000,r,512
36700000000,r,512
36700000000,r,512
36700000000,r,512
36700000000,r,512
36700000000,r,512
36700000000,r,512
36700000000,r,512
36700000000,r,512
36700000000,r,512
36700000000,r,512
36700000000,r,512
36700000000,r,512
36700000000,r,512
36700000000,r,512
36700000000,r,512
36700000000,r,512
36700000000,r,512
36790000000,r,512
36790000000,r,512
36790000000,r,512
36790000000,r,512
36790000000,r,512
36790000000,r,512
36790000000,r,512
36890000000,r,512
36890000000,r,512
36890000000,s,512
36890000000,r,512
36890000000,r,512
36890000000,r,512
36890000000,r,512
36890000000,r,512
36890000000,r,512
36890000000,r,512
36890000000,r,512
36990000000,r,512
36990000000,r,512
36990000000,r,512
36990000000,r,512
36990000000,r,512
36990000000,r,512
36990000000,r,512
37080000000,r,512
37080000000,s,512
37080000000,r,512
37080000000,r,512
37080000000,r,512
37080000000,r,512
37080000000,r,512
37080000000,r,512
37080000000,r,512
37080000000,r,512
37080000000,r,512
37130000000,r,512
37130000000,r,512
37130000000,r,512
37130000000,r,512
37130000000,r,512
37130000000,r,512
37130000000,r,512
37180000000,r,512
37180000000,r,512
37180000000,r,512
37180000000,r,512
37180000000,r,512
37180000000,r,512
37180000000,r,512
37180000000,r,512
37420000000,r,512
37420000000,r,512
37420000000,r,512
37420000000,r,512
37420000000,r,512
37420000000,r,512
37420000000,r,512
37420000000,r,512
37420000000,r,512
37420000000,r,512
37420000000,r,512
37420000000,r,512
37420000000,r,512
37470000000,r,512
37470000000,r,512
37470000000,r,512
37470000000,r,512
37470000000,r,512
37470000000,r,512
37470000000,r,512
37570000000,r,512
37570000000,r,512
37570000000,r,512
37570000000,r,512
37570000000,r,512
37570000000,r,512
37570000000,s,512
37570000000,r,512
37570000000,r,512
37670000000,r,512
37670000000,r,512
37670000000,r,512
37670000000,r,512
37670000000,r,512
37670000000,r,512
37670000000,r,512
37670000000,r,512
37770000000,r,512
37770000000,r,512
37770000000,r,512
37770000000,r,512
37770000000,r,512
37770000000,r,512
37770000000,r,512
37770000000,r,512
37860000000,r,512
37860000000,r,512
37860000000,r,512
37860000000,r,512
37860000000,r,512
37860000000,r,512
37860000000,r,512
37960000000,r,512
37960000000,r,512
37960000000,r,512
37960000000,r,512
37960000000,r,512
38100000000,r,512
38100000000,r,512
38100000000,r,512
40200000000,r,512
41930000000,r,512
41930000000,s,512
41930000000,r,512
48100000000,s,512
48100000000,s,512
48100000000,s,512
48100000000,s,512
50940000000,r,512
50940000000,r,512
53440000000,r,512
53440000000,s,512
53440000000,s,512
53440000000,s,512
