0,r,512
110000000,r,512
110000000,s,512
260000000,r,512
260000000,s,512
440000000,r,512
440000000,s,512
440000000,s,512
580000000,r,512
580000000,r,512
580000000,r,512
580000000,r,512
580000000,r,512
580000000,r,512
580000000,r,512
680000000,r,512
680000000,r,512
680000000,r,512
680000000,s,512
820000000,r,512
820000000,s,512
960000000,r,512
960000000,r,512
960000000,s,512
1110000000,r,512
1110000000,r,512
1110000000,r,512
1110000000,s,512
1770000000,s,512
1970000000,r,512
1970000000,s,512
1970000000,s,512
2109999999,r,512
2109999999,r,512
2109999999,r,512
2109999999,r,512
2109999999,r,512
2109999999,r,512
2109999999,r,512
2220000000,r,512
2220000000,r,512
2220000000,r,512
2230000000,s,512
2230000000,s,512
2370000000,r,512
2370000000,r,512
2370000000,s,512
2510000000,r,512
2650000000,s,512
2860000000,r,512
2860000000,r,512
2860000000,r,512
2860000000,r,512
2860000000,r,512
2860000000,r,512
2860000000,r,512
2860000000,r,512
2860000000,r,512
2860000000,r,512
2860000000,r,512
2860000000,r,512
2860000000,r,512
2860000000,r,512
2880000000,r,512
2880000000,r,512
2880000000,r,512
2880000000,r,512
2880000000,r,512
2880000000,r,512
2880000000,r,512
2880000000,r,512
2880000000,r,512
2880000000,r,512
2880000000,r,512
2950000000,r,512
2950000000,r,512
2950000000,r,512
2950000000,r,512
2950000000,r,512
2950000000,r,512
2950000000,r,512
2950000000,r,512
2950000000,r,512
3110000000,s,512
3290000000,r,512
3290000000,r,512
3290000000,r,512
3290000000,s,512
3290000000,r,512
3710000000,s,512
3710000000,s,512
3710000000,s,512
3710000000,s,512
3710000000,s,512
3710000000,s,512
3710000000,s,512
3710000000,s,512
3920000000,r,512
3920000000,r,512
3920000000,r,512
3920000000,r,512
3920000000,r,512
3920000000,r,512
3920000000,r,512
3920000000,r,512
3920000000,r,512
3920000000,r,512
3920000000,r,512
3920000000,r,512
3920000000,r,512
3920000000,r,512
3940000000,r,512
3940000000,r,512
3940000000,r,512
3940000000,r,512
3940000000,r,512
3940000000,r,512
3940000000,r,512
3940000000,r,512
3940000000,r,512
3940000000,r,512
3940000000,r,512
3940000000,r,512
3980000000,s,512
3990000000,s,512
4000000000,s,512
4019999999,r,512
4019999999,r,512
4019999999,r,512
4019999999,r,512
4019999999,r,512
4019999999,r,512
4019999999,r,512
4019999999,r,512
4019999999,s,512
4019999999,r,512
4019999999,r,512
4019999999,r,512
4019999999,r,512
4019999999,r,512
4019999999,r,512
4019999999,r,512
4019999999,r,512
4019999999,r,512
4019999999,r,512
4019999999,r,512
4019999999,r,512
4019999999,r,512
4019999999,r,512
4019999999,r,512
4019999999,s,512
4019999999,r,512
4019999999,r,512
4019999999,r,512
4019999999,r,512
4019999999,r,512
4030000000,r,512
4030000000,r,512
4030000000,r,512
4030000000,r,512
4030000000,r,512
4030000000,r,512
4030000000,r,512
4030000000,r,512
4030000000,r,512
4030000000,r,512
4030000000,r,512
4030000000,r,512
4030000000,r,512
4030000000,r,512
4030000000,r,512
4040000000,r,512
4040000000,r,512
4040000000,r,512
4040000000,r,512
4040000000,r,512
4040000000,r,512
4040000000,r,512
4040000000,r,512
4040000000,r,512
4110000000,r,512
4110000000,r,512
4110000000,r,512
4110000000,r,512
4110000000,r,512
4110000000,r,512
4110000000,r,512
4110000000,r,512
4110000000,r,512
4110000000,r,512
4110000000,r,512
4110000000,r,512
4110000000,r,512
4110000000,r,512
4110000000,r,512
4110000000,r,512
4110000000,r,512
4110000000,r,512
4110000000,r,512
4110000000,r,512
4110000000,r,512
4110000000,r,512
4110000000,r,512
4110000000,r,512
4110000000,r,512
4110000000,r,512
4110000000,r,512
4110000000,r,512
4110000000,r,512
4110000000,r,512
4110000000,r,512
4110000000,r,512
4110000000,r,512
4110000000,s,512
4110000000,r,512
4110000000,r,512
4110000000,r,512
4110000000,r,512
4110000000,r,512
4110000000,r,512
4110000000,r,512
4110000000,r,512
4110000000,r,512
4110000000,r,512
4110000000,r,512
4110000000,r,512
4110000000,r,512
4110000000,r,512
4110000000,r,512
4110000000,r,512
4110000000,r,512
4110000000,r,512
4110000000,r,512
4110000000,r,512
4110000000,r,512
4110000000,r,512
4110000000,r,512
4110000000,s,512
4120000000,r,512
4120000000,r,512
4120000000,r,512
4120000000,r,512
4120000000,r,512
4120000000,r,512
4120000000,r,512
4120000000,r,512
4120000000,r,512
4120000000,r,512
4120000000,r,512
4130000000,r,512
4130000000,r,512
4130000000,r,512
4130000000,r,512
4130000000,s,512
4130000000,r,512
4130000000,r,512
4130000000,r,512
4130000000,r,512
4130000000,r,512
4130000000,r,512
4130000000,r,512
4130000000,r,512
4130000000,r,512
4130000000,r,512
4130000000,r,512
4130000000,r,512
4130000000,r,512
4130000000,r,512
4130000000,r,512
4130000000,r,512
4130000000,r,512
4130000000,r,512
4130000000,r,512
4130000000,r,512
4130000000,r,512
4130000000,r,512
4130000000,r,512
4130000000,r,512
4130000000,r,512
4130000000,r,512
4130000000,r,512
4130000000,r,512
4130000000,r,512
4130000000,r,512
4130000000,r,512
4130000000,r,512
4130000000,r,512
4130000000,r,512
4130000000,r,512
4130000000,r,512
4130000000,r,512
4130000000,r,512
4130000000,r,512
4130000000,r,512
4130000000,r,512
4130000000,r,512
4130000000,r,512
4130000000,r,512
4210000000,r,512
4210000000,r,512
4210000000,r,512
4210000000,r,512
4210000000,r,512
4210000000,r,512
4210000000,s,512
4210000000,r,512
4210000000,r,512
4210000000,r,512
4210000000,r,512
4210000000,r,512
4210000000,r,512
4210000000,r,512
4210000000,r,512
4210000000,r,512
4210000000,r,512
4210000000,r,512
4210000000,r,512
4210000000,r,512
4210000000,r,512
4210000000,r,512
4210000000,r,512
4210000000,r,512
4210000000,r,512
4210000000,r,512
4210000000,r,512
4210000000,r,512
4210000000,r,512
4210000000,r,512
4210000000,r,512
4210000000,r,512
4210000000,r,512
4210000000,r,512
4210000000,r,512
4210000000,r,512
4210000000,r,512
4210000000,r,512
4210000000,r,512
4210000000,r,512
4210000000,r,512
4210000000,r,512
4210000000,s,512
4210000000,r,512
4210000000,r,512
4210000000,r,512
4210000000,r,512
4210000000,r,512
4210000000,r,512
4210000000,r,512
4210000000,r,512
4210000000,r,512
4210000000,r,512
4210000000,r,512
4210000000,r,512
4210000000,r,512
4210000000,r,512
4210000000,r,512
4210000000,r,512
4210000000,r,512
4210000000,r,512
4210000000,r,512
4210000000,s,512
4210000000,r,512
4210000000,r,512
4210000000,r,512
4210000000,r,512
4210000000,r,512
4210000000,r,512
4210000000,r,512
4210000000,r,512
4210000000,r,512
4210000000,r,512
4210000000,r,512
4210000000,r,512
4210000000,r,512
4210000000,r,512
4210000000,r,512
4210000000,r,512
4210000000,r,512
4210000000,r,512
4210000000,r,512
4210000000,r,512
4210000000,r,512
4210000000,r,512
4210000000,r,512
4210000000,r,512
4210000000,r,512
4210000000,r,512
4210000000,r,512
4210000000,r,512
4210000000,r,512
4210000000,r,512
4210000000,r,512
4210000000,r,512
4210000000,r,512
4210000000,r,512
4210000000,r,512
4210000000,r,512
4210000000,r,512
4210000000,r,512
4210000000,r,512
4210000000,r,512
4210000000,r,512
4210000000,r,512
4210000000,r,512
4210000000,r,512
4210000000,r,512
4210000000,r,512
4210000000,r,512
4210000000,r,512
4210000000,r,512
4210000000,s,512
4210000000,r,512
4210000000,r,512
4210000000,r,512
4210000000,r,512
4210000000,r,512
4210000000,r,512
4210000000,r,512
4210000000,r,512
4210000000,r,512
4210000000,r,512
4210000000,r,512
4210000000,r,512
4210000000,r,512
4210000000,r,512
4210000000,r,512
4210000000,r,512
4210000000,r,512
4210000000,r,512
4210000000,r,512
4219999999,r,512
4219999999,r,512
4219999999,r,512
4219999999,r,512
4219999999,r,512
4219999999,r,512
4219999999,r,512
4219999999,r,512
4219999999,r,512
4219999999,r,512
4219999999,r,512
4219999999,r,512
4219999999,r,512
4219999999,s,512
4219999999,r,512
4219999999,r,512
4219999999,r,512
4219999999,r,512
4219999999,r,512
4219999999,r,512
4219999999,r,512
4219999999,r,512
4219999999,r,512
4219999999,r,512
4219999999,r,512
4219999999,r,512
4219999999,r,512
4219999999,r,512
4219999999,r,512
4219999999,r,512
4219999999,r,512
4219999999,r,512
4219999999,r,512
4219999999,r,512
4219999999,r,512
4219999999,r,512
4219999999,r,512
4219999999,r,512
4219999999,r,512
4219999999,r,512
4219999999,r,512
4219999999,r,512
4219999999,r,512
4219999999,r,512
4219999999,r,512
4219999999,r,512
4219999999,r,512
4219999999,r,512
4219999999,r,512
4219999999,r,512
4219999999,s,512
4219999999,r,512
4219999999,r,512
4219999999,r,512
4219999999,r,512
4219999999,r,512
4219999999,r,512
4219999999,r,512
4230000000,r,512
4230000000,r,512
4230000000,r,512
4230000000,r,512
4230000000,r,512
4230000000,r,512
4230000000,r,512
4230000000,r,512
4230000000,r,512
4230000000,r,512
4230000000,r,512
4230000000,r,512
4230000000,r,512
4230000000,r,512
4230000000,r,512
4230000000,r,512
4230000000,r,512
4230000000,r,512
4230000000,r,512
4230000000,r,512
4230000000,r,512
4230000000,r,512
4230000000,r,512
4230000000,r,512
4230000000,r,512
4230000000,r,512
4230000000,r,512
4230000000,r,512
4230000000,r,512
4230000000,r,512
4230000000,r,512
4230000000,r,512
4230000000,r,512
4230000000,r,512
4230000000,r,512
4230000000,r,512
4230000000,r,512
4230000000,r,512
4230000000,r,512
4230000000,s,512
4300000000,r,512
4300000000,r,512
4300000000,r,512
4300000000,r,512
4300000000,r,512
4300000000,r,512
4300000000,r,512
4300000000,r,512
4300000000,r,512
4300000000,r,512
4300000000,r,512
4300000000,r,512
4300000000,r,512
4300000000,r,512
4300000000,r,512
4300000000,r,512
4300000000,r,512
4300000000,r,512
4300000000,s,512
4300000000,r,512
4300000000,r,512
4300000000,r,512
4300000000,r,512
4300000000,r,512
4300000000,r,512
4300000000,r,512
4300000000,r,512
4300000000,r,512
4300000000,r,512
4300000000,r,512
4300000000,r,512
4300000000,r,512
4300000000,r,512
4300000000,r,512
4300000000,r,512
4300000000,r,512
4300000000,r,512
4300000000,r,512
4300000000,r,512
4300000000,r,512
4300000000,r,512
4300000000,r,512
4300000000,r,512
4300000000,r,512
4300000000,r,512
4300000000,r,512
4300000000,r,512
4300000000,r,512
4300000000,r,512
4300000000,r,512
4300000000,r,512
4300000000,r,512
4300000000,r,512
4300000000,r,512
4300000000,r,512
4300000000,r,512
4300000000,r,512
4300000000,r,512
4300000000,r,512
4300000000,r,512
4300000000,r,512
4300000000,r,512
4300000000,r,512
4300000000,r,512
4300000000,r,512
4300000000,r,512
4300000000,r,512
4300000000,r,512
4300000000,r,512
4300000000,r,512
4300000000,r,512
4300000000,r,512
4300000000,r,512
4300000000,r,512
4300000000,r,512
4300000000,r,512
4300000000,s,512
4300000000,r,512
4300000000,r,512
4300000000,r,512
4300000000,r,512
4300000000,r,512
4300000000,r,512
4300000000,r,512
4300000000,r,512
4300000000,s,512
4300000000,r,512
4300000000,r,512
4300000000,r,512
4300000000,r,512
4300000000,r,512
4300000000,r,512
4300000000,r,512
4300000000,r,512
4300000000,r,512
4300000000,r,512
4300000000,r,512
4300000000,r,512
4300000000,r,512
4300000000,r,512
4300000000,r,512
4300000000,r,512
4300000000,r,512
4300000000,r,512
4300000000,r,512
4300000000,r,512
4300000000,r,512
4300000000,r,512
4300000000,r,512
4300000000,r,512
4300000000,r,512
4300000000,r,512
4300000000,r,512
4300000000,r,512
4300000000,r,512
4300000000,r,512
4300000000,r,512
4300000000,r,512
4300000000,r,512
4300000000,r,512
4300000000,r,512
4300000000,s,512
4300000000,r,512
4300000000,r,512
4300000000,r,512
4300000000,r,512
4300000000,r,512
4300000000,r,512
4300000000,r,512
4300000000,r,512
4300000000,r,512
4310000000,r,512
4310000000,r,512
4310000000,r,512
4310000000,r,512
4310000000,r,512
4310000000,r,512
4310000000,s,512
4310000000,r,512
4310000000,r,512
4310000000,r,512
4310000000,r,512
4320000000,r,512
4320000000,r,512
4320000000,r,512
4320000000,r,512
4320000000,r,512
4320000000,r,512
4320000000,r,512
4320000000,r,512
4320000000,r,512
4320000000,r,512
4320000000,r,512
4320000000,r,512
4320000000,r,512
4320000000,r,512
4320000000,r,512
4320000000,r,512
4320000000,r,512
4320000000,r,512
4320000000,r,512
4320000000,r,512
4320000000,r,512
4320000000,r,512
4320000000,r,512
4320000000,r,512
4320000000,r,512
4320000000,r,512
4330000000,r,512
4330000000,r,512
4330000000,r,512
4330000000,r,512
4330000000,r,512
4330000000,r,512
4330000000,r,512
4330000000,r,512
4330000000,r,512
4330000000,r,512
4330000000,r,512
4330000000,r,512
4330000000,r,512
4350000000,r,512
4350000000,r,512
4350000000,r,512
4350000000,r,512
4350000000,r,512
4350000000,r,512
4350000000,r,512
4350000000,s,512
4350000000,r,512
4350000000,r,512
4350000000,r,512
4350000000,r,512
4350000000,r,512
4350000000,r,512
4350000000,r,512
4350000000,r,512
4350000000,r,512
4350000000,r,512
4350000000,r,512
4350000000,r,512
4350000000,r,512
4350000000,r,512
4350000000,r,512
4360000000,s,512
4360000000,r,512
4360000000,r,512
4360000000,r,512
4360000000,r,512
4360000000,r,512
4360000000,r,512
4360000000,r,512
4360000000,r,512
4360000000,r,512
4360000000,r,512
4360000000,r,512
4360000000,r,512
4360000000,r,512
4360000000,r,512
4360000000,r,512
4360000000,r,512
4360000000,r,512
4360000000,r,512
4360000000,r,512
4360000000,r,512
4360000000,s,512
4360000000,r,512
4360000000,r,512
4360000000,r,512
4360000000,r,512
4360000000,r,512
4360000000,r,512
4360000000,r,512
4360000000,r,512
4360000000,r,512
4360000000,r,512
4360000000,r,512
4370000000,r,512
4370000000,r,512
4370000000,r,512
4370000000,r,512
4370000000,s,512
4370000000,r,512
4370000000,r,512
4370000000,r,512
4370000000,r,512
4370000000,r,512
4370000000,r,512
4370000000,r,512
4370000000,r,512
4370000000,r,512
4370000000,r,512
4370000000,r,512
4370000000,r,512
4370000000,r,512
4370000000,r,512
4370000000,r,512
4380000000,r,512
4380000000,r,512
4380000000,r,512
4380000000,r,512
4380000000,r,512
4380000000,r,512
4380000000,r,512
4380000000,r,512
4380000000,r,512
4380000000,r,512
4380000000,r,512
4380000000,r,512
4380000000,r,512
4380000000,r,512
4380000000,r,512
4380000000,r,512
4380000000,r,512
4380000000,r,512
4380000000,r,512
4380000000,r,512
4380000000,r,512
4380000000,r,512
4380000000,r,512
4380000000,r,512
4380000000,r,512
4380000000,r,512
4380000000,r,512
4380000000,r,512
4380000000,r,512
4380000000,r,512
4380000000,r,512
4380000000,r,512
4380000000,r,512
4380000000,r,512
4380000000,r,512
4380000000,r,512
4380000000,r,512
4380000000,r,512
4380000000,r,512
4380000000,r,512
4380000000,s,512
4380000000,r,512
4380000000,r,512
4380000000,r,512
4380000000,r,512
4380000000,r,512
4380000000,r,512
4380000000,r,512
4380000000,r,512
4380000000,r,512
4380000000,r,512
4380000000,r,512
4380000000,r,512
4380000000,r,512
4380000000,r,512
4380000000,r,512
4380000000,r,512
4380000000,r,512
4380000000,r,512
4380000000,r,512
4380000000,r,512
4380000000,r,512
4380000000,r,512
4380000000,r,512
4390000000,r,512
4390000000,r,512
4390000000,r,512
4390000000,r,512
4390000000,r,512
4390000000,r,512
4390000000,r,512
4390000000,s,512
4390000000,r,512
4390000000,r,512
4390000000,r,512
4390000000,r,512
4390000000,r,512
4390000000,r,512
4390000000,r,512
4390000000,r,512
4390000000,r,512
4390000000,r,512
4390000000,r,512
4390000000,r,512
4390000000,r,512
4390000000,r,512
4390000000,r,512
4390000000,r,512
4390000000,r,512
4390000000,s,512
4390000000,r,512
4390000000,r,512
4390000000,r,512
4390000000,r,512
4390000000,r,512
4390000000,r,512
4390000000,r,512
4390000000,r,512
4390000000,r,512
4390000000,r,512
4390000000,r,512
4390000000,r,512
4390000000,r,512
4390000000,r,512
4390000000,r,512
4390000000,r,512
4400000000,r,512
4400000000,r,512
4400000000,r,512
4400000000,r,512
4400000000,r,512
4400000000,r,512
4400000000,r,512
4400000000,r,512
4400000000,r,512
4420000000,r,512
4420000000,r,512
4420000000,r,512
4420000000,r,512
4420000000,r,512
4420000000,r,512
4420000000,r,512
4420000000,r,512
4440000000,r,512
4440000000,r,512
4440000000,r,512
4440000000,r,512
4440000000,r,512
4440000000,r,512
4440000000,r,512
4450000000,r,512
4450000000,r,512
4450000000,r,512
4450000000,r,512
4450000000,r,512
4450000000,r,512
4450000000,r,512
4450000000,r,512
4450000000,s,512
4450000000,r,512
4450000000,r,512
4450000000,r,512
4450000000,r,512
4450000000,r,512
4450000000,r,512
4450000000,r,512
4450000000,r,512
4450000000,r,512
4450000000,r,512
4450000000,r,512
4450000000,r,512
4450000000,r,512
4450000000,r,512
4450000000,r,512
4450000000,r,512
4450000000,r,512
4450000000,r,512
4450000000,r,512
4450000000,r,512
4450000000,r,512
4450000000,r,512
4450000000,r,512
4460000000,r,512
4460000000,r,512
4460000000,r,512
4460000000,r,512
4460000000,r,512
4460000000,r,512
4460000000,r,512
4460000000,r,512
4460000000,r,512
4460000000,r,512
4460000000,r,512
4460000000,r,512
4460000000,s,512
4460000000,r,512
4460000000,r,512
4460000000,r,512
4460000000,r,512
4470000000,r,512
4470000000,r,512
4470000000,r,512
4470000000,r,512
4470000000,r,512
4470000000,r,512
4470000000,r,512
4470000000,r,512
4470000000,r,512
4470000000,r,512
4490000000,r,512
4490000000,s,512
4490000000,r,512
4490000000,r,512
4490000000,r,512
4490000000,r,512
4490000000,r,512
4490000000,r,512
4490000000,r,512
4490000000,r,512
4490000000,r,512
4490000000,r,512
4490000000,r,512
4490000000,r,512
4490000000,r,512
4490000000,r,512
4490000000,r,512
4490000000,r,512
4490000000,r,512
4490000000,r,512
4490000000,r,512
4490000000,r,512
4490000000,r,512
4490000000,r,512
4490000000,r,512
4490000000,r,512
4490000000,r,512
4500000000,r,512
4500000000,r,512
4500000000,r,512
4500000000,r,512
4500000000,r,512
4500000000,r,512
4500000000,r,512
4500000000,r,512
4520000000,r,512
4520000000,r,512
4520000000,r,512
4520000000,r,512
4520000000,r,512
4520000000,r,512
4520000000,r,512
4520000000,r,512
4520000000,r,512
4520000000,r,512
4520000000,r,512
4520000000,r,512
4520000000,r,512
4520000000,r,512
4520000000,r,512
4520000000,r,512
4520000000,r,512
4520000000,s,512
4520000000,r,512
4520000000,r,512
4520000000,r,512
4520000000,r,512
4520000000,r,512
4520000000,r,512
4520000000,r,512
4530000000,r,512
4530000000,r,512
4530000000,r,512
4530000000,r,512
4530000000,r,512
4530000000,r,512
4530000000,r,512
4530000000,r,512
4530000000,r,512
4530000000,r,512
4530000000,r,512
4530000000,r,512
4540000000,r,512
4540000000,r,512
4540000000,r,512
4540000000,r,512
4540000000,r,512
4540000000,r,512
4540000000,r,512
4540000000,r,512
4540000000,r,512
4540000000,r,512
4540000000,r,512
4540000000,r,512
4540000000,r,512
4540000000,r,512
4540000000,r,512
4540000000,r,512
4540000000,s,512
4540000000,r,512
4540000000,r,512
4540000000,r,512
4540000000,r,512
4540000000,r,512
4540000000,r,512
4540000000,r,512
4540000000,r,512
4540000000,r,512
4540000000,r,512
4540000000,r,512
4550000000,r,512
4550000000,r,512
4550000000,r,512
4550000000,r,512
4550000000,s,512
4550000000,r,512
4550000000,r,512
4550000000,r,512
4550000000,r,512
4550000000,r,512
4550000000,r,512
4550000000,r,512
4550000000,r,512
4550000000,r,512
4550000000,r,512
4550000000,r,512
4550000000,r,512
4550000000,r,512
4550000000,r,512
4550000000,r,512
4550000000,r,512
4550000000,r,512
4550000000,r,512
4550000000,r,512
4550000000,r,512
4550000000,r,512
4550000000,r,512
4550000000,r,512
4550000000,r,512
4550000000,r,512
4550000000,r,512
4550000000,r,512
4550000000,r,512
4550000000,r,512
4570000000,r,512
4570000000,r,512
4570000000,r,512
4570000000,r,512
4570000000,r,512
4570000000,r,512
4570000000,r,512
4570000000,r,512
4570000000,r,512
4570000000,r,512
4590000000,r,512
4590000000,r,512
4590000000,r,512
4590000000,r,512
4590000000,r,512
4590000000,r,512
4590000000,r,512
4590000000,r,512
4590000000,s,512
4590000000,s,512
4870000000,r,512
4870000000,r,512
4870000000,r,512
4870000000,r,512
4870000000,r,512
4870000000,r,512
4870000000,r,512
4930000000,s,512
4980000000,r,512
4980000000,r,512
4980000000,r,512
4980000000,r,512
4980000000,r,512
4980000000,r,512
4980000000,r,512
4980000000,s,512
5010000000,s,512
5010000000,s,512
5020000000,s,512
5020000000,s,512
5020000000,s,512
5080000000,s,512
5080000000,s,512
5080000000,s,512
5080000000,s,512
5080000000,s,512
5080000000,s,512
5090000000,r,512
5090000000,r,512
5090000000,r,512
5090000000,r,512
5090000000,s,512
5090000000,r,512
5090000000,r,512
5090000000,r,512
5090000000,r,512
5090000000,r,512
5090000000,r,512
5090000000,r,512
5090000000,r,512
5090000000,r,512
5090000000,r,512
5090000000,r,512
5090000000,r,512
5090000000,r,512
5090000000,r,512
5090000000,r,512
5090000000,r,512
5090000000,r,512
5090000000,r,512
5090000000,r,512
5110000000,r,512
5110000000,r,512
5110000000,s,512
5110000000,r,512
5110000000,r,512
5110000000,r,512
5110000000,r,512
5110000000,r,512
5110000000,r,512
5110000000,r,512
5110000000,r,512
5110000000,r,512
5110000000,r,512
5110000000,r,512
5110000000,r,512
5110000000,r,512
5110000000,r,512
5170000000,s,512
5180000000,r,512
5180000000,r,512
5180000000,r,512
5180000000,r,512
5200000000,r,512
5200000000,r,512
5200000000,r,512
5200000000,r,512
5200000000,r,512
5200000000,r,512
5200000000,r,512
5200000000,r,512
5200000000,r,512
5200000000,r,512
5200000000,r,512
5200000000,r,512
5200000000,r,512
5200000000,r,512
5200000000,r,512
5200000000,r,512
5200000000,r,512
5200000000,r,512
5200000000,r,512
5200000000,r,512
5200000000,r,512
5200000000,r,512
5200000000,r,512
5200000000,r,512
5200000000,r,512
5200000000,r,512
5200000000,r,512
5200000000,r,512
5200000000,r,512
5200000000,r,512
5200000000,r,512
5200000000,r,512
5200000000,r,512
5200000000,r,512
5200000000,r,512
5200000000,r,512
5200000000,r,512
5200000000,r,512
5200000000,r,512
5200000000,s,512
5200000000,s,512
5210000000,r,512
5210000000,r,512
5210000000,r,512
5210000000,r,512
5210000000,r,512
5210000000,r,512
5210000000,r,512
5210000000,r,512
5210000000,r,512
5210000000,r,512
5210000000,r,512
5210000000,r,512
5210000000,r,512
5210000000,r,512
5210000000,r,512
5210000000,r,512
5210000000,r,512
5210000000,r,512
5210000000,r,512
5210000000,r,512
5210000000,r,512
5210000000,r,512
5210000000,r,512
5210000000,r,512
5210000000,r,512
5210000000,r,512
5240000000,r,512
5240000000,r,512
5240000000,r,512
5240000000,r,512
5240000000,r,512
5240000000,r,512
5240000000,r,512
5240000000,r,512
5260000000,r,512
5260000000,r,512
5260000000,r,512
5260000000,r,512
5260000000,r,512
5260000000,r,512
5260000000,r,512
5260000000,s,512
5260000000,s,512
5280000000,r,512
5280000000,r,512
5280000000,r,512
5280000000,s,512
5280000000,r,512
5280000000,r,512
5280000000,r,512
5280000000,r,512
5280000000,s,512
5280000000,r,512
5280000000,r,512
5280000000,r,512
5280000000,r,512
5280000000,r,512
5280000000,r,512
5280000000,r,512
5280000000,r,512
5280000000,r,512
5280000000,r,512
5280000000,r,512
5280000000,r,512
5280000000,r,512
5280000000,r,512
5280000000,r,512
5280000000,r,512
5280000000,r,512
5280000000,r,512
5280000000,r,512
5280000000,r,512
5280000000,r,512
5280000000,r,512
5280000000,r,512
5280000000,r,512
5280000000,r,512
5280000000,r,512
5280000000,r,512
5280000000,r,512
5280000000,r,512
5280000000,r,512
5280000000,r,512
5280000000,r,512
5280000000,r,512
5290000000,r,512
5290000000,r,512
5300000000,r,512
5300000000,r,512
5300000000,r,512
5300000000,r,512
5300000000,r,512
5300000000,r,512
5300000000,r,512
5300000000,r,512
5300000000,r,512
5300000000,r,512
5300000000,r,512
5300000000,r,512
5300000000,r,512
5300000000,r,512
5310000000,r,512
5310000000,s,512
5310000000,r,512
5310000000,r,512
5310000000,r,512
5310000000,r,512
5310000000,r,512
5310000000,r,512
5310000000,r,512
5310000000,r,512
5310000000,r,512
5310000000,r,512
5310000000,r,512
5310000000,r,512
5310000000,r,512
5310000000,r,512
5310000000,r,512
5310000000,r,512
5310000000,r,512
5310000000,r,512
5310000000,r,512
5310000000,r,512
5310000000,r,512
5310000000,r,512
5310000000,r,512
5310000000,r,512
5310000000,r,512
5310000000,r,512
5310000000,r,512
5310000000,r,512
5310000000,r,512
5310000000,r,512
5310000000,r,512
5310000000,r,512
5310000000,s,512
5330000000,r,512
5330000000,r,512
5330000000,r,512
5330000000,r,512
5330000000,r,512
5330000000,r,512
5330000000,r,512
5330000000,r,512
5330000000,r,512
5330000000,r,512
5330000000,r,512
5330000000,r,512
5330000000,r,512
5330000000,r,512
5330000000,s,512
5330000000,r,512
5330000000,r,512
5330000000,r,512
5330000000,r,512
5330000000,r,512
5330000000,r,512
5330000000,r,512
5330000000,r,512
5330000000,r,512
5330000000,r,512
5330000000,r,512
5330000000,r,512
5330000000,r,512
5330000000,r,512
5330000000,r,512
5330000000,r,512
5330000000,r,512
5330000000,r,512
5330000000,r,512
5330000000,r,512
5330000000,r,512
5330000000,r,512
5330000000,r,512
5330000000,r,512
5330000000,r,512
5330000000,r,512
5330000000,s,512
5340000000,r,512
5340000000,r,512
5340000000,r,512
5340000000,r,512
5350000000,r,512
5350000000,r,512
5350000000,r,512
5350000000,r,512
5350000000,r,512
5350000000,r,512
5350000000,r,512
5350000000,r,512
5350000000,r,512
5350000000,r,512
5350000000,r,512
5350000000,r,512
5350000000,r,512
5350000000,r,512
5350000000,r,512
5350000000,r,512
5350000000,r,512
5350000000,r,512
5350000000,r,512
5350000000,r,512
5350000000,r,512
5350000000,r,512
5350000000,r,512
5350000000,r,512
5350000000,r,512
5350000000,r,512
5350000000,r,512
5350000000,r,512
5350000000,r,512
5360000000,r,512
5360000000,r,512
5360000000,r,512
5360000000,r,512
5360000000,r,512
5360000000,r,512
5360000000,r,512
5360000000,r,512
5370000000,s,512
5370000000,r,512
5370000000,r,512
5370000000,r,512
5370000000,r,512
5370000000,r,512
5390000000,s,512
5390000000,s,512
5390000000,r,512
5390000000,r,512
5390000000,r,512
5390000000,r,512
5390000000,s,512
5390000000,r,512
5390000000,r,512
5390000000,r,512
5390000000,r,512
5400000000,r,512
5400000000,r,512
5400000000,r,512
5400000000,r,512
5400000000,r,512
5400000000,r,512
5400000000,r,512
5400000000,r,512
5400000000,r,512
5400000000,r,512
5400000000,r,512
5400000000,r,512
5400000000,r,512
5400000000,r,512
5400000000,r,512
5400000000,r,512
5400000000,r,512
5400000000,r,512
5400000000,r,512
5400000000,r,512
5400000000,s,512
5400000000,r,512
5420000000,r,512
5420000000,r,512
5420000000,r,512
5420000000,r,512
5420000000,r,512
5420000000,r,512
5420000000,r,512
5420000000,r,512
5420000000,r,512
5420000000,r,512
5420000000,r,512
5420000000,r,512
5420000000,r,512
5420000000,r,512
5420000000,r,512
5420000000,r,512
5420000000,r,512
5420000000,r,512
5420000000,r,512
5420000000,r,512
5420000000,r,512
5420000000,r,512
5420000000,r,512
5420000000,r,512
5420000000,r,512
5420000000,s,512
5420000000,r,512
5420000000,r,512
5420000000,r,512
5420000000,r,512
5420000000,r,512
5420000000,r,512
5420000000,r,512
5420000000,r,512
5420000000,r,512
5420000000,r,512
5420000000,r,512
5420000000,r,512
5420000000,r,512
5420000000,r,512
5420000000,r,512
5420000000,r,512
5420000000,r,512
5430000000,r,512
5430000000,r,512
5430000000,r,512
5430000000,r,512
5430000000,r,512
5430000000,r,512
5430000000,r,512
5440000000,s,512
5440000000,s,512
5450000000,s,512
5450000000,s,512
5450000000,s,512
5470000000,r,512
5470000000,r,512
5470000000,r,512
5470000000,r,512
5470000000,r,512
5470000000,r,512
5470000000,r,512
5470000000,r,512
5470000000,r,512
5470000000,r,512
5480000000,s,512
5490000000,r,512
5490000000,r,512
5490000000,r,512
5490000000,r,512
5490000000,r,512
5490000000,r,512
5490000000,r,512
5500000000,r,512
5500000000,r,512
5500000000,r,512
5500000000,r,512
5500000000,r,512
5500000000,r,512
5500000000,r,512
5500000000,r,512
5500000000,r,512
5500000000,s,512
5500000000,r,512
5500000000,r,512
5500000000,r,512
5500000000,r,512
5500000000,r,512
5500000000,r,512
5500000000,r,512
5500000000,r,512
5500000000,r,512
5500000000,r,512
5500000000,r,512
5500000000,r,512
5500000000,r,512
5500000000,r,512
5500000000,r,512
5500000000,r,512
5500000000,r,512
5500000000,r,512
5520000000,r,512
5520000000,r,512
5520000000,r,512
5520000000,r,512
5520000000,r,512
5520000000,r,512
5520000000,s,512
5520000000,r,512
5520000000,r,512
5520000000,r,512
5530000000,r,512
5530000000,r,512
5530000000,r,512
5530000000,r,512
5530000000,r,512
5530000000,r,512
5530000000,r,512
5530000000,r,512
5540000000,r,512
5540000000,r,512
5540000000,r,512
5540000000,r,512
5540000000,r,512
5540000000,r,512
5540000000,r,512
5540000000,r,512
5540000000,r,512
5540000000,r,512
5540000000,r,512
5540000000,r,512
5540000000,r,512
5540000000,r,512
5540000000,r,512
5540000000,r,512
5540000000,r,512
5540000000,r,512
5540000000,r,512
5540000000,r,512
5540000000,r,512
5540000000,r,512
5540000000,s,512
5550000000,r,512
5550000000,r,512
5550000000,r,512
5550000000,r,512
5550000000,r,512
5570000000,r,512
5570000000,r,512
5570000000,r,512
5570000000,r,512
5570000000,r,512
5570000000,r,512
5570000000,r,512
5570000000,r,512
5570000000,r,512
5570000000,r,512
5570000000,r,512
5570000000,r,512
5570000000,r,512
5570000000,r,512
5570000000,r,512
5570000000,r,512
5570000000,r,512
5570000000,r,512
5570000000,r,512
5570000000,r,512
5580000000,r,512
5580000000,r,512
5580000000,r,512
5580000000,r,512
5580000000,r,512
5580000000,r,512
5580000000,r,512
5580000000,r,512
5580000000,r,512
5580000000,r,512
5580000000,r,512
5580000000,r,512
5580000000,r,512
5580000000,r,512
5580000000,r,512
5590000000,r,512
5590000000,r,512
5590000000,r,512
5590000000,s,512
5590000000,r,512
5590000000,r,512
5590000000,r,512
5590000000,r,512
5590000000,r,512
5590000000,r,512
5590000000,r,512
5590000000,r,512
5590000000,r,512
5590000000,r,512
5590000000,r,512
5590000000,r,512
5590000000,r,512
5590000000,r,512
5590000000,r,512
5590000000,r,512
5590000000,r,512
5590000000,r,512
5590000000,r,512
5590000000,r,512
5590000000,r,512
5590000000,r,512
5610000000,r,512
5610000000,r,512
5610000000,s,512
5610000000,r,512
5610000000,r,512
5610000000,r,512
5610000000,r,512
5610000000,r,512
5610000000,r,512
5610000000,r,512
5610000000,r,512
5610000000,r,512
5610000000,r,512
5610000000,r,512
5610000000,r,512
5610000000,r,512
5610000000,r,512
5620000000,r,512
5620000000,r,512
5620000000,r,512
5620000000,r,512
5620000000,r,512
5620000000,r,512
5620000000,r,512
5620000000,r,512
5620000000,r,512
5620000000,r,512
5620000000,r,512
5620000000,r,512
5620000000,s,512
5620000000,r,512
5620000000,r,512
5620000000,r,512
5630000000,r,512
5630000000,r,512
5630000000,r,512
5630000000,r,512
5630000000,r,512
5630000000,r,512
5630000000,r,512
5630000000,r,512
5640000000,r,512
5640000000,r,512
5640000000,r,512
5640000000,r,512
5640000000,r,512
5640000000,r,512
5640000000,r,512
5640000000,r,512
5640000000,r,512
5640000000,r,512
5640000000,r,512
5640000000,r,512
5640000000,r,512
5640000000,r,512
5640000000,r,512
5640000000,r,512
5640000000,r,512
5640000000,r,512
5640000000,r,512
5640000000,r,512
5640000000,r,512
5640000000,r,512
5640000000,r,512
5640000000,r,512
5640000000,r,512
5640000000,r,512
5640000000,r,512
5640000000,r,512
5640000000,r,512
5640000000,r,512
5640000000,r,512
5640000000,r,512
5650000000,r,512
5650000000,r,512
5650000000,r,512
5650000000,r,512
5650000000,r,512
5650000000,r,512
5650000000,r,512
5650000000,s,512
5650000000,r,512
5680000000,r,512
5680000000,r,512
5680000000,r,512
5680000000,r,512
5680000000,r,512
5710000000,r,512
5710000000,r,512
5710000000,r,512
5710000000,r,512
5710000000,r,512
5710000000,r,512
5710000000,r,512
5710000000,r,512
5790000000,r,512
5790000000,r,512
5790000000,r,512
5790000000,r,512
5790000000,r,512
5790000000,r,512
5790000000,r,512
5790000000,r,512
5800000000,r,512
5800000000,r,512
5800000000,s,512
5800000000,r,512
5800000000,r,512
5800000000,r,512
5800000000,r,512
5800000000,r,512
5800000000,r,512
5880000000,r,512
5880000000,r,512
5880000000,r,512
5880000000,r,512
5880000000,r,512
5880000000,r,512
5880000000,r,512
5880000000,r,512
5890000000,r,512
5890000000,r,512
5890000000,r,512
5890000000,r,512
5890000000,r,512
5890000000,r,512
5890000000,r,512
5890000000,r,512
5900000000,r,512
5900000000,r,512
5900000000,r,512
5900000000,r,512
5900000000,s,512
5900000000,r,512
5900000000,r,512
5900000000,r,512
5900000000,r,512
5900000000,r,512
5900000000,r,512
5900000000,r,512
5930000000,r,512
5930000000,r,512
5930000000,r,512
5930000000,r,512
5930000000,r,512
5930000000,r,512
5930000000,r,512
5930000000,r,512
5930000000,r,512
5930000000,r,512
5930000000,r,512
5930000000,r,512
5930000000,r,512
5930000000,r,512
5930000000,r,512
5930000000,r,512
5930000000,r,512
5930000000,r,512
5930000000,r,512
5930000000,r,512
5930000000,r,512
5930000000,r,512
5930000000,r,512
5930000000,s,512
5930000000,s,512
5930000000,s,512
5950000000,r,512
5950000000,r,512
5950000000,r,512
5950000000,r,512
5950000000,r,512
5950000000,r,512
5950000000,r,512
5950000000,r,512
5950000000,r,512
5960000000,r,512
5960000000,r,512
5960000000,r,512
5960000000,r,512
5960000000,r,512
5960000000,r,512
5960000000,r,512
5960000000,r,512
5960000000,r,512
5960000000,r,512
5960000000,r,512
5960000000,r,512
5960000000,r,512
5960000000,r,512
5960000000,r,512
5960000000,r,512
5960000000,r,512
5960000000,r,512
5960000000,r,512
5960000000,r,512
5960000000,r,512
5960000000,r,512
5960000000,r,512
5980000000,r,512
5980000000,s,512
5980000000,r,512
5980000000,r,512
5980000000,r,512
5980000000,r,512
5980000000,r,512
5980000000,r,512
5980000000,r,512
5990000000,r,512
5990000000,r,512
5990000000,r,512
5990000000,r,512
5990000000,s,512
5990000000,r,512
5990000000,r,512
5990000000,r,512
5990000000,r,512
5990000000,r,512
5990000000,r,512
5990000000,r,512
5990000000,r,512
5990000000,r,512
5990000000,r,512
5990000000,r,512
5990000000,r,512
5990000000,r,512
5990000000,r,512
5990000000,r,512
5990000000,r,512
5990000000,r,512
5990000000,r,512
5990000000,r,512
5990000000,r,512
5990000000,r,512
5990000000,r,512
5990000000,r,512
5990000000,r,512
5990000000,r,512
5990000000,r,512
5990000000,r,512
6000000000,r,512
6000000000,r,512
6000000000,r,512
6010000000,r,512
6010000000,r,512
6010000000,r,512
6010000000,r,512
6020000000,r,512
6020000000,r,512
6020000000,r,512
6020000000,r,512
6020000000,r,512
6020000000,s,512
6020000000,r,512
6020000000,r,512
6020000000,r,512
6020000000,r,512
6020000000,r,512
6020000000,r,512
6020000000,r,512
6020000000,r,512
6020000000,r,512
6020000000,r,512
6020000000,r,512
6020000000,r,512
6020000000,r,512
6020000000,r,512
6020000000,r,512
6020000000,r,512
6020000000,r,512
6020000000,r,512
6020000000,r,512
6020000000,r,512
6030000000,r,512
6030000000,r,512
6030000000,r,512
6030000000,r,512
6030000000,r,512
6030000000,r,512
6030000000,r,512
6030000000,r,512
6030000000,r,512
6040000000,r,512
6040000000,r,512
6040000000,r,512
6040000000,r,512
6040000000,r,512
6040000000,r,512
6040000000,r,512
6040000000,r,512
6040000000,r,512
6040000000,r,512
6040000000,r,512
6040000000,r,512
6040000000,r,512
6040000000,r,512
6040000000,r,512
6040000000,r,512
6040000000,r,512
6050000000,r,512
6050000000,r,512
6050000000,r,512
6050000000,r,512
6050000000,s,512
6050000000,r,512
6050000000,r,512
6050000000,r,512
6050000000,r,512
6070000000,r,512
6070000000,r,512
6070000000,r,512
6070000000,r,512
6070000000,r,512
6070000000,r,512
6070000000,r,512
6070000000,s,512
6070000000,r,512
6070000000,r,512
6070000000,r,512
6070000000,r,512
6070000000,r,512
6070000000,r,512
6070000000,r,512
6070000000,r,512
6070000000,r,512
6070000000,r,512
6070000000,r,512
6070000000,r,512
6070000000,r,512
6070000000,r,512
6070000000,r,512
6070000000,r,512
6070000000,r,512
6080000000,r,512
6080000000,r,512
6080000000,r,512
6080000000,r,512
6080000000,r,512
6080000000,r,512
6080000000,r,512
6080000000,r,512
6080000000,r,512
6090000000,r,512
6090000000,r,512
6090000000,r,512
6090000000,r,512
6090000000,r,512
6090000000,r,512
6090000000,r,512
6090000000,r,512
6090000000,r,512
6100000000,r,512
6100000000,r,512
6100000000,r,512
6100000000,r,512
6100000000,s,512
6100000000,r,512
6100000000,r,512
6100000000,r,512
6100000000,r,512
6100000000,r,512
6100000000,r,512
6100000000,r,512
6100000000,r,512
6100000000,r,512
6100000000,r,512
6100000000,r,512
6100000000,r,512
6100000000,r,512
6100000000,r,512
6100000000,r,512
6100000000,r,512
6100000000,r,512
6100000000,r,512
6100000000,r,512
6120000000,r,512
6120000000,r,512
6120000000,r,512
6120000000,r,512
6120000000,r,512
6120000000,r,512
6120000000,r,512
6120000000,r,512
6120000000,r,512
6120000000,r,512
6120000000,r,512
6120000000,r,512
6120000000,r,512
6120000000,r,512
6120000000,r,512
6120000000,r,512
6120000000,r,512
6120000000,r,512
6120000000,r,512
6120000000,r,512
6120000000,r,512
6120000000,r,512
6120000000,r,512
6120000000,r,512
6130000000,r,512
6130000000,r,512
6130000000,r,512
6130000000,r,512
6130000000,r,512
6130000000,r,512
6130000000,r,512
6130000000,s,512
6130000000,r,512
6140000000,r,512
6140000000,r,512
6140000000,r,512
6140000000,r,512
6140000000,r,512
6140000000,r,512
6140000000,r,512
6140000000,r,512
6140000000,r,512
6140000000,r,512
6140000000,s,512
6140000000,r,512
6140000000,r,512
6140000000,r,512
6140000000,r,512
6140000000,r,512
6140000000,r,512
6150000000,r,512
6150000000,r,512
6150000000,r,512
6150000000,r,512
6150000000,r,512
6150000000,r,512
6150000000,r,512
6150000000,r,512
6150000000,r,512
6150000000,r,512
6150000000,r,512
6150000000,r,512
6150000000,r,512
6150000000,r,512
6150000000,r,512
6150000000,r,512
6150000000,r,512
6150000000,r,512
6150000000,r,512
6150000000,r,512
6150000000,r,512
6170000000,r,512
6170000000,r,512
6170000000,r,512
6170000000,r,512
6170000000,r,512
6170000000,r,512
6170000000,r,512
6170000000,r,512
6170000000,r,512
6170000000,r,512
6170000000,r,512
6170000000,r,512
6170000000,r,512
6170000000,r,512
6170000000,r,512
6170000000,r,512
6170000000,r,512
6170000000,r,512
6170000000,r,512
6170000000,r,512
6170000000,s,512
6180000000,r,512
6180000000,r,512
6180000000,r,512
6180000000,r,512
6180000000,r,512
6180000000,r,512
6180000000,r,512
6180000000,r,512
6180000000,r,512
6180000000,r,512
6180000000,r,512
6180000000,r,512
6180000000,r,512
6180000000,r,512
6180000000,r,512
6190000000,r,512
6190000000,r,512
6190000000,r,512
6190000000,r,512
6190000000,r,512
6190000000,r,512
6190000000,r,512
6190000000,r,512
6190000000,r,512
6190000000,r,512
6190000000,r,512
6190000000,r,512
6190000000,r,512
6190000000,r,512
6190000000,r,512
6190000000,r,512
6200000000,r,512
6200000000,r,512
6200000000,r,512
6200000000,r,512
6200000000,r,512
6200000000,r,512
6200000000,r,512
6200000000,r,512
6200000000,r,512
6210000000,r,512
6210000000,r,512
6210000000,r,512
6210000000,s,512
6210000000,r,512
6210000000,r,512
6210000000,r,512
6210000000,r,512
6210000000,r,512
6210000000,r,512
6210000000,r,512
6210000000,r,512
6210000000,r,512
6210000000,r,512
6210000000,s,512
6210000000,r,512
6210000000,r,512
6210000000,r,512
6210000000,r,512
6210000000,r,512
6210000000,r,512
6210000000,r,512
6210000000,r,512
6210000000,r,512
6210000000,r,512
6210000000,r,512
6220000000,r,512
6220000000,r,512
6220000000,r,512
6220000000,r,512
6220000000,r,512
6220000000,r,512
6220000000,r,512
6220000000,r,512
6220000000,r,512
6220000000,r,512
6220000000,r,512
6220000000,r,512
6220000000,r,512
6220000000,r,512
6220000000,r,512
6230000000,r,512
6230000000,r,512
6230000000,r,512
6230000000,r,512
6230000000,r,512
6230000000,r,512
6230000000,r,512
6230000000,r,512
6230000000,r,512
6230000000,r,512
6230000000,r,512
6230000000,r,512
6230000000,r,512
6230000000,r,512
6230000000,r,512
6230000000,r,512
6230000000,s,512
6240000000,r,512
6240000000,r,512
6240000000,r,512
6240000000,r,512
6240000000,r,512
6240000000,r,512
6240000000,r,512
6240000000,r,512
6240000000,r,512
6250000000,r,512
6250000000,r,512
6250000000,r,512
6250000000,r,512
6250000000,r,512
6250000000,r,512
6250000000,r,512
6250000000,r,512
6250000000,r,512
6250000000,r,512
6250000000,r,512
6250000000,r,512
6250000000,r,512
6250000000,r,512
6250000000,r,512
6250000000,r,512
6250000000,r,512
6250000000,r,512
6250000000,r,512
6250000000,r,512
6250000000,r,512
6250000000,r,512
6250000000,r,512
6250000000,r,512
6260000000,r,512
6260000000,r,512
6260000000,r,512
6260000000,r,512
6260000000,r,512
6260000000,r,512
6260000000,r,512
6260000000,r,512
6270000000,r,512
6270000000,r,512
6270000000,r,512
6270000000,r,512
6270000000,r,512
6270000000,r,512
6270000000,r,512
6270000000,s,512
6270000000,r,512
6270000000,r,512
6270000000,r,512
6270000000,r,512
6270000000,r,512
6270000000,r,512
6270000000,r,512
6270000000,r,512
6270000000,r,512
6270000000,r,512
6270000000,s,512
6270000000,r,512
6270000000,r,512
6270000000,r,512
6270000000,r,512
6270000000,r,512
6270000000,r,512
6270000000,r,512
6280000000,r,512
6280000000,r,512
6280000000,r,512
6280000000,r,512
6280000000,r,512
6280000000,r,512
6280000000,r,512
6280000000,r,512
6280000000,r,512
6280000000,r,512
6280000000,r,512
6280000000,r,512
6280000000,r,512
6280000000,r,512
6280000000,r,512
6280000000,r,512
6290000000,r,512
6290000000,r,512
6290000000,r,512
6290000000,r,512
6290000000,r,512
6290000000,r,512
6290000000,r,512
6290000000,r,512
6290000000,r,512
6290000000,r,512
6290000000,r,512
6290000000,r,512
6290000000,r,512
6290000000,r,512
6290000000,r,512
6290000000,r,512
6290000000,r,512
6290000000,s,512
6310000000,r,512
6310000000,r,512
6310000000,r,512
6310000000,r,512
6310000000,r,512
6310000000,r,512
6310000000,r,512
6310000000,r,512
6310000000,s,512
6310000000,r,512
6310000000,r,512
6310000000,r,512
6310000000,r,512
6310000000,r,512
6310000000,r,512
6310000000,r,512
6310000000,r,512
6310000000,r,512
6310000000,r,512
6310000000,r,512
6310000000,r,512
6310000000,r,512
6310000000,r,512
6310000000,r,512
6310000000,r,512
6310000000,r,512
6310000000,r,512
6310000000,r,512
6310000000,r,512
6310000000,r,512
6310000000,r,512
6310000000,r,512
6310000000,r,512
6310000000,r,512
6310000000,r,512
6310000000,r,512
6310000000,r,512
6310000000,r,512
6310000000,r,512
6310000000,r,512
6310000000,r,512
6320000000,r,512
6320000000,r,512
6320000000,r,512
6320000000,r,512
6320000000,r,512
6320000000,r,512
6320000000,r,512
6330000000,r,512
6330000000,r,512
6330000000,r,512
6330000000,r,512
6330000000,s,512
6330000000,r,512
6330000000,r,512
6330000000,r,512
6330000000,r,512
6330000000,r,512
6330000000,r,512
6330000000,r,512
6330000000,r,512
6330000000,r,512
6330000000,s,512
6330000000,r,512
6330000000,r,512
6330000000,r,512
6330000000,r,512
6330000000,r,512
6330000000,r,512
6340000000,r,512
6340000000,r,512
6340000000,r,512
6340000000,r,512
6340000000,r,512
6340000000,r,512
6340000000,r,512
6340000000,r,512
6340000000,r,512
6340000000,r,512
6340000000,r,512
6340000000,r,512
6340000000,r,512
6340000000,r,512
6340000000,r,512
6350000000,r,512
6350000000,r,512
6350000000,r,512
6350000000,r,512
6350000000,r,512
6350000000,r,512
6350000000,r,512
6350000000,r,512
6350000000,r,512
6350000000,r,512
6350000000,r,512
6350000000,r,512
6350000000,r,512
6350000000,r,512
6350000000,r,512
6350000000,r,512
6350000000,r,512
6350000000,r,512
6350000000,r,512
6350000000,r,512
6350000000,r,512
6350000000,r,512
6350000000,r,512
6350000000,r,512
6350000000,r,512
6350000000,r,512
6350000000,r,512
6350000000,r,512
6370000000,r,512
6370000000,r,512
6370000000,r,512
6370000000,r,512
6370000000,s,512
6370000000,r,512
6370000000,r,512
6370000000,r,512
6370000000,r,512
6370000000,r,512
6390000000,s,512
6410000000,r,512
6410000000,r,512
6410000000,r,512
6410000000,r,512
6410000000,r,512
6410000000,r,512
6410000000,r,512
6410000000,r,512
6430000000,r,512
6430000000,r,512
6430000000,r,512
6430000000,r,512
6430000000,r,512
6430000000,r,512
6430000000,r,512
6440000000,r,512
6440000000,r,512
6440000000,r,512
6440000000,r,512
6440000000,r,512
6440000000,r,512
6440000000,r,512
6440000000,r,512
6460000000,r,512
6460000000,r,512
6460000000,r,512
6460000000,r,512
6460000000,r,512
6460000000,r,512
6460000000,r,512
6460000000,r,512
6460000000,r,512
6460000000,r,512
6460000000,r,512
6460000000,r,512
6460000000,r,512
6460000000,r,512
6460000000,r,512
6460000000,r,512
6470000000,r,512
6470000000,r,512
6470000000,r,512
6470000000,s,512
6470000000,r,512
6470000000,r,512
6470000000,r,512
6470000000,s,512
6470000000,r,512
6470000000,r,512
6470000000,r,512
6470000000,r,512
6470000000,r,512
6470000000,r,512
6470000000,r,512
6470000000,r,512
6470000000,r,512
6470000000,r,512
6470000000,r,512
6470000000,r,512
6470000000,r,512
6470000000,r,512
6470000000,r,512
6500000000,r,512
6500000000,r,512
6500000000,r,512
6500000000,r,512
6500000000,r,512
6500000000,r,512
6500000000,r,512
6500000000,r,512
6500000000,r,512
6500000000,r,512
6500000000,r,512
6500000000,r,512
6500000000,r,512
6500000000,r,512
6500000000,r,512
6500000000,r,512
6500000000,r,512
6500000000,r,512
6500000000,r,512
6500000000,r,512
6500000000,r,512
6500000000,r,512
6500000000,r,512
6500000000,r,512
6500000000,r,512
6500000000,r,512
6500000000,r,512
6500000000,r,512
6500000000,r,512
6500000000,r,512
6500000000,r,512
6510000000,r,512
6510000000,r,512
6510000000,r,512
6510000000,r,512
6510000000,r,512
6510000000,r,512
6510000000,r,512
6510000000,r,512
6510000000,r,512
6510000000,r,512
6510000000,r,512
6510000000,r,512
6510000000,r,512
6510000000,r,512
6510000000,r,512
6510000000,r,512
6510000000,s,512
6520000000,r,512
6520000000,r,512
6520000000,r,512
6520000000,r,512
6520000000,r,512
6530000000,r,512
6550000000,r,512
6550000000,r,512
6550000000,r,512
6550000000,r,512
6550000000,r,512
6550000000,r,512
6550000000,r,512
6550000000,r,512
6550000000,r,512
6550000000,r,512
6550000000,r,512
6550000000,r,512
6550000000,r,512
6550000000,r,512
6550000000,r,512
6560000000,r,512
6560000000,r,512
6560000000,r,512
6560000000,r,512
6560000000,r,512
6560000000,r,512
6560000000,r,512
6560000000,r,512
6560000000,r,512
6570000000,r,512
6570000000,r,512
6570000000,r,512
6570000000,r,512
6570000000,r,512
6570000000,s,512
6570000000,r,512
6570000000,r,512
6590000000,r,512
6590000000,s,512
6590000000,r,512
6590000000,r,512
6590000000,r,512
6590000000,r,512
6590000000,r,512
6590000000,r,512
6590000000,r,512
6600000000,r,512
6600000000,r,512
6600000000,r,512
6600000000,r,512
6600000000,r,512
6600000000,r,512
6600000000,r,512
6600000000,r,512
6620000000,r,512
6620000000,r,512
6620000000,r,512
6620000000,r,512
6620000000,r,512
6620000000,r,512
6620000000,r,512
6620000000,r,512
6640000000,r,512
6640000000,r,512
6640000000,r,512
6640000000,r,512
6640000000,r,512
6640000000,r,512
6640000000,r,512
6640000000,r,512
6650000000,r,512
6650000000,r,512
6650000000,r,512
6650000000,r,512
6650000000,r,512
6650000000,r,512
6650000000,r,512
6650000000,r,512
6650000000,r,512
6650000000,r,512
6650000000,r,512
6650000000,r,512
6650000000,r,512
6650000000,r,512
6650000000,r,512
6650000000,r,512
6650000000,r,512
6650000000,r,512
6650000000,r,512
6650000000,s,512
6650000000,r,512
6650000000,r,512
6650000000,r,512
6650000000,r,512
6660000000,r,512
6660000000,r,512
6660000000,r,512
6660000000,r,512
6660000000,r,512
6660000000,r,512
6660000000,r,512
6660000000,r,512
6660000000,r,512
6660000000,r,512
6660000000,r,512
6660000000,r,512
6660000000,r,512
6660000000,r,512
6660000000,r,512
6660000000,r,512
6660000000,r,512
6660000000,r,512
6660000000,r,512
6660000000,r,512
6660000000,r,512
6660000000,r,512
6660000000,r,512
6660000000,r,512
6660000000,r,512
6660000000,r,512
6660000000,r,512
6660000000,r,512
6660000000,r,512
6660000000,r,512
6660000000,r,512
6660000000,r,512
6660000000,r,512
6660000000,r,512
6660000000,r,512
6660000000,r,512
6660000000,r,512
6660000000,r,512
6660000000,r,512
6660000000,r,512
6660000000,r,512
6660000000,r,512
6660000000,r,512
6660000000,s,512
6660000000,r,512
6660000000,r,512
6660000000,r,512
6660000000,r,512
6660000000,r,512
6660000000,r,512
6660000000,s,512
6670000000,r,512
6670000000,r,512
6670000000,r,512
6670000000,r,512
6670000000,r,512
6670000000,r,512
6670000000,r,512
6670000000,r,512
6670000000,r,512
6670000000,r,512
6670000000,r,512
6670000000,r,512
6670000000,r,512
6670000000,r,512
6670000000,r,512
6670000000,r,512
6670000000,r,512
6710000000,r,512
6710000000,r,512
6710000000,r,512
6710000000,r,512
6710000000,r,512
6710000000,r,512
6710000000,r,512
6710000000,r,512
6710000000,r,512
6710000000,r,512
6710000000,r,512
6710000000,r,512
6710000000,r,512
6710000000,r,512
6710000000,r,512
6710000000,r,512
6710000000,r,512
6710000000,r,512
6720000000,r,512
6720000000,r,512
6720000000,r,512
6720000000,r,512
6720000000,r,512
6720000000,r,512
6720000000,r,512
6720000000,r,512
6720000000,r,512
6720000000,r,512
6720000000,r,512
6720000000,r,512
6720000000,r,512
6720000000,r,512
6720000000,r,512
6720000000,s,512
6750000000,r,512
6750000000,r,512
6750000000,r,512
6750000000,r,512
6750000000,r,512
6750000000,r,512
6750000000,r,512
6750000000,r,512
6750000000,r,512
6750000000,r,512
6760000000,r,512
6760000000,r,512
6760000000,r,512
6760000000,r,512
6760000000,r,512
6760000000,r,512
6760000000,r,512
6770000000,r,512
6770000000,r,512
6770000000,r,512
6770000000,r,512
6770000000,r,512
6770000000,r,512
6770000000,r,512
6770000000,r,512
6770000000,r,512
6770000000,r,512
6770000000,r,512
6770000000,r,512
6770000000,r,512
6770000000,r,512
6770000000,r,512
6770000000,r,512
6780000000,r,512
6780000000,r,512
6780000000,r,512
6780000000,r,512
6780000000,r,512
6780000000,r,512
6780000000,r,512
6780000000,r,512
6780000000,r,512
6780000000,r,512
6780000000,r,512
6780000000,s,512
6780000000,r,512
6780000000,r,512
6780000000,r,512
6780000000,r,512
6780000000,r,512
6780000000,r,512
6780000000,r,512
6780000000,r,512
6780000000,r,512
6780000000,r,512
6780000000,r,512
6780000000,r,512
6780000000,r,512
6780000000,r,512
6780000000,r,512
6780000000,r,512
6780000000,r,512
6780000000,r,512
6780000000,r,512
6780000000,r,512
6780000000,s,512
6780000000,r,512
6780000000,r,512
6780000000,r,512
6780000000,r,512
6780000000,r,512
6780000000,r,512
6780000000,r,512
6780000000,r,512
6780000000,r,512
6780000000,r,512
6780000000,r,512
6780000000,r,512
6780000000,r,512
6780000000,r,512
6780000000,r,512
6780000000,r,512
6780000000,r,512
6780000000,r,512
6780000000,r,512
6780000000,r,512
6780000000,r,512
6780000000,r,512
6780000000,r,512
6780000000,r,512
6780000000,r,512
6780000000,r,512
6780000000,r,512
6780000000,r,512
6780000000,r,512
6780000000,r,512
6780000000,r,512
6780000000,r,512
6780000000,r,512
6780000000,s,512
6780000000,r,512
6780000000,r,512
6780000000,r,512
6780000000,r,512
6780000000,r,512
6790000000,r,512
6790000000,r,512
6790000000,r,512
6790000000,r,512
6790000000,r,512
6790000000,r,512
6790000000,r,512
6790000000,r,512
6790000000,r,512
6790000000,r,512
6790000000,r,512
6790000000,r,512
6790000000,r,512
6790000000,r,512
6790000000,r,512
6790000000,r,512
6790000000,r,512
6790000000,r,512
6790000000,r,512
6790000000,r,512
6790000000,r,512
6790000000,r,512
6790000000,r,512
6790000000,r,512
6790000000,r,512
6790000000,r,512
6790000000,r,512
6790000000,r,512
6790000000,r,512
6790000000,r,512
6790000000,r,512
6790000000,r,512
6790000000,r,512
6790000000,r,512
6790000000,r,512
6790000000,r,512
6790000000,r,512
6790000000,r,512
6790000000,r,512
6790000000,r,512
6800000000,r,512
6800000000,r,512
6800000000,s,512
6800000000,r,512
6800000000,r,512
6800000000,r,512
6800000000,s,512
6800000000,r,512
6800000000,r,512
6800000000,r,512
6800000000,r,512
6800000000,r,512
6810000000,r,512
6810000000,r,512
6810000000,r,512
6810000000,r,512
6810000000,r,512
6810000000,r,512
6810000000,r,512
6810000000,r,512
6810000000,r,512
6810000000,r,512
6810000000,r,512
6810000000,r,512
6810000000,r,512
6810000000,r,512
6810000000,r,512
6810000000,r,512
6810000000,r,512
6810000000,r,512
6810000000,r,512
6810000000,r,512
6810000000,r,512
6810000000,r,512
6810000000,r,512
6810000000,r,512
6810000000,r,512
6810000000,r,512
6820000000,r,512
6820000000,r,512
6820000000,r,512
6820000000,r,512
6820000000,r,512
6820000000,r,512
6820000000,r,512
6820000000,r,512
6820000000,r,512
6820000000,r,512
6820000000,r,512
6820000000,r,512
6820000000,r,512
6820000000,r,512
6820000000,r,512
6820000000,r,512
6820000000,r,512
6820000000,r,512
6820000000,r,512
6820000000,r,512
6820000000,r,512
6820000000,r,512
6820000000,r,512
6820000000,r,512
6820000000,r,512
6820000000,r,512
6820000000,r,512
6820000000,r,512
6820000000,r,512
6820000000,r,512
6820000000,r,512
6820000000,s,512
6820000000,r,512
6820000000,r,512
6820000000,r,512
6820000000,r,512
6820000000,r,512
6820000000,r,512
6820000000,r,512
6820000000,r,512
6820000000,r,512
6820000000,r,512
6820000000,r,512
6820000000,r,512
6820000000,r,512
6820000000,r,512
6820000000,r,512
6820000000,s,512
6820000000,r,512
6820000000,r,512
6820000000,r,512
6820000000,r,512
6820000000,r,512
6820000000,r,512
6820000000,r,512
6820000000,r,512
6820000000,r,512
6820000000,r,512
6820000000,r,512
6820000000,r,512
6820000000,r,512
6820000000,r,512
6820000000,r,512
6820000000,r,512
6820000000,r,512
6820000000,r,512
6820000000,r,512
6820000000,r,512
6820000000,s,512
6820000000,r,512
6820000000,r,512
6820000000,r,512
6820000000,r,512
6820000000,r,512
6820000000,r,512
6820000000,r,512
6820000000,r,512
6820000000,r,512
6820000000,r,512
6820000000,r,512
6820000000,r,512
6830000000,r,512
6830000000,r,512
6830000000,r,512
6830000000,r,512
6830000000,r,512
6830000000,r,512
6830000000,r,512
6830000000,r,512
6830000000,r,512
6830000000,r,512
6830000000,r,512
6830000000,r,512
6830000000,r,512
6830000000,r,512
6830000000,r,512
6830000000,s,512
6830000000,r,512
6830000000,r,512
6830000000,r,512
6830000000,r,512
6830000000,r,512
6830000000,r,512
6830000000,r,512
6830000000,r,512
6830000000,r,512
6830000000,r,512
6830000000,r,512
6830000000,r,512
6830000000,r,512
6830000000,r,512
6830000000,r,512
6830000000,r,512
6830000000,r,512
6830000000,r,512
6830000000,r,512
6830000000,r,512
6830000000,r,512
6830000000,r,512
6830000000,r,512
6830000000,r,512
6830000000,r,512
6830000000,r,512
6830000000,r,512
6830000000,r,512
6830000000,r,512
6830000000,r,512
6830000000,r,512
6830000000,r,512
6830000000,r,512
6830000000,r,512
6830000000,r,512
6830000000,r,512
6830000000,r,512
6830000000,r,512
6830000000,r,512
6830000000,r,512
6830000000,r,512
6830000000,r,512
6830000000,r,512
6830000000,r,512
6830000000,r,512
6830000000,r,512
6830000000,r,512
6830000000,r,512
6830000000,r,512
6830000000,r,512
6830000000,s,512
6830000000,r,512
6830000000,r,512
6830000000,r,512
6830000000,r,512
6830000000,r,512
6830000000,r,512
6830000000,r,512
6830000000,r,512
6830000000,r,512
6830000000,r,512
6830000000,r,512
6830000000,r,512
6830000000,r,512
6830000000,r,512
6830000000,r,512
6830000000,r,512
6830000000,r,512
6830000000,r,512
6830000000,r,512
6830000000,r,512
6830000000,r,512
6830000000,r,512
6830000000,r,512
6830000000,s,512
6830000000,r,512
6840000000,r,512
6840000000,r,512
6840000000,r,512
6840000000,r,512
6840000000,r,512
6840000000,r,512
6840000000,r,512
6840000000,r,512
6840000000,r,512
6840000000,r,512
6840000000,r,512
6840000000,r,512
6840000000,r,512
6840000000,r,512
6840000000,r,512
6840000000,r,512
6840000000,r,512
6840000000,r,512
6840000000,r,512
6840000000,r,512
6840000000,r,512
6840000000,r,512
6840000000,r,512
6840000000,r,512
6840000000,r,512
6840000000,r,512
6840000000,s,512
6840000000,r,512
6840000000,r,512
6840000000,r,512
6840000000,r,512
6840000000,r,512
6840000000,r,512
6840000000,r,512
6840000000,r,512
6840000000,r,512
6840000000,r,512
6840000000,r,512
6840000000,r,512
6850000000,r,512
6850000000,r,512
6850000000,r,512
6850000000,r,512
6850000000,r,512
6850000000,r,512
6850000000,r,512
6850000000,r,512
6850000000,r,512
6850000000,r,512
6850000000,r,512
6850000000,r,512
6850000000,r,512
6850000000,r,512
6850000000,r,512
6850000000,r,512
6850000000,r,512
6850000000,r,512
6850000000,r,512
6850000000,r,512
6850000000,r,512
6850000000,r,512
6850000000,r,512
6850000000,r,512
6850000000,r,512
6850000000,r,512
6850000000,r,512
6850000000,r,512
6850000000,r,512
6850000000,r,512
6850000000,r,512
6850000000,r,512
6850000000,r,512
6850000000,r,512
6850000000,r,512
6850000000,r,512
6850000000,r,512
6850000000,r,512
6850000000,r,512
6850000000,r,512
6850000000,r,512
6850000000,r,512
6850000000,r,512
6850000000,r,512
6850000000,r,512
6850000000,r,512
6850000000,r,512
6850000000,r,512
6850000000,r,512
6850000000,r,512
6850000000,r,512
6850000000,r,512
6850000000,r,512
6850000000,r,512
6850000000,r,512
6850000000,s,512
6850000000,r,512
6850000000,r,512
6850000000,r,512
6850000000,r,512
6850000000,r,512
6850000000,r,512
6850000000,s,512
6850000000,r,512
6850000000,r,512
6850000000,r,512
6850000000,r,512
6850000000,r,512
6850000000,r,512
6850000000,r,512
6850000000,r,512
6850000000,r,512
6850000000,r,512
6850000000,r,512
6850000000,r,512
6850000000,r,512
6850000000,r,512
6850000000,r,512
6850000000,r,512
6850000000,r,512
6850000000,r,512
6850000000,r,512
6850000000,r,512
6850000000,r,512
6850000000,r,512
6850000000,r,512
6850000000,r,512
6850000000,r,512
6850000000,r,512
6850000000,r,512
6850000000,r,512
6850000000,r,512
6850000000,r,512
6850000000,r,512
6850000000,r,512
6850000000,s,512
6850000000,r,512
6850000000,r,512
6850000000,r,512
6850000000,r,512
6850000000,r,512
6850000000,r,512
6850000000,r,512
6860000000,r,512
6860000000,r,512
6860000000,r,512
6860000000,r,512
6860000000,r,512
6860000000,r,512
6860000000,r,512
6860000000,r,512
6860000000,r,512
6860000000,r,512
6860000000,r,512
6860000000,r,512
6860000000,r,512
6860000000,r,512
6860000000,r,512
6860000000,r,512
6860000000,r,512
6860000000,r,512
6860000000,r,512
6860000000,r,512
6860000000,r,512
6860000000,r,512
6860000000,r,512
6860000000,r,512
6860000000,r,512
6860000000,r,512
6860000000,r,512
6860000000,r,512
6860000000,r,512
6860000000,r,512
6860000000,r,512
6860000000,r,512
6860000000,r,512
6860000000,r,512
6860000000,r,512
6860000000,r,512
6860000000,r,512
6860000000,r,512
6860000000,r,512
6860000000,r,512
6860000000,r,512
6860000000,r,512
6860000000,r,512
6860000000,r,512
6860000000,r,512
6860000000,r,512
6860000000,r,512
6860000000,r,512
6860000000,r,512
6860000000,r,512
6860000000,r,512
6860000000,r,512
6860000000,r,512
6860000000,r,512
6860000000,r,512
6860000000,r,512
6860000000,r,512
6860000000,r,512
6860000000,r,512
6860000000,r,512
6860000000,r,512
6860000000,s,512
6860000000,r,512
6860000000,r,512
6860000000,r,512
6860000000,r,512
6860000000,s,512
6860000000,r,512
6860000000,r,512
6860000000,r,512
6860000000,r,512
6860000000,r,512
6860000000,r,512
6860000000,r,512
6870000000,r,512
6870000000,r,512
6870000000,r,512
6870000000,r,512
6870000000,r,512
6870000000,r,512
6870000000,r,512
6870000000,r,512
6870000000,r,512
6870000000,r,512
6870000000,r,512
6870000000,r,512
6870000000,r,512
6870000000,r,512
6870000000,r,512
6870000000,r,512
6870000000,r,512
6870000000,r,512
6870000000,r,512
6870000000,r,512
6870000000,r,512
6870000000,r,512
6870000000,r,512
6870000000,r,512
6870000000,r,512
6870000000,r,512
6870000000,r,512
6870000000,r,512
6870000000,r,512
6870000000,r,512
6870000000,r,512
6870000000,r,512
6870000000,r,512
6870000000,r,512
6870000000,r,512
6870000000,r,512
6870000000,r,512
6870000000,r,512
6870000000,r,512
6870000000,r,512
6870000000,r,512
6870000000,r,512
6870000000,r,512
6870000000,r,512
6870000000,r,512
6870000000,r,512
6870000000,r,512
6870000000,r,512
6870000000,s,512
6870000000,r,512
6870000000,r,512
6870000000,r,512
6870000000,r,512
6870000000,r,512
6870000000,r,512
6870000000,r,512
6870000000,r,512
6870000000,r,512
6890000000,r,512
6890000000,r,512
6890000000,r,512
6890000000,r,512
6890000000,r,512
6890000000,r,512
6890000000,r,512
6890000000,r,512
6890000000,r,512
6890000000,r,512
6890000000,r,512
6890000000,r,512
6890000000,r,512
6890000000,r,512
6890000000,r,512
6890000000,r,512
6890000000,r,512
6890000000,r,512
6890000000,s,512
6890000000,r,512
6890000000,r,512
6890000000,r,512
6890000000,r,512
6890000000,r,512
6890000000,r,512
6890000000,r,512
6890000000,r,512
6890000000,r,512
6890000000,r,512
6890000000,r,512
6890000000,r,512
6890000000,r,512
6890000000,r,512
6890000000,s,512
6890000000,r,512
6890000000,r,512
6890000000,r,512
6890000000,r,512
6890000000,r,512
6890000000,r,512
6890000000,r,512
6890000000,r,512
6890000000,r,512
6890000000,r,512
6890000000,r,512
6890000000,r,512
6890000000,r,512
6890000000,r,512
6890000000,r,512
6890000000,r,512
6890000000,r,512
6890000000,r,512
6890000000,r,512
6890000000,r,512
6910000000,r,512
6910000000,r,512
6910000000,r,512
6910000000,r,512
6910000000,r,512
6910000000,r,512
6910000000,r,512
6910000000,r,512
6910000000,r,512
6940000000,r,512
6940000000,r,512
6940000000,r,512
6940000000,s,512
6940000000,r,512
6940000000,r,512
6940000000,r,512
6940000000,r,512
6940000000,r,512
6940000000,r,512
6940000000,r,512
6940000000,r,512
6940000000,r,512
6940000000,r,512
6940000000,r,512
6940000000,r,512
6940000000,r,512
6940000000,r,512
6940000000,r,512
6940000000,r,512
6940000000,r,512
6940000000,r,512
6940000000,r,512
6940000000,r,512
6940000000,r,512
6940000000,r,512
6940000000,r,512
6940000000,r,512
6940000000,r,512
6940000000,r,512
6940000000,r,512
6940000000,r,512
6940000000,r,512
6940000000,r,512
6950000000,r,512
6950000000,r,512
6950000000,r,512
6950000000,r,512
6950000000,r,512
6950000000,r,512
6950000000,r,512
6950000000,r,512
6950000000,r,512
6950000000,r,512
6950000000,r,512
6950000000,r,512
6950000000,r,512
6950000000,r,512
6950000000,r,512
6950000000,r,512
6950000000,r,512
6950000000,r,512
6950000000,r,512
6960000000,r,512
6960000000,s,512
6960000000,r,512
6960000000,r,512
6960000000,r,512
6960000000,r,512
6960000000,r,512
6960000000,r,512
6960000000,r,512
6960000000,r,512
6960000000,r,512
6960000000,r,512
6960000000,r,512
6960000000,r,512
6960000000,r,512
6960000000,r,512
6960000000,r,512
6960000000,r,512
6960000000,r,512
6960000000,r,512
6960000000,s,512
6960000000,r,512
6960000000,r,512
6960000000,r,512
6960000000,r,512
6960000000,r,512
6960000000,r,512
6960000000,r,512
6960000000,r,512
6960000000,r,512
6960000000,r,512
6960000000,r,512
6960000000,r,512
6960000000,r,512
6960000000,r,512
6960000000,r,512
6960000000,r,512
6960000000,r,512
6960000000,r,512
6960000000,r,512
6960000000,r,512
6960000000,r,512
6960000000,r,512
6960000000,r,512
6960000000,r,512
6960000000,r,512
6960000000,r,512
6960000000,r,512
6960000000,r,512
6960000000,r,512
6960000000,r,512
6960000000,r,512
6960000000,r,512
6960000000,s,512
6960000000,r,512
6960000000,r,512
6960000000,r,512
6960000000,r,512
6960000000,r,512
6960000000,r,512
6960000000,r,512
6960000000,r,512
6960000000,r,512
6960000000,r,512
6970000000,r,512
6970000000,r,512
6970000000,r,512
7040000000,r,512
7040000000,r,512
7040000000,r,512
7050000000,s,512
7220000000,s,512
7280000000,r,512
7280000000,r,512
7280000000,r,512
7280000000,r,512
7280000000,r,512
7280000000,r,512
7280000000,r,512
7370000000,r,512
7370000000,r,512
7370000000,r,512
7370000000,r,512
7370000000,r,512
7370000000,r,512
7370000000,r,512
7370000000,r,512
7370000000,r,512
7370000000,r,512
7370000000,r,512
7370000000,r,512
7370000000,r,512
7370000000,r,512
7370000000,r,512
7370000000,r,512
7370000000,r,512
7370000000,r,512
7370000000,r,512
7370000000,r,512
7370000000,r,512
7370000000,r,512
7370000000,r,512
7370000000,r,512
7370000000,r,512
7370000000,r,512
7370000000,r,512
7370000000,r,512
7380000000,r,512
7380000000,r,512
7380000000,r,512
7380000000,r,512
7380000000,r,512
7380000000,r,512
7380000000,r,512
7380000000,r,512
7380000000,r,512
7380000000,r,512
7380000000,r,512
7380000000,r,512
7380000000,r,512
7380000000,r,512
7380000000,r,512
7380000000,r,512
7380000000,r,512
7380000000,s,512
7380000000,r,512
7380000000,r,512
7380000000,r,512
7380000000,r,512
7380000000,r,512
7380000000,r,512
7380000000,s,512
7390000000,r,512
7390000000,r,512
7390000000,r,512
7390000000,r,512
7390000000,r,512
7390000000,r,512
7390000000,r,512
7390000000,r,512
7390000000,r,512
7390000000,r,512
7390000000,r,512
7390000000,r,512
7390000000,r,512
7390000000,r,512
7390000000,r,512
7390000000,r,512
7390000000,r,512
7390000000,r,512
7390000000,r,512
7390000000,r,512
7390000000,r,512
7390000000,r,512
7390000000,r,512
7390000000,r,512
7390000000,r,512
7390000000,r,512
7390000000,r,512
7390000000,r,512
7390000000,r,512
7390000000,r,512
7390000000,r,512
7390000000,r,512
7390000000,r,512
7390000000,r,512
7390000000,r,512
7390000000,r,512
7390000000,r,512
7390000000,r,512
7390000000,r,512
7390000000,r,512
7390000000,r,512
7390000000,r,512
7390000000,r,512
7390000000,r,512
7390000000,r,512
7400000000,r,512
7400000000,r,512
7400000000,r,512
7400000000,r,512
7400000000,s,512
7400000000,r,512
7400000000,r,512
7400000000,r,512
7400000000,r,512
7400000000,r,512
7400000000,r,512
7400000000,r,512
7400000000,r,512
7400000000,r,512
7400000000,r,512
7400000000,r,512
7400000000,r,512
7400000000,r,512
7470000000,r,512
7470000000,r,512
7470000000,r,512
7630000000,s,512
7860000000,r,512
7860000000,r,512
7860000000,r,512
7860000000,r,512
7860000000,r,512
7860000000,r,512
7860000000,r,512
7870000000,r,512
7870000000,r,512
7870000000,r,512
7870000000,r,512
7870000000,r,512
7870000000,r,512
7870000000,r,512
7870000000,r,512
7870000000,r,512
7870000000,r,512
7870000000,r,512
7870000000,r,512
7870000000,r,512
7870000000,r,512
7870000000,r,512
7870000000,r,512
7870000000,r,512
7870000000,r,512
7870000000,r,512
7870000000,r,512
7870000000,r,512
7870000000,r,512
7870000000,s,512
7870000000,r,512
7870000000,r,512
7870000000,r,512
7870000000,r,512
7870000000,r,512
7870000000,r,512
7870000000,r,512
7870000000,r,512
7870000000,r,512
7870000000,r,512
7870000000,r,512
7870000000,r,512
7870000000,r,512
7870000000,r,512
7870000000,r,512
7870000000,r,512
7870000000,r,512
7870000000,r,512
7880000000,s,512
7880000000,r,512
7880000000,r,512
7880000000,r,512
7880000000,r,512
7880000000,r,512
7880000000,r,512
7880000000,r,512
7880000000,r,512
7880000000,r,512
7880000000,r,512
7880000000,r,512
7880000000,r,512
7880000000,r,512
7890000000,r,512
7890000000,r,512
7890000000,r,512
7890000000,r,512
7890000000,r,512
7890000000,r,512
7890000000,r,512
7890000000,r,512
7890000000,r,512
7890000000,r,512
7890000000,r,512
7890000000,r,512
7890000000,r,512
7890000000,r,512
7890000000,r,512
7890000000,r,512
7890000000,r,512
7890000000,r,512
7890000000,r,512
7890000000,r,512
7890000000,r,512
7890000000,r,512
7890000000,r,512
7890000000,r,512
7890000000,r,512
7890000000,r,512
7890000000,r,512
7890000000,r,512
7890000000,r,512
7890000000,r,512
7890000000,r,512
7890000000,r,512
7890000000,r,512
7890000000,r,512
7890000000,r,512
7890000000,r,512
7890000000,r,512
7890000000,r,512
7890000000,r,512
7890000000,r,512
7890000000,r,512
7890000000,r,512
7890000000,s,512
7890000000,r,512
7890000000,r,512
7890000000,r,512
7890000000,r,512
7890000000,r,512
7890000000,r,512
7890000000,r,512
7890000000,r,512
7890000000,r,512
7890000000,r,512
7890000000,r,512
7890000000,r,512
7890000000,r,512
7890000000,r,512
7890000000,r,512
7890000000,r,512
7890000000,r,512
7890000000,r,512
7890000000,r,512
7890000000,r,512
7890000000,r,512
7890000000,r,512
7890000000,r,512
7890000000,r,512
7890000000,s,512
7890000000,s,512
7890000000,r,512
7890000000,r,512
7890000000,r,512
7890000000,s,512
7890000000,r,512
7890000000,r,512
7890000000,r,512
7890000000,r,512
7890000000,r,512
7890000000,r,512
7890000000,r,512
7890000000,r,512
7890000000,r,512
7890000000,r,512
7890000000,r,512
7890000000,r,512
7890000000,r,512
7890000000,r,512
7900000000,r,512
7900000000,r,512
7900000000,r,512
7900000000,r,512
7900000000,r,512
7900000000,r,512
7900000000,r,512
7900000000,r,512
7900000000,r,512
7900000000,r,512
7900000000,r,512
7900000000,r,512
7900000000,r,512
7900000000,r,512
7900000000,r,512
7900000000,r,512
7900000000,r,512
7900000000,r,512
7900000000,r,512
7900000000,r,512
7900000000,r,512
7900000000,r,512
7900000000,r,512
7900000000,r,512
7900000000,r,512
7900000000,r,512
7900000000,r,512
7900000000,r,512
7900000000,r,512
7900000000,r,512
7900000000,r,512
7900000000,r,512
7900000000,r,512
7900000000,s,512
7910000000,r,512
7910000000,r,512
7910000000,r,512
7910000000,r,512
7910000000,r,512
7910000000,r,512
7910000000,r,512
7910000000,r,512
7910000000,r,512
7920000000,r,512
7920000000,r,512
7920000000,r,512
7920000000,r,512
7920000000,r,512
7920000000,r,512
7920000000,r,512
7920000000,r,512
7920000000,r,512
7920000000,r,512
7920000000,r,512
7920000000,r,512
7920000000,r,512
7920000000,r,512
7920000000,r,512
7920000000,r,512
7920000000,r,512
7920000000,r,512
7920000000,r,512
7920000000,r,512
7920000000,r,512
7920000000,r,512
7920000000,r,512
7920000000,r,512
7920000000,r,512
7920000000,r,512
7920000000,r,512
7920000000,r,512
7920000000,r,512
7920000000,r,512
7920000000,r,512
7920000000,r,512
7920000000,r,512
7920000000,r,512
7920000000,r,512
7920000000,r,512
7920000000,r,512
7920000000,s,512
7930000000,r,512
7930000000,r,512
7930000000,r,512
7930000000,r,512
7930000000,r,512
7930000000,r,512
7930000000,r,512
7930000000,s,512
7930000000,r,512
7930000000,r,512
7930000000,r,512
7930000000,r,512
7930000000,r,512
7930000000,r,512
7930000000,r,512
7930000000,r,512
7930000000,r,512
7930000000,r,512
7930000000,r,512
7930000000,r,512
7930000000,r,512
7930000000,r,512
7930000000,r,512
7930000000,r,512
7930000000,r,512
7930000000,r,512
7930000000,r,512
7930000000,r,512
7930000000,r,512
7930000000,r,512
7930000000,r,512
7930000000,r,512
7930000000,r,512
7930000000,r,512
7930000000,r,512
7930000000,r,512
7930000000,r,512
7930000000,r,512
7930000000,r,512
7930000000,r,512
7930000000,r,512
7930000000,r,512
7930000000,r,512
7930000000,r,512
7930000000,r,512
7930000000,r,512
7930000000,r,512
7930000000,r,512
7930000000,r,512
7940000000,r,512
7940000000,r,512
7940000000,s,512
7940000000,r,512
7940000000,r,512
7940000000,r,512
7940000000,r,512
7940000000,r,512
7940000000,r,512
7940000000,r,512
7940000000,r,512
7940000000,r,512
7940000000,r,512
7940000000,r,512
7940000000,r,512
7940000000,r,512
7940000000,r,512
7940000000,r,512
7940000000,r,512
7940000000,r,512
7940000000,r,512
7940000000,r,512
7940000000,r,512
7940000000,r,512
7940000000,r,512
7940000000,r,512
7940000000,r,512
7940000000,r,512
7940000000,r,512
7940000000,r,512
7940000000,r,512
7940000000,r,512
7940000000,r,512
7940000000,r,512
7950000000,r,512
7950000000,r,512
7950000000,r,512
7950000000,r,512
7950000000,r,512
7950000000,r,512
7950000000,r,512
7950000000,r,512
7950000000,r,512
7950000000,r,512
7950000000,r,512
7950000000,r,512
7950000000,r,512
7950000000,r,512
7950000000,r,512
7950000000,r,512
7950000000,r,512
7950000000,r,512
7950000000,r,512
7950000000,r,512
7950000000,r,512
7950000000,r,512
7950000000,r,512
7950000000,r,512
7950000000,r,512
7950000000,r,512
7950000000,s,512
7950000000,r,512
7950000000,s,512
7950000000,r,512
7950000000,r,512
7950000000,r,512
7950000000,r,512
7950000000,r,512
7950000000,r,512
7950000000,r,512
7950000000,r,512
7950000000,r,512
7950000000,r,512
7950000000,r,512
7950000000,r,512
7960000000,r,512
7960000000,r,512
7960000000,r,512
7960000000,r,512
7960000000,r,512
7960000000,r,512
7960000000,r,512
7960000000,r,512
7960000000,r,512
7960000000,r,512
7960000000,r,512
7960000000,r,512
7960000000,r,512
7960000000,r,512
7960000000,r,512
7960000000,r,512
7960000000,r,512
7960000000,r,512
7960000000,r,512
7960000000,r,512
7960000000,r,512
7960000000,r,512
7960000000,r,512
7970000000,r,512
7970000000,r,512
7970000000,r,512
7970000000,r,512
7970000000,r,512
7970000000,r,512
7970000000,r,512
7970000000,s,512
7970000000,r,512
7970000000,r,512
7970000000,r,512
7970000000,r,512
7970000000,r,512
7970000000,r,512
7970000000,r,512
7970000000,r,512
7970000000,r,512
7970000000,r,512
7970000000,r,512
7970000000,r,512
7970000000,r,512
7970000000,r,512
7970000000,r,512
7970000000,r,512
7970000000,r,512
7970000000,r,512
7970000000,r,512
7970000000,r,512
7970000000,r,512
7970000000,r,512
7970000000,r,512
7970000000,r,512
7970000000,r,512
7970000000,r,512
7970000000,r,512
7970000000,r,512
7970000000,r,512
7970000000,r,512
7970000000,r,512
7970000000,r,512
7970000000,r,512
7970000000,r,512
7970000000,r,512
7970000000,r,512
7970000000,r,512
7970000000,r,512
7970000000,r,512
7970000000,r,512
7970000000,r,512
7970000000,r,512
7970000000,r,512
7970000000,r,512
7970000000,r,512
7970000000,r,512
7970000000,r,512
7970000000,r,512
7970000000,r,512
7970000000,r,512
7970000000,r,512
7970000000,r,512
7970000000,r,512
7970000000,r,512
7970000000,s,512
7980000000,r,512
7980000000,r,512
7980000000,r,512
7980000000,s,512
7980000000,r,512
7980000000,r,512
7980000000,r,512
7980000000,r,512
7980000000,r,512
7980000000,r,512
7980000000,r,512
7980000000,r,512
7980000000,r,512
7980000000,r,512
7980000000,r,512
7980000000,r,512
7980000000,r,512
7980000000,r,512
7980000000,r,512
7980000000,r,512
7980000000,r,512
7980000000,r,512
7980000000,r,512
7980000000,r,512
7980000000,r,512
7980000000,r,512
7980000000,r,512
7980000000,r,512
7980000000,r,512
7980000000,r,512
7980000000,r,512
7980000000,r,512
7980000000,r,512
7980000000,r,512
7980000000,r,512
7980000000,r,512
7980000000,r,512
7980000000,r,512
7980000000,r,512
7980000000,r,512
7980000000,r,512
7980000000,r,512
8000000000,r,512
8000000000,r,512
8050000000,r,512
8050000000,r,512
8050000000,r,512
8050000000,s,512
8050000000,r,512
8050000000,r,512
8050000000,r,512
8050000000,r,512
8050000000,r,512
8050000000,r,512
8050000000,r,512
8050000000,r,512
8050000000,r,512
8050000000,r,512
8050000000,r,512
8050000000,r,512
8050000000,r,512
8050000000,r,512
8050000000,r,512
8050000000,r,512
8050000000,r,512
8050000000,r,512
8050000000,r,512
8050000000,r,512
8050000000,r,512
8050000000,r,512
8050000000,r,512
8060000000,r,512
8060000000,r,512
8060000000,r,512
8060000000,r,512
8060000000,r,512
8060000000,r,512
8060000000,r,512
8060000000,r,512
8060000000,r,512
8060000000,r,512
8060000000,r,512
8060000000,r,512
8060000000,r,512
8060000000,r,512
8060000000,r,512
8060000000,r,512
8060000000,r,512
8060000000,r,512
8060000000,r,512
8060000000,r,512
8060000000,r,512
8060000000,r,512
8060000000,r,512
8070000000,r,512
8070000000,r,512
8070000000,r,512
8070000000,r,512
8070000000,s,512
8070000000,r,512
8070000000,r,512
8070000000,r,512
8070000000,r,512
8070000000,r,512
8070000000,r,512
8070000000,r,512
8070000000,s,512
8070000000,r,512
8070000000,r,512
8070000000,r,512
8070000000,r,512
8070000000,r,512
8070000000,r,512
8080000000,r,512
8080000000,r,512
8090000000,s,512
8100000000,r,512
8100000000,r,512
8100000000,r,512
8100000000,r,512
8100000000,r,512
8100000000,r,512
8100000000,r,512
8100000000,r,512
8100000000,r,512
8100000000,r,512
8100000000,r,512
8100000000,r,512
8100000000,r,512
8100000000,r,512
8100000000,r,512
8119999999,r,512
8119999999,r,512
8119999999,r,512
8119999999,r,512
8119999999,r,512
8119999999,r,512
8119999999,r,512
8119999999,r,512
8119999999,r,512
8119999999,r,512
8119999999,r,512
8119999999,r,512
8119999999,r,512
8119999999,r,512
8119999999,r,512
8130000000,r,512
8130000000,r,512
8130000000,r,512
8130000000,r,512
8130000000,r,512
8130000000,s,512
8130000000,r,512
8130000000,r,512
8130000000,r,512
8140000000,r,512
8140000000,r,512
8140000000,r,512
8140000000,r,512
8150000000,r,512
8160000000,r,512
8160000000,r,512
8160000000,r,512
8160000000,r,512
8160000000,r,512
8160000000,r,512
8180000000,r,512
8180000000,r,512
8180000000,r,512
8180000000,r,512
8180000000,r,512
8180000000,r,512
8180000000,r,512
8180000000,r,512
8189999999,r,512
8189999999,r,512
8189999999,r,512
8189999999,r,512
8189999999,r,512
8189999999,r,512
8189999999,r,512
8189999999,r,512
8189999999,r,512
8189999999,r,512
8189999999,r,512
8189999999,r,512
8189999999,r,512
8189999999,r,512
8189999999,r,512
8189999999,r,512
8189999999,r,512
8189999999,r,512
8189999999,r,512
8189999999,r,512
8189999999,r,512
8189999999,r,512
8189999999,r,512
8189999999,r,512
8189999999,r,512
8189999999,r,512
8189999999,r,512
8189999999,r,512
8189999999,r,512
8189999999,r,512
8189999999,r,512
8189999999,r,512
8189999999,r,512
8189999999,s,512
8189999999,r,512
8189999999,r,512
8189999999,s,512
8189999999,r,512
8189999999,r,512
8189999999,r,512
8189999999,r,512
8199999999,r,512
8199999999,r,512
8199999999,r,512
8199999999,r,512
8199999999,r,512
8199999999,r,512
8199999999,r,512
8199999999,r,512
8199999999,r,512
8199999999,r,512
8199999999,r,512
8199999999,r,512
8199999999,r,512
8199999999,r,512
8199999999,r,512
8199999999,r,512
8199999999,r,512
8199999999,r,512
8199999999,r,512
8199999999,r,512
8199999999,r,512
8199999999,r,512
8199999999,r,512
8199999999,r,512
8220000000,r,512
8220000000,r,512
8220000000,r,512
8220000000,r,512
8220000000,r,512
8220000000,r,512
8220000000,r,512
8220000000,r,512
8220000000,r,512
8220000000,r,512
8220000000,r,512
8220000000,r,512
8220000000,r,512
8220000000,r,512
8220000000,r,512
8220000000,s,512
8220000000,r,512
8220000000,r,512
8220000000,r,512
8220000000,r,512
8220000000,r,512
8220000000,r,512
8220000000,r,512
8220000000,r,512
8230000000,r,512
8230000000,r,512
8230000000,r,512
8230000000,r,512
8230000000,r,512
8230000000,r,512
8230000000,r,512
8230000000,r,512
8230000000,r,512
8230000000,r,512
8230000000,r,512
8230000000,r,512
8230000000,r,512
8230000000,r,512
8230000000,r,512
8230000000,r,512
8240000000,r,512
8240000000,r,512
8240000000,r,512
8240000000,r,512
8240000000,r,512
8240000000,r,512
8240000000,r,512
8240000000,r,512
8240000000,r,512
8240000000,r,512
8240000000,r,512
8240000000,r,512
8240000000,r,512
8240000000,r,512
8240000000,r,512
8240000000,r,512
8240000000,r,512
8250000000,r,512
8250000000,r,512
8250000000,r,512
8250000000,r,512
8250000000,r,512
8250000000,r,512
8250000000,r,512
8250000000,r,512
8250000000,r,512
8250000000,s,512
8250000000,r,512
8250000000,r,512
8250000000,r,512
8250000000,r,512
8250000000,r,512
8250000000,r,512
8250000000,r,512
8250000000,s,512
8250000000,r,512
8250000000,r,512
8250000000,r,512
8250000000,r,512
8250000000,r,512
8250000000,r,512
8250000000,r,512
8250000000,r,512
8250000000,r,512
8250000000,r,512
8250000000,r,512
8250000000,r,512
8250000000,r,512
8250000000,r,512
8250000000,r,512
8250000000,r,512
8270000000,r,512
8270000000,r,512
8270000000,r,512
8270000000,r,512
8270000000,r,512
8270000000,r,512
8270000000,r,512
8270000000,r,512
8270000000,r,512
8270000000,r,512
8270000000,r,512
8270000000,r,512
8270000000,r,512
8270000000,r,512
8270000000,r,512
8270000000,r,512
8270000000,r,512
8270000000,r,512
8270000000,r,512
8270000000,r,512
8270000000,r,512
8270000000,r,512
8270000000,r,512
8270000000,r,512
8270000000,r,512
8270000000,r,512
8369999999,r,512
8369999999,s,512
8369999999,r,512
17640000000,s,512
17870000000,r,512
17880000000,r,512
17880000000,r,512
17880000000,r,512
17880000000,r,512
17880000000,r,512
17880000000,r,512
17880000000,r,512
17880000000,r,512
17880000000,r,512
17880000000,r,512
17880000000,r,512
17880000000,r,512
17880000000,r,512
17890000000,r,512
17890000000,r,512
17890000000,r,512
17890000000,r,512
17890000000,r,512
17890000000,r,512
17890000000,r,512
17890000000,r,512
17890000000,r,512
17970000000,r,512
17970000000,r,512
17970000000,r,512
17970000000,r,512
17970000000,r,512
17970000000,r,512
17970000000,r,512
17970000000,r,512
17970000000,r,512
17970000000,r,512
17970000000,r,512
17970000000,r,512
17970000000,r,512
17970000000,r,512
17970000000,r,512
17970000000,r,512
17970000000,r,512
17970000000,r,512
17970000000,r,512
17970000000,r,512
17970000000,r,512
17970000000,r,512
17970000000,r,512
17970000000,r,512
17970000000,r,512
17970000000,r,512
17970000000,s,512
17970000000,r,512
17970000000,r,512
17970000000,r,512
17970000000,r,512
17970000000,r,512
17970000000,r,512
17970000000,r,512
17970000000,s,512
17970000000,r,512
17970000000,r,512
17970000000,r,512
17970000000,r,512
17970000000,r,512
17990000000,r,512
17990000000,r,512
17990000000,r,512
17990000000,r,512
17990000000,r,512
17990000000,r,512
17990000000,r,512
17990000000,r,512
17990000000,r,512
17990000000,r,512
17990000000,r,512
17990000000,r,512
17990000000,r,512
17990000000,r,512
17990000000,r,512
17990000000,r,512
18060000000,r,512
18060000000,r,512
18060000000,r,512
18060000000,r,512
18060000000,r,512
18060000000,r,512
18060000000,r,512
18060000000,r,512
18060000000,r,512
18060000000,r,512
18060000000,r,512
18060000000,r,512
18060000000,r,512
18060000000,r,512
18060000000,r,512
18060000000,r,512
18060000000,r,512
18060000000,r,512
18060000000,r,512
18060000000,r,512
18060000000,r,512
18060000000,r,512
18060000000,r,512
18060000000,r,512
18060000000,s,512
18070000000,r,512
18070000000,r,512
18070000000,r,512
18070000000,r,512
18070000000,r,512
18070000000,r,512
18070000000,r,512
18070000000,r,512
18070000000,r,512
18070000000,r,512
18070000000,r,512
18070000000,r,512
18070000000,r,512
18070000000,r,512
18070000000,r,512
18070000000,r,512
18070000000,r,512
18070000000,r,512
18070000000,r,512
18070000000,r,512
18070000000,r,512
18070000000,r,512
18070000000,r,512
18070000000,r,512
18070000000,r,512
18070000000,r,512
18070000000,r,512
18070000000,r,512
18070000000,r,512
18070000000,r,512
18070000000,r,512
18070000000,r,512
18070000000,r,512
18070000000,r,512
18070000000,r,512
18070000000,r,512
18070000000,r,512
18070000000,r,512
18070000000,r,512
18070000000,r,512
18070000000,r,512
18070000000,r,512
18070000000,r,512
18070000000,r,512
18070000000,r,512
18070000000,r,512
18070000000,r,512
18070000000,r,512
18070000000,r,512
18070000000,r,512
18070000000,r,512
18070000000,s,512
18080000000,r,512
18080000000,r,512
18080000000,r,512
18080000000,r,512
18080000000,s,512
18080000000,r,512
18080000000,r,512
18080000000,r,512
18080000000,r,512
18080000000,r,512
18080000000,r,512
18080000000,r,512
18080000000,r,512
18080000000,r,512
18080000000,r,512
18080000000,r,512
18080000000,r,512
18080000000,r,512
18080000000,r,512
18080000000,r,512
18080000000,r,512
18080000000,r,512
18080000000,r,512
18080000000,r,512
18080000000,r,512
18080000000,r,512
18080000000,r,512
18080000000,r,512
18080000000,r,512
18080000000,r,512
18080000000,r,512
18080000000,r,512
18080000000,r,512
18080000000,r,512
18080000000,r,512
18080000000,r,512
18080000000,r,512
18160000000,r,512
18160000000,r,512
18160000000,r,512
18160000000,r,512
18160000000,r,512
18160000000,r,512
18160000000,r,512
18160000000,r,512
18160000000,r,512
18160000000,r,512
18160000000,r,512
18160000000,r,512
18160000000,r,512
18160000000,r,512
18160000000,r,512
18160000000,r,512
18160000000,r,512
18160000000,r,512
18160000000,r,512
18160000000,r,512
18160000000,r,512
18160000000,r,512
18160000000,r,512
18160000000,r,512
18160000000,r,512
18160000000,r,512
18160000000,r,512
18160000000,r,512
18160000000,r,512
18160000000,r,512
18160000000,r,512
18160000000,r,512
18160000000,r,512
18160000000,r,512
18160000000,r,512
18160000000,r,512
18160000000,r,512
18160000000,r,512
18160000000,r,512
18160000000,r,512
18160000000,r,512
18160000000,r,512
18160000000,r,512
18160000000,r,512
18160000000,r,512
18160000000,r,512
18160000000,r,512
18160000000,r,512
18160000000,r,512
18160000000,r,512
18160000000,r,512
18160000000,r,512
18160000000,r,512
18160000000,r,512
18160000000,r,512
18160000000,r,512
18160000000,r,512
18160000000,r,512
18160000000,r,512
18160000000,r,512
18160000000,r,512
18160000000,r,512
18160000000,r,512
18160000000,r,512
18160000000,s,512
18160000000,s,512
18160000000,r,512
18160000000,r,512
18160000000,r,512
18160000000,r,512
18160000000,s,512
18160000000,r,512
18160000000,r,512
18160000000,r,512
18160000000,r,512
18160000000,r,512
18160000000,r,512
18160000000,r,512
18160000000,r,512
18160000000,r,512
18160000000,r,512
18160000000,r,512
18160000000,r,512
18160000000,r,512
18160000000,r,512
18160000000,r,512
18160000000,r,512
18160000000,r,512
18160000000,r,512
18160000000,r,512
18160000000,r,512
18160000000,r,512
18160000000,r,512
18160000000,r,512
18160000000,r,512
18160000000,r,512
18160000000,r,512
18160000000,r,512
18160000000,r,512
18160000000,r,512
18160000000,r,512
18160000000,r,512
18160000000,r,512
18160000000,r,512
18160000000,r,512
18160000000,r,512
18160000000,r,512
18160000000,r,512
18160000000,r,512
18160000000,r,512
18160000000,r,512
18160000000,r,512
18160000000,r,512
18160000000,r,512
18160000000,r,512
18160000000,r,512
18160000000,r,512
18160000000,s,512
18160000000,r,512
18160000000,r,512
18160000000,r,512
18160000000,r,512
18160000000,r,512
18160000000,r,512
18160000000,r,512
18160000000,r,512
18160000000,r,512
18160000000,r,512
18160000000,r,512
18160000000,r,512
18160000000,r,512
18160000000,r,512
18160000000,r,512
18160000000,r,512
18160000000,r,512
18160000000,r,512
18160000000,r,512
18160000000,r,512
18160000000,r,512
18160000000,r,512
18160000000,r,512
18160000000,r,512
18160000000,r,512
18160000000,r,512
18160000000,r,512
18160000000,r,512
18160000000,r,512
18160000000,r,512
18160000000,r,512
18160000000,r,512
18160000000,r,512
18160000000,r,512
18160000000,r,512
18160000000,r,512
18160000000,r,512
18160000000,r,512
18160000000,r,512
18160000000,r,512
18160000000,r,512
18160000000,r,512
18180000000,r,512
18180000000,r,512
18180000000,r,512
18180000000,r,512
18180000000,r,512
18180000000,s,512
18180000000,r,512
18180000000,r,512
18180000000,r,512
18180000000,r,512
18180000000,r,512
18180000000,r,512
18180000000,r,512
18180000000,s,512
18180000000,r,512
18180000000,r,512
18180000000,r,512
18180000000,r,512
18180000000,r,512
18180000000,r,512
18180000000,r,512
18180000000,r,512
18180000000,r,512
18180000000,r,512
18180000000,r,512
18180000000,r,512
18180000000,r,512
18180000000,r,512
28170000000,s,512
28350000000,r,512
28350000000,r,512
28350000000,r,512
28350000000,r,512
28350000000,r,512
28350000000,r,512
28350000000,r,512
28350000000,r,512
28350000000,r,512
28350000000,r,512
28350000000,r,512
28350000000,r,512
28350000000,r,512
28350000000,r,512
28350000000,r,512
28380000000,r,512
28380000000,r,512
28380000000,r,512
28380000000,r,512
28380000000,r,512
28380000000,r,512
28380000000,r,512
28380000000,r,512
28450000000,r,512
28450000000,r,512
28450000000,r,512
28450000000,r,512
28450000000,r,512
28450000000,r,512
28450000000,s,512
28450000000,r,512
28450000000,r,512
28450000000,r,512
28450000000,r,512
28450000000,r,512
28450000000,r,512
28450000000,r,512
28450000000,r,512
28450000000,r,512
28450000000,r,512
28450000000,r,512
28450000000,r,512
28450000000,r,512
28450000000,r,512
28450000000,r,512
28450000000,r,512
28450000000,r,512
28450000000,r,512
28450000000,r,512
28450000000,r,512
28450000000,r,512
28450000000,r,512
28450000000,r,512
28450000000,r,512
28450000000,r,512
28460000000,r,512
28460000000,r,512
28460000000,r,512
28460000000,r,512
28460000000,r,512
28460000000,r,512
28460000000,r,512
28460000000,r,512
28460000000,r,512
28460000000,r,512
28460000000,r,512
28460000000,r,512
28460000000,r,512
28460000000,r,512
28460000000,r,512
28470000000,r,512
28470000000,r,512
28470000000,r,512
28470000000,r,512
28470000000,r,512
28470000000,r,512
28480000000,r,512
28480000000,r,512
28540000000,r,512
28540000000,r,512
28540000000,s,512
28540000000,r,512
28540000000,r,512
28540000000,r,512
28540000000,r,512
28540000000,r,512
28540000000,r,512
28540000000,r,512
28540000000,s,512
28540000000,r,512
28540000000,r,512
28540000000,r,512
28540000000,r,512
28540000000,r,512
28540000000,r,512
28540000000,r,512
28540000000,r,512
28540000000,r,512
28540000000,r,512
28540000000,r,512
28540000000,r,512
28540000000,r,512
28540000000,r,512
28540000000,r,512
28540000000,r,512
28540000000,r,512
28540000000,r,512
28540000000,r,512
28540000000,r,512
28540000000,r,512
28540000000,r,512
28540000000,r,512
28540000000,r,512
28540000000,r,512
28540000000,r,512
28540000000,r,512
28540000000,r,512
28540000000,r,512
28540000000,r,512
28540000000,r,512
28540000000,r,512
28540000000,r,512
28540000000,r,512
28540000000,r,512
28540000000,r,512
28540000000,r,512
28540000000,r,512
28540000000,r,512
28540000000,r,512
28540000000,r,512
28540000000,r,512
28540000000,r,512
28540000000,s,512
28540000000,r,512
28540000000,r,512
28540000000,r,512
28540000000,r,512
28540000000,r,512
28540000000,r,512
28540000000,r,512
28540000000,r,512
28540000000,r,512
28540000000,r,512
28540000000,r,512
28540000000,r,512
28540000000,r,512
28540000000,r,512
28540000000,r,512
28560000000,r,512
28560000000,r,512
28560000000,r,512
28560000000,r,512
28560000000,r,512
28560000000,r,512
28560000000,r,512
28560000000,r,512
28560000000,r,512
28580000000,r,512
28580000000,r,512
28580000000,r,512
28580000000,r,512
28580000000,r,512
28580000000,r,512
28580000000,r,512
28580000000,r,512
28580000000,r,512
28580000000,r,512
28580000000,r,512
28580000000,r,512
28580000000,r,512
28580000000,r,512
28580000000,r,512
28580000000,r,512
28580000000,r,512
28580000000,r,512
28580000000,r,512
28580000000,r,512
28580000000,r,512
28580000000,r,512
28580000000,r,512
28590000000,r,512
28590000000,r,512
28590000000,r,512
28590000000,s,512
28590000000,r,512
28590000000,r,512
28590000000,r,512
28590000000,r,512
28590000000,r,512
28590000000,r,512
28640000000,r,512
28640000000,s,512
28640000000,r,512
28640000000,r,512
28640000000,r,512
28640000000,r,512
28640000000,r,512
28640000000,r,512
28640000000,r,512
28640000000,r,512
28640000000,r,512
28640000000,r,512
28640000000,r,512
28640000000,r,512
28640000000,r,512
28640000000,r,512
28640000000,r,512
28640000000,r,512
28640000000,r,512
28640000000,r,512
28640000000,r,512
28640000000,r,512
28640000000,r,512
28640000000,r,512
28640000000,r,512
28640000000,r,512
28640000000,r,512
28640000000,r,512
28640000000,r,512
28640000000,r,512
28640000000,r,512
28640000000,r,512
28640000000,r,512
28640000000,r,512
28640000000,r,512
28640000000,r,512
28640000000,r,512
28640000000,r,512
28640000000,r,512
28640000000,r,512
28640000000,r,512
28640000000,r,512
28640000000,r,512
28640000000,r,512
28640000000,r,512
28640000000,r,512
28640000000,r,512
28640000000,r,512
28640000000,r,512
28640000000,r,512
28640000000,r,512
28640000000,r,512
28640000000,r,512
28640000000,r,512
28640000000,r,512
28640000000,r,512
28640000000,r,512
28640000000,r,512
28640000000,r,512
28640000000,r,512
28640000000,s,512
28650000000,r,512
28650000000,r,512
28650000000,r,512
28650000000,r,512
28650000000,r,512
28650000000,r,512
28650000000,r,512
28650000000,r,512
28650000000,r,512
28650000000,r,512
28650000000,r,512
28650000000,r,512
28650000000,r,512
28660000000,r,512
28660000000,r,512
28660000000,r,512
28660000000,r,512
28660000000,r,512
28660000000,r,512
28660000000,r,512
28660000000,r,512
28680000000,r,512
28680000000,r,512
28680000000,r,512
28680000000,r,512
28680000000,r,512
28680000000,r,512
28680000000,r,512
28680000000,r,512
28690000000,r,512
28690000000,r,512
28690000000,r,512
28690000000,r,512
28690000000,r,512
28690000000,r,512
28690000000,s,512
28690000000,r,512
28690000000,r,512
28700000000,r,512
28700000000,r,512
28700000000,r,512
28700000000,r,512
28700000000,r,512
28700000000,s,512
28700000000,r,512
28700000000,r,512
28700000000,r,512
28710000000,r,512
28710000000,r,512
28710000000,r,512
28710000000,r,512
28710000000,r,512
28710000000,r,512
28710000000,r,512
28710000000,r,512
28710000000,r,512
28710000000,r,512
28710000000,r,512
28710000000,r,512
28710000000,r,512
28710000000,r,512
28710000000,r,512
28710000000,r,512
28710000000,r,512
28710000000,r,512
28710000000,r,512
28710000000,r,512
28710000000,r,512
28710000000,r,512
28730000000,r,512
28730000000,r,512
28730000000,r,512
28730000000,r,512
28730000000,r,512
28730000000,r,512
28730000000,r,512
28730000000,r,512
28730000000,r,512
28730000000,r,512
28730000000,r,512
28730000000,r,512
28740000000,r,512
28750000000,r,512
28750000000,r,512
28750000000,r,512
28750000000,r,512
28750000000,r,512
28750000000,s,512
28750000000,r,512
28750000000,r,512
28750000000,r,512
28750000000,r,512
28750000000,r,512
28750000000,r,512
28750000000,r,512
28750000000,r,512
28750000000,r,512
28750000000,r,512
28750000000,r,512
28760000000,r,512
28760000000,r,512
28760000000,r,512
28760000000,r,512
28760000000,r,512
28760000000,r,512
28760000000,r,512
28760000000,r,512
28760000000,r,512
28760000000,r,512
28760000000,r,512
28760000000,r,512
28760000000,r,512
28760000000,r,512
28760000000,r,512
28770000000,r,512
28770000000,r,512
28770000000,r,512
28770000000,r,512
28770000000,r,512
28770000000,r,512
28770000000,r,512
28770000000,r,512
28770000000,r,512
28780000000,r,512
28780000000,r,512
28780000000,r,512
28780000000,r,512
28780000000,r,512
28780000000,r,512
28780000000,r,512
28780000000,r,512
28780000000,r,512
28780000000,r,512
28780000000,r,512
28780000000,r,512
28780000000,r,512
28780000000,r,512
28780000000,r,512
28780000000,s,512
28800000000,r,512
28800000000,r,512
28800000000,r,512
28800000000,r,512
28800000000,r,512
28800000000,r,512
28800000000,r,512
28800000000,s,512
28800000000,r,512
28850000000,r,512
28850000000,r,512
38690000000,s,512
38870000000,r,512
38870000000,r,512
38870000000,r,512
38870000000,r,512
38870000000,r,512
38870000000,r,512
38870000000,r,512
38870000000,r,512
38870000000,r,512
38870000000,r,512
38870000000,r,512
38870000000,r,512
38870000000,r,512
38870000000,r,512
38870000000,r,512
38870000000,r,512
38870000000,r,512
38870000000,r,512
38870000000,r,512
38870000000,r,512
38870000000,r,512
38870000000,r,512
38870000000,r,512
38960000000,r,512
38960000000,r,512
38960000000,r,512
38960000000,r,512
38960000000,r,512
38960000000,r,512
38960000000,r,512
38960000000,r,512
38960000000,r,512
38960000000,r,512
38960000000,r,512
38960000000,r,512
38960000000,r,512
38960000000,r,512
38960000000,r,512
38960000000,r,512
38960000000,r,512
38960000000,r,512
38960000000,r,512
38960000000,r,512
38960000000,r,512
38960000000,r,512
38960000000,r,512
38960000000,r,512
38960000000,r,512
38960000000,r,512
38960000000,r,512
38960000000,r,512
38960000000,r,512
38960000000,r,512
38960000000,s,512
38960000000,r,512
38960000000,r,512
38960000000,r,512
38960000000,r,512
38960000000,r,512
38960000000,r,512
38960000000,r,512
38960000000,r,512
38960000000,r,512
38960000000,r,512
38960000000,r,512
38960000000,r,512
38960000000,r,512
38960000000,r,512
38960000000,r,512
38980000000,r,512
38980000000,r,512
38980000000,r,512
38980000000,r,512
38980000000,r,512
38980000000,r,512
38980000000,r,512
38980000000,r,512
39050000000,r,512
39050000000,r,512
39050000000,r,512
39050000000,r,512
39050000000,r,512
39050000000,r,512
39050000000,r,512
39050000000,r,512
39050000000,r,512
39050000000,r,512
39050000000,r,512
39050000000,r,512
39050000000,r,512
39050000000,r,512
39050000000,r,512
39050000000,r,512
39050000000,r,512
39050000000,r,512
39050000000,r,512
39050000000,r,512
39050000000,r,512
39050000000,s,512
39050000000,r,512
39050000000,r,512
39050000000,r,512
39060000000,r,512
39060000000,r,512
39060000000,r,512
39060000000,r,512
39060000000,r,512
39060000000,r,512
39060000000,r,512
39060000000,r,512
39060000000,r,512
39060000000,r,512
39060000000,r,512
39060000000,r,512
39060000000,r,512
39060000000,r,512
39060000000,r,512
39060000000,r,512
39060000000,r,512
39060000000,s,512
39060000000,r,512
39060000000,r,512
39060000000,r,512
39060000000,r,512
39060000000,r,512
39060000000,r,512
39060000000,r,512
39060000000,r,512
39060000000,r,512
39060000000,r,512
39060000000,r,512
39060000000,r,512
39060000000,r,512
39060000000,r,512
39060000000,r,512
39060000000,r,512
39060000000,r,512
39060000000,r,512
39060000000,r,512
39060000000,r,512
39060000000,r,512
39060000000,r,512
39060000000,r,512
39060000000,s,512
39060000000,r,512
39060000000,r,512
39060000000,r,512
39060000000,r,512
39060000000,r,512
39060000000,r,512
39060000000,r,512
39060000000,r,512
39060000000,r,512
39060000000,r,512
39060000000,r,512
39060000000,r,512
39060000000,r,512
39060000000,r,512
39060000000,r,512
39060000000,r,512
39060000000,r,512
39060000000,r,512
39060000000,r,512
39060000000,r,512
39060000000,r,512
39060000000,r,512
39060000000,r,512
39060000000,r,512
39060000000,r,512
39060000000,r,512
39060000000,r,512
39060000000,r,512
39070000000,r,512
39070000000,r,512
39070000000,r,512
39070000000,r,512
39070000000,r,512
39070000000,r,512
39070000000,r,512
39070000000,r,512
39070000000,r,512
39070000000,r,512
39070000000,r,512
39070000000,r,512
39070000000,r,512
39070000000,r,512
39070000000,r,512
39070000000,r,512
39070000000,r,512
39070000000,r,512
39070000000,r,512
39070000000,r,512
39070000000,r,512
39070000000,r,512
39070000000,s,512
39070000000,r,512
39150000000,r,512
39150000000,r,512
39150000000,r,512
39150000000,r,512
39150000000,r,512
39150000000,r,512
39150000000,s,512
39150000000,r,512
39150000000,r,512
39150000000,r,512
39150000000,r,512
39150000000,r,512
39150000000,r,512
39150000000,r,512
39150000000,r,512
39150000000,r,512
39150000000,r,512
39150000000,r,512
39150000000,r,512
39150000000,r,512
39150000000,r,512
39150000000,r,512
39150000000,r,512
39150000000,r,512
39150000000,r,512
39150000000,r,512
39150000000,r,512
39150000000,r,512
39150000000,r,512
39150000000,r,512
39150000000,r,512
39150000000,r,512
39150000000,r,512
39150000000,r,512
39150000000,r,512
39150000000,r,512
39150000000,r,512
39150000000,r,512
39150000000,r,512
39150000000,r,512
39150000000,r,512
39150000000,r,512
39150000000,r,512
39150000000,r,512
39150000000,r,512
39150000000,r,512
39150000000,r,512
39150000000,r,512
39150000000,r,512
39150000000,r,512
39150000000,s,512
39150000000,r,512
39150000000,r,512
39150000000,r,512
39150000000,r,512
39150000000,r,512
39150000000,r,512
39150000000,r,512
39150000000,r,512
39150000000,r,512
39150000000,r,512
39150000000,r,512
39150000000,r,512
39150000000,r,512
39150000000,r,512
39150000000,r,512
39150000000,r,512
39150000000,r,512
39150000000,r,512
39150000000,r,512
39150000000,r,512
39150000000,r,512
39150000000,r,512
39150000000,r,512
39150000000,r,512
39150000000,r,512
39150000000,r,512
39150000000,r,512
39150000000,r,512
39150000000,r,512
39150000000,r,512
39150000000,r,512
39150000000,r,512
39150000000,r,512
39150000000,r,512
39150000000,r,512
39150000000,r,512
39150000000,r,512
39150000000,r,512
39150000000,r,512
39150000000,r,512
39150000000,r,512
39150000000,r,512
39150000000,r,512
39150000000,r,512
39150000000,r,512
39150000000,r,512
39150000000,r,512
39150000000,r,512
39150000000,r,512
39150000000,r,512
39150000000,r,512
39150000000,r,512
39150000000,r,512
39150000000,r,512
39150000000,r,512
39150000000,r,512
39150000000,r,512
39150000000,s,512
39150000000,r,512
39150000000,r,512
39150000000,r,512
39150000000,r,512
39150000000,s,512
39150000000,r,512
39150000000,r,512
39150000000,r,512
39150000000,r,512
39150000000,r,512
39150000000,r,512
39150000000,r,512
39150000000,r,512
39150000000,r,512
39150000000,r,512
39150000000,r,512
39150000000,r,512
39150000000,r,512
39150000000,r,512
39150000000,r,512
39150000000,r,512
39150000000,r,512
39150000000,r,512
39150000000,r,512
39150000000,r,512
39150000000,r,512
39150000000,r,512
39150000000,r,512
39150000000,r,512
39150000000,r,512
39150000000,r,512
39150000000,r,512
39150000000,r,512
39150000000,r,512
39150000000,r,512
39150000000,r,512
39150000000,r,512
39150000000,r,512
39150000000,r,512
39150000000,r,512
39150000000,r,512
39150000000,r,512
39150000000,r,512
39150000000,r,512
39150000000,r,512
39150000000,r,512
39150000000,r,512
39150000000,r,512
39150000000,r,512
39150000000,r,512
39150000000,r,512
39150000000,r,512
39150000000,r,512
39150000000,r,512
39150000000,r,512
39150000000,r,512
39150000000,r,512
39150000000,r,512
39150000000,r,512
39150000000,r,512
39150000000,r,512
39150000000,r,512
39150000000,r,512
39150000000,r,512
39150000000,r,512
39150000000,r,512
39150000000,r,512
39150000000,r,512
39150000000,r,512
39150000000,r,512
39150000000,s,512
39150000000,r,512
39150000000,r,512
39150000000,r,512
39150000000,r,512
39150000000,r,512
39150000000,r,512
39150000000,r,512
39150000000,r,512
39170000000,r,512
39170000000,r,512
39170000000,r,512
39170000000,r,512
39170000000,r,512
39170000000,r,512
39170000000,r,512
39170000000,r,512
39170000000,r,512
39170000000,r,512
39170000000,r,512
39170000000,r,512
39170000000,r,512
39170000000,r,512
39170000000,r,512
39170000000,r,512
39170000000,r,512
39170000000,r,512
39170000000,r,512
39170000000,r,512
39170000000,r,512
39170000000,r,512
39170000000,r,512
39170000000,s,512
39170000000,r,512
39170000000,r,512
39170000000,r,512
39170000000,r,512
39170000000,r,512
39170000000,r,512
39170000000,r,512
39170000000,r,512
39170000000,r,512
39170000000,r,512
39170000000,r,512
39170000000,r,512
39170000000,r,512
39170000000,r,512
39170000000,r,512
39170000000,r,512
39170000000,r,512
39170000000,r,512
39170000000,s,512
39240000000,r,512
39240000000,r,512
39240000000,r,512
39240000000,r,512
39240000000,r,512
39240000000,r,512
39240000000,r,512
39240000000,r,512
39240000000,r,512
39240000000,r,512
39240000000,r,512
39240000000,r,512
39240000000,r,512
39240000000,r,512
39240000000,r,512
39240000000,r,512
39240000000,r,512
39240000000,r,512
39240000000,r,512
39240000000,r,512
39240000000,r,512
39240000000,r,512
39240000000,r,512
39240000000,r,512
39250000000,r,512
39250000000,r,512
39250000000,r,512
39250000000,r,512
39250000000,r,512
39250000000,r,512
39250000000,r,512
39250000000,r,512
39250000000,s,512
39250000000,r,512
39250000000,r,512
39250000000,r,512
39250000000,r,512
