0,s,514
197800000,r,514
197800000,r,514
395300000,r,514
395300000,r,514
395300000,r,514
395300000,r,514
396200000,s,514
396200000,s,514
396200000,s,514
593000000,r,514
593000000,r,514
593900000,s,514
593900000,s,514
593900000,s,514
593900000,s,514
593900000,s,514
790100000,r,514
790100000,r,514
791100000,s,514
795400000,r,514
795400000,r,514
795400000,r,514
795400000,r,514
795400000,r,514
795400000,r,514
795400000,r,514
795400000,r,514
795400000,r,514
795400000,r,514
795400000,r,514
795400000,r,514
795400000,r,514
795400000,r,514
795400000,r,514
795400000,r,514
795400000,r,514
795400000,r,514
795400000,r,514
795400000,r,514
795400000,r,514
795400000,r,514
795400000,r,514
795400000,r,514
987100000,r,514
987100000,r,514
987100000,r,514
987100000,r,514
987100000,r,514
992000000,r,514
992000000,r,514
992000000,r,514
992000000,r,514
992000000,r,514
992000000,r,514
992000000,r,514
992000000,r,514
992000000,r,514
992000000,r,514
992000000,r,514
992000000,r,514
992000000,r,514
992000000,r,514
992000000,r,514
992000000,r,514
992000000,r,514
992000000,r,514
992000000,r,514
992000000,r,514
992000000,r,514
992000000,r,514
992000000,r,514
992000000,r,514
992000000,r,514
992000000,r,514
992000000,r,514
992000000,r,514
992000000,r,514
992000000,r,514
992000000,r,514
992000000,r,514
992000000,r,514
992000000,r,514
992000000,r,514
992000000,r,514
992000000,r,514
992000000,r,514
992000000,r,514
992000000,r,514
992000000,r,514
992000000,r,514
992000000,r,514
992000000,r,514
992000000,r,514
992000000,r,514
992000000,r,514
992000000,r,514
1000999999,s,514
1183200000,r,514
1183200000,r,514
1183200000,r,514
1183200000,r,514
1183200000,r,514
1183200000,r,514
1183200000,r,514
1183200000,r,514
1183200000,r,514
1183200000,r,514
1183200000,r,514
1189000000,r,514
1189000000,r,514
1189000000,r,514
1189000000,r,514
1189000000,r,514
1189000000,r,514
1189000000,r,514
1189000000,r,514
1189000000,r,514
1189000000,r,514
1189000000,r,514
1189000000,r,514
1189000000,r,514
1189000000,r,514
1189000000,r,514
1189000000,r,514
1189000000,r,514
1189000000,r,514
1189000000,r,514
1189000000,r,514
1189000000,r,514
1189000000,r,514
1189000000,r,514
1189000000,r,514
1189000000,r,514
1189000000,r,514
1189000000,r,514
1189000000,r,514
1189000000,r,514
1189000000,r,514
1189000000,r,514
1189000000,r,514
1189000000,r,514
1189000000,r,514
1189000000,r,514
1189000000,r,514
1189000000,r,514
1189000000,r,514
1189000000,r,514
1189000000,r,514
1189000000,r,514
1189000000,r,514
1189000000,r,514
1189000000,r,514
1189000000,r,514
1189000000,r,514
1189000000,r,514
1189000000,r,514
1189000000,r,514
1189000000,r,514
1189000000,r,514
1189000000,r,514
1189000000,r,514
1189000000,r,514
1189000000,r,514
1189000000,r,514
1189000000,r,514
1189000000,r,514
1189000000,r,514
1189000000,r,514
1189000000,r,514
1189100000,r,514
1189100000,r,514
1189100000,r,514
1189100000,r,514
1189100000,r,514
1189100000,r,514
1189100000,r,514
1189100000,r,514
1189100000,r,514
1189100000,r,514
1189100000,r,514
1189100000,r,514
1189100000,r,514
1189100000,r,514
1189100000,r,514
1189100000,r,514
1189100000,r,514
1189100000,r,514
1189100000,r,514
1189100000,r,514
1189100000,r,514
1189100000,r,514
1189100000,r,514
1189100000,r,514
1189100000,r,514
1189100000,r,514
1189100000,r,514
1189100000,r,514
1189100000,r,514
1189100000,r,514
1189100000,r,514
1189100000,r,514
1189100000,r,514
1189100000,r,514
1189100000,r,514
1189400000,s,514
1193000000,s,514
1193000000,s,514
1379300000,r,514
1379300000,r,514
1379300000,r,514
1379300000,r,514
1379300000,r,514
1379300000,r,514
1379300000,r,514
1379300000,r,514
1379300000,r,514
1379300000,r,514
1379300000,r,514
1379300000,r,514
1379300000,r,514
1379300000,r,514
1379300000,r,514
1379300000,r,514
1379300000,r,514
1379300000,r,514
1379300000,r,514
1379300000,r,514
1379300000,r,514
1379800000,s,514
1385500000,r,514
1385500000,r,514
1385500000,r,514
1385500000,r,514
1385500000,r,514
1385500000,r,514
1385500000,r,514
1385500000,r,514
1385500000,r,514
1385500000,r,514
1385500000,r,514
1385500000,r,514
1385500000,r,514
1385600000,r,514
1385600000,r,514
1385600000,r,514
1385600000,r,514
1385600000,r,514
1385600000,r,514
1385600000,r,514
1385600000,r,514
1385600000,r,514
1385600000,r,514
1385600000,r,514
1385600000,r,514
1385600000,r,514
1385600000,r,514
1385600000,r,514
1385600000,r,514
1385600000,r,514
1385600000,r,514
1385600000,r,514
1385600000,r,514
1385600000,r,514
1385600000,r,514
1385600000,r,514
1385600000,r,514
1385600000,r,514
1385600000,r,514
1385600000,r,514
1385600000,r,514
1385600000,r,514
1385600000,r,514
1385600000,r,514
1385600000,r,514
1385600000,r,514
1385600000,r,514
1385600000,r,514
1385600000,r,514
1385600000,r,514
1385600000,r,514
1385600000,r,514
1385600000,r,514
1385600000,r,514
1385600000,r,514
1385600000,r,514
1385600000,r,514
1385600000,r,514
1385600000,r,514
1385600000,r,514
1385600000,r,514
1385600000,r,514
1385600000,r,514
1385600000,r,514
1385600000,r,514
1385600000,r,514
1385600000,r,514
1385600000,r,514
1385600000,r,514
1385600000,r,514
1385600000,r,514
1385600000,r,514
1385600000,r,514
1385600000,r,514
1385800000,r,514
1385800000,r,514
1385800000,r,514
1385800000,r,514
1385800000,r,514
1385800000,r,514
1385800000,r,514
1385800000,r,514
1385800000,r,514
1385800000,r,514
1385800000,r,514
1385800000,r,514
1385800000,r,514
1385800000,r,514
1385800000,r,514
1385800000,r,514
1385800000,r,514
1385800000,r,514
1385800000,r,514
1385800000,r,514
1385800000,r,514
1385800000,r,514
1385800000,r,514
1385800000,r,514
1385800000,r,514
1385800000,r,514
1385800000,r,514
1385800000,r,514
1385800000,r,514
1385800000,r,514
1385800000,r,514
1385800000,r,514
1385900000,r,514
1385900000,r,514
1385900000,r,514
1385900000,r,514
1385900000,r,514
1385900000,r,514
1385900000,r,514
1385900000,r,514
1385900000,r,514
1385900000,r,514
1385900000,r,514
1385900000,r,514
1385900000,r,514
1385900000,r,514
1385900000,r,514
1385900000,r,514
1385900000,r,514
1385900000,r,514
1385900000,r,514
1385900000,r,514
1385900000,r,514
1385900000,r,514
1385900000,r,514
1385900000,r,514
1385900000,r,514
1385900000,r,514
1385900000,r,514
1385900000,r,514
1385900000,r,514
1385900000,r,514
1385900000,r,514
1385900000,r,514
1385900000,r,514
1385900000,r,514
1385900000,r,514
1385900000,r,514
1385900000,r,514
1385900000,r,514
1385900000,r,514
1385900000,r,514
1385900000,r,514
1385900000,r,514
1385900000,r,514
1385900000,r,514
1385900000,r,514
1385900000,r,514
1385900000,r,514
1385900000,r,514
1385900000,r,514
1385900000,r,514
1385900000,r,514
1385900000,r,514
1385900000,r,514
1385900000,r,514
1385900000,r,514
1385900000,r,514
1385900000,r,514
1385900000,r,514
1385900000,r,514
1385900000,r,514
1385900000,r,514
1385900000,r,514
1385900000,r,514
1385900000,r,514
1385900000,r,514
1385900000,r,514
1385900000,r,514
1385900000,r,514
1385900000,r,514
1385900000,r,514
1385900000,r,514
1385900000,r,514
1385900000,r,514
1386000000,s,514
1591600000,s,514
1591600000,s,514
1591600000,s,514
1591600000,s,514
1591600000,s,514
1792200000,s,514
1988800000,r,514
1989400000,s,514
2247600000,r,514
2248400000,s,514
2280100000,r,514
2280700000,s,514
2541700000,r,514
2586400000,r,514
2794600000,s,514
2994000000,r,514
2994800000,s,514
3279900000,s,514
3519100000,r,514
3520000000,s,514
3609500000,r,514
3611300000,s,514
3611300000,s,514
3661500000,s,514
3767400000,s,514
3802000000,s,514
3918900000,r,514
3947500000,r,514
3947500000,r,514
3947500000,r,514
3947500000,r,514
3947500000,r,514
3947500000,r,514
3947500000,r,514
3955100000,r,514
3955100000,r,514
4000600000,r,514
4001200000,s,514
4042600000,r,514
4042600000,r,514
4042600000,r,514
4042600000,r,514
4050000000,s,514
4053300000,s,514
4132900000,r,514
4134000000,s,514
4223300000,r,514
4226200000,s,514
4226200000,s,514
4336800000,s,514
4384200000,r,514
4384200000,r,514
4476000000,r,514
4476000000,r,514
4476000000,r,514
4484400000,s,514
4522700000,r,514
4522700000,r,514
4522700000,r,514
4522700000,r,514
4522700000,r,514
4522700000,r,514
4522700000,r,514
4531800000,r,514
4531800000,r,514
4566600000,r,514
4566600000,r,514
4566600000,r,514
4570000000,s,514
4612700000,s,514
4656900000,r,514
4656900000,r,514
4656900000,r,514
4656900000,r,514
4656900000,r,514
4656900000,r,514
4656900000,r,514
4681100000,r,514
4682400000,r,514
4684100000,s,514
4684100000,s,514
4724700000,s,514
4724700000,s,514
4726700000,r,514
4730600000,s,514
4807700000,s,514
4839300000,r,514
4839300000,r,514
4947800000,r,514
5008300000,r,514
5008300000,r,514
5008300000,r,514
5008300000,r,514
5008300000,r,514
5008300000,r,514
5008300000,r,514
5008300000,r,514
5009200000,s,514
5050500000,r,514
5050500000,r,514
5050500000,r,514
5050500000,r,514
5050500000,r,514
5050500000,r,514
5050500000,r,514
5050500000,r,514
5050500000,r,514
5050500000,r,514
5050500000,r,514
5050500000,r,514
5050500000,r,514
5050500000,r,514
5050500000,r,514
5050500000,r,514
5051400000,s,514
5096900000,r,514
5096900000,r,514
5096900000,r,514
5096900000,r,514
5096900000,r,514
5096900000,r,514
5113700000,s,514
5131300000,r,514
5431100000,r,514
5431900000,s,514
5706300000,r,514
5707100000,s,514
5754400000,r,514
5754400000,r,514
5757000000,s,514
5761800000,s,514
5802600000,s,514
5912500000,s,514
5999100000,r,514
5999700000,s,514
6071600000,r,514
6072000000,s,514
6123600000,r,514
6190900000,r,514
6222700000,r,514
6224300000,s,514
6224300000,s,514
6279000000,r,514
6279000000,r,514
6282800000,s,514
6454200000,s,514
6533700000,r,514
6533700000,r,514
6533700000,r,514
6533700000,r,514
6533700000,r,514
6533700000,r,514
6533700000,r,514
6538200000,r,514
6538200000,r,514
6627800000,r,514
6627800000,r,514
6630500000,s,514
6672700000,s,514
6808600000,s,514
6821600000,r,514
6822100000,s,514
6855300000,r,514
6857800000,s,514
6857800000,s,514
6945800000,r,514
7005200000,r,514
7005800000,s,514
7055400000,r,514
7055900000,s,514
7188900000,r,514
7200200000,s,514
7262800000,r,514
7262800000,r,514
7262800000,r,514
7262800000,r,514
7262800000,r,514
7262800000,r,514
7262800000,r,514
7386900000,r,514
7401500000,r,514
7401500000,r,514
7401500000,r,514
7405400000,s,514
7497800000,r,514
7500400000,s,514
7500400000,s,514
7770600000,r,514
7771700000,s,514
7820100000,s,514
7840000000,r,514
7840000000,r,514
7840000000,r,514
7840000000,r,514
7840000000,r,514
7840000000,r,514
7840000000,r,514
7848200000,s,514
7888700000,s,514
8017400000,r,514
8018300000,s,514
8069800000,r,514
8150000000,r,514
8150000000,r,514
8150700000,s,514
8238000000,r,514
8286899999,r,514
8286899999,r,514
8286899999,r,514
8286899999,r,514
8286899999,r,514
8286899999,r,514
8286899999,r,514
8286899999,r,514
8286899999,r,514
8286899999,r,514
8286899999,r,514
8286899999,r,514
8286899999,r,514
8286899999,r,514
8288700000,r,514
8288700000,r,514
8288700000,r,514
8288700000,r,514
8288700000,r,514
8288700000,r,514
8289300000,s,514
8328400000,r,514
8328400000,r,514
8328400000,r,514
8328400000,r,514
8328400000,r,514
8328400000,r,514
8328400000,r,514
8375900000,r,514
8375900000,r,514
8375900000,r,514
8375900000,r,514
8375900000,r,514
8379200000,r,514
8379200000,r,514
8379200000,r,514
8379200000,r,514
8379200000,r,514
8379200000,r,514
8379200000,r,514
8379200000,r,514
8379400000,s,514
8422800000,r,514
8422800000,r,514
8422800000,r,514
8422800000,r,514
8422800000,r,514
8422800000,r,514
8422800000,r,514
8422800000,r,514
8422800000,r,514
8422800000,r,514
8422800000,r,514
8422800000,r,514
8422800000,r,514
8422800000,r,514
8422800000,r,514
8422800000,r,514
8422800000,r,514
8422800000,r,514
8422800000,r,514
8422800000,r,514
8422800000,r,514
8422800000,r,514
8422800000,r,514
8422800000,r,514
8422800000,r,514
8422800000,r,514
8422800000,r,514
8422800000,r,514
8422800000,r,514
8422800000,r,514
8422800000,r,514
8422800000,r,514
8422800000,r,514
8422800000,r,514
8422800000,r,514
8422800000,r,514
8422800000,r,514
8422800000,r,514
8422800000,r,514
8422800000,r,514
8422800000,r,514
8422800000,r,514
8422800000,r,514
8422800000,r,514
8466600000,r,514
8466600000,r,514
8466600000,r,514
8466600000,r,514
8466600000,r,514
8466600000,r,514
8466600000,r,514
8466900000,s,514
8468800000,r,514
8468800000,r,514
8468800000,r,514
8468800000,r,514
8468800000,r,514
8482900000,r,514
8482900000,r,514
8482900000,r,514
8482900000,r,514
8482900000,r,514
8482900000,r,514
8482900000,r,514
8482900000,r,514
8482900000,r,514
8482900000,r,514
8485500000,r,514
8485500000,r,514
8485500000,r,514
8485500000,r,514
8485500000,r,514
8485500000,r,514
8485500000,r,514
8485500000,r,514
8485500000,r,514
8485500000,r,514
8485500000,r,514
8485500000,r,514
8485500000,r,514
8485500000,r,514
8485500000,r,514
8485500000,r,514
8485500000,r,514
8485500000,r,514
8485500000,r,514
8485500000,r,514
8485500000,r,514
8485500000,r,514
8485500000,r,514
8485500000,r,514
8485500000,r,514
8485500000,r,514
8485500000,r,514
8485500000,r,514
8485500000,r,514
8485500000,r,514
8485500000,r,514
8485500000,r,514
8485500000,r,514
8485500000,r,514
8485500000,r,514
8485500000,r,514
8485500000,r,514
8486000000,s,514
8524500000,r,514
8524500000,r,514
8524500000,r,514
8524500000,r,514
8524500000,r,514
8524500000,r,514
8524500000,r,514
8524500000,r,514
8524500000,r,514
8524500000,r,514
8524500000,r,514
8524500000,r,514
8524500000,r,514
8524500000,r,514
8524500000,r,514
8524500000,r,514
8524599999,s,514
8572100000,r,514
8572100000,r,514
8572100000,r,514
8572100000,r,514
8572100000,r,514
8572100000,r,514
8572100000,r,514
8572100000,r,514
8572100000,r,514
8572100000,r,514
8572100000,r,514
8576000000,r,514
8576000000,r,514
8576000000,r,514
8576000000,r,514
8576000000,r,514
8576000000,r,514
8576000000,r,514
8576000000,r,514
8576000000,r,514
8576000000,r,514
8576000000,r,514
8576000000,r,514
8576000000,r,514
8576000000,r,514
8576000000,r,514
8576000000,r,514
8618900000,r,514
8618900000,r,514
8619300000,s,514
8817200000,r,514
8818000000,s,514
8902200000,r,514
8902900000,s,514
9226700000,r,514
9226700000,r,514
9229200000,s,514
9232800000,s,514
9307400000,r,514
9638600000,r,514
9639100000,s,514
9777000000,r,514
9837400000,r,514
9837400000,r,514
9955500000,r,514
9955500000,r,514
9955500000,r,514
9955500000,r,514
9955500000,r,514
9956300000,s,514
9966600000,r,514
9966600000,r,514
10337000000,s,514
10761500000,r,514
10763800000,s,514
10763800000,s,514
10812200000,s,514
11008800000,r,514
11009400000,s,514
11185300000,r,514
11185300000,r,514
11185300000,r,514
11316700000,r,514
11316700000,r,514
11316700000,r,514
11316700000,r,514
11316700000,r,514
11316700000,r,514
11316700000,r,514
11322800000,s,514
11736500000,r,514
11737300000,s,514
11767400000,r,514
11768000000,s,514
12077100000,r,514
12192900000,r,514
12192900000,r,514
12196100000,s,514
12196100000,s,514
12610700000,r,514
12610700000,r,514
12611300000,s,514
12693500000,r,514
12693500000,r,514
12775500000,r,514
12775500000,r,514
12776200000,s,514
12951700000,s,514
13387500000,r,514
13387500000,r,514
13387500000,r,514
13388400000,s,514
13567800000,s,514
13975600000,r,514
13975600000,r,514
13976400000,s,514
14133400000,s,514
14560800000,r,514
14560800000,r,514
14560800000,r,514
14560800000,r,514
14560800000,r,514
14560800000,r,514
14560800000,r,514
14562800000,r,514
14562800000,r,514
14562800000,r,514
14562800000,r,514
14562800000,r,514
14562800000,r,514
14562800000,r,514
14562800000,r,514
14562800000,r,514
14562800000,r,514
14562800000,r,514
14562800000,r,514
14562800000,r,514
14622000000,r,514
14622000000,r,514
14622000000,r,514
14756800000,r,514
14756800000,r,514
14756800000,r,514
14756800000,r,514
14756800000,r,514
14756800000,r,514
14756800000,r,514
14757500000,s,514
14761000000,s,514
14886800000,s,514
14888800000,s,514
14888800000,s,514
14888800000,s,514
14888800000,s,514
14906600000,s,514
14909600000,s,514
14909600000,s,514
14909600000,s,514
15327000000,r,514
15327000000,r,514
15327000000,r,514
15327000000,r,514
15327000000,r,514
15327200000,r,514
15344000000,r,514
15344000000,r,514
15344000000,r,514
15344000000,r,514
15344000000,r,514
15344000000,r,514
15344000000,r,514
15344000000,r,514
15346600000,r,514
15346600000,r,514
15346600000,r,514
15346600000,r,514
15347200000,s,514
15381100000,r,514
15381100000,r,514
15381100000,r,514
15383700000,s,514
15383700000,s,514
15385600000,s,514
15385600000,s,514
15386700000,s,514
15386700000,s,514
15526600000,r,514
15526600000,r,514
15526600000,r,514
15526600000,r,514
15526600000,r,514
15526600000,r,514
15526600000,r,514
15526600000,r,514
15526600000,r,514
15526600000,r,514
15526600000,r,514
15540200000,r,514
15540200000,r,514
15540200000,r,514
15540200000,r,514
15540200000,r,514
15540200000,r,514
15540200000,r,514
15540200000,r,514
15540200000,r,514
15594800000,r,514
15594800000,r,514
15594800000,r,514
15596800000,s,514
15596800000,s,514
15599600000,s,514
15599600000,s,514
15600600000,s,514
15600600000,s,514
15811300000,r,514
15811300000,r,514
15811300000,r,514
15811300000,r,514
15811300000,r,514
15811300000,r,514
15811300000,r,514
15811600000,s,514
15928600000,r,514
15928600000,r,514
15928600000,r,514
15928600000,r,514
15928600000,r,514
15928600000,r,514
15928600000,r,514
15940600000,r,514
15940600000,r,514
15940600000,r,514
15940600000,r,514
15940600000,r,514
15940600000,r,514
15940600000,r,514
15940600000,r,514
15944300000,s,514
15947000000,r,514
15947000000,r,514
15947000000,r,514
15947000000,r,514
15947000000,r,514
15947000000,r,514
15947000000,r,514
15947000000,r,514
15947100000,r,514
15947100000,r,514
15947100000,r,514
15947100000,r,514
15947100000,r,514
15947100000,r,514
15947100000,r,514
15947100000,r,514
15951100000,s,514
15990100000,r,514
15990100000,r,514
15990100000,r,514
15990100000,r,514
15990100000,r,514
15990100000,r,514
15990100000,r,514
15990100000,r,514
15995000000,r,514
15995000000,r,514
15998600000,s,514
16073200000,r,514
16073200000,r,514
16073200000,r,514
16073200000,r,514
16073200000,r,514
16073200000,r,514
16073200000,r,514
16074900000,r,514
16074900000,r,514
16074900000,r,514
16074900000,r,514
16074900000,r,514
16074900000,r,514
16074900000,r,514
16074900000,r,514
16074900000,r,514
16074900000,r,514
16074900000,r,514
16074900000,r,514
16074900000,r,514
16078000000,s,514
16124600000,r,514
16124600000,r,514
16124600000,r,514
16124600000,r,514
16124600000,r,514
16124600000,r,514
16124600000,r,514
16124600000,r,514
16124600000,r,514
16124600000,r,514
16124600000,r,514
16124600000,r,514
16124600000,r,514
16124600000,r,514
16124600000,r,514
16129400000,s,514
16137500000,r,514
16137500000,r,514
16137500000,r,514
16139500000,r,514
16344800000,r,514
16346800000,s,514
16346800000,s,514
16525099999,r,514
16525099999,r,514
16525800000,s,514
16528099999,s,514
16528800000,s,514
16528800000,s,514
16533400000,s,514
16533400000,s,514
16533400000,s,514
16533400000,s,514
16533400000,s,514
16533400000,s,514
16533400000,s,514
16533400000,s,514
16533400000,s,514
16533400000,s,514
16533400000,s,514
16533400000,s,514
16533400000,s,514
16533400000,s,514
16533400000,s,514
16533400000,s,514
16533400000,s,514
16533400000,s,514
16533400000,s,514
16533400000,s,514
16533400000,s,514
16533400000,s,514
16533400000,s,514
16533800000,s,514
16533800000,s,514
16533800000,s,514
16533800000,s,514
16537500000,s,514
16537500000,s,514
16537500000,s,514
16537500000,s,514
16537500000,s,514
16537500000,s,514
16537500000,s,514
16537500000,s,514
16537500000,s,514
16537500000,s,514
16537500000,s,514
16537500000,s,514
16537500000,s,514
16537500000,s,514
16537500000,s,514
17259000000,r,514
17259000000,r,514
17259000000,r,514
17259000000,r,514
17259000000,r,514
17259000000,r,514
17259000000,r,514
17263300000,s,514
17302600000,r,514
17302600000,r,514
17302600000,r,514
17302600000,r,514
17302600000,r,514
17302600000,r,514
17302600000,r,514
17302600000,r,514
17302600000,r,514
17302600000,r,514
17302600000,r,514
17302900000,s,514
17305300000,s,514
17322900000,r,514
17322900000,r,514
17322900000,r,514
17322900000,r,514
17322900000,r,514
17322900000,r,514
17322900000,r,514
17323500000,s,514
17397700000,r,514
17397700000,r,514
17397700000,r,514
17397700000,r,514
17397700000,r,514
17397700000,r,514
17397700000,r,514
17399000000,r,514
17399000000,r,514
17399000000,r,514
17399000000,r,514
17399000000,r,514
17399000000,r,514
17399000000,r,514
17399000000,r,514
17399100000,r,514
17399100000,r,514
17399100000,r,514
17399100000,r,514
17399100000,r,514
17399100000,r,514
17399100000,r,514
17399100000,r,514
17399400000,s,514
17406800000,r,514
17406800000,r,514
17406800000,r,514
17406800000,r,514
17406800000,r,514
17406800000,r,514
17406800000,r,514
17406800000,r,514
17407400000,s,514
17407900000,r,514
17407900000,r,514
17407900000,r,514
17407900000,r,514
17407900000,r,514
17407900000,r,514
17407900000,r,514
17407900000,r,514
17407900000,r,514
17407900000,r,514
17407900000,r,514
17407900000,r,514
17407900000,r,514
17407900000,r,514
17408900000,s,514
17424800000,r,514
17424800000,r,514
17424800000,r,514
17424900000,s,514
17424900000,s,514
17424900000,s,514
17424900000,s,514
17455000000,r,514
17455000000,r,514
17455000000,r,514
17455000000,r,514
17455000000,r,514
17535400000,r,514
17535400000,r,514
17535400000,r,514
17535400000,r,514
17535400000,r,514
17535400000,r,514
17535400000,r,514
17539100000,r,514
17539100000,r,514
17539100000,r,514
17539100000,r,514
17539100000,r,514
17539100000,r,514
17539100000,r,514
17539100000,r,514
17582800000,r,514
17582800000,r,514
17582800000,r,514
17582800000,r,514
17582800000,r,514
17582800000,r,514
17582800000,r,514
17582800000,r,514
17582800000,r,514
17582800000,r,514
17582800000,r,514
17582800000,r,514
17582800000,r,514
17582800000,r,514
17582800000,r,514
17582800000,r,514
17582800000,r,514
17582800000,r,514
17582800000,r,514
17582800000,r,514
17582800000,r,514
17582800000,r,514
17582800000,r,514
17582800000,r,514
17582800000,r,514
17582800000,r,514
17582800000,r,514
17582800000,r,514
17582800000,r,514
17582800000,r,514
17582800000,r,514
17582800000,r,514
17582800000,r,514
17582800000,r,514
17582800000,r,514
17582800000,r,514
17582800000,r,514
17583300000,s,514
17583300000,s,514
17593800000,r,514
17593800000,r,514
17593800000,r,514
17593800000,r,514
17593800000,r,514
17593800000,r,514
17593800000,r,514
17593800000,r,514
17593800000,r,514
17593800000,r,514
17593800000,r,514
17593800000,r,514
17593800000,r,514
17593900000,r,514
17593900000,r,514
17593900000,r,514
17594300000,s,514
17595200000,r,514
17595200000,r,514
17595200000,r,514
17595200000,r,514
17595200000,r,514
17595200000,r,514
17595200000,r,514
17595200000,r,514
17595200000,r,514
17595200000,r,514
17595200000,r,514
17595200000,r,514
17595200000,r,514
17595200000,r,514
17595200000,r,514
17595200000,r,514
17595200000,r,514
17595200000,r,514
17595200000,r,514
17595200000,r,514
17595200000,r,514
17595200000,r,514
17595200000,r,514
17595200000,r,514
17595200000,r,514
17595200000,r,514
17595200000,r,514
17595200000,r,514
17595200000,r,514
17595200000,r,514
17595200000,r,514
17595200000,r,514
17603000000,r,514
17603000000,r,514
17603000000,r,514
17603000000,r,514
17603000000,r,514
17603000000,r,514
17603000000,r,514
17603000000,r,514
17603000000,r,514
17603000000,r,514
17603000000,r,514
17603000000,r,514
17603500000,s,514
17675400000,r,514
17675400000,r,514
17675400000,r,514
17675400000,r,514
17675400000,r,514
17675400000,r,514
17675400000,r,514
17683000000,r,514
17683000000,r,514
17683000000,r,514
17683000000,r,514
17683000000,r,514
17683000000,r,514
17683000000,r,514
17683000000,r,514
17683100000,r,514
17683100000,r,514
17683100000,r,514
17683100000,r,514
17683100000,r,514
17683100000,r,514
17683100000,r,514
17683100000,r,514
17683100000,r,514
17683100000,r,514
17683100000,r,514
17683100000,r,514
17683100000,r,514
17683100000,r,514
17683100000,r,514
17683100000,r,514
17683100000,r,514
17683100000,r,514
17683100000,r,514
17683100000,r,514
17683100000,r,514
17683100000,r,514
17683100000,r,514
17683100000,r,514
17683100000,r,514
17683100000,r,514
17683100000,r,514
17683100000,r,514
17683100000,r,514
17683100000,r,514
17683100000,r,514
17683100000,r,514
17683100000,r,514
17683100000,r,514
17683100000,r,514
17683400000,s,514
17732400000,r,514
17732400000,r,514
17732400000,r,514
17732400000,r,514
17732400000,r,514
17732400000,r,514
17732400000,r,514
17732400000,r,514
17732400000,r,514
17732400000,r,514
17732400000,r,514
17732400000,r,514
17732400000,r,514
17732400000,r,514
17732400000,r,514
17732400000,r,514
17732800000,s,514
17735600000,r,514
17735600000,r,514
17735600000,r,514
17735600000,r,514
17735600000,r,514
17735600000,r,514
17735600000,r,514
17735600000,r,514
17735600000,r,514
17735600000,r,514
17735600000,r,514
17735600000,r,514
17735600000,r,514
17735600000,r,514
17735600000,r,514
17735600000,r,514
17779700000,r,514
17779700000,r,514
17779700000,r,514
17779700000,r,514
17779700000,r,514
17779700000,r,514
17779700000,r,514
17779700000,r,514
17779700000,r,514
17779700000,r,514
17779700000,r,514
17779700000,r,514
17779700000,r,514
17779700000,r,514
17779700000,r,514
17779700000,r,514
17779700000,r,514
17779700000,r,514
17779700000,r,514
17779700000,r,514
17779700000,r,514
17779700000,r,514
17779700000,r,514
17779700000,r,514
17779700000,r,514
17779700000,r,514
17779700000,r,514
17779700000,r,514
17779700000,r,514
17779700000,r,514
17779700000,r,514
17779700000,r,514
17779700000,r,514
17779700000,r,514
17779700000,r,514
17779700000,r,514
17779700000,r,514
17779700000,r,514
17779700000,r,514
17779700000,r,514
17779700000,r,514
17779700000,r,514
17779700000,r,514
17779700000,r,514
17779700000,r,514
17779700000,r,514
17779700000,r,514
17779700000,r,514
17779700000,r,514
17779700000,r,514
17779700000,r,514
17779700000,r,514
17779700000,r,514
17779700000,r,514
17779700000,r,514
17779700000,r,514
17779700000,r,514
17779700000,r,514
17779700000,r,514
17779700000,r,514
17779700000,r,514
17779800000,r,514
17779800000,r,514
17779800000,r,514
17779800000,r,514
17779800000,r,514
17779800000,r,514
17779800000,r,514
17779800000,r,514
17779800000,r,514
17779800000,r,514
17779800000,r,514
17779800000,r,514
17779800000,r,514
17780400000,s,514
17780400000,s,514
17790000000,r,514
17790000000,r,514
17790000000,r,514
17790000000,r,514
17790000000,r,514
17790000000,r,514
17790000000,r,514
17790000000,r,514
17790000000,r,514
17790000000,r,514
17790000000,r,514
17790000000,r,514
17790000000,r,514
17790000000,r,514
17790000000,r,514
17790000000,r,514
17790000000,r,514
17790000000,r,514
17790000000,r,514
17790000000,r,514
17790000000,r,514
17790000000,r,514
17790000000,r,514
17790000000,r,514
17790100000,s,514
17790600000,r,514
17790600000,r,514
17790600000,r,514
17790600000,r,514
17790600000,r,514
17791800000,r,514
17791800000,r,514
17791800000,r,514
17791800000,r,514
17791800000,r,514
17791800000,r,514
17791800000,r,514
17791800000,r,514
17791800000,r,514
17791800000,r,514
17791800000,r,514
17791800000,r,514
17791800000,r,514
17791800000,r,514
17791800000,r,514
17791800000,r,514
17791800000,r,514
17791800000,r,514
17791800000,r,514
17791800000,r,514
17791800000,r,514
17791800000,r,514
17791800000,r,514
17791800000,r,514
17791800000,r,514
17791800000,r,514
17791800000,r,514
17791800000,r,514
17791800000,r,514
17791800000,r,514
17792200000,s,514
17792200000,s,514
17812800000,r,514
17812800000,r,514
17812800000,r,514
17812800000,r,514
17812800000,r,514
17812800000,r,514
17812800000,r,514
17814000000,r,514
17814000000,r,514
17814000000,r,514
17814000000,r,514
17814000000,r,514
17814000000,r,514
17814000000,r,514
17814000000,r,514
17814200000,r,514
17814200000,r,514
17814200000,r,514
17814200000,r,514
17814200000,r,514
17814200000,r,514
17814200000,r,514
17814200000,r,514
17855100000,r,514
17855100000,r,514
17855100000,r,514
17855100000,r,514
17855100000,r,514
17855100000,r,514
17855100000,r,514
17855100000,r,514
17855100000,r,514
17855100000,r,514
17855100000,r,514
17855100000,r,514
17855100000,r,514
17855100000,r,514
17855100000,r,514
17855100000,r,514
17855100000,r,514
17855100000,r,514
17855100000,r,514
17855100000,r,514
17855100000,r,514
17855100000,r,514
17855100000,r,514
17855100000,r,514
17855100000,r,514
17855100000,r,514
17855100000,r,514
17855100000,r,514
17855100000,r,514
17855100000,r,514
17855100000,r,514
17855100000,r,514
17855100000,r,514
17855100000,r,514
17855100000,r,514
17855100000,r,514
17855100000,r,514
17855600000,s,514
17872100000,r,514
17872100000,r,514
17872100000,r,514
17872100000,r,514
17872100000,r,514
17872100000,r,514
17872100000,r,514
17872100000,r,514
17872100000,r,514
17872100000,r,514
17872100000,r,514
17872100000,r,514
17872100000,r,514
17872100000,r,514
17872100000,r,514
17872100000,r,514
17879500000,r,514
17879500000,r,514
17879500000,r,514
17879500000,r,514
17879500000,r,514
17879500000,r,514
17879500000,r,514
17879500000,r,514
17879500000,r,514
17879500000,r,514
17879500000,r,514
17879600000,r,514
17879600000,r,514
17879600000,r,514
17879600000,r,514
17879600000,r,514
17879600000,r,514
17879600000,r,514
17879600000,r,514
17879600000,r,514
17879600000,r,514
17879600000,r,514
17879600000,r,514
17879600000,r,514
17879600000,r,514
17879600000,r,514
17879600000,r,514
17879600000,r,514
17879600000,r,514
17879600000,r,514
17879600000,r,514
17879600000,r,514
17879600000,r,514
17879600000,r,514
17879600000,r,514
17879600000,r,514
17879900000,r,514
17879900000,r,514
17879900000,r,514
17879900000,r,514
17879900000,r,514
17879900000,r,514
17879900000,r,514
17879900000,r,514
17879900000,r,514
17880000000,s,514
17880000000,s,514
17881600000,s,514
17934300000,r,514
17934300000,r,514
17934300000,r,514
17934600000,s,514
17994900000,r,514
17994900000,r,514
17994900000,r,514
17995700000,s,514
18036700000,s,514
18036700000,s,514
18036700000,s,514
18036700000,s,514
18036700000,s,514
18057900000,r,514
18057900000,r,514
18058700000,s,514
18077500000,s,514
18082600000,r,514
18082600000,r,514
18082600000,r,514
18082600000,r,514
18082600000,r,514
18082600000,r,514
18082600000,r,514
18082600000,r,514
18082700000,s,514
18095100000,r,514
18095100000,r,514
18095100000,r,514
18095100000,r,514
18095100000,r,514
18095100000,r,514
18095100000,r,514
18095100000,r,514
18095100000,r,514
18095100000,r,514
18095100000,r,514
18095100000,r,514
18095100000,r,514
18095100000,r,514
18095100000,r,514
18095100000,r,514
18095100000,r,514
18095100000,r,514
18095100000,r,514
18095100000,r,514
18095100000,r,514
18095100000,r,514
18095100000,r,514
18095100000,r,514
18095100000,r,514
18095100000,r,514
18095100000,r,514
18095100000,r,514
18095100000,r,514
18095100000,r,514
18095100000,r,514
18095100000,r,514
18095100000,r,514
18095100000,r,514
18095100000,r,514
18095100000,r,514
18095100000,r,514
18095100000,r,514
18095100000,r,514
18095100000,r,514
18095100000,r,514
18095100000,r,514
18095100000,r,514
18095100000,r,514
18095100000,r,514
18095100000,r,514
18095100000,r,514
18095100000,r,514
18095100000,r,514
18095100000,r,514
18095100000,r,514
18095100000,r,514
18095100000,r,514
18095100000,r,514
18095100000,r,514
18095100000,r,514
18095100000,r,514
18095100000,r,514
18095100000,r,514
18095100000,r,514
18095100000,r,514
18095200000,r,514
18095200000,r,514
18095200000,r,514
18095200000,r,514
18095200000,r,514
18095200000,r,514
18095200000,r,514
18095200000,r,514
18095200000,r,514
18095200000,r,514
18095200000,r,514
18095200000,r,514
18095200000,r,514
18095200000,r,514
18095200000,r,514
18095200000,r,514
18095200000,r,514
18095200000,r,514
18095200000,r,514
18095200000,r,514
18095200000,r,514
18095200000,r,514
18095200000,r,514
18095200000,r,514
18095200000,r,514
18095200000,r,514
18095200000,r,514
18095200000,r,514
18095200000,r,514
18095200000,r,514
18095200000,r,514
18095200000,r,514
18095200000,r,514
18095200000,r,514
18095200000,r,514
18095200000,r,514
18095200000,r,514
18095200000,r,514
18095200000,r,514
18095200000,r,514
18095200000,r,514
18095200000,r,514
18095200000,r,514
18095200000,r,514
18095200000,r,514
18095200000,r,514
18095200000,r,514
18095200000,r,514
18095200000,r,514
18095200000,r,514
18095200000,r,514
18095200000,r,514
18095200000,r,514
18095200000,r,514
18095200000,r,514
18095200000,r,514
18095200000,r,514
18095200000,r,514
18095200000,r,514
18095200000,r,514
18095200000,r,514
18095300000,r,514
18095300000,r,514
18095300000,r,514
18095300000,r,514
18096300000,s,514
18131500000,r,514
18131500000,r,514
18131500000,r,514
18131500000,r,514
18131500000,r,514
18131500000,r,514
18131500000,r,514
18131500000,r,514
18131500000,r,514
18131500000,r,514
18131700000,s,514
18131700000,s,514
18131700000,s,514
18172700000,s,514
18172700000,s,514
18172700000,s,514
18172700000,s,514
18190600000,r,514
18190600000,r,514
18190600000,r,514
18190600000,r,514
18190600000,r,514
18190600000,r,514
18190600000,r,514
18191800000,s,514
18192000000,r,514
18192000000,r,514
18192000000,r,514
18192000000,r,514
18192000000,r,514
18192000000,r,514
18192000000,r,514
18192000000,r,514
18192000000,r,514
18192000000,r,514
18192000000,r,514
18192000000,r,514
18192000000,r,514
18192000000,r,514
18192000000,r,514
18233000000,r,514
18233000000,r,514
18233000000,r,514
18233000000,r,514
18233000000,r,514
18233000000,r,514
18233000000,r,514
18233000000,r,514
18233000000,r,514
18233000000,r,514
18233000000,r,514
18233000000,r,514
18233000000,r,514
18233000000,r,514
18233000000,r,514
18233000000,r,514
18233000000,r,514
18233000000,r,514
18233000000,r,514
18233000000,r,514
18233000000,r,514
18233000000,r,514
18233000000,r,514
18233000000,r,514
18233000000,r,514
18233000000,r,514
18233000000,r,514
18233000000,r,514
18233000000,r,514
18233000000,r,514
18233000000,r,514
18233000000,r,514
18233000000,r,514
18233000000,r,514
18233000000,r,514
18233000000,r,514
18233000000,r,514
18233000000,r,514
18233000000,r,514
18233000000,r,514
18233000000,r,514
18233000000,r,514
18233000000,r,514
18233000000,r,514
18233000000,r,514
18233000000,r,514
18233000000,r,514
18233000000,r,514
18233000000,r,514
18233000000,r,514
18233000000,r,514
18233000000,r,514
18233000000,r,514
18233000000,r,514
18233000000,r,514
18233000000,r,514
18233000000,r,514
18233000000,r,514
18233000000,r,514
18233000000,r,514
18233000000,r,514
18233100000,r,514
18233100000,r,514
18233100000,r,514
18233100000,r,514
18233100000,r,514
18233100000,r,514
18233100000,r,514
18233100000,r,514
18233100000,r,514
18233100000,r,514
18233100000,r,514
18233100000,r,514
18233100000,r,514
18233100000,r,514
18233100000,r,514
18233100000,r,514
18233100000,r,514
18233500000,s,514
18256600000,r,514
18256600000,r,514
18256600000,r,514
18256600000,r,514
18256600000,r,514
18256600000,r,514
18256600000,r,514
18256600000,r,514
18256600000,r,514
18256600000,r,514
18256600000,r,514
18256600000,r,514
18256600000,r,514
18256600000,r,514
18256600000,r,514
18256600000,r,514
18256600000,r,514
18256600000,r,514
18256600000,r,514
18256600000,r,514
18256600000,r,514
18256600000,r,514
18256600000,r,514
18256600000,r,514
18256600000,r,514
18256600000,r,514
18256600000,r,514
18256600000,r,514
18256600000,r,514
18256600000,r,514
18256600000,r,514
18256600000,r,514
18256600000,r,514
18256600000,r,514
18256600000,r,514
18256600000,r,514
18256600000,r,514
18256600000,r,514
18256600000,r,514
18256600000,r,514
18256600000,r,514
18256600000,r,514
18256600000,r,514
18256600000,r,514
18256600000,r,514
18256600000,r,514
18256600000,r,514
18256600000,r,514
18256600000,r,514
18256600000,r,514
18256600000,r,514
18256600000,r,514
18256600000,r,514
18256600000,r,514
18256600000,r,514
18256600000,r,514
18256600000,r,514
18256600000,r,514
18256600000,r,514
18256600000,r,514
18256600000,r,514
18256700000,r,514
18256700000,r,514
18256700000,r,514
18256700000,r,514
18256700000,r,514
18256700000,r,514
18256700000,r,514
18256700000,r,514
18256700000,r,514
18256700000,r,514
18256700000,r,514
18256700000,r,514
18256700000,r,514
18256700000,r,514
18256700000,r,514
18256700000,r,514
18256700000,r,514
18256700000,r,514
18256700000,r,514
18256700000,r,514
18256700000,r,514
18256700000,r,514
18256700000,r,514
18256700000,r,514
18256700000,r,514
18256700000,r,514
18256700000,r,514
18256700000,r,514
18256700000,r,514
18256700000,r,514
18256700000,r,514
18256700000,r,514
18256800000,s,514
18256800000,s,514
18257100000,s,514
18300700000,s,514
18322500000,r,514
18322500000,r,514
18322500000,r,514
18322500000,r,514
18322500000,r,514
18322500000,r,514
18322500000,r,514
18322900000,s,514
18327600000,r,514
18327600000,r,514
18327600000,r,514
18327600000,r,514
18327600000,r,514
18327600000,r,514
18327600000,r,514
18327600000,r,514
18327700000,r,514
18327700000,r,514
18327700000,r,514
18327700000,r,514
18327700000,r,514
18327700000,r,514
18327700000,r,514
18327700000,r,514
18368800000,r,514
18368800000,r,514
18368800000,r,514
18368800000,r,514
18368800000,r,514
18368800000,r,514
18368800000,r,514
18368800000,r,514
18368800000,r,514
18368800000,r,514
18368800000,r,514
18368800000,r,514
18368800000,r,514
18368800000,r,514
18368800000,r,514
18368800000,r,514
18368800000,r,514
18368800000,r,514
18368800000,r,514
18369300000,s,514
18388300000,r,514
18388300000,r,514
18388300000,r,514
18388300000,r,514
18388300000,r,514
18388300000,r,514
18388300000,r,514
18388300000,r,514
18388300000,r,514
18388300000,r,514
18388300000,r,514
18388300000,r,514
18388300000,r,514
18388300000,r,514
18388300000,r,514
18388300000,r,514
18388300000,r,514
18388300000,r,514
18388300000,r,514
18388300000,r,514
18388300000,r,514
18388300000,r,514
18388300000,r,514
18388300000,r,514
18388300000,r,514
18388300000,r,514
18388300000,r,514
18388300000,r,514
18388300000,r,514
18388300000,r,514
18388300000,r,514
18388300000,r,514
18388300000,r,514
18388300000,r,514
18388300000,r,514
18388300000,r,514
18388300000,r,514
18388300000,r,514
18388300000,r,514
18388300000,r,514
18388300000,r,514
18388300000,r,514
18388300000,r,514
18388300000,r,514
18388300000,r,514
18388300000,r,514
18388300000,r,514
18388300000,r,514
18388300000,r,514
18388300000,r,514
18388300000,r,514
18388300000,r,514
18388300000,r,514
18388900000,s,514
18447600000,r,514
18447600000,r,514
18447600000,r,514
18447600000,r,514
18447600000,r,514
18447600000,r,514
18447600000,r,514
18447600000,r,514
18447600000,r,514
18447600000,r,514
18447600000,r,514
18447600000,r,514
18447600000,r,514
18447600000,r,514
18447600000,r,514
18448000000,s,514
18453100000,r,514
18453100000,r,514
18453100000,r,514
18453100000,r,514
18453100000,r,514
18453100000,r,514
18453100000,r,514
18453100000,r,514
18459200000,r,514
18459200000,r,514
18459200000,r,514
18459200000,r,514
18459200000,r,514
18459200000,r,514
18459200000,r,514
18459200000,r,514
18459200000,r,514
18459200000,r,514
18459200000,r,514
18459200000,r,514
18459200000,r,514
18459200000,r,514
18459200000,r,514
18459200000,r,514
18459200000,r,514
18459200000,r,514
18459200000,r,514
18459200000,r,514
18459200000,r,514
18459200000,r,514
18459200000,r,514
18459200000,r,514
18459200000,r,514
18459200000,r,514
18459200000,r,514
18459200000,r,514
18459200000,r,514
18459600000,s,514
18461500000,r,514
18461500000,r,514
18506700000,r,514
18506700000,r,514
18506700000,r,514
18506700000,r,514
18507100000,s,514
18519200000,r,514
18519200000,r,514
18565500000,r,514
18566100000,s,514
18572500000,r,514
18572500000,r,514
18572500000,r,514
18572500000,r,514
18572500000,r,514
18572500000,r,514
18572500000,r,514
18574700000,s,514
18574900000,r,514
18574900000,r,514
18574900000,r,514
18574900000,r,514
18574900000,r,514
18574900000,r,514
18574900000,r,514
18574900000,r,514
18574900000,r,514
18574900000,r,514
18574900000,r,514
18574900000,r,514
18574900000,r,514
18574900000,r,514
18574900000,r,514
18574900000,r,514
18574900000,r,514
18574900000,r,514
18575000000,r,514
18575000000,r,514
18575000000,r,514
18575000000,r,514
18575000000,r,514
18575000000,r,514
18575000000,r,514
18575000000,r,514
18575000000,r,514
18575000000,r,514
18575000000,r,514
18575000000,r,514
18575000000,r,514
18575000000,r,514
18575000000,r,514
18575000000,r,514
18575000000,r,514
18575000000,r,514
18575000000,r,514
18575000000,r,514
18576700000,s,514
18579500000,r,514
18579500000,r,514
18579500000,r,514
18579500000,r,514
18579500000,r,514
18579500000,r,514
18579500000,r,514
18579500000,r,514
18579500000,r,514
18579500000,r,514
18579500000,r,514
18579500000,r,514
18579500000,r,514
18579500000,r,514
18579500000,r,514
18579800000,s,514
18584800000,r,514
18584800000,r,514
18584800000,r,514
18584800000,r,514
18585100000,s,514
18587600000,r,514
18587600000,r,514
18587600000,r,514
18587600000,r,514
18587600000,r,514
18587600000,r,514
18587600000,r,514
18588200000,s,514
18589800000,r,514
18589800000,r,514
18589800000,r,514
18589800000,r,514
18589800000,r,514
18589800000,r,514
18589800000,r,514
18589800000,r,514
18589800000,r,514
18589800000,r,514
18589800000,r,514
18589800000,r,514
18589800000,r,514
18589800000,r,514
18589800000,r,514
18589800000,r,514
18589800000,r,514
18589800000,r,514
18589800000,r,514
18589800000,r,514
18589800000,r,514
18589800000,r,514
18589800000,r,514
18589800000,r,514
18589800000,r,514
18589800000,r,514
18589800000,r,514
18589800000,r,514
18589800000,r,514
18589800000,r,514
18589800000,r,514
18589800000,r,514
18589800000,r,514
18589800000,r,514
18591700000,r,514
18591700000,r,514
18591700000,r,514
18591700000,r,514
18630800000,r,514
18630800000,r,514
18630800000,r,514
18630800000,r,514
18630800000,r,514
18630800000,r,514
18630800000,r,514
18631100000,s,514
18672900000,r,514
18672900000,r,514
18672900000,r,514
18672900000,r,514
18672900000,r,514
18672900000,r,514
18672900000,r,514
18672900000,r,514
18703300000,r,514
18703300000,r,514
18703300000,r,514
18703300000,r,514
18703300000,r,514
18703300000,r,514
18703300000,r,514
18703300000,r,514
18703300000,r,514
18703300000,r,514
18703300000,r,514
18703300000,r,514
18703300000,r,514
18703300000,r,514
18703300000,r,514
18703300000,r,514
18703300000,r,514
18703300000,r,514
18703300000,r,514
18703300000,r,514
18703300000,r,514
18703300000,r,514
18703300000,r,514
18703300000,r,514
18703300000,r,514
18703300000,r,514
18703300000,r,514
18703300000,r,514
18703300000,r,514
18703300000,r,514
18703300000,r,514
18703300000,r,514
18703300000,r,514
18703300000,r,514
18746700000,r,514
18746700000,r,514
18746700000,r,514
18746700000,r,514
18746700000,r,514
18746700000,r,514
18746700000,r,514
18746700000,r,514
18746700000,r,514
18746700000,r,514
18746700000,r,514
18746700000,r,514
18746700000,r,514
18746700000,r,514
18746700000,r,514
18746700000,r,514
18746700000,r,514
18746700000,r,514
18746700000,r,514
18746700000,r,514
18746700000,r,514
18746700000,r,514
18746700000,r,514
18746700000,r,514
18746700000,r,514
18746700000,r,514
18746700000,r,514
18746700000,r,514
18746700000,r,514
18746700000,r,514
18746700000,r,514
18746700000,r,514
18746700000,r,514
18746700000,r,514
18746700000,r,514
18746700000,r,514
18746700000,r,514
18746700000,r,514
18746700000,r,514
18746700000,r,514
18746700000,r,514
18746700000,r,514
18746700000,r,514
18939700000,r,514
18939700000,r,514
18939700000,r,514
18939700000,r,514
18939700000,r,514
18939700000,r,514
18939700000,r,514
18939700000,r,514
18939700000,r,514
18939700000,r,514
18939700000,r,514
18939700000,r,514
18939700000,r,514
18939700000,r,514
18939700000,r,514
18939700000,r,514
18939700000,r,514
18939700000,r,514
18939700000,r,514
18939700000,r,514
18939700000,r,514
18939700000,r,514
18939700000,r,514
18939700000,r,514
18939700000,r,514
18939700000,r,514
18939700000,r,514
18939700000,r,514
18939700000,r,514
18939700000,r,514
18939700000,r,514
18939700000,r,514
18939700000,r,514
18939700000,r,514
18939700000,r,514
18939700000,r,514
18939700000,r,514
18939700000,r,514
18939700000,r,514
18939700000,r,514
18939700000,r,514
18939700000,r,514
18939700000,r,514
18939700000,r,514
18939700000,r,514
18939700000,r,514
18939700000,r,514
18939700000,r,514
18939700000,r,514
18939700000,r,514
18939700000,r,514
18939700000,r,514
18939700000,r,514
18939700000,r,514
18939700000,r,514
18939700000,r,514
18939700000,r,514
18939700000,r,514
18939700000,r,514
18939700000,r,514
18939700000,r,514
18939700000,r,514
18939700000,r,514
18939700000,r,514
18939700000,r,514
18939700000,r,514
18939700000,r,514
18939700000,r,514
18939700000,r,514
18939700000,r,514
18939700000,r,514
18939700000,r,514
18939700000,r,514
18939700000,r,514
18939700000,r,514
18939700000,r,514
18939700000,r,514
18939700000,r,514
18939700000,r,514
18939700000,r,514
18939700000,r,514
18939700000,r,514
18939700000,r,514
18939700000,r,514
18939700000,r,514
18939700000,r,514
18939700000,r,514
18939700000,r,514
18939700000,r,514
18939700000,r,514
18939700000,r,514
18939700000,r,514
18939700000,r,514
18939700000,r,514
18939700000,r,514
18939700000,r,514
18939700000,r,514
18939700000,r,514
18939700000,r,514
18939700000,r,514
18939700000,r,514
18939700000,r,514
18939700000,r,514
18939700000,r,514
18939700000,r,514
18939700000,r,514
18939700000,r,514
18939700000,r,514
18939700000,r,514
18939700000,r,514
18939700000,r,514
18939700000,r,514
18939700000,r,514
18939700000,r,514
18939700000,r,514
18939700000,r,514
18939700000,r,514
18939700000,r,514
18939700000,r,514
18939700000,r,514
18939700000,r,514
18939700000,r,514
18939800000,r,514
18939800000,r,514
18939800000,r,514
18939800000,r,514
18939800000,r,514
18939800000,r,514
18939800000,r,514
18939800000,r,514
18939800000,r,514
18939800000,r,514
18939800000,r,514
18939800000,r,514
18939800000,r,514
18939800000,r,514
18939800000,r,514
18939800000,r,514
18939800000,r,514
18939800000,r,514
18939800000,r,514
18939800000,r,514
18939800000,r,514
18939800000,r,514
18939800000,r,514
18939800000,r,514
18939800000,r,514
18939800000,r,514
18939800000,r,514
18939800000,r,514
18939800000,r,514
18939800000,r,514
18939800000,r,514
18939800000,r,514
18939800000,r,514
18939800000,r,514
18939800000,r,514
18939800000,r,514
18939800000,r,514
18939800000,r,514
18939800000,r,514
18939800000,r,514
18939800000,r,514
18939800000,r,514
18939800000,r,514
18939800000,r,514
18939800000,r,514
18939800000,r,514
18939800000,r,514
18939800000,r,514
18939800000,r,514
18939800000,r,514
18939800000,r,514
18939800000,r,514
18939800000,r,514
18939800000,r,514
18939800000,r,514
18939800000,r,514
18939800000,r,514
18939800000,r,514
18939800000,r,514
18939800000,r,514
18939800000,r,514
18939900000,r,514
18939900000,r,514
18939900000,r,514
18939900000,r,514
18939900000,r,514
18939900000,r,514
18939900000,r,514
18939900000,r,514
18939900000,r,514
18939900000,r,514
18939900000,r,514
18939900000,r,514
18939900000,r,514
18939900000,r,514
18939900000,r,514
18939900000,r,514
18939900000,r,514
18939900000,r,514
18939900000,r,514
18939900000,r,514
18939900000,r,514
18939900000,r,514
18939900000,r,514
18939900000,r,514
18939900000,r,514
18939900000,r,514
18939900000,r,514
18939900000,r,514
18939900000,r,514
18939900000,r,514
18939900000,r,514
18939900000,r,514
18939900000,r,514
18939900000,r,514
18939900000,r,514
18939900000,r,514
18939900000,r,514
18939900000,r,514
18939900000,r,514
18939900000,r,514
18939900000,r,514
18939900000,r,514
18939900000,r,514
18939900000,r,514
18939900000,r,514
18939900000,r,514
18939900000,r,514
18939900000,r,514
18939900000,r,514
18939900000,r,514
18939900000,r,514
18939900000,r,514
18939900000,r,514
18939900000,r,514
18939900000,r,514
18939900000,r,514
18939900000,r,514
18939900000,r,514
18939900000,r,514
18939900000,r,514
18939900000,r,514
18940200000,s,514
18940200000,s,514
18945800000,s,514
18945800000,s,514
18945800000,s,514
18945800000,s,514
18945800000,s,514
18945800000,s,514
18945800000,s,514
18974800000,r,514
18974800000,r,514
18974800000,r,514
18974800000,r,514
18974800000,r,514
18974800000,r,514
18974800000,r,514
18974800000,r,514
18975300000,s,514
18975500000,r,514
18975500000,r,514
18975500000,r,514
18975500000,r,514
18975500000,r,514
18975500000,r,514
18975500000,r,514
18978300000,s,514
18979500000,r,514
18979500000,r,514
18979500000,r,514
18979500000,r,514
18979500000,r,514
18979500000,r,514
18979500000,r,514
18979500000,r,514
18979500000,r,514
18979500000,r,514
18979500000,r,514
18979500000,r,514
18979500000,r,514
18979500000,r,514
18979500000,r,514
18979500000,r,514
19022900000,r,514
19022900000,r,514
19022900000,r,514
19022900000,r,514
19022900000,r,514
19022900000,r,514
19022900000,r,514
19022900000,r,514
19022900000,r,514
19022900000,r,514
19022900000,r,514
19022900000,r,514
19022900000,r,514
19022900000,r,514
19022900000,r,514
19022900000,r,514
19022900000,r,514
19022900000,r,514
19022900000,r,514
19022900000,r,514
19022900000,r,514
19022900000,r,514
19022900000,r,514
19022900000,r,514
19022900000,r,514
19022900000,r,514
19067000000,r,514
19067000000,r,514
19067000000,r,514
19067000000,r,514
19067000000,r,514
19067000000,r,514
19067000000,r,514
19067000000,r,514
19067000000,r,514
19067000000,r,514
19067000000,r,514
19067000000,r,514
19067000000,r,514
19067000000,r,514
19067000000,r,514
19067000000,r,514
19067000000,r,514
19067000000,r,514
19067000000,r,514
19067000000,r,514
19067000000,r,514
19067000000,r,514
19067000000,r,514
19067000000,r,514
19067000000,r,514
19067000000,r,514
19067000000,r,514
19067000000,r,514
19067000000,r,514
19067000000,r,514
19067000000,r,514
19067000000,r,514
19067000000,r,514
19067000000,r,514
19067000000,r,514
19067000000,r,514
19067000000,r,514
19067000000,r,514
19067000000,r,514
19067000000,r,514
19067000000,r,514
19067000000,r,514
19067000000,r,514
19067000000,r,514
19067000000,r,514
19067000000,r,514
19067000000,r,514
19067000000,r,514
19067000000,r,514
19067000000,r,514
19067400000,s,514
19069400000,s,514
19069400000,s,514
19119400000,r,514
19119400000,r,514
19119400000,r,514
19119700000,s,514
19121500000,r,514
19196800000,r,514
19196800000,r,514
19196800000,r,514
19196800000,r,514
19196800000,r,514
19196800000,r,514
19196800000,r,514
19197800000,s,514
19198400000,r,514
19198400000,r,514
19198400000,r,514
19198400000,r,514
19198400000,r,514
19198400000,r,514
19198400000,r,514
19198400000,r,514
19198400000,r,514
19198400000,r,514
19198400000,r,514
19198400000,r,514
19198400000,r,514
19198400000,r,514
19198400000,r,514
19216000000,s,514
19238700000,r,514
19238700000,r,514
19238700000,r,514
19238700000,r,514
19238700000,r,514
19238700000,r,514
19238700000,r,514
19238700000,r,514
19238700000,r,514
19238700000,r,514
19238700000,r,514
19238700000,r,514
19238700000,r,514
19238700000,r,514
19238700000,r,514
19238700000,r,514
19238700000,r,514
19238700000,r,514
19238700000,r,514
19238700000,r,514
19238700000,r,514
19238700000,r,514
19238700000,r,514
19239700000,s,514
19264400000,r,514
19264400000,r,514
19264400000,r,514
19264400000,r,514
19264500000,s,514
19264500000,s,514
19308800000,s,514
19308800000,s,514
19308800000,s,514
19308800000,s,514
19308800000,s,514
19332700000,r,514
19332700000,r,514
19332700000,r,514
19333400000,s,514
19342900000,r,514
19342900000,r,514
19342900000,r,514
19342900000,r,514
19342900000,r,514
19342900000,r,514
19342900000,r,514
19342900000,r,514
19343700000,r,514
19343700000,r,514
19343700000,r,514
19343700000,r,514
19343700000,r,514
19343700000,r,514
19343700000,r,514
19343700000,r,514
19386900000,r,514
19386900000,r,514
19386900000,r,514
19386900000,r,514
19386900000,r,514
19386900000,r,514
19386900000,r,514
19386900000,r,514
19386900000,r,514
19386900000,r,514
19386900000,r,514
19386900000,r,514
19386900000,r,514
19386900000,r,514
19386900000,r,514
19386900000,r,514
19386900000,r,514
19386900000,r,514
19386900000,r,514
19386900000,r,514
19386900000,r,514
19386900000,r,514
19387400000,s,514
19393900000,r,514
19393900000,r,514
19393900000,r,514
19393900000,r,514
19393900000,r,514
19393900000,r,514
19393900000,r,514
19393900000,r,514
19407300000,r,514
19407300000,r,514
19407300000,r,514
19407300000,r,514
19407300000,r,514
19407300000,r,514
19407300000,r,514
19407300000,r,514
19407300000,r,514
19407300000,r,514
19407300000,r,514
19407300000,r,514
19407300000,r,514
19407300000,r,514
19407300000,r,514
19407300000,r,514
19407300000,r,514
19407300000,r,514
19407300000,r,514
19407300000,r,514
19407300000,r,514
19407300000,r,514
19407300000,r,514
19407300000,r,514
19407300000,r,514
19407300000,r,514
19407300000,r,514
19407300000,r,514
19407300000,r,514
19407300000,r,514
19407300000,r,514
19407300000,r,514
19407300000,r,514
19407300000,r,514
19407300000,r,514
19407300000,r,514
19407300000,r,514
19407300000,r,514
19407300000,r,514
19407300000,r,514
19407300000,r,514
19407300000,r,514
19407300000,r,514
19407300000,r,514
19407300000,r,514
19407300000,r,514
19407300000,r,514
19407300000,r,514
19407300000,r,514
19407300000,r,514
19407300000,r,514
19407300000,r,514
19407300000,r,514
19407300000,r,514
19407300000,r,514
19407300000,r,514
19407300000,r,514
19407300000,r,514
19407300000,r,514
19407300000,r,514
19407300000,r,514
19407400000,r,514
19407400000,r,514
19407400000,r,514
19407400000,r,514
19407400000,r,514
19407400000,r,514
19407400000,r,514
19407400000,r,514
19407400000,r,514
19407400000,r,514
19407400000,r,514
19407400000,r,514
19407400000,r,514
19407400000,r,514
19407400000,r,514
19407400000,r,514
19407400000,r,514
19407400000,r,514
19407400000,r,514
19407400000,r,514
19407400000,r,514
19407400000,r,514
19407400000,r,514
19407400000,r,514
19407400000,r,514
19407400000,r,514
19407400000,r,514
19407400000,r,514
19407400000,r,514
19407400000,r,514
19407400000,r,514
19407400000,r,514
19407400000,r,514
19407400000,r,514
19407400000,r,514
19407400000,r,514
19407400000,r,514
19407400000,r,514
19407400000,r,514
19407400000,r,514
19407400000,r,514
19407400000,r,514
19407400000,r,514
19407400000,r,514
19407400000,r,514
19407400000,r,514
19407400000,r,514
19407400000,r,514
19407400000,r,514
19407400000,r,514
19407400000,r,514
19407400000,r,514
19407400000,r,514
19407400000,r,514
19407400000,r,514
19407400000,r,514
19407400000,r,514
19407400000,r,514
19407400000,r,514
19407400000,r,514
19407400000,r,514
19407800000,r,514
19407800000,r,514
19407800000,r,514
19407800000,s,514
19409500000,s,514
19409500000,s,514
19409500000,s,514
19412400000,r,514
19412400000,r,514
19412400000,r,514
19412400000,r,514
19412400000,r,514
19412400000,r,514
19412400000,r,514
19412400000,r,514
19412400000,r,514
19412400000,r,514
19412400000,r,514
19412400000,r,514
19412400000,r,514
19412400000,r,514
19412400000,r,514
19412400000,r,514
19412400000,r,514
19412400000,r,514
19412400000,r,514
19412600000,r,514
19412600000,r,514
19412600000,r,514
19412600000,r,514
19412600000,r,514
19412600000,r,514
19412600000,r,514
19412600000,r,514
19412600000,r,514
19412600000,r,514
19412600000,r,514
19412600000,r,514
19412600000,r,514
19412600000,r,514
19412600000,r,514
19412600000,r,514
19412600000,r,514
19412600000,r,514
19412600000,r,514
19412600000,r,514
19412600000,r,514
19412600000,r,514
19412600000,r,514
19412600000,r,514
19412600000,r,514
19412600000,r,514
19412600000,r,514
19412600000,r,514
19412600000,r,514
19412600000,r,514
19412600000,r,514
19412600000,r,514
19412600000,r,514
19412600000,r,514
19412600000,r,514
19412600000,r,514
19412600000,r,514
19412600000,r,514
19412600000,r,514
19412600000,r,514
19412600000,r,514
19412600000,r,514
19412600000,r,514
19412600000,r,514
19412600000,r,514
19412600000,r,514
19412600000,r,514
19412600000,r,514
19412600000,r,514
19412600000,r,514
19412600000,r,514
19412600000,r,514
19412600000,r,514
19412600000,r,514
19412600000,r,514
19412600000,r,514
19412600000,r,514
19412600000,r,514
19412600000,r,514
19412600000,r,514
19412600000,r,514
19412700000,r,514
19412700000,r,514
19412700000,r,514
19412700000,r,514
19412700000,r,514
19412700000,r,514
19412700000,r,514
19412700000,r,514
19412700000,r,514
19412700000,r,514
19412700000,r,514
19412700000,r,514
19412700000,r,514
19412700000,r,514
19412700000,r,514
19412700000,r,514
19412700000,r,514
19412700000,r,514
19412700000,r,514
19412700000,r,514
19412700000,r,514
19412700000,r,514
19412700000,r,514
19412700000,r,514
19412700000,r,514
19412700000,r,514
19412700000,r,514
19412700000,r,514
19413000000,s,514
19417100000,s,514
19417100000,s,514
19454200000,r,514
19454200000,r,514
19454200000,r,514
19454200000,r,514
19454200000,r,514
19483700000,r,514
19483700000,r,514
19483700000,r,514
19483700000,r,514
19483700000,r,514
19483700000,r,514
19483700000,r,514
19483700000,r,514
19484000000,s,514
19506000000,r,514
19506000000,r,514
19506000000,r,514
19506000000,r,514
19506000000,r,514
19506000000,r,514
19506000000,r,514
19506000000,r,514
19506000000,r,514
19506000000,r,514
19506000000,r,514
19506000000,r,514
19506000000,r,514
19506000000,r,514
19506000000,r,514
19506000000,r,514
19506000000,r,514
19506000000,r,514
19506000000,r,514
19506000000,r,514
19506000000,r,514
19506000000,r,514
19506000000,r,514
19506000000,r,514
19506000000,r,514
19506000000,r,514
19506000000,r,514
19506000000,r,514
19506000000,r,514
19506000000,r,514
19506000000,r,514
19506000000,r,514
19506000000,r,514
19506000000,r,514
19506000000,r,514
19506000000,r,514
19506000000,r,514
19506000000,r,514
19506000000,r,514
19506000000,r,514
19506000000,r,514
19506000000,r,514
19506000000,r,514
19506000000,r,514
19506000000,r,514
19506000000,r,514
19506000000,r,514
19506000000,r,514
19506000000,r,514
19506000000,r,514
19506000000,r,514
19506000000,r,514
19506000000,r,514
19506000000,r,514
19506000000,r,514
19506000000,r,514
19506000000,r,514
19506000000,r,514
19506000000,r,514
19506000000,r,514
19506000000,r,514
19506100000,r,514
19506100000,r,514
19506100000,r,514
19506100000,r,514
19506100000,r,514
19506100000,r,514
19506100000,r,514
19506100000,r,514
19506100000,r,514
19506100000,r,514
19506100000,r,514
19506100000,r,514
19506100000,r,514
19506100000,r,514
19506100000,r,514
19506100000,r,514
19506100000,r,514
19506100000,r,514
19506100000,r,514
19506100000,r,514
19506400000,s,514
19529800000,r,514
19529800000,r,514
19529800000,r,514
19529800000,r,514
19529800000,r,514
19529800000,r,514
19529800000,r,514
19529800000,r,514
19529900000,s,514
19615500000,r,514
19615500000,r,514
19615500000,r,514
19615500000,r,514
19615500000,r,514
19615500000,r,514
19615500000,r,514
19615800000,s,514
19618200000,r,514
19618200000,r,514
19618200000,r,514
19618200000,r,514
19618200000,r,514
19618200000,r,514
19618200000,r,514
19658900000,r,514
19658900000,r,514
19658900000,r,514
19658900000,r,514
19658900000,r,514
19658900000,r,514
19658900000,r,514
19658900000,r,514
19658900000,r,514
19658900000,r,514
19658900000,r,514
19658900000,r,514
19658900000,r,514
19658900000,r,514
19658900000,r,514
19658900000,r,514
19658900000,r,514
19658900000,r,514
19658900000,r,514
19658900000,r,514
19658900000,r,514
19658900000,r,514
19658900000,r,514
19658900000,r,514
19658900000,r,514
19658900000,r,514
19658900000,r,514
19658900000,r,514
19658900000,r,514
19658900000,r,514
19658900000,r,514
19659300000,s,514
19680200000,r,514
19680200000,r,514
19680200000,r,514
19680200000,r,514
19680200000,r,514
19680200000,r,514
19680200000,r,514
19680200000,r,514
19680200000,r,514
19680200000,r,514
19680200000,r,514
19680700000,s,514
19719500000,r,514
19719500000,r,514
19719500000,r,514
19719500000,r,514
19719500000,r,514
19719500000,r,514
19719500000,r,514
19719500000,r,514
19720200000,r,514
19720200000,r,514
19720200000,r,514
19720200000,r,514
19720200000,r,514
19720200000,r,514
19720200000,r,514
19720200000,r,514
19720400000,s,514
19726100000,r,514
19726100000,r,514
19726100000,r,514
19726100000,r,514
19726100000,r,514
19726100000,r,514
19726100000,r,514
19726100000,r,514
19726100000,r,514
19726100000,r,514
19726100000,r,514
19726100000,r,514
19726100000,r,514
19726100000,r,514
19726100000,r,514
19726100000,r,514
19726100000,r,514
19726100000,r,514
19726100000,r,514
19726100000,r,514
19726100000,r,514
19726100000,r,514
19726100000,r,514
19726100000,r,514
19726100000,r,514
19726100000,r,514
19726100000,r,514
19726100000,r,514
19726100000,r,514
19726100000,r,514
19726100000,r,514
19726100000,r,514
19726100000,r,514
19726100000,r,514
19726100000,r,514
19726100000,r,514
19726100000,r,514
19726100000,r,514
19726100000,r,514
19726100000,r,514
19726100000,r,514
19726100000,r,514
19726100000,r,514
19726100000,r,514
19726100000,r,514
19726100000,r,514
19726100000,r,514
19726100000,r,514
19726100000,r,514
19726100000,r,514
19726100000,r,514
19726100000,r,514
19726100000,r,514
19726100000,r,514
19726200000,s,514
19726200000,s,514
19726200000,s,514
19726200000,s,514
19726200000,s,514
19768800000,s,514
19773400000,r,514
19773400000,r,514
19773400000,r,514
19773400000,r,514
19773400000,r,514
19773400000,r,514
19773400000,r,514
19773400000,r,514
19773400000,r,514
19773400000,r,514
19773400000,r,514
19773400000,r,514
19773400000,r,514
19773400000,r,514
19773400000,r,514
19773400000,r,514
19773400000,r,514
19773400000,r,514
19773400000,r,514
19773400000,r,514
19773400000,r,514
19773400000,r,514
19773400000,r,514
19773400000,r,514
19773400000,r,514
19773400000,r,514
19773400000,r,514
19773400000,r,514
19773400000,r,514
19773400000,r,514
19773400000,r,514
19773400000,r,514
19773400000,r,514
19773400000,r,514
19773400000,r,514
19773400000,r,514
19773400000,r,514
19773400000,r,514
19773400000,r,514
19773400000,r,514
19773400000,r,514
19773400000,r,514
19773400000,r,514
19773400000,r,514
19773400000,r,514
19773400000,r,514
19773400000,r,514
19773400000,r,514
19773400000,r,514
19773400000,r,514
19773400000,r,514
19773400000,r,514
19773400000,r,514
19773400000,r,514
19773400000,r,514
19773400000,r,514
19773400000,r,514
19773400000,r,514
19773400000,r,514
19773400000,r,514
19773400000,r,514
19773800000,s,514
19812100000,r,514
19812100000,r,514
19812300000,s,514
19812300000,s,514
19812300000,s,514
19823700000,r,514
19823700000,r,514
19823700000,r,514
19823700000,r,514
19823700000,r,514
19823700000,r,514
19823700000,r,514
19823700000,r,514
19823700000,r,514
19823700000,r,514
19823700000,r,514
19823700000,r,514
19823700000,r,514
19823700000,r,514
19823700000,r,514
19823700000,r,514
19823700000,r,514
19823700000,r,514
19823700000,r,514
19823700000,r,514
19823700000,r,514
19823700000,r,514
19823700000,r,514
19823700000,r,514
19823700000,r,514
19823700000,r,514
19823700000,r,514
19823700000,r,514
19823700000,r,514
19823700000,r,514
19823700000,r,514
19823700000,r,514
19823700000,r,514
19823700000,r,514
19823700000,r,514
19823700000,r,514
19823700000,r,514
19823700000,r,514
19823700000,r,514
19823700000,r,514
19823700000,r,514
19823700000,r,514
19823700000,r,514
19823700000,r,514
19823700000,r,514
19823700000,r,514
19823700000,r,514
19823700000,r,514
19823700000,r,514
19823700000,r,514
19823700000,r,514
19823700000,r,514
19823700000,r,514
19823700000,r,514
19823700000,r,514
19823700000,r,514
19823700000,r,514
19823700000,r,514
19823700000,r,514
19823700000,r,514
19823700000,r,514
19823900000,r,514
19823900000,r,514
19823900000,r,514
19823900000,r,514
19823900000,r,514
19823900000,r,514
19823900000,r,514
19823900000,r,514
19823900000,r,514
19823900000,r,514
19823900000,r,514
19823900000,r,514
19823900000,r,514
19823900000,r,514
19823900000,r,514
19823900000,r,514
19823900000,r,514
19823900000,r,514
19823900000,r,514
19823900000,r,514
19823900000,r,514
19823900000,r,514
19823900000,r,514
19823900000,r,514
19823900000,r,514
19823900000,r,514
19823900000,r,514
19823900000,r,514
19823900000,r,514
19823900000,r,514
19823900000,r,514
19823900000,r,514
19823900000,r,514
19823900000,r,514
19823900000,r,514
19823900000,r,514
19823900000,r,514
19823900000,r,514
19823900000,r,514
19823900000,r,514
19823900000,r,514
19823900000,r,514
19823900000,r,514
19823900000,r,514
19823900000,r,514
19823900000,r,514
19823900000,r,514
19823900000,r,514
19823900000,r,514
19823900000,r,514
19823900000,r,514
19823900000,r,514
19823900000,r,514
19823900000,r,514
19823900000,r,514
19823900000,r,514
19823900000,r,514
19823900000,r,514
19823900000,r,514
19823900000,r,514
19823900000,r,514
19823900000,r,514
19823900000,r,514
19824700000,s,514
19824700000,s,514
19828800000,s,514
19828800000,s,514
19828800000,s,514
19828800000,s,514
19828800000,s,514
19855900000,r,514
19855900000,r,514
19855900000,r,514
19855900000,r,514
19855900000,r,514
19855900000,r,514
19855900000,r,514
19855900000,r,514
19855900000,r,514
19855900000,r,514
19855900000,r,514
19855900000,r,514
19855900000,r,514
19855900000,r,514
19855900000,r,514
19855900000,r,514
19855900000,r,514
19855900000,r,514
19855900000,r,514
19855900000,r,514
19855900000,r,514
19855900000,r,514
19855900000,r,514
19855900000,r,514
19855900000,r,514
19855900000,r,514
19855900000,r,514
19855900000,r,514
19855900000,r,514
19855900000,r,514
19855900000,r,514
19855900000,r,514
19855900000,r,514
19855900000,r,514
19855900000,r,514
19855900000,r,514
19855900000,r,514
19855900000,r,514
19855900000,r,514
19855900000,r,514
19855900000,r,514
19855900000,r,514
19855900000,r,514
19855900000,r,514
19855900000,r,514
19855900000,r,514
19855900000,r,514
19855900000,r,514
19855900000,r,514
19855900000,r,514
19855900000,r,514
19855900000,r,514
19855900000,r,514
19855900000,r,514
19855900000,r,514
19855900000,r,514
19855900000,r,514
19855900000,r,514
19855900000,r,514
19855900000,r,514
19855900000,r,514
19856000000,r,514
19856000000,r,514
19856000000,r,514
19856000000,r,514
19856000000,r,514
19856000000,r,514
19856000000,r,514
19856000000,r,514
19856000000,r,514
19856000000,r,514
19856000000,r,514
19856000000,r,514
19856000000,r,514
19856000000,r,514
19856000000,r,514
19856000000,r,514
19856000000,r,514
19856000000,r,514
19856000000,r,514
19856000000,r,514
19856000000,r,514
19856000000,r,514
19856000000,r,514
19856000000,r,514
19856000000,r,514
19856000000,r,514
19856000000,r,514
19856000000,r,514
19856000000,r,514
19856000000,r,514
19856000000,r,514
19856000000,r,514
19856000000,r,514
19856000000,r,514
19856000000,r,514
19856000000,r,514
19856000000,r,514
19856000000,r,514
19856000000,r,514
19856000000,r,514
19856000000,r,514
19856000000,r,514
19856000000,r,514
19856000000,r,514
19856100000,s,514
19856100000,s,514
19856100000,s,514
19856100000,s,514
19856400000,s,514
19856400000,s,514
19877300000,r,514
19877300000,r,514
19877300000,r,514
19877300000,r,514
19877300000,r,514
19877300000,r,514
19877300000,r,514
19877400000,s,514
19916800000,r,514
19916800000,r,514
19916800000,r,514
19916800000,r,514
19916800000,r,514
19916800000,r,514
19916800000,r,514
19916800000,r,514
19916800000,r,514
19916800000,r,514
19916800000,r,514
19916800000,r,514
19916800000,r,514
19916800000,r,514
19916800000,r,514
19916800000,r,514
19916800000,r,514
19916800000,r,514
19916800000,r,514
19916800000,r,514
19916800000,r,514
19916800000,r,514
19916800000,r,514
19916800000,r,514
19916800000,r,514
19916800000,r,514
19916800000,r,514
19916800000,r,514
19916800000,r,514
19916800000,r,514
19916800000,r,514
19916800000,r,514
19916800000,r,514
19916800000,r,514
19916800000,r,514
19916800000,r,514
19916800000,r,514
19916800000,r,514
19916800000,r,514
19916800000,r,514
19916800000,r,514
19916800000,r,514
19916800000,r,514
19916800000,r,514
19916800000,r,514
19916800000,r,514
19916800000,r,514
19916800000,r,514
19916800000,r,514
19916800000,r,514
19916800000,r,514
19916800000,r,514
19916800000,r,514
19916800000,r,514
19916800000,r,514
19916800000,r,514
19916800000,r,514
19916800000,r,514
19916800000,r,514
19916800000,r,514
19916800000,r,514
19917000000,r,514
19917000000,r,514
19917000000,r,514
19917000000,r,514
19917000000,r,514
19917000000,r,514
19917000000,r,514
19917000000,r,514
19917000000,r,514
19917000000,r,514
19917000000,r,514
19917000000,r,514
19917000000,r,514
19917000000,r,514
19917000000,r,514
19917000000,r,514
19917000000,r,514
19917000000,r,514
19917000000,r,514
19917000000,r,514
19917000000,r,514
19917000000,r,514
19917000000,r,514
19917000000,r,514
19917000000,r,514
19917000000,r,514
19917000000,r,514
19917000000,r,514
19917000000,r,514
19917000000,r,514
19917000000,r,514
19917300000,s,514
19917300000,s,514
19954400000,r,514
19954400000,r,514
19954400000,r,514
19954400000,r,514
19954400000,r,514
19954400000,r,514
19954400000,r,514
19954400000,r,514
19954600000,s,514
19965100000,r,514
19965100000,r,514
20021200000,r,514
20021200000,r,514
20021200000,r,514
20021200000,r,514
20021200000,r,514
20021200000,r,514
20021200000,r,514
20021200000,r,514
20021600000,s,514
20025300000,r,514
20025300000,r,514
20025300000,r,514
20025300000,r,514
20025300000,r,514
20025300000,r,514
20025300000,r,514
20025300000,r,514
20025300000,r,514
20025300000,r,514
20025300000,r,514
20025300000,r,514
20025300000,r,514
20025300000,r,514
20025300000,r,514
20025300000,r,514
20025300000,r,514
20025300000,r,514
20025300000,r,514
20025300000,r,514
20025300000,r,514
20025300000,r,514
20025300000,r,514
20025300000,r,514
20025300000,r,514
20025600000,s,514
20052400000,r,514
20052400000,r,514
20052400000,r,514
20052400000,r,514
20052400000,r,514
20052400000,r,514
20052400000,r,514
20052400000,r,514
20052400000,r,514
20083400000,r,514
20083400000,r,514
20083400000,r,514
20161700000,r,514
20161700000,r,514
20161700000,r,514
20161700000,r,514
20161700000,r,514
20161700000,r,514
20161700000,r,514
20202700000,r,514
20202700000,r,514
20202700000,r,514
20202700000,r,514
20206200000,s,514
20223700000,r,514
20223700000,r,514
20223700000,r,514
20223700000,r,514
20223700000,r,514
20223700000,r,514
20223700000,r,514
20283200000,r,514
20283200000,r,514
20286500000,s,514
20308700000,r,514
20308700000,r,514
20308700000,r,514
20308700000,r,514
20308700000,r,514
20308700000,r,514
20308700000,r,514
20340400000,r,514
20340400000,r,514
20342800000,r,514
20342800000,r,514
20342800000,r,514
20342800000,r,514
20342800000,r,514
20342800000,r,514
20342800000,r,514
20344100000,s,514
20344300000,r,514
20344300000,r,514
20344300000,r,514
20344300000,r,514
20344300000,r,514
20344300000,r,514
20344300000,r,514
20344300000,r,514
20347100000,s,514
20347400000,r,514
20347400000,r,514
20347400000,r,514
20347400000,r,514
20347400000,r,514
20347400000,r,514
20347400000,r,514
20347400000,r,514
20347400000,r,514
20347400000,r,514
20347400000,r,514
20347400000,r,514
20347400000,r,514
20347400000,r,514
20351900000,s,514
20369500000,r,514
20369500000,r,514
20369500000,r,514
20369900000,s,514
20463800000,r,514
20463800000,r,514
20463800000,r,514
20629900000,r,514
20629900000,r,514
20632400000,s,514
20633800000,s,514
20633800000,s,514
20633800000,s,514
20768900000,r,514
20768900000,r,514
20771600000,s,514
20772800000,s,514
20772800000,s,514
20772800000,s,514
20777300000,s,514
20777300000,s,514
20777300000,s,514
20871600000,r,514
20871600000,r,514
20873900000,s,514
20876700000,s,514
20876700000,s,514
20889600000,s,514
20892900000,s,514
20951100000,r,514
20951100000,r,514
20953300000,s,514
20957300000,s,514
21045700000,r,514
21045700000,r,514
21048000000,s,514
21053600000,s,514
21053600000,s,514
21182800000,r,514
21183500000,s,514
21226900000,r,514
21226900000,r,514
21226900000,r,514
21226900000,r,514
21226900000,r,514
21226900000,r,514
21226900000,r,514
21226900000,r,514
21226900000,r,514
21226900000,r,514
21226900000,r,514
21226900000,r,514
21226900000,r,514
21226900000,r,514
21226900000,r,514
21226900000,r,514
21226900000,r,514
21226900000,r,514
21226900000,r,514
21226900000,r,514
21226900000,r,514
21226900000,r,514
21226900000,r,514
21226900000,r,514
21226900000,r,514
21226900000,r,514
21226900000,r,514
21226900000,r,514
21226900000,r,514
21226900000,r,514
21226900000,r,514
21226900000,r,514
21226900000,r,514
21226900000,r,514
21226900000,r,514
21226900000,r,514
21226900000,r,514
21226900000,r,514
21226900000,r,514
21226900000,r,514
21226900000,r,514
21226900000,r,514
21226900000,r,514
21226900000,r,514
21226900000,r,514
21226900000,r,514
21226900000,r,514
21226900000,r,514
21226900000,r,514
21226900000,r,514
21226900000,r,514
21226900000,r,514
21226900000,r,514
21226900000,r,514
21226900000,r,514
21226900000,r,514
21226900000,r,514
21226900000,r,514
21226900000,r,514
21226900000,r,514
21226900000,r,514
21227100000,r,514
21227100000,r,514
21227100000,r,514
21227100000,r,514
21227100000,r,514
21227100000,r,514
21227100000,r,514
21227100000,r,514
21227100000,r,514
21227100000,r,514
21227100000,r,514
21227100000,r,514
21227100000,r,514
21227100000,r,514
21227100000,r,514
21227100000,r,514
21227100000,r,514
21227100000,r,514
21227100000,r,514
21227100000,r,514
21227100000,r,514
21227100000,r,514
21227100000,r,514
21227100000,r,514
21227100000,r,514
21227100000,r,514
21227100000,r,514
21227100000,r,514
21227100000,r,514
21227100000,r,514
21227100000,r,514
21227100000,r,514
21227100000,r,514
21227100000,r,514
21227100000,r,514
21227100000,r,514
21227100000,r,514
21227100000,r,514
21227100000,r,514
21227100000,r,514
21227100000,r,514
21227100000,r,514
21227100000,r,514
21227800000,s,514
21256900000,r,514
21257100000,s,514
21257100000,s,514
21257100000,s,514
21257100000,s,514
21257100000,s,514
21257100000,s,514
21257100000,s,514
21300700000,s,514
21320700000,r,514
21320700000,r,514
21320700000,r,514
21340700000,r,514
21340700000,r,514
21340700000,r,514
21340700000,r,514
21340700000,r,514
21340700000,r,514
21340700000,r,514
21341600000,s,514
21381800000,r,514
21381800000,r,514
21381800000,r,514
21381800000,r,514
21381800000,r,514
21381800000,r,514
21381800000,r,514
21381800000,r,514
21382100000,s,514
21458200000,r,514
21458200000,r,514
21496900000,r,514
21496900000,r,514
21496900000,r,514
21496900000,r,514
21496900000,r,514
21496900000,r,514
21496900000,r,514
21498200000,s,514
21499100000,r,514
21499100000,r,514
21499100000,r,514
21499100000,r,514
21499100000,r,514
21499100000,r,514
21499100000,r,514
21499100000,r,514
21501600000,s,514
21501600000,s,514
21501600000,s,514
21501600000,s,514
21538800000,r,514
21538800000,r,514
21538800000,r,514
21538800000,r,514
21538800000,r,514
21538800000,r,514
21538800000,r,514
21538800000,r,514
21538800000,r,514
21538800000,r,514
21538800000,r,514
21538800000,r,514
21538800000,r,514
21538800000,r,514
21538800000,r,514
21538800000,r,514
21538800000,r,514
21538800000,r,514
21538800000,r,514
21538800000,r,514
21538800000,r,514
21538800000,r,514
21538800000,r,514
21538800000,r,514
21538800000,r,514
21538800000,r,514
21538800000,r,514
21538800000,r,514
21538800000,r,514
21538800000,r,514
21538800000,r,514
21538800000,r,514
21538800000,r,514
21538800000,r,514
21538800000,r,514
21538800000,r,514
21538800000,r,514
21538800000,r,514
21538800000,r,514
21538800000,r,514
21538800000,r,514
21538800000,r,514
21538800000,r,514
21538800000,r,514
21538800000,r,514
21538800000,r,514
21538800000,r,514
21538800000,r,514
21538800000,r,514
21538800000,r,514
21538800000,r,514
21538800000,r,514
21538800000,r,514
21538800000,r,514
21538800000,r,514
21538800000,r,514
21538800000,r,514
21538800000,r,514
21538800000,r,514
21539800000,s,514
21541700000,s,514
21541700000,s,514
21541700000,s,514
21541700000,s,514
21596500000,r,514
21596500000,r,514
21596500000,r,514
21596500000,r,514
21597600000,s,514
21697900000,r,514
21697900000,r,514
21697900000,r,514
21697900000,r,514
21697900000,r,514
21698000000,r,514
21735400000,r,514
21735400000,r,514
21735400000,r,514
21735400000,r,514
21735400000,r,514
21735400000,r,514
21735400000,r,514
21735400000,r,514
21755400000,r,514
21755400000,r,514
21755400000,r,514
21755400000,r,514
21755400000,r,514
21755400000,r,514
21755400000,r,514
21757000000,s,514
21757000000,s,514
21796400000,r,514
21796400000,r,514
21796400000,r,514
21796400000,r,514
21796400000,r,514
21796400000,r,514
21796400000,r,514
21829000000,s,514
21833300000,s,514
21838600000,r,514
21838600000,r,514
21838600000,r,514
21838600000,r,514
21838600000,r,514
21838600000,r,514
21838600000,r,514
21838600000,r,514
21838600000,r,514
21838600000,r,514
21838600000,r,514
21838600000,r,514
21838600000,r,514
21838600000,r,514
21838600000,r,514
21838600000,r,514
21838600000,r,514
21838600000,r,514
21838600000,r,514
21882600000,r,514
21882600000,r,514
21882600000,r,514
21882600000,r,514
21884400000,s,514
21884400000,s,514
21924700000,s,514
21936300000,s,514
21976700000,s,514
22025700000,r,514
22027100000,s,514
22242800000,r,514
22243500000,s,514
22533900000,r,514
23233300000,s,514
23541400000,r,514
23543200000,s,514
23543200000,s,514
23615000000,r,514
23615000000,r,514
23615000000,r,514
23615000000,r,514
23615000000,r,514
23615000000,r,514
23615000000,r,514
23719800000,r,514
23719800000,r,514
23719800000,r,514
23719800000,r,514
23719800000,r,514
23720500000,s,514
23947700000,r,514
23947700000,r,514
23947700000,r,514
23947700000,r,514
23947700000,r,514
23947700000,r,514
23947700000,r,514
24088000000,r,514
24088000000,r,514
24088000000,r,514
24092300000,s,514
24420400000,s,514
24719600000,r,514
24719600000,r,514
24720000000,s,514
24721800000,s,514
24722000000,r,514
24725200000,s,514
24725200000,s,514
24725200000,s,514
24725200000,s,514
24725200000,s,514
25029400000,r,514
25029400000,r,514
25029400000,r,514
25029400000,r,514
25029400000,r,514
25029400000,r,514
25029400000,r,514
25034400000,s,514
25123000000,r,514
25206800000,r,514
25207400000,s,514
25330500000,r,514
25331300000,s,514
25346600000,r,514
25346600000,r,514
25346600000,r,514
25346600000,r,514
25350200000,s,514
25629400000,r,514
25629400000,r,514
25632500000,s,514
25946500000,r,514
25946500000,r,514
25946500000,r,514
25947200000,s,514
26036900000,r,514
